1.211499e-03	7.973453e-03	1.604642e+00	9.968004e-01	9.040052e-01	8.058798e-01	4.992136e-01	7.373443e-01	8.297325e-01	7.579320e-01	3.684636e-01	8.874937e-01	2.504168e-01	2.809317e-01	5.421793e-01	0.000000e+00	1	1.000000e+14
1.524176e+00	1.162430e-01	1.232267e-02	5.131933e-03	4.845870e-02	7.853369e-01	8.558495e-01	5.381617e-01	5.632150e-01	4.199761e-01	5.253592e-01	3.858137e-01	1.440309e-01	7.054754e-01	1.448461e-01	0.000000e+00	1	1.000000e+14
4.826635e-02	2.065578e-03	1.573865e+00	9.804648e-01	2.722779e-02	1.499689e-01	6.416860e-01	6.225429e-01	6.983606e-01	8.614316e-01	4.896608e-01	2.691278e-01	3.470179e-01	8.764261e-02	5.127235e-01	0.000000e+00	1	1.000000e+14
1.131304e-02	1.838783e+00	1.354638e-01	4.681455e-02	9.960833e-01	9.067292e-02	4.641795e-01	6.987468e-01	8.677205e-01	9.107077e-01	2.954736e-01	7.499412e-01	8.033803e-01	8.656584e-01	5.390209e-01	0.000000e+00	1	1.000000e+14
1.480244e-03	7.208231e-03	1.742251e+00	9.973112e-01	8.710597e-01	1.070101e-01	3.314897e-01	6.401523e-01	7.021761e-01	8.579711e-01	8.516172e-01	1.700366e-01	2.339733e-01	2.403448e-01	4.918326e-01	0.000000e+00	1	1.000000e+14
6.779581e-01	1.503773e+00	3.074455e-04	1.186553e-04	7.303594e-01	3.629558e-01	8.208317e-01	2.345411e-01	8.830997e-01	4.224754e-01	5.288026e-01	8.231744e-01	1.718630e-01	6.831326e-01	7.410253e-01	0.000000e+00	1	1.000000e+14
2.348437e-01	1.265675e+00	3.613921e-01	1.742403e-01	8.832046e-01	5.271662e-01	2.274290e-01	5.042174e-01	5.051453e-01	3.042509e-01	5.362786e-01	7.358809e-01	3.548274e-01	1.422522e-01	6.327992e-01	0.000000e+00	1	2.666335e-01
5.256832e-03	5.144588e-01	1.300498e+00	7.601769e-01	9.934951e-01	6.076986e-01	4.509514e-01	1.841818e-01	4.590334e-01	5.166366e-01	2.828772e-01	3.373271e-01	6.384733e-01	8.978788e-01	3.217324e-01	0.000000e+00	1	2.653118e-01
8.717119e-01	3.769553e-02	1.094579e+00	5.715605e-01	2.751227e-02	2.417040e-01	2.972661e-01	6.080317e-01	8.034212e-01	3.380093e-01	7.686259e-01	3.250513e-01	2.719446e-01	5.738356e-01	4.579797e-01	0.000000e+00	1	1.853453e-01
2.190771e-02	1.419723e+00	5.420721e-01	2.321706e-01	9.901771e-01	5.054981e-01	1.368748e-01	5.522895e-01	4.057474e-01	8.714267e-01	5.100635e-01	4.067719e-01	4.955586e-01	9.261464e-01	2.809834e-01	0.000000e+00	1	1.779642e-01
1.083175e+00	3.389336e-01	6.457132e-01	3.292974e-01	1.930588e-01	2.866796e-01	2.495396e-01	5.320283e-01	6.976198e-01	4.784051e-01	6.244494e-01	5.909944e-01	2.051475e-01	6.697023e-01	6.323052e-01	0.000000e+00	1	1.690516e-01
6.039154e-01	1.073345e+00	6.123306e-01	2.937356e-01	6.737311e-01	3.730335e-01	6.432632e-01	4.665719e-01	7.126559e-01	4.889257e-01	6.244494e-01	1.605935e-01	5.800189e-01	1.289167e-01	6.323052e-01	0.000000e+00	1	1.520478e-01
3.635566e-01	3.774758e-01	1.324754e+00	7.601769e-01	5.119565e-01	7.208850e-01	7.610147e-01	1.985278e-01	4.590334e-01	4.853373e-01	8.411452e-01	3.158754e-01	6.458354e-01	5.250009e-01	2.931672e-01	0.000000e+00	1	1.513474e-01
1.923355e-01	1.296582e+00	6.768079e-01	3.034366e-01	9.062472e-01	7.120605e-01	4.992136e-01	7.474890e-01	8.297325e-01	7.579320e-01	7.597656e-01	3.809345e-01	2.504168e-01	2.809317e-01	5.421793e-01	0.000000e+00	1	1.478513e-01
1.011500e-02	1.644057e+00	5.540267e-01	2.069205e-01	9.960833e-01	1.651348e-01	7.959832e-01	7.260359e-01	8.540718e-01	9.145704e-01	2.954736e-01	7.023862e-01	7.684351e-01	3.253933e-01	5.390209e-01	0.000000e+00	1	1.461010e-01
1.320177e+00	2.149146e-01	3.636416e-02	1.730353e-02	1.027355e-01	2.898649e-01	7.197699e-01	4.980732e-01	7.929086e-01	5.398951e-01	2.544558e-01	2.410339e-01	3.451011e-01	5.719885e-01	4.591056e-01	0.000000e+00	1	1.460542e-01
7.504863e-01	1.057972e+00	2.619036e-01	1.268351e-01	6.072169e-01	6.649383e-01	6.462031e-01	5.042174e-01	7.331369e-01	4.379324e-01	4.662600e-01	2.979945e-01	8.648719e-02	5.509853e-01	4.689842e-01	0.000000e+00	1	1.417033e-01
1.090584e-01	1.112241e+00	1.070097e+00	4.861860e-01	9.377765e-01	7.132364e-01	3.395238e-01	5.973074e-01	8.051193e-01	3.317444e-01	6.280258e-01	3.466010e-01	6.252800e-01	2.373679e-01	3.032943e-02	0.000000e+00	1	1.392157e-01
1.705881e-02	1.496036e+00	7.983598e-01	3.120562e-01	9.927412e-01	9.708138e-01	4.070835e-01	2.236586e-01	2.968754e-01	5.289605e-01	5.085811e-01	9.779524e-01	2.849513e-01	3.066895e-01	6.868898e-01	0.000000e+00	1	1.272763e-01
4.302224e-01	1.548065e+00	1.524341e-02	6.039557e-03	8.274319e-01	1.473763e-01	4.302708e-01	7.514513e-01	1.636231e-01	4.413046e-01	3.868685e-01	7.916111e-01	1.073770e-01	2.885194e-01	4.673462e-01	0.000000e+00	1	1.260430e-01
9.592409e-01	2.142180e-01	8.474692e-01	4.529913e-01	1.398750e-01	7.127872e-01	8.496316e-01	5.451343e-01	5.316054e-01	5.056140e-01	2.996532e-01	4.409496e-01	3.172066e-01	3.938652e-01	6.972037e-01	0.000000e+00	1	1.224561e-01
1.179109e+00	7.066634e-01	7.942729e-02	3.674297e-02	3.437234e-01	4.183587e-01	4.730520e-01	6.457286e-01	2.630880e-01	4.281392e-01	8.510698e-01	6.456033e-01	6.561491e-01	7.827977e-01	6.954954e-01	0.000000e+00	1	1.173810e-01
3.957410e-01	8.025522e-01	1.049815e+00	5.506345e-01	7.083550e-01	5.710990e-01	2.819383e-01	7.016856e-01	5.523682e-01	2.883113e-01	1.719931e-01	2.537449e-01	6.636455e-01	6.876055e-01	5.915506e-01	0.000000e+00	1	1.112597e-01
7.862585e-01	5.189817e-02	9.885027e-01	5.715605e-01	4.196018e-02	7.185198e-01	3.082454e-01	6.080317e-01	7.278877e-01	3.380093e-01	5.310016e-01	3.250513e-01	2.692269e-01	5.555059e-01	4.568401e-01	0.000000e+00	1	1.012761e-01
6.355732e-02	1.062799e-01	1.360726e+00	9.422228e-01	6.568868e-01	2.898649e-01	7.197699e-01	4.250842e-01	7.929086e-01	5.398951e-01	2.222329e-01	2.410339e-01	3.451011e-01	5.940547e-01	4.380661e-01	0.000000e+00	1	1.000093e-01
3.130511e-01	1.070403e+00	6.134380e-01	3.201442e-01	8.188651e-01	7.933096e-01	5.145822e-01	7.101790e-01	2.586506e-01	4.820310e-01	4.956286e-01	6.536252e-01	2.738884e-01	4.095681e-01	5.300701e-01	0.000000e+00	1	9.679998e-02
3.987828e-01	8.528738e-01	8.117984e-01	4.529913e-01	7.215596e-01	8.053093e-01	5.800327e-01	5.455450e-01	5.316054e-01	5.056140e-01	2.689621e-01	4.409496e-01	3.172066e-01	3.938652e-01	6.972037e-01	0.000000e+00	1	9.501345e-02
1.240941e+00	6.167040e-01	5.626716e-01	2.455491e-01	2.936196e-01	5.914924e-01	5.418337e-01	5.018102e-01	8.735946e-02	4.265315e-01	8.510698e-01	7.329444e-01	6.521789e-01	8.303603e-01	5.030343e-01	0.000000e+00	1	9.419468e-02
1.373343e+00	7.188015e-02	8.437509e-01	3.503408e-01	3.329001e-02	1.801286e-01	6.472860e-01	6.401523e-01	7.130539e-01	8.614316e-01	7.878065e-01	1.716591e-01	3.161435e-01	2.370589e-01	5.130172e-01	0.000000e+00	1	9.325872e-02
1.220465e+00	6.516348e-01	1.435253e-01	6.580645e-02	3.122089e-01	8.246890e-01	8.049894e-01	5.886964e-01	5.590322e-01	7.112834e-01	6.075317e-01	4.739709e-01	4.135756e-01	8.412194e-01	5.195644e-01	0.000000e+00	1	9.143769e-02
7.988881e-01	1.185504e+00	2.546582e-02	1.133938e-02	6.224970e-01	1.245092e-01	6.351520e-01	5.087312e-01	8.086704e-01	4.702272e-01	7.039732e-01	3.392039e-01	7.888562e-01	5.693150e-01	6.363235e-01	0.000000e+00	1	9.093421e-02
1.119055e+00	9.536694e-01	1.800519e-01	7.757398e-02	4.493106e-01	1.792985e-01	6.668092e-01	5.225450e-01	6.906074e-01	4.050429e-01	6.532939e-01	2.655435e-01	8.536448e-01	1.904842e-01	4.264160e-01	0.000000e+00	1	8.586128e-02
7.863694e-01	6.331122e-01	8.588575e-01	4.487631e-01	4.315313e-01	4.923453e-01	2.220140e-01	6.447773e-01	5.760337e-01	1.800168e-01	4.869051e-01	4.067719e-01	7.142997e-01	7.050569e-01	6.488579e-01	0.000000e+00	1	8.548145e-02
1.030320e+00	1.169052e+00	9.003737e-02	3.674297e-02	5.401035e-01	4.110723e-01	4.730520e-01	9.562987e-01	2.630880e-01	4.279687e-01	8.510698e-01	6.298585e-01	6.530297e-01	7.876535e-01	6.909098e-01	0.000000e+00	1	8.422029e-02
1.153638e+00	9.269647e-01	7.457095e-02	3.205135e-02	4.309153e-01	5.295036e-01	2.053042e-01	5.873553e-01	1.695879e-01	1.800168e-01	4.869051e-01	1.929584e-01	6.858288e-01	7.050569e-01	5.620966e-01	0.000000e+00	1	8.104021e-02
1.051791e+00	8.330345e-01	5.943286e-01	2.654605e-01	4.264417e-01	5.914924e-01	5.418337e-01	2.066666e-01	4.649582e-01	4.265315e-01	8.541630e-01	7.329444e-01	6.521789e-01	8.266995e-01	7.346978e-01	0.000000e+00	1	7.987857e-02
1.701639e-01	1.399144e+00	7.135667e-02	3.220278e-02	9.229527e-01	5.995590e-01	3.467432e-01	6.464480e-01	8.841233e-01	6.081480e-01	7.631731e-01	3.077143e-01	4.604894e-01	7.945437e-01	5.511294e-01	0.000000e+00	1	7.762448e-02
1.004452e+00	9.752123e-01	1.214557e-01	5.509192e-02	4.905977e-01	3.629558e-01	7.591813e-01	2.345411e-01	4.552195e-01	4.786600e-01	5.234145e-01	8.231744e-01	2.118742e-01	4.838588e-01	7.410253e-01	0.000000e+00	1	7.557407e-02
4.676026e-02	2.721887e-03	1.525938e+00	9.804648e-01	3.701549e-02	1.801286e-01	6.416860e-01	6.401523e-01	7.021761e-01	8.614316e-01	4.747683e-01	1.700366e-01	3.470179e-01	2.170938e-01	5.127235e-01	0.000000e+00	1	7.371282e-02
3.970986e-02	5.528327e-03	1.424451e+00	9.820863e-01	8.806291e-02	6.836043e-01	6.034682e-01	5.308629e-01	5.558989e-01	3.323399e-01	7.428028e-01	3.709853e-01	8.801487e-01	1.422522e-01	4.821950e-01	0.000000e+00	1	7.314880e-02
3.739980e-01	1.345753e+00	2.104067e-01	9.518448e-02	8.274319e-01	1.473763e-01	5.243623e-01	7.301372e-01	2.586506e-01	4.737416e-01	4.956286e-01	6.536252e-01	1.218819e-01	4.095681e-01	5.300701e-01	0.000000e+00	1	7.265180e-02
6.103873e-01	1.305431e+00	5.819137e-02	2.569293e-02	7.215596e-01	8.053093e-01	3.863205e-01	5.320030e-01	1.264029e-01	5.056140e-01	2.505532e-01	2.270680e-01	2.887390e-01	3.938652e-01	5.536585e-01	0.000000e+00	1	7.167821e-02
3.416991e-01	1.318390e+00	2.985009e-01	1.373571e-01	8.385539e-01	7.252906e-01	6.351520e-01	5.042174e-01	8.074310e-01	4.637128e-01	6.896178e-01	2.979945e-01	8.614639e-01	6.482939e-01	4.997784e-01	0.000000e+00	1	7.102612e-02
9.071767e-01	1.473544e-02	1.064777e+00	5.507298e-01	1.033983e-02	5.586379e-01	6.399877e-01	7.094689e-01	5.575971e-01	2.883113e-01	5.987010e-01	6.789678e-01	5.743989e-01	6.826187e-01	9.507855e-01	0.000000e+00	1	6.773961e-02
3.921670e-01	1.594362e+00	5.077408e-02	1.968072e-02	8.464580e-01	1.247806e-01	4.468484e-01	7.514513e-01	1.636231e-01	4.818528e-01	2.964726e-01	7.975678e-01	8.842467e-01	2.885194e-01	4.970009e-01	0.000000e+00	1	6.505342e-02
5.070877e-02	3.059508e-03	1.456191e+00	9.777997e-01	3.836387e-02	7.257622e-01	6.416860e-01	6.401523e-01	7.021761e-01	8.419833e-01	4.747683e-01	1.700366e-01	3.470179e-01	2.252552e-01	5.127235e-01	0.000000e+00	1	6.473946e-02
1.429510e+00	1.095004e-01	2.982167e-01	1.305586e-01	4.866999e-02	7.132346e-01	3.528197e-01	4.922964e-01	5.572167e-01	3.323399e-01	7.428028e-01	3.266938e-01	8.801487e-01	1.390007e-01	4.554013e-01	0.000000e+00	1	6.383759e-02
1.430308e+00	6.781496e-03	1.338736e-02	5.958378e-03	3.018373e-03	8.259569e-01	8.558495e-01	5.076579e-01	5.626905e-01	4.207038e-01	5.306877e-01	3.754293e-01	1.440309e-01	7.054655e-01	4.570628e-01	0.000000e+00	1	6.367744e-02
7.002045e-01	1.320167e+00	1.362700e-02	5.805125e-03	6.895437e-01	3.629558e-01	8.208317e-01	5.296084e-01	8.433650e-01	4.224754e-01	5.288026e-01	8.231744e-01	1.718630e-01	6.867993e-01	5.093735e-01	0.000000e+00	1	6.358647e-02
1.021020e+00	4.431426e-02	9.978978e-01	4.924100e-01	2.761322e-02	4.923453e-01	2.220140e-01	6.447773e-01	5.737714e-01	1.800168e-01	4.869051e-01	3.902714e-01	8.818714e-01	7.050569e-01	6.488579e-01	0.000000e+00	1	5.991593e-02
1.275866e+00	2.070596e-02	8.522203e-01	3.748626e-01	1.033076e-02	7.085212e-01	3.105556e-01	7.048116e-01	7.326377e-01	2.548696e-01	5.202982e-01	6.709347e-01	2.692269e-01	4.557277e-01	9.626850e-01	0.000000e+00	1	5.831874e-02
1.743659e-02	1.559315e+00	2.158195e-01	8.755069e-02	9.928815e-01	3.120645e-01	4.168635e-01	2.438040e-01	2.968754e-01	5.167052e-01	5.085811e-01	9.779524e-01	1.329691e-01	3.365424e-01	6.868898e-01	0.000000e+00	1	5.795337e-02
1.145711e+00	9.783014e-01	9.052702e-04	3.825352e-04	4.499266e-01	1.683475e-01	6.668092e-01	6.191906e-01	6.976198e-01	3.856720e-01	6.413397e-01	3.469406e-01	7.877524e-01	1.016258e-01	6.323052e-01	0.000000e+00	1	5.564393e-02
8.356525e-01	1.317235e+00	1.257532e-02	5.131933e-03	6.401001e-01	3.111847e-01	5.861006e-01	5.385723e-01	6.841455e-01	4.018110e-01	9.195053e-01	5.865501e-01	1.440309e-01	6.885931e-01	1.448461e-01	0.000000e+00	1	5.548396e-02
9.484702e-03	1.541612e+00	5.813662e-01	2.295767e-01	9.960833e-01	1.876208e-01	7.967913e-01	6.685237e-01	7.583911e-01	9.145704e-01	2.797434e-01	7.023862e-01	7.629202e-01	6.865309e-01	5.390209e-01	0.000000e+00	1	4.547770e-02
5.580550e-02	1.381390e+00	1.064288e+00	4.176643e-01	9.742958e-01	3.792747e-01	6.182396e-01	4.679943e-01	8.822398e-01	8.830433e-01	9.990341e-01	6.751624e-01	3.399519e-01	8.418676e-01	4.895484e-01	0.000000e+00	1	4.375787e-02
