5.683155e-04	7.169079e-03	1.430868e+00	9.968004e-01	9.496385e-01	8.078637e-01	4.936282e-01	4.234078e-01	8.389300e-01	7.584360e-01	2.612611e-01	5.463592e-01	2.321284e-01	5.594112e-01	6.187667e-01	0.000000e+00	1	1.000000e+14
7.160910e-02	3.536236e-04	1.370245e+00	9.667600e-01	3.143762e-03	3.195698e-01	5.268166e-01	6.286467e-01	6.913599e-01	8.302552e-01	2.081969e-01	4.529870e-01	3.600492e-01	3.530073e-01	7.192059e-01	0.000000e+00	1	1.000000e+14
3.434621e-01	1.361518e+00	8.279187e-03	3.753554e-03	8.426859e-01	1.796767e-01	4.449455e-01	7.544391e-01	1.636925e-01	5.103416e-01	3.797855e-01	6.571060e-01	3.347128e-01	2.695897e-01	4.673462e-01	0.000000e+00	1	1.000000e+14
1.210842e+00	3.836597e-01	2.367385e-04	1.186553e-04	1.953444e-01	4.833247e-01	2.345489e-01	6.525381e-01	6.532256e-01	5.590112e-01	3.310511e-01	4.324417e-01	3.536454e-01	3.719805e-01	7.797913e-01	0.000000e+00	1	1.000000e+14
1.283845e+00	1.196313e-02	7.742745e-03	3.839180e-03	5.931984e-03	7.413336e-01	6.747401e-01	4.566284e-01	6.213704e-01	5.415008e-01	4.797737e-01	2.410339e-01	1.795092e-01	5.728228e-01	4.636172e-01	0.000000e+00	1	1.000000e+14
2.277887e-02	5.798825e-04	1.571049e+00	9.907672e-01	1.620295e-02	1.711625e-01	6.416860e-01	6.286467e-01	6.983606e-01	8.614316e-01	4.896608e-01	2.692084e-01	3.821471e-01	6.519811e-02	5.127235e-01	0.000000e+00	1	1.000000e+14
8.173275e-01	8.863019e-01	1.323827e-01	6.962406e-02	5.257606e-01	3.606243e-01	6.816340e-01	4.634019e-01	5.659285e-01	4.813143e-01	3.817169e-01	7.542648e-01	3.448517e-01	3.401653e-01	6.617709e-01	0.000000e+00	1	1.696131e-01
2.956905e-01	7.880097e-01	9.986726e-01	5.541835e-01	7.714672e-01	6.005642e-01	3.644000e-01	2.944328e-01	8.051193e-01	3.190122e-01	6.011397e-01	4.280230e-01	6.604281e-01	7.207203e-01	3.601355e-01	0.000000e+00	1	1.653888e-01
1.224289e+00	5.637277e-02	2.512610e-01	1.287315e-01	2.929267e-02	8.154609e-01	6.365346e-01	2.935624e-01	5.544038e-01	5.179734e-01	2.630298e-01	4.439034e-01	3.787758e-01	4.016148e-01	4.421757e-01	0.000000e+00	1	1.635386e-01
5.491026e-01	4.360165e-01	9.149333e-01	5.837250e-01	4.272382e-01	6.943058e-01	5.278085e-01	6.349946e-01	5.693766e-01	5.288180e-01	4.483760e-01	3.039430e-01	6.777172e-01	6.282761e-01	5.341687e-01	0.000000e+00	1	1.521703e-01
5.208713e-01	1.267765e+00	2.554562e-04	1.186553e-04	7.518255e-01	3.629558e-01	7.892969e-01	5.957214e-01	5.187706e-01	5.177150e-01	2.695748e-01	4.394206e-01	1.718630e-01	6.309499e-01	7.769594e-01	0.000000e+00	1	1.352180e-01
1.846870e-01	9.504426e-01	6.700145e-01	3.853720e-01	8.778167e-01	5.814749e-01	5.411617e-01	8.037023e-01	4.658644e-01	4.502541e-01	4.373689e-01	7.436175e-01	5.721789e-01	5.088743e-01	5.683666e-01	0.000000e+00	1	1.324311e-01
9.785508e-02	1.234404e+00	3.778907e-02	1.942200e-02	9.496385e-01	4.630942e-01	4.936282e-01	3.992406e-01	6.920268e-01	7.202607e-01	2.612611e-01	5.463592e-01	2.321284e-01	5.594112e-01	5.864775e-01	0.000000e+00	1	1.293216e-01
9.749829e-01	2.624829e-01	6.445357e-01	3.616882e-01	1.674201e-01	7.230981e-01	5.559596e-01	7.223311e-01	5.181590e-01	5.167990e-01	3.684764e-01	6.677743e-01	3.126476e-01	5.002788e-01	6.199352e-01	0.000000e+00	1	1.258787e-01
9.880485e-01	3.091677e-01	5.890053e-01	3.292974e-01	1.930588e-01	2.866796e-01	2.533485e-01	4.941485e-01	6.976198e-01	4.784051e-01	4.848510e-01	5.909944e-01	3.653174e-01	4.673919e-01	6.323052e-01	0.000000e+00	1	1.247852e-01
7.839549e-01	1.455107e-01	8.786919e-01	5.308744e-01	1.168340e-01	7.056159e-01	5.958125e-01	6.406485e-01	5.869681e-01	5.229863e-01	4.843999e-01	4.073233e-01	3.166309e-01	3.942874e-01	7.314486e-01	0.000000e+00	1	1.180762e-01
5.579305e-02	8.720523e-01	1.093148e+00	5.706891e-01	9.593251e-01	7.132364e-01	3.391074e-01	5.920240e-01	8.954095e-01	5.587244e-01	6.576535e-01	3.300161e-01	6.588658e-01	7.767912e-01	4.347089e-01	0.000000e+00	1	1.158062e-01
4.236484e-01	6.286696e-01	1.144661e+00	6.276008e-01	6.224970e-01	1.278186e-01	7.040403e-01	5.087312e-01	5.680357e-01	4.702272e-01	7.831838e-01	5.076318e-01	7.888562e-01	5.693150e-01	6.367427e-01	0.000000e+00	1	1.072288e-01
5.520265e-03	4.794812e-01	1.170710e+00	7.525157e-01	9.926709e-01	7.132364e-01	3.595133e-01	5.295342e-01	8.051193e-01	5.173379e-01	6.576535e-01	4.546364e-01	6.604281e-01	7.207203e-01	4.347089e-01	0.000000e+00	1	1.063708e-01
1.269878e-01	9.172829e-01	8.866909e-01	4.861860e-01	9.124236e-01	7.132364e-01	3.644000e-01	5.518978e-01	8.051193e-01	3.190122e-01	6.011397e-01	4.548960e-01	6.604281e-01	7.207203e-01	4.455318e-01	0.000000e+00	1	1.062554e-01
1.855057e-02	1.161543e+00	4.547316e-02	2.490709e-02	9.898336e-01	5.814749e-01	5.411617e-01	8.037023e-01	4.802815e-01	5.429112e-01	4.373689e-01	2.734410e-01	5.558790e-01	5.029487e-01	4.625868e-01	0.000000e+00	1	1.053969e-01
2.335846e-01	1.058037e+00	3.998752e-01	2.250754e-01	8.616712e-01	5.911221e-01	5.418337e-01	2.066666e-01	4.495424e-01	4.502541e-01	4.396310e-01	6.669740e-01	4.851517e-01	4.630598e-01	6.439413e-01	0.000000e+00	1	1.052719e-01
8.713285e-01	8.288362e-01	3.839704e-01	1.967533e-01	4.840922e-01	5.754425e-01	4.934056e-01	5.498608e-01	8.153207e-01	3.013162e-01	7.313513e-01	4.378825e-01	5.906264e-01	2.809317e-01	5.409325e-01	0.000000e+00	1	1.050579e-01
3.207765e-01	9.914373e-01	5.697476e-01	3.185352e-01	8.007908e-01	3.168265e-01	5.156013e-01	5.957517e-01	5.309262e-01	4.302703e-01	2.804739e-01	4.067062e-01	4.142648e-01	6.039358e-01	7.525774e-01	0.000000e+00	1	1.048991e-01
5.549753e-01	8.691641e-01	6.243062e-01	3.465622e-01	6.382346e-01	7.179002e-01	6.281546e-01	5.130237e-01	7.415394e-01	4.702272e-01	7.039732e-01	5.221925e-01	6.696378e-01	5.693150e-01	5.806706e-01	0.000000e+00	1	1.023996e-01
6.578462e-01	7.108308e-01	4.660042e-01	2.854938e-01	5.246327e-01	4.919352e-01	4.748861e-01	4.706707e-01	5.291014e-01	5.308180e-01	4.409732e-01	4.335929e-01	3.213541e-01	3.944035e-01	6.431490e-01	0.000000e+00	1	9.978842e-02
1.001958e+00	1.964603e-01	3.489708e-01	2.096604e-01	1.232623e-01	4.184270e-01	5.231626e-01	5.920433e-01	4.745055e-01	4.135669e-01	4.439408e-01	4.046220e-01	3.588483e-01	4.621030e-01	6.471164e-01	0.000000e+00	1	9.848267e-02
9.243995e-01	8.974900e-01	1.179723e-01	5.812948e-02	4.905977e-01	3.629558e-01	7.365690e-01	5.122700e-01	5.973489e-01	4.786600e-01	5.234145e-01	7.516527e-01	2.043844e-01	3.224157e-01	6.617709e-01	0.000000e+00	1	9.824438e-02
1.111756e+00	1.264596e-01	4.154836e-01	2.263462e-01	7.210405e-02	8.056730e-01	5.082766e-01	5.455450e-01	5.544038e-01	4.410091e-01	2.859002e-01	4.439034e-01	3.330395e-01	4.016148e-01	4.291803e-01	0.000000e+00	1	9.707979e-02
4.188221e-03	5.553147e-01	1.201919e+00	7.244594e-01	9.951987e-01	1.555984e-01	5.100822e-01	5.258692e-01	8.002194e-01	5.395909e-01	7.036966e-01	4.538753e-01	4.620425e-01	2.809317e-01	6.409817e-01	0.000000e+00	1	9.702145e-02
6.173881e-01	1.040697e+00	8.050458e-02	4.229201e-02	6.591297e-01	6.757632e-01	5.798433e-01	5.114293e-01	5.316054e-01	5.047126e-01	2.652648e-01	4.684914e-01	3.437413e-01	3.170560e-01	7.456126e-01	0.000000e+00	1	9.295198e-02
2.739512e-01	9.367099e-01	6.533313e-01	3.755515e-01	8.188651e-01	7.230981e-01	5.364776e-01	5.314574e-01	5.146624e-01	4.291588e-01	3.894124e-01	6.677743e-01	7.497085e-01	4.999140e-01	6.199352e-01	0.000000e+00	1	8.897781e-02
4.870260e-01	7.364892e-01	7.973344e-01	4.675883e-01	6.280457e-01	6.842221e-01	4.680019e-01	5.075246e-01	5.291014e-01	5.056140e-01	2.689621e-01	4.316300e-01	3.172066e-01	4.058747e-01	7.312214e-01	0.000000e+00	1	8.828123e-02
1.084467e+00	2.126384e-01	3.373293e-01	1.886049e-01	1.232623e-01	5.085191e-01	2.220140e-01	6.458080e-01	4.745055e-01	5.308750e-01	4.439408e-01	4.046220e-01	3.588483e-01	4.621030e-01	6.471164e-01	0.000000e+00	1	8.795222e-02
9.043407e-01	3.871184e-02	7.824023e-01	4.537689e-01	2.723496e-02	8.053093e-01	4.242681e-01	5.455450e-01	5.316054e-01	5.528397e-01	3.602236e-01	5.304571e-01	3.598450e-01	2.844522e-01	4.288474e-01	0.000000e+00	1	8.492876e-02
6.964526e-01	7.525466e-01	4.229939e-01	2.490847e-01	5.246327e-01	4.919352e-01	3.167851e-01	4.706707e-01	5.300142e-01	5.308180e-01	4.372952e-01	4.335929e-01	3.213541e-01	3.900185e-01	6.431490e-01	0.000000e+00	1	7.852332e-02
6.559681e-01	5.295497e-01	7.377361e-01	4.576538e-01	4.323693e-01	5.443580e-01	5.456239e-01	6.453415e-01	5.693766e-01	5.247780e-01	4.340626e-01	3.092925e-01	6.946877e-01	4.517669e-01	5.933163e-01	0.000000e+00	1	7.800675e-02
7.302939e-01	9.645042e-01	8.048754e-02	4.229201e-02	5.874231e-01	6.757632e-01	5.798433e-01	4.659432e-01	5.541142e-01	5.104134e-01	2.652648e-01	6.267003e-01	3.436190e-01	3.213158e-01	7.084848e-01	0.000000e+00	1	7.776110e-02
1.151525e+00	5.302233e-02	2.710425e-01	1.470166e-01	2.929267e-02	6.992764e-01	6.365346e-01	5.510347e-01	5.544038e-01	3.067781e-01	2.490113e-01	4.558767e-01	4.270505e-01	4.016148e-01	4.453572e-01	0.000000e+00	1	7.340911e-02
5.732684e-03	2.950173e-02	1.274428e+00	9.849900e-01	8.778167e-01	5.814749e-01	8.107050e-01	7.772628e-01	6.412440e-01	4.500750e-01	4.373689e-01	7.443101e-01	5.696603e-01	5.088743e-01	5.612220e-01	0.000000e+00	1	7.306977e-02
7.465815e-02	1.090293e+00	8.385332e-01	4.166531e-01	9.564752e-01	1.132342e-01	5.233540e-01	5.498608e-01	8.002194e-01	3.013162e-01	7.023305e-01	4.327393e-01	4.888017e-01	2.809317e-01	5.409325e-01	0.000000e+00	1	7.265287e-02
1.238194e+00	1.346208e-01	2.897072e-02	1.480542e-02	6.894472e-02	8.154609e-01	4.875594e-01	2.918471e-01	5.544038e-01	5.179734e-01	2.612432e-01	4.439034e-01	3.376064e-01	4.016148e-01	4.421757e-01	0.000000e+00	1	7.162446e-02
7.050336e-03	1.673276e-03	1.292095e+00	9.964298e-01	1.483461e-01	3.358319e-01	6.450551e-01	5.599207e-01	5.309262e-01	4.544949e-01	2.804739e-01	4.590407e-01	4.146589e-01	7.599437e-02	5.239229e-01	0.000000e+00	1	7.068344e-02
6.461665e-01	7.821658e-01	5.230724e-01	3.030476e-01	5.604338e-01	4.733945e-01	5.527105e-01	5.436045e-01	5.307041e-01	4.990006e-01	2.898493e-01	4.005520e-01	4.195493e-01	6.039358e-01	7.525774e-01	0.000000e+00	1	7.018741e-02
4.514874e-01	6.827471e-01	8.649425e-01	5.175485e-01	6.280457e-01	6.823896e-01	4.747630e-01	5.080351e-01	5.291014e-01	5.056140e-01	2.689621e-01	4.315969e-01	3.172066e-01	3.948138e-01	7.312214e-01	0.000000e+00	1	6.943168e-02
1.364381e-02	1.107227e+00	7.312573e-01	3.715599e-01	9.921556e-01	6.076986e-01	4.509514e-01	1.841818e-01	5.698900e-01	5.166366e-01	8.691759e-01	3.373271e-01	6.069361e-01	6.214929e-01	6.382856e-01	0.000000e+00	1	6.832628e-02
1.021988e+00	2.304894e-01	3.137899e-01	1.852644e-01	1.412146e-01	4.641269e-01	6.533168e-01	5.745460e-01	5.416831e-01	5.308750e-01	4.971132e-01	3.976843e-01	3.588483e-01	4.075048e-01	6.471164e-01	0.000000e+00	1	6.733984e-02
1.188687e+00	1.352103e-01	6.834876e-02	3.633120e-02	7.210405e-02	8.053093e-01	5.082766e-01	5.455450e-01	5.544038e-01	5.290440e-01	2.689621e-01	4.439034e-01	3.330395e-01	4.016148e-01	4.288474e-01	0.000000e+00	1	6.485728e-02
3.738354e-01	9.098895e-01	5.929016e-01	3.453183e-01	7.518255e-01	3.641822e-01	5.196233e-01	6.569184e-01	4.716618e-01	4.226545e-01	2.695748e-01	4.439838e-01	3.910709e-01	6.594768e-01	5.691743e-01	0.000000e+00	1	6.322847e-02
1.036665e+00	9.659860e-03	7.086572e-01	3.817232e-01	5.931984e-03	7.413336e-01	6.747401e-01	4.566284e-01	6.213704e-01	4.488437e-01	4.797737e-01	7.112652e-01	1.961007e-01	5.745258e-01	5.693970e-01	0.000000e+00	1	6.258235e-02
6.568900e-01	8.498425e-01	5.187307e-01	2.864168e-01	5.810843e-01	6.758059e-01	5.537285e-01	5.444069e-01	4.627057e-01	5.051344e-01	2.695992e-01	4.335929e-01	3.172066e-01	3.938652e-01	7.312214e-01	0.000000e+00	1	6.123617e-02
4.193288e-01	6.725217e-01	8.740417e-01	5.311075e-01	6.450639e-01	4.936907e-01	2.813591e-01	7.016856e-01	5.261390e-01	2.883113e-01	4.784128e-01	4.040987e-01	6.636455e-01	4.647777e-01	5.903380e-01	0.000000e+00	1	6.104133e-02
3.866476e-01	8.372553e-01	7.951762e-01	4.529913e-01	7.245815e-01	6.841721e-01	5.765118e-01	5.465417e-01	5.386055e-01	4.861651e-01	4.486760e-01	4.409496e-01	3.821636e-01	1.074815e-01	4.981880e-01	0.000000e+00	1	6.038960e-02
6.894721e-03	1.646878e-02	1.204668e+00	9.905657e-01	7.475909e-01	3.629558e-01	4.834785e-01	7.302640e-01	6.470418e-01	4.224754e-01	3.665499e-01	6.788256e-01	3.867090e-01	6.658492e-01	6.223296e-01	0.000000e+00	1	6.007180e-02
2.965985e-01	7.677207e-01	1.107235e+00	5.930676e-01	7.652960e-01	7.132364e-01	2.532826e-01	5.295342e-01	7.998173e-01	5.173379e-01	2.800799e-01	4.547906e-01	2.162450e-01	6.405111e-01	3.223986e-01	0.000000e+00	1	5.665722e-02
1.095612e+00	2.231669e-01	3.035643e-01	1.687725e-01	1.279240e-01	5.085191e-01	2.147452e-01	6.458080e-01	4.825326e-01	5.308750e-01	4.439408e-01	4.070133e-01	3.588483e-01	4.621030e-01	6.465456e-01	0.000000e+00	1	5.663781e-02
