1.163836e+00	1.298458e-04	2.386013e-01	1.287315e-01	7.102584e-05	4.890899e-01	2.417771e-01	6.371971e-01	5.498749e-01	4.668906e-01	2.642969e-01	4.302888e-01	3.690008e-01	3.889190e-01	5.944559e-01	0.000000e+00	1	1.000000e+14
1.188319e+00	5.868216e-03	2.709749e-03	1.451677e-03	3.143762e-03	3.190635e-01	5.117934e-01	6.185976e-01	4.909622e-01	8.096468e-01	4.060716e-01	4.993382e-01	6.050752e-01	3.480467e-01	4.502237e-01	0.000000e+00	1	1.000000e+14
8.266528e-05	1.042790e-03	1.275842e+00	9.994780e-01	9.496385e-01	5.442904e-01	4.936282e-01	8.055899e-01	7.959434e-01	6.876303e-01	3.684905e-01	4.120319e-01	3.940225e-01	5.176347e-01	6.452325e-01	0.000000e+00	1	1.000000e+14
1.743771e-02	1.334277e+00	7.219323e-03	3.444208e-03	9.916805e-01	7.830142e-01	7.114804e-01	4.679517e-01	4.866471e-01	5.443674e-01	4.550801e-01	2.639306e-01	1.805957e-01	6.687214e-01	6.348431e-01	0.000000e+00	1	1.000000e+14
9.973955e-01	5.288814e-01	1.581509e-04	8.918250e-05	3.103926e-01	4.676509e-01	5.874911e-01	6.218176e-01	6.759339e-01	4.951757e-01	3.310511e-01	4.537151e-01	3.536395e-01	3.716709e-01	5.764917e-01	0.000000e+00	1	1.000000e+14
5.587938e-01	6.020871e-01	7.188316e-01	4.576538e-01	5.237308e-01	5.382235e-01	5.456239e-01	6.352313e-01	5.726151e-01	5.249666e-01	4.405082e-01	3.936751e-01	6.946877e-01	4.517669e-01	5.935319e-01	0.000000e+00	1	2.082174e-01
1.708071e-01	3.988450e-01	1.059301e+00	7.525157e-01	7.424085e-01	7.352212e-01	3.985518e-01	5.070156e-01	5.827752e-01	5.387182e-01	5.240969e-01	4.314650e-01	6.739531e-01	3.242350e-01	4.347089e-01	0.000000e+00	1	1.832502e-01
5.314234e-01	4.219783e-01	8.854757e-01	5.837250e-01	4.272382e-01	5.694566e-01	5.129774e-01	6.231374e-01	5.693766e-01	5.288180e-01	4.483760e-01	3.039430e-01	6.777172e-01	6.282761e-01	5.255074e-01	0.000000e+00	1	1.455556e-01
4.536868e-02	1.027885e+00	1.490111e-01	9.156356e-02	9.719192e-01	4.046078e-01	4.251610e-01	5.111595e-01	5.709296e-01	5.175006e-01	4.556865e-01	5.229800e-01	5.666980e-01	4.065304e-01	4.385147e-01	0.000000e+00	1	1.425292e-01
9.002594e-03	1.224563e+00	1.267451e-02	6.588749e-03	9.953199e-01	3.815425e-01	7.114804e-01	4.679517e-01	4.866471e-01	6.115411e-01	4.550801e-01	7.916242e-01	3.672928e-01	6.687082e-01	6.382856e-01	0.000000e+00	1	1.423082e-01
7.102314e-01	6.058800e-01	6.191459e-01	3.728105e-01	4.496292e-01	6.587811e-01	5.278085e-01	6.513476e-01	5.904566e-01	4.716247e-01	2.987109e-01	4.026694e-01	4.380528e-01	4.078288e-01	5.019535e-01	0.000000e+00	1	1.407724e-01
1.047215e+00	1.191182e-01	3.819439e-01	2.213315e-01	7.210405e-02	3.933426e-01	6.731035e-01	5.455450e-01	5.544038e-01	4.487307e-01	2.657005e-01	4.607776e-01	5.329906e-01	4.025412e-01	4.291803e-01	0.000000e+00	1	1.201128e-01
1.070245e+00	2.039700e-01	2.177828e-01	1.255992e-01	1.198909e-01	5.939548e-01	6.280582e-01	5.561492e-01	4.615804e-01	5.197290e-01	4.401945e-01	6.665117e-01	3.308783e-01	4.861186e-01	6.439413e-01	0.000000e+00	1	1.172438e-01
3.046003e-01	9.772708e-01	3.460835e-01	2.075547e-01	8.076505e-01	4.358174e-01	5.489639e-01	5.920433e-01	4.745055e-01	4.136491e-01	5.227001e-01	4.054404e-01	3.588484e-01	4.621030e-01	6.632468e-01	0.000000e+00	1	1.150427e-01
6.461665e-01	7.821658e-01	5.230724e-01	3.030476e-01	5.604338e-01	4.733945e-01	5.527105e-01	5.436045e-01	5.307041e-01	4.990006e-01	2.898493e-01	4.005520e-01	4.195493e-01	6.039358e-01	7.525774e-01	0.000000e+00	1	1.143965e-01
2.846321e-01	2.458198e-01	1.179127e+00	8.034404e-01	4.535024e-01	6.576250e-01	5.998266e-01	5.282980e-01	7.341510e-01	5.322888e-01	7.050616e-01	4.705245e-01	6.696378e-01	2.683383e-01	6.442497e-01	0.000000e+00	1	1.139910e-01
3.764764e-01	6.697887e-01	8.173064e-01	5.196519e-01	6.740048e-01	6.867285e-01	6.270237e-01	5.550991e-01	4.578181e-01	5.205759e-01	4.401945e-01	4.240926e-01	3.315564e-01	4.158216e-01	6.439413e-01	0.000000e+00	1	1.132315e-01
1.153069e+00	5.694141e-03	8.093199e-02	4.460959e-02	3.143762e-03	3.190635e-01	5.117934e-01	6.185976e-01	4.909622e-01	7.339118e-01	4.185751e-01	4.993382e-01	3.550902e-01	3.448433e-01	4.502237e-01	0.000000e+00	1	1.117899e-01
1.018735e+00	1.726280e-01	2.805272e-01	1.687725e-01	1.068621e-01	5.230357e-01	4.063756e-01	5.481698e-01	4.825326e-01	5.308750e-01	4.184777e-01	4.070245e-01	3.588483e-01	4.668685e-01	6.465456e-01	0.000000e+00	1	1.116840e-01
7.532235e-01	6.098267e-01	4.663002e-01	2.854938e-01	4.332712e-01	4.980697e-01	4.748861e-01	4.706707e-01	5.258629e-01	5.306295e-01	4.335332e-01	4.335929e-01	3.213541e-01	3.944035e-01	6.431490e-01	0.000000e+00	1	1.089359e-01
7.674271e-01	2.794751e-01	9.096473e-01	5.342305e-01	2.223354e-01	7.056159e-01	4.647173e-01	6.406485e-01	5.869681e-01	5.371559e-01	2.822957e-01	4.328972e-01	3.166553e-01	3.942874e-01	7.314387e-01	0.000000e+00	1	1.057977e-01
8.537467e-01	5.377881e-01	5.431159e-01	3.143566e-01	3.578606e-01	4.733945e-01	5.460026e-01	6.239751e-01	5.875534e-01	4.706945e-01	2.966969e-01	4.004224e-01	4.252690e-01	3.800972e-01	7.190138e-01	0.000000e+00	1	1.047664e-01
4.886171e-01	6.614768e-01	7.196508e-01	4.576538e-01	5.949734e-01	5.382235e-01	5.456658e-01	6.350821e-01	5.726151e-01	4.811374e-01	4.405082e-01	3.936751e-01	7.002145e-01	4.821154e-01	6.005991e-01	0.000000e+00	1	1.038132e-01
9.114491e-01	1.009584e-01	5.904704e-01	3.641938e-01	7.023013e-02	4.679116e-01	4.696856e-01	6.245120e-01	4.923032e-01	5.624187e-01	4.372685e-01	4.380058e-01	5.558790e-01	4.687860e-01	7.395820e-01	0.000000e+00	1	1.005430e-01
1.115631e+00	1.467064e-01	1.353329e-01	7.620072e-02	8.323844e-02	6.075860e-01	6.001317e-01	5.085746e-01	5.328637e-01	5.014926e-01	4.710704e-01	6.484725e-01	3.165040e-01	4.761716e-01	7.312314e-01	0.000000e+00	1	9.816141e-02
5.530153e-01	2.150228e-01	1.007067e+00	6.610457e-01	2.360780e-01	2.787949e-01	5.082766e-01	5.288527e-01	5.249609e-01	5.290440e-01	2.648338e-01	4.439034e-01	2.782093e-01	4.302752e-01	4.288474e-01	0.000000e+00	1	9.724401e-02
2.683134e-01	7.497480e-01	9.401765e-01	5.526222e-01	7.812129e-01	6.005642e-01	5.724062e-01	2.934803e-01	6.836336e-01	2.973381e-01	6.053716e-01	5.734244e-01	6.549874e-01	7.111268e-01	3.808330e-01	0.000000e+00	1	9.556780e-02
4.088588e-01	1.132914e+00	2.967274e-02	1.568076e-02	7.795104e-01	5.085191e-01	2.220140e-01	6.462159e-01	5.094216e-01	5.162663e-01	2.699527e-01	4.085169e-01	3.738234e-01	4.621030e-01	6.645305e-01	0.000000e+00	1	9.491588e-02
1.964019e-01	3.483324e-01	1.087811e+00	7.757360e-01	6.731576e-01	3.995493e-01	3.984728e-01	6.921026e-01	4.497294e-01	3.904938e-01	6.644279e-01	4.067023e-01	6.281965e-01	3.247157e-01	4.347089e-01	0.000000e+00	1	9.405827e-02
8.745323e-01	7.440270e-01	1.662924e-01	9.156356e-02	4.487798e-01	4.046078e-01	4.251610e-01	5.111595e-01	7.303565e-01	5.193498e-01	7.611798e-01	5.245722e-01	6.021360e-01	5.799391e-01	4.207308e-01	0.000000e+00	1	9.160659e-02
8.263331e-01	8.546204e-01	3.788097e-02	2.027926e-02	5.107121e-01	5.857153e-01	6.239852e-01	6.486195e-01	4.617928e-01	5.590112e-01	4.678471e-01	4.110657e-01	3.372780e-01	4.063143e-01	8.089295e-01	0.000000e+00	1	8.929596e-02
1.651165e-02	1.033875e+00	4.047512e-02	2.490709e-02	9.898336e-01	5.778137e-01	5.814967e-01	4.407941e-01	4.910895e-01	5.429112e-01	4.373689e-01	5.193757e-01	6.021901e-01	5.231452e-01	4.625868e-01	0.000000e+00	1	8.763146e-02
3.412222e-01	2.952566e-01	1.118174e+00	7.558203e-01	4.541039e-01	4.900710e-01	6.242077e-01	5.278632e-01	7.341510e-01	5.305285e-01	7.050616e-01	4.705245e-01	6.696378e-01	2.639302e-01	4.206241e-01	0.000000e+00	1	8.743895e-02
3.162150e-01	3.131113e-01	1.069906e+00	7.490677e-01	4.968604e-01	6.806351e-01	5.278085e-01	6.603877e-01	5.527486e-01	5.288180e-01	4.249451e-01	3.240339e-01	3.428290e-01	3.168189e-01	5.341687e-01	0.000000e+00	1	8.650262e-02
8.007113e-01	7.928522e-01	2.481458e-01	1.379909e-01	4.968604e-01	7.007330e-01	5.278085e-01	6.603877e-01	5.527486e-01	5.288180e-01	4.483760e-01	3.039430e-01	3.428290e-01	6.282761e-01	5.341687e-01	0.000000e+00	1	8.530529e-02
7.261606e-01	7.083556e-01	5.460361e-01	3.143566e-01	4.920988e-01	4.733945e-01	5.460026e-01	6.237995e-01	5.875534e-01	4.825351e-01	2.898493e-01	4.005520e-01	4.094910e-01	3.746106e-01	7.190138e-01	0.000000e+00	1	8.423907e-02
5.425710e-01	9.622872e-01	2.957798e-01	1.665452e-01	6.731576e-01	4.196365e-01	4.110758e-01	6.921026e-01	4.497294e-01	3.904938e-01	6.878493e-01	3.866115e-01	5.829369e-01	6.361832e-01	4.347089e-01	0.000000e+00	1	8.237734e-02
8.198043e-01	6.516023e-02	8.405506e-01	5.069522e-01	5.049408e-02	6.827927e-01	5.031925e-01	5.206888e-01	5.291014e-01	5.132484e-01	2.689621e-01	5.189687e-01	3.489804e-01	3.948138e-01	7.312214e-01	0.000000e+00	1	8.220434e-02
3.695441e-02	9.144941e-01	5.893223e-01	3.641938e-01	9.742884e-01	5.814749e-01	5.411617e-01	6.245120e-01	4.923032e-01	5.624187e-01	4.372685e-01	2.734410e-01	5.558790e-01	5.091365e-01	5.479603e-01	0.000000e+00	1	8.048814e-02
2.219888e-01	9.558858e-01	4.881062e-01	2.938394e-01	8.547305e-01	5.946619e-01	6.367943e-01	5.561492e-01	5.188276e-01	5.197290e-01	4.401945e-01	6.763909e-01	5.719462e-01	4.373282e-01	6.436957e-01	0.000000e+00	1	8.007536e-02
4.730469e-01	7.153497e-01	7.662792e-01	4.642321e-01	6.280457e-01	6.842221e-01	5.990971e-01	5.075246e-01	5.291014e-01	5.023395e-01	4.710704e-01	4.060561e-01	3.171822e-01	4.058747e-01	7.312314e-01	0.000000e+00	1	8.001614e-02
6.853449e-01	7.405443e-01	4.162476e-01	2.490847e-01	5.246327e-01	4.947391e-01	3.167851e-01	4.498589e-01	4.646892e-01	5.255107e-01	5.175452e-01	4.335929e-01	3.365149e-01	4.595641e-01	6.428623e-01	0.000000e+00	1	7.880004e-02
2.482097e-01	8.447680e-01	5.626878e-01	3.620163e-01	8.180684e-01	5.814749e-01	5.414302e-01	6.245120e-01	4.714164e-01	5.624187e-01	4.372685e-01	4.168851e-01	5.558790e-01	5.091365e-01	5.479603e-01	0.000000e+00	1	7.815341e-02
2.646855e-01	2.285931e-01	1.200861e+00	8.195841e-01	4.535024e-01	5.820394e-01	5.976333e-01	6.474011e-01	4.299595e-01	7.415172e-01	7.050616e-01	4.213430e-01	6.651201e-01	2.693147e-01	6.442497e-01	0.000000e+00	1	7.803017e-02
1.954490e-01	3.691129e-01	1.136961e+00	7.758785e-01	6.899815e-01	7.954902e-01	5.915428e-01	6.921026e-01	4.497294e-01	3.904938e-01	4.475273e-01	4.067023e-01	6.281965e-01	3.211761e-01	4.347089e-01	0.000000e+00	1	7.761101e-02
5.335158e-01	9.420028e-01	4.466024e-01	2.490847e-01	6.719375e-01	4.978924e-01	8.213221e-01	4.973384e-01	5.398720e-01	4.435205e-01	6.014456e-01	4.482990e-01	3.252270e-01	5.847561e-01	6.111840e-01	0.000000e+00	1	7.349743e-02
1.358679e-02	1.102600e+00	8.358439e-01	4.129162e-01	9.921556e-01	7.037447e-01	4.509514e-01	6.795874e-01	6.276812e-01	5.152343e-01	9.238196e-01	3.373271e-01	6.779447e-01	6.846468e-01	6.382856e-01	0.000000e+00	1	6.960592e-02
1.094581e+00	2.676789e-02	2.244703e-01	1.287315e-01	1.556539e-02	4.890899e-01	6.365346e-01	5.138685e-01	5.399700e-01	4.842153e-01	2.642969e-01	4.439003e-01	3.535084e-01	4.069567e-01	4.102162e-01	0.000000e+00	1	6.940503e-02
3.443743e-01	9.226924e-01	5.257584e-01	3.121672e-01	7.725893e-01	4.897970e-01	6.758205e-01	5.138685e-01	5.399700e-01	4.842153e-01	2.642969e-01	4.537772e-01	5.945822e-01	4.069567e-01	4.102162e-01	0.000000e+00	1	6.600026e-02
3.028018e-02	6.308517e-03	1.227638e+00	9.839638e-01	1.307617e-01	7.242779e-01	6.238269e-01	5.305391e-01	8.051193e-01	5.173379e-01	2.667093e-01	4.314650e-01	5.110938e-01	4.325070e-01	4.347089e-01	0.000000e+00	1	6.574896e-02
7.839549e-01	1.455107e-01	8.786919e-01	5.308744e-01	1.168340e-01	7.056159e-01	5.958125e-01	6.406485e-01	5.869681e-01	5.229863e-01	4.843999e-01	4.073233e-01	3.166309e-01	3.942874e-01	7.314486e-01	0.000000e+00	1	6.481708e-02
4.194318e-01	5.010502e-02	1.023268e+00	7.507638e-01	7.569145e-02	5.876700e-01	4.467349e-01	5.455450e-01	5.339310e-01	4.518257e-01	2.552322e-01	5.371435e-01	3.588916e-01	4.302791e-01	4.300350e-01	0.000000e+00	1	6.460348e-02
4.402815e-01	1.884700e-02	1.067528e+00	7.507638e-01	2.723496e-02	7.316102e-01	4.242681e-01	5.455450e-01	5.339310e-01	5.528397e-01	2.552322e-01	5.331322e-01	3.598450e-01	4.383605e-01	4.288474e-01	0.000000e+00	1	6.227359e-02
9.637177e-01	4.125357e-02	7.509600e-01	4.211272e-01	2.723496e-02	8.053093e-01	5.400771e-01	5.455450e-01	4.756075e-01	4.057803e-01	5.819844e-01	5.551129e-01	3.598450e-01	2.143031e-01	4.288474e-01	0.000000e+00	1	6.226023e-02
9.495463e-01	5.871419e-03	7.964822e-01	4.443276e-01	3.936421e-03	7.399955e-01	3.843902e-01	5.615816e-01	6.181955e-01	5.181154e-01	4.683921e-01	6.452811e-01	1.888941e-01	4.456749e-01	6.687592e-01	0.000000e+00	1	6.179246e-02
2.013920e-02	8.179331e-01	8.645782e-01	5.175485e-01	9.843283e-01	6.461458e-01	4.747630e-01	5.080351e-01	5.291014e-01	5.056140e-01	7.121077e-01	4.547683e-01	3.172066e-01	6.830075e-01	7.312214e-01	0.000000e+00	1	6.153548e-02
