7.848267e-04	1.113217e+00	6.906925e-02	3.944834e-02	9.995512e-01	4.927820e-01	3.946157e-01	5.447789e-01	6.354068e-01	5.362838e-01	2.452107e-01	4.445576e-01	4.023364e-01	5.487636e-01	5.513350e-01	0.000000e+00	1	1.000000e+14
4.022577e-01	4.487874e-05	1.034953e+00	7.640030e-01	7.102584e-05	4.923009e-01	4.168244e-01	4.935911e-01	6.752375e-01	5.270060e-01	2.890909e-01	4.303035e-01	3.835065e-01	4.889118e-01	5.942757e-01	0.000000e+00	1	1.000000e+14
5.669904e-06	3.839268e-04	1.127610e+00	9.997832e-01	9.905990e-01	5.089368e-01	4.936282e-01	7.895457e-01	4.821568e-01	5.363904e-01	4.951458e-01	5.800218e-01	3.801425e-01	3.682859e-01	4.377988e-01	0.000000e+00	1	1.000000e+14
1.092071e+00	7.477555e-05	4.179651e-04	2.436516e-04	4.359020e-05	4.828395e-01	3.050558e-01	5.464248e-01	4.439197e-01	5.360986e-01	4.638563e-01	4.251829e-01	3.806540e-01	4.368653e-01	6.484473e-01	0.000000e+00	1	1.000000e+14
4.855330e-02	1.041522e+00	1.519949e-05	9.280455e-06	9.703438e-01	4.814882e-01	5.107479e-01	6.202670e-01	5.252508e-01	4.977327e-01	4.974336e-01	4.183841e-01	5.356755e-01	3.756795e-01	4.392367e-01	0.000000e+00	1	1.000000e+14
1.097416e-05	2.358599e-04	1.149010e+00	9.998692e-01	9.704005e-01	5.089368e-01	4.936282e-01	8.103029e-01	4.841494e-01	5.370656e-01	4.578712e-01	5.800218e-01	3.657136e-01	5.487636e-01	6.496230e-01	0.000000e+00	1	1.000000e+14
5.049345e-01	7.666178e-01	5.480339e-01	3.426398e-01	6.292113e-01	4.436373e-01	6.037181e-01	5.411480e-01	4.806624e-01	5.427336e-01	4.318560e-01	4.451922e-01	5.471156e-01	3.729363e-01	6.589753e-01	0.000000e+00	1	1.454001e-01
8.454165e-01	5.931207e-01	1.435384e-01	8.792048e-02	3.894715e-01	5.193975e-01	4.469012e-01	3.745731e-01	5.989506e-01	5.321774e-01	5.008132e-01	4.183951e-01	5.261576e-01	4.781813e-01	4.287392e-01	0.000000e+00	1	1.318949e-01
4.480905e-01	3.558076e-01	9.243535e-01	6.471388e-01	4.272382e-01	4.819751e-01	5.153455e-01	5.945793e-01	5.769164e-01	5.295010e-01	4.991172e-01	3.050317e-01	6.777172e-01	5.053775e-01	5.345636e-01	0.000000e+00	1	1.254828e-01
4.757991e-01	6.441242e-01	6.386294e-01	4.285776e-01	5.949734e-01	4.771574e-01	5.479029e-01	5.819411e-01	5.793615e-01	5.312025e-01	4.566413e-01	4.449272e-01	5.154454e-01	5.351133e-01	4.670992e-01	0.000000e+00	1	1.228408e-01
8.148523e-01	5.132879e-01	4.651041e-01	2.864264e-01	3.578606e-01	4.585892e-01	5.976811e-01	5.161444e-01	4.655332e-01	5.386722e-01	3.293672e-01	4.035367e-01	5.359986e-01	4.128497e-01	5.892173e-01	0.000000e+00	1	1.182795e-01
1.028776e+00	2.515864e-02	9.552540e-02	5.892582e-02	1.556539e-02	5.218115e-01	4.430430e-01	5.495774e-01	5.826857e-01	5.358965e-01	4.297589e-01	4.277440e-01	5.492302e-01	5.313868e-01	4.248944e-01	0.000000e+00	1	1.108082e-01
1.274187e-01	9.564064e-01	4.365848e-01	2.705124e-01	9.156819e-01	5.246867e-01	5.868867e-01	5.943672e-01	4.905349e-01	5.296083e-01	4.377626e-01	4.477210e-01	5.967877e-01	3.610976e-01	4.242604e-01	0.000000e+00	1	1.105102e-01
7.642525e-01	5.695752e-01	3.519584e-01	2.251894e-01	4.077343e-01	5.834737e-01	5.185686e-01	5.315532e-01	4.704928e-01	4.878668e-01	4.991172e-01	4.649631e-01	5.654280e-01	4.966268e-01	5.347937e-01	0.000000e+00	1	1.093614e-01
4.131141e-01	9.664925e-01	2.737260e-02	1.657532e-02	7.428486e-01	4.125114e-01	3.680831e-01	6.099100e-01	5.027996e-01	5.357754e-01	5.180219e-01	5.021637e-01	4.452261e-01	4.424290e-01	5.798052e-01	0.000000e+00	1	1.035965e-01
7.142982e-01	3.456086e-02	7.999863e-01	5.356159e-01	3.077844e-02	4.819751e-01	5.806999e-01	6.228099e-01	5.316525e-01	5.295010e-01	4.318414e-01	4.189297e-01	3.342886e-01	4.413326e-01	5.843713e-01	0.000000e+00	1	1.035633e-01
2.324161e-02	3.847948e-01	9.746106e-01	7.602144e-01	9.615948e-01	4.819751e-01	3.876904e-01	4.903961e-01	5.079415e-01	5.201093e-01	4.569087e-01	4.691535e-01	3.579105e-01	5.499202e-01	5.953560e-01	0.000000e+00	1	1.007124e-01
9.314819e-01	1.086698e-01	4.979992e-01	3.107736e-01	7.393597e-02	5.224718e-01	5.868867e-01	5.951910e-01	4.905349e-01	5.303409e-01	4.377626e-01	4.452503e-01	6.086148e-01	3.610976e-01	4.242604e-01	0.000000e+00	1	9.968789e-02
7.732044e-01	6.816767e-01	5.691795e-02	3.511707e-02	4.600025e-01	4.836598e-01	5.181154e-01	5.382189e-01	5.835042e-01	5.101307e-01	4.422380e-01	4.650102e-01	4.777597e-01	5.214546e-01	6.330909e-01	0.000000e+00	1	9.827394e-02
4.369280e-01	7.223368e-01	6.186831e-01	4.026251e-01	6.536782e-01	5.224718e-01	6.060261e-01	5.767515e-01	4.790614e-01	5.430009e-01	4.379895e-01	4.450306e-01	5.498027e-01	3.719045e-01	4.691014e-01	0.000000e+00	1	9.587412e-02
2.194888e-01	5.434946e-01	8.502787e-01	6.157720e-01	7.556536e-01	4.838149e-01	3.680988e-01	5.279402e-01	4.917489e-01	5.150134e-01	5.030389e-01	4.989741e-01	4.343425e-01	4.423054e-01	5.796758e-01	0.000000e+00	1	9.292773e-02
6.511688e-01	4.876413e-01	6.986168e-01	4.517177e-01	4.092052e-01	4.049897e-01	3.789938e-01	4.983898e-01	4.658287e-01	5.215657e-01	4.405082e-01	4.455903e-01	6.438447e-01	3.706458e-01	5.556455e-01	0.000000e+00	1	9.100505e-02
1.459345e-01	8.735112e-01	5.531129e-01	3.554095e-01	8.946154e-01	5.224718e-01	5.863903e-01	5.787717e-01	4.790614e-01	5.430009e-01	4.372705e-01	4.852504e-01	5.498027e-01	3.582138e-01	4.691014e-01	0.000000e+00	1	9.063573e-02
6.153645e-01	6.739011e-02	8.830504e-01	6.107605e-01	6.944111e-02	5.542960e-01	3.349111e-01	6.085710e-01	5.836236e-01	4.901297e-01	5.060769e-01	4.729780e-01	6.655833e-01	4.674203e-01	5.097322e-01	0.000000e+00	1	8.991633e-02
2.884903e-01	6.101023e-01	8.139630e-01	5.593029e-01	7.188067e-01	4.490016e-01	3.826898e-01	6.228099e-01	5.354480e-01	5.211930e-01	4.466617e-01	3.682946e-01	5.233936e-01	4.597477e-01	5.428935e-01	0.000000e+00	1	8.986253e-02
3.342433e-03	1.006136e+00	2.155264e-01	1.343406e-01	9.978851e-01	5.162834e-01	4.610242e-01	5.127398e-01	5.620118e-01	5.145745e-01	4.577527e-01	6.046539e-01	5.593606e-01	4.459555e-01	4.385147e-01	0.000000e+00	1	8.954810e-02
5.955185e-01	8.061971e-01	2.916182e-01	1.802486e-01	5.949734e-01	4.934505e-01	5.470535e-01	6.238169e-01	5.125177e-01	6.229060e-01	4.405082e-01	4.401665e-01	5.136093e-01	4.699396e-01	5.529020e-01	0.000000e+00	1	8.771793e-02
1.075978e+00	7.367364e-05	2.511256e-01	1.459695e-01	4.359020e-05	4.949679e-01	3.050558e-01	5.464248e-01	4.439197e-01	5.361998e-01	4.576010e-01	6.016998e-01	3.806540e-01	3.925126e-01	6.493925e-01	0.000000e+00	1	8.403137e-02
9.437825e-01	1.580975e-01	3.278918e-01	2.101551e-01	1.056622e-01	4.801629e-01	5.109926e-01	5.455450e-01	4.802263e-01	4.979185e-01	5.059027e-01	4.241552e-01	5.324002e-01	4.674203e-01	5.258343e-01	0.000000e+00	1	8.401051e-02
3.209770e-01	7.589632e-03	1.000351e+00	8.022861e-01	1.505033e-02	4.819751e-01	3.876904e-01	5.464028e-01	4.345069e-01	5.201093e-01	4.614749e-01	4.750996e-01	5.381444e-01	4.183139e-01	6.435085e-01	0.000000e+00	1	8.310320e-02
2.317395e-01	8.540846e-01	5.907373e-01	3.747126e-01	8.313264e-01	4.651654e-01	6.692065e-01	6.057424e-01	4.580419e-01	5.377980e-01	4.977537e-01	4.122032e-01	4.737876e-01	4.091391e-01	4.439022e-01	0.000000e+00	1	8.012540e-02
1.042959e+00	1.326301e-01	1.223563e-02	7.408602e-03	8.052493e-02	3.935568e-01	3.836230e-01	6.237226e-01	5.262245e-01	5.370474e-01	4.787841e-01	4.684531e-01	5.713955e-01	5.380288e-01	5.346279e-01	0.000000e+00	1	7.938251e-02
9.866856e-01	2.856484e-01	1.844657e-01	1.131190e-01	1.793988e-01	3.842511e-01	5.738323e-01	4.187461e-01	5.170842e-01	4.868799e-01	5.197838e-01	5.678504e-01	4.310097e-01	5.398475e-01	5.798488e-01	0.000000e+00	1	7.879546e-02
1.132097e-02	1.028751e+00	1.769870e-01	1.084563e-01	9.929945e-01	5.314608e-01	3.680988e-01	4.187461e-01	4.847802e-01	4.686029e-01	5.197838e-01	5.678504e-01	4.310097e-01	5.398475e-01	5.798488e-01	0.000000e+00	1	7.765235e-02
1.006540e+00	1.705008e-01	6.899428e-02	4.295951e-02	1.068249e-01	5.657947e-01	5.024266e-01	5.977207e-01	4.772023e-01	4.900964e-01	4.896592e-01	5.729016e-01	5.318114e-01	4.674203e-01	5.347862e-01	0.000000e+00	1	7.753281e-02
3.796243e-01	9.269722e-01	3.812380e-01	2.315164e-01	7.525484e-01	5.134712e-01	5.951743e-01	5.025594e-01	4.802056e-01	5.415423e-01	4.550319e-01	4.360226e-01	4.003558e-01	5.471050e-01	7.053374e-01	0.000000e+00	1	7.653425e-02
3.537803e-03	1.064946e+00	3.927121e-03	2.347591e-03	9.978851e-01	7.006926e-01	4.686991e-01	5.127398e-01	5.707754e-01	5.145745e-01	4.505495e-01	4.271661e-01	5.593606e-01	4.506591e-01	4.321034e-01	0.000000e+00	1	7.653248e-02
5.783746e-01	6.927333e-01	5.165583e-01	3.309658e-01	5.571215e-01	5.212945e-01	5.770116e-01	5.253339e-01	5.683062e-01	5.286085e-01	3.663915e-01	4.165982e-01	5.241073e-01	4.769682e-01	5.373185e-01	0.000000e+00	1	7.564088e-02
2.587592e-01	2.822477e-01	9.851741e-01	7.640030e-01	5.276223e-01	4.890182e-01	6.596532e-01	5.377366e-01	5.161062e-01	5.272000e-01	4.245155e-01	4.876218e-01	4.025168e-01	4.119762e-01	5.763927e-01	0.000000e+00	1	7.563855e-02
7.367141e-02	9.649366e-01	3.195486e-01	2.030354e-01	9.514892e-01	4.801629e-01	5.109926e-01	5.455450e-01	4.802263e-01	4.979185e-01	5.059027e-01	4.241552e-01	5.929379e-01	4.674203e-01	5.258343e-01	0.000000e+00	1	7.521123e-02
1.012423e-01	9.370632e-01	4.870690e-01	3.036532e-01	9.314841e-01	5.224718e-01	5.868867e-01	5.951910e-01	4.905349e-01	5.303409e-01	4.377626e-01	4.452503e-01	6.044196e-01	3.610976e-01	4.242604e-01	0.000000e+00	1	7.481413e-02
6.856222e-01	5.813751e-01	5.059475e-01	3.263584e-01	4.477374e-01	4.623538e-01	5.013268e-01	4.714717e-01	5.393230e-01	4.765675e-01	4.467688e-01	4.372075e-01	5.558790e-01	3.923868e-01	5.756564e-01	0.000000e+00	1	7.474537e-02
6.920569e-01	5.266114e-01	6.622092e-01	4.143175e-01	4.140981e-01	5.193975e-01	4.469012e-01	3.745731e-01	5.799831e-01	5.321774e-01	2.917776e-01	4.323862e-01	3.847044e-01	4.799557e-01	4.287392e-01	0.000000e+00	1	7.418952e-02
9.664065e-01	1.099264e-01	3.524710e-01	2.213315e-01	7.210405e-02	5.621608e-01	3.573711e-01	5.455450e-01	4.771999e-01	4.901297e-01	5.060769e-01	4.669119e-01	5.650572e-01	4.674203e-01	5.347862e-01	0.000000e+00	1	7.397178e-02
2.000675e-01	2.648096e-01	9.875685e-01	7.936016e-01	5.880936e-01	4.837943e-01	3.680988e-01	4.824784e-01	4.970529e-01	5.166713e-01	5.021527e-01	5.186444e-01	3.882351e-01	4.301622e-01	5.766206e-01	0.000000e+00	1	7.379074e-02
5.549091e-01	4.713702e-01	7.642353e-01	5.154168e-01	4.482933e-01	4.431683e-01	5.179232e-01	5.411480e-01	5.266649e-01	4.754559e-01	4.312288e-01	4.411441e-01	5.524030e-01	3.923884e-01	6.626802e-01	0.000000e+00	1	7.308664e-02
1.789867e-01	3.210300e-01	1.016952e+00	7.792082e-01	6.762070e-01	4.912596e-01	2.997337e-01	5.460197e-01	5.118190e-01	5.270060e-01	4.482020e-01	4.303035e-01	3.718575e-01	4.085141e-01	5.763927e-01	0.000000e+00	1	7.289755e-02
5.456607e-01	4.332835e-01	8.626817e-01	5.674794e-01	4.272382e-01	4.819751e-01	5.892909e-01	5.952553e-01	4.842137e-01	5.303287e-01	4.991172e-01	3.050317e-01	6.769369e-01	3.590630e-01	5.345636e-01	0.000000e+00	1	7.185838e-02
6.065672e-01	6.642670e-02	8.891887e-01	6.171185e-01	6.944111e-02	5.542960e-01	3.349111e-01	6.085710e-01	5.836236e-01	4.901297e-01	5.060769e-01	4.729780e-01	6.655833e-01	4.674203e-01	5.097322e-01	0.000000e+00	1	6.930232e-02
8.831954e-01	8.898906e-01	4.514408e-04	2.292255e-04	5.024039e-01	4.772387e-01	2.003058e-01	6.834804e-01	4.785399e-01	7.928628e-01	4.279727e-01	4.244314e-01	4.788712e-01	5.900584e-01	6.551960e-01	0.000000e+00	1	6.914212e-02
9.950091e-01	2.021457e-01	2.084082e-01	1.288827e-01	1.275989e-01	4.833041e-01	5.181154e-01	5.451865e-01	5.835042e-01	5.310557e-01	4.422380e-01	4.345807e-01	5.113108e-01	5.214546e-01	6.330909e-01	0.000000e+00	1	6.870974e-02
3.311813e-01	8.129297e-01	5.859554e-01	3.747126e-01	7.537155e-01	4.651654e-01	6.729251e-01	4.626164e-01	4.580419e-01	5.377980e-01	4.977537e-01	4.147345e-01	4.691747e-01	4.087356e-01	4.439022e-01	0.000000e+00	1	6.859907e-02
1.567628e-01	8.287821e-01	6.181524e-01	4.026251e-01	8.809903e-01	5.224718e-01	5.863903e-01	5.767515e-01	4.790614e-01	5.430009e-01	4.380298e-01	4.450306e-01	5.498027e-01	3.610976e-01	4.691014e-01	0.000000e+00	1	6.756439e-02
6.387283e-01	6.130714e-01	6.741709e-01	4.143175e-01	4.869537e-01	5.642429e-01	4.729703e-01	3.735854e-01	5.040686e-01	5.321774e-01	2.917776e-01	4.304621e-01	3.847044e-01	4.799557e-01	6.703778e-01	0.000000e+00	1	6.676295e-02
8.211222e-01	9.161025e-05	7.325048e-01	4.637271e-01	7.102584e-05	5.724257e-01	4.136535e-01	4.898658e-01	4.610565e-01	5.209613e-01	2.890909e-01	4.451476e-01	3.835065e-01	3.748765e-01	5.942757e-01	0.000000e+00	1	6.499853e-02
5.265445e-01	6.209953e-01	7.124781e-01	4.576538e-01	5.522806e-01	3.995367e-01	4.035828e-01	6.437073e-01	4.658287e-01	5.222163e-01	4.405082e-01	4.228245e-01	3.957199e-01	3.706458e-01	5.556455e-01	0.000000e+00	1	6.385305e-02
