3.539541e-04	1.033369e+00	2.840126e-03	1.749690e-03	9.997819e-01	5.177972e-01	3.503802e-01	5.501864e-01	5.439868e-01	4.798610e-01	4.979482e-01	4.283618e-01	5.235085e-01	4.910696e-01	5.065026e-01	0.000000e+00	1	1.000000e+14
1.011099e+00	8.024260e-07	3.869750e-04	2.436516e-04	5.052326e-07	4.713890e-01	5.117916e-01	5.337232e-01	5.198871e-01	4.644618e-01	4.451165e-01	4.403748e-01	4.997630e-01	4.727628e-01	4.939477e-01	0.000000e+00	1	1.000000e+14
4.635863e-01	9.132129e-01	5.603396e-10	3.483137e-10	7.009520e-01	5.208777e-01	5.123253e-01	5.495050e-01	4.895186e-01	4.994178e-01	5.190507e-01	4.402652e-01	5.260462e-01	3.776171e-01	5.375197e-01	0.000000e+00	1	1.000000e+14
2.456960e-08	1.013711e-04	1.028839e+00	9.999373e-01	9.998457e-01	4.932381e-01	5.127803e-01	5.367649e-01	5.695785e-01	5.225277e-01	4.580287e-01	4.159673e-01	4.075921e-01	4.873390e-01	4.336114e-01	0.000000e+00	1	1.000000e+14
8.680311e-01	6.888847e-07	5.313033e-01	3.496657e-01	5.052326e-07	4.343131e-01	4.963693e-01	5.395014e-01	5.482296e-01	5.653147e-01	5.063191e-01	4.400845e-01	5.258777e-01	4.727628e-01	4.857933e-01	0.000000e+00	1	1.000000e+14
4.337020e-01	6.884097e-01	6.217727e-01	4.154074e-01	6.420982e-01	4.989029e-01	4.935010e-01	5.410222e-01	4.773471e-01	4.951087e-01	3.826744e-01	4.981284e-01	4.663942e-01	4.717848e-01	4.221708e-01	0.000000e+00	1	1.466718e-01
4.138445e-01	6.530165e-01	6.718574e-01	4.554635e-01	6.403980e-01	5.170786e-01	4.968570e-01	5.420919e-01	4.898211e-01	5.262668e-01	4.718485e-01	4.401665e-01	5.137285e-01	3.762231e-01	5.387610e-01	0.000000e+00	1	1.459990e-01
1.694652e-01	8.520671e-01	5.317469e-01	3.496657e-01	8.750155e-01	5.172247e-01	4.963693e-01	5.333279e-01	5.482296e-01	4.021047e-01	5.063191e-01	4.400845e-01	5.258777e-01	4.727628e-01	4.857933e-01	0.000000e+00	1	1.272837e-01
2.441699e-01	4.000246e-01	9.049740e-01	6.957984e-01	6.511183e-01	5.498441e-01	4.855593e-01	5.502618e-01	5.707487e-01	4.846406e-01	4.493723e-01	4.343348e-01	5.243221e-01	4.679827e-01	5.131576e-01	0.000000e+00	1	1.258902e-01
8.415365e-01	6.020112e-01	6.691046e-02	4.111081e-02	3.953205e-01	4.757840e-01	3.621261e-01	5.513844e-01	4.565016e-01	5.532316e-01	4.280317e-01	4.591510e-01	5.141455e-01	5.382598e-01	5.372300e-01	0.000000e+00	1	1.220488e-01
5.820243e-01	8.273499e-01	1.001041e-01	6.279531e-02	6.097152e-01	5.309546e-01	5.209771e-01	5.604655e-01	4.600554e-01	5.690861e-01	4.973431e-01	4.954214e-01	4.809161e-01	4.876416e-01	4.326457e-01	0.000000e+00	1	1.165140e-01
5.004102e-01	3.595565e-01	8.207964e-01	5.900399e-01	3.966459e-01	4.698508e-01	4.071055e-01	5.515156e-01	4.560080e-01	5.532316e-01	4.294991e-01	4.582548e-01	4.696239e-01	5.382598e-01	4.829379e-01	0.000000e+00	1	1.103073e-01
6.131924e-02	4.160586e-01	9.404848e-01	7.323047e-01	9.068448e-01	5.156850e-01	4.737371e-01	5.953972e-01	5.676394e-01	5.318454e-01	4.545802e-01	4.430345e-01	5.660011e-01	5.149754e-01	5.686819e-01	0.000000e+00	1	1.029037e-01
4.932909e-01	6.592781e-01	5.836581e-01	3.925621e-01	5.910568e-01	5.204405e-01	4.969702e-01	5.424598e-01	5.172234e-01	5.053366e-01	5.077087e-01	4.395959e-01	5.020590e-01	4.715455e-01	5.469066e-01	0.000000e+00	1	1.013756e-01
1.510102e-01	1.024623e+00	1.993904e-01	1.210801e-01	9.068448e-01	5.156850e-01	4.894751e-01	5.492691e-01	4.905349e-01	5.047879e-01	4.542189e-01	4.430916e-01	5.281227e-01	5.160243e-01	2.868546e-01	0.000000e+00	1	9.932505e-02
3.760800e-01	5.935422e-01	7.206866e-01	5.080631e-01	6.404539e-01	5.172176e-01	4.836365e-01	5.265728e-01	4.750300e-01	5.218758e-01	4.713923e-01	5.087270e-01	4.657174e-01	4.771195e-01	5.396442e-01	0.000000e+00	1	9.929373e-02
3.241703e-01	5.235211e-01	7.983155e-01	5.817346e-01	6.470414e-01	4.703037e-01	5.139448e-01	5.526135e-01	4.849211e-01	4.748668e-01	4.934693e-01	4.617503e-01	5.217735e-01	4.615678e-01	4.936589e-01	0.000000e+00	1	9.905273e-02
1.384028e-02	5.826547e-01	8.431944e-01	6.149737e-01	9.848807e-01	4.639278e-01	4.166335e-01	5.412596e-01	5.151615e-01	4.747812e-01	5.107005e-01	4.432848e-01	4.686813e-01	4.433420e-01	5.816885e-01	0.000000e+00	1	9.905187e-02
5.319032e-01	7.871045e-01	3.788239e-01	2.415637e-01	6.216697e-01	4.983529e-01	5.271104e-01	5.417549e-01	4.289417e-01	5.220873e-01	4.939624e-01	4.082493e-01	5.183180e-01	4.380615e-01	4.544146e-01	0.000000e+00	1	9.814289e-02
5.542655e-01	8.402943e-01	2.096798e-01	1.307376e-01	6.287867e-01	5.075524e-01	4.936824e-01	5.245571e-01	4.802077e-01	4.864932e-01	4.584657e-01	4.721930e-01	6.300026e-01	4.885793e-01	4.137857e-01	0.000000e+00	1	9.743180e-02
3.666888e-01	9.516190e-01	1.271016e-01	7.893555e-02	7.658528e-01	5.309546e-01	5.585926e-01	5.820917e-01	5.170568e-01	4.977964e-01	4.973431e-01	4.970163e-01	4.903563e-01	3.913768e-01	4.338259e-01	0.000000e+00	1	9.625445e-02
8.051490e-01	5.800426e-01	2.467160e-01	1.551332e-01	3.974400e-01	5.346951e-01	4.935525e-01	5.266606e-01	3.981679e-01	5.311726e-01	4.997358e-01	4.173336e-01	5.239190e-01	4.592120e-01	4.869494e-01	0.000000e+00	1	9.390216e-02
7.624735e-01	4.826514e-01	4.936955e-01	3.186979e-01	3.592680e-01	4.729976e-01	5.236996e-01	5.396151e-01	3.997160e-01	5.668247e-01	4.199424e-01	4.595112e-01	5.221873e-01	4.487395e-01	4.918652e-01	0.000000e+00	1	9.382492e-02
1.195558e-01	1.785934e-01	9.857319e-01	8.633380e-01	6.244497e-01	5.172176e-01	4.867482e-01	5.208034e-01	4.750300e-01	4.937023e-01	5.085452e-01	4.684496e-01	4.795218e-01	4.771195e-01	5.728657e-01	0.000000e+00	1	9.342078e-02
8.963127e-01	2.942563e-01	3.699658e-01	2.379297e-01	2.019425e-01	4.853416e-01	5.025044e-01	5.347068e-01	5.045874e-01	4.708425e-01	4.862480e-01	4.182295e-01	5.537262e-01	4.873274e-01	5.333250e-01	0.000000e+00	1	9.093704e-02
6.924625e-01	5.445630e-01	5.174150e-01	3.380848e-01	4.242449e-01	4.729976e-01	5.273579e-01	5.395758e-01	5.581097e-01	5.668247e-01	4.374415e-01	4.339822e-01	4.528604e-01	4.915654e-01	4.858575e-01	0.000000e+00	1	8.548600e-02
9.296195e-01	2.220979e-01	3.668130e-01	2.332884e-01	1.492979e-01	4.704354e-01	4.867140e-01	6.237877e-01	5.045874e-01	4.953591e-01	5.343526e-01	4.625750e-01	5.537262e-01	4.724437e-01	5.333250e-01	0.000000e+00	1	8.377902e-02
9.545671e-01	2.177586e-01	2.643099e-01	1.678573e-01	1.427842e-01	4.601132e-01	5.117284e-01	5.396078e-01	5.461470e-01	5.220245e-01	4.954565e-01	4.452708e-01	5.191354e-01	4.304277e-01	4.979531e-01	0.000000e+00	1	8.177488e-02
6.186915e-01	6.708833e-01	4.595643e-01	2.969825e-01	5.257513e-01	4.959452e-01	4.973863e-01	5.406458e-01	5.694311e-01	5.330009e-01	4.804732e-01	4.416519e-01	5.229767e-01	4.707368e-01	5.950726e-01	0.000000e+00	1	8.142369e-02
6.701972e-01	7.291545e-01	2.558017e-01	1.609152e-01	5.268061e-01	5.302039e-01	4.973863e-01	5.406458e-01	5.742644e-01	5.323870e-01	4.804732e-01	4.416519e-01	5.129544e-01	4.727364e-01	5.950726e-01	0.000000e+00	1	8.118049e-02
6.838853e-01	1.298653e-01	7.733245e-01	5.334234e-01	1.194674e-01	4.555265e-01	5.451345e-01	5.773573e-01	3.869428e-01	4.779628e-01	4.614527e-01	4.365585e-01	4.036756e-01	4.510818e-01	4.945814e-01	0.000000e+00	1	8.103752e-02
7.666144e-01	6.309410e-01	2.287391e-01	1.441509e-01	4.383906e-01	5.060960e-01	5.709613e-01	5.833285e-01	4.832624e-01	5.465172e-01	4.976099e-01	4.694357e-01	5.163450e-01	4.733186e-01	4.500448e-01	0.000000e+00	1	8.064101e-02
9.871640e-02	1.460794e-01	9.990695e-01	8.887999e-01	6.216697e-01	4.983529e-01	5.274836e-01	5.417549e-01	4.773471e-01	4.951087e-01	4.939624e-01	4.981284e-01	5.332961e-01	4.347145e-01	4.221708e-01	0.000000e+00	1	8.043829e-02
6.360939e-01	7.382857e-01	2.958546e-01	1.876426e-01	5.472488e-01	5.387186e-01	4.902180e-01	5.550184e-01	6.019745e-01	4.859248e-01	4.833949e-01	4.851407e-01	5.145555e-01	4.699396e-01	4.599394e-01	0.000000e+00	1	8.036797e-02
7.016247e-01	7.608126e-01	2.186495e-02	1.344765e-02	5.257513e-01	4.959452e-01	5.128085e-01	5.406458e-01	5.694311e-01	5.330009e-01	4.801112e-01	3.805018e-01	4.968620e-01	4.707368e-01	6.090549e-01	0.000000e+00	1	7.791590e-02
7.481396e-01	6.157357e-01	3.223170e-01	2.044408e-01	4.383906e-01	4.862768e-01	5.504417e-01	5.833285e-01	4.837791e-01	5.465172e-01	5.036461e-01	4.579695e-01	4.352170e-01	4.743841e-01	5.490519e-01	0.000000e+00	1	7.647958e-02
1.970307e-04	8.129244e-01	6.108895e-01	4.102646e-01	9.998457e-01	4.923953e-01	4.939573e-01	5.367649e-01	4.855037e-01	5.207508e-01	4.507490e-01	4.159673e-01	4.729440e-01	4.873390e-01	4.336114e-01	0.000000e+00	1	7.593315e-02
2.958176e-01	9.915702e-01	1.474044e-02	9.068249e-03	8.154272e-01	5.500266e-01	5.211366e-01	5.029361e-01	5.526067e-01	5.702423e-01	4.513440e-01	4.196665e-01	3.996935e-01	4.888942e-01	5.720808e-01	0.000000e+00	1	7.577402e-02
4.217204e-01	9.180590e-01	6.048287e-02	3.806708e-02	7.258644e-01	5.171885e-01	4.905258e-01	5.420781e-01	4.927279e-01	5.401224e-01	4.887044e-01	4.677105e-01	5.400007e-01	4.683424e-01	4.328794e-01	0.000000e+00	1	7.524667e-02
5.365383e-01	3.412443e-01	7.903595e-01	5.686947e-01	3.606313e-01	4.601132e-01	5.117284e-01	5.396078e-01	5.644502e-01	5.215343e-01	4.976689e-01	4.659646e-01	5.190171e-01	4.296687e-01	4.979531e-01	0.000000e+00	1	7.387822e-02
3.623437e-01	3.045570e-01	9.091625e-01	6.944131e-01	4.449746e-01	4.626904e-01	5.661525e-01	5.271531e-01	5.081701e-01	4.983551e-01	4.351181e-01	4.323327e-01	4.183558e-01	5.290692e-01	4.538977e-01	0.000000e+00	1	7.363571e-02
2.181348e-01	9.659538e-01	3.022923e-01	1.886149e-01	8.586081e-01	4.933407e-01	5.250090e-01	5.408338e-01	4.181540e-01	5.658292e-01	4.580287e-01	4.171143e-01	4.027604e-01	4.872567e-01	5.613995e-01	0.000000e+00	1	7.351023e-02
9.476552e-01	1.022061e-01	3.991843e-01	2.524909e-01	6.839607e-02	4.375772e-01	4.944853e-01	5.630416e-01	4.238486e-01	5.878578e-01	4.539982e-01	4.202637e-01	4.502102e-01	4.723162e-01	5.150631e-01	0.000000e+00	1	7.292897e-02
1.122763e-01	4.445194e-02	1.003402e+00	9.237519e-01	2.399931e-01	4.726184e-01	5.028531e-01	5.347068e-01	5.037316e-01	4.945603e-01	4.942830e-01	4.617402e-01	4.795930e-01	4.705917e-01	5.765410e-01	0.000000e+00	1	7.243991e-02
4.668168e-01	8.947697e-01	9.751483e-07	6.151255e-07	6.938686e-01	5.208777e-01	5.123253e-01	5.495611e-01	4.879635e-01	4.994774e-01	4.977721e-01	4.661456e-01	4.454335e-01	4.777012e-01	5.375197e-01	0.000000e+00	1	7.212411e-02
7.091443e-01	1.346618e-01	7.310426e-01	5.040425e-01	1.194674e-01	5.709327e-01	5.451345e-01	5.496211e-01	3.919112e-01	4.752252e-01	4.858533e-01	4.365585e-01	5.192670e-01	4.862805e-01	5.271140e-01	0.000000e+00	1	7.153121e-02
6.623210e-01	6.373718e-01	4.373352e-01	2.827144e-01	4.877808e-01	4.504082e-01	4.836275e-01	5.153825e-01	5.189507e-01	5.330009e-01	4.804732e-01	4.416519e-01	5.229767e-01	4.872903e-01	5.950726e-01	0.000000e+00	1	7.087365e-02
9.117729e-01	4.499740e-01	2.932401e-02	1.835538e-02	2.918561e-01	5.653539e-01	5.451345e-01	5.496413e-01	4.446378e-01	4.741318e-01	4.859291e-01	4.365585e-01	5.189297e-01	4.910702e-01	5.042382e-01	0.000000e+00	1	7.058894e-02
1.348043e-01	9.384285e-01	3.970528e-01	2.524909e-01	9.091716e-01	5.204888e-01	4.944853e-01	5.630416e-01	4.238486e-01	4.246477e-01	4.539982e-01	4.202637e-01	4.502102e-01	4.723162e-01	5.150631e-01	0.000000e+00	1	6.856954e-02
3.641050e-01	4.693733e-01	8.584705e-01	6.146414e-01	5.799816e-01	4.630544e-01	5.003576e-01	5.370004e-01	4.805417e-01	5.793072e-01	5.026265e-01	3.754068e-01	3.652445e-01	4.712770e-01	4.933251e-01	0.000000e+00	1	6.833136e-02
5.149148e-01	3.254854e-01	8.312780e-01	5.973998e-01	3.588622e-01	4.655448e-01	4.087750e-01	5.515156e-01	4.560080e-01	5.200118e-01	4.294991e-01	4.052459e-01	4.698917e-01	4.693770e-01	4.829379e-01	0.000000e+00	1	6.792489e-02
2.000820e-01	7.932222e-02	9.871781e-01	8.633380e-01	2.402864e-01	4.725234e-01	4.857735e-01	5.208034e-01	4.750300e-01	4.946854e-01	5.350098e-01	4.708616e-01	4.795218e-01	4.771195e-01	5.728657e-01	0.000000e+00	1	6.652955e-02
2.659226e-01	4.356622e-01	8.842890e-01	6.667404e-01	6.511183e-01	5.498441e-01	4.855593e-01	5.987963e-01	5.707487e-01	4.846406e-01	4.993949e-01	4.661973e-01	5.243221e-01	4.612565e-01	4.905028e-01	0.000000e+00	1	6.540626e-02
8.844402e-01	1.013201e-01	4.703840e-01	3.094604e-01	7.261360e-02	4.729085e-01	4.974213e-01	5.291211e-01	5.124983e-01	5.072419e-01	4.859370e-01	4.401665e-01	5.168601e-01	4.727507e-01	5.159777e-01	0.000000e+00	1	6.317132e-02
7.493915e-01	5.713182e-01	4.356943e-01	2.757087e-01	4.146781e-01	4.734239e-01	4.963009e-01	5.489307e-01	4.571288e-01	5.942295e-01	3.850860e-01	4.637589e-01	5.883447e-01	4.825116e-01	5.414888e-01	0.000000e+00	1	6.283215e-02
1.677565e-01	2.505486e-01	9.810111e-01	8.101626e-01	6.243938e-01	5.077926e-01	4.999687e-01	5.363225e-01	4.898211e-01	4.980933e-01	5.090013e-01	4.410485e-01	5.275329e-01	3.762231e-01	5.719825e-01	0.000000e+00	1	6.173643e-02
