6.001243e-01	4.762691e-07	8.122684e-01	5.949120e-01	5.052326e-07	4.713962e-01	5.117916e-01	5.320839e-01	5.323471e-01	4.638405e-01	5.237927e-01	4.403748e-01	5.232172e-01	4.724283e-01	4.875728e-01	0.000000e+00	1	1.000000e+14
6.521808e-09	2.664600e-05	1.024533e+00	9.999834e-01	9.998442e-01	5.177527e-01	5.127803e-01	5.367649e-01	5.440478e-01	5.225277e-01	4.580287e-01	4.159673e-01	4.075921e-01	4.873390e-01	4.477292e-01	0.000000e+00	1	1.000000e+14
2.555956e-04	1.044281e+00	7.082311e-02	4.310952e-02	9.998442e-01	5.167977e-01	4.972103e-01	5.367649e-01	5.440478e-01	6.512111e-01	5.336311e-01	4.164525e-01	4.130539e-01	4.896483e-01	4.332527e-01	0.000000e+00	1	1.000000e+14
1.005945e+00	7.983356e-07	3.850023e-04	2.436516e-04	5.052326e-07	4.713890e-01	5.117916e-01	5.337232e-01	4.834392e-01	4.644618e-01	5.193244e-01	4.949873e-01	5.337044e-01	4.727628e-01	4.939477e-01	0.000000e+00	1	1.000000e+14
2.081243e-05	1.674334e-05	1.027046e+00	9.999834e-01	4.312915e-01	5.176485e-01	5.593138e-01	5.338238e-01	5.440478e-01	5.225277e-01	4.580287e-01	4.164479e-01	4.097325e-01	4.987949e-01	4.477292e-01	0.000000e+00	1	1.000000e+14
5.290386e-01	8.685262e-01	1.267238e-10	7.932902e-11	6.517053e-01	5.208777e-01	5.123253e-01	4.498328e-01	4.740429e-01	4.994178e-01	5.205391e-01	4.341434e-01	4.483597e-01	4.552876e-01	5.613386e-01	0.000000e+00	1	1.000000e+14
1.632566e-01	1.004677e+00	9.500969e-03	5.942233e-03	8.974478e-01	5.208777e-01	5.123253e-01	4.488916e-01	5.391740e-01	4.994178e-01	5.205391e-01	4.341434e-01	4.483597e-01	4.552876e-01	5.611492e-01	0.000000e+00	1	1.301281e-01
3.480556e-01	8.524087e-01	4.555676e-01	2.925081e-01	7.532091e-01	4.782673e-01	5.186385e-01	4.626281e-01	5.364185e-01	4.607432e-01	4.581141e-01	4.324640e-01	4.854044e-01	3.799832e-01	5.354165e-01	0.000000e+00	1	1.198344e-01
8.285113e-01	5.926933e-01	6.433589e-02	4.015297e-02	3.953205e-01	5.428913e-01	4.233866e-01	5.431229e-01	4.936760e-01	4.790249e-01	4.882050e-01	4.331422e-01	4.885319e-01	5.639723e-01	4.572067e-01	0.000000e+00	1	1.191326e-01
2.146306e-01	6.288048e-01	7.858254e-01	5.531670e-01	7.905959e-01	4.795756e-01	5.704135e-01	5.791978e-01	5.092646e-01	4.902622e-01	4.969979e-01	4.694024e-01	5.108505e-01	3.913768e-01	4.338259e-01	0.000000e+00	1	1.138868e-01
3.222165e-01	1.106416e-01	9.657819e-01	7.841057e-01	2.105697e-01	4.643127e-01	5.192231e-01	5.384482e-01	5.030762e-01	4.516470e-01	4.580287e-01	4.113408e-01	4.229969e-01	4.598669e-01	5.384479e-01	0.000000e+00	1	1.051736e-01
1.044088e-01	5.009285e-01	9.002328e-01	6.709559e-01	8.691819e-01	4.713890e-01	4.927090e-01	5.302830e-01	5.305911e-01	5.469867e-01	6.565422e-01	4.403748e-01	5.014293e-01	4.739245e-01	5.426605e-01	0.000000e+00	1	1.041536e-01
9.931284e-01	3.270319e-02	2.207232e-01	1.391531e-01	2.095598e-02	4.925293e-01	4.911358e-01	5.436283e-01	6.054420e-01	4.932996e-01	4.881274e-01	5.475331e-01	5.237924e-01	4.699396e-01	4.714452e-01	0.000000e+00	1	1.032632e-01
1.305371e-01	9.638826e-01	3.708958e-01	2.319164e-01	9.143050e-01	5.134267e-01	5.460160e-01	5.408700e-01	4.720178e-01	5.347785e-01	4.659380e-01	4.546481e-01	5.363609e-01	4.573962e-01	6.693560e-01	0.000000e+00	1	1.020200e-01
7.889219e-01	4.263108e-01	5.266945e-01	3.380848e-01	3.153947e-01	4.729330e-01	6.439728e-01	5.395758e-01	5.583824e-01	5.668247e-01	4.374415e-01	4.340689e-01	5.232631e-01	4.915654e-01	4.858575e-01	0.000000e+00	1	1.016171e-01
6.644338e-01	4.849525e-01	6.310346e-01	4.165890e-01	4.013856e-01	5.167977e-01	4.972103e-01	5.367649e-01	5.527076e-01	6.512111e-01	5.336311e-01	4.164525e-01	5.099633e-01	4.896483e-01	5.339177e-01	0.000000e+00	1	9.691137e-02
2.751008e-01	6.839667e-02	9.725151e-01	8.194363e-01	1.551336e-01	4.487640e-01	4.892023e-01	5.432533e-01	4.874870e-01	4.989210e-01	4.527298e-01	4.370216e-01	5.000811e-01	4.595836e-01	4.804240e-01	0.000000e+00	1	9.505561e-02
2.461242e-01	6.387335e-01	7.677644e-01	5.364543e-01	7.658528e-01	4.795756e-01	5.704135e-01	5.820917e-01	5.092646e-01	4.905771e-01	4.969979e-01	4.973111e-01	5.108505e-01	3.913768e-01	4.338259e-01	0.000000e+00	1	9.472665e-02
9.880391e-01	1.876221e-01	1.044277e-01	6.586820e-02	1.194674e-01	4.713230e-01	4.890117e-01	5.317645e-01	4.861177e-01	5.049437e-01	5.292776e-01	4.164876e-01	5.236288e-01	4.801860e-01	4.877143e-01	0.000000e+00	1	9.145315e-02
9.184016e-01	3.964366e-01	1.548223e-01	9.775656e-02	2.594211e-01	5.349743e-01	4.931992e-01	5.266606e-01	4.786501e-01	4.688088e-01	5.097886e-01	4.183154e-01	4.810916e-01	4.607397e-01	4.879185e-01	0.000000e+00	1	9.105890e-02
5.142827e-01	9.017591e-01	1.185566e-01	7.239158e-02	6.700381e-01	4.811032e-01	5.704135e-01	5.820917e-01	5.092646e-01	5.331261e-01	4.969979e-01	4.170981e-01	4.519434e-01	3.506952e-01	4.886149e-01	0.000000e+00	1	9.104950e-02
5.045834e-01	8.254153e-01	3.025482e-01	1.929587e-01	6.506911e-01	4.782727e-01	4.902101e-01	5.584360e-01	5.188968e-01	5.304132e-01	4.910107e-01	4.349310e-01	5.154133e-01	4.603328e-01	4.526542e-01	0.000000e+00	1	8.734141e-02
2.289285e-02	1.018509e+00	1.581518e-01	9.804535e-02	9.856932e-01	4.903205e-01	5.631174e-01	5.955886e-01	4.479090e-01	4.760549e-01	4.884356e-01	4.636471e-01	4.159134e-01	4.751902e-01	4.270218e-01	0.000000e+00	1	8.690142e-02
1.646967e-02	9.832863e-01	2.553472e-01	1.617277e-01	9.893379e-01	4.663586e-01	5.036666e-01	5.821155e-01	5.057617e-01	4.624114e-01	4.496707e-01	4.496247e-01	5.061757e-01	4.887513e-01	5.382692e-01	0.000000e+00	1	8.535228e-02
4.852326e-01	3.264821e-01	8.387454e-01	6.123621e-01	3.770455e-01	4.607298e-01	4.086606e-01	5.530466e-01	4.863697e-01	5.032348e-01	4.891704e-01	4.629722e-01	4.714577e-01	4.609667e-01	4.238930e-01	0.000000e+00	1	8.513213e-02
6.359686e-01	7.381402e-01	2.957963e-01	1.876426e-01	5.472488e-01	5.387186e-01	4.902180e-01	5.550184e-01	6.019745e-01	4.859248e-01	4.833949e-01	4.851407e-01	5.033522e-01	4.699396e-01	4.599394e-01	0.000000e+00	1	8.325446e-02
9.388606e-01	5.802763e-02	3.939498e-01	2.524909e-01	3.929721e-02	4.277158e-01	5.239850e-01	5.299172e-01	4.819026e-01	5.010126e-01	4.525904e-01	4.202931e-01	4.506195e-01	4.613369e-01	5.160358e-01	0.000000e+00	1	8.226711e-02
5.526787e-01	6.414694e-01	5.637861e-01	3.739723e-01	5.472488e-01	5.387186e-01	4.895316e-01	5.548765e-01	6.019745e-01	4.859248e-01	4.833949e-01	4.851407e-01	5.145555e-01	4.699396e-01	5.204427e-01	0.000000e+00	1	8.224722e-02
8.705448e-01	9.972822e-02	4.969622e-01	3.284435e-01	7.261360e-02	4.626935e-01	4.892215e-01	5.190205e-01	5.125313e-01	4.931750e-01	4.834957e-01	4.401410e-01	5.220808e-01	4.696622e-01	4.956597e-01	0.000000e+00	1	8.186371e-02
4.369755e-01	7.148199e-01	5.679814e-01	3.792772e-01	6.506911e-01	4.771384e-01	4.895238e-01	5.579565e-01	4.775224e-01	5.313511e-01	5.294867e-01	4.343348e-01	5.154133e-01	4.666361e-01	5.131576e-01	0.000000e+00	1	8.132607e-02
1.656559e-01	9.353729e-01	3.622197e-01	2.319164e-01	8.884108e-01	5.134267e-01	4.994871e-01	5.408700e-01	4.720178e-01	5.338565e-01	4.659380e-01	4.430345e-01	5.363609e-01	4.557180e-01	5.719497e-01	0.000000e+00	1	7.942346e-02
7.271376e-01	6.614070e-01	2.844323e-01	1.793185e-01	4.698863e-01	5.170786e-01	5.570564e-01	6.231994e-01	4.898211e-01	5.072832e-01	4.718485e-01	4.565418e-01	5.144435e-01	4.995620e-01	5.387610e-01	0.000000e+00	1	7.932517e-02
4.780365e-02	8.936201e-01	5.106784e-01	3.301276e-01	9.659769e-01	4.663586e-01	6.391998e-01	5.405913e-01	5.057617e-01	4.624114e-01	4.493404e-01	4.496247e-01	5.061757e-01	4.916348e-01	5.392713e-01	0.000000e+00	1	7.895183e-02
9.187539e-05	3.753731e-01	9.512473e-01	7.607248e-01	9.998442e-01	5.243127e-01	5.127803e-01	5.495955e-01	5.440478e-01	5.211246e-01	4.943141e-01	4.163328e-01	4.157006e-01	4.873390e-01	4.477292e-01	0.000000e+00	1	7.759440e-02
7.591270e-01	5.651373e-01	4.301264e-01	2.715711e-01	4.074010e-01	4.977183e-01	4.908079e-01	5.166919e-01	4.915077e-01	6.023185e-01	5.131572e-01	4.637589e-01	6.088361e-01	5.217337e-01	6.218012e-01	0.000000e+00	1	7.740594e-02
4.093444e-01	1.518251e-01	9.190647e-01	7.176708e-01	2.261080e-01	4.448669e-01	5.447465e-01	4.631222e-01	5.005944e-01	4.578038e-01	5.162531e-01	4.581136e-01	4.270439e-01	4.590667e-01	4.828438e-01	0.000000e+00	1	7.610875e-02
6.062831e-01	7.867410e-01	2.679837e-01	1.677688e-01	5.820135e-01	4.612575e-01	4.980340e-01	5.822903e-01	4.898211e-01	4.980933e-01	5.005319e-01	4.067306e-01	5.283457e-01	4.889205e-01	6.037050e-01	0.000000e+00	1	7.609106e-02
5.479135e-01	4.424009e-01	7.205606e-01	5.073003e-01	4.324265e-01	4.903205e-01	5.554777e-01	5.330718e-01	4.843674e-01	4.760549e-01	5.198423e-01	4.634850e-01	5.173136e-01	4.805386e-01	4.928802e-01	0.000000e+00	1	7.480416e-02
9.044358e-01	2.818443e-01	3.967479e-01	2.524909e-01	1.923145e-01	4.277158e-01	5.239850e-01	5.299172e-01	4.741486e-01	5.010126e-01	4.266806e-01	4.157474e-01	4.500166e-01	4.613369e-01	4.431982e-01	0.000000e+00	1	7.469552e-02
3.719419e-01	7.298009e-01	6.088510e-01	4.069282e-01	6.999378e-01	4.839294e-01	4.938116e-01	5.419413e-01	4.775224e-01	5.313511e-01	5.279983e-01	4.404566e-01	5.154133e-01	3.889655e-01	5.131576e-01	0.000000e+00	1	7.444293e-02
8.151724e-01	5.074956e-01	3.233085e-01	2.067575e-01	3.544982e-01	4.663586e-01	5.261568e-01	5.366321e-01	5.057617e-01	4.624114e-01	4.479728e-01	4.327305e-01	5.235746e-01	4.887513e-01	4.737759e-01	0.000000e+00	1	7.417155e-02
1.201606e-01	4.741948e-02	1.000018e+00	9.182165e-01	2.392876e-01	4.725234e-01	4.850125e-01	5.245491e-01	4.780629e-01	4.916677e-01	5.358068e-01	4.581552e-01	5.222525e-01	4.484359e-01	4.974055e-01	0.000000e+00	1	7.291790e-02
7.933170e-02	8.050822e-01	6.079263e-01	4.102646e-01	9.374702e-01	4.912600e-01	4.939573e-01	5.367649e-01	4.855037e-01	4.948385e-01	4.540129e-01	4.631799e-01	4.665351e-01	4.904201e-01	4.254494e-01	0.000000e+00	1	7.272649e-02
8.086087e-01	9.263292e-02	5.977309e-01	4.032642e-01	7.261360e-02	4.606828e-01	4.898528e-01	5.518079e-01	4.847357e-01	4.932487e-01	4.834957e-01	4.401410e-01	4.681515e-01	5.086990e-01	5.158272e-01	0.000000e+00	1	7.244051e-02
4.235598e-01	6.928740e-01	6.036231e-01	4.069282e-01	6.506911e-01	4.839294e-01	4.938116e-01	5.579565e-01	4.775224e-01	5.313511e-01	5.294867e-01	4.343348e-01	5.154133e-01	4.666361e-01	5.131576e-01	0.000000e+00	1	7.014722e-02
7.105554e-01	2.439881e-01	7.019655e-01	4.784059e-01	2.105697e-01	4.643127e-01	5.192231e-01	5.736749e-01	5.028813e-01	4.525336e-01	4.580287e-01	4.113408e-01	4.229969e-01	4.598564e-01	5.411644e-01	0.000000e+00	1	6.873513e-02
1.729793e-01	2.568330e-01	9.795242e-01	8.050767e-01	6.226598e-01	5.268048e-01	4.998496e-01	5.150996e-01	4.898584e-01	5.297168e-01	5.498106e-01	4.410485e-01	4.820724e-01	3.762231e-01	5.614218e-01	0.000000e+00	1	6.864323e-02
5.841064e-01	1.009744e-01	8.246796e-01	6.032430e-01	1.089754e-01	5.243127e-01	5.127803e-01	5.495955e-01	5.303151e-01	5.211246e-01	4.987589e-01	4.098191e-01	5.028788e-01	4.873390e-01	4.477292e-01	0.000000e+00	1	6.785868e-02
2.572358e-01	3.353686e-01	9.289061e-01	7.281557e-01	5.834546e-01	4.872241e-01	4.742187e-01	5.790474e-01	4.898211e-01	4.980933e-01	5.210915e-01	4.129551e-01	5.287354e-01	4.869323e-01	5.658910e-01	0.000000e+00	1	6.673754e-02
7.022723e-01	4.340495e-02	7.378948e-01	5.151375e-01	3.929721e-02	4.293587e-01	5.239850e-01	5.299172e-01	4.819026e-01	4.998094e-01	4.526210e-01	4.202931e-01	4.506195e-01	4.624326e-01	4.812385e-01	0.000000e+00	1	6.664845e-02
9.897918e-01	1.380948e-01	2.084456e-01	1.309063e-01	8.825091e-02	4.878198e-01	5.064899e-01	5.436283e-01	6.002496e-01	5.650038e-01	4.881274e-01	5.470825e-01	5.237924e-01	4.699396e-01	4.737530e-01	0.000000e+00	1	6.527597e-02
5.200466e-02	2.936433e-01	9.877115e-01	8.133303e-01	8.884108e-01	5.081553e-01	5.121595e-01	5.414406e-01	5.402969e-01	5.284301e-01	4.656276e-01	4.430345e-01	5.624584e-01	3.798847e-01	5.680394e-01	0.000000e+00	1	6.385874e-02
4.645935e-01	9.151968e-01	1.278955e-10	7.932902e-11	7.009520e-01	4.729084e-01	5.147714e-01	4.350643e-01	5.087640e-01	4.994178e-01	5.203574e-01	4.401054e-01	5.260462e-01	3.776171e-01	5.382725e-01	0.000000e+00	1	6.332793e-02
6.897386e-01	5.615673e-01	4.809355e-01	3.155661e-01	4.350177e-01	4.435382e-01	5.471632e-01	4.631222e-01	4.870046e-01	4.579944e-01	5.162531e-01	4.600401e-01	5.162921e-01	4.968900e-01	4.828438e-01	0.000000e+00	1	6.140192e-02
1.860285e-01	8.665775e-01	5.156425e-01	3.354439e-01	8.653797e-01	4.932706e-01	4.933260e-01	6.233246e-01	5.132992e-01	4.947648e-01	4.540129e-01	4.631799e-01	5.159464e-01	5.248368e-01	4.254494e-01	0.000000e+00	1	6.036142e-02
9.788379e-01	1.730018e-01	1.932036e-01	1.222148e-01	1.113674e-01	4.713890e-01	4.875970e-01	5.316935e-01	5.298368e-01	4.377586e-01	5.219513e-01	4.403748e-01	4.976525e-01	4.590847e-01	4.876225e-01	0.000000e+00	1	6.013523e-02
