5.965516e-04	1.043001e+00	1.893846e-02	1.155825e-02	9.996359e-01	5.434002e-01	4.672053e-01	5.300538e-01	5.037293e-01	4.991881e-01	4.511285e-01	3.444787e-01	4.099466e-01	5.297768e-01	5.610333e-01	0.000000e+00	1	1.000000e+14
2.224141e-01	1.765117e-07	9.861236e-01	8.587774e-01	5.052326e-07	4.757621e-01	5.171840e-01	5.306463e-01	4.809866e-01	5.229330e-01	5.216154e-01	4.218537e-01	5.319871e-01	5.216030e-01	4.889922e-01	0.000000e+00	1	1.000000e+14
9.764512e-11	4.416491e-07	1.008875e+00	9.999997e-01	9.998592e-01	5.221294e-01	5.316751e-01	4.388672e-01	5.418804e-01	4.650408e-01	4.841607e-01	4.975288e-01	4.962047e-01	4.830037e-01	4.895695e-01	0.000000e+00	1	1.000000e+14
4.064744e-01	9.225322e-01	1.039874e-10	6.566783e-11	7.357929e-01	4.769731e-01	4.846423e-01	5.548219e-01	5.050300e-01	4.994390e-01	4.487126e-01	4.891975e-01	5.250091e-01	4.890645e-01	5.286600e-01	0.000000e+00	1	1.000000e+14
1.016992e+00	4.967826e-07	1.653099e-04	1.034812e-04	3.109776e-07	5.275621e-01	5.844335e-01	5.297155e-01	4.744313e-01	5.444551e-01	5.168619e-01	4.309942e-01	4.929227e-01	4.839102e-01	4.846758e-01	0.000000e+00	1	1.000000e+14
6.177324e-01	7.942053e-01	1.132554e-01	7.135895e-02	5.791583e-01	5.385755e-01	5.284914e-01	5.561002e-01	4.866920e-01	4.998493e-01	4.509340e-01	4.847456e-01	5.146611e-01	5.300681e-01	5.559409e-01	0.000000e+00	1	1.784352e-01
5.225968e-01	2.270218e-01	8.400367e-01	6.205763e-01	2.608962e-01	5.265716e-01	4.980426e-01	4.892343e-01	4.829160e-01	5.014866e-01	4.412274e-01	4.311042e-01	4.922916e-01	4.827429e-01	5.732320e-01	0.000000e+00	1	1.574814e-01
8.568713e-01	3.909155e-01	3.592541e-01	2.319887e-01	2.724785e-01	5.253020e-01	5.017157e-01	5.460746e-01	4.419767e-01	5.295354e-01	5.228598e-01	4.841558e-01	5.079546e-01	4.867662e-01	4.979569e-01	0.000000e+00	1	1.504283e-01
9.589954e-02	8.104345e-01	5.950134e-01	4.010659e-01	9.250168e-01	4.783823e-01	5.196443e-01	5.312173e-01	5.092496e-01	4.570933e-01	5.117435e-01	4.402362e-01	4.928401e-01	5.490416e-01	4.928640e-01	0.000000e+00	1	1.498325e-01
1.607600e-01	8.314815e-01	5.714734e-01	3.779048e-01	8.784151e-01	5.343605e-01	5.096635e-01	4.745019e-01	5.107317e-01	5.377705e-01	4.467255e-01	4.403558e-01	4.104714e-01	4.900524e-01	4.393116e-01	0.000000e+00	1	1.421483e-01
8.748301e-01	8.881740e-02	4.991939e-01	3.287064e-01	6.441232e-02	5.051345e-01	5.105217e-01	5.311615e-01	5.089495e-01	4.388131e-01	5.226244e-01	4.697462e-01	5.141908e-01	4.578931e-01	5.530071e-01	0.000000e+00	1	1.274877e-01
4.023304e-01	5.357539e-01	7.962880e-01	5.546949e-01	5.899430e-01	4.716515e-01	6.074289e-01	5.281446e-01	5.107354e-01	5.009205e-01	4.564740e-01	4.416149e-01	5.258139e-01	4.384124e-01	6.328385e-01	0.000000e+00	1	1.238760e-01
7.648613e-01	1.710058e-02	6.719659e-01	4.588189e-01	1.423101e-02	5.124821e-01	5.400643e-01	5.689776e-01	5.047258e-01	4.528581e-01	4.864382e-01	4.116644e-01	5.274666e-01	5.016197e-01	4.726611e-01	0.000000e+00	1	1.192857e-01
9.818505e-01	1.938349e-01	1.579847e-01	9.967323e-02	1.240846e-01	4.730064e-01	5.263535e-01	5.417041e-01	5.094538e-01	5.011492e-01	4.300673e-01	4.486157e-01	5.250473e-01	4.590331e-01	4.898009e-01	0.000000e+00	1	1.164682e-01
8.137812e-01	5.066295e-01	3.283539e-01	2.100903e-01	3.544982e-01	5.472559e-01	5.261568e-01	4.665402e-01	5.046531e-01	4.609532e-01	5.388527e-01	4.327305e-01	5.235786e-01	4.887513e-01	4.687552e-01	0.000000e+00	1	1.143233e-01
9.982481e-01	5.775121e-02	2.258818e-01	1.414387e-01	3.678908e-02	5.100168e-01	4.761729e-01	5.313708e-01	5.463074e-01	4.546765e-01	4.489832e-01	4.499182e-01	5.182465e-01	3.904908e-01	4.572647e-01	0.000000e+00	1	1.119864e-01
4.361846e-01	7.214351e-01	5.864360e-01	3.869233e-01	6.538062e-01	5.189724e-01	4.466178e-01	4.879189e-01	5.053336e-01	6.460676e-01	4.900426e-01	4.682149e-01	5.089450e-01	4.745116e-01	4.801436e-01	0.000000e+00	1	1.105362e-01
2.542219e-01	1.086481e-01	9.742635e-01	8.239746e-01	2.571183e-01	4.593677e-01	5.086975e-01	5.512527e-01	5.006154e-01	4.987319e-01	4.700703e-01	4.297387e-01	4.763502e-01	4.590239e-01	4.825648e-01	0.000000e+00	1	1.091860e-01
3.100259e-01	2.680021e-01	9.446703e-01	7.394264e-01	4.537977e-01	4.715538e-01	5.648917e-01	5.318042e-01	5.286430e-01	4.569073e-01	4.983452e-01	3.577319e-01	5.246509e-01	4.873460e-01	4.968478e-01	0.000000e+00	1	1.084830e-01
3.259535e-01	6.816785e-01	6.963043e-01	4.740150e-01	7.160511e-01	4.867248e-01	5.001295e-01	5.527894e-01	5.107354e-01	5.008669e-01	4.480037e-01	4.416149e-01	4.939738e-01	4.384124e-01	6.203594e-01	0.000000e+00	1	1.041122e-01
3.058661e-02	8.681048e-01	5.309395e-01	3.492717e-01	9.775788e-01	5.243127e-01	5.135340e-01	5.550364e-01	5.107524e-01	5.316920e-01	4.570435e-01	4.447120e-01	4.104714e-01	4.900524e-01	5.107944e-01	0.000000e+00	1	9.884187e-02
6.876929e-01	1.351772e-01	7.350006e-01	5.151375e-01	1.235626e-01	4.528291e-01	5.562198e-01	5.311020e-01	5.075957e-01	4.894021e-01	4.541189e-01	4.695447e-01	4.441751e-01	4.573568e-01	5.331377e-01	0.000000e+00	1	9.883884e-02
2.798800e-02	7.943514e-01	6.418119e-01	4.324421e-01	9.775788e-01	5.243127e-01	5.291243e-01	5.550364e-01	5.107524e-01	4.989981e-01	4.631435e-01	4.447120e-01	4.104714e-01	4.900524e-01	5.670961e-01	0.000000e+00	1	9.604123e-02
5.533157e-01	4.770156e-01	7.011814e-01	4.869434e-01	4.529417e-01	5.201149e-01	5.285519e-01	5.366321e-01	5.066257e-01	4.617179e-01	5.575204e-01	4.393739e-01	5.235746e-01	4.703485e-01	5.104501e-01	0.000000e+00	1	9.313725e-02
1.702712e-01	1.000858e+00	1.929025e-01	1.195373e-01	8.927220e-01	4.729962e-01	4.760858e-01	3.615055e-01	5.073388e-01	4.992172e-01	4.612479e-01	4.888546e-01	5.831410e-01	4.929137e-01	5.654033e-01	0.000000e+00	1	9.234225e-02
9.548912e-01	3.020596e-01	1.414227e-01	8.930476e-02	1.950407e-01	5.028513e-01	5.263535e-01	5.590181e-01	5.094492e-01	5.011492e-01	4.698897e-01	4.313957e-01	4.762886e-01	4.723713e-01	4.842523e-01	0.000000e+00	1	9.129118e-02
5.688382e-01	7.587611e-01	3.923713e-01	2.497523e-01	5.904594e-01	4.915314e-01	5.348581e-01	5.362294e-01	5.537346e-01	5.007132e-01	4.904055e-01	4.784675e-01	5.269721e-01	4.503896e-01	6.305691e-01	0.000000e+00	1	8.962847e-02
2.154045e-01	9.735627e-01	2.252471e-01	1.414387e-01	8.613786e-01	5.100168e-01	5.010311e-01	5.313708e-01	5.462923e-01	4.546765e-01	4.923611e-01	4.499182e-01	5.233490e-01	3.904951e-01	4.570242e-01	0.000000e+00	1	8.926068e-02
6.430051e-02	8.593676e-01	5.267382e-01	3.492717e-01	9.524548e-01	5.268131e-01	5.225265e-01	5.550364e-01	5.107524e-01	5.316920e-01	4.570435e-01	4.497605e-01	5.063297e-01	4.900524e-01	5.107944e-01	0.000000e+00	1	8.906446e-02
2.369444e-01	9.549961e-01	2.712290e-01	1.712336e-01	8.451745e-01	5.100168e-01	5.010311e-01	5.313708e-01	5.283179e-01	4.546765e-01	5.076949e-01	4.524062e-01	5.233490e-01	3.904951e-01	4.570242e-01	0.000000e+00	1	8.773262e-02
3.534105e-01	5.723143e-01	7.536941e-01	5.361389e-01	6.478245e-01	5.194816e-01	4.906768e-01	5.315031e-01	4.890728e-01	4.847565e-01	4.713167e-01	4.432947e-01	4.958222e-01	4.549550e-01	4.520275e-01	0.000000e+00	1	8.633836e-02
2.956243e-01	3.685935e-01	8.988634e-01	6.918976e-01	5.696580e-01	4.672883e-01	5.137503e-01	5.541973e-01	5.267051e-01	4.995708e-01	4.582225e-01	4.114604e-01	5.019795e-01	4.914533e-01	5.302311e-01	0.000000e+00	1	8.571465e-02
9.688593e-01	3.352751e-01	5.216282e-02	3.236274e-02	2.120917e-01	5.028513e-01	5.263535e-01	5.590181e-01	5.267444e-01	5.008965e-01	4.910736e-01	4.062576e-01	4.756787e-01	4.723713e-01	3.930763e-01	0.000000e+00	1	8.305167e-02
5.878512e-01	4.130342e-01	7.361843e-01	5.077623e-01	3.899169e-01	4.740537e-01	5.163470e-01	5.470561e-01	4.564527e-01	5.029062e-01	5.237935e-01	4.481610e-01	5.368182e-01	4.157542e-01	3.909572e-01	0.000000e+00	1	8.266255e-02
1.949074e-01	8.809223e-01	4.804832e-01	3.115295e-01	8.613786e-01	5.013453e-01	5.010311e-01	5.583083e-01	5.385598e-01	4.622548e-01	4.923611e-01	4.499182e-01	5.233490e-01	3.904951e-01	4.721610e-01	0.000000e+00	1	8.149425e-02
9.668690e-01	3.738846e-02	2.971056e-01	1.896607e-01	2.460559e-02	4.911396e-01	5.390577e-01	5.561002e-01	5.537128e-01	4.996420e-01	5.111939e-01	4.784156e-01	5.185855e-01	4.954472e-01	5.598729e-01	0.000000e+00	1	7.924394e-02
6.446376e-01	3.474752e-01	7.028837e-01	4.869434e-01	3.147304e-01	4.664067e-01	5.269115e-01	5.366321e-01	5.057618e-01	4.617910e-01	5.670963e-01	4.393739e-01	5.235746e-01	4.691943e-01	4.737759e-01	0.000000e+00	1	7.885091e-02
4.378426e-01	5.281709e-01	7.687265e-01	5.361389e-01	5.593553e-01	4.585559e-01	5.337002e-01	5.449032e-01	6.361134e-01	4.847565e-01	4.713167e-01	4.446458e-01	4.929536e-01	4.549550e-01	4.725999e-01	0.000000e+00	1	7.546269e-02
2.359058e-02	1.014358e+00	4.891542e-02	3.066771e-02	9.851970e-01	4.636930e-01	5.035802e-01	5.312822e-01	5.243216e-01	4.987072e-01	4.907040e-01	4.416187e-01	4.953346e-01	4.829625e-01	4.046028e-01	0.000000e+00	1	7.475646e-02
7.267432e-01	6.265281e-01	3.230691e-01	2.067575e-01	4.529417e-01	4.670235e-01	5.261568e-01	5.366321e-01	5.057617e-01	4.617179e-01	4.569839e-01	4.327305e-01	5.235746e-01	4.850176e-01	4.737759e-01	0.000000e+00	1	7.184722e-02
3.666313e-01	2.441311e-01	9.159654e-01	7.146415e-01	3.739857e-01	4.888491e-01	4.782319e-01	5.490303e-01	5.286430e-01	4.777819e-01	4.779790e-01	4.466532e-01	5.372522e-01	4.149657e-01	4.897070e-01	0.000000e+00	1	7.103351e-02
7.526213e-02	2.099130e-01	9.887101e-01	8.587774e-01	7.808359e-01	4.773657e-01	5.171840e-01	5.301821e-01	5.558281e-01	5.229330e-01	5.216154e-01	4.218537e-01	5.319820e-01	5.216030e-01	4.889922e-01	0.000000e+00	1	6.893298e-02
7.206796e-01	5.923542e-01	4.119648e-01	2.647394e-01	4.379789e-01	4.728542e-01	5.160042e-01	5.289995e-01	5.278136e-01	4.385976e-01	4.478754e-01	4.114604e-01	5.260422e-01	4.914533e-01	5.459085e-01	0.000000e+00	1	6.848910e-02
8.151724e-01	5.074956e-01	3.233085e-01	2.067575e-01	3.544982e-01	4.663586e-01	5.261568e-01	5.366321e-01	5.057617e-01	4.624114e-01	4.479728e-01	4.327305e-01	5.235746e-01	4.887513e-01	4.737759e-01	0.000000e+00	1	6.826175e-02
6.623954e-01	6.515782e-01	4.299889e-01	2.759286e-01	4.947592e-01	4.719236e-01	5.157098e-01	5.303027e-01	5.432802e-01	5.081867e-01	3.771091e-01	4.401002e-01	5.328866e-01	5.003373e-01	4.874693e-01	0.000000e+00	1	6.818649e-02
4.504879e-01	8.197010e-01	4.189140e-01	2.680721e-01	6.800874e-01	4.750288e-01	5.160042e-01	4.797069e-01	5.109959e-01	4.990497e-01	4.196497e-01	4.435991e-01	5.260462e-01	3.919895e-01	5.382725e-01	0.000000e+00	1	6.682192e-02
1.805339e-01	1.000763e+00	1.657326e-02	1.037443e-02	8.863782e-01	4.634203e-01	5.134851e-01	5.353865e-01	5.268842e-01	4.992172e-01	4.586001e-01	4.596928e-01	5.322712e-01	4.913227e-01	4.046028e-01	0.000000e+00	1	6.650518e-02
9.264671e-01	3.128125e-01	2.542028e-01	1.619123e-01	2.072972e-01	4.728617e-01	5.647383e-01	5.311863e-01	5.094492e-01	4.917740e-01	4.422311e-01	4.804580e-01	4.919813e-01	4.832631e-01	4.847751e-01	0.000000e+00	1	6.645617e-02
1.939058e-02	9.189722e-01	4.665361e-01	2.990052e-01	9.865691e-01	4.605060e-01	5.535634e-01	4.737111e-01	5.286430e-01	4.429021e-01	4.937396e-01	3.577319e-01	5.289313e-01	4.781369e-01	4.986691e-01	0.000000e+00	1	6.535481e-02
4.755317e-01	8.921770e-01	1.427596e-01	8.930476e-02	6.882480e-01	4.985339e-01	5.277179e-01	3.774697e-01	5.006984e-01	5.005582e-01	4.597722e-01	4.487041e-01	5.002503e-01	4.723713e-01	5.150469e-01	0.000000e+00	1	6.528083e-02
8.935472e-01	4.381629e-01	1.648511e-01	1.045052e-01	2.902405e-01	4.636930e-01	5.049790e-01	5.373294e-01	5.077460e-01	4.989600e-01	4.695201e-01	4.323068e-01	4.810113e-01	4.916977e-01	4.957788e-01	0.000000e+00	1	6.381504e-02
7.066261e-01	6.473036e-01	3.226529e-01	2.067575e-01	4.721243e-01	4.683692e-01	5.261568e-01	5.366396e-01	5.057617e-01	4.617179e-01	4.569839e-01	4.407275e-01	5.235746e-01	4.956996e-01	4.737759e-01	0.000000e+00	1	6.259156e-02
9.146037e-01	3.535411e-01	2.549061e-01	1.619123e-01	2.348230e-01	4.728617e-01	5.647383e-01	5.417041e-01	5.094492e-01	4.923687e-01	4.421498e-01	4.482771e-01	4.922916e-01	4.979591e-01	4.842523e-01	0.000000e+00	1	6.231140e-02
6.544113e-01	4.128916e-01	6.796305e-01	4.588189e-01	3.583255e-01	4.730682e-01	5.383797e-01	5.816013e-01	5.913286e-01	5.303794e-01	4.864382e-01	4.076427e-01	5.283186e-01	4.919024e-01	5.465543e-01	0.000000e+00	1	6.091551e-02
5.007440e-01	1.302003e-01	8.769302e-01	6.606571e-01	1.619439e-01	5.350393e-01	4.934731e-01	5.270520e-01	4.833347e-01	4.565065e-01	4.213175e-01	4.856853e-01	5.459903e-01	4.779828e-01	5.708445e-01	0.000000e+00	1	6.080321e-02
7.395077e-01	2.042952e-01	6.738592e-01	4.588189e-01	1.715918e-01	5.124821e-01	5.400643e-01	5.816013e-01	5.047258e-01	4.528581e-01	4.864382e-01	4.116644e-01	5.271040e-01	4.919024e-01	5.408942e-01	0.000000e+00	1	6.049369e-02
