5.803354e-09	2.624858e-05	1.009252e+00	9.999834e-01	9.998592e-01	4.783823e-01	4.673165e-01	5.363584e-01	5.092496e-01	4.570770e-01	4.722508e-01	4.402362e-01	4.962047e-01	5.012936e-01	4.895695e-01	0.000000e+00	1	1.000000e+14
4.095309e-01	9.294692e-01	1.047693e-10	6.566783e-11	7.357929e-01	4.742920e-01	5.116243e-01	4.469575e-01	5.007604e-01	4.994390e-01	4.593751e-01	4.784156e-01	4.334759e-01	4.541342e-01	5.586113e-01	0.000000e+00	1	1.000000e+14
7.503845e-06	1.033139e+00	2.138726e-02	1.317693e-02	9.999954e-01	5.409239e-01	4.672053e-01	5.300604e-01	4.817865e-01	5.224604e-01	4.612909e-01	3.444787e-01	4.451487e-01	5.018466e-01	4.868354e-01	0.000000e+00	1	1.000000e+14
2.379379e-05	1.484891e-05	1.078401e+00	9.999834e-01	3.551880e-01	5.172406e-01	4.936082e-01	5.257849e-01	4.812639e-01	7.652999e-01	5.345952e-01	4.856019e-01	4.419362e-01	5.014916e-01	4.565804e-01	0.000000e+00	1	1.000000e+14
1.004275e+00	7.970100e-07	3.843631e-04	2.436516e-04	5.052326e-07	4.713890e-01	5.061026e-01	5.337232e-01	4.834392e-01	5.059273e-01	5.193244e-01	4.984686e-01	5.366575e-01	4.852981e-01	4.939477e-01	0.000000e+00	1	1.000000e+14
2.354527e-01	1.868594e-07	1.009620e+00	8.541414e-01	5.052326e-07	4.757621e-01	3.948871e-01	3.707822e-01	5.323658e-01	4.597147e-01	5.259348e-01	4.354070e-01	5.274450e-01	4.999698e-01	4.895276e-01	0.000000e+00	1	1.000000e+14
8.704578e-01	9.636304e-02	4.971776e-01	3.287064e-01	7.019046e-02	5.051345e-01	5.105217e-01	5.311615e-01	5.089495e-01	4.882130e-01	4.968537e-01	4.697462e-01	5.149690e-01	4.578931e-01	5.530071e-01	0.000000e+00	1	1.562994e-01
3.143306e-01	3.155531e-01	9.261977e-01	7.146415e-01	5.012356e-01	4.713959e-01	4.853583e-01	5.318042e-01	5.286430e-01	4.416140e-01	4.983452e-01	3.577319e-01	5.239564e-01	4.780413e-01	4.876299e-01	0.000000e+00	1	1.539237e-01
1.295658e-01	2.647881e-01	9.677166e-01	8.117566e-01	7.102958e-01	4.550502e-01	5.100619e-01	5.512527e-01	4.973499e-01	5.415250e-01	4.789694e-01	4.467043e-01	5.003119e-01	4.590239e-01	5.133594e-01	0.000000e+00	1	1.415059e-01
1.829543e-02	5.192583e-01	8.801871e-01	6.605150e-01	9.775788e-01	5.261195e-01	5.453083e-01	5.500484e-01	5.107524e-01	5.426489e-01	4.385692e-01	4.453741e-01	4.104714e-01	4.938134e-01	5.107944e-01	0.000000e+00	1	1.192654e-01
5.936675e-01	5.546164e-02	8.431633e-01	6.081503e-01	5.930221e-02	4.709828e-01	3.467803e-01	5.315031e-01	5.391906e-01	4.847565e-01	5.224610e-01	4.462433e-01	4.958222e-01	4.962680e-01	4.532892e-01	0.000000e+00	1	1.139126e-01
2.920123e-01	4.569201e-01	8.518725e-01	6.391236e-01	6.379759e-01	5.641324e-01	4.880033e-01	4.733822e-01	5.551898e-01	5.028775e-01	5.272411e-01	5.022849e-01	4.920386e-01	5.000054e-01	4.685599e-01	0.000000e+00	1	1.133847e-01
6.876929e-01	1.351772e-01	7.350006e-01	5.151375e-01	1.235626e-01	4.528291e-01	5.562198e-01	5.311020e-01	5.075957e-01	4.894021e-01	4.541189e-01	4.695447e-01	4.441751e-01	4.573568e-01	5.331377e-01	0.000000e+00	1	1.072534e-01
9.404659e-01	3.635382e-01	1.591660e-01	9.967323e-02	2.348230e-01	5.173508e-01	5.263535e-01	5.417041e-01	5.094492e-01	5.011492e-01	4.300673e-01	4.313818e-01	5.249572e-01	4.520138e-01	5.736157e-01	0.000000e+00	1	1.049971e-01
7.448539e-01	2.057722e-01	6.787309e-01	4.588189e-01	1.715918e-01	5.124821e-01	5.419940e-01	5.816013e-01	5.018371e-01	4.528581e-01	4.864382e-01	4.072074e-01	4.187137e-01	4.700005e-01	5.374256e-01	0.000000e+00	1	1.041762e-01
3.312109e-01	6.835293e-01	7.113670e-01	4.791545e-01	7.127448e-01	4.891048e-01	6.003025e-01	5.527894e-01	5.107354e-01	5.009205e-01	4.564740e-01	4.402540e-01	5.258139e-01	4.384124e-01	6.328385e-01	0.000000e+00	1	1.023590e-01
8.414294e-01	4.241356e-01	4.395808e-01	2.778819e-01	2.972344e-01	4.650682e-01	5.089014e-01	4.102691e-01	5.015735e-01	5.902234e-01	3.771091e-01	4.385360e-01	4.437573e-01	5.003373e-01	4.846772e-01	0.000000e+00	1	1.013898e-01
6.342047e-01	1.649019e-01	7.766765e-01	5.538358e-01	1.619439e-01	4.721873e-01	5.451500e-01	5.454830e-01	4.975983e-01	4.565065e-01	4.551033e-01	4.218050e-01	5.247075e-01	4.778863e-01	5.133594e-01	0.000000e+00	1	9.885594e-02
6.088462e-01	7.875157e-01	1.934793e-01	1.222148e-01	5.810175e-01	4.828892e-01	5.330877e-01	4.466328e-01	5.167650e-01	4.337968e-01	5.219513e-01	4.403748e-01	5.239564e-01	4.775059e-01	4.937378e-01	0.000000e+00	1	9.687946e-02
7.740105e-01	4.003778e-01	5.326442e-01	3.492717e-01	3.039054e-01	4.289936e-01	5.140630e-01	5.550364e-01	5.110313e-01	5.316920e-01	4.746527e-01	4.447120e-01	4.104714e-01	4.900524e-01	5.107944e-01	0.000000e+00	1	9.568052e-02
7.909391e-01	5.606275e-01	3.903326e-01	2.436752e-01	3.925499e-01	5.171239e-01	4.672754e-01	5.463792e-01	5.232746e-01	6.456655e-01	4.826774e-01	4.142202e-01	5.077126e-01	4.978433e-01	6.100397e-01	0.000000e+00	1	9.426059e-02
5.309726e-01	3.487363e-01	7.910437e-01	5.692608e-01	3.699602e-01	4.729753e-01	5.136113e-01	5.320839e-01	4.970696e-01	5.029062e-01	5.237935e-01	4.443106e-01	5.368182e-01	4.872592e-01	4.139977e-01	0.000000e+00	1	9.102959e-02
8.474571e-01	5.324946e-01	2.392233e-01	1.493602e-01	3.571439e-01	5.177527e-01	4.318652e-01	5.315157e-01	5.889851e-01	4.837333e-01	4.582907e-01	4.164417e-01	4.356895e-01	4.610708e-01	4.765049e-01	0.000000e+00	1	9.003160e-02
9.438906e-02	9.374572e-01	3.593942e-01	2.319887e-01	9.361164e-01	5.240953e-01	5.134851e-01	5.353852e-01	4.427415e-01	5.041833e-01	5.345798e-01	4.596928e-01	5.079546e-01	4.853061e-01	4.979569e-01	0.000000e+00	1	8.894355e-02
7.995520e-01	7.557916e-01	3.098303e-02	1.792281e-02	4.820931e-01	5.096724e-01	4.936082e-01	5.268977e-01	5.027264e-01	7.902963e-01	5.195286e-01	4.358312e-01	3.965680e-01	5.017270e-01	4.818891e-01	0.000000e+00	1	8.736363e-02
2.154045e-01	9.735627e-01	2.252471e-01	1.414387e-01	8.613786e-01	5.100168e-01	5.010311e-01	5.313708e-01	5.462923e-01	4.546765e-01	4.923611e-01	4.499182e-01	5.233490e-01	3.904951e-01	4.570242e-01	0.000000e+00	1	8.573913e-02
4.569772e-01	3.649861e-01	8.276769e-01	6.083845e-01	4.290472e-01	4.687847e-01	5.004597e-01	5.673652e-01	5.234051e-01	5.029062e-01	5.271839e-01	4.672864e-01	5.273116e-01	5.000054e-01	4.304908e-01	0.000000e+00	1	8.357404e-02
6.160776e-01	7.968692e-01	1.278195e-01	8.035723e-02	5.810175e-01	4.750779e-01	5.330877e-01	4.680375e-01	5.133031e-01	4.618666e-01	5.256803e-01	4.038613e-01	5.314241e-01	5.047592e-01	4.931710e-01	0.000000e+00	1	8.302068e-02
4.997784e-01	9.011955e-01	2.133264e-02	1.317693e-02	6.776494e-01	4.693414e-01	4.492565e-01	5.300604e-01	5.323160e-01	5.068032e-01	5.230157e-01	3.444787e-01	5.111691e-01	4.859361e-01	4.868354e-01	0.000000e+00	1	8.194440e-02
1.983379e-01	9.695125e-01	2.617345e-01	1.646086e-01	8.715361e-01	5.121669e-01	5.116079e-01	5.272023e-01	5.264487e-01	5.067206e-01	4.353971e-01	4.492022e-01	5.330963e-01	3.913608e-01	4.530903e-01	0.000000e+00	1	8.138709e-02
1.683362e-01	9.894845e-01	5.583457e-02	3.537785e-02	8.927220e-01	5.239628e-01	5.134851e-01	5.354969e-01	4.842821e-01	5.041833e-01	4.907040e-01	4.596928e-01	5.322712e-01	4.853061e-01	4.979569e-01	0.000000e+00	1	7.982091e-02
3.666367e-01	7.193913e-01	6.001666e-01	4.069282e-01	6.999378e-01	4.796012e-01	4.889305e-01	5.552768e-01	4.826621e-01	5.313511e-01	5.209958e-01	5.024080e-01	5.154133e-01	4.821170e-01	5.131576e-01	0.000000e+00	1	7.905683e-02
6.376572e-01	2.935068e-01	7.443825e-01	5.186657e-01	2.746234e-01	5.119806e-01	5.451500e-01	5.951136e-01	4.973499e-01	4.565065e-01	4.789694e-01	4.127715e-01	5.111760e-01	4.590239e-01	5.133594e-01	0.000000e+00	1	7.890806e-02
4.284949e-01	6.951073e-01	6.264158e-01	4.165890e-01	6.483165e-01	5.189724e-01	4.466178e-01	4.868454e-01	5.053336e-01	6.460676e-01	5.053764e-01	4.428651e-01	5.089450e-01	4.745116e-01	4.801436e-01	0.000000e+00	1	7.765929e-02
4.225637e-01	3.375002e-01	8.542197e-01	6.406926e-01	4.290472e-01	4.679732e-01	5.001495e-01	5.526472e-01	5.090332e-01	5.029062e-01	5.272411e-01	4.672864e-01	4.779345e-01	5.000054e-01	4.304908e-01	0.000000e+00	1	7.725818e-02
9.830094e-01	2.241842e-01	2.666691e-01	1.646086e-01	1.427455e-01	4.736226e-01	3.685176e-01	5.314031e-01	5.567430e-01	5.067206e-01	4.353971e-01	4.492022e-01	5.330963e-01	3.968174e-01	4.532265e-01	0.000000e+00	1	7.644507e-02
5.782318e-01	7.272541e-02	8.241221e-01	6.081503e-01	7.965075e-02	4.713962e-01	5.117916e-01	5.315031e-01	5.323471e-01	4.845041e-01	5.224610e-01	4.462433e-01	5.232172e-01	4.962680e-01	4.532892e-01	0.000000e+00	1	7.552253e-02
9.575194e-01	3.646958e-01	8.640038e-02	5.355582e-02	2.316735e-01	5.173508e-01	5.117924e-01	5.422377e-01	5.089285e-01	5.011492e-01	4.255744e-01	4.312288e-01	5.249572e-01	4.029713e-01	5.751350e-01	0.000000e+00	1	7.401772e-02
7.156903e-01	5.882534e-01	4.149220e-01	2.680721e-01	4.379789e-01	4.728542e-01	5.160042e-01	4.797378e-01	5.267051e-01	4.994390e-01	4.479045e-01	4.114604e-01	5.260462e-01	4.914533e-01	5.408877e-01	0.000000e+00	1	7.283402e-02
2.568521e-05	5.459695e-06	1.009655e+00	9.999834e-01	1.333365e-01	4.783823e-01	4.673165e-01	5.442154e-01	5.092496e-01	4.598453e-01	4.722508e-01	4.402362e-01	4.962047e-01	5.012936e-01	4.895695e-01	0.000000e+00	1	7.280839e-02
6.500305e-01	4.763496e-01	6.463769e-01	4.303570e-01	4.026042e-01	4.692846e-01	4.658884e-01	4.922953e-01	5.232731e-01	6.460676e-01	5.336311e-01	4.132436e-01	5.089450e-01	5.000080e-01	4.827588e-01	0.000000e+00	1	7.232810e-02
3.437871e-01	7.094830e-01	6.661675e-01	4.466327e-01	7.127448e-01	4.904930e-01	6.003025e-01	5.512039e-01	5.107354e-01	5.009205e-01	4.564634e-01	4.133842e-01	5.257911e-01	4.384124e-01	5.735238e-01	0.000000e+00	1	7.049314e-02
6.878179e-02	6.203483e-01	8.135791e-01	5.833980e-01	9.297012e-01	4.714825e-01	5.149967e-01	5.225517e-01	5.456179e-01	5.024787e-01	5.234506e-01	4.404100e-01	5.957380e-01	4.421960e-01	5.719179e-01	0.000000e+00	1	7.049069e-02
7.646450e-01	5.839195e-01	3.059288e-01	1.959952e-01	4.151898e-01	4.866807e-01	4.970354e-01	5.366321e-01	5.111395e-01	5.021851e-01	4.522502e-01	4.327305e-01	4.909508e-01	4.888028e-01	4.699520e-01	0.000000e+00	1	6.996944e-02
4.399005e-02	1.009179e+00	8.550261e-02	5.375822e-02	9.722674e-01	5.384216e-01	5.109781e-01	4.596486e-01	5.106497e-01	5.363990e-01	5.100655e-01	4.615303e-01	4.220232e-01	4.926019e-01	4.629825e-01	0.000000e+00	1	6.956131e-02
4.841728e-01	8.354057e-01	3.995122e-01	2.497523e-01	6.656097e-01	5.102455e-01	5.849422e-01	5.361565e-01	5.531920e-01	5.009205e-01	4.564749e-01	4.382984e-01	5.330952e-01	3.996864e-01	6.289964e-01	0.000000e+00	1	6.856733e-02
3.710340e-01	7.280194e-01	5.897673e-01	3.980056e-01	6.999378e-01	4.796012e-01	5.020524e-01	5.552768e-01	4.775224e-01	5.313511e-01	5.279610e-01	4.792575e-01	4.850739e-01	4.660854e-01	5.131576e-01	0.000000e+00	1	6.854392e-02
8.151724e-01	5.074956e-01	3.233085e-01	2.067575e-01	3.544982e-01	4.663586e-01	5.261568e-01	5.366321e-01	5.057617e-01	4.624114e-01	4.479728e-01	4.327305e-01	5.235746e-01	4.887513e-01	4.737759e-01	0.000000e+00	1	6.785532e-02
7.267432e-01	6.265281e-01	3.230691e-01	2.067575e-01	4.529417e-01	4.670235e-01	5.261568e-01	5.366321e-01	5.057617e-01	4.617179e-01	4.569839e-01	4.327305e-01	5.235746e-01	4.850176e-01	4.737759e-01	0.000000e+00	1	6.773015e-02
6.578800e-01	4.878564e-01	6.283050e-01	4.165890e-01	4.062121e-01	5.167977e-01	4.672951e-01	4.868763e-01	5.232746e-01	6.460676e-01	5.336311e-01	4.142202e-01	5.089450e-01	5.000080e-01	4.827588e-01	0.000000e+00	1	6.688485e-02
4.526590e-01	8.236514e-01	4.209329e-01	2.680721e-01	6.800874e-01	4.750288e-01	5.160042e-01	4.797069e-01	5.087640e-01	4.994390e-01	4.196497e-01	4.401054e-01	5.260462e-01	3.725488e-01	5.382725e-01	0.000000e+00	1	6.588901e-02
3.058661e-02	8.681048e-01	5.309395e-01	3.492717e-01	9.775788e-01	5.243127e-01	5.135340e-01	5.550364e-01	5.107524e-01	5.316920e-01	4.570435e-01	4.447120e-01	4.104714e-01	4.900524e-01	5.107944e-01	0.000000e+00	1	6.514972e-02
1.325618e-01	9.849155e-01	1.591766e-01	1.011088e-01	9.148279e-01	5.239628e-01	5.343150e-01	5.354969e-01	4.842821e-01	4.847717e-01	4.907040e-01	4.596928e-01	5.322712e-01	4.853061e-01	4.979569e-01	0.000000e+00	1	6.486516e-02
2.008496e-05	1.920555e-05	1.068502e+00	9.999834e-01	4.857534e-01	5.172406e-01	4.936082e-01	5.257849e-01	4.812639e-01	7.459369e-01	5.345952e-01	4.856019e-01	4.419362e-01	5.014916e-01	4.565804e-01	0.000000e+00	1	6.377529e-02
1.504036e-01	7.352004e-01	6.934807e-01	4.749053e-01	8.715361e-01	5.121669e-01	5.116079e-01	5.024325e-01	5.231833e-01	5.061230e-01	4.402755e-01	4.492022e-01	5.365580e-01	3.905651e-01	4.616963e-01	0.000000e+00	1	6.105675e-02
7.837027e-01	5.984729e-01	2.335159e-01	1.480320e-01	4.151898e-01	4.866807e-01	4.970354e-01	5.352396e-01	5.139469e-01	5.022138e-01	4.522502e-01	4.327305e-01	5.099406e-01	4.888028e-01	4.314536e-01	0.000000e+00	1	6.088217e-02
