1.016383e+00	4.964855e-07	1.652110e-04	1.034812e-04	3.109776e-07	5.275621e-01	5.844335e-01	5.297155e-01	5.067487e-01	5.444551e-01	5.168619e-01	4.309942e-01	4.929227e-01	4.839102e-01	4.846758e-01	0.000000e+00	1	1.000000e+14
1.650306e-07	1.108154e-07	1.026026e+00	9.999999e-01	3.764525e-01	5.186791e-01	5.431031e-01	4.203725e-01	5.414154e-01	5.882756e-01	4.899200e-01	4.361032e-01	5.609275e-01	4.916310e-01	4.980065e-01	0.000000e+00	1	1.000000e+14
1.814313e-02	1.017838e+00	1.362516e-02	8.520167e-03	9.886534e-01	5.408157e-01	5.065777e-01	5.548133e-01	5.463346e-01	4.996050e-01	4.486502e-01	4.336575e-01	5.062203e-01	4.766704e-01	4.399216e-01	0.000000e+00	1	1.000000e+14
9.764512e-11	4.416491e-07	1.008875e+00	9.999997e-01	9.998592e-01	5.221294e-01	5.316751e-01	4.388672e-01	5.418804e-01	4.650408e-01	4.841607e-01	4.975288e-01	4.962047e-01	4.830037e-01	4.895695e-01	0.000000e+00	1	1.000000e+14
1.632007e-07	1.138971e-07	1.027217e+00	9.999999e-01	3.879004e-01	5.186791e-01	5.431031e-01	4.129624e-01	5.414154e-01	5.882756e-01	4.904509e-01	4.361032e-01	5.609275e-01	4.939183e-01	4.980065e-01	0.000000e+00	1	1.000000e+14
1.006476e+00	4.731712e-02	1.039334e-10	6.566783e-11	2.990718e-02	4.769731e-01	4.766806e-01	5.548219e-01	5.062320e-01	4.994390e-01	4.490060e-01	4.891975e-01	5.250091e-01	4.890645e-01	5.025425e-01	0.000000e+00	1	1.000000e+14
1.787443e-01	9.908426e-01	8.950598e-02	5.644602e-02	8.863782e-01	4.614837e-01	5.134851e-01	5.353865e-01	5.233668e-01	4.988129e-01	4.531679e-01	4.420872e-01	5.086216e-01	4.913227e-01	5.405563e-01	0.000000e+00	1	1.460719e-01
8.641727e-02	1.221357e-01	1.002685e+00	9.057021e-01	6.079848e-01	4.585371e-01	4.980597e-01	5.311615e-01	5.098924e-01	4.988389e-01	4.587784e-01	4.449599e-01	4.946165e-01	4.495677e-01	5.607647e-01	0.000000e+00	1	1.323872e-01
3.666313e-01	2.441311e-01	9.159654e-01	7.146415e-01	3.739857e-01	4.888491e-01	4.782319e-01	5.490303e-01	5.286430e-01	4.777819e-01	4.779790e-01	4.466532e-01	5.372522e-01	4.149657e-01	4.897070e-01	0.000000e+00	1	1.268809e-01
5.115757e-01	4.249553e-01	7.626545e-01	5.434528e-01	4.412856e-01	4.784653e-01	4.800938e-01	5.318480e-01	4.781691e-01	5.064959e-01	5.141568e-01	4.673493e-01	4.566154e-01	4.221830e-01	4.826430e-01	0.000000e+00	1	1.237231e-01
3.459075e-02	6.436216e-01	7.785498e-01	5.597680e-01	9.658184e-01	5.159140e-01	5.093298e-01	5.233209e-01	5.063431e-01	5.064693e-01	4.196842e-01	4.692468e-01	5.257924e-01	4.767312e-01	5.341409e-01	0.000000e+00	1	1.212481e-01
3.488569e-01	4.659981e-01	8.237406e-01	6.083588e-01	5.908958e-01	4.709102e-01	5.010311e-01	4.766842e-01	5.092991e-01	4.681094e-01	4.454859e-01	4.520045e-01	5.267498e-01	4.971002e-01	4.869344e-01	0.000000e+00	1	1.198179e-01
4.271646e-01	7.065163e-01	5.726759e-01	3.860739e-01	6.538062e-01	5.193679e-01	4.466178e-01	4.879189e-01	5.062930e-01	5.064828e-01	4.900426e-01	4.898538e-01	5.093006e-01	4.745116e-01	4.801436e-01	0.000000e+00	1	1.179351e-01
2.756927e-01	5.605053e-01	8.017616e-01	5.786498e-01	7.089895e-01	5.100421e-01	5.105217e-01	5.311792e-01	5.092047e-01	4.447243e-01	4.793983e-01	4.697462e-01	5.776413e-01	4.568513e-01	5.530071e-01	0.000000e+00	1	1.174540e-01
1.146270e-01	9.686979e-01	2.958622e-01	1.874766e-01	9.250168e-01	4.784653e-01	4.620432e-01	5.414135e-01	4.782483e-01	5.013081e-01	5.124903e-01	4.515468e-01	4.286267e-01	4.143017e-01	4.826430e-01	0.000000e+00	1	1.149244e-01
7.728228e-01	2.609360e-01	5.971722e-01	4.023141e-01	2.072972e-01	4.816716e-01	4.918728e-01	5.711876e-01	5.094492e-01	4.917740e-01	4.821244e-01	4.804580e-01	5.015107e-01	4.472210e-01	4.575370e-01	0.000000e+00	1	1.136693e-01
7.146638e-01	5.956120e-01	4.365597e-01	2.793182e-01	4.423151e-01	4.726069e-01	4.957458e-01	3.957378e-01	5.107320e-01	5.290451e-01	4.439032e-01	4.353380e-01	5.110838e-01	4.136622e-01	4.875219e-01	0.000000e+00	1	1.136246e-01
8.517908e-01	3.640340e-01	4.091401e-01	2.647806e-01	2.571183e-01	4.580322e-01	5.134360e-01	5.512527e-01	5.355975e-01	4.987319e-01	4.578679e-01	4.457083e-01	4.821954e-01	4.590239e-01	5.097849e-01	0.000000e+00	1	1.120064e-01
1.413418e-01	7.777487e-01	6.276827e-01	4.272351e-01	8.855548e-01	5.021345e-01	5.304291e-01	5.313683e-01	5.108705e-01	5.029845e-01	4.827460e-01	4.417475e-01	5.011772e-01	4.575361e-01	4.570242e-01	0.000000e+00	1	1.069799e-01
8.386892e-01	5.329713e-01	1.728894e-01	1.096639e-01	3.603911e-01	5.204259e-01	5.010311e-01	4.689039e-01	5.405911e-01	4.609003e-01	5.141685e-01	4.498567e-01	4.959664e-01	4.854049e-01	4.663688e-01	0.000000e+00	1	1.046273e-01
5.588341e-01	8.358447e-01	1.630309e-01	1.023353e-01	6.248207e-01	5.096394e-01	4.899230e-01	5.417041e-01	5.046305e-01	5.011579e-01	4.694351e-01	4.396193e-01	5.078453e-01	3.919714e-01	4.822641e-01	0.000000e+00	1	1.003190e-01
6.167419e-01	8.096476e-01	1.998361e-01	1.234257e-01	5.855776e-01	4.715458e-01	5.650253e-01	5.287814e-01	5.107320e-01	5.011043e-01	4.569839e-01	4.335575e-01	5.258184e-01	5.552934e-01	6.457829e-01	0.000000e+00	1	9.267651e-02
5.743734e-01	2.966146e-01	7.808326e-01	5.597680e-01	3.034719e-01	5.159140e-01	5.093298e-01	5.233209e-01	5.063431e-01	5.068663e-01	4.191615e-01	4.692468e-01	5.257924e-01	4.579138e-01	5.530071e-01	0.000000e+00	1	9.226041e-02
5.434249e-01	8.127973e-01	3.057357e-01	1.929387e-01	6.248207e-01	4.730064e-01	5.083127e-01	5.417041e-01	5.266601e-01	5.011579e-01	4.301457e-01	4.395496e-01	5.250155e-01	3.919714e-01	4.816913e-01	0.000000e+00	1	9.150897e-02
1.109091e-01	9.372781e-01	3.803263e-01	2.438640e-01	9.250168e-01	4.784653e-01	4.620432e-01	5.312173e-01	5.222618e-01	4.570933e-01	5.124903e-01	4.513442e-01	4.286267e-01	4.315801e-01	4.928640e-01	0.000000e+00	1	9.128768e-02
6.394798e-01	3.446951e-01	6.972599e-01	4.869434e-01	3.147304e-01	4.655210e-01	5.269115e-01	5.369462e-01	5.057618e-01	5.090992e-01	4.536122e-01	5.020863e-01	5.247435e-01	4.907253e-01	4.737759e-01	0.000000e+00	1	8.984516e-02
1.403744e-02	7.875072e-01	6.421943e-01	4.354667e-01	9.886534e-01	5.408157e-01	4.990972e-01	5.548133e-01	5.098395e-01	4.972699e-01	4.433038e-01	5.674138e-01	5.062203e-01	4.870349e-01	4.407083e-01	0.000000e+00	1	8.880343e-02
6.053326e-01	4.943318e-01	6.734894e-01	4.528146e-01	4.359561e-01	4.723777e-01	5.554960e-01	5.311863e-01	5.097873e-01	4.638538e-01	4.422311e-01	4.095813e-01	5.310078e-01	3.907114e-01	4.675700e-01	0.000000e+00	1	8.825222e-02
8.184600e-01	5.733190e-01	1.411061e-01	8.930476e-02	3.890074e-01	4.793875e-01	5.135027e-01	5.450977e-01	5.015229e-01	4.956848e-01	4.626624e-01	4.486597e-01	5.291291e-01	4.723713e-01	4.700813e-01	0.000000e+00	1	8.723381e-02
8.917517e-01	3.972243e-01	2.664953e-01	1.696549e-01	2.667804e-01	4.747068e-01	5.083791e-01	5.315335e-01	5.287476e-01	4.830686e-01	4.277755e-01	4.456073e-01	5.249059e-01	4.830667e-01	4.934203e-01	0.000000e+00	1	8.718812e-02
4.923327e-01	1.744834e-01	8.661258e-01	6.545218e-01	2.168267e-01	5.099632e-01	4.936162e-01	5.257175e-01	4.818737e-01	4.889057e-01	4.104625e-01	4.904264e-01	5.419240e-01	4.841831e-01	4.916330e-01	0.000000e+00	1	8.600622e-02
9.264671e-01	3.128125e-01	2.542028e-01	1.619123e-01	2.072972e-01	4.728617e-01	5.647383e-01	5.311863e-01	5.094492e-01	4.917740e-01	4.422311e-01	4.804580e-01	4.919813e-01	4.832631e-01	4.847751e-01	0.000000e+00	1	8.466113e-02
7.438640e-01	6.262087e-02	7.194808e-01	4.882700e-01	5.346665e-02	5.524986e-01	4.397476e-01	4.867264e-01	5.395404e-01	4.329986e-01	5.309880e-01	4.859083e-01	5.139364e-01	4.576382e-01	6.449643e-01	0.000000e+00	1	8.365759e-02
2.266294e-01	9.134216e-01	3.709272e-01	2.390128e-01	8.451745e-01	5.100168e-01	4.867348e-01	5.313708e-01	5.111116e-01	4.546765e-01	5.076949e-01	4.415850e-01	5.319136e-01	4.575568e-01	4.570242e-01	0.000000e+00	1	8.047953e-02
6.531246e-01	5.162081e-01	5.679670e-01	3.811527e-01	4.257964e-01	5.225850e-01	4.980426e-01	4.682819e-01	5.375209e-01	4.994801e-01	4.412274e-01	4.837644e-01	4.922916e-01	4.847562e-01	4.709031e-01	0.000000e+00	1	8.025993e-02
6.133446e-01	6.975248e-01	4.195475e-01	2.700927e-01	5.408258e-01	4.910498e-01	4.980597e-01	5.361956e-01	5.098924e-01	4.668700e-01	4.587784e-01	5.600130e-01	4.946165e-01	4.074215e-01	5.519817e-01	0.000000e+00	1	8.019223e-02
8.055599e-01	4.904121e-01	3.641445e-01	2.345819e-01	3.481377e-01	5.239907e-01	5.020276e-01	5.762069e-01	5.107317e-01	5.296898e-01	4.472434e-01	4.822469e-01	5.074566e-01	4.843704e-01	4.868152e-01	0.000000e+00	1	7.947789e-02
9.731648e-01	1.512871e-01	2.724986e-01	1.718466e-01	9.818227e-02	5.318137e-01	5.081032e-01	5.414381e-01	5.330642e-01	5.011492e-01	4.302522e-01	4.647706e-01	5.049813e-01	3.919714e-01	4.870635e-01	0.000000e+00	1	7.930645e-02
9.124870e-01	4.590522e-01	1.367135e-02	8.520167e-03	2.967330e-01	5.408157e-01	5.065777e-01	5.548133e-01	5.463346e-01	5.000020e-01	4.481275e-01	4.079275e-01	5.062203e-01	4.578530e-01	4.587879e-01	0.000000e+00	1	7.889306e-02
8.857991e-01	5.238593e-01	1.403371e-01	8.628193e-02	3.399995e-01	4.793875e-01	5.080652e-01	6.788862e-01	5.016235e-01	4.956848e-01	4.626624e-01	4.486597e-01	5.320589e-01	4.869259e-01	4.700813e-01	0.000000e+00	1	7.790943e-02
8.739228e-01	3.029407e-01	4.616914e-01	2.947384e-01	2.124289e-01	4.727979e-01	5.934572e-01	5.036648e-01	5.094492e-01	4.902697e-01	4.516624e-01	4.868588e-01	4.953103e-01	6.404118e-01	5.429902e-01	0.000000e+00	1	7.750553e-02
6.357995e-01	3.284950e-01	7.333145e-01	5.077623e-01	3.035977e-01	4.654976e-01	4.629781e-01	5.323629e-01	5.061772e-01	5.029062e-01	5.314417e-01	4.888079e-01	5.106555e-01	4.143900e-01	3.884882e-01	0.000000e+00	1	7.700770e-02
4.465223e-01	2.089666e-01	8.940643e-01	6.791890e-01	2.786553e-01	5.257070e-01	4.897111e-01	4.881789e-01	4.846656e-01	4.382040e-01	4.671361e-01	4.245354e-01	5.333625e-01	4.902262e-01	5.896445e-01	0.000000e+00	1	7.669576e-02
1.557407e-01	7.491027e-01	6.720260e-01	4.588189e-01	8.695038e-01	5.176733e-01	4.613631e-01	5.708722e-01	5.034808e-01	4.528581e-01	4.830840e-01	4.117108e-01	5.274666e-01	5.200614e-01	4.932403e-01	0.000000e+00	1	7.602368e-02
3.265111e-01	4.361489e-01	8.822720e-01	6.478176e-01	5.908958e-01	4.754594e-01	5.023900e-01	4.766842e-01	5.092917e-01	4.982644e-01	4.455359e-01	3.803991e-01	4.542099e-01	3.950593e-01	4.270856e-01	0.000000e+00	1	7.553568e-02
8.964534e-01	7.546635e-02	5.117396e-01	3.292535e-01	5.346665e-02	5.224331e-01	5.967611e-01	4.424758e-01	6.149369e-01	5.522629e-01	4.680463e-01	4.859083e-01	4.925282e-01	4.576382e-01	5.529311e-01	0.000000e+00	1	7.338083e-02
6.805955e-01	5.226556e-01	5.537369e-01	3.648179e-01	4.169117e-01	5.235475e-01	5.010311e-01	5.261396e-01	5.405911e-01	4.616620e-01	5.218802e-01	4.498301e-01	5.308023e-01	3.904951e-01	4.686405e-01	0.000000e+00	1	7.213866e-02
8.024529e-01	6.553058e-01	6.929593e-02	4.251767e-02	4.359561e-01	4.723777e-01	5.629766e-01	5.311863e-01	5.462824e-01	5.521413e-01	4.432163e-01	4.095813e-01	5.310078e-01	3.803469e-01	4.667833e-01	0.000000e+00	1	7.100883e-02
9.920205e-01	4.663755e-02	2.198710e-01	1.387071e-01	2.990718e-02	4.769731e-01	4.766806e-01	5.548219e-01	5.062320e-01	5.820083e-01	4.490060e-01	5.041731e-01	5.598190e-01	4.890645e-01	5.022008e-01	0.000000e+00	1	6.708841e-02
7.257798e-01	2.785994e-01	6.699419e-01	4.528146e-01	2.333323e-01	4.723777e-01	5.530441e-01	5.311863e-01	5.097873e-01	4.949701e-01	4.422311e-01	4.095813e-01	4.919813e-01	4.046075e-01	4.698957e-01	0.000000e+00	1	6.676177e-02
2.020476e-01	1.000610e+00	4.905235e-02	3.056773e-02	8.731565e-01	4.740381e-01	5.269133e-01	4.626066e-01	4.302598e-01	4.988828e-01	4.686628e-01	4.422952e-01	5.018865e-01	4.046075e-01	4.698957e-01	0.000000e+00	1	6.671237e-02
3.127308e-01	1.405471e-01	9.494994e-01	7.793944e-01	2.688894e-01	4.769731e-01	5.267534e-01	5.547263e-01	4.867155e-01	5.008121e-01	4.535497e-01	4.891975e-01	5.431496e-01	4.894185e-01	5.289845e-01	0.000000e+00	1	6.487203e-02
2.397952e-02	8.611878e-01	5.334330e-01	3.529419e-01	9.822781e-01	5.251921e-01	5.018997e-01	5.297362e-01	4.951781e-01	5.396106e-01	4.570435e-01	4.336854e-01	5.292698e-01	4.721446e-01	5.480256e-01	0.000000e+00	1	6.427162e-02
2.341412e-01	9.002926e-01	4.890230e-01	3.081186e-01	8.380211e-01	4.681939e-01	5.636029e-01	5.290311e-01	5.107316e-01	5.062019e-01	4.616747e-01	4.745872e-01	5.257060e-01	6.444536e-01	6.457829e-01	0.000000e+00	1	6.376048e-02
4.632856e-01	1.781633e-01	8.931352e-01	6.770751e-01	2.337220e-01	5.254035e-01	4.897111e-01	4.881789e-01	4.846656e-01	5.603836e-01	4.131662e-01	4.838575e-01	5.334492e-01	4.917760e-01	5.896445e-01	0.000000e+00	1	6.371531e-02
5.013019e-01	7.248535e-01	4.913474e-01	3.237819e-01	6.148070e-01	4.910498e-01	4.980597e-01	5.311615e-01	5.098924e-01	4.957495e-01	4.587784e-01	4.447897e-01	4.946165e-01	4.805278e-01	5.519817e-01	0.000000e+00	1	6.355101e-02
