1.016273e+00	4.964314e-07	1.651930e-04	1.034812e-04	3.109776e-07	5.275621e-01	5.844335e-01	5.297155e-01	5.067487e-01	5.444551e-01	5.168619e-01	4.309942e-01	4.929227e-01	5.121698e-01	4.846758e-01	0.000000e+00	1	1.000000e+14
4.076017e-11	1.843583e-07	1.009460e+00	9.999999e-01	9.998592e-01	5.221294e-01	5.316751e-01	4.388672e-01	5.418804e-01	4.650408e-01	4.900495e-01	4.975288e-01	4.725974e-01	4.830037e-01	4.895695e-01	0.000000e+00	1	1.000000e+14
1.854237e-07	1.071142e-09	1.015311e+00	9.999999e-01	3.677538e-03	5.098075e-01	5.047876e-01	4.388672e-01	5.023204e-01	4.903765e-01	4.406986e-01	4.314853e-01	5.243832e-01	5.452911e-01	4.776509e-01	0.000000e+00	1	1.000000e+14
1.859333e-03	1.022214e+00	7.892309e-11	4.915204e-11	9.988420e-01	5.267894e-01	5.319500e-01	5.955372e-01	5.062511e-01	5.435252e-01	4.520521e-01	4.266789e-01	5.098807e-01	5.301140e-01	5.271498e-01	0.000000e+00	1	1.000000e+14
1.854237e-07	1.071142e-09	1.015311e+00	9.999999e-01	3.677538e-03	5.098075e-01	5.047876e-01	4.388672e-01	5.023204e-01	4.903765e-01	4.406986e-01	4.314853e-01	5.243832e-01	5.452911e-01	4.776509e-01	0.000000e+00	1	1.000000e+14
6.765171e-01	6.914433e-01	2.710838e-01	1.739402e-01	5.069460e-01	4.769731e-01	5.005330e-01	5.548219e-01	5.062320e-01	4.993940e-01	5.283516e-01	5.106490e-01	5.009289e-01	4.890645e-01	5.020875e-01	0.000000e+00	1	1.618410e-01
7.575945e-01	3.202917e-01	5.881970e-01	3.952135e-01	2.546379e-01	5.074321e-01	5.118793e-01	5.360997e-01	4.775290e-01	4.786124e-01	4.216748e-01	5.218644e-01	4.799832e-01	4.601593e-01	4.885750e-01	0.000000e+00	1	1.610138e-01
6.442277e-01	1.698298e-01	7.551303e-01	5.397629e-01	1.640911e-01	5.286667e-01	5.310587e-01	5.078149e-01	5.040202e-01	4.869309e-01	4.541921e-01	4.904640e-01	5.346134e-01	4.869274e-01	4.621946e-01	0.000000e+00	1	1.400511e-01
5.788080e-01	8.212545e-01	3.472956e-02	2.199673e-02	6.091599e-01	5.297812e-01	5.080636e-01	5.043310e-01	5.114181e-01	4.944927e-01	5.215894e-01	4.575757e-01	5.407897e-01	5.081652e-01	4.858606e-01	0.000000e+00	1	1.343664e-01
8.923221e-01	4.190910e-02	4.839618e-01	3.160810e-01	2.987774e-02	5.568080e-01	5.890744e-01	5.257383e-01	5.248630e-01	5.400388e-01	4.624253e-01	5.100107e-01	5.079939e-01	4.839054e-01	5.099625e-01	0.000000e+00	1	1.339433e-01
4.950850e-01	2.885499e-02	8.833524e-01	6.743288e-01	3.706212e-02	5.178297e-01	4.395520e-01	4.906540e-01	5.051260e-01	4.957179e-01	4.899678e-01	4.807287e-01	4.201454e-01	4.743201e-01	4.621908e-01	0.000000e+00	1	1.328620e-01
4.708811e-01	2.304306e-01	8.583267e-01	6.509410e-01	2.897255e-01	5.300581e-01	5.439336e-01	4.492754e-01	5.062589e-01	4.957177e-01	4.883758e-01	5.020863e-01	5.079939e-01	4.905544e-01	4.983569e-01	0.000000e+00	1	1.287440e-01
3.897810e-01	1.019589e-01	9.260590e-01	7.387538e-01	1.628775e-01	5.308060e-01	4.983855e-01	5.102591e-01	5.112408e-01	5.127171e-01	5.091867e-01	4.488870e-01	4.571844e-01	4.372981e-01	4.900268e-01	0.000000e+00	1	1.248948e-01
8.209011e-01	2.747879e-02	6.151341e-01	4.092255e-01	2.130221e-02	5.670382e-01	5.573129e-01	5.836128e-01	4.449090e-01	4.960134e-01	4.476005e-01	4.807103e-01	4.322246e-01	4.971002e-01	4.749243e-01	0.000000e+00	1	1.246838e-01
4.387458e-01	1.509317e-01	8.985760e-01	6.965597e-01	2.109288e-01	5.113671e-01	5.077522e-01	5.306587e-01	5.051389e-01	4.667957e-01	5.058914e-01	5.179950e-01	4.788102e-01	4.460321e-01	4.270856e-01	0.000000e+00	1	1.229594e-01
6.147269e-01	3.008230e-01	7.360248e-01	5.231342e-01	2.897255e-01	4.655210e-01	5.267250e-01	4.492754e-01	5.062589e-01	4.957177e-01	4.883758e-01	5.020863e-01	5.167696e-01	4.905544e-01	4.986177e-01	0.000000e+00	1	1.189519e-01
5.616376e-01	7.445282e-01	3.862687e-01	2.499823e-01	5.885643e-01	4.888008e-01	4.651269e-01	5.032929e-01	5.114181e-01	4.904357e-01	4.338013e-01	4.575757e-01	5.362234e-01	4.861664e-01	4.867006e-01	0.000000e+00	1	1.180742e-01
3.651625e-01	1.442090e-01	9.406977e-01	7.482939e-01	2.394435e-01	5.309240e-01	5.890609e-01	4.836365e-01	5.354097e-01	4.937408e-01	4.923798e-01	4.576160e-01	4.838445e-01	4.179187e-01	4.938904e-01	0.000000e+00	1	1.179157e-01
1.019629e-01	6.627592e-01	7.628585e-01	5.409373e-01	9.028204e-01	4.888638e-01	5.007437e-01	5.496623e-01	4.558590e-01	4.668573e-01	4.888610e-01	4.580614e-01	4.260015e-01	4.551990e-01	4.740549e-01	0.000000e+00	1	1.140811e-01
1.220314e-01	9.650480e-01	3.163952e-01	2.001983e-01	9.199237e-01	4.907584e-01	5.573129e-01	4.957321e-01	4.198613e-01	4.537201e-01	4.476005e-01	4.822419e-01	4.196278e-01	4.984356e-01	4.623185e-01	0.000000e+00	1	1.112383e-01
6.863587e-01	5.221728e-01	5.360809e-01	3.540598e-01	4.140378e-01	5.483966e-01	5.735906e-01	5.198243e-01	4.723582e-01	5.005279e-01	5.208972e-01	4.441785e-01	5.291762e-01	4.852319e-01	5.437169e-01	0.000000e+00	1	1.082360e-01
5.995670e-01	2.049263e-01	7.864322e-01	5.682438e-01	2.096660e-01	5.286667e-01	5.320938e-01	5.076114e-01	5.040202e-01	4.452240e-01	4.431270e-01	4.904640e-01	5.342119e-01	4.869274e-01	4.817478e-01	0.000000e+00	1	1.052011e-01
4.141399e-01	6.089969e-01	6.894796e-01	4.790283e-01	6.198098e-01	4.886896e-01	4.996212e-01	5.490204e-01	5.092991e-01	4.699446e-01	4.858945e-01	4.582636e-01	5.272170e-01	4.556151e-01	4.740396e-01	0.000000e+00	1	1.048655e-01
6.017069e-01	7.867702e-01	1.488381e-01	9.495316e-02	5.843548e-01	4.866364e-01	4.985078e-01	5.032929e-01	5.083119e-01	4.924907e-01	4.980415e-01	5.024233e-01	5.301546e-01	4.861664e-01	4.867006e-01	0.000000e+00	1	1.014778e-01
1.992580e-01	8.816829e-01	4.478772e-01	2.928632e-01	8.585026e-01	5.567309e-01	5.030099e-01	5.038939e-01	5.051080e-01	5.001337e-01	4.535481e-01	4.958278e-01	4.984025e-01	5.111033e-01	5.567699e-01	0.000000e+00	1	9.949813e-02
2.297357e-01	1.187671e-01	9.746448e-01	8.348796e-01	3.037526e-01	5.304569e-01	5.392056e-01	5.331856e-01	5.135734e-01	4.714730e-01	4.851550e-01	4.486002e-01	4.748146e-01	5.126498e-01	4.876464e-01	0.000000e+00	1	9.865965e-02
2.471100e-01	7.362183e-01	6.873506e-01	4.612436e-01	7.938421e-01	4.700503e-01	5.006113e-01	6.647853e-01	5.009300e-01	4.929516e-01	4.552511e-01	5.057710e-01	4.216290e-01	5.280720e-01	4.967620e-01	0.000000e+00	1	9.839437e-02
2.738312e-01	8.276961e-02	9.790103e-01	8.190181e-01	1.868693e-01	5.309228e-01	4.931948e-01	5.279078e-01	5.094363e-01	4.483435e-01	4.562907e-01	4.316616e-01	4.714358e-01	4.110397e-01	4.900268e-01	0.000000e+00	1	9.310285e-02
9.282837e-01	3.958783e-01	1.026888e-01	6.455729e-02	2.566271e-01	4.584050e-01	4.966414e-01	4.006387e-01	5.118862e-01	5.433017e-01	4.879717e-01	4.956564e-01	4.809505e-01	4.918247e-01	4.873314e-01	0.000000e+00	1	9.049640e-02
2.073555e-01	6.270025e-01	7.983099e-01	5.600091e-01	7.966719e-01	5.235396e-01	5.006113e-01	6.495346e-01	5.090462e-01	5.451587e-01	4.520521e-01	4.151686e-01	4.751494e-01	5.300606e-01	4.967620e-01	0.000000e+00	1	8.970557e-02
5.905274e-01	4.568160e-01	7.019436e-01	4.803825e-01	4.191618e-01	5.088381e-01	4.789911e-01	4.131340e-01	4.714176e-01	4.560776e-01	4.657852e-01	4.486171e-01	4.803013e-01	4.013651e-01	4.956864e-01	0.000000e+00	1	8.933043e-02
8.543750e-01	4.035718e-01	3.462850e-01	2.236319e-01	2.809348e-01	4.888008e-01	5.013638e-01	4.345848e-01	5.114181e-01	4.905580e-01	4.840018e-01	5.016420e-01	5.368154e-01	4.895986e-01	4.986847e-01	0.000000e+00	1	8.824065e-02
7.141229e-01	2.745949e-01	6.510830e-01	4.488571e-01	2.336975e-01	5.273408e-01	5.069988e-01	5.252867e-01	4.771608e-01	4.968768e-01	5.235011e-01	5.160999e-01	5.247836e-01	4.648594e-01	4.983221e-01	0.000000e+00	1	8.685525e-02
1.836937e-01	9.478765e-01	2.979916e-01	1.905789e-01	8.781369e-01	4.900670e-01	5.557898e-01	5.112411e-01	5.059611e-01	4.547792e-01	4.910498e-01	4.856704e-01	5.466132e-01	5.442036e-01	4.750746e-01	0.000000e+00	1	8.677290e-02
3.320347e-02	5.230782e-01	8.604410e-01	6.516960e-01	9.596434e-01	4.746287e-01	4.395520e-01	4.906540e-01	5.051260e-01	5.006636e-01	4.899678e-01	4.822426e-01	4.756876e-01	4.743201e-01	4.621908e-01	0.000000e+00	1	8.513842e-02
9.931661e-01	4.851443e-07	1.895936e-01	1.200848e-01	3.109776e-07	5.265848e-01	4.521644e-01	5.366735e-01	5.067554e-01	4.994500e-01	5.168619e-01	4.284178e-01	4.929227e-01	4.680372e-01	4.846758e-01	0.000000e+00	1	8.475907e-02
9.582590e-01	5.585012e-02	4.317637e-01	2.690953e-01	3.706212e-02	5.188071e-01	5.718211e-01	4.836960e-01	3.102712e-01	5.470235e-01	4.899058e-01	4.833051e-01	4.201454e-01	5.186442e-01	4.621908e-01	0.000000e+00	1	8.472684e-02
8.776129e-01	4.702256e-01	1.606144e-01	1.018200e-01	3.131382e-01	4.871845e-01	4.980323e-01	4.758607e-01	4.947023e-01	4.890509e-01	4.278923e-01	5.117371e-01	5.079889e-01	4.611279e-01	4.733629e-01	0.000000e+00	1	8.295233e-02
8.266121e-01	3.494707e-01	4.650752e-01	3.043779e-01	2.546379e-01	5.074321e-01	5.118793e-01	5.360997e-01	4.775290e-01	4.786124e-01	4.216748e-01	5.092609e-01	4.801184e-01	4.601593e-01	4.884770e-01	0.000000e+00	1	8.268115e-02
1.203701e-02	9.852786e-01	2.193942e-01	1.394719e-01	9.922229e-01	4.638665e-01	5.699761e-01	4.779722e-01	5.092991e-01	4.747120e-01	4.903996e-01	5.060820e-01	5.284752e-01	4.807197e-01	4.725021e-01	0.000000e+00	1	8.229221e-02
3.034685e-01	4.289565e-01	8.603069e-01	6.509410e-01	6.080246e-01	5.300581e-01	5.439336e-01	5.689696e-01	5.062589e-01	4.955954e-01	4.883758e-01	4.881758e-01	5.079939e-01	4.905544e-01	4.983569e-01	0.000000e+00	1	8.214547e-02
2.024097e-01	5.819899e-01	8.266940e-01	5.922298e-01	7.869209e-01	4.890099e-01	5.703723e-01	5.208606e-01	5.436562e-01	5.075454e-01	3.576783e-01	4.575895e-01	4.736948e-01	4.901340e-01	4.725158e-01	0.000000e+00	1	8.200839e-02
1.609899e-01	1.016517e+00	1.747285e-02	1.080708e-02	9.000065e-01	5.267894e-01	5.338194e-01	6.098330e-01	5.064064e-01	5.435252e-01	4.405611e-01	4.266789e-01	4.949526e-01	4.603902e-01	5.545047e-01	0.000000e+00	1	8.097412e-02
3.505561e-01	9.301210e-01	2.213173e-01	1.394719e-01	7.705436e-01	4.710916e-01	5.699761e-01	4.779722e-01	5.092991e-01	4.747120e-01	4.472590e-01	4.254215e-01	5.284752e-01	4.615822e-01	4.725021e-01	0.000000e+00	1	8.040314e-02
9.889031e-01	1.444563e-02	2.333124e-01	1.474855e-01	9.298908e-03	5.327060e-01	5.100322e-01	5.178237e-01	5.101543e-01	4.981462e-01	4.818018e-01	3.936340e-01	5.310081e-01	4.559695e-01	4.959811e-01	0.000000e+00	1	8.012467e-02
9.518935e-01	3.653959e-01	1.241698e-01	7.714829e-02	2.333323e-01	5.232659e-01	5.302402e-01	4.933130e-01	5.298634e-01	4.995978e-01	4.859073e-01	4.576160e-01	6.142706e-01	4.179187e-01	5.544574e-01	0.000000e+00	1	7.745337e-02
7.418674e-01	3.526352e-01	6.059819e-01	4.046373e-01	2.824817e-01	5.586892e-01	5.098062e-01	5.307875e-01	4.764761e-01	5.139356e-01	4.076879e-01	4.276888e-01	5.084678e-01	4.599460e-01	5.094127e-01	0.000000e+00	1	7.645192e-02
2.554660e-01	7.611135e-01	6.561223e-01	4.361930e-01	7.938421e-01	4.700503e-01	5.342275e-01	6.647853e-01	5.009300e-01	4.929516e-01	4.754943e-01	5.057710e-01	4.216290e-01	5.280720e-01	4.967620e-01	0.000000e+00	1	7.538083e-02
8.508552e-01	4.776305e-01	3.100754e-01	1.958814e-01	3.256425e-01	5.314569e-01	5.587320e-01	4.412258e-01	4.449090e-01	4.537201e-01	4.474214e-01	4.822242e-01	4.189764e-01	4.971002e-01	4.667113e-01	0.000000e+00	1	7.486250e-02
1.886699e-01	5.424838e-01	8.318186e-01	6.152845e-01	7.869209e-01	4.899677e-01	5.729791e-01	4.902888e-01	5.404090e-01	5.107469e-01	4.588644e-01	4.924943e-01	5.057455e-01	4.844946e-01	4.605842e-01	0.000000e+00	1	7.337153e-02
9.760146e-01	2.950152e-01	6.595146e-02	4.112054e-02	1.868693e-01	5.312751e-01	4.931948e-01	5.279078e-01	5.094363e-01	4.483435e-01	4.562907e-01	4.316616e-01	4.714358e-01	4.019255e-01	5.134715e-01	0.000000e+00	1	7.034560e-02
8.248378e-01	4.807394e-02	5.697809e-01	3.843389e-01	3.706212e-02	5.178297e-01	4.994248e-01	4.961764e-01	5.048281e-01	5.020184e-01	4.894603e-01	4.807287e-01	5.294599e-01	4.773603e-01	4.621908e-01	0.000000e+00	1	6.566516e-02
8.840341e-02	6.782784e-01	8.227084e-01	5.584359e-01	9.174913e-01	4.890099e-01	5.703723e-01	6.947698e-01	5.436562e-01	5.458539e-01	3.576783e-01	4.575895e-01	4.858979e-01	5.249419e-01	4.948269e-01	0.000000e+00	1	6.557392e-02
7.004850e-02	2.765402e-01	9.762965e-01	8.190181e-01	8.420641e-01	5.309228e-01	4.931948e-01	5.279078e-01	5.094363e-01	4.718999e-01	4.562907e-01	4.316616e-01	4.714358e-01	4.165407e-01	4.900268e-01	0.000000e+00	1	6.528909e-02
3.218523e-01	9.588989e-01	1.324633e-01	8.290053e-02	7.938421e-01	5.205929e-01	5.006409e-01	5.525957e-01	5.061149e-01	4.988085e-01	4.520521e-01	4.977906e-01	6.174188e-01	5.280720e-01	4.993570e-01	0.000000e+00	1	6.525408e-02
2.587047e-01	1.001589e+00	4.207510e-02	2.587926e-02	8.390819e-01	4.551042e-01	4.747507e-01	5.763053e-01	5.153800e-01	4.764904e-01	4.274276e-01	5.741666e-01	6.109676e-01	4.455983e-01	4.967620e-01	0.000000e+00	1	6.507567e-02
