8.025567e-12	1.866787e-07	1.022166e+00	9.999999e-01	9.999726e-01	5.472496e-01	5.316751e-01	4.388672e-01	5.053340e-01	4.650408e-01	4.756450e-01	3.995660e-01	5.016448e-01	5.561265e-01	4.895695e-01	0.000000e+00	1	1.000000e+14
1.009442e+00	4.930946e-07	3.495244e-05	2.204329e-05	3.109776e-07	5.095105e-01	5.658039e-01	5.297155e-01	5.019426e-01	5.018486e-01	5.176230e-01	4.472289e-01	4.762751e-01	4.837381e-01	5.144277e-01	0.000000e+00	1	1.000000e+14
1.839199e-07	3.855772e-10	1.007062e+00	9.999999e-01	1.334634e-03	5.089107e-01	5.047876e-01	4.898774e-01	5.027393e-01	4.907150e-01	5.015235e-01	4.355479e-01	5.074740e-01	5.452911e-01	4.776509e-01	0.000000e+00	1	1.000000e+14
3.425276e-08	1.113210e-08	1.046752e+00	1.000000e+00	2.000454e-01	5.470359e-01	5.345077e-01	5.480812e-01	4.677631e-01	5.992370e-01	3.332971e-01	4.688642e-01	4.725974e-01	4.905820e-01	4.765345e-01	0.000000e+00	1	1.000000e+14
6.738143e-02	1.003886e+00	7.377802e-11	4.668169e-11	9.573337e-01	4.841528e-01	5.356585e-01	5.127122e-01	4.658210e-01	4.872426e-01	4.896656e-01	4.943592e-01	5.136669e-01	5.364088e-01	4.615455e-01	0.000000e+00	1	1.000000e+14
4.333066e-05	1.035965e+00	5.073446e-04	3.117728e-04	9.999734e-01	6.073756e-01	5.312601e-01	5.910245e-01	4.975934e-01	5.386122e-01	4.520058e-01	4.264254e-01	5.340586e-01	5.038650e-01	5.691676e-01	0.000000e+00	1	1.000000e+14
7.965872e-01	4.642742e-02	6.090789e-01	4.150560e-01	3.706212e-02	5.178297e-01	5.337569e-01	4.906400e-01	5.041394e-01	4.938644e-01	4.885977e-01	4.807287e-01	5.045653e-01	4.869148e-01	4.607410e-01	0.000000e+00	1	1.514991e-01
8.252584e-01	5.361541e-01	2.838695e-01	1.787783e-01	3.667888e-01	5.108211e-01	5.700633e-01	4.277501e-01	5.155859e-01	6.126397e-01	4.924518e-01	4.753882e-01	5.074740e-01	4.880094e-01	5.146349e-01	0.000000e+00	1	1.194680e-01
3.651625e-01	1.442090e-01	9.406977e-01	7.482939e-01	2.394435e-01	5.309240e-01	5.890609e-01	4.836365e-01	5.354097e-01	4.937408e-01	4.923798e-01	4.576160e-01	4.838445e-01	4.179187e-01	4.938904e-01	0.000000e+00	1	1.106379e-01
9.259789e-02	4.463566e-01	9.043202e-01	7.027523e-01	8.697786e-01	5.113332e-01	5.318318e-01	5.237581e-01	5.403174e-01	4.939930e-01	4.798923e-01	4.807287e-01	4.201454e-01	4.743201e-01	4.607410e-01	0.000000e+00	1	1.056234e-01
1.413508e-01	4.221649e-01	9.190847e-01	7.128297e-01	7.943137e-01	5.238055e-01	5.312441e-01	6.045205e-01	5.395113e-01	4.939930e-01	4.513418e-01	4.445635e-01	5.314979e-01	4.749081e-01	4.896415e-01	0.000000e+00	1	1.037122e-01
4.082782e-01	5.876590e-01	7.048728e-01	4.952077e-01	6.134469e-01	4.987097e-01	5.403658e-01	4.545055e-01	5.093946e-01	5.070779e-01	4.897094e-01	5.150646e-01	5.076704e-01	4.905544e-01	4.895108e-01	0.000000e+00	1	1.029333e-01
9.275955e-01	3.021211e-01	2.708256e-01	1.723918e-01	2.004512e-01	5.088113e-01	5.047876e-01	4.995752e-01	5.080889e-01	5.172164e-01	5.015235e-01	4.355479e-01	4.280860e-01	5.452911e-01	4.753198e-01	0.000000e+00	1	1.022597e-01
8.615848e-01	2.098320e-01	4.795021e-01	3.155713e-01	1.520829e-01	5.481160e-01	5.047876e-01	5.217367e-01	5.043514e-01	5.688071e-01	5.010303e-01	4.895751e-01	5.007466e-01	4.928617e-01	4.804542e-01	0.000000e+00	1	1.018902e-01
5.029444e-01	8.048477e-01	3.430016e-01	2.207808e-01	6.444332e-01	5.315961e-01	5.047876e-01	5.354280e-01	5.161959e-01	5.688071e-01	4.919586e-01	4.682442e-01	5.164963e-01	4.943569e-01	4.776509e-01	0.000000e+00	1	1.013963e-01
8.041267e-01	3.969391e-01	4.534499e-01	2.980397e-01	2.919135e-01	5.287300e-01	5.305359e-01	5.081219e-01	5.041032e-01	4.865758e-01	4.603747e-01	4.934157e-01	5.302298e-01	4.817426e-01	4.977288e-01	0.000000e+00	1	9.463636e-02
8.869825e-01	3.648900e-01	3.187078e-01	2.042388e-01	2.484606e-01	5.288792e-01	5.788041e-01	5.090064e-01	5.016868e-01	4.512907e-01	4.998739e-01	5.207416e-01	5.159192e-01	4.779470e-01	4.989762e-01	0.000000e+00	1	9.300886e-02
5.124339e-01	8.696461e-01	1.748149e-01	1.091722e-01	6.610170e-01	4.403575e-01	5.702726e-01	5.255036e-01	4.987417e-01	5.854404e-01	4.665729e-01	4.841643e-01	5.642919e-01	4.503107e-01	5.005537e-01	0.000000e+00	1	9.057926e-02
3.932121e-01	7.496670e-01	5.565123e-01	3.702336e-01	6.924698e-01	5.087734e-01	5.036165e-01	5.327334e-01	5.019877e-01	4.940497e-01	5.143161e-01	4.355479e-01	5.848383e-01	4.832019e-01	4.939952e-01	0.000000e+00	1	8.894062e-02
2.271676e-01	1.172871e-01	9.734555e-01	8.364969e-01	3.034155e-01	5.270962e-01	5.052500e-01	5.114153e-01	5.091215e-01	5.115461e-01	4.484554e-01	4.757110e-01	5.180956e-01	4.831217e-01	4.612718e-01	0.000000e+00	1	8.776993e-02
9.671485e-01	2.871478e-01	3.023533e-02	1.907336e-02	1.837359e-01	5.229958e-01	5.006839e-01	4.667829e-01	5.515887e-01	4.698180e-01	4.867702e-01	4.992057e-01	4.753920e-01	4.941899e-01	4.424794e-01	0.000000e+00	1	8.713793e-02
1.177879e-01	9.746909e-01	2.431250e-01	1.545413e-01	9.234380e-01	4.889981e-01	4.965859e-01	5.491180e-01	5.070522e-01	4.755890e-01	4.271519e-01	5.031046e-01	5.221300e-01	4.521779e-01	4.876086e-01	0.000000e+00	1	8.531838e-02
5.230367e-01	8.524030e-01	1.493576e-01	9.437894e-02	6.496290e-01	4.250553e-01	4.584979e-01	5.266438e-01	4.623918e-01	4.924907e-01	4.702856e-01	5.061156e-01	4.788046e-01	4.897861e-01	4.867006e-01	0.000000e+00	1	8.518135e-02
4.556980e-01	2.558511e-01	8.556571e-01	6.509410e-01	3.256886e-01	5.137002e-01	5.251216e-01	5.356597e-01	5.062589e-01	5.096929e-01	4.883758e-01	5.013370e-01	5.079939e-01	4.905797e-01	4.891261e-01	0.000000e+00	1	8.481710e-02
5.950995e-01	1.568787e-01	7.955439e-01	5.808287e-01	1.640911e-01	5.102929e-01	5.310587e-01	5.328057e-01	5.265484e-01	4.870023e-01	5.007940e-01	4.904640e-01	5.346134e-01	4.869274e-01	4.636098e-01	0.000000e+00	1	8.348532e-02
7.738687e-01	3.820030e-01	5.203721e-01	3.454294e-01	2.919135e-01	5.287300e-01	5.305359e-01	5.081219e-01	5.041032e-01	4.865758e-01	4.603747e-01	4.934157e-01	5.302298e-01	4.433468e-01	4.977288e-01	0.000000e+00	1	8.285105e-02
6.442277e-01	1.698298e-01	7.551303e-01	5.397629e-01	1.640911e-01	5.286667e-01	5.310587e-01	5.078149e-01	5.040202e-01	4.869309e-01	4.541921e-01	4.904640e-01	5.346134e-01	4.869274e-01	4.621946e-01	0.000000e+00	1	8.250604e-02
2.197051e-01	6.259097e-01	7.842469e-01	5.530446e-01	7.850894e-01	5.549702e-01	5.079189e-01	5.350844e-01	4.727188e-01	6.279250e-01	4.518956e-01	4.485500e-01	5.172396e-01	5.167518e-01	5.143442e-01	0.000000e+00	1	8.107451e-02
5.123780e-01	7.149933e-01	4.959869e-01	3.268543e-01	6.041543e-01	5.300581e-01	5.019929e-01	5.668825e-01	5.517925e-01	4.921286e-01	4.883758e-01	4.860240e-01	4.700342e-01	4.905650e-01	5.195960e-01	0.000000e+00	1	8.082290e-02
4.198301e-01	9.058289e-01	1.188201e-01	7.541050e-02	7.237045e-01	4.859151e-01	5.356585e-01	5.162600e-01	4.885229e-01	4.791440e-01	4.896656e-01	4.933278e-01	5.133914e-01	5.364088e-01	4.615455e-01	0.000000e+00	1	8.076367e-02
5.490305e-01	8.333795e-01	1.527805e-01	9.670950e-02	6.291456e-01	4.331681e-01	4.993261e-01	5.032929e-01	4.643517e-01	4.924907e-01	5.540380e-01	5.031184e-01	5.079123e-01	4.749304e-01	4.867006e-01	0.000000e+00	1	7.934866e-02
6.973445e-01	6.345412e-01	4.032243e-01	2.572791e-01	4.700033e-01	5.162430e-01	4.829288e-01	5.877835e-01	5.055590e-01	5.107680e-01	5.129685e-01	3.822247e-01	4.468750e-01	5.081230e-01	4.899077e-01	0.000000e+00	1	7.817441e-02
8.788715e-01	4.988272e-01	7.978493e-02	5.015756e-02	3.286472e-01	4.888948e-01	5.363560e-01	5.024915e-01	4.853879e-01	5.249288e-01	4.440583e-01	4.936089e-01	5.553181e-01	5.719855e-01	4.965238e-01	0.000000e+00	1	7.743415e-02
9.760344e-01	2.212267e-01	1.106717e-01	7.011514e-02	1.418979e-01	5.286667e-01	5.273780e-01	5.078149e-01	5.042056e-01	4.891430e-01	4.541921e-01	4.828039e-01	5.346134e-01	4.869274e-01	4.631007e-01	0.000000e+00	1	7.634815e-02
4.740808e-01	6.701192e-01	5.846329e-01	3.939911e-01	6.080246e-01	5.303857e-01	5.443555e-01	4.343146e-01	5.084517e-01	5.091255e-01	4.883758e-01	4.884595e-01	5.074567e-01	4.905659e-01	4.990753e-01	0.000000e+00	1	7.530921e-02
4.192111e-02	8.332920e-01	5.635756e-01	3.781983e-01	9.680000e-01	5.088915e-01	5.047876e-01	4.807231e-01	5.028816e-01	4.663756e-01	5.034796e-01	4.355479e-01	5.089209e-01	5.222262e-01	4.776509e-01	0.000000e+00	1	7.508694e-02
2.821962e-01	9.579829e-01	2.171041e-01	1.362748e-01	8.176271e-01	3.884352e-01	4.971576e-01	4.285565e-01	4.706853e-01	5.148716e-01	5.112507e-01	4.732509e-01	5.342432e-01	4.899456e-01	5.353919e-01	0.000000e+00	1	7.479179e-02
8.631875e-03	8.449309e-01	5.534371e-01	3.691531e-01	9.934965e-01	4.885995e-01	5.307806e-01	4.798309e-01	5.028215e-01	4.650983e-01	4.756450e-01	4.346323e-01	5.019341e-01	5.489679e-01	4.895695e-01	0.000000e+00	1	7.433344e-02
1.892603e-01	7.225401e-01	6.735043e-01	4.671268e-01	8.369095e-01	5.302694e-01	4.438999e-01	5.176803e-01	4.833210e-01	5.053122e-01	4.847814e-01	5.017961e-01	5.133888e-01	4.905544e-01	5.233163e-01	0.000000e+00	1	7.201683e-02
3.300668e-01	9.364749e-01	2.158558e-01	1.362748e-01	7.842740e-01	3.884352e-01	4.977367e-01	5.078253e-01	4.706853e-01	5.061357e-01	4.865105e-01	4.737885e-01	5.342432e-01	4.899456e-01	5.240560e-01	0.000000e+00	1	7.189395e-02
7.194210e-01	3.248115e-02	7.068589e-01	4.940690e-01	2.872325e-02	5.095105e-01	5.694845e-01	5.297155e-01	5.017572e-01	4.996365e-01	5.176230e-01	4.548890e-01	4.752066e-01	4.879035e-01	5.135216e-01	0.000000e+00	1	7.174516e-02
2.951236e-01	5.202834e-01	8.116356e-01	5.956733e-01	6.715169e-01	5.246783e-01	5.000233e-01	5.350844e-01	4.730772e-01	5.129334e-01	4.518956e-01	4.485500e-01	5.172396e-01	5.139173e-01	5.073849e-01	0.000000e+00	1	7.055501e-02
1.451780e-01	9.882598e-01	8.628036e-02	5.485397e-02	9.071430e-01	4.933788e-01	5.185300e-01	5.089139e-01	5.051225e-01	4.900150e-01	5.218433e-01	4.953880e-01	5.258157e-01	5.257906e-01	5.127758e-01	0.000000e+00	1	7.032191e-02
4.305145e-01	8.653095e-01	3.211618e-01	2.042388e-01	7.060937e-01	5.125256e-01	5.717786e-01	5.345348e-01	5.016868e-01	5.359983e-01	5.971671e-01	5.199923e-01	5.167262e-01	4.769468e-01	4.989762e-01	0.000000e+00	1	6.999591e-02
6.075130e-01	7.727061e-01	2.691208e-01	1.701339e-01	5.758339e-01	4.875003e-01	5.702726e-01	5.056257e-01	4.987417e-01	4.953869e-01	4.013116e-01	4.856704e-01	5.433929e-01	4.538913e-01	4.988876e-01	0.000000e+00	1	6.954891e-02
3.458296e-01	4.888345e-01	8.149170e-01	5.965751e-01	6.080246e-01	5.300581e-01	5.443555e-01	5.668825e-01	5.517925e-01	4.955954e-01	4.883758e-01	4.884595e-01	5.079939e-01	4.905650e-01	4.718422e-01	0.000000e+00	1	6.944770e-02
7.223489e-01	5.580697e-01	4.249470e-01	2.773737e-01	4.187648e-01	4.766398e-01	5.031979e-01	5.091698e-01	4.550618e-01	5.392712e-01	4.603659e-01	5.166730e-01	5.166992e-01	4.910220e-01	5.217061e-01	0.000000e+00	1	6.915108e-02
7.142166e-01	2.264065e-01	6.731483e-01	4.659747e-01	1.954289e-01	5.302694e-01	4.438999e-01	5.176803e-01	5.428699e-01	5.063470e-01	4.839027e-01	5.017961e-01	5.114435e-01	4.906787e-01	5.220573e-01	0.000000e+00	1	6.911736e-02
9.559722e-01	1.763165e-01	2.611029e-01	1.670519e-01	1.161113e-01	5.087163e-01	5.356585e-01	5.161445e-01	4.669862e-01	5.324426e-01	5.020235e-01	4.943592e-01	5.065753e-01	5.352505e-01	4.615455e-01	0.000000e+00	1	6.907193e-02
9.142535e-01	2.679662e-01	3.716577e-01	2.367883e-01	1.815086e-01	5.384955e-01	4.372366e-01	4.313254e-01	5.151530e-01	6.046272e-01	5.214100e-01	4.969087e-01	4.821730e-01	4.935122e-01	4.776509e-01	0.000000e+00	1	6.692554e-02
1.220760e-01	8.857825e-01	4.653928e-01	3.055137e-01	9.128121e-01	4.954273e-01	4.965117e-01	5.491180e-01	4.996350e-01	5.060060e-01	4.271519e-01	4.949242e-01	5.036036e-01	4.937822e-01	4.876086e-01	0.000000e+00	1	6.539130e-02
5.673269e-01	2.471453e-01	8.040762e-01	5.824211e-01	2.615494e-01	5.246783e-01	5.003720e-01	4.618222e-01	4.730772e-01	5.129334e-01	4.478039e-01	5.132492e-01	4.076665e-01	5.139173e-01	5.073849e-01	0.000000e+00	1	6.519613e-02
3.242674e-01	1.226030e-01	9.520766e-01	7.776930e-01	2.301247e-01	5.113671e-01	5.077522e-01	5.304642e-01	5.111502e-01	4.678352e-01	5.049772e-01	5.179950e-01	4.512762e-01	4.460321e-01	4.270856e-01	0.000000e+00	1	6.504550e-02
1.541031e-01	4.602513e-01	8.910623e-01	6.824746e-01	7.943137e-01	4.618788e-01	5.305489e-01	5.643495e-01	5.432548e-01	4.939930e-01	4.600801e-01	4.445635e-01	5.303113e-01	4.749081e-01	5.053123e-01	0.000000e+00	1	6.503985e-02
2.767463e-01	5.269455e-01	8.258562e-01	6.024397e-01	6.921335e-01	5.253018e-01	5.003791e-01	5.378412e-01	4.719902e-01	5.639998e-01	4.596567e-01	4.346593e-01	4.314769e-01	5.201219e-01	5.061193e-01	0.000000e+00	1	6.400659e-02
1.946826e-01	7.641151e-01	6.297228e-01	4.290125e-01	8.411799e-01	5.481160e-01	5.047876e-01	5.217367e-01	5.019802e-01	5.677723e-01	5.019090e-01	4.675263e-01	4.836457e-01	4.927374e-01	4.817132e-01	0.000000e+00	1	6.288765e-02
