1.327199e-07	3.805910e-11	1.018475e+00	9.999999e-01	1.825587e-04	4.260373e-01	5.038757e-01	4.452943e-01	5.071778e-01	4.624439e-01	4.837720e-01	4.140136e-01	5.079262e-01	4.791372e-01	4.805121e-01	0.000000e+00	1	1.000000e+14
8.012466e-12	1.863740e-07	1.020497e+00	9.999999e-01	9.999726e-01	5.472496e-01	5.316751e-01	4.388672e-01	5.064023e-01	4.639523e-01	4.756450e-01	3.995660e-01	5.016448e-01	5.373057e-01	4.895695e-01	0.000000e+00	1	1.000000e+14
1.007158e+00	4.919792e-07	3.487338e-05	2.204329e-05	3.109776e-07	5.095105e-01	5.471976e-01	5.297155e-01	5.019426e-01	5.019249e-01	4.947620e-01	5.293163e-01	5.075733e-01	4.837381e-01	5.523542e-01	0.000000e+00	1	1.000000e+14
1.421627e-09	3.738793e-09	1.047993e+00	1.000000e+00	7.686817e-01	3.761600e-01	5.606224e-01	4.538253e-01	5.089373e-01	5.058219e-01	5.365184e-01	5.279494e-01	4.733209e-01	3.459862e-01	4.862710e-01	0.000000e+00	1	1.000000e+14
4.317368e-05	1.032211e+00	5.055065e-04	3.117728e-04	9.999734e-01	5.859357e-01	5.312601e-01	5.910245e-01	4.975934e-01	5.386122e-01	4.520058e-01	4.264254e-01	5.340586e-01	5.201535e-01	5.691676e-01	0.000000e+00	1	1.000000e+14
6.726658e-02	1.002175e+00	7.365226e-11	4.668169e-11	9.573337e-01	5.297650e-01	5.356585e-01	5.133826e-01	5.097663e-01	4.872426e-01	4.887772e-01	5.028987e-01	5.136669e-01	5.355816e-01	4.842487e-01	0.000000e+00	1	1.000000e+14
9.630116e-01	2.692220e-01	1.683407e-01	1.061802e-01	1.735445e-01	5.297626e-01	5.356585e-01	4.403336e-01	5.354746e-01	4.871776e-01	4.868156e-01	4.278381e-01	5.117579e-01	5.356419e-01	5.087772e-01	0.000000e+00	1	1.487962e-01
3.831324e-01	8.769232e-02	9.244214e-01	7.440674e-01	1.432438e-01	5.105825e-01	4.887294e-01	5.304642e-01	5.111502e-01	4.678352e-01	5.008369e-01	5.179950e-01	5.278602e-01	5.223242e-01	4.758667e-01	0.000000e+00	1	1.414170e-01
9.053919e-01	4.035756e-01	2.396899e-01	1.510368e-01	2.669419e-01	5.639895e-01	5.308402e-01	4.995752e-01	5.044534e-01	5.382583e-01	5.013621e-01	4.355479e-01	4.280860e-01	5.585512e-01	4.766008e-01	0.000000e+00	1	1.312273e-01
4.173264e-02	8.295458e-01	5.610419e-01	3.781983e-01	9.680000e-01	5.085363e-01	5.341769e-01	4.807231e-01	5.043995e-01	5.020650e-01	5.005321e-01	5.043974e-01	5.084431e-01	5.234732e-01	4.931330e-01	0.000000e+00	1	1.287810e-01
1.154052e-01	9.918154e-01	1.410809e-01	8.935773e-02	9.262561e-01	5.800974e-01	5.314647e-01	5.142722e-01	4.997469e-01	4.988188e-01	4.841425e-01	4.895933e-01	5.043767e-01	5.095890e-01	4.814845e-01	0.000000e+00	1	1.202893e-01
8.687764e-01	5.065411e-01	6.327723e-02	4.000399e-02	3.360486e-01	5.016199e-01	4.398841e-01	5.214450e-01	4.650395e-01	4.977832e-01	5.015690e-01	4.933485e-01	5.078839e-01	4.827235e-01	4.559550e-01	0.000000e+00	1	1.177745e-01
5.524869e-01	7.809472e-01	3.313095e-01	2.122522e-01	6.080246e-01	5.303857e-01	5.518879e-01	4.246916e-01	5.074177e-01	5.310616e-01	4.849542e-01	4.884595e-01	5.267928e-01	4.833398e-01	5.265494e-01	0.000000e+00	1	1.089625e-01
8.312466e-02	9.608877e-01	2.865240e-01	1.838387e-01	9.450639e-01	4.606598e-01	4.791886e-01	5.214450e-01	5.067974e-01	4.889954e-01	5.022571e-01	5.041846e-01	5.078839e-01	4.458175e-01	4.774571e-01	0.000000e+00	1	1.066123e-01
8.600107e-01	1.399787e-01	5.253831e-01	3.454294e-01	1.027180e-01	4.833768e-01	5.369979e-01	6.118941e-01	5.099444e-01	4.619993e-01	4.593153e-01	4.934157e-01	5.007535e-01	4.945491e-01	4.945128e-01	0.000000e+00	1	1.021185e-01
3.280645e-01	8.627898e-01	4.354019e-01	2.805896e-01	7.686817e-01	4.090183e-01	5.676221e-01	4.240405e-01	5.042813e-01	5.058219e-01	5.295220e-01	4.969576e-01	5.308213e-01	4.907491e-01	4.983144e-01	0.000000e+00	1	9.943407e-02
9.977852e-03	8.842373e-01	4.789297e-01	3.159977e-01	9.928166e-01	4.973896e-01	5.364073e-01	4.917250e-01	5.140777e-01	5.396028e-01	4.887649e-01	4.873465e-01	5.080145e-01	4.912598e-01	5.454322e-01	0.000000e+00	1	9.886771e-02
4.926463e-01	3.196818e-01	8.359216e-01	6.101103e-01	3.664426e-01	4.810148e-01	4.988136e-01	5.356597e-01	5.044372e-01	4.871169e-01	4.897475e-01	4.836900e-01	5.099123e-01	6.322180e-01	4.572497e-01	0.000000e+00	1	9.843608e-02
2.849901e-01	9.674676e-01	1.156210e-01	7.266398e-02	8.176271e-01	4.014315e-01	4.869275e-01	5.450916e-01	4.706853e-01	5.082430e-01	5.119501e-01	4.667872e-01	5.156827e-01	4.889442e-01	5.267235e-01	0.000000e+00	1	9.588874e-02
3.404946e-01	1.055784e-01	9.516356e-01	7.718199e-01	1.914143e-01	5.276114e-01	5.469142e-01	4.388672e-01	5.406565e-01	4.885517e-01	4.756450e-01	4.259345e-01	4.975451e-01	5.375039e-01	4.845271e-01	0.000000e+00	1	9.273514e-02
1.400827e-01	3.704953e-03	1.003089e+00	9.116360e-01	1.683360e-02	5.096582e-01	5.032795e-01	4.917138e-01	4.628758e-01	5.655650e-01	5.013001e-01	4.223479e-01	5.013259e-01	4.788431e-01	4.776509e-01	0.000000e+00	1	9.050284e-02
8.990809e-01	5.242101e-01	2.803423e-02	1.714435e-02	3.360486e-01	3.744126e-01	4.398841e-01	5.030044e-01	4.650395e-01	4.977832e-01	5.015690e-01	4.933485e-01	4.764562e-01	4.827235e-01	3.600102e-01	0.000000e+00	1	9.044613e-02
8.497728e-01	5.340747e-01	9.407795e-02	5.949915e-02	3.572111e-01	5.076453e-01	5.362579e-01	4.554978e-01	5.488868e-01	5.005096e-01	4.793065e-01	4.999752e-01	5.030949e-01	4.633085e-01	4.767656e-01	0.000000e+00	1	8.974175e-02
2.579335e-01	5.927434e-01	7.679493e-01	5.545615e-01	7.387070e-01	5.254254e-01	5.003720e-01	5.284644e-01	4.718658e-01	5.156388e-01	4.862059e-01	5.119436e-01	5.022612e-01	5.139614e-01	4.721223e-01	0.000000e+00	1	8.950890e-02
3.910631e-01	7.437218e-01	5.871239e-01	3.882586e-01	6.918194e-01	5.726723e-01	5.315224e-01	5.961721e-01	5.028429e-01	5.282416e-01	4.088002e-01	4.969312e-01	5.117799e-01	5.159021e-01	4.954056e-01	0.000000e+00	1	8.931495e-02
7.663027e-01	4.367098e-01	4.949801e-01	3.255672e-01	3.297608e-01	5.108505e-01	5.700633e-01	4.300653e-01	5.155859e-01	4.885928e-01	4.924518e-01	4.753882e-01	5.073806e-01	4.864580e-01	5.146349e-01	0.000000e+00	1	8.795926e-02
6.000328e-01	3.166104e-01	7.538514e-01	5.334874e-01	3.090955e-01	5.095994e-01	5.303918e-01	6.094438e-01	5.005884e-01	5.000520e-01	4.866719e-01	4.900549e-01	4.852620e-01	5.202580e-01	4.830333e-01	0.000000e+00	1	8.649668e-02
4.897396e-01	9.139901e-01	6.263484e-03	3.845401e-03	6.868494e-01	4.014315e-01	5.054876e-01	5.441737e-01	4.681964e-01	5.105165e-01	6.507967e-01	5.189949e-01	4.861630e-01	4.889052e-01	5.267235e-01	0.000000e+00	1	8.533577e-02
6.770154e-02	5.818406e-01	8.630387e-01	6.203808e-01	9.262561e-01	5.803662e-01	5.320184e-01	3.162625e-01	5.001985e-01	5.002460e-01	4.845550e-01	4.895439e-01	5.043767e-01	5.095890e-01	4.632609e-01	0.000000e+00	1	8.396327e-02
2.206571e-01	1.357633e-02	9.832339e-01	8.592013e-01	3.911986e-02	4.323013e-01	4.971817e-01	4.881006e-01	4.966455e-01	5.082002e-01	4.997075e-01	4.595489e-01	5.281987e-01	4.914111e-01	4.784448e-01	0.000000e+00	1	8.393257e-02
6.442277e-01	1.698298e-01	7.551303e-01	5.397629e-01	1.640911e-01	5.286667e-01	5.310587e-01	5.078149e-01	5.040202e-01	4.869309e-01	4.541921e-01	4.904640e-01	5.346134e-01	4.869274e-01	4.621946e-01	0.000000e+00	1	8.385799e-02
9.724097e-01	2.563444e-01	5.773613e-02	3.651008e-02	1.640911e-01	4.548708e-01	5.314045e-01	5.078880e-01	5.035686e-01	4.855038e-01	4.537796e-01	4.905134e-01	5.346134e-01	4.869274e-01	4.804182e-01	0.000000e+00	1	8.377291e-02
6.398443e-01	7.725515e-01	1.301269e-01	8.212564e-02	5.596410e-01	4.806102e-01	5.313573e-01	5.336230e-01	5.023212e-01	5.378501e-01	4.219911e-01	4.935459e-01	5.374663e-01	5.049252e-01	4.940272e-01	0.000000e+00	1	8.275753e-02
6.673228e-01	3.016249e-01	6.953967e-01	4.835382e-01	2.702512e-01	4.810148e-01	4.988136e-01	4.699784e-01	5.044372e-01	4.871169e-01	4.867133e-01	4.903278e-01	5.350716e-01	5.714954e-01	4.572497e-01	0.000000e+00	1	8.151791e-02
8.538285e-01	4.534485e-01	2.872045e-01	1.838387e-01	3.107971e-01	4.606598e-01	4.785730e-01	5.214450e-01	5.067974e-01	5.018771e-01	5.015690e-01	4.397788e-01	5.078839e-01	4.574515e-01	4.774571e-01	0.000000e+00	1	8.086511e-02
7.935209e-01	4.214205e-01	4.465866e-01	2.936607e-01	3.107971e-01	4.614630e-01	4.756017e-01	5.214450e-01	5.067974e-01	5.044908e-01	4.954029e-01	5.168642e-01	5.073928e-01	4.930527e-01	4.817132e-01	0.000000e+00	1	8.066795e-02
3.506530e-05	8.156367e-01	6.138807e-01	4.107398e-01	9.999726e-01	5.472496e-01	5.348638e-01	4.388672e-01	4.610448e-01	4.639523e-01	4.756450e-01	4.065241e-01	5.016448e-01	5.373445e-01	4.895695e-01	0.000000e+00	1	7.891575e-02
5.673704e-01	2.737105e-01	7.847250e-01	5.693787e-01	2.861507e-01	5.095105e-01	5.658039e-01	5.159768e-01	5.022028e-01	5.062041e-01	5.176230e-01	5.061390e-01	4.762751e-01	4.837381e-01	5.198850e-01	0.000000e+00	1	7.878475e-02
9.342598e-01	3.724692e-01	3.499576e-02	2.214223e-02	2.415123e-01	5.136423e-01	4.987760e-01	4.484298e-01	4.706853e-01	5.130277e-01	5.119501e-01	4.593660e-01	5.013901e-01	4.969656e-01	5.264216e-01	0.000000e+00	1	7.775326e-02
6.897806e-01	3.872765e-01	6.390982e-01	4.326076e-01	3.256886e-01	5.095994e-01	4.543460e-01	6.149273e-01	5.005884e-01	5.000520e-01	4.866719e-01	4.777563e-01	4.826180e-01	5.179430e-01	4.830333e-01	0.000000e+00	1	7.195733e-02
9.238119e-01	5.683919e-02	3.924767e-01	2.553226e-01	3.911986e-02	5.096582e-01	5.032795e-01	4.933259e-01	4.966455e-01	4.852828e-01	5.013001e-01	4.355479e-01	5.034714e-01	4.829534e-01	4.776509e-01	0.000000e+00	1	7.148607e-02
5.460504e-01	3.543361e-01	7.754189e-01	5.554168e-01	3.664426e-01	4.899771e-01	4.988136e-01	5.937543e-01	4.884242e-01	5.008678e-01	4.897475e-01	4.836900e-01	5.052556e-01	5.366122e-01	4.592940e-01	0.000000e+00	1	7.083042e-02
2.155150e-01	7.195494e-01	6.738218e-01	4.654947e-01	8.147368e-01	4.250553e-01	4.859368e-01	5.275616e-01	4.706765e-01	4.885279e-01	5.015478e-01	4.666054e-01	5.105904e-01	4.898251e-01	4.867006e-01	0.000000e+00	1	7.032334e-02
8.189797e-01	2.158975e-01	5.468893e-01	3.650079e-01	1.640911e-01	4.644471e-01	4.550128e-01	5.132984e-01	5.096044e-01	4.869309e-01	4.541921e-01	4.781807e-01	5.371700e-01	4.885548e-01	4.808845e-01	0.000000e+00	1	6.683894e-02
2.769774e-01	1.844902e-01	9.567569e-01	7.868934e-01	3.740771e-01	5.098151e-01	5.355859e-01	5.214450e-01	4.609455e-01	5.832430e-01	5.015690e-01	5.178323e-01	5.112858e-01	4.574515e-01	4.788179e-01	0.000000e+00	1	6.489349e-02
4.452962e-01	8.506743e-01	4.407186e-01	2.739449e-01	6.929958e-01	4.994114e-01	5.763278e-01	5.197957e-01	5.093946e-01	7.126123e-01	5.011175e-01	4.815459e-01	4.343450e-01	4.823531e-01	4.961891e-01	0.000000e+00	1	6.439924e-02
1.722900e-01	5.896306e-01	7.956616e-01	5.814471e-01	8.190182e-01	5.135393e-01	5.259913e-01	5.356597e-01	5.062589e-01	5.097513e-01	4.840821e-01	4.595481e-01	5.079939e-01	4.907369e-01	4.700825e-01	0.000000e+00	1	6.401497e-02
4.221535e-01	9.233936e-01	4.972330e-04	3.117728e-04	7.270139e-01	5.261410e-01	5.023240e-01	5.910245e-01	4.975934e-01	4.848943e-01	4.520058e-01	4.543048e-01	5.340586e-01	5.209041e-01	4.890084e-01	0.000000e+00	1	6.267736e-02
2.678589e-01	6.155524e-01	7.452829e-01	5.332148e-01	7.387070e-01	5.261584e-01	4.846099e-01	5.284644e-01	5.004089e-01	5.165834e-01	4.861976e-01	5.119436e-01	5.006768e-01	5.206968e-01	4.833638e-01	0.000000e+00	1	6.240146e-02
4.701814e-01	2.227224e-01	8.625631e-01	6.544803e-01	2.816296e-01	5.100000e-01	5.292378e-01	5.688963e-01	5.270106e-01	5.096870e-01	4.824230e-01	5.193776e-01	5.059162e-01	4.930527e-01	4.949068e-01	0.000000e+00	1	6.123738e-02
9.170533e-01	2.452207e-01	3.802633e-01	2.425581e-01	1.663408e-01	6.160299e-01	4.970128e-01	5.304642e-01	5.104204e-01	5.257548e-01	5.421070e-01	5.179950e-01	5.268634e-01	4.365031e-01	4.758667e-01	0.000000e+00	1	6.117779e-02
2.660160e-01	6.821418e-02	9.817620e-01	8.263599e-01	1.598044e-01	5.617087e-01	5.316751e-01	4.388672e-01	5.406565e-01	4.639523e-01	4.756450e-01	4.236613e-01	5.016448e-01	5.373057e-01	4.885132e-01	0.000000e+00	1	6.107749e-02
5.371760e-01	7.593050e-01	4.052147e-01	2.615668e-01	6.080246e-01	4.922888e-01	5.518879e-01	5.878745e-01	5.074177e-01	4.763771e-01	4.849542e-01	4.929151e-01	5.530482e-01	5.179744e-01	4.933538e-01	0.000000e+00	1	5.844241e-02
1.797396e-01	5.575271e-01	8.506533e-01	6.160845e-01	8.014593e-01	4.090183e-01	5.676221e-01	5.339498e-01	5.042813e-01	5.051544e-01	4.865872e-01	4.831698e-01	5.308213e-01	6.318100e-01	4.983144e-01	0.000000e+00	1	5.829724e-02
5.342090e-01	2.818781e-01	8.181647e-01	5.951463e-01	3.090955e-01	4.928643e-01	5.305171e-01	6.150214e-01	5.005884e-01	5.000520e-01	4.731495e-01	4.900549e-01	4.859152e-01	5.403143e-01	4.893211e-01	0.000000e+00	1	5.755784e-02
3.664492e-01	6.376895e-01	6.879092e-01	4.787309e-01	6.679568e-01	5.286667e-01	5.314532e-01	5.299693e-01	4.679089e-01	4.869309e-01	5.075510e-01	5.189151e-01	5.346134e-01	4.900437e-01	4.621946e-01	0.000000e+00	1	5.596106e-02
