8.573011e-13	5.022356e-13	1.021789e+00	1.000000e+00	3.373688e-01	5.066327e-01	4.858959e-01	4.554747e-01	5.004901e-01	5.161794e-01	5.995164e-01	4.055905e-01	5.110255e-01	5.128582e-01	4.859187e-01	0.000000e+00	1	1.000000e+14
1.008025e+00	4.924028e-07	4.419943e-06	2.791421e-06	3.109776e-07	4.600860e-01	5.471976e-01	4.880527e-01	5.092059e-01	5.019249e-01	4.992348e-01	4.677239e-01	5.075733e-01	4.884773e-01	5.523542e-01	0.000000e+00	1	1.000000e+14
1.596530e-14	1.093370e-12	1.124529e+00	1.000000e+00	9.907048e-01	2.238880e-01	4.887609e-01	4.138506e-01	5.044418e-01	5.618681e-01	5.884247e-01	5.040997e-01	4.550608e-01	6.638370e-01	4.859187e-01	0.000000e+00	1	1.000000e+14
4.276364e-05	1.022408e+00	4.679291e-04	2.913640e-04	9.999734e-01	5.825756e-01	5.312601e-01	5.878038e-01	4.984143e-01	4.875566e-01	4.520058e-01	4.444376e-01	5.143866e-01	5.224223e-01	4.746076e-01	0.000000e+00	1	1.000000e+14
9.989730e-01	1.009142e-01	7.362492e-11	4.668169e-11	6.409261e-02	5.297650e-01	5.322770e-01	5.049090e-01	5.108490e-01	4.872426e-01	4.882770e-01	5.048125e-01	5.136669e-01	5.355816e-01	5.145387e-01	0.000000e+00	1	1.000000e+14
7.055402e-01	3.900895e-01	6.470020e-01	4.305358e-01	3.215331e-01	5.112806e-01	5.588200e-01	6.149273e-01	5.005884e-01	3.770797e-01	4.850281e-01	4.922405e-01	5.126828e-01	5.185855e-01	5.319386e-01	0.000000e+00	1	1.506055e-01
3.548885e-01	6.712238e-01	6.811207e-01	4.654947e-01	6.903751e-01	3.717340e-01	5.055691e-01	5.441942e-01	4.705681e-01	4.863317e-01	5.015478e-01	5.124400e-01	5.105904e-01	4.898251e-01	4.880019e-01	0.000000e+00	1	1.443449e-01
6.485719e-01	1.731538e-01	7.624709e-01	5.404327e-01	1.660891e-01	4.660895e-01	5.471976e-01	4.880527e-01	5.092059e-01	4.868969e-01	6.000454e-01	4.598759e-01	4.996780e-01	4.884868e-01	4.815488e-01	0.000000e+00	1	1.408352e-01
1.147965e-01	9.865841e-01	1.403368e-01	8.935773e-02	9.262561e-01	5.094865e-01	5.173594e-01	4.531745e-01	5.037703e-01	4.986558e-01	4.986545e-01	4.973178e-01	5.044285e-01	5.095890e-01	4.803780e-01	0.000000e+00	1	1.286867e-01
2.786147e-01	9.458246e-01	2.426236e-01	1.535994e-01	8.176271e-01	4.014315e-01	4.859165e-01	5.513836e-01	4.736376e-01	5.293060e-01	5.158018e-01	4.920626e-01	5.156827e-01	4.889442e-01	4.748942e-01	0.000000e+00	1	1.153304e-01
8.189797e-01	2.158975e-01	5.468893e-01	3.650079e-01	1.640911e-01	4.644471e-01	4.550128e-01	5.132984e-01	5.096044e-01	4.869309e-01	4.541921e-01	4.781807e-01	5.371700e-01	4.885548e-01	4.808845e-01	0.000000e+00	1	1.134723e-01
4.289668e-02	6.390987e-01	7.778708e-01	5.614477e-01	9.573337e-01	5.065144e-01	5.466326e-01	5.128666e-01	5.057987e-01	4.872426e-01	4.847173e-01	5.027282e-01	5.136669e-01	5.670736e-01	5.122574e-01	0.000000e+00	1	1.107017e-01
2.570449e-01	7.973172e-01	6.059201e-01	3.986429e-01	8.014593e-01	4.261696e-01	5.687559e-01	5.339498e-01	5.042813e-01	5.051544e-01	4.865872e-01	4.367037e-01	5.308213e-01	6.318100e-01	4.983159e-01	0.000000e+00	1	1.099691e-01
8.551964e-02	2.926751e-01	9.571482e-01	8.036662e-01	8.190182e-01	5.135393e-01	5.259913e-01	5.356597e-01	5.065550e-01	5.097513e-01	4.828613e-01	4.593916e-01	5.063200e-01	4.907369e-01	4.856782e-01	0.000000e+00	1	1.081219e-01
4.109467e-01	1.972382e-01	9.220608e-01	7.077122e-01	2.848796e-01	5.085633e-01	5.311785e-01	3.420502e-01	5.077859e-01	5.058750e-01	4.511524e-01	4.983142e-01	5.052793e-01	4.930527e-01	4.949068e-01	0.000000e+00	1	1.050746e-01
7.312805e-01	7.171330e-01	4.687639e-04	2.913640e-04	4.937820e-01	5.825756e-01	5.312601e-01	5.878038e-01	5.076529e-01	4.553069e-01	4.478182e-01	4.444376e-01	5.143866e-01	5.053351e-01	5.249994e-01	0.000000e+00	1	9.751120e-02
9.463526e-01	1.541613e-01	3.244989e-01	2.077503e-01	1.028027e-01	4.853065e-01	5.066628e-01	4.390293e-01	5.503386e-01	4.881157e-01	4.606281e-01	4.903278e-01	4.981412e-01	5.577577e-01	5.247636e-01	0.000000e+00	1	9.656422e-02
1.602385e-01	8.555299e-01	5.125733e-01	3.388154e-01	8.821285e-01	4.922888e-01	5.311866e-01	5.878745e-01	4.996399e-01	4.763771e-01	4.882856e-01	4.929151e-01	5.158605e-01	5.179744e-01	4.933538e-01	0.000000e+00	1	9.589893e-02
3.739771e-02	9.100890e-01	4.734567e-01	3.051675e-01	9.738545e-01	6.232161e-01	5.330465e-01	5.732951e-01	5.106870e-01	4.876116e-01	4.519593e-01	4.781807e-01	5.371700e-01	4.867485e-01	4.825972e-01	0.000000e+00	1	9.528489e-02
4.940392e-01	8.778880e-01	1.002409e-01	6.314159e-02	6.736776e-01	5.105825e-01	5.053936e-01	5.304257e-01	5.109473e-01	4.948303e-01	5.008408e-01	4.180010e-01	5.603499e-01	4.876294e-01	4.755843e-01	0.000000e+00	1	9.241026e-02
5.265122e-01	3.059490e-01	8.200756e-01	5.933794e-01	3.351143e-01	4.853057e-01	4.846928e-01	6.014479e-01	5.004901e-01	5.172221e-01	4.658779e-01	4.055905e-01	5.110255e-01	5.024470e-01	4.859187e-01	0.000000e+00	1	9.236772e-02
2.577588e-14	1.034893e-12	1.064603e+00	1.000000e+00	9.841471e-01	3.761600e-01	5.342834e-01	4.138506e-01	5.044418e-01	5.618681e-01	5.884247e-01	5.040997e-01	4.558935e-01	6.638370e-01	4.859187e-01	0.000000e+00	1	9.136274e-02
6.038081e-01	4.616392e-01	6.818339e-01	4.654947e-01	4.155509e-01	3.717340e-01	5.314981e-01	5.441942e-01	4.705681e-01	5.085332e-01	5.096720e-01	5.057178e-01	5.146377e-01	4.840916e-01	4.879965e-01	0.000000e+00	1	9.111622e-02
7.169394e-01	1.167898e-01	7.125469e-01	4.938758e-01	1.028027e-01	5.058698e-01	4.850266e-01	4.469973e-01	4.713327e-01	4.881157e-01	4.606281e-01	4.903278e-01	4.191602e-01	5.728711e-01	4.970136e-01	0.000000e+00	1	8.785171e-02
3.965934e-01	4.267399e-01	8.349017e-01	6.121508e-01	5.232996e-01	5.825756e-01	5.006515e-01	5.935916e-01	5.100525e-01	5.350199e-01	4.822767e-01	4.973104e-01	5.143866e-01	5.087027e-01	5.235352e-01	0.000000e+00	1	8.719962e-02
2.997028e-01	5.668475e-01	7.934555e-01	5.673103e-01	6.903751e-01	3.717340e-01	4.868306e-01	5.404426e-01	4.705681e-01	4.863317e-01	4.843677e-01	4.981017e-01	5.105904e-01	4.817429e-01	4.880019e-01	0.000000e+00	1	8.671312e-02
4.296811e-01	5.231175e-02	9.331861e-01	7.235112e-01	7.712605e-02	5.095659e-01	4.876806e-01	6.540387e-01	4.650311e-01	4.829791e-01	5.009471e-01	5.035012e-01	5.275578e-01	4.786401e-01	4.555558e-01	0.000000e+00	1	8.130308e-02
2.355199e-01	4.517392e-01	8.676241e-01	6.619949e-01	6.940462e-01	5.081943e-01	4.985836e-01	4.531745e-01	5.082210e-01	5.309055e-01	4.524043e-01	4.888233e-01	5.052518e-01	5.095890e-01	4.815164e-01	0.000000e+00	1	8.031864e-02
4.171561e-01	8.726204e-01	2.987674e-01	1.907311e-01	7.161097e-01	5.089003e-01	5.066628e-01	5.317312e-01	5.498720e-01	4.883575e-01	4.606281e-01	4.903278e-01	4.230422e-01	4.841066e-01	5.269461e-01	0.000000e+00	1	7.864391e-02
5.287436e-01	7.473858e-01	4.338314e-01	2.817205e-01	6.080246e-01	4.922888e-01	5.311849e-01	5.878745e-01	5.074177e-01	4.763771e-01	4.849542e-01	4.929151e-01	5.555512e-01	5.179744e-01	4.933538e-01	0.000000e+00	1	7.791403e-02
3.320802e-01	9.329613e-01	2.815525e-01	1.763444e-01	7.823024e-01	4.864694e-01	5.268394e-01	4.839754e-01	6.134516e-01	5.051301e-01	4.859784e-01	3.778275e-01	5.170678e-01	4.942660e-01	5.064573e-01	0.000000e+00	1	7.648040e-02
4.701814e-01	2.227224e-01	8.625631e-01	6.544803e-01	2.816296e-01	5.100000e-01	5.292378e-01	5.688963e-01	5.270106e-01	5.096870e-01	4.824230e-01	5.193776e-01	5.059162e-01	4.930527e-01	4.949068e-01	0.000000e+00	1	7.455658e-02
8.678090e-01	3.369095e-01	4.055654e-01	2.615668e-01	2.357523e-01	4.658155e-01	5.466092e-01	5.878745e-01	5.074177e-01	4.763771e-01	4.849542e-01	4.924563e-01	5.556453e-01	5.179744e-01	4.933538e-01	0.000000e+00	1	7.334901e-02
5.371760e-01	7.593050e-01	4.052147e-01	2.615668e-01	6.080246e-01	4.922888e-01	5.518879e-01	5.878745e-01	5.074177e-01	4.763771e-01	4.849542e-01	4.929151e-01	5.530482e-01	5.179744e-01	4.933538e-01	0.000000e+00	1	7.315776e-02
8.479397e-01	1.889326e-01	5.333132e-01	3.505074e-01	1.395678e-01	5.016199e-01	5.798922e-01	5.214958e-01	5.479742e-01	4.977832e-01	5.829540e-01	4.917703e-01	5.072694e-01	4.827235e-01	4.459797e-01	0.000000e+00	1	7.249160e-02
7.800211e-01	4.445279e-01	4.676148e-01	3.056959e-01	3.297608e-01	5.108505e-01	4.251859e-01	4.300653e-01	5.155859e-01	4.885928e-01	4.924518e-01	4.753882e-01	5.026827e-01	4.864580e-01	5.210565e-01	0.000000e+00	1	7.082879e-02
9.719825e-01	2.562318e-01	6.475452e-02	4.095461e-02	1.640911e-01	5.287595e-01	5.310587e-01	5.134694e-01	5.036798e-01	4.869119e-01	4.541921e-01	4.904640e-01	5.346134e-01	4.827415e-01	4.621946e-01	0.000000e+00	1	7.033278e-02
1.403964e-01	9.234157e-01	3.653930e-01	2.373945e-01	9.039437e-01	5.018677e-01	5.289019e-01	5.214450e-01	5.283035e-01	4.889954e-01	4.953668e-01	5.040333e-01	5.080055e-01	4.898760e-01	4.769722e-01	0.000000e+00	1	6.926420e-02
7.998557e-01	6.119303e-01	6.487691e-02	4.095461e-02	4.157536e-01	5.438252e-01	5.314386e-01	5.449356e-01	5.036798e-01	4.843442e-01	5.082408e-01	4.904640e-01	5.346134e-01	5.346881e-01	4.621946e-01	0.000000e+00	1	6.785568e-02
7.482700e-01	1.500544e-01	6.846191e-01	4.654947e-01	1.259935e-01	3.566690e-01	5.311182e-01	5.127280e-01	4.705681e-01	5.111009e-01	4.556233e-01	5.057178e-01	4.864956e-01	4.840916e-01	4.879965e-01	0.000000e+00	1	6.674970e-02
7.986848e-01	2.707515e-01	5.941307e-01	3.907216e-01	2.080721e-01	3.929147e-01	4.543460e-01	6.149273e-01	5.003662e-01	4.960821e-01	4.857951e-01	4.374080e-01	5.124202e-01	5.179430e-01	5.150743e-01	0.000000e+00	1	6.638047e-02
1.693231e-02	3.534875e-01	9.430403e-01	7.714500e-01	9.695287e-01	5.081943e-01	5.043743e-01	4.569261e-01	4.708317e-01	5.600695e-01	5.013226e-01	5.124795e-01	4.920829e-01	5.089413e-01	5.235643e-01	0.000000e+00	1	6.623096e-02
8.701456e-01	5.396441e-01	1.982825e-01	1.217769e-01	3.534025e-01	5.100113e-01	5.809932e-01	4.231742e-01	4.412871e-01	5.656427e-01	4.849542e-01	4.924620e-01	5.071913e-01	3.530636e-01	4.739679e-01	0.000000e+00	1	6.583238e-02
2.087727e-01	5.347608e-01	8.413206e-01	6.188068e-01	7.630459e-01	3.953134e-01	4.869275e-01	5.680421e-01	5.047165e-01	5.090865e-01	4.608844e-01	4.913937e-01	5.156827e-01	4.901103e-01	5.265290e-01	0.000000e+00	1	6.494423e-02
3.487112e-01	8.932062e-01	3.426743e-01	2.185074e-01	7.630459e-01	3.953134e-01	4.869275e-01	4.262754e-01	5.047165e-01	5.090865e-01	4.834338e-01	4.914343e-01	5.156827e-01	4.830656e-01	5.265290e-01	0.000000e+00	1	6.392512e-02
2.258650e-01	6.292442e-01	7.593644e-01	5.404327e-01	7.806064e-01	4.647412e-01	5.419424e-01	4.277022e-01	4.971766e-01	4.868969e-01	4.482624e-01	4.893017e-01	4.996780e-01	4.862446e-01	4.815488e-01	0.000000e+00	1	6.366755e-02
1.003498e+00	4.785430e-02	5.531856e-02	3.501892e-02	3.033581e-02	4.702802e-01	5.358542e-01	4.581866e-01	5.065444e-01	4.867478e-01	4.819824e-01	4.688974e-01	5.066875e-01	4.797966e-01	4.832627e-01	0.000000e+00	1	6.350872e-02
8.765674e-01	4.939689e-01	7.692390e-02	4.857654e-02	3.266934e-01	5.016199e-01	4.383938e-01	5.214450e-01	5.503012e-01	4.977832e-01	5.015690e-01	4.917703e-01	4.981495e-01	4.827235e-01	4.559550e-01	0.000000e+00	1	6.349465e-02
5.104337e-01	7.526247e-01	4.309312e-01	2.817205e-01	6.206077e-01	5.150630e-01	4.995468e-01	5.361432e-01	5.074177e-01	4.763771e-01	4.849542e-01	4.926258e-01	5.587668e-01	5.179744e-01	5.109640e-01	0.000000e+00	1	6.312411e-02
1.735098e-01	1.290034e-01	9.797216e-01	8.617227e-01	4.070063e-01	5.010234e-01	4.887806e-01	4.908074e-01	4.522425e-01	4.960456e-01	4.914613e-01	4.933632e-01	5.185095e-01	4.827235e-01	5.054496e-01	0.000000e+00	1	6.296688e-02
1.832859e-01	2.985736e-02	1.007569e+00	8.839688e-01	1.028027e-01	5.077964e-01	5.280425e-01	4.620709e-01	5.097723e-01	4.870730e-01	5.942666e-01	4.903278e-01	4.222089e-01	5.832823e-01	4.950903e-01	0.000000e+00	1	6.271839e-02
2.122459e-01	1.014537e+00	2.052170e-02	1.260280e-02	8.687097e-01	5.331690e-01	4.398841e-01	5.030044e-01	4.756228e-01	4.987742e-01	3.986477e-01	4.930936e-01	4.764483e-01	4.827235e-01	3.578316e-01	0.000000e+00	1	6.267874e-02
8.871016e-01	4.771076e-01	1.688979e-01	1.057644e-01	3.141398e-01	4.847894e-01	5.429071e-01	5.416167e-01	4.784222e-01	4.542244e-01	5.013088e-01	4.223479e-01	5.232850e-01	4.786760e-01	4.109357e-01	0.000000e+00	1	6.134587e-02
4.445869e-01	2.527288e-01	8.624308e-01	6.592571e-01	3.290711e-01	4.769281e-01	4.988136e-01	5.264776e-01	5.098529e-01	4.880872e-01	4.897475e-01	4.842503e-01	5.078195e-01	4.826405e-01	4.784324e-01	0.000000e+00	1	6.133853e-02
5.524869e-01	7.809472e-01	3.313095e-01	2.122522e-01	6.080246e-01	5.303857e-01	5.518879e-01	4.246916e-01	5.074177e-01	5.310616e-01	4.849542e-01	4.884595e-01	5.267928e-01	4.833398e-01	5.265494e-01	0.000000e+00	1	5.974582e-02
8.518654e-01	1.386529e-01	5.204071e-01	3.454294e-01	1.027180e-01	4.864673e-01	5.647663e-01	5.232468e-01	5.102645e-01	4.687659e-01	4.680236e-01	4.936982e-01	5.077516e-01	4.945491e-01	5.260701e-01	0.000000e+00	1	5.874391e-02
