1.036165e+00	1.693583e-02	2.075604e-01	1.258430e-01	1.040445e-02	4.984331e-01	4.339196e-01	4.790895e-01	4.989413e-01	5.015797e-01	7.173145e-01	5.065215e-01	5.691519e-01	4.951403e-01	5.009949e-01	0.000000e+00	1	1.000000e+14
3.370926e-15	8.121467e-13	1.022458e+00	1.000000e+00	9.973576e-01	4.971474e-01	4.467098e-01	4.821601e-01	5.515731e-01	5.015552e-01	4.953642e-01	4.450996e-01	4.571733e-01	3.923871e-01	5.133990e-01	0.000000e+00	1	1.000000e+14
7.903797e-13	7.307313e-14	1.008309e+00	1.000000e+00	5.869069e-02	4.984331e-01	4.470066e-01	4.790895e-01	4.998498e-01	5.015797e-01	5.142828e-01	5.065215e-01	5.691519e-01	4.951403e-01	5.025587e-01	0.000000e+00	1	1.000000e+14
1.433534e-13	7.840932e-13	1.039527e+00	1.000000e+00	8.848802e-01	5.127084e-01	5.066350e-01	4.255420e-01	5.017711e-01	3.759962e-01	6.288414e-01	5.161062e-01	5.117579e-01	4.697760e-01	4.779481e-01	0.000000e+00	1	1.000000e+14
7.179225e-01	7.215582e-01	1.507524e-11	9.428708e-12	5.016079e-01	5.036125e-01	5.336454e-01	4.833381e-01	5.073318e-01	5.009834e-01	4.987325e-01	4.915742e-01	6.265384e-01	5.096881e-01	5.146280e-01	0.000000e+00	1	1.000000e+14
4.256042e-05	1.017549e+00	1.657301e-05	1.036874e-05	9.999734e-01	5.811705e-01	5.347251e-01	5.818691e-01	4.984143e-01	4.725986e-01	4.821004e-01	4.592091e-01	4.989853e-01	4.883661e-01	5.133466e-01	0.000000e+00	1	1.000000e+14
9.435384e-01	1.676491e-01	3.100495e-01	1.992026e-01	1.119471e-01	5.038838e-01	5.340240e-01	4.833381e-01	5.064706e-01	4.990308e-01	4.987325e-01	4.966729e-01	5.034238e-01	5.214677e-01	4.275685e-01	0.000000e+00	1	1.384241e-01
7.755509e-01	1.783952e-01	6.355912e-01	4.290399e-01	1.439340e-01	4.906628e-01	5.208156e-01	3.803469e-01	5.337588e-01	5.157197e-01	4.717045e-01	4.924672e-01	5.158715e-01	5.333393e-01	4.950300e-01	0.000000e+00	1	1.338898e-01
9.853620e-01	2.477870e-01	2.284967e-01	1.408262e-01	1.568375e-01	4.979379e-01	4.755864e-01	4.242480e-01	5.834387e-01	5.018055e-01	5.811633e-01	5.756687e-01	6.035281e-01	4.350284e-01	5.293182e-01	0.000000e+00	1	1.267321e-01
9.103255e-01	2.074573e-01	4.183286e-01	2.681640e-01	1.426454e-01	4.761737e-01	4.755864e-01	4.436301e-01	4.793266e-01	4.725369e-01	5.758573e-01	5.780126e-01	4.956190e-01	4.257592e-01	5.142841e-01	0.000000e+00	1	1.224685e-01
8.550756e-01	1.368187e-01	5.337995e-01	3.516772e-01	1.010078e-01	5.132935e-01	5.231394e-01	4.874103e-01	4.909492e-01	5.003603e-01	4.669157e-01	4.227432e-01	5.624535e-01	4.305955e-01	4.770749e-01	0.000000e+00	1	1.213485e-01
8.050883e-01	2.961354e-01	5.543459e-01	3.652385e-01	2.243891e-01	5.126928e-01	5.069754e-01	4.241052e-01	4.800484e-01	5.025473e-01	4.863907e-01	4.673587e-01	6.102130e-01	4.630792e-01	5.147762e-01	0.000000e+00	1	1.213407e-01
4.557637e-01	3.971647e-01	8.032224e-01	5.892623e-01	4.563307e-01	5.597252e-01	5.019316e-01	4.795767e-01	5.043289e-01	5.021456e-01	4.717045e-01	4.930606e-01	5.174613e-01	4.958001e-01	4.892024e-01	0.000000e+00	1	1.175941e-01
8.692929e-01	3.332147e-01	4.475900e-01	2.853030e-01	2.330297e-01	5.574878e-01	5.705601e-01	4.370890e-01	5.046567e-01	5.008546e-01	5.757870e-01	4.853704e-01	6.016182e-01	4.350284e-01	5.143787e-01	0.000000e+00	1	1.060356e-01
1.877092e-01	9.887093e-01	1.164573e-01	7.334353e-02	8.805575e-01	4.944191e-01	5.486978e-01	4.408180e-01	4.969842e-01	5.048085e-01	4.938189e-01	4.969626e-01	4.961118e-01	5.801955e-01	4.744128e-01	0.000000e+00	1	1.023640e-01
5.646570e-01	5.016086e-01	6.821777e-01	4.676521e-01	4.624004e-01	4.918501e-01	5.019316e-01	3.803469e-01	5.337588e-01	5.157197e-01	4.717045e-01	4.924672e-01	5.153390e-01	5.291108e-01	4.939902e-01	0.000000e+00	1	9.709127e-02
2.914923e-01	9.730109e-01	7.053640e-02	4.413837e-02	8.146996e-01	4.986041e-01	4.357063e-01	4.589102e-01	5.050841e-01	5.019660e-01	3.926069e-01	5.077298e-01	4.883978e-01	4.815634e-01	5.161295e-01	0.000000e+00	1	9.605635e-02
8.825181e-01	2.219250e-01	4.882161e-01	3.134863e-01	1.568375e-01	5.173937e-01	5.032230e-01	6.017001e-01	4.801562e-01	5.018055e-01	5.811633e-01	4.908967e-01	6.035281e-01	4.364204e-01	5.142841e-01	0.000000e+00	1	9.602793e-02
2.241137e-01	6.989884e-02	9.835577e-01	8.508388e-01	1.924687e-01	5.072801e-01	4.777831e-01	5.959451e-01	4.992047e-01	5.142112e-01	5.143283e-01	4.835503e-01	5.221967e-01	4.889619e-01	5.119003e-01	0.000000e+00	1	9.477123e-02
3.380715e-02	5.718147e-01	8.283508e-01	6.148415e-01	9.624052e-01	5.077746e-01	5.369562e-01	4.874645e-01	5.081137e-01	4.796158e-01	4.429982e-01	5.003697e-01	5.407150e-01	4.929383e-01	5.096501e-01	0.000000e+00	1	9.251674e-02
3.386035e-01	2.824619e-01	9.265012e-01	7.172089e-01	4.426083e-01	5.077748e-01	5.116325e-01	4.874888e-01	5.085157e-01	4.856060e-01	3.469606e-01	4.998791e-01	5.438551e-01	4.966542e-01	5.096501e-01	0.000000e+00	1	9.211555e-02
2.793886e-01	9.326083e-01	2.807366e-01	1.787279e-01	8.146996e-01	5.051562e-01	4.997789e-01	5.053293e-01	5.050841e-01	5.280955e-01	3.926069e-01	4.964166e-01	4.883978e-01	4.815634e-01	5.183387e-01	0.000000e+00	1	9.070919e-02
5.099855e-01	3.547702e-01	7.885800e-01	5.752091e-01	3.869369e-01	4.918624e-01	5.169811e-01	4.494914e-01	4.982521e-01	5.043490e-01	4.847906e-01	5.206602e-01	5.137978e-01	5.084899e-01	4.931528e-01	0.000000e+00	1	8.990208e-02
6.978181e-01	1.116562e-01	7.142463e-01	5.033834e-01	1.010078e-01	5.077746e-01	5.231394e-01	4.874103e-01	4.909492e-01	4.856060e-01	4.611941e-01	4.961151e-01	5.438551e-01	4.884235e-01	5.122221e-01	0.000000e+00	1	8.848206e-02
8.442120e-01	4.225457e-01	3.436342e-01	2.222380e-01	2.954324e-01	5.078025e-01	5.579234e-01	4.844260e-01	4.886121e-01	4.990399e-01	4.951458e-01	5.026918e-01	5.167447e-01	4.805158e-01	4.869301e-01	0.000000e+00	1	8.745230e-02
6.447455e-01	3.881463e-01	6.866718e-01	4.708737e-01	3.449840e-01	5.574878e-01	5.704574e-01	4.370890e-01	5.035225e-01	4.995524e-01	5.757870e-01	4.853704e-01	5.106472e-01	5.154388e-01	5.145377e-01	0.000000e+00	1	8.734693e-02
2.155371e-01	7.827074e-01	6.012299e-01	4.058081e-01	8.289315e-01	5.069168e-01	5.591831e-01	4.565078e-01	5.040030e-01	4.827113e-01	4.885831e-01	5.140711e-01	5.146624e-01	4.774556e-01	5.584925e-01	0.000000e+00	1	8.575513e-02
5.938456e-03	4.883250e-01	8.797514e-01	6.773866e-01	9.922585e-01	5.132413e-01	5.066149e-01	4.845647e-01	4.894156e-01	4.706615e-01	4.589233e-01	4.936868e-01	4.614994e-01	4.625824e-01	4.869365e-01	0.000000e+00	1	8.450865e-02
1.976105e-01	6.547818e-01	7.585725e-01	5.329029e-01	8.134045e-01	4.926682e-01	4.881669e-01	4.141755e-01	5.084129e-01	5.280955e-01	3.919245e-01	4.961203e-01	5.076540e-01	5.334369e-01	4.904959e-01	0.000000e+00	1	8.423791e-02
4.663787e-02	9.564931e-01	3.593740e-01	2.285537e-01	9.689835e-01	4.920377e-01	5.254492e-01	6.433665e-01	5.001413e-01	4.804024e-01	4.745812e-01	4.824043e-01	5.144182e-01	4.949952e-01	4.981921e-01	0.000000e+00	1	8.364989e-02
7.314864e-01	5.204790e-01	4.962910e-01	3.214923e-01	3.937025e-01	5.130938e-01	4.649508e-01	5.897121e-01	5.600123e-01	5.014322e-01	4.934572e-01	4.876581e-01	5.604141e-01	4.086954e-01	4.760919e-01	0.000000e+00	1	8.298016e-02
6.755091e-01	7.656639e-01	1.242277e-02	7.745116e-03	5.397729e-01	4.921329e-01	5.218894e-01	6.323687e-01	5.071190e-01	4.982951e-01	4.639451e-01	5.181521e-01	5.079272e-01	5.282465e-01	4.770972e-01	0.000000e+00	1	8.052377e-02
4.926580e-01	8.614808e-01	1.727472e-01	1.097169e-01	6.692879e-01	5.038838e-01	5.340240e-01	4.843884e-01	4.990408e-01	4.827104e-01	4.986411e-01	5.013730e-01	4.912151e-01	5.214677e-01	4.288209e-01	0.000000e+00	1	7.817326e-02
3.252257e-01	2.847948e-01	9.083176e-01	7.172089e-01	4.578678e-01	5.077746e-01	5.129827e-01	4.874645e-01	5.085157e-01	4.856060e-01	4.429982e-01	4.998791e-01	5.438551e-01	4.966542e-01	5.096501e-01	0.000000e+00	1	7.745954e-02
5.597273e-01	4.345742e-01	7.116928e-01	5.013751e-01	4.202876e-01	5.089618e-01	5.042554e-01	4.874103e-01	4.909492e-01	4.856060e-01	4.611941e-01	4.961151e-01	5.433227e-01	4.841951e-01	5.111823e-01	0.000000e+00	1	7.700064e-02
9.481734e-02	5.343222e-01	8.533564e-01	6.394082e-01	8.881935e-01	5.001562e-01	4.743884e-01	4.513933e-01	5.046532e-01	5.528357e-01	5.175054e-01	5.203697e-01	5.647996e-01	4.800501e-01	5.118274e-01	0.000000e+00	1	7.455598e-02
5.425553e-01	4.890302e-01	7.227737e-01	4.966493e-01	4.669978e-01	5.125711e-01	5.019316e-01	3.868169e-01	5.335647e-01	5.026362e-01	4.440913e-01	4.924672e-01	5.145704e-01	4.001910e-01	4.892024e-01	0.000000e+00	1	7.397925e-02
5.773903e-01	6.097862e-01	5.678687e-01	3.785246e-01	5.173679e-01	5.080390e-01	5.008769e-01	4.242480e-01	5.074068e-01	5.009589e-01	5.827192e-01	4.908967e-01	5.179180e-01	5.218785e-01	4.870521e-01	0.000000e+00	1	7.394267e-02
1.659256e-01	5.538653e-01	8.307657e-01	6.129264e-01	8.146996e-01	4.720073e-01	5.062957e-01	4.992617e-01	5.050847e-01	4.813183e-01	3.996654e-01	4.964166e-01	4.883978e-01	4.815634e-01	5.201957e-01	0.000000e+00	1	6.975045e-02
2.049108e-02	6.788581e-01	7.664344e-01	5.383845e-01	9.807897e-01	5.010112e-01	4.628654e-01	4.034306e-01	4.738572e-01	5.280955e-01	3.926069e-01	4.966592e-01	5.076163e-01	4.864310e-01	4.904810e-01	0.000000e+00	1	6.891474e-02
1.634440e-01	9.924219e-01	1.482806e-01	9.318366e-02	8.960866e-01	4.955948e-01	5.854532e-01	4.556576e-01	4.977808e-01	5.023535e-01	4.856582e-01	5.149310e-01	4.957029e-01	4.765589e-01	5.797957e-01	0.000000e+00	1	6.881857e-02
3.616201e-01	8.727288e-01	3.346707e-01	2.167512e-01	7.499228e-01	4.907515e-01	4.994245e-01	5.285921e-01	5.056309e-01	5.144079e-01	4.972947e-01	4.825173e-01	4.973975e-01	5.218876e-01	4.835487e-01	0.000000e+00	1	6.868649e-02
3.571451e-01	9.177459e-01	2.839751e-01	1.787279e-01	7.637363e-01	5.051562e-01	4.997789e-01	5.079258e-01	5.050841e-01	5.720668e-01	3.629489e-01	4.964166e-01	4.883978e-01	4.815634e-01	5.183387e-01	0.000000e+00	1	6.860219e-02
1.270515e-01	9.973505e-01	4.000869e-02	2.531990e-02	9.193361e-01	5.010306e-01	5.218063e-01	4.752098e-01	5.069515e-01	5.010361e-01	4.321072e-01	4.974228e-01	5.076200e-01	4.820861e-01	4.915986e-01	0.000000e+00	1	6.860174e-02
4.758394e-01	8.320712e-01	3.101161e-01	1.992026e-01	6.692879e-01	5.038838e-01	5.340240e-01	4.837971e-01	5.062945e-01	4.811138e-01	4.982186e-01	5.013730e-01	4.912151e-01	5.214677e-01	4.288209e-01	0.000000e+00	1	6.845214e-02
2.040509e-01	6.761221e-01	7.384698e-01	5.141990e-01	8.134045e-01	4.926682e-01	4.881669e-01	4.060472e-01	5.070781e-01	5.280955e-01	3.926069e-01	4.961203e-01	5.076163e-01	4.838028e-01	4.904810e-01	0.000000e+00	1	6.806273e-02
7.708584e-02	9.004471e-01	4.980935e-01	3.206800e-01	9.456325e-01	5.039650e-01	5.335460e-01	3.562106e-01	4.770213e-01	4.796838e-01	4.832657e-01	4.166731e-01	4.692456e-01	5.032600e-01	5.312384e-01	0.000000e+00	1	6.798968e-02
2.870377e-01	2.563620e-01	9.505655e-01	7.550951e-01	4.640999e-01	5.061332e-01	5.128012e-01	4.891117e-01	6.334546e-01	4.846011e-01	4.403028e-01	4.987869e-01	5.121543e-01	5.576536e-01	4.893376e-01	0.000000e+00	1	6.755087e-02
5.980081e-01	6.278577e-01	5.603236e-01	3.652385e-01	5.154985e-01	5.176556e-01	5.073015e-01	6.058308e-01	4.800484e-01	4.811428e-01	4.863907e-01	5.591013e-01	6.064481e-01	4.305705e-01	5.147762e-01	0.000000e+00	1	6.599845e-02
9.098827e-01	2.637634e-01	3.913133e-01	2.493752e-01	1.796244e-01	4.921329e-01	5.469290e-01	6.323687e-01	5.091599e-01	4.485055e-01	4.639451e-01	5.181521e-01	5.033553e-01	5.283155e-01	4.959837e-01	0.000000e+00	1	6.396076e-02
4.241076e-01	4.522015e-01	7.869502e-01	5.752091e-01	5.204026e-01	5.054312e-01	5.168857e-01	4.794479e-01	4.983991e-01	5.018450e-01	4.822374e-01	5.209394e-01	5.137978e-01	5.092816e-01	4.931528e-01	0.000000e+00	1	6.333358e-02
3.274054e-02	8.446213e-01	6.327546e-01	4.090929e-01	9.753347e-01	4.979379e-01	6.088383e-01	4.242480e-01	5.834387e-01	5.018055e-01	5.811633e-01	5.845606e-01	6.100242e-01	4.321681e-01	5.293182e-01	0.000000e+00	1	6.060647e-02
4.763656e-01	7.910471e-01	3.985156e-01	2.593737e-01	6.549312e-01	4.448370e-01	5.341362e-01	5.080334e-01	4.887509e-01	5.254522e-01	4.982075e-01	5.024594e-01	4.904097e-01	4.845595e-01	5.185468e-01	0.000000e+00	1	5.916743e-02
1.002804e+00	2.884175e-02	7.258351e-02	4.597975e-02	1.830485e-02	5.259134e-01	5.231394e-01	5.177703e-01	5.090587e-01	5.297037e-01	4.642524e-01	4.949699e-01	5.438551e-01	4.911936e-01	4.929642e-01	0.000000e+00	1	5.893135e-02
1.001872e+00	1.140299e-01	2.236132e-01	1.389308e-01	7.214760e-02	5.700592e-01	4.768269e-01	5.818691e-01	4.984143e-01	4.725986e-01	4.927796e-01	4.503172e-01	4.927077e-01	4.348379e-01	3.854733e-01	0.000000e+00	1	5.752386e-02
8.705793e-02	8.193002e-01	6.126049e-01	4.070218e-01	9.326064e-01	5.141576e-01	6.100788e-01	5.818691e-01	4.984143e-01	4.725986e-01	4.927796e-01	4.592091e-01	4.992038e-01	4.319776e-01	4.758244e-01	0.000000e+00	1	5.742626e-02
