1.012146e+00	3.825518e-02	1.029291e-01	6.447280e-02	2.405030e-02	5.278489e-01	3.930093e-01	4.903285e-01	4.967240e-01	5.113453e-01	5.644496e-01	5.234981e-01	5.150997e-01	4.744738e-01	5.066517e-01	0.000000e+00	1	1.000000e+14
1.479540e-16	7.402963e-14	1.012527e+00	1.000000e+00	9.987277e-01	4.845634e-01	4.475915e-01	4.820275e-01	4.951752e-01	5.011344e-01	4.935976e-01	4.418133e-01	5.135136e-01	4.262657e-01	5.121660e-01	0.000000e+00	1	1.000000e+14
4.923491e-15	1.703204e-14	1.020061e+00	1.000000e+00	8.208542e-01	5.428672e-01	4.378337e-01	4.614057e-01	4.459776e-01	5.011054e-01	4.935976e-01	4.363354e-01	5.135136e-01	5.743282e-01	5.121632e-01	0.000000e+00	1	1.000000e+14
4.214425e-05	1.007599e+00	6.907394e-06	4.364219e-06	9.999734e-01	5.003687e-01	4.648396e-01	5.438862e-01	4.885907e-01	5.049818e-01	4.996945e-01	5.357504e-01	4.914099e-01	4.795199e-01	5.501041e-01	0.000000e+00	1	1.000000e+14
6.512068e-01	7.598827e-01	1.482162e-11	9.428708e-12	5.489330e-01	5.051608e-01	5.075771e-01	4.845490e-01	5.071835e-01	5.003209e-01	4.986967e-01	4.913966e-01	4.867221e-01	5.096884e-01	4.949633e-01	0.000000e+00	1	1.000000e+14
1.524971e-01	7.573736e-01	6.633701e-01	4.516780e-01	8.735080e-01	5.428672e-01	4.381593e-01	4.807108e-01	4.459776e-01	5.013173e-01	4.935976e-01	4.405427e-01	5.135136e-01	4.262657e-01	5.121632e-01	0.000000e+00	1	1.550049e-01
7.606935e-01	5.927208e-01	2.888257e-01	1.852567e-01	4.213909e-01	4.866670e-01	4.436925e-01	4.790829e-01	4.956395e-01	5.018881e-01	4.903140e-01	5.249784e-01	4.622566e-01	4.759080e-01	5.119613e-01	0.000000e+00	1	1.453077e-01
4.506927e-01	4.712497e-01	7.619505e-01	5.493693e-01	5.141926e-01	5.054499e-01	5.274608e-01	4.833381e-01	5.070531e-01	5.003999e-01	5.196588e-01	5.006509e-01	4.655105e-01	5.096881e-01	4.900696e-01	0.000000e+00	1	1.450484e-01
7.184381e-01	7.006517e-01	1.498527e-01	9.436666e-02	4.920212e-01	4.867312e-01	5.992577e-01	4.822327e-01	5.072955e-01	5.018543e-01	4.985027e-01	4.622370e-01	4.948223e-01	4.759080e-01	5.470911e-01	0.000000e+00	1	1.221711e-01
9.691841e-01	2.293050e-01	1.180567e-01	7.511304e-02	1.479020e-01	4.818584e-01	5.082898e-01	4.593795e-01	5.034670e-01	4.995524e-01	4.986236e-01	4.786427e-01	5.196956e-01	4.983185e-01	5.022230e-01	0.000000e+00	1	1.146086e-01
4.246166e-01	8.093335e-02	9.252459e-01	7.217637e-01	1.199037e-01	5.051896e-01	5.336454e-01	4.872580e-01	5.070274e-01	5.654780e-01	4.988220e-01	4.915742e-01	6.235585e-01	4.965298e-01	5.151633e-01	0.000000e+00	1	1.115288e-01
7.860860e-01	1.074656e-01	6.235319e-01	4.240426e-01	8.649593e-02	4.830361e-01	5.082172e-01	5.654867e-01	5.054974e-01	5.008124e-01	5.193485e-01	5.026393e-01	5.626294e-01	4.913265e-01	5.064013e-01	0.000000e+00	1	1.093061e-01
1.758845e-01	9.096910e-01	3.988602e-01	2.587902e-01	8.784128e-01	4.929765e-01	5.232497e-01	4.737336e-01	5.087456e-01	5.031427e-01	5.737635e-01	4.913994e-01	4.604638e-01	5.147352e-01	5.090368e-01	0.000000e+00	1	1.049425e-01
3.322511e-01	9.061162e-01	3.284903e-01	2.088535e-01	7.762580e-01	5.278489e-01	3.930093e-01	4.903285e-01	4.973151e-01	5.113453e-01	5.745242e-01	5.234981e-01	5.150997e-01	4.744738e-01	5.066517e-01	0.000000e+00	1	1.035717e-01
9.133796e-01	4.206550e-01	1.046369e-01	6.600600e-02	2.747592e-01	4.845634e-01	4.475915e-01	4.816099e-01	4.951752e-01	5.011449e-01	4.977360e-01	4.416615e-01	5.141268e-01	4.372712e-01	5.113763e-01	0.000000e+00	1	1.020718e-01
2.762046e-01	8.308771e-01	4.888429e-01	3.241652e-01	7.956876e-01	5.046219e-01	4.837037e-01	5.190488e-01	5.013029e-01	5.000758e-01	5.066002e-01	5.140639e-01	5.144208e-01	5.410175e-01	4.955963e-01	0.000000e+00	1	1.011229e-01
8.794408e-01	4.977933e-01	1.198904e-01	7.517631e-02	3.279037e-01	4.798961e-01	4.378337e-01	4.820275e-01	4.459776e-01	5.011344e-01	4.935976e-01	4.405427e-01	5.310815e-01	4.262657e-01	5.121632e-01	0.000000e+00	1	9.977787e-02
1.072808e-01	1.251843e-01	9.970755e-01	8.956801e-01	5.489330e-01	5.051608e-01	5.075771e-01	4.844157e-01	4.942936e-01	5.011750e-01	4.986967e-01	4.336511e-01	4.832064e-01	4.253925e-01	4.992765e-01	0.000000e+00	1	9.932064e-02
6.510566e-01	7.597074e-01	2.964679e-02	1.885850e-02	5.489330e-01	5.051608e-01	5.075771e-01	4.833375e-01	5.030985e-01	5.003209e-01	5.138060e-01	4.913966e-01	4.867221e-01	5.107895e-01	4.949633e-01	0.000000e+00	1	9.809943e-02
3.580753e-01	9.396936e-01	8.328135e-02	5.260298e-02	7.682266e-01	5.868059e-01	5.235244e-01	4.846222e-01	4.939211e-01	4.796064e-01	4.986967e-01	5.041048e-01	5.028080e-01	5.153193e-01	4.970244e-01	0.000000e+00	1	9.557675e-02
6.033270e-01	7.092440e-02	7.964918e-01	5.851929e-01	7.449625e-02	4.827685e-01	5.082172e-01	4.921106e-01	5.051533e-01	5.001554e-01	5.228299e-01	4.920153e-01	4.881939e-01	5.084313e-01	4.784070e-01	0.000000e+00	1	9.478728e-02
7.570192e-01	5.493930e-01	3.589272e-01	2.332583e-01	3.996621e-01	4.896319e-01	4.833479e-01	4.790485e-01	4.990116e-01	5.025473e-01	5.033978e-01	5.140639e-01	5.144208e-01	5.098540e-01	4.771449e-01	0.000000e+00	1	9.354584e-02
8.542575e-02	9.433704e-01	3.406374e-01	2.197700e-01	9.425085e-01	4.818584e-01	5.607811e-01	4.593795e-01	5.040582e-01	4.995524e-01	5.086982e-01	4.786427e-01	5.196956e-01	4.983185e-01	5.022230e-01	0.000000e+00	1	9.220086e-02
6.881404e-01	1.933611e-01	7.207452e-01	5.026406e-01	1.743875e-01	4.806318e-01	5.029744e-01	3.949604e-01	5.067662e-01	5.003523e-01	4.467103e-01	4.870174e-01	5.196956e-01	4.982661e-01	5.149479e-01	0.000000e+00	1	9.215617e-02
6.777021e-02	3.505139e-01	9.451644e-01	7.700840e-01	8.784128e-01	4.929765e-01	5.283090e-01	4.695452e-01	5.072007e-01	4.829514e-01	5.860159e-01	5.056452e-01	5.209423e-01	4.938683e-01	4.823009e-01	0.000000e+00	1	8.958291e-02
8.699727e-01	4.499584e-01	2.338329e-01	1.491939e-01	3.038717e-01	5.145242e-01	4.955775e-01	4.414545e-01	4.956157e-01	5.070529e-01	4.977182e-01	5.197353e-01	4.849089e-01	5.424410e-01	4.713401e-01	0.000000e+00	1	8.847494e-02
8.086305e-01	5.203389e-01	3.610186e-01	2.286478e-01	3.640060e-01	3.933569e-01	6.077812e-01	5.069210e-01	4.957003e-01	5.589860e-01	5.204063e-01	4.915417e-01	4.989333e-01	5.007817e-01	5.096161e-01	0.000000e+00	1	8.838482e-02
5.775587e-01	6.921347e-01	4.464790e-01	2.927619e-01	5.572928e-01	5.061980e-01	5.101920e-01	4.835997e-01	5.068734e-01	5.485484e-01	4.901464e-01	5.268640e-01	5.144420e-01	4.956153e-01	4.541286e-01	0.000000e+00	1	8.632577e-02
8.380661e-01	4.990326e-01	2.586424e-01	1.650135e-01	3.419110e-01	5.145242e-01	4.955775e-01	4.414545e-01	5.259250e-01	5.494548e-01	4.977182e-01	4.693532e-01	4.849089e-01	4.818014e-01	4.713401e-01	0.000000e+00	1	8.629284e-02
5.246009e-01	1.222226e-02	8.631214e-01	6.522452e-01	1.482942e-02	4.986850e-01	5.171601e-01	4.784082e-01	5.671595e-01	5.251596e-01	5.133825e-01	5.528231e-01	5.044489e-01	5.347674e-01	4.965236e-01	0.000000e+00	1	8.521098e-02
9.122025e-03	9.637277e-01	2.779142e-01	1.787279e-01	9.939743e-01	5.076539e-01	4.984930e-01	4.916885e-01	5.015466e-01	4.920068e-01	5.036394e-01	4.913990e-01	5.426356e-01	4.955601e-01	4.696731e-01	0.000000e+00	1	8.483843e-02
1.842886e-01	9.710820e-01	2.024197e-01	1.285968e-01	8.806043e-01	4.929765e-01	5.232497e-01	4.953645e-01	5.072007e-01	5.031427e-01	5.860159e-01	4.913966e-01	5.197950e-01	5.087916e-01	4.823009e-01	0.000000e+00	1	8.346794e-02
6.186128e-01	3.894445e-01	6.993282e-01	4.859093e-01	3.576917e-01	4.161007e-01	4.915092e-01	4.883115e-01	5.075403e-01	5.589860e-01	5.204063e-01	4.871098e-01	5.127241e-01	4.981555e-01	5.102355e-01	0.000000e+00	1	8.300861e-02
2.645723e-01	8.872192e-01	4.020335e-01	2.608059e-01	8.155024e-01	4.861059e-01	5.447818e-01	4.820275e-01	5.069481e-01	5.562556e-01	5.328538e-01	4.902497e-01	5.091932e-01	4.547620e-01	4.823890e-01	0.000000e+00	1	8.297193e-02
6.562235e-01	3.249845e-01	7.005674e-01	4.859093e-01	2.927356e-01	3.933569e-01	4.915092e-01	4.829687e-01	5.064463e-01	5.232744e-01	5.206377e-01	4.871098e-01	5.202610e-01	4.982843e-01	5.102762e-01	0.000000e+00	1	8.245471e-02
9.878762e-01	2.337275e-01	5.356477e-03	3.359120e-03	1.479020e-01	4.812558e-01	5.057028e-01	5.945852e-01	4.992859e-01	4.995524e-01	4.986236e-01	4.812127e-01	5.713725e-01	4.983185e-01	4.804875e-01	0.000000e+00	1	8.163967e-02
2.322706e-01	1.633860e-01	9.782350e-01	8.201342e-01	3.902632e-01	4.861059e-01	5.341050e-01	4.820275e-01	5.270386e-01	5.012856e-01	4.959388e-01	3.770739e-01	4.682893e-01	5.080287e-01	4.966091e-01	0.000000e+00	1	7.892010e-02
3.877251e-02	8.614846e-01	5.320824e-01	3.519443e-01	9.713672e-01	4.924707e-01	4.885563e-01	4.408180e-01	4.879201e-01	5.367284e-01	4.637943e-01	4.703893e-01	5.209757e-01	4.268351e-01	5.114524e-01	0.000000e+00	1	7.802286e-02
2.034437e-01	8.728978e-01	4.740721e-01	3.097280e-01	8.542272e-01	4.929765e-01	5.232497e-01	5.576298e-01	5.072007e-01	5.037997e-01	5.825345e-01	5.023153e-01	5.533452e-01	4.923679e-01	5.156938e-01	0.000000e+00	1	7.763933e-02
3.471236e-02	3.639487e-01	9.462127e-01	7.652703e-01	9.394642e-01	4.843298e-01	4.501914e-01	5.464815e-01	4.890092e-01	5.193553e-01	5.914309e-01	5.018534e-01	5.116301e-01	4.817730e-01	5.132118e-01	0.000000e+00	1	7.705030e-02
4.073232e-01	2.924493e-01	8.846565e-01	6.717198e-01	3.964171e-01	4.984776e-01	5.248899e-01	4.784082e-01	5.671595e-01	5.609456e-01	4.632189e-01	5.582544e-01	4.517887e-01	5.198538e-01	5.103776e-01	0.000000e+00	1	7.678794e-02
8.281552e-01	5.405080e-01	2.145279e-01	1.359939e-01	3.681231e-01	4.881593e-01	4.478100e-01	4.839473e-01	4.951752e-01	5.014404e-01	4.964554e-01	4.399144e-01	4.663533e-01	4.385056e-01	4.841481e-01	0.000000e+00	1	7.565897e-02
5.420101e-01	4.578592e-02	8.455720e-01	6.360843e-01	5.365063e-02	4.827685e-01	5.082172e-01	5.654867e-01	5.051533e-01	5.008124e-01	5.193485e-01	5.029340e-01	4.881939e-01	4.913265e-01	5.117999e-01	0.000000e+00	1	7.412307e-02
4.990889e-01	2.566657e-01	8.449199e-01	6.267420e-01	3.023926e-01	4.884095e-01	4.384879e-01	4.819637e-01	4.948311e-01	5.383313e-01	4.935976e-01	5.282418e-01	5.124228e-01	4.195072e-01	5.333815e-01	0.000000e+00	1	7.396942e-02
3.016679e-01	1.882396e-01	9.544659e-01	7.729713e-01	3.551555e-01	5.099460e-01	5.445069e-01	4.769070e-01	5.173922e-01	4.516852e-01	4.988700e-01	3.974907e-01	4.688638e-01	4.574960e-01	4.962512e-01	0.000000e+00	1	7.348771e-02
1.280776e-01	7.910966e-01	6.881195e-01	4.516780e-01	8.978186e-01	5.428672e-01	4.540616e-01	4.807108e-01	2.879119e-01	5.275295e-01	4.935976e-01	4.405427e-01	4.692918e-01	4.586852e-01	4.980996e-01	0.000000e+00	1	7.244232e-02
6.974348e-01	4.034975e-01	6.143266e-01	4.147009e-01	3.339035e-01	4.886771e-01	4.384879e-01	4.819637e-01	4.951752e-01	5.383313e-01	4.935976e-01	5.279471e-01	5.119382e-01	4.195072e-01	5.071050e-01	0.000000e+00	1	7.219853e-02
8.718474e-01	2.062756e-01	4.606610e-01	3.023471e-01	1.479020e-01	4.818584e-01	5.073895e-01	4.593795e-01	5.027220e-01	4.995524e-01	5.232175e-01	4.786028e-01	5.196956e-01	4.983185e-01	4.369003e-01	0.000000e+00	1	7.207782e-02
2.194896e-01	6.394011e-01	7.724387e-01	5.423129e-01	7.894889e-01	5.648126e-01	4.895830e-01	4.242506e-01	5.043673e-01	3.998346e-01	5.006939e-01	4.994397e-01	4.662823e-01	4.308406e-01	5.215570e-01	0.000000e+00	1	6.923787e-02
3.674320e-01	4.402160e-01	8.280682e-01	6.144309e-01	5.572167e-01	5.045775e-01	5.308514e-01	4.712758e-01	5.070403e-01	5.003999e-01	5.221751e-01	5.599666e-01	4.663220e-01	5.096881e-01	4.924356e-01	0.000000e+00	1	6.659106e-02
2.777404e-01	8.126583e-01	5.298936e-01	3.519443e-01	7.903470e-01	4.912850e-01	4.873398e-01	4.408180e-01	5.250377e-01	5.460458e-01	4.606141e-01	4.923382e-01	4.692730e-01	5.083231e-01	4.955948e-01	0.000000e+00	1	6.455295e-02
2.823093e-01	9.890745e-01	1.860304e-02	1.151279e-02	8.229976e-01	5.648126e-01	6.150018e-01	4.814949e-01	5.041036e-01	5.000442e-01	5.014466e-01	4.384730e-01	4.548362e-01	4.308406e-01	5.186445e-01	0.000000e+00	1	6.421968e-02
1.975345e-03	9.883750e-01	1.634261e-01	1.043199e-01	9.987277e-01	4.845634e-01	5.035583e-01	4.821607e-01	5.080651e-01	5.023402e-01	4.935976e-01	5.057549e-01	5.170293e-01	4.719938e-01	4.970415e-01	0.000000e+00	1	6.367207e-02
4.134571e-01	8.132521e-01	4.192472e-01	2.742298e-01	7.005692e-01	5.061980e-01	5.107220e-01	4.835997e-01	5.067132e-01	5.534091e-01	4.901464e-01	5.185444e-01	5.128121e-01	4.954823e-01	5.096628e-01	0.000000e+00	1	6.193070e-02
5.636654e-01	3.265499e-01	7.731573e-01	5.542684e-01	3.342792e-01	4.881272e-01	4.475915e-01	4.811808e-01	5.054034e-01	5.010651e-01	4.935976e-01	5.432322e-01	5.135345e-01	4.258995e-01	5.120891e-01	0.000000e+00	1	6.171958e-02
3.795069e-01	4.211594e-01	8.293336e-01	6.182664e-01	5.330886e-01	5.054499e-01	5.224722e-01	4.833381e-01	5.071871e-01	5.003999e-01	5.196588e-01	4.797620e-01	4.473154e-01	5.096881e-01	4.924356e-01	0.000000e+00	1	6.135361e-02
