1.301223e-15	1.311135e-15	1.005246e+00	1.000000e+00	5.024154e-01	5.165905e-01	5.254922e-01	4.844069e-01	5.011533e-01	4.961232e-01	4.942177e-01	5.559104e-01	4.737581e-01	5.142575e-01	4.968284e-01	0.000000e+00	1	1.000000e+14
6.567616e-01	7.548468e-01	4.430393e-12	2.818884e-12	5.441644e-01	4.992647e-01	5.075771e-01	4.845490e-01	5.013619e-01	5.003209e-01	5.003506e-01	4.944799e-01	4.867221e-01	5.058035e-01	4.949633e-01	0.000000e+00	1	1.000000e+14
3.690367e-18	1.846496e-15	1.004849e+00	1.000000e+00	9.987277e-01	5.165905e-01	5.264347e-01	4.844069e-01	5.077703e-01	5.011344e-01	4.946317e-01	5.559104e-01	4.915656e-01	5.142628e-01	5.118655e-01	0.000000e+00	1	1.000000e+14
3.745572e-05	1.005895e+00	2.920880e-08	1.848593e-08	9.999763e-01	5.444033e-01	4.655383e-01	4.671762e-01	5.003231e-01	5.066972e-01	4.996945e-01	5.335009e-01	4.847036e-01	5.139313e-01	5.079290e-01	0.000000e+00	1	1.000000e+14
4.518149e-15	8.272864e-17	1.003728e+00	1.000000e+00	1.165539e-02	4.501399e-01	4.908586e-01	4.902192e-01	5.046279e-01	5.059425e-01	4.970861e-01	4.999572e-01	4.871500e-01	4.813163e-01	4.780259e-01	0.000000e+00	1	1.000000e+14
1.046099e+00	5.095231e-02	1.748697e-03	1.062936e-03	3.098332e-02	5.610698e-01	4.196359e-01	4.013042e-01	5.572521e-01	4.878830e-01	5.146995e-01	5.347800e-01	6.483392e-01	4.768856e-01	5.047853e-01	0.000000e+00	1	1.000000e+14
1.664058e-01	8.004776e-01	6.082233e-01	4.071815e-01	8.695160e-01	5.341972e-01	4.270922e-01	4.617031e-01	5.227054e-01	4.913911e-01	4.038689e-01	4.798103e-01	5.146825e-01	4.753482e-01	5.011014e-01	0.000000e+00	1	1.369228e-01
5.832300e-01	6.723841e-01	4.996127e-01	3.256199e-01	5.451271e-01	5.164211e-01	4.754778e-01	4.842817e-01	5.273000e-01	5.021016e-01	5.003220e-01	4.951571e-01	4.550200e-01	3.708193e-01	5.108781e-01	0.000000e+00	1	1.290374e-01
4.970388e-01	2.556114e-01	8.414492e-01	6.267420e-01	3.023926e-01	5.010718e-01	4.901605e-01	4.810990e-01	4.771171e-01	5.512029e-01	4.999930e-01	4.812694e-01	5.122356e-01	4.225373e-01	4.924121e-01	0.000000e+00	1	1.149149e-01
1.930174e-01	3.546072e-01	9.435504e-01	7.426049e-01	6.826663e-01	5.644013e-01	4.606783e-01	4.728474e-01	5.033095e-01	5.052536e-01	5.930599e-01	5.219007e-01	6.022030e-01	5.103516e-01	5.117035e-01	0.000000e+00	1	1.105475e-01
1.000656e+00	4.567235e-02	1.647927e-01	1.038027e-01	2.903670e-02	5.218737e-01	4.315543e-01	4.381223e-01	5.038921e-01	5.072352e-01	4.886101e-01	5.624813e-01	4.583805e-01	4.817684e-01	5.022437e-01	0.000000e+00	1	1.047832e-01
1.126178e-01	9.649287e-01	2.549117e-01	1.633635e-01	9.260341e-01	4.662806e-01	4.827472e-01	5.073752e-01	5.110216e-01	5.008043e-01	4.829363e-01	5.031228e-01	4.809763e-01	4.579552e-01	5.179942e-01	0.000000e+00	1	1.046921e-01
3.939864e-01	8.758144e-01	2.841527e-01	1.831404e-01	7.308815e-01	5.046219e-01	4.863326e-01	5.030642e-01	5.043173e-01	5.056141e-01	4.894467e-01	5.067952e-01	4.767402e-01	5.215979e-01	5.086936e-01	0.000000e+00	1	1.041208e-01
6.585494e-01	3.075565e-01	7.132027e-01	4.939768e-01	2.781508e-01	5.425654e-01	5.303965e-01	4.841435e-01	4.987921e-01	5.076414e-01	5.026340e-01	5.002665e-01	4.782858e-01	3.798852e-01	5.186464e-01	0.000000e+00	1	1.031790e-01
8.381895e-01	1.811258e-01	5.289222e-01	3.518443e-01	1.354850e-01	4.954191e-01	5.082384e-01	4.814271e-01	5.383423e-01	5.019813e-01	4.937325e-01	5.293200e-01	5.463859e-01	4.799559e-01	5.466345e-01	0.000000e+00	1	1.028808e-01
4.328974e-01	1.591197e-01	8.901335e-01	6.956607e-01	2.242430e-01	5.282089e-01	4.905003e-01	4.830210e-01	5.002447e-01	5.095957e-01	4.906540e-01	4.755968e-01	4.935299e-01	5.210764e-01	5.094844e-01	0.000000e+00	1	1.023959e-01
3.444385e-01	7.676013e-01	5.599314e-01	3.738306e-01	7.314805e-01	5.046219e-01	4.902275e-01	5.048845e-01	4.874986e-01	4.143972e-01	5.126803e-01	5.410024e-01	4.833386e-01	5.232947e-01	4.814835e-01	0.000000e+00	1	1.001195e-01
4.994598e-01	5.758086e-01	6.621961e-01	4.553594e-01	5.451271e-01	5.012067e-01	5.097263e-01	4.831969e-01	5.186603e-01	5.006689e-01	5.003220e-01	4.919855e-01	4.749573e-01	4.091265e-01	4.940027e-01	0.000000e+00	1	9.688256e-02
9.321984e-01	2.193184e-01	3.195106e-01	2.050085e-01	1.471024e-01	5.334471e-01	4.899193e-01	4.170620e-01	5.011190e-01	4.996435e-01	5.100196e-01	4.795228e-01	5.106392e-01	5.222680e-01	4.822238e-01	0.000000e+00	1	9.593613e-02
4.130795e-01	1.095197e-01	9.364738e-01	7.274538e-01	1.649909e-01	4.775664e-01	4.787528e-01	5.535024e-01	5.027136e-01	4.228320e-01	5.026427e-01	5.544267e-01	5.122580e-01	4.201465e-01	6.004948e-01	0.000000e+00	1	9.587223e-02
5.226938e-01	6.341847e-01	5.898075e-01	3.962911e-01	5.611636e-01	5.012067e-01	5.092622e-01	4.786902e-01	4.919593e-01	5.024577e-01	5.003220e-01	4.548798e-01	4.749573e-01	4.091265e-01	4.940027e-01	0.000000e+00	1	9.294329e-02
8.647592e-01	4.169125e-01	4.482773e-01	2.781132e-01	2.859930e-01	5.934065e-01	5.026890e-01	4.013042e-01	6.007466e-01	4.704205e-01	4.186270e-01	5.347800e-01	6.465145e-01	4.736547e-01	5.052832e-01	0.000000e+00	1	9.248728e-02
2.747817e-01	8.666257e-01	4.739705e-01	3.059408e-01	8.045300e-01	5.570329e-01	4.092447e-01	5.497833e-01	5.989043e-01	5.028682e-01	5.235134e-01	4.783822e-01	4.922064e-01	5.072153e-01	4.803489e-01	0.000000e+00	1	9.104315e-02
8.150391e-01	6.073399e-01	1.018188e-01	6.355941e-02	4.076916e-01	4.668393e-01	5.787098e-01	4.844847e-01	4.921087e-01	5.022473e-01	4.825140e-01	5.302748e-01	6.124403e-01	5.058035e-01	4.949633e-01	0.000000e+00	1	8.952941e-02
4.100499e-01	9.174937e-01	6.074359e-02	3.843313e-02	7.324332e-01	5.446926e-01	4.656255e-01	4.642997e-01	5.013140e-01	4.650037e-01	5.128082e-01	5.067952e-01	4.828786e-01	5.145020e-01	4.801021e-01	0.000000e+00	1	8.948828e-02
2.857600e-01	9.012499e-01	4.133141e-01	2.623631e-01	8.045300e-01	5.613128e-01	4.092447e-01	5.497833e-01	5.989043e-01	4.724328e-01	4.242491e-01	4.783822e-01	4.922064e-01	5.138986e-01	4.803489e-01	0.000000e+00	1	8.906352e-02
3.590294e-01	5.416071e-01	7.661637e-01	5.521999e-01	6.273305e-01	4.724403e-01	4.912647e-01	5.110549e-01	5.018112e-01	4.597767e-01	5.070560e-01	5.089235e-01	4.780489e-01	5.104950e-01	4.637740e-01	0.000000e+00	1	8.813805e-02
3.770048e-01	8.453625e-01	4.004674e-01	2.599515e-01	7.329405e-01	4.814584e-01	5.095160e-01	4.871964e-01	4.176123e-01	5.020844e-01	5.246206e-01	4.891685e-01	4.970457e-01	4.914448e-01	5.184400e-01	0.000000e+00	1	8.765340e-02
5.966382e-02	1.249655e-01	1.000951e+00	9.124815e-01	7.164246e-01	5.046219e-01	5.107546e-01	5.048845e-01	5.029693e-01	4.143972e-01	5.126816e-01	5.410024e-01	4.836982e-01	5.192809e-01	4.774732e-01	0.000000e+00	1	8.737465e-02
9.628381e-01	3.007460e-01	2.112611e-02	1.333116e-02	1.927376e-01	5.428327e-01	5.298474e-01	4.449895e-01	4.977321e-01	5.064705e-01	5.199725e-01	4.848370e-01	4.847309e-01	5.146435e-01	5.453959e-01	0.000000e+00	1	8.511891e-02
2.446071e-02	9.508368e-01	3.444499e-01	2.211927e-01	9.836263e-01	5.056935e-01	5.311266e-01	4.965121e-01	5.221244e-01	5.238754e-01	5.333552e-01	5.066733e-01	4.961599e-01	5.250437e-01	4.120907e-01	0.000000e+00	1	8.393507e-02
1.434121e-03	7.175704e-01	7.034747e-01	4.936848e-01	9.987277e-01	5.171100e-01	5.264347e-01	4.844069e-01	5.077703e-01	4.950796e-01	4.954815e-01	5.559104e-01	4.915656e-01	5.142628e-01	5.118655e-01	0.000000e+00	1	8.380710e-02
2.188878e-01	4.939582e-01	8.562108e-01	6.416374e-01	7.344491e-01	4.867885e-01	5.140429e-01	4.444373e-01	5.000829e-01	5.230096e-01	4.610979e-01	4.866344e-01	5.122580e-01	4.201465e-01	4.852588e-01	0.000000e+00	1	8.335142e-02
4.477444e-01	7.316689e-01	5.440129e-01	3.598089e-01	6.503942e-01	5.293729e-01	5.090242e-01	4.844267e-01	5.536478e-01	5.446124e-01	5.162338e-01	5.570971e-01	5.117921e-01	4.226806e-01	4.921225e-01	0.000000e+00	1	8.303186e-02
1.917796e-01	5.070339e-01	8.590750e-01	6.416374e-01	7.697941e-01	4.689315e-01	5.140429e-01	5.491561e-01	5.032249e-01	5.547457e-01	5.022879e-01	5.687347e-01	4.847475e-01	4.348580e-01	4.956113e-01	0.000000e+00	1	8.183037e-02
9.355731e-01	3.834412e-01	1.414068e-02	8.902826e-03	2.476232e-01	5.418122e-01	5.229037e-01	4.354899e-01	4.977321e-01	5.020736e-01	5.071107e-01	4.631575e-01	4.851255e-01	5.146435e-01	5.539625e-01	0.000000e+00	1	8.155981e-02
4.822455e-01	5.559628e-01	6.939606e-01	4.813013e-01	5.451271e-01	5.012067e-01	5.099578e-01	4.831969e-01	5.186603e-01	5.429590e-01	5.003220e-01	4.919855e-01	4.749573e-01	4.091265e-01	4.949516e-01	0.000000e+00	1	7.740891e-02
3.112002e-01	4.414359e-02	9.640205e-01	7.993514e-01	8.970573e-02	5.016068e-01	4.901609e-01	3.911185e-01	5.136465e-01	4.856822e-01	5.060330e-01	5.347800e-01	5.179528e-01	4.959774e-01	4.939127e-01	0.000000e+00	1	7.549831e-02
6.756341e-01	6.679972e-01	3.330702e-01	2.146520e-01	4.963816e-01	4.690764e-01	5.360599e-01	4.808739e-01	4.577873e-01	5.021827e-01	5.066206e-01	4.592790e-01	5.136432e-01	4.782527e-01	4.949492e-01	0.000000e+00	1	7.505475e-02
2.908403e-01	7.457708e-01	6.295927e-01	4.242873e-01	7.632768e-01	4.512568e-01	5.135788e-01	4.902192e-01	5.139468e-01	5.527734e-01	5.022556e-01	4.999572e-01	4.996004e-01	4.388297e-01	5.949878e-01	0.000000e+00	1	7.275674e-02
1.228875e-01	1.005287e+00	2.940844e-08	1.848593e-08	9.225630e-01	4.166490e-01	4.655383e-01	4.661510e-01	5.057464e-01	5.066972e-01	4.995713e-01	5.335009e-01	4.847036e-01	5.443088e-01	5.095758e-01	0.000000e+00	1	7.067574e-02
4.817277e-01	2.346349e-02	9.115446e-01	6.901851e-01	3.098332e-02	5.610698e-01	4.880066e-01	4.013042e-01	5.582233e-01	4.825667e-01	5.146995e-01	5.594704e-01	5.116866e-01	4.719757e-01	5.963897e-01	0.000000e+00	1	7.047884e-02
8.377468e-01	4.839035e-01	4.570946e-01	2.809914e-01	3.334645e-01	4.855919e-01	5.092799e-01	5.024430e-01	6.095185e-01	5.008558e-01	5.178914e-01	5.347800e-01	6.494810e-01	3.513010e-01	3.917047e-01	0.000000e+00	1	6.968820e-02
5.380719e-01	6.203230e-01	5.893370e-01	3.962911e-01	5.451271e-01	5.012067e-01	4.754460e-01	4.808442e-01	5.290069e-01	5.021845e-01	5.003220e-01	4.951571e-01	4.749573e-01	4.091265e-01	4.940027e-01	0.000000e+00	1	6.887881e-02
7.230627e-01	6.011484e-01	3.582104e-01	2.317125e-01	4.415540e-01	4.700969e-01	5.430037e-01	4.903734e-01	4.577873e-01	5.065795e-01	5.194824e-01	4.809586e-01	5.132485e-01	4.782527e-01	4.863826e-01	0.000000e+00	1	6.806707e-02
9.050367e-01	2.129280e-01	3.868060e-01	2.509883e-01	1.471024e-01	5.228109e-01	5.292521e-01	4.881253e-01	5.028058e-01	4.997019e-01	4.825882e-01	4.710839e-01	5.106392e-01	5.329756e-01	5.559903e-01	0.000000e+00	1	6.739027e-02
3.367337e-01	9.281196e-01	2.146227e-01	1.362682e-01	7.784286e-01	5.136204e-01	4.681768e-01	4.941508e-01	4.612352e-01	5.437883e-01	5.446623e-01	5.051474e-01	5.074636e-01	4.409490e-01	5.126068e-01	0.000000e+00	1	6.695562e-02
5.484693e-01	8.474664e-01	4.651359e-02	2.931312e-02	6.343286e-01	5.612373e-01	5.492100e-01	4.642997e-01	5.017909e-01	4.641531e-01	5.079713e-01	5.067952e-01	4.785262e-01	5.106257e-01	4.665760e-01	0.000000e+00	1	6.561817e-02
5.745979e-01	5.892610e-01	6.209355e-01	4.114721e-01	5.080201e-01	4.785034e-01	4.534362e-01	5.088417e-01	5.165697e-01	5.021669e-01	3.910881e-01	6.238216e-01	5.122411e-01	4.796755e-01	5.158569e-01	0.000000e+00	1	6.546258e-02
9.157773e-01	2.931476e-01	3.208125e-01	2.050085e-01	1.972253e-01	4.666553e-01	4.840220e-01	4.170620e-01	5.111644e-01	4.997341e-01	4.861167e-01	5.082557e-01	5.106392e-01	4.528869e-01	4.480913e-01	0.000000e+00	1	6.527137e-02
6.976703e-01	3.184334e-02	7.366011e-01	5.169450e-01	2.903670e-02	5.137461e-01	5.279501e-01	4.375013e-01	5.031830e-01	5.021142e-01	4.890861e-01	4.845494e-01	5.220646e-01	4.817684e-01	4.051938e-01	0.000000e+00	1	6.515187e-02
2.579568e-01	5.946580e-01	7.642738e-01	5.521999e-01	7.394364e-01	5.046219e-01	4.912647e-01	4.948352e-01	5.013029e-01	4.633584e-01	5.069225e-01	5.067952e-01	5.115621e-01	5.104950e-01	4.818811e-01	0.000000e+00	1	6.313279e-02
6.288765e-01	6.704234e-01	4.072834e-01	2.655232e-01	5.203498e-01	5.159295e-01	5.431793e-01	4.832135e-01	4.516433e-01	5.011234e-01	4.999187e-01	4.948617e-01	4.916715e-01	4.793674e-01	5.118655e-01	0.000000e+00	1	6.049459e-02
6.033675e-01	2.023310e-02	8.048958e-01	5.903168e-01	2.134017e-02	4.778317e-01	5.254576e-01	4.444373e-01	5.011889e-01	5.057765e-01	4.914604e-01	4.782367e-01	5.122580e-01	4.817346e-01	5.291316e-01	0.000000e+00	1	5.921310e-02
1.421283e-01	4.461506e-01	9.005997e-01	6.947673e-01	8.036656e-01	5.022406e-01	5.008657e-01	4.830210e-01	5.288987e-01	5.045854e-01	4.038689e-01	5.021423e-01	4.935299e-01	5.163274e-01	5.659363e-01	0.000000e+00	1	5.812165e-02
7.687034e-01	3.950660e-01	5.481715e-01	3.598330e-01	3.022263e-01	5.964168e-01	4.750861e-01	4.811458e-01	5.618256e-01	4.886101e-01	5.880333e-01	4.684740e-01	5.037854e-01	4.786384e-01	4.952193e-01	0.000000e+00	1	5.811700e-02
