1.056068e+00	3.204175e-02	2.347654e-02	1.414332e-02	1.930952e-02	5.425654e-01	5.289288e-01	4.826331e-01	5.020091e-01	5.083938e-01	5.288062e-01	5.011928e-01	5.077784e-01	2.702398e-01	4.896032e-01	0.000000e+00	1	1.000000e+14
1.015014e-19	1.630316e-15	1.009143e+00	1.000000e+00	9.999604e-01	4.298927e-01	5.258644e-01	4.657635e-01	5.009685e-01	5.077263e-01	4.946317e-01	5.281959e-01	4.649467e-01	5.142557e-01	5.083963e-01	0.000000e+00	1	1.000000e+14
3.736610e-05	1.003488e+00	2.913891e-08	1.848593e-08	9.999763e-01	5.046289e-01	4.673462e-01	4.853038e-01	5.014498e-01	5.000788e-01	5.090309e-01	5.380015e-01	4.829340e-01	5.139313e-01	5.130946e-01	0.000000e+00	1	1.000000e+14
6.567616e-01	7.548468e-01	4.430393e-12	2.818884e-12	5.441644e-01	4.992647e-01	5.075771e-01	4.845490e-01	5.013619e-01	5.003209e-01	5.003506e-01	4.944799e-01	4.867221e-01	5.058035e-01	4.949633e-01	0.000000e+00	1	1.000000e+14
2.732813e-15	9.128379e-18	1.002590e+00	1.000000e+00	2.126485e-03	4.990835e-01	4.988527e-01	4.902192e-01	5.152461e-01	5.088609e-01	4.662325e-01	4.884430e-01	5.112405e-01	4.726784e-01	4.941014e-01	0.000000e+00	1	1.000000e+14
5.098901e-16	1.582876e-15	1.029358e+00	1.000000e+00	8.016083e-01	4.017410e-01	5.254149e-01	4.802608e-01	5.009685e-01	5.072433e-01	6.125521e-01	5.180712e-01	4.649467e-01	4.342667e-01	5.083963e-01	0.000000e+00	1	1.000000e+14
3.174858e-01	9.385872e-01	1.401996e-01	8.948584e-02	7.923491e-01	5.046219e-01	4.863326e-01	5.030642e-01	5.009841e-01	5.056141e-01	4.894467e-01	5.067952e-01	4.868539e-01	5.065822e-01	5.086936e-01	0.000000e+00	1	1.270709e-01
1.639615e-02	5.761404e-02	1.001576e+00	9.619707e-01	8.234933e-01	5.361394e-01	5.081863e-01	4.657635e-01	5.009685e-01	5.080949e-01	4.951527e-01	4.858335e-01	4.840117e-01	5.142557e-01	5.083963e-01	0.000000e+00	1	1.256348e-01
9.313957e-02	9.495256e-01	3.236802e-01	2.082213e-01	9.377527e-01	4.748272e-01	4.839659e-01	4.813701e-01	5.110216e-01	5.544398e-01	4.807422e-01	5.031228e-01	4.747980e-01	4.579552e-01	5.196659e-01	0.000000e+00	1	1.228022e-01
2.421920e-01	7.269863e-01	6.587668e-01	4.520659e-01	7.952751e-01	4.744479e-01	5.487277e-01	4.965330e-01	5.301244e-01	5.032882e-01	4.914604e-01	4.822088e-01	5.023096e-01	4.259491e-01	5.260506e-01	0.000000e+00	1	1.160876e-01
4.536898e-01	1.867881e-01	8.865965e-01	6.782239e-01	2.486378e-01	4.718432e-01	4.893705e-01	5.310232e-01	5.149981e-01	4.732697e-01	4.202311e-01	5.089120e-01	5.042030e-01	4.367395e-01	4.944692e-01	0.000000e+00	1	1.141226e-01
7.166503e-01	3.500298e-01	6.819099e-01	4.503348e-01	2.892448e-01	5.805022e-01	4.681643e-01	5.034553e-01	5.040195e-01	5.073581e-01	5.098371e-01	7.006095e-01	5.072454e-01	4.640336e-01	4.913790e-01	0.000000e+00	1	1.133847e-01
1.689923e-01	3.723411e-01	9.432998e-01	7.396055e-01	7.287601e-01	4.738016e-01	4.744405e-01	4.965330e-01	5.301244e-01	4.840508e-01	4.914604e-01	4.818728e-01	5.023096e-01	4.132507e-01	3.670922e-01	0.000000e+00	1	1.106052e-01
4.782428e-01	5.415843e-01	7.089722e-01	4.939768e-01	5.394898e-01	5.425654e-01	4.687547e-01	5.029894e-01	4.987921e-01	5.076847e-01	5.026340e-01	4.765984e-01	4.793440e-01	4.101444e-01	5.186464e-01	0.000000e+00	1	1.102678e-01
2.145173e-01	4.907535e-01	8.641137e-01	6.467642e-01	7.376554e-01	5.921699e-01	4.316615e-01	4.779860e-01	5.026739e-01	5.437883e-01	4.988163e-01	4.841861e-01	5.238488e-01	5.143588e-01	5.059267e-01	0.000000e+00	1	1.084021e-01
5.906371e-01	6.807997e-01	4.769136e-01	3.098346e-01	5.450698e-01	4.890085e-01	4.610277e-01	4.842817e-01	5.294076e-01	5.222924e-01	6.202277e-01	4.944867e-01	4.888851e-01	4.584790e-01	5.108781e-01	0.000000e+00	1	1.052247e-01
5.380719e-01	6.203230e-01	5.893370e-01	3.962911e-01	5.451271e-01	5.012067e-01	4.754460e-01	4.808442e-01	5.290069e-01	5.021845e-01	5.003220e-01	4.951571e-01	4.749573e-01	4.091265e-01	4.940027e-01	0.000000e+00	1	1.042662e-01
1.181140e-01	8.687900e-01	5.126926e-01	3.368520e-01	9.139775e-01	5.010859e-01	4.896199e-01	4.894312e-01	4.611203e-01	4.737602e-01	3.919987e-01	5.335009e-01	4.847036e-01	5.139313e-01	4.935208e-01	0.000000e+00	1	9.998199e-02
1.915276e-01	5.749073e-01	8.079151e-01	5.903168e-01	7.952751e-01	4.744479e-01	4.963244e-01	4.965330e-01	5.301244e-01	4.853082e-01	4.914604e-01	4.782487e-01	5.023096e-01	4.132507e-01	4.939777e-01	0.000000e+00	1	9.687156e-02
3.937885e-01	8.753746e-01	2.840100e-01	1.831404e-01	7.308815e-01	5.046219e-01	4.863326e-01	5.030642e-01	5.039333e-01	5.056141e-01	4.894467e-01	5.067952e-01	4.792473e-01	5.087760e-01	5.086936e-01	0.000000e+00	1	9.680074e-02
3.458118e-01	9.191204e-01	2.088886e-01	1.334284e-01	7.709065e-01	5.136204e-01	4.972934e-01	5.264703e-01	5.137329e-01	5.437883e-01	4.988163e-01	5.032725e-01	5.269147e-01	5.149039e-01	5.059267e-01	0.000000e+00	1	9.363718e-02
2.643069e-01	7.351503e-01	6.454743e-01	4.396095e-01	7.802787e-01	4.744479e-01	5.596817e-01	4.450103e-01	5.664626e-01	5.023396e-01	4.914604e-01	4.827340e-01	5.035317e-01	5.220777e-01	5.291316e-01	0.000000e+00	1	9.354496e-02
7.459913e-01	3.611760e-01	6.165805e-01	4.071815e-01	2.870468e-01	5.363301e-01	4.294172e-01	4.615037e-01	5.287126e-01	4.760236e-01	4.035638e-01	6.180930e-01	4.900529e-01	5.220814e-01	5.008904e-01	0.000000e+00	1	9.280289e-02
5.567224e-01	6.417078e-01	5.635583e-01	3.728762e-01	5.450698e-01	4.890085e-01	4.610277e-01	4.887854e-01	5.294076e-01	5.222924e-01	6.202277e-01	4.944867e-01	5.043726e-01	4.584790e-01	5.108781e-01	0.000000e+00	1	9.259969e-02
8.019225e-01	6.245554e-01	1.018187e-01	6.355941e-02	4.212474e-01	4.680460e-01	5.833089e-01	5.019596e-01	4.951587e-01	5.149768e-01	4.815089e-01	5.305399e-01	6.093190e-01	5.079237e-01	4.949633e-01	0.000000e+00	1	9.227712e-02
3.421234e-01	9.186588e-01	2.715874e-01	1.720575e-01	7.730428e-01	5.148496e-01	5.568790e-01	4.740106e-01	5.608819e-01	4.746882e-01	4.159652e-01	4.742769e-01	4.705395e-01	5.119580e-01	4.968684e-01	0.000000e+00	1	9.081491e-02
4.018435e-01	2.074214e-01	9.359840e-01	7.134731e-01	3.033515e-01	5.956048e-01	4.574371e-01	4.811458e-01	5.026616e-01	5.074869e-01	5.877851e-01	4.809611e-01	3.986953e-01	4.046379e-01	5.266062e-01	0.000000e+00	1	8.991637e-02
9.006529e-01	2.278466e-01	3.865061e-01	2.509883e-01	1.577421e-01	5.228109e-01	5.292521e-01	4.881253e-01	5.028058e-01	4.997019e-01	4.825882e-01	4.710839e-01	4.912309e-01	4.814825e-01	5.559903e-01	0.000000e+00	1	8.931427e-02
9.518444e-01	3.215854e-01	1.779903e-01	1.116238e-01	2.074199e-01	4.289095e-01	5.269402e-01	4.881610e-01	4.902402e-01	5.008038e-01	4.694929e-01	5.323060e-01	4.666610e-01	5.394045e-01	5.984456e-01	0.000000e+00	1	8.794449e-02
4.960994e-01	5.178757e-01	7.286450e-01	5.050597e-01	5.136700e-01	5.148344e-01	4.254600e-01	3.756141e-01	5.037918e-01	5.032208e-01	4.894467e-01	5.132433e-01	4.792473e-01	4.806214e-01	4.991162e-01	0.000000e+00	1	8.651287e-02
9.983562e-01	7.867343e-02	7.425492e-02	4.711743e-02	5.006407e-02	5.012067e-01	5.092622e-01	4.666597e-01	4.929064e-01	5.024577e-01	5.003220e-01	4.541973e-01	4.857259e-01	5.246467e-01	4.940027e-01	0.000000e+00	1	8.609741e-02
7.883432e-01	6.212379e-02	6.191366e-01	4.228745e-01	5.006407e-02	5.012067e-01	5.092622e-01	4.666597e-01	4.934604e-01	5.067756e-01	5.097471e-01	4.541973e-01	4.857259e-01	5.246467e-01	4.939734e-01	0.000000e+00	1	8.573080e-02
4.363258e-01	1.138079e-01	8.977374e-01	7.036678e-01	1.624321e-01	5.071406e-01	4.503265e-01	4.811458e-01	5.026616e-01	5.074869e-01	5.058102e-01	5.138408e-01	4.965920e-01	4.728002e-01	5.266062e-01	0.000000e+00	1	8.516045e-02
8.838810e-01	4.583487e-01	1.645168e-01	1.042497e-01	3.045513e-01	5.276496e-01	4.356879e-01	4.932535e-01	5.045568e-01	5.110045e-01	4.880029e-01	5.578532e-01	4.851513e-01	4.817684e-01	4.951163e-01	0.000000e+00	1	8.404236e-02
9.796878e-01	2.923582e-02	3.019972e-01	1.902799e-01	1.899235e-02	5.101047e-01	4.486146e-01	4.899504e-01	4.662149e-01	6.155758e-01	5.190030e-01	5.637149e-01	4.875908e-01	4.400868e-01	4.906179e-01	0.000000e+00	1	8.333964e-02
2.803841e-01	8.146209e-01	5.492781e-01	3.613356e-01	7.889674e-01	5.921242e-01	4.817679e-01	4.660835e-01	4.587616e-01	4.824480e-01	5.697698e-01	5.570266e-01	4.656899e-01	4.792588e-01	4.952193e-01	0.000000e+00	1	8.255604e-02
2.822238e-01	8.199659e-01	5.372995e-01	3.531358e-01	7.889674e-01	5.921242e-01	4.817679e-01	4.811458e-01	4.562045e-01	4.886101e-01	5.697698e-01	5.570266e-01	4.814445e-01	4.792588e-01	4.952193e-01	0.000000e+00	1	8.191659e-02
6.372904e-01	7.714076e-01	4.430568e-12	2.818884e-12	5.604282e-01	4.975145e-01	5.075771e-01	4.845490e-01	4.945600e-01	5.003209e-01	5.025158e-01	4.944799e-01	4.867221e-01	5.058035e-01	4.949633e-01	0.000000e+00	1	8.167349e-02
4.259207e-01	1.110940e-01	9.110475e-01	7.134731e-01	1.624321e-01	5.071406e-01	4.574371e-01	4.811458e-01	5.026616e-01	5.074869e-01	5.877851e-01	4.809611e-01	4.965920e-01	4.728002e-01	5.266062e-01	0.000000e+00	1	8.155544e-02
5.717741e-01	1.485928e-01	8.193441e-01	6.023054e-01	1.618644e-01	4.840843e-01	5.006366e-01	4.787137e-01	4.536388e-01	4.228249e-01	5.026427e-01	5.187611e-01	5.122580e-01	4.724741e-01	4.940986e-01	0.000000e+00	1	8.010238e-02
6.671487e-01	3.199938e-01	6.827944e-01	4.744513e-01	2.847158e-01	5.046787e-01	4.310337e-01	4.595192e-01	4.987921e-01	5.076414e-01	5.025067e-01	5.002665e-01	4.898380e-01	5.131362e-01	5.079707e-01	0.000000e+00	1	7.722596e-02
9.315245e-01	3.835169e-01	3.971667e-02	2.508609e-02	2.486378e-01	4.718432e-01	4.885670e-01	4.888277e-01	5.149981e-01	5.135644e-01	4.202311e-01	5.089120e-01	5.042030e-01	5.147947e-01	4.944692e-01	0.000000e+00	1	7.686646e-02
5.201585e-01	8.259028e-01	2.455584e-01	1.569064e-01	6.421892e-01	5.046219e-01	4.265329e-01	4.887321e-01	5.039333e-01	5.057140e-01	4.894467e-01	5.067952e-01	4.792473e-01	5.087760e-01	4.855226e-01	0.000000e+00	1	7.471232e-02
9.952222e-02	8.363188e-01	5.625581e-01	3.748981e-01	9.245966e-01	4.757834e-01	4.855337e-01	4.756600e-01	4.535665e-01	5.010997e-01	5.017174e-01	5.039862e-01	4.831061e-01	4.786155e-01	4.077310e-01	0.000000e+00	1	7.418318e-02
4.022911e-02	8.830408e-01	5.027996e-01	3.292385e-01	9.710172e-01	5.074223e-01	4.855337e-01	4.746318e-01	4.536662e-01	5.104472e-01	5.204715e-01	4.745171e-01	4.832574e-01	4.373617e-01	4.077310e-01	0.000000e+00	1	7.397387e-02
1.412896e-01	4.668873e-01	8.814664e-01	6.782239e-01	8.129236e-01	4.718432e-01	4.755859e-01	5.310232e-01	5.149981e-01	4.732697e-01	4.959058e-01	5.089120e-01	5.042030e-01	4.367395e-01	4.944692e-01	0.000000e+00	1	7.376955e-02
8.617709e-01	1.520546e-02	5.550054e-01	3.642072e-01	1.123163e-02	4.784658e-01	4.486146e-01	4.909787e-01	4.661152e-01	6.062284e-01	5.002488e-01	5.931841e-01	4.799538e-01	4.813406e-01	4.906179e-01	0.000000e+00	1	7.374647e-02
7.243647e-02	8.264170e-01	6.611919e-01	4.283929e-01	9.443417e-01	5.010859e-01	4.895631e-01	4.894312e-01	4.540592e-01	4.737602e-01	3.919987e-01	5.355445e-01	7.107828e-01	5.139313e-01	4.835544e-01	0.000000e+00	1	7.330873e-02
3.238355e-01	8.863560e-01	3.766109e-01	2.417413e-01	7.769991e-01	5.119378e-01	5.140429e-01	4.194371e-01	5.027633e-01	5.519036e-01	4.981523e-01	5.687347e-01	4.689862e-01	4.717732e-01	4.956113e-01	0.000000e+00	1	7.299112e-02
8.823079e-01	2.232056e-01	4.604292e-01	2.981694e-01	1.577421e-01	5.249646e-01	5.292521e-01	4.849041e-01	5.075538e-01	4.997019e-01	4.825882e-01	4.710839e-01	4.912309e-01	3.818030e-01	5.546987e-01	0.000000e+00	1	7.274593e-02
8.832982e-01	4.321780e-01	2.198996e-01	1.400574e-01	2.896830e-01	4.703833e-01	5.500481e-01	4.665547e-01	5.045568e-01	5.100657e-01	4.882380e-01	5.489723e-01	4.851513e-01	4.844483e-01	4.951163e-01	0.000000e+00	1	7.179351e-02
7.230627e-01	6.011484e-01	3.582104e-01	2.317125e-01	4.415540e-01	4.700969e-01	5.430037e-01	4.903734e-01	4.577873e-01	5.065795e-01	5.194824e-01	4.809586e-01	5.132485e-01	4.782527e-01	4.863826e-01	0.000000e+00	1	6.739545e-02
6.105605e-01	2.928516e-01	7.594275e-01	5.364167e-01	2.847158e-01	4.604002e-01	5.072337e-01	4.595192e-01	4.987921e-01	5.072492e-01	4.944412e-01	5.002665e-01	4.860069e-01	3.833912e-01	5.186464e-01	0.000000e+00	1	6.719388e-02
5.995178e-01	6.729924e-01	4.769136e-01	3.098346e-01	5.367176e-01	4.890085e-01	4.610277e-01	4.842817e-01	5.294076e-01	5.222924e-01	6.202277e-01	4.944867e-01	4.888851e-01	4.584790e-01	5.108781e-01	0.000000e+00	1	6.405824e-02
1.555816e-01	5.378366e-01	8.429148e-01	6.267420e-01	8.207364e-01	4.577692e-01	4.745844e-01	4.810990e-01	4.714899e-01	5.356319e-01	4.949074e-01	4.806415e-01	4.647132e-01	4.270835e-01	4.906834e-01	0.000000e+00	1	6.295456e-02
8.083863e-01	6.295895e-01	7.037784e-02	4.365826e-02	4.212474e-01	4.680460e-01	5.833089e-01	5.019596e-01	4.303468e-01	4.607020e-01	4.815089e-01	5.183111e-01	6.093190e-01	5.056604e-01	4.949633e-01	0.000000e+00	1	6.283976e-02
