1.036090e+00	7.401120e-04	1.373087e-02	8.436358e-03	4.547575e-04	4.777860e-01	5.005065e-01	4.934518e-01	5.282742e-01	4.967186e-01	5.076035e-01	5.202702e-01	3.518386e-01	5.051765e-01	6.112991e-01	0.000000e+00	1	1.000000e+14
1.881294e-15	1.343868e-18	1.023784e+00	1.000000e+00	4.547575e-04	4.746540e-01	5.005065e-01	4.954953e-01	4.946493e-01	4.968871e-01	4.956630e-01	5.145711e-01	3.520306e-01	5.047684e-01	4.694365e-01	0.000000e+00	1	1.000000e+14
6.267865e-03	1.001438e+00	4.434346e-12	2.818884e-12	9.960155e-01	4.983657e-01	5.075771e-01	4.847222e-01	5.317874e-01	5.080990e-01	5.003906e-01	5.039770e-01	4.988696e-01	5.083452e-01	5.009846e-01	0.000000e+00	1	1.000000e+14
4.264220e-20	1.616607e-15	1.000657e+00	1.000000e+00	9.999832e-01	5.160349e-01	5.004641e-01	4.885398e-01	5.006558e-01	4.908062e-01	5.077547e-01	5.029844e-01	5.050449e-01	4.922653e-01	5.054332e-01	0.000000e+00	1	1.000000e+14
5.029104e-02	9.992956e-01	4.430373e-12	2.818884e-12	9.679882e-01	5.011025e-01	5.075771e-01	4.847222e-01	5.013619e-01	5.003209e-01	5.003942e-01	4.944539e-01	4.867221e-01	5.058035e-01	4.949633e-01	0.000000e+00	1	1.000000e+14
1.881294e-15	1.343868e-18	1.023784e+00	1.000000e+00	4.547575e-04	4.746540e-01	5.005065e-01	4.954953e-01	4.946493e-01	4.968871e-01	4.956630e-01	5.145711e-01	3.520306e-01	5.047684e-01	4.694365e-01	0.000000e+00	1	1.000000e+14
8.026107e-01	8.823803e-02	6.176390e-01	4.157046e-01	6.970924e-02	5.209827e-01	5.066709e-01	5.899503e-01	4.971770e-01	4.366560e-01	5.537801e-01	5.272588e-01	4.855912e-01	5.117959e-01	5.028295e-01	0.000000e+00	1	1.579855e-01
8.437275e-01	5.086855e-01	2.239430e-01	1.422892e-01	3.453987e-01	4.676000e-01	4.994252e-01	4.840678e-01	4.991065e-01	5.261045e-01	4.980862e-01	5.029160e-01	4.448476e-01	5.247977e-01	5.684487e-01	0.000000e+00	1	1.363705e-01
9.114918e-01	3.104815e-01	3.152688e-01	2.014323e-01	2.090043e-01	4.949880e-01	5.113923e-01	5.479258e-01	5.009909e-01	4.835541e-01	4.913667e-01	5.023921e-01	5.461024e-01	5.853438e-01	4.682929e-01	0.000000e+00	1	1.305311e-01
1.405737e-01	8.918316e-01	4.333845e-01	2.849116e-01	9.004725e-01	4.764375e-01	4.928722e-01	4.887220e-01	5.158327e-01	5.061870e-01	4.817680e-01	5.035409e-01	5.062481e-01	4.918896e-01	5.006274e-01	0.000000e+00	1	1.274986e-01
7.611879e-01	3.800697e-01	5.604096e-01	3.708036e-01	2.948163e-01	5.029911e-01	4.326512e-01	5.956912e-01	4.994459e-01	4.876470e-01	4.969660e-01	5.327035e-01	4.450103e-01	5.270966e-01	4.904222e-01	0.000000e+00	1	1.162560e-01
8.996457e-01	2.705267e-01	3.591403e-01	2.324606e-01	1.859580e-01	4.797190e-01	5.213046e-01	4.930570e-01	4.572351e-01	4.607415e-01	5.014968e-01	5.197859e-01	4.824037e-01	4.844646e-01	4.772033e-01	0.000000e+00	1	1.141193e-01
9.215992e-01	2.515769e-01	3.159487e-01	2.033375e-01	1.696503e-01	4.949880e-01	5.113923e-01	5.479258e-01	5.009909e-01	4.833499e-01	4.913667e-01	5.023921e-01	5.461024e-01	5.161104e-01	5.318646e-01	0.000000e+00	1	1.073934e-01
6.717943e-01	7.362013e-01	1.257451e-01	7.989916e-02	5.291011e-01	4.528666e-01	5.012983e-01	4.853810e-01	4.999039e-01	4.862623e-01	4.978619e-01	4.883473e-01	4.762924e-01	5.138625e-01	4.679800e-01	0.000000e+00	1	1.044867e-01
5.806208e-01	5.371613e-01	6.415668e-01	4.338370e-01	4.752606e-01	4.943172e-01	5.091618e-01	4.790810e-01	4.930273e-01	4.913036e-01	5.296848e-01	5.474572e-01	6.153495e-01	5.056753e-01	4.637272e-01	0.000000e+00	1	1.033045e-01
3.966691e-01	1.705368e-01	9.194358e-01	7.204986e-01	2.584883e-01	4.471743e-01	4.714071e-01	4.447323e-01	5.002883e-01	5.172083e-01	5.551595e-01	5.315365e-01	5.115140e-01	5.097959e-01	5.674302e-01	0.000000e+00	1	1.004833e-01
4.559839e-01	2.161237e-01	8.730448e-01	6.663622e-01	2.817740e-01	4.579107e-01	4.714071e-01	4.863401e-01	4.999719e-01	4.627547e-01	4.880277e-01	5.357783e-01	5.115140e-01	5.017058e-01	5.515950e-01	0.000000e+00	1	1.001820e-01
3.297709e-01	5.536041e-01	8.048520e-01	5.702060e-01	6.579843e-01	5.028344e-01	4.756855e-01	4.801273e-01	5.066988e-01	4.944536e-01	6.666196e-01	4.989916e-01	4.930820e-01	5.052812e-01	4.539933e-01	0.000000e+00	1	9.829691e-02
1.293535e-02	8.050603e-01	5.987668e-01	4.070737e-01	9.897720e-01	5.068192e-01	5.085725e-01	4.620278e-01	4.996222e-01	5.012412e-01	5.077789e-01	5.019045e-01	5.270040e-01	4.702887e-01	4.873474e-01	0.000000e+00	1	9.803577e-02
9.715296e-01	5.453111e-02	2.519914e-01	1.613204e-01	3.569546e-02	5.226164e-01	5.052973e-01	4.856567e-01	5.424777e-01	4.914783e-01	5.154805e-01	5.437961e-01	4.953996e-01	4.834863e-01	5.091867e-01	0.000000e+00	1	9.736659e-02
6.296413e-01	7.812200e-01	1.234807e-01	7.795420e-02	5.681351e-01	4.528666e-01	5.012983e-01	4.853810e-01	4.999039e-01	4.864665e-01	4.978619e-01	4.883473e-01	4.762924e-01	5.830960e-01	4.733009e-01	0.000000e+00	1	9.718935e-02
8.665145e-01	4.634177e-01	2.179738e-01	1.389662e-01	3.126463e-01	4.985300e-01	4.823529e-01	4.881187e-01	5.371436e-01	4.607004e-01	4.955808e-01	5.314924e-01	5.417790e-01	4.821390e-01	4.909466e-01	0.000000e+00	1	9.576727e-02
1.905489e-01	4.016653e-01	9.466864e-01	7.204986e-01	7.180052e-01	4.389253e-01	4.685665e-01	4.447323e-01	5.002883e-01	5.215524e-01	6.860651e-01	5.315365e-01	4.931515e-01	5.097959e-01	5.433848e-01	0.000000e+00	1	9.423195e-02
8.078234e-02	8.766619e-01	4.831116e-01	3.195116e-01	9.415022e-01	5.011025e-01	5.075771e-01	4.847222e-01	4.985824e-01	5.132794e-01	4.646647e-01	4.944539e-01	4.555937e-01	5.058035e-01	4.784347e-01	0.000000e+00	1	9.188261e-02
6.845569e-01	3.176017e-01	7.015705e-01	4.768075e-01	2.765450e-01	4.988611e-01	4.683621e-01	4.801273e-01	5.334427e-01	4.944536e-01	6.666196e-01	4.989916e-01	4.930820e-01	5.043074e-01	4.972331e-01	0.000000e+00	1	8.954626e-02
7.134437e-01	3.532408e-01	6.131397e-01	4.178065e-01	2.926774e-01	5.210121e-01	5.049744e-01	5.158880e-01	4.994491e-01	5.157872e-01	5.498746e-01	5.314924e-01	4.840541e-01	5.117959e-01	5.028295e-01	0.000000e+00	1	8.896291e-02
5.199226e-01	8.728218e-01	1.577743e-01	9.808266e-02	6.579843e-01	5.028344e-01	4.682653e-01	4.862983e-01	4.998338e-01	4.627182e-01	6.447055e-01	5.000463e-01	4.930820e-01	5.028984e-01	5.673123e-01	0.000000e+00	1	8.519460e-02
4.027961e-01	9.086854e-01	1.922765e-01	1.216485e-01	7.343729e-01	4.949880e-01	5.033588e-01	5.729999e-01	5.008180e-01	4.945027e-01	5.081256e-01	5.562234e-01	5.467612e-01	4.827252e-01	4.642655e-01	0.000000e+00	1	8.427331e-02
3.858407e-01	6.477314e-01	7.009174e-01	4.768075e-01	6.579843e-01	5.028344e-01	4.683621e-01	4.801273e-01	5.066988e-01	4.944536e-01	6.666196e-01	4.989916e-01	4.930820e-01	5.112269e-01	4.972331e-01	0.000000e+00	1	8.344243e-02
9.976285e-02	4.342620e-01	8.983396e-01	7.068747e-01	8.562439e-01	4.984954e-01	4.925392e-01	4.895940e-01	4.916755e-01	4.719599e-01	4.826159e-01	5.049198e-01	5.048921e-01	4.725421e-01	4.745992e-01	0.000000e+00	1	8.328490e-02
8.876969e-01	2.669337e-01	3.886272e-01	2.527308e-01	1.859580e-01	5.079435e-01	5.213046e-01	4.930570e-01	4.572351e-01	4.608585e-01	5.014968e-01	5.112687e-01	4.825959e-01	4.840565e-01	4.772033e-01	0.000000e+00	1	8.272488e-02
2.600279e-01	4.791184e-01	8.492046e-01	6.366919e-01	6.834484e-01	5.264864e-01	4.724906e-01	4.893672e-01	4.525228e-01	4.915901e-01	5.456368e-01	4.745321e-01	4.736849e-01	4.772799e-01	5.357912e-01	0.000000e+00	1	8.261198e-02
2.526620e-01	8.780170e-01	4.131033e-01	2.703331e-01	8.216230e-01	4.766548e-01	4.883133e-01	4.889530e-01	5.087852e-01	4.899616e-01	5.039114e-01	5.056055e-01	5.335812e-01	5.168586e-01	4.838982e-01	0.000000e+00	1	8.174541e-02
2.189764e-01	7.659460e-01	6.898659e-01	4.543535e-01	8.227254e-01	4.791484e-01	4.892088e-01	4.845578e-01	5.017280e-01	5.153595e-01	5.036870e-01	5.040091e-01	2.992508e-01	5.230339e-01	3.907661e-01	0.000000e+00	1	8.080772e-02
4.106085e-01	9.263096e-01	7.660760e-02	4.804139e-02	7.343729e-01	4.472408e-01	5.006917e-01	5.007430e-01	5.008180e-01	4.965418e-01	5.081256e-01	5.950612e-01	5.515114e-01	4.827252e-01	4.642655e-01	0.000000e+00	1	7.927741e-02
9.847270e-01	1.292356e-01	1.586636e-01	1.008507e-01	8.307520e-02	4.949880e-01	4.796536e-01	5.482955e-01	5.009909e-01	4.833499e-01	4.898465e-01	5.005577e-01	5.379814e-01	5.124042e-01	5.318646e-01	0.000000e+00	1	7.905119e-02
4.954505e-01	8.541817e-01	2.068982e-01	1.314847e-01	6.653890e-01	4.344271e-01	4.780955e-01	4.926115e-01	5.058657e-01	4.914783e-01	5.098979e-01	4.515533e-01	4.678001e-01	4.920596e-01	4.793520e-01	0.000000e+00	1	7.865801e-02
6.720971e-01	5.349228e-01	5.658018e-01	3.708036e-01	4.279591e-01	5.029911e-01	6.507496e-01	4.660042e-01	4.994491e-01	4.870120e-01	4.969660e-01	5.307250e-01	4.448476e-01	5.209736e-01	4.904222e-01	0.000000e+00	1	7.821909e-02
7.243072e-02	6.251265e-01	7.794984e-01	5.676132e-01	9.265651e-01	5.009780e-01	5.082059e-01	4.846454e-01	4.924983e-01	4.646633e-01	5.003905e-01	5.038589e-01	4.867221e-01	5.003450e-01	4.953760e-01	0.000000e+00	1	7.739673e-02
7.505871e-01	7.006374e-01	1.119673e-01	6.914836e-02	4.780968e-01	6.671854e-01	5.276394e-01	4.625230e-01	5.014466e-01	5.011024e-01	5.288163e-01	5.064258e-01	5.123620e-01	5.058382e-01	5.410342e-01	0.000000e+00	1	7.557724e-02
2.812080e-01	3.690574e-02	9.619663e-01	8.174749e-01	8.307520e-02	4.812520e-01	4.796536e-01	5.146192e-01	5.010997e-01	4.819515e-01	4.865191e-01	5.021379e-01	4.836238e-01	5.113722e-01	5.318646e-01	0.000000e+00	1	7.428947e-02
1.547607e-03	7.059822e-01	7.283783e-01	5.099386e-01	9.986044e-01	5.160459e-01	5.086042e-01	4.790810e-01	4.930273e-01	4.913036e-01	5.092210e-01	5.515820e-01	6.032222e-01	5.056753e-01	5.066893e-01	0.000000e+00	1	7.078644e-02
1.857947e-01	4.192060e-01	9.180488e-01	7.051049e-01	7.344087e-01	5.225488e-01	5.109754e-01	4.657671e-01	4.993437e-01	3.565148e-01	5.080503e-01	5.039998e-01	5.125243e-01	4.773297e-01	4.447761e-01	0.000000e+00	1	6.973872e-02
9.466309e-01	1.657260e-02	3.647506e-01	2.341050e-01	1.114412e-02	4.978992e-01	4.779224e-01	4.889727e-01	4.973540e-01	6.075632e-01	5.045342e-01	4.917718e-01	4.846849e-01	4.557383e-01	5.116194e-01	0.000000e+00	1	6.833387e-02
4.493714e-01	3.450590e-01	8.309096e-01	6.190140e-01	4.168844e-01	4.984954e-01	4.694985e-01	4.702552e-01	5.178445e-01	4.968962e-01	5.313469e-01	5.049198e-01	5.282149e-01	4.725421e-01	4.685812e-01	0.000000e+00	1	6.773772e-02
7.527635e-01	6.615364e-01	4.925697e-02	3.126585e-02	4.589927e-01	4.991040e-01	4.928722e-01	4.693832e-01	5.185511e-01	4.898034e-01	5.304990e-01	5.035409e-01	5.295710e-01	4.918896e-01	4.946094e-01	0.000000e+00	1	6.765144e-02
2.770095e-01	8.491814e-01	5.303120e-01	3.410881e-01	7.992586e-01	5.223665e-01	6.265256e-01	4.657671e-01	5.013619e-01	3.565148e-01	5.070404e-01	5.039997e-01	5.125243e-01	4.847685e-01	4.922678e-01	0.000000e+00	1	6.558145e-02
4.787619e-01	2.639521e-02	8.978922e-01	6.877451e-01	3.506276e-02	4.759539e-01	4.920435e-01	4.836800e-01	4.919512e-01	4.639816e-01	5.410464e-01	5.339675e-01	4.505232e-01	3.988377e-01	4.895363e-01	0.000000e+00	1	6.487614e-02
4.173038e-01	8.218007e-01	4.241876e-01	2.745932e-01	7.008767e-01	4.357298e-01	4.757648e-01	4.893672e-01	4.525228e-01	4.940040e-01	5.349952e-01	4.721976e-01	4.736849e-01	4.405230e-01	5.355181e-01	0.000000e+00	1	6.418999e-02
2.158448e-02	6.809931e-01	7.415350e-01	5.269185e-01	9.798287e-01	4.392853e-01	5.007574e-01	4.885398e-01	4.525228e-01	4.914542e-01	5.095009e-01	4.994265e-01	4.736849e-01	4.920439e-01	5.054332e-01	0.000000e+00	1	6.404724e-02
9.467780e-01	1.242552e-01	3.158088e-01	2.033375e-01	8.307520e-02	4.949880e-01	4.796536e-01	5.482955e-01	5.009909e-01	4.833499e-01	4.898465e-01	5.005577e-01	5.379814e-01	5.124042e-01	5.318646e-01	0.000000e+00	1	6.322847e-02
3.065538e-01	5.648454e-01	7.727801e-01	5.583547e-01	6.834484e-01	4.860868e-01	5.007574e-01	5.023465e-01	4.480342e-01	4.914542e-01	5.440914e-01	5.017317e-01	5.012844e-01	4.880443e-01	5.054332e-01	0.000000e+00	1	6.304340e-02
1.000424e+00	6.481707e-02	3.375550e-02	2.142728e-02	4.118878e-02	4.978515e-01	5.188443e-01	4.845578e-01	5.013619e-01	4.907429e-01	5.459815e-01	5.039997e-01	4.872388e-01	4.908583e-01	4.948031e-01	0.000000e+00	1	6.298221e-02
3.035995e-01	5.965970e-01	7.528162e-01	5.372950e-01	7.003236e-01	4.461311e-01	5.038845e-01	4.817575e-01	5.158327e-01	4.877510e-01	5.299703e-01	4.684466e-01	5.051657e-01	4.828268e-01	4.609720e-01	0.000000e+00	1	6.225611e-02
2.756927e-01	9.580500e-01	1.033259e-01	6.574724e-02	8.216230e-01	4.993213e-01	4.918923e-01	4.889530e-01	5.163090e-01	4.901740e-01	5.039114e-01	5.056055e-01	5.335812e-01	5.168586e-01	4.838982e-01	0.000000e+00	1	6.205768e-02
7.545441e-01	3.472891e-02	6.696499e-01	4.617624e-01	2.928062e-02	4.974626e-01	4.825485e-01	4.887318e-01	5.181989e-01	4.922445e-01	4.954398e-01	5.149232e-01	5.065896e-01	4.646691e-01	5.841302e-01	0.000000e+00	1	6.133062e-02
