4.264198e-20	1.616598e-15	1.000652e+00	1.000000e+00	9.999832e-01	5.160349e-01	5.004641e-01	4.885398e-01	5.006558e-01	4.908062e-01	5.077547e-01	5.029844e-01	5.045097e-01	4.922653e-01	5.054332e-01	0.000000e+00	1	1.000000e+14
1.034242e+00	7.387919e-04	9.739217e-04	5.994896e-04	4.547575e-04	4.987682e-01	5.005065e-01	4.852686e-01	5.009797e-01	4.944469e-01	4.815516e-01	4.997575e-01	3.548236e-01	5.043359e-01	6.120581e-01	0.000000e+00	1	1.000000e+14
5.001232e-04	1.002439e+00	8.021010e-03	5.093800e-03	9.996824e-01	5.014995e-01	5.076320e-01	4.853810e-01	4.999039e-01	4.862623e-01	5.005536e-01	4.885841e-01	4.749495e-01	5.149928e-01	4.679800e-01	0.000000e+00	1	1.000000e+14
5.029104e-02	9.992956e-01	4.430373e-12	2.818884e-12	9.679882e-01	5.011025e-01	5.075771e-01	4.847222e-01	5.013619e-01	5.003209e-01	5.003942e-01	4.944539e-01	4.867221e-01	5.058035e-01	4.949633e-01	0.000000e+00	1	1.000000e+14
1.857706e-15	9.210365e-19	1.010947e+00	1.000000e+00	3.156313e-04	4.991372e-01	4.827779e-01	4.697330e-01	5.204628e-01	4.787632e-01	5.352716e-01	5.030282e-01	5.257518e-01	5.832717e-01	4.963169e-01	0.000000e+00	1	1.000000e+14
4.988736e-01	3.007722e-01	8.300681e-01	6.104385e-01	3.453987e-01	4.474101e-01	4.994252e-01	4.977356e-01	4.597580e-01	4.989933e-01	5.233387e-01	4.400921e-01	4.448476e-01	5.269188e-01	5.422513e-01	0.000000e+00	1	1.212424e-01
2.042114e-01	7.828896e-01	6.049742e-01	4.087382e-01	8.375616e-01	4.710774e-01	4.928722e-01	4.381780e-01	5.190323e-01	5.173900e-01	4.817680e-01	4.404695e-01	5.303368e-01	4.909121e-01	5.006274e-01	0.000000e+00	1	1.177302e-01
6.301086e-01	6.405027e-01	4.540106e-01	2.978634e-01	5.052077e-01	4.804223e-01	5.212942e-01	4.825082e-01	4.550522e-01	4.607415e-01	5.014968e-01	5.191827e-01	4.824037e-01	4.855378e-01	4.670216e-01	0.000000e+00	1	1.138848e-01
8.437275e-01	5.086855e-01	2.239430e-01	1.422892e-01	3.453987e-01	4.676000e-01	4.994252e-01	4.840678e-01	4.991065e-01	5.261045e-01	4.980862e-01	5.029160e-01	4.448476e-01	5.247977e-01	5.684487e-01	0.000000e+00	1	1.116595e-01
8.645894e-01	4.891783e-01	2.047191e-01	1.293849e-01	3.277874e-01	4.525344e-01	4.714071e-01	4.510472e-01	5.002883e-01	5.060054e-01	5.551595e-01	5.305466e-01	4.891935e-01	5.107734e-01	5.674302e-01	0.000000e+00	1	1.115737e-01
6.717943e-01	7.362013e-01	1.257451e-01	7.989916e-02	5.291011e-01	4.528666e-01	5.012983e-01	4.853810e-01	4.999039e-01	4.862623e-01	4.978619e-01	4.883473e-01	4.762924e-01	5.138625e-01	4.679800e-01	0.000000e+00	1	1.091397e-01
1.657479e-01	7.647408e-01	6.776241e-01	4.543535e-01	8.641223e-01	4.798841e-01	4.748812e-01	4.380262e-01	4.838709e-01	4.687027e-01	5.036870e-01	4.466893e-01	4.681399e-01	3.606799e-01	4.243422e-01	0.000000e+00	1	1.090646e-01
2.526620e-01	8.780170e-01	4.131033e-01	2.703331e-01	8.216230e-01	4.766548e-01	4.883133e-01	4.889530e-01	5.087852e-01	4.899616e-01	5.039114e-01	5.056055e-01	5.335812e-01	5.168586e-01	4.838982e-01	0.000000e+00	1	1.079827e-01
1.936075e-01	9.571714e-01	2.533273e-01	1.615832e-01	8.729449e-01	4.481369e-01	4.994252e-01	4.977356e-01	5.180050e-01	5.263803e-01	5.469672e-01	5.176091e-01	5.242591e-01	4.834639e-01	5.422513e-01	0.000000e+00	1	1.063470e-01
8.054429e-01	5.622861e-01	2.860300e-01	1.803865e-01	3.879911e-01	4.094553e-01	4.942537e-01	4.826848e-01	5.015476e-01	5.598778e-01	4.813803e-01	5.035281e-01	5.127039e-01	4.185250e-01	5.617595e-01	0.000000e+00	1	1.045326e-01
7.371116e-01	6.877668e-01	8.066667e-03	5.093800e-03	4.779621e-01	5.014995e-01	4.804890e-01	4.396121e-01	4.993492e-01	4.862623e-01	5.005536e-01	4.841547e-01	4.524501e-01	5.149753e-01	5.349571e-01	0.000000e+00	1	1.029654e-01
5.544779e-01	2.313826e-01	8.561320e-01	6.104385e-01	2.516743e-01	4.481369e-01	4.994252e-01	4.977356e-01	4.617241e-01	5.241870e-01	5.074613e-01	3.175548e-01	5.242591e-01	5.738763e-01	5.422513e-01	0.000000e+00	1	1.016399e-01
3.035995e-01	5.965970e-01	7.528162e-01	5.372950e-01	7.003236e-01	4.461311e-01	5.038845e-01	4.817575e-01	5.158327e-01	4.877510e-01	5.299703e-01	4.684466e-01	5.051657e-01	4.828268e-01	4.609720e-01	0.000000e+00	1	9.957148e-02
1.007083e-01	9.975742e-01	8.841182e-03	5.613479e-03	9.359482e-01	5.014995e-01	5.164564e-01	4.853810e-01	4.999039e-01	4.862623e-01	5.005616e-01	4.885841e-01	4.749495e-01	5.149928e-01	4.679800e-01	0.000000e+00	1	9.938924e-02
5.950082e-01	5.785115e-01	5.899604e-01	3.934309e-01	4.910513e-01	4.981747e-01	6.217062e-01	4.693832e-01	5.211624e-01	4.874347e-01	5.299508e-01	5.035409e-01	5.295710e-01	4.918896e-01	5.026891e-01	0.000000e+00	1	9.813935e-02
7.547423e-01	3.768513e-01	5.671785e-01	3.768257e-01	2.948163e-01	5.029911e-01	4.370588e-01	4.792913e-01	4.994999e-01	4.876470e-01	4.971622e-01	5.583416e-01	4.450103e-01	5.270966e-01	5.693777e-01	0.000000e+00	1	9.572721e-02
7.147938e-01	3.644086e-01	6.567183e-01	4.366779e-01	3.001435e-01	4.777860e-01	5.005065e-01	4.852686e-01	5.308354e-01	4.940668e-01	4.953147e-01	5.238450e-01	3.518386e-01	4.947772e-01	6.120581e-01	0.000000e+00	1	9.212193e-02
3.690901e-01	4.691096e-02	9.321405e-01	7.582314e-01	8.048218e-02	5.028344e-01	5.038648e-01	4.804781e-01	5.011679e-01	5.196365e-01	5.495977e-01	5.038828e-01	4.918967e-01	5.109638e-01	4.859137e-01	0.000000e+00	1	9.116590e-02
5.810045e-01	2.493661e-01	7.936974e-01	5.717695e-01	2.580991e-01	4.968030e-01	5.002686e-01	4.977356e-01	4.597580e-01	4.585323e-01	5.074613e-01	5.351309e-01	5.536911e-01	5.738763e-01	5.419424e-01	0.000000e+00	1	9.036423e-02
8.026107e-01	8.823803e-02	6.176390e-01	4.157046e-01	6.970924e-02	5.209827e-01	5.066709e-01	5.899503e-01	4.971770e-01	4.366560e-01	5.537801e-01	5.272588e-01	4.855912e-01	5.117959e-01	5.028295e-01	0.000000e+00	1	8.640094e-02
8.391547e-02	9.468415e-01	3.380490e-01	2.175236e-01	9.437255e-01	4.821853e-01	4.928722e-01	4.893700e-01	4.998915e-01	4.898699e-01	5.084015e-01	4.661123e-01	5.040484e-01	4.164680e-01	4.911793e-01	0.000000e+00	1	8.482903e-02
9.856032e-01	1.219278e-01	1.586548e-01	1.008507e-01	7.835735e-02	5.027969e-01	5.195670e-01	5.478971e-01	5.009909e-01	4.833499e-01	4.898465e-01	5.056102e-01	5.379814e-01	5.124042e-01	5.318646e-01	0.000000e+00	1	8.428692e-02
1.390639e-01	3.137638e-01	9.450821e-01	7.782427e-01	7.344055e-01	5.176444e-01	5.109754e-01	5.359074e-01	4.989246e-01	4.853700e-01	5.081122e-01	5.048656e-01	5.098631e-01	4.828053e-01	4.447761e-01	0.000000e+00	1	8.331308e-02
9.177720e-01	4.070090e-01	1.125441e-01	7.106759e-02	2.657344e-01	4.474181e-01	4.997364e-01	4.977356e-01	4.647485e-01	4.987848e-01	5.233387e-01	4.400921e-01	5.123702e-01	4.693187e-01	4.680763e-01	0.000000e+00	1	8.261197e-02
5.944002e-01	5.233388e-01	6.405864e-01	4.329800e-01	4.595807e-01	5.028344e-01	5.085271e-01	4.802587e-01	4.843586e-01	4.941389e-01	5.131277e-01	3.716590e-01	4.678792e-01	5.123474e-01	4.952404e-01	0.000000e+00	1	8.009052e-02
2.770095e-01	8.491814e-01	5.303120e-01	3.410881e-01	7.992586e-01	5.223665e-01	6.265256e-01	4.657671e-01	5.013619e-01	3.565148e-01	5.070404e-01	5.039997e-01	5.125243e-01	4.847685e-01	4.922678e-01	0.000000e+00	1	7.962285e-02
6.218341e-01	6.045936e-01	5.596801e-01	3.648295e-01	4.910513e-01	5.146573e-01	6.394346e-01	4.955444e-01	4.953488e-01	6.060245e-01	4.903422e-01	5.150837e-01	5.295710e-01	4.918896e-01	5.026891e-01	0.000000e+00	1	7.900021e-02
2.812080e-01	3.690574e-02	9.619663e-01	8.174749e-01	8.307520e-02	4.812520e-01	4.796536e-01	5.146192e-01	5.010997e-01	4.819515e-01	4.865191e-01	5.021379e-01	4.836238e-01	5.113722e-01	5.318646e-01	0.000000e+00	1	7.801244e-02
4.131444e-01	8.349344e-01	4.292150e-01	2.748648e-01	7.074751e-01	4.472408e-01	4.944306e-01	4.947895e-01	6.236195e-01	5.093401e-01	4.550612e-01	5.238495e-01	5.577312e-01	4.833873e-01	4.642655e-01	0.000000e+00	1	7.776521e-02
9.160560e-01	3.938328e-01	1.888033e-01	1.191318e-01	2.584883e-01	4.471743e-01	5.053604e-01	4.447323e-01	5.002883e-01	5.172083e-01	5.551595e-01	5.292695e-01	5.115140e-01	5.097959e-01	5.674302e-01	0.000000e+00	1	7.755755e-02
8.996457e-01	2.705267e-01	3.591403e-01	2.324606e-01	1.859580e-01	4.797190e-01	5.213046e-01	4.930570e-01	4.572351e-01	4.607415e-01	5.014968e-01	5.197859e-01	4.824037e-01	4.844646e-01	4.772033e-01	0.000000e+00	1	7.686817e-02
9.373329e-01	1.640982e-02	3.828784e-01	2.468420e-01	1.114412e-02	5.027305e-01	4.785749e-01	4.889727e-01	4.973540e-01	6.075632e-01	5.045342e-01	4.923408e-01	4.846849e-01	5.059488e-01	5.116194e-01	0.000000e+00	1	7.677355e-02
4.268418e-01	9.179258e-01	8.583036e-02	5.384780e-02	7.229028e-01	5.177452e-01	5.076320e-01	4.853810e-01	4.989232e-01	3.798153e-01	5.010096e-01	4.885841e-01	4.749495e-01	5.110925e-01	4.942717e-01	0.000000e+00	1	7.609758e-02
3.966691e-01	1.705368e-01	9.194358e-01	7.204986e-01	2.584883e-01	4.471743e-01	4.714071e-01	4.447323e-01	5.002883e-01	5.172083e-01	5.551595e-01	5.315365e-01	5.115140e-01	5.097959e-01	5.674302e-01	0.000000e+00	1	7.581581e-02
6.324065e-01	7.980740e-01	2.278823e-02	1.424486e-02	5.734015e-01	4.777860e-01	5.005065e-01	4.846076e-01	5.152648e-01	4.964775e-01	4.949489e-01	5.238450e-01	4.339904e-01	5.058126e-01	6.120581e-01	0.000000e+00	1	7.519424e-02
4.457925e-01	9.009139e-01	7.599808e-02	4.804139e-02	7.074751e-01	4.472408e-01	4.944306e-01	5.007430e-01	5.008180e-01	4.965363e-01	5.081256e-01	5.155509e-01	5.577312e-01	4.827252e-01	4.642655e-01	0.000000e+00	1	7.285479e-02
5.240454e-02	1.885795e-01	9.867417e-01	8.753412e-01	8.274430e-01	4.710774e-01	4.928722e-01	4.439375e-01	5.209570e-01	5.173900e-01	4.817680e-01	5.045307e-01	4.724643e-01	4.909121e-01	5.006274e-01	0.000000e+00	1	7.027899e-02
4.311399e-03	4.573432e-01	9.114101e-01	7.039067e-01	9.939987e-01	4.811287e-01	4.921676e-01	4.848450e-01	4.850981e-01	4.719599e-01	5.033316e-01	4.958935e-01	4.677088e-01	3.696418e-01	5.032876e-01	0.000000e+00	1	6.761536e-02
3.265711e-01	5.482324e-01	7.788230e-01	5.630061e-01	6.579843e-01	4.965988e-01	4.775288e-01	4.600687e-01	4.553739e-01	4.944536e-01	5.495977e-01	5.039211e-01	4.930820e-01	5.052812e-01	4.866402e-01	0.000000e+00	1	6.578260e-02
1.808677e-01	7.450507e-01	6.702024e-01	4.573149e-01	8.483877e-01	4.972508e-01	4.758870e-01	4.380262e-01	4.904483e-01	4.687027e-01	4.829713e-01	4.249914e-01	5.037960e-01	4.958248e-01	4.170785e-01	0.000000e+00	1	6.573337e-02
3.456443e-01	6.147789e-01	7.433907e-01	5.167429e-01	6.739356e-01	4.943172e-01	4.682918e-01	4.789496e-01	4.541183e-01	4.916184e-01	5.296848e-01	5.474572e-01	6.153495e-01	5.056753e-01	4.322241e-01	0.000000e+00	1	6.518814e-02
6.845569e-01	3.176017e-01	7.015705e-01	4.768075e-01	2.765450e-01	4.988611e-01	4.683621e-01	4.801273e-01	5.334427e-01	4.944536e-01	6.666196e-01	4.989916e-01	4.930820e-01	5.043074e-01	4.972331e-01	0.000000e+00	1	6.499977e-02
3.142647e-02	8.526730e-01	5.315458e-01	3.546827e-01	9.765471e-01	4.993575e-01	5.081351e-01	4.700006e-01	4.981831e-01	4.862326e-01	4.532536e-01	5.014319e-01	4.679666e-01	5.218339e-01	4.793504e-01	0.000000e+00	1	6.480353e-02
1.014481e+00	7.246761e-04	3.514172e-02	2.204374e-02	4.547575e-04	4.780298e-01	5.005065e-01	5.088112e-01	5.009797e-01	4.964775e-01	4.949489e-01	5.238450e-01	4.847185e-01	4.663603e-01	6.120581e-01	0.000000e+00	1	6.428587e-02
9.461908e-01	3.239496e-01	8.632591e-02	5.481486e-02	2.099977e-01	4.521633e-01	5.013087e-01	4.959297e-01	5.020868e-01	4.862623e-01	4.978619e-01	4.889504e-01	4.762924e-01	5.127893e-01	4.781616e-01	0.000000e+00	1	6.353122e-02
8.022894e-01	5.731006e-04	6.566902e-01	4.366779e-01	4.547575e-04	4.777860e-01	5.005065e-01	4.852686e-01	5.009797e-01	4.693305e-01	4.953147e-01	5.238450e-01	3.518386e-01	4.947772e-01	6.120581e-01	0.000000e+00	1	6.296372e-02
4.510504e-02	8.805131e-01	4.838204e-01	3.195116e-01	9.674171e-01	5.012980e-01	5.075244e-01	4.847222e-01	4.985420e-01	5.438815e-01	4.532536e-01	4.944539e-01	4.828222e-01	5.223215e-01	4.784347e-01	0.000000e+00	1	6.279427e-02
5.467576e-01	7.319142e-01	4.346232e-01	2.826883e-01	5.915487e-01	4.821853e-01	4.928722e-01	4.887090e-01	5.158327e-01	5.591094e-01	4.811707e-01	5.034739e-01	5.062481e-01	4.164680e-01	4.911793e-01	0.000000e+00	1	6.132039e-02
2.659850e-01	8.977135e-01	4.080928e-01	2.616728e-01	8.166209e-01	5.177452e-01	4.307931e-01	4.853810e-01	4.989232e-01	3.806811e-01	5.003322e-01	5.057641e-01	5.332338e-01	4.748302e-01	4.942717e-01	0.000000e+00	1	6.081358e-02
8.788061e-01	4.333090e-01	2.315183e-01	1.477147e-01	2.916257e-01	4.949880e-01	5.206484e-01	5.479258e-01	5.009909e-01	4.833499e-01	4.913667e-01	5.054302e-01	5.461024e-01	5.231145e-01	5.318646e-01	0.000000e+00	1	6.051396e-02
2.655593e-01	5.366757e-01	8.153541e-01	5.967442e-01	7.074751e-01	4.195476e-01	4.941194e-01	5.007430e-01	4.958275e-01	4.967447e-01	5.081256e-01	5.000792e-01	5.577312e-01	4.861168e-01	5.384405e-01	0.000000e+00	1	5.970314e-02
