1.100138e-05	1.023022e+00	3.406578e-02	2.119108e-02	9.999932e-01	5.013196e-01	5.076904e-01	4.853965e-01	4.992207e-01	4.862623e-01	5.046137e-01	4.863321e-01	4.721943e-01	3.546765e-01	4.679800e-01	0.000000e+00	1	1.000000e+14
1.016180e+00	7.258895e-04	9.569130e-04	5.994896e-04	4.547575e-04	4.977746e-01	5.005065e-01	4.965527e-01	5.009797e-01	4.944047e-01	5.535541e-01	5.218323e-01	4.899516e-01	4.886540e-01	6.120581e-01	0.000000e+00	1	1.000000e+14
1.844142e-15	6.691482e-19	1.003566e+00	1.000000e+00	2.309980e-04	4.998671e-01	5.153978e-01	4.899025e-01	5.209526e-01	4.791539e-01	4.861960e-01	5.068395e-01	5.381803e-01	5.090537e-01	5.240038e-01	0.000000e+00	1	1.000000e+14
5.029104e-02	9.992956e-01	4.430373e-12	2.818884e-12	9.679882e-01	5.011025e-01	5.075771e-01	4.847222e-01	5.013619e-01	5.003209e-01	5.003942e-01	4.944539e-01	4.867221e-01	5.058035e-01	4.949633e-01	0.000000e+00	1	1.000000e+14
4.264198e-20	1.616598e-15	1.000652e+00	1.000000e+00	9.999832e-01	5.160349e-01	5.004641e-01	4.885398e-01	5.006558e-01	4.908062e-01	5.077547e-01	5.029844e-01	5.045097e-01	4.922653e-01	5.054332e-01	0.000000e+00	1	1.000000e+14
4.050332e-01	9.138585e-01	1.613574e-01	1.018861e-01	7.344055e-01	5.172852e-01	5.068334e-01	4.704249e-01	5.321591e-01	4.872074e-01	4.928710e-01	4.933314e-01	5.027779e-01	4.308356e-01	4.276852e-01	0.000000e+00	1	1.715581e-01
2.411955e-01	1.297692e-01	9.732751e-01	8.253653e-01	3.142372e-01	4.599010e-01	5.188319e-01	5.157642e-01	4.612922e-01	4.989933e-01	4.989535e-01	4.428040e-01	5.357554e-01	5.269188e-01	5.457442e-01	0.000000e+00	1	1.639557e-01
3.236142e-01	9.667917e-01	4.498680e-02	2.807305e-02	7.943673e-01	5.113983e-01	4.701578e-01	5.009251e-01	4.991558e-01	4.883780e-01	6.249243e-01	5.282693e-01	4.774754e-01	5.068327e-01	4.510984e-01	0.000000e+00	1	1.322339e-01
8.100749e-01	5.361355e-01	2.828642e-01	1.803865e-01	3.721996e-01	4.011868e-01	4.935037e-01	4.826848e-01	4.997763e-01	4.892697e-01	4.813803e-01	5.035177e-01	5.127039e-01	4.920097e-01	5.310255e-01	0.000000e+00	1	1.133940e-01
1.319361e-03	4.542595e-01	9.014255e-01	7.028310e-01	9.981510e-01	4.987178e-01	4.905501e-01	4.847239e-01	5.197481e-01	4.471304e-01	5.138802e-01	4.959973e-01	5.576792e-01	5.219761e-01	5.434554e-01	0.000000e+00	1	1.127227e-01
1.834203e-01	9.882270e-01	5.105600e-03	3.233790e-03	8.831694e-01	4.977093e-01	5.075263e-01	4.850936e-01	5.018670e-01	4.942787e-01	5.500555e-01	5.053844e-01	5.437543e-01	5.179045e-01	4.947154e-01	0.000000e+00	1	1.093375e-01
1.143343e-01	9.315519e-01	4.090747e-01	2.616728e-01	9.222531e-01	5.177452e-01	4.302027e-01	4.853810e-01	4.996428e-01	3.688219e-01	5.003322e-01	4.882854e-01	5.306363e-01	5.100599e-01	4.942717e-01	0.000000e+00	1	1.092523e-01
6.175087e-01	6.276950e-01	5.184669e-01	3.387816e-01	5.052077e-01	4.779700e-01	3.741995e-01	4.825082e-01	4.565464e-01	4.565099e-01	5.014968e-01	5.048194e-01	4.824037e-01	4.994818e-01	4.669424e-01	0.000000e+00	1	1.040785e-01
9.699326e-01	2.196250e-01	1.412503e-01	8.982046e-02	1.417614e-01	5.610654e-01	5.090353e-01	4.839528e-01	5.014593e-01	5.003209e-01	5.025752e-01	4.958656e-01	4.867221e-01	5.054095e-01	4.870246e-01	0.000000e+00	1	1.012211e-01
6.295751e-01	7.945009e-01	2.268621e-02	1.424486e-02	5.734015e-01	4.197944e-01	5.005065e-01	4.804569e-01	5.011234e-01	4.540658e-01	4.949489e-01	4.931511e-01	4.536504e-01	5.189891e-01	4.504975e-01	0.000000e+00	1	1.006823e-01
9.115549e-01	3.918977e-01	1.878756e-01	1.191318e-01	2.584883e-01	4.963955e-01	4.904464e-01	4.810386e-01	4.772944e-01	5.172083e-01	5.543188e-01	5.292695e-01	5.115140e-01	5.097959e-01	5.674302e-01	0.000000e+00	1	1.004873e-01
7.821667e-02	8.743458e-01	4.979250e-01	3.284742e-01	9.432009e-01	4.821853e-01	4.894018e-01	4.893700e-01	5.000676e-01	4.898699e-01	5.084918e-01	4.661123e-01	5.037780e-01	4.150483e-01	4.888440e-01	0.000000e+00	1	9.837508e-02
8.659976e-02	5.704822e-01	8.223721e-01	6.104951e-01	9.040927e-01	4.987178e-01	5.005194e-01	4.847239e-01	4.565777e-01	5.274810e-01	4.747336e-01	4.969283e-01	4.784887e-01	5.070373e-01	4.760003e-01	0.000000e+00	1	9.583387e-02
2.576867e-01	5.063747e-01	8.509572e-01	6.252177e-01	7.003236e-01	4.484069e-01	4.700323e-01	4.817575e-01	5.158327e-01	6.105101e-01	5.023523e-01	4.689057e-01	4.835215e-01	4.828268e-01	5.728636e-01	0.000000e+00	1	9.016482e-02
4.407145e-01	9.187619e-01	9.950949e-02	6.197225e-02	7.152640e-01	4.570981e-01	5.099138e-01	4.657671e-01	5.135222e-01	3.625808e-01	4.956281e-01	5.211437e-01	5.127064e-01	4.687056e-01	4.923470e-01	0.000000e+00	1	8.974682e-02
6.864043e-01	3.543254e-01	6.460673e-01	4.434250e-01	3.033668e-01	4.989596e-01	5.449101e-01	4.890336e-01	5.052977e-01	5.395847e-01	5.514538e-01	5.067481e-01	4.824037e-01	4.844646e-01	4.930586e-01	0.000000e+00	1	8.964591e-02
5.112856e-01	6.559090e-01	5.937140e-01	3.947026e-01	5.784815e-01	4.779700e-01	3.741995e-01	4.825082e-01	4.565464e-01	4.565099e-01	5.014968e-01	5.048194e-01	4.824037e-01	4.994818e-01	4.669424e-01	0.000000e+00	1	8.909493e-02
5.778264e-01	2.480021e-01	7.893559e-01	5.717695e-01	2.580991e-01	4.987178e-01	5.005194e-01	4.847239e-01	4.587103e-01	4.585323e-01	4.711416e-01	4.969283e-01	5.536911e-01	5.070373e-01	5.419424e-01	0.000000e+00	1	8.349620e-02
2.830416e-01	8.676729e-01	4.644957e-01	2.997045e-01	7.992586e-01	4.551578e-01	5.099138e-01	4.657671e-01	5.184436e-01	3.625808e-01	5.070404e-01	5.227645e-01	5.125243e-01	4.719941e-01	4.923470e-01	0.000000e+00	1	8.281508e-02
9.696409e-01	1.530450e-01	2.319483e-01	1.477147e-01	9.965986e-02	5.216379e-01	5.070207e-01	5.487500e-01	5.009909e-01	4.482379e-01	4.913667e-01	5.264743e-01	5.461024e-01	5.140127e-01	5.019900e-01	0.000000e+00	1	8.162566e-02
4.801502e-01	3.351967e-01	8.665910e-01	6.216901e-01	3.879911e-01	4.094553e-01	4.942537e-01	4.976791e-01	4.522706e-01	5.247499e-01	4.813803e-01	3.411710e-01	5.127039e-01	4.185250e-01	5.488604e-01	0.000000e+00	1	8.105501e-02
5.323872e-01	7.719909e-01	3.585007e-01	2.324606e-01	6.156526e-01	4.797190e-01	5.174657e-01	4.928073e-01	4.632286e-01	4.970591e-01	5.041764e-01	4.646710e-01	4.824547e-01	4.886852e-01	5.112364e-01	0.000000e+00	1	8.060252e-02
1.553247e-01	9.802964e-01	2.597236e-01	1.629369e-01	8.999613e-01	3.975454e-01	5.061562e-01	4.806596e-01	4.971770e-01	4.829740e-01	5.537149e-01	5.175431e-01	4.870218e-01	5.119647e-01	3.940113e-01	0.000000e+00	1	8.016640e-02
1.474756e-01	2.956146e-01	9.481404e-01	7.865579e-01	7.054045e-01	5.002763e-01	5.091548e-01	4.826505e-01	4.998475e-01	4.870079e-01	4.983007e-01	4.535865e-01	5.147649e-01	5.322302e-01	4.911793e-01	0.000000e+00	1	8.012191e-02
9.995156e-01	9.912022e-02	7.835257e-02	4.956101e-02	6.292673e-02	5.407901e-01	4.983627e-01	4.958976e-01	4.989232e-01	4.932542e-01	5.010096e-01	4.885841e-01	4.749495e-01	5.625995e-01	4.674086e-01	0.000000e+00	1	7.974445e-02
9.282878e-01	1.625147e-02	3.791837e-01	2.468420e-01	1.114412e-02	4.963542e-01	4.785749e-01	4.972101e-01	4.572226e-01	4.943999e-01	5.045342e-01	4.936662e-01	4.822615e-01	5.050477e-01	5.116194e-01	0.000000e+00	1	7.841494e-02
1.122531e-01	7.394752e-01	6.860213e-01	4.725249e-01	9.040927e-01	4.987178e-01	4.102442e-01	5.209153e-01	5.075320e-01	5.274810e-01	4.747336e-01	4.969283e-01	5.562648e-01	4.651157e-01	4.760003e-01	0.000000e+00	1	7.626896e-02
1.219188e-02	6.859926e-01	7.459900e-01	5.266075e-01	9.886868e-01	4.461311e-01	5.076869e-01	4.817575e-01	5.158327e-01	4.861960e-01	5.048230e-01	4.109871e-01	5.051657e-01	4.828268e-01	4.609720e-01	0.000000e+00	1	7.592041e-02
8.978551e-01	2.699883e-01	3.584256e-01	2.324606e-01	1.859580e-01	4.797190e-01	5.174657e-01	4.928073e-01	4.572351e-01	4.942638e-01	5.005563e-01	5.232785e-01	4.822397e-01	4.884920e-01	5.112364e-01	0.000000e+00	1	7.247689e-02
7.335519e-01	4.372519e-01	5.419716e-01	3.600092e-01	3.422013e-01	4.944552e-01	4.904464e-01	4.810386e-01	4.822159e-01	5.172083e-01	5.657311e-01	5.308903e-01	4.810749e-01	5.130843e-01	5.674302e-01	0.000000e+00	1	7.241107e-02
8.476545e-02	9.564320e-01	3.220981e-01	2.060480e-01	9.437255e-01	4.788024e-01	4.928722e-01	4.899273e-01	4.526423e-01	4.884121e-01	5.876398e-01	4.655179e-01	5.031154e-01	5.172861e-01	4.753240e-01	0.000000e+00	1	7.075994e-02
1.388143e-01	8.292849e-01	5.506625e-01	3.691239e-01	8.944149e-01	5.013453e-01	4.885405e-01	4.812474e-01	5.017696e-01	4.919835e-01	5.474167e-01	5.022170e-01	5.459630e-01	5.117149e-01	4.938524e-01	0.000000e+00	1	7.031333e-02
8.378022e-01	1.064838e-01	5.456345e-01	3.651705e-01	8.048218e-02	5.028344e-01	4.899987e-01	4.804781e-01	5.018670e-01	4.919835e-01	5.495977e-01	5.036287e-01	5.459630e-01	5.113209e-01	4.859137e-01	0.000000e+00	1	7.001501e-02
2.759501e-01	8.459337e-01	5.358512e-01	3.450763e-01	7.992586e-01	5.236121e-01	6.265256e-01	4.657671e-01	5.007347e-01	3.565148e-01	5.070404e-01	5.030053e-01	5.042219e-01	4.847685e-01	4.922121e-01	0.000000e+00	1	6.997034e-02
7.583190e-01	7.862869e-02	6.542383e-01	4.514939e-01	6.577488e-02	4.987249e-01	5.019378e-01	4.837938e-01	5.005582e-01	4.874347e-01	5.299508e-01	4.945133e-01	5.468405e-01	4.918896e-01	5.317032e-01	0.000000e+00	1	6.887372e-02
7.191813e-01	7.457057e-02	6.996554e-01	4.895383e-01	6.577488e-02	4.987249e-01	5.019378e-01	4.837938e-01	5.389012e-01	4.874347e-01	5.299508e-01	4.945133e-01	5.468405e-01	4.918896e-01	5.317032e-01	0.000000e+00	1	6.836142e-02
3.185935e-01	6.260615e-01	7.351294e-01	5.144632e-01	7.003236e-01	4.461311e-01	5.038845e-01	4.817575e-01	5.158327e-01	6.079121e-01	5.043109e-01	4.684466e-01	4.841455e-01	4.828268e-01	5.093831e-01	0.000000e+00	1	6.788199e-02
1.117566e-01	5.350992e-01	8.893197e-01	6.491320e-01	8.689247e-01	5.019217e-01	5.076543e-01	4.872190e-01	5.680893e-01	5.241870e-01	5.491553e-01	3.175548e-01	5.242591e-01	5.181243e-01	5.427272e-01	0.000000e+00	1	6.783005e-02
9.924141e-06	9.228491e-01	4.524957e-01	2.902206e-01	9.999932e-01	5.013196e-01	4.362327e-01	4.853799e-01	4.998993e-01	4.862623e-01	5.002282e-01	4.864371e-01	4.721943e-01	3.546765e-01	4.643914e-01	0.000000e+00	1	6.773675e-02
7.850770e-01	6.131427e-01	2.353727e-01	1.477147e-01	4.221081e-01	5.223797e-01	5.070207e-01	5.497666e-01	4.191559e-01	4.965036e-01	4.913667e-01	4.415209e-01	5.461024e-01	5.912983e-01	4.938886e-01	0.000000e+00	1	6.736314e-02
9.290334e-01	5.256403e-01	7.295607e-02	4.344386e-02	3.277874e-01	4.998484e-01	4.533986e-01	4.510472e-01	2.451732e-01	5.034074e-01	5.043273e-01	4.884319e-01	4.891906e-01	5.107734e-01	5.039498e-01	0.000000e+00	1	6.731633e-02
2.922267e-02	3.297275e-01	9.500372e-01	7.865579e-01	9.437255e-01	5.002763e-01	5.091548e-01	4.826505e-01	4.998475e-01	4.870079e-01	5.083912e-01	4.552974e-01	5.481148e-01	5.322302e-01	4.911793e-01	0.000000e+00	1	6.660922e-02
7.017259e-01	3.622345e-01	6.220799e-01	4.247648e-01	3.033668e-01	4.989596e-01	5.449101e-01	4.891510e-01	5.052977e-01	4.561255e-01	4.713802e-01	5.067481e-01	4.841275e-01	5.063833e-01	4.930586e-01	0.000000e+00	1	6.652866e-02
6.448293e-01	4.066552e-01	6.952413e-01	4.707114e-01	3.581908e-01	4.988611e-01	5.249165e-01	4.801273e-01	5.318019e-01	4.944536e-01	6.666196e-01	5.417140e-01	4.882087e-01	5.055863e-01	4.944401e-01	0.000000e+00	1	6.513651e-02
4.695986e-01	8.976624e-01	1.469089e-01	9.167899e-02	6.931596e-01	4.472408e-01	4.942709e-01	5.005051e-01	5.005525e-01	5.029604e-01	5.081256e-01	5.155509e-01	5.577312e-01	4.988779e-01	6.311622e-01	0.000000e+00	1	6.431821e-02
5.918634e-01	3.097340e-01	7.632218e-01	5.422884e-01	3.069329e-01	5.018491e-01	4.205036e-01	5.183529e-01	4.996413e-01	4.486659e-01	4.662821e-01	5.067814e-01	5.604984e-01	4.929328e-01	5.090856e-01	0.000000e+00	1	6.364628e-02
4.452014e-01	8.823403e-01	2.146281e-01	1.361407e-01	7.025102e-01	5.027293e-01	4.793162e-01	4.939174e-01	5.008476e-01	4.695548e-01	5.745642e-01	5.041250e-01	4.393227e-01	5.038043e-01	5.256869e-01	0.000000e+00	1	6.231058e-02
5.541847e-01	2.463968e-01	8.089071e-01	5.904296e-01	2.663386e-01	4.987178e-01	5.005194e-01	4.846066e-01	4.587103e-01	5.419915e-01	5.512152e-01	4.969283e-01	5.519673e-01	4.851186e-01	5.419424e-01	0.000000e+00	1	6.208159e-02
7.484183e-01	3.736937e-01	5.624261e-01	3.768257e-01	2.948163e-01	5.206905e-01	5.061483e-01	4.758443e-01	4.994618e-01	4.876470e-01	5.189499e-01	5.605279e-01	5.457937e-01	5.262469e-01	4.973723e-01	0.000000e+00	1	6.144064e-02
7.209941e-01	7.010044e-01	1.621025e-02	1.026137e-02	4.910513e-01	5.032516e-01	4.557768e-01	4.693832e-01	4.896301e-01	4.874347e-01	4.904379e-01	5.148617e-01	5.373892e-01	4.856227e-01	5.254694e-01	0.000000e+00	1	6.022401e-02
7.872727e-01	3.263413e-01	5.697662e-01	3.751673e-01	2.501672e-01	5.024080e-01	5.027425e-01	4.792913e-01	4.994618e-01	4.875964e-01	3.908505e-01	5.605279e-01	4.879290e-01	5.747166e-01	5.569843e-01	0.000000e+00	1	5.985934e-02
