4.264198e-20	1.616598e-15	1.000652e+00	1.000000e+00	9.999832e-01	5.160349e-01	5.004641e-01	4.885398e-01	5.006558e-01	4.908062e-01	5.077547e-01	5.029844e-01	5.045097e-01	4.922653e-01	5.054332e-01	0.000000e+00	1	1.000000e+14
1.688173e-15	6.125548e-19	1.044956e+00	1.000000e+00	2.309980e-04	4.967448e-01	5.131406e-01	4.901565e-01	5.190692e-01	4.686473e-01	7.030332e-01	5.068395e-01	5.381803e-01	5.064195e-01	5.236866e-01	0.000000e+00	1	1.000000e+14
5.029104e-02	9.992956e-01	4.430373e-12	2.818884e-12	9.679882e-01	5.011025e-01	5.075771e-01	4.847222e-01	5.013619e-01	5.003209e-01	5.003942e-01	4.944539e-01	4.867221e-01	5.058035e-01	4.949633e-01	0.000000e+00	1	1.000000e+14
1.090719e-05	1.014263e+00	1.662012e-03	1.043190e-03	9.999932e-01	5.013196e-01	3.914184e-01	4.853965e-01	4.992207e-01	4.862623e-01	5.046137e-01	4.863321e-01	4.721943e-01	5.080840e-01	4.680033e-01	0.000000e+00	1	1.000000e+14
1.004011e+00	7.158959e-04	9.454533e-04	5.994896e-04	4.539328e-04	4.999317e-01	5.005065e-01	4.965241e-01	5.009797e-01	4.944047e-01	5.525338e-01	5.218323e-01	4.910201e-01	4.886540e-01	5.228244e-01	0.000000e+00	1	1.000000e+14
8.262497e-01	4.521193e-01	3.568657e-01	2.305714e-01	3.187471e-01	4.943551e-01	5.202081e-01	4.820538e-01	4.478508e-01	4.968725e-01	5.528848e-01	4.773696e-01	4.829478e-01	4.895763e-01	5.009122e-01	0.000000e+00	1	1.673903e-01
8.092264e-01	5.355739e-01	2.825679e-01	1.803865e-01	3.721996e-01	4.019159e-01	5.106921e-01	4.826848e-01	4.997763e-01	5.005161e-01	4.813803e-01	4.955730e-01	5.127039e-01	4.953448e-01	4.888619e-01	0.000000e+00	1	1.422042e-01
7.533547e-01	3.761584e-01	5.768811e-01	3.823876e-01	2.948163e-01	5.106880e-01	5.061483e-01	4.594329e-01	5.082604e-01	5.260606e-01	5.189499e-01	6.117343e-01	4.829673e-01	5.257902e-01	5.660064e-01	0.000000e+00	1	1.368228e-01
6.374638e-01	7.593948e-01	1.907926e-01	1.210262e-01	5.554297e-01	4.817594e-01	4.877040e-01	4.925705e-01	4.522486e-01	5.173950e-01	5.056103e-01	5.165709e-01	5.110209e-01	5.089048e-01	5.777544e-01	0.000000e+00	1	1.319514e-01
8.850379e-01	4.761723e-01	5.766691e-02	3.648911e-02	3.142372e-01	4.599010e-01	5.017931e-01	5.157642e-01	4.632776e-01	4.971751e-01	4.989965e-01	5.052150e-01	5.357554e-01	4.935713e-01	5.457442e-01	0.000000e+00	1	1.232726e-01
9.699326e-01	2.196250e-01	1.412503e-01	8.982046e-02	1.417614e-01	5.610654e-01	5.090353e-01	4.839528e-01	5.014593e-01	5.003209e-01	5.025752e-01	4.958656e-01	4.867221e-01	5.054095e-01	4.870246e-01	0.000000e+00	1	1.221501e-01
1.603830e-01	9.102322e-02	9.917041e-01	8.829542e-01	3.286277e-01	4.998484e-01	4.338740e-01	4.500762e-01	5.075339e-01	4.889553e-01	5.080515e-01	4.882776e-01	5.324705e-01	5.107734e-01	4.830260e-01	0.000000e+00	1	1.200078e-01
2.094550e-01	8.404360e-01	5.100007e-01	3.387816e-01	8.445081e-01	5.272442e-01	4.981289e-01	4.825082e-01	4.565464e-01	4.565099e-01	5.056473e-01	5.030714e-01	5.140429e-01	5.006653e-01	5.082996e-01	0.000000e+00	1	1.174170e-01
4.163092e-01	2.531679e-02	9.614402e-01	7.394281e-01	3.866680e-02	4.714158e-01	4.893074e-01	3.121961e-01	5.197481e-01	4.458974e-01	5.138802e-01	4.938108e-01	4.753272e-01	4.254663e-01	5.457670e-01	0.000000e+00	1	1.154744e-01
9.180441e-01	1.607213e-02	4.181472e-01	2.720536e-01	1.114412e-02	4.799067e-01	4.824224e-01	4.233423e-01	4.570175e-01	4.944342e-01	5.038551e-01	4.936662e-01	4.824514e-01	5.050477e-01	5.077071e-01	0.000000e+00	1	1.088666e-01
9.282878e-01	1.625147e-02	3.791837e-01	2.468420e-01	1.114412e-02	4.963542e-01	4.785749e-01	4.972101e-01	4.572226e-01	4.943999e-01	5.045342e-01	4.936662e-01	4.822615e-01	5.050477e-01	5.116194e-01	0.000000e+00	1	1.078078e-01
3.754380e-01	9.292277e-01	9.437541e-04	5.994896e-04	7.555522e-01	4.999317e-01	5.005065e-01	4.965241e-01	5.009797e-01	4.944047e-01	5.310288e-01	5.216612e-01	4.910201e-01	4.886540e-01	5.228244e-01	0.000000e+00	1	1.065613e-01
8.017946e-02	8.962868e-01	4.439687e-01	2.917827e-01	9.432009e-01	4.821853e-01	4.906444e-01	4.893700e-01	5.000676e-01	4.611530e-01	5.084918e-01	4.686387e-01	5.054820e-01	5.115581e-01	4.865324e-01	0.000000e+00	1	1.012525e-01
9.819431e-01	2.375513e-01	3.102801e-02	1.954613e-02	1.511076e-01	4.791660e-01	5.025594e-01	4.567450e-01	4.991588e-01	4.865344e-01	4.938566e-01	5.242036e-01	4.393361e-01	5.064005e-01	4.374953e-01	0.000000e+00	1	9.956985e-02
2.828814e-01	8.671820e-01	4.642328e-01	2.997045e-01	7.992586e-01	4.608911e-01	5.180905e-01	4.657671e-01	5.178801e-01	3.625808e-01	5.070404e-01	4.884901e-01	5.125243e-01	4.719941e-01	4.882648e-01	0.000000e+00	1	9.858798e-02
3.068815e-01	3.936866e-01	9.083621e-01	6.801139e-01	5.784815e-01	4.746953e-01	4.914453e-01	4.826846e-01	4.565464e-01	4.951076e-01	4.313107e-01	5.357393e-01	5.050100e-01	3.340899e-01	5.024334e-01	0.000000e+00	1	9.851186e-02
5.984948e-01	3.132043e-01	7.501962e-01	5.333263e-01	3.069329e-01	4.770292e-01	4.981583e-01	5.155552e-01	4.992418e-01	4.497678e-01	5.086429e-01	5.045729e-01	4.223591e-01	4.929328e-01	5.052891e-01	0.000000e+00	1	9.614300e-02
2.401220e-01	1.291916e-01	9.689431e-01	8.253653e-01	3.142372e-01	4.599010e-01	5.017931e-01	5.157642e-01	4.642647e-01	4.989933e-01	4.989535e-01	5.052150e-01	5.357554e-01	4.935713e-01	5.457442e-01	0.000000e+00	1	9.606956e-02
6.944391e-01	5.379536e-02	7.213316e-01	5.111395e-01	4.921804e-02	4.958490e-01	5.019378e-01	4.833051e-01	5.107325e-01	4.891574e-01	5.307348e-01	4.945133e-01	4.866918e-01	5.056487e-01	5.317732e-01	0.000000e+00	1	9.523178e-02
8.657068e-01	5.160262e-01	1.230958e-02	7.775216e-03	3.422013e-01	4.980985e-01	4.892221e-01	4.853071e-01	4.822159e-01	5.218771e-01	5.119530e-01	5.308903e-01	4.810986e-01	5.278997e-01	5.674302e-01	0.000000e+00	1	9.504766e-02
7.597823e-01	3.793678e-01	5.445118e-01	3.629705e-01	2.948163e-01	5.268238e-01	5.061483e-01	4.683414e-01	4.994618e-01	4.876470e-01	5.189499e-01	5.605279e-01	5.457937e-01	5.274908e-01	4.962064e-01	0.000000e+00	1	9.381710e-02
5.061876e-01	6.555930e-01	5.897394e-01	3.939049e-01	5.814226e-01	4.797256e-01	3.919501e-01	4.823705e-01	4.527794e-01	4.942990e-01	5.014968e-01	4.733950e-01	4.824536e-01	4.997482e-01	4.669424e-01	0.000000e+00	1	9.135103e-02
7.209941e-01	7.010044e-01	1.621025e-02	1.026137e-02	4.910513e-01	5.032516e-01	4.557768e-01	4.693832e-01	4.896301e-01	4.874347e-01	4.904379e-01	5.148617e-01	5.373892e-01	4.856227e-01	5.254694e-01	0.000000e+00	1	9.090215e-02
5.912192e-01	3.093968e-01	7.623910e-01	5.422884e-01	3.069329e-01	4.980190e-01	4.362527e-01	5.183529e-01	4.996413e-01	4.497678e-01	5.093102e-01	5.067814e-01	4.223591e-01	4.929328e-01	5.052891e-01	0.000000e+00	1	8.940493e-02
2.661846e-02	5.289154e-01	8.544667e-01	6.467781e-01	9.679882e-01	4.778918e-01	5.281142e-01	4.847213e-01	5.524487e-01	5.012513e-01	5.003942e-01	4.944287e-01	4.857473e-01	4.754618e-01	5.130881e-01	0.000000e+00	1	8.887807e-02
6.303366e-01	1.578948e-01	7.837565e-01	5.593102e-01	1.562535e-01	4.775371e-01	3.919501e-01	4.823705e-01	4.527794e-01	4.507879e-01	4.950074e-01	5.248251e-01	4.847261e-01	5.019408e-01	5.089839e-01	0.000000e+00	1	8.798821e-02
7.866714e-01	4.351395e-01	4.748420e-01	3.093619e-01	3.216527e-01	4.817545e-01	4.793605e-01	5.183529e-01	4.553086e-01	4.139973e-01	5.093102e-01	4.921579e-01	4.223591e-01	4.981917e-01	5.053009e-01	0.000000e+00	1	8.740233e-02
4.014513e-02	7.976937e-01	6.037874e-01	4.120868e-01	9.679882e-01	4.783713e-01	4.921825e-01	4.851728e-01	4.839416e-01	5.012513e-01	5.003942e-01	4.944287e-01	4.867221e-01	4.988874e-01	4.949633e-01	0.000000e+00	1	8.676367e-02
5.674495e-01	8.228333e-01	1.065426e-01	6.760399e-02	6.156526e-01	4.797190e-01	5.216145e-01	4.647125e-01	4.632286e-01	4.970591e-01	5.038542e-01	4.657791e-01	4.824547e-01	4.903971e-01	5.108856e-01	0.000000e+00	1	8.601644e-02
4.452014e-01	8.823403e-01	2.146281e-01	1.361407e-01	7.025102e-01	5.027293e-01	4.793162e-01	4.939174e-01	5.008476e-01	4.695548e-01	5.745642e-01	5.041250e-01	4.393227e-01	5.038043e-01	5.256869e-01	0.000000e+00	1	8.484576e-02
1.264175e-01	6.839389e-01	7.338254e-01	5.170550e-01	8.836421e-01	4.939312e-01	5.590260e-01	5.174710e-01	5.312737e-01	4.906314e-01	4.752176e-01	5.272909e-01	5.598410e-01	4.651157e-01	4.959030e-01	0.000000e+00	1	8.270890e-02
5.323872e-01	7.719909e-01	3.585007e-01	2.324606e-01	6.156526e-01	4.797190e-01	5.174657e-01	4.928073e-01	4.632286e-01	4.970591e-01	5.041764e-01	4.646710e-01	4.824547e-01	4.886852e-01	5.112364e-01	0.000000e+00	1	8.263662e-02
2.438103e-01	9.756605e-01	7.576465e-02	4.787126e-02	8.441061e-01	5.025998e-01	4.557768e-01	4.693832e-01	4.902684e-01	4.874347e-01	4.904379e-01	5.147852e-01	5.620560e-01	4.654810e-01	4.972741e-01	0.000000e+00	1	8.121257e-02
4.740494e-01	5.585993e-01	6.999036e-01	4.854561e-01	5.520084e-01	5.558076e-01	4.883470e-01	4.846016e-01	4.990873e-01	4.556746e-01	5.223153e-01	4.966823e-01	5.148885e-01	4.562169e-01	4.284279e-01	0.000000e+00	1	8.055538e-02
3.535720e-01	1.987079e-01	9.349427e-01	7.394281e-01	3.259559e-01	5.144503e-01	5.266699e-01	4.827587e-01	5.197481e-01	4.458974e-01	4.869342e-01	4.934710e-01	5.820208e-01	4.254663e-01	5.457670e-01	0.000000e+00	1	7.989418e-02
7.553607e-02	4.814824e-01	8.756910e-01	6.766843e-01	9.009331e-01	4.996317e-01	5.004641e-01	4.885398e-01	5.006558e-01	5.304586e-01	5.245139e-01	5.026441e-01	4.794237e-01	4.922653e-01	5.054332e-01	0.000000e+00	1	7.933297e-02
9.598238e-01	2.745708e-01	9.849620e-02	6.260728e-02	1.773768e-01	5.013196e-01	5.089571e-01	5.250241e-01	5.010421e-01	4.865344e-01	5.042867e-01	4.863321e-01	4.721943e-01	5.090347e-01	4.650630e-01	0.000000e+00	1	7.923117e-02
1.166010e-01	7.678978e-01	6.466833e-01	4.420099e-01	9.040657e-01	5.011025e-01	5.075771e-01	4.847222e-01	5.013619e-01	4.924396e-01	5.003942e-01	4.940129e-01	5.549000e-01	5.058035e-01	4.149153e-01	0.000000e+00	1	7.471738e-02
2.140048e-01	3.377783e-02	9.827239e-01	8.618588e-01	9.965986e-02	4.768043e-01	5.074920e-01	4.865523e-01	4.631082e-01	4.541554e-01	5.026125e-01	4.645541e-01	4.740417e-01	5.108636e-01	5.054547e-01	0.000000e+00	1	7.430748e-02
1.547912e-01	9.790942e-01	2.705533e-01	1.696275e-01	9.001789e-01	3.955022e-01	5.080884e-01	4.581113e-01	5.019121e-01	5.031424e-01	5.536724e-01	5.193622e-01	4.866245e-01	5.096118e-01	3.940113e-01	0.000000e+00	1	7.200292e-02
6.721472e-01	6.176185e-01	4.645697e-01	2.997045e-01	4.731010e-01	4.551578e-01	5.099138e-01	4.657671e-01	5.184436e-01	3.625808e-01	5.028899e-01	5.227645e-01	4.808851e-01	4.719941e-01	4.926125e-01	0.000000e+00	1	7.120651e-02
4.961191e-01	8.020363e-01	5.553014e-01	3.387816e-01	6.473347e-01	5.302979e-01	3.077125e-01	4.825082e-01	4.565464e-01	4.565099e-01	7.263411e-01	5.065869e-01	5.140429e-01	5.083811e-01	4.699779e-01	0.000000e+00	1	7.047228e-02
1.834203e-01	9.882270e-01	5.105600e-03	3.233790e-03	8.831694e-01	4.977093e-01	5.075263e-01	4.850936e-01	5.018670e-01	4.942787e-01	5.500555e-01	5.053844e-01	5.437543e-01	5.179045e-01	4.947154e-01	0.000000e+00	1	7.007588e-02
8.650140e-02	5.698342e-01	8.214380e-01	6.104951e-01	9.040927e-01	4.968630e-01	5.111857e-01	4.847239e-01	5.171628e-01	5.274810e-01	4.747336e-01	4.963470e-01	4.779093e-01	4.738879e-01	5.152076e-01	0.000000e+00	1	6.994405e-02
4.646968e-01	5.961420e-01	6.675981e-01	4.605756e-01	5.784815e-01	4.898304e-01	4.262423e-01	4.826781e-01	4.565464e-01	5.006591e-01	4.840905e-01	4.996571e-01	4.821194e-01	5.037411e-01	5.123567e-01	0.000000e+00	1	6.763602e-02
6.700260e-01	6.156694e-01	4.721001e-01	3.046837e-01	4.731010e-01	4.551578e-01	5.099138e-01	4.657671e-01	5.184436e-01	3.625808e-01	4.660553e-01	5.227645e-01	5.100530e-01	4.719941e-01	4.926125e-01	0.000000e+00	1	6.554968e-02
3.287571e-01	9.434026e-01	9.856727e-02	6.260728e-02	7.865285e-01	5.013196e-01	5.092139e-01	5.059780e-01	4.643790e-01	4.865344e-01	5.050749e-01	4.854649e-01	4.721943e-01	5.095747e-01	4.650630e-01	0.000000e+00	1	6.547051e-02
9.784982e-01	2.660316e-01	1.211747e-01	7.571674e-02	1.689976e-01	5.168510e-01	5.158375e-01	5.232434e-01	5.004179e-01	4.884049e-01	6.302864e-01	4.927894e-01	4.478208e-01	4.878789e-01	5.112364e-01	0.000000e+00	1	6.383384e-02
5.501628e-01	5.026791e-01	6.835280e-01	4.725249e-01	4.713075e-01	4.939312e-01	5.590260e-01	4.633641e-01	5.164195e-01	4.922548e-01	4.731700e-01	5.232270e-01	5.594914e-01	4.651157e-01	4.959030e-01	0.000000e+00	1	6.378153e-02
5.501020e-01	8.660573e-01	1.226061e-01	7.571674e-02	6.397457e-01	5.168510e-01	5.291646e-01	3.970586e-01	4.637548e-01	4.544131e-01	6.310747e-01	4.919222e-01	4.719949e-01	4.884189e-01	5.028215e-01	0.000000e+00	1	6.328642e-02
9.926977e-01	1.959471e-01	7.511908e-02	4.717561e-02	1.240665e-01	4.109572e-01	5.075263e-01	4.842206e-01	5.625314e-01	4.999991e-01	5.185403e-01	4.941783e-01	4.696732e-01	5.341558e-01	4.947154e-01	0.000000e+00	1	6.215664e-02
