1.042498e+00	6.892305e-02	2.511585e-03	1.530400e-03	4.202791e-02	5.467073e-01	5.313201e-01	6.363723e-01	4.994281e-01	4.522340e-01	5.146208e-01	5.266849e-01	3.882244e-01	4.144892e-01	4.981481e-01	0.000000e+00	1	1.000000e+14
1.607705e-15	3.922468e-16	1.024338e+00	1.000000e+00	1.523458e-01	5.174348e-01	5.186587e-01	6.383710e-01	5.006558e-01	4.530244e-01	5.039545e-01	5.027574e-01	4.535092e-01	4.892015e-01	5.055372e-01	0.000000e+00	1	1.000000e+14
6.772478e-06	1.013523e+00	8.292253e-04	5.208577e-04	9.999957e-01	5.474429e-01	5.292076e-01	4.714041e-01	4.991963e-01	4.978040e-01	5.166499e-01	5.498323e-01	5.726409e-01	4.619452e-01	5.105190e-01	0.000000e+00	1	1.000000e+14
4.115327e-20	1.620564e-15	1.003107e+00	1.000000e+00	9.999838e-01	5.174348e-01	5.186587e-01	4.934398e-01	5.006558e-01	4.908062e-01	5.032114e-01	5.029844e-01	4.535092e-01	4.892015e-01	5.054332e-01	0.000000e+00	1	1.000000e+14
9.061482e-01	4.256634e-01	4.059295e-15	2.581269e-15	2.795756e-01	5.008613e-01	4.992267e-01	4.876155e-01	5.010105e-01	4.984762e-01	4.773436e-01	5.053438e-01	5.166218e-01	5.129428e-01	4.984047e-01	0.000000e+00	1	1.000000e+14
1.617358e-15	5.371743e-19	1.001123e+00	1.000000e+00	2.114410e-04	5.086844e-01	5.059249e-01	4.892764e-01	5.009788e-01	4.865497e-01	5.051376e-01	5.030590e-01	5.049742e-01	5.045621e-01	5.251766e-01	0.000000e+00	1	1.000000e+14
9.892989e-01	9.618043e-02	1.971429e-01	1.246496e-01	6.169878e-02	4.977649e-01	4.208762e-01	4.876756e-01	5.331237e-01	4.985144e-01	4.774233e-01	5.149861e-01	5.176933e-01	4.717074e-01	4.370658e-01	0.000000e+00	1	1.462509e-01
5.877703e-01	7.938220e-01	2.184559e-01	1.385692e-01	5.942512e-01	4.680968e-01	5.064030e-01	4.108715e-01	5.200095e-01	5.052064e-01	5.117859e-01	5.097393e-01	5.386615e-01	4.865994e-01	5.164179e-01	0.000000e+00	1	1.239581e-01
7.876061e-01	6.946202e-01	7.180415e-02	4.346121e-02	4.601146e-01	5.111442e-01	4.966985e-01	3.729630e-01	5.052476e-01	4.945690e-01	5.183346e-01	4.711188e-01	5.450839e-01	5.509909e-01	3.254401e-01	0.000000e+00	1	1.165843e-01
9.453095e-01	5.994951e-02	3.431428e-01	2.212645e-01	4.031907e-02	5.233994e-01	4.558994e-01	5.166651e-01	4.547980e-01	4.980179e-01	5.030979e-01	5.032203e-01	4.492722e-01	5.040005e-01	5.046034e-01	0.000000e+00	1	1.135322e-01
8.191452e-01	1.277824e-01	6.026792e-01	4.001697e-01	9.851539e-02	5.125278e-01	5.159771e-01	4.828205e-01	5.025349e-01	4.523941e-01	4.825486e-01	5.493681e-01	3.699187e-01	4.523688e-01	5.071657e-01	0.000000e+00	1	1.132459e-01
6.943450e-01	6.717941e-01	2.860259e-01	1.832381e-01	4.894923e-01	5.046464e-01	4.764435e-01	4.514327e-01	5.079659e-01	4.674235e-01	4.982816e-01	5.053246e-01	4.744754e-01	5.119774e-01	4.480235e-01	0.000000e+00	1	1.115013e-01
2.197426e-01	9.764736e-01	1.307311e-01	8.268365e-02	8.590845e-01	5.116639e-01	4.959256e-01	5.211450e-01	5.317553e-01	5.299345e-01	4.804470e-01	4.863350e-01	4.556635e-01	4.794141e-01	4.372932e-01	0.000000e+00	1	1.075077e-01
9.830122e-01	7.097119e-02	2.537824e-01	1.604428e-01	4.588285e-02	4.997975e-01	5.309876e-01	4.802292e-01	4.226594e-01	4.896887e-01	4.175357e-01	5.502354e-01	5.286805e-01	4.886851e-01	4.973320e-01	0.000000e+00	1	1.009616e-01
8.006069e-01	6.344260e-03	6.452365e-01	4.318406e-01	5.044669e-03	4.931033e-01	5.056446e-01	4.650612e-01	5.009622e-01	4.909756e-01	5.041815e-01	5.230782e-01	4.414182e-01	3.507912e-01	5.253680e-01	0.000000e+00	1	1.004920e-01
3.287947e-01	3.564277e-01	8.801575e-01	6.794179e-01	5.256590e-01	4.816087e-01	4.701929e-01	4.930216e-01	5.125539e-01	4.688821e-01	4.827636e-01	4.990525e-01	5.341469e-01	4.680944e-01	5.040828e-01	0.000000e+00	1	9.977465e-02
5.831920e-01	8.166628e-01	1.134371e-01	7.165889e-02	6.052084e-01	5.155905e-01	5.004719e-01	4.499472e-01	5.238542e-01	4.950330e-01	5.025008e-01	5.227297e-01	5.147231e-01	4.378968e-01	4.555972e-01	0.000000e+00	1	9.713222e-02
2.925522e-01	3.886459e-01	8.829337e-01	6.794179e-01	5.892165e-01	4.992784e-01	4.701929e-01	4.930216e-01	5.009304e-01	4.523941e-01	4.861383e-01	5.489804e-01	5.283612e-01	4.618879e-01	5.040828e-01	0.000000e+00	1	9.312867e-02
5.138500e-01	5.733881e-01	6.608482e-01	4.515519e-01	5.348271e-01	4.341253e-01	4.829708e-01	4.486696e-01	5.223991e-01	4.521205e-01	4.826038e-01	5.089171e-01	5.388440e-01	5.030977e-01	4.480235e-01	0.000000e+00	1	9.296415e-02
4.756703e-01	7.173422e-01	5.554065e-01	3.648149e-01	6.272400e-01	5.059207e-01	5.072545e-01	3.787133e-01	5.076601e-01	4.862613e-01	4.749417e-01	4.184432e-01	5.055083e-01	4.897836e-01	5.436201e-01	0.000000e+00	1	9.194331e-02
3.188048e-01	2.796041e-01	9.414267e-01	7.305757e-01	4.583557e-01	5.496158e-01	4.440949e-01	4.922715e-01	5.285881e-01	5.471637e-01	4.987289e-01	6.332131e-01	4.752367e-01	4.974665e-01	5.739273e-01	0.000000e+00	1	8.927859e-02
9.999791e-02	1.882294e-01	9.897013e-01	8.649596e-01	6.891142e-01	4.978547e-01	5.776675e-01	5.000450e-01	5.227817e-01	4.888398e-01	5.160682e-01	4.995704e-01	5.269093e-01	4.775557e-01	5.650064e-01	0.000000e+00	1	8.865050e-02
7.289767e-01	4.603332e-01	5.236038e-01	3.474566e-01	3.585726e-01	5.002632e-01	5.495586e-01	5.229731e-01	4.657751e-01	4.915530e-01	4.956744e-01	5.048984e-01	5.650880e-01	5.125120e-01	4.939022e-01	0.000000e+00	1	8.769320e-02
5.638677e-01	7.414375e-01	3.722839e-01	2.420536e-01	5.860755e-01	4.680968e-01	5.099411e-01	5.106321e-01	5.203787e-01	5.222629e-01	5.117859e-01	5.051241e-01	4.811319e-01	4.858735e-01	5.164179e-01	0.000000e+00	1	8.747643e-02
3.888951e-01	5.988770e-01	7.191245e-01	5.022461e-01	6.333484e-01	4.571315e-01	5.346650e-01	5.168436e-01	4.683291e-01	4.843775e-01	5.358085e-01	4.212685e-01	4.675265e-01	4.927819e-01	4.836078e-01	0.000000e+00	1	8.635834e-02
5.722173e-02	1.001689e+00	4.662070e-02	2.956012e-02	9.636724e-01	5.477743e-01	5.067189e-01	4.727785e-01	5.009788e-01	4.865497e-01	5.177816e-01	5.030590e-01	5.049742e-01	5.130504e-01	5.251766e-01	0.000000e+00	1	8.520463e-02
1.083135e-01	8.410479e-01	5.912984e-01	3.876413e-01	9.184624e-01	5.496158e-01	4.440949e-01	4.918141e-01	5.252716e-01	5.537074e-01	4.987289e-01	6.332131e-01	4.743557e-01	4.974665e-01	5.787652e-01	0.000000e+00	1	8.518732e-02
2.311770e-01	5.509688e-02	9.964421e-01	8.509503e-01	1.489482e-01	5.174348e-01	5.186587e-01	6.383710e-01	5.006742e-01	4.530084e-01	5.039545e-01	5.027574e-01	4.535092e-01	4.878364e-01	5.070948e-01	0.000000e+00	1	8.496076e-02
2.697028e-01	5.116130e-01	8.278771e-01	6.118014e-01	6.911501e-01	4.809226e-01	5.004822e-01	5.145234e-01	5.370333e-01	4.892781e-01	5.407440e-01	4.990525e-01	5.341469e-01	4.296276e-01	4.933459e-01	0.000000e+00	1	8.428241e-02
8.650829e-01	5.098306e-01	2.626735e-02	1.664958e-02	3.390297e-01	4.976045e-01	5.003576e-01	4.891383e-01	4.656865e-01	4.913389e-01	4.779715e-01	5.312383e-01	4.730289e-01	5.054524e-01	4.701962e-01	0.000000e+00	1	7.983874e-02
1.394534e-01	8.840424e-01	4.576019e-01	3.008972e-01	9.003971e-01	5.037430e-01	4.482350e-01	4.872987e-01	5.122497e-01	4.972220e-01	5.043100e-01	5.022280e-01	5.033833e-01	5.131665e-01	4.557914e-01	0.000000e+00	1	7.790796e-02
3.471959e-01	6.560069e-01	7.474756e-01	5.022461e-01	6.901075e-01	4.565668e-01	5.076399e-01	3.132999e-01	4.683291e-01	4.886943e-01	5.361283e-01	4.212685e-01	5.046854e-01	5.886324e-01	4.918782e-01	0.000000e+00	1	7.753333e-02
4.100724e-01	1.757433e-01	9.217985e-01	7.130368e-01	2.577594e-01	4.816592e-01	5.005467e-01	4.317096e-01	5.241452e-01	3.737973e-01	4.866211e-01	5.209764e-01	5.427509e-01	5.113176e-01	4.981033e-01	0.000000e+00	1	7.692963e-02
4.133142e-01	6.366521e-01	6.724227e-01	4.615217e-01	6.334265e-01	4.568469e-01	5.360361e-01	5.133261e-01	4.639730e-01	4.843775e-01	5.354998e-01	4.212685e-01	4.675265e-01	4.929925e-01	4.752672e-01	0.000000e+00	1	7.657935e-02
6.565316e-02	2.221235e-01	9.857094e-01	8.530720e-01	8.170430e-01	5.172693e-01	5.003660e-01	5.921492e-01	5.204559e-01	4.726875e-01	5.156871e-01	5.029844e-01	5.117624e-01	4.894127e-01	4.542010e-01	0.000000e+00	1	7.623998e-02
4.020510e-01	6.191363e-01	6.953278e-01	4.809560e-01	6.333484e-01	4.571315e-01	5.355820e-01	5.168436e-01	4.628637e-01	4.790511e-01	5.358816e-01	4.212685e-01	4.675265e-01	4.893646e-01	4.836078e-01	0.000000e+00	1	7.605589e-02
3.677597e-01	5.336726e-01	7.701235e-01	5.546325e-01	6.158760e-01	4.974636e-01	4.865090e-01	4.743326e-01	5.202965e-01	5.041384e-01	4.826038e-01	4.720807e-01	4.813143e-01	4.654982e-01	4.484981e-01	0.000000e+00	1	7.525321e-02
7.810869e-01	4.603598e-01	4.242894e-01	2.786470e-01	3.390489e-01	5.006565e-01	4.995238e-01	4.872987e-01	5.111750e-01	4.982251e-01	4.975321e-01	5.208670e-01	5.106176e-01	5.131665e-01	4.974544e-01	0.000000e+00	1	7.476196e-02
9.514436e-01	2.335584e-01	2.377931e-01	1.515904e-01	1.532459e-01	4.585621e-01	4.958415e-01	5.399139e-01	4.635486e-01	4.820036e-01	4.814126e-01	5.334100e-01	4.744797e-01	5.138317e-01	4.708017e-01	0.000000e+00	1	7.430391e-02
6.825754e-01	1.102131e-01	7.618526e-01	5.308314e-01	1.019132e-01	5.125278e-01	5.159771e-01	4.828205e-01	4.366336e-01	4.524101e-01	4.825486e-01	5.493681e-01	3.699187e-01	4.537338e-01	5.056081e-01	0.000000e+00	1	7.376107e-02
4.920624e-01	4.398951e-01	7.842751e-01	5.546325e-01	4.644017e-01	4.963729e-01	4.790848e-01	4.315793e-01	5.264868e-01	5.467954e-01	3.900976e-01	4.648490e-01	4.813143e-01	4.933047e-01	4.424229e-01	0.000000e+00	1	7.330219e-02
6.567027e-01	5.759536e-01	5.446849e-01	3.549624e-01	4.583557e-01	5.496158e-01	5.008529e-01	4.922715e-01	5.285881e-01	5.471637e-01	4.987289e-01	6.332131e-01	4.752367e-01	4.969261e-01	5.739273e-01	0.000000e+00	1	7.243159e-02
3.333504e-02	1.504145e-01	9.918642e-01	9.018992e-01	8.611558e-01	5.172693e-01	5.003660e-01	4.881242e-01	5.240552e-01	4.908062e-01	5.156871e-01	5.029844e-01	5.138167e-01	4.894127e-01	4.542010e-01	0.000000e+00	1	7.044016e-02
3.377464e-01	3.553711e-01	8.898631e-01	6.794179e-01	5.161846e-01	4.816087e-01	4.701929e-01	4.930216e-01	3.908779e-01	4.688821e-01	4.861383e-01	4.990525e-01	5.341469e-01	4.786915e-01	5.040828e-01	0.000000e+00	1	6.948273e-02
5.511327e-01	2.982904e-01	7.953002e-01	5.751416e-01	3.158183e-01	5.454361e-01	4.425522e-01	4.821897e-01	5.204808e-01	4.876212e-01	4.871591e-01	5.012637e-01	5.119008e-01	4.774857e-01	5.739273e-01	0.000000e+00	1	6.937256e-02
7.408825e-01	2.541151e-01	6.312286e-01	4.318406e-01	2.103493e-01	4.931033e-01	5.056446e-01	5.333433e-01	4.971390e-01	4.909229e-01	5.067723e-01	5.230782e-01	4.414182e-01	4.965098e-01	5.253680e-01	0.000000e+00	1	6.826667e-02
1.038534e+00	6.866097e-02	3.603334e-03	2.204018e-03	4.202791e-02	5.467073e-01	5.313201e-01	6.363723e-01	4.994281e-01	4.522340e-01	5.174940e-01	5.510355e-01	3.882244e-01	4.631528e-01	4.981481e-01	0.000000e+00	1	6.721401e-02
2.531661e-01	9.537903e-01	2.264436e-01	1.435982e-01	8.348297e-01	5.221660e-01	5.064030e-01	4.108715e-01	5.200095e-01	5.334059e-01	4.778601e-01	5.097393e-01	5.386615e-01	5.109830e-01	5.164995e-01	0.000000e+00	1	6.682530e-02
5.082204e-01	7.572351e-01	4.492817e-01	2.914122e-01	6.236928e-01	4.605507e-01	4.137802e-01	5.032107e-01	5.259186e-01	5.018918e-01	5.151744e-01	5.053838e-01	4.503685e-01	4.912535e-01	5.645005e-01	0.000000e+00	1	6.668025e-02
7.648780e-01	4.231501e-01	5.450821e-01	3.549624e-01	3.216944e-01	5.498423e-01	4.432591e-01	4.951320e-01	5.285881e-01	4.861880e-01	4.878979e-01	6.332131e-01	5.068885e-01	4.969261e-01	5.739273e-01	0.000000e+00	1	6.598826e-02
5.077669e-01	7.110426e-01	4.980009e-01	3.297980e-01	6.052084e-01	5.162829e-01	5.004719e-01	4.535838e-01	5.236042e-01	4.948953e-01	5.025008e-01	5.227297e-01	5.080193e-01	5.113469e-01	4.555972e-01	0.000000e+00	1	6.582116e-02
1.005835e+00	1.430375e-03	4.042279e-02	2.557088e-02	9.053220e-04	5.233994e-01	4.558994e-01	5.166651e-01	4.547980e-01	4.980179e-01	5.030979e-01	5.165526e-01	4.702996e-01	5.040005e-01	4.745322e-01	0.000000e+00	1	6.545385e-02
1.287989e-01	5.955508e-01	8.080850e-01	5.886962e-01	8.644074e-01	4.361247e-01	4.960866e-01	4.849273e-01	5.327190e-01	4.909469e-01	4.788999e-01	5.004477e-01	4.556635e-01	5.156371e-01	4.372932e-01	0.000000e+00	1	6.492116e-02
8.149545e-03	9.312194e-01	3.872849e-01	2.509018e-01	9.944288e-01	5.116835e-01	5.177706e-01	4.947477e-01	5.006412e-01	5.546729e-01	5.047580e-01	5.306518e-01	4.380124e-01	4.827946e-01	5.024406e-01	0.000000e+00	1	6.449173e-02
4.187843e-01	6.055428e-01	6.934673e-01	4.809560e-01	6.148094e-01	4.571315e-01	5.502716e-01	4.471970e-01	4.628637e-01	4.820031e-01	5.358816e-01	5.221814e-01	4.822042e-01	5.139104e-01	4.836078e-01	0.000000e+00	1	6.434124e-02
1.781386e-01	3.386881e-01	9.332629e-01	7.522691e-01	6.917460e-01	4.819079e-01	4.992529e-01	4.875869e-01	5.359588e-01	4.700524e-01	4.774264e-01	5.048694e-01	5.226378e-01	4.296276e-01	4.980369e-01	0.000000e+00	1	6.407749e-02
