1.039475e+00	4.892474e-02	4.729880e-05	2.893581e-05	2.994154e-02	6.115261e-01	4.848730e-01	5.003239e-01	5.002223e-01	4.916937e-01	5.034207e-01	3.465066e-01	4.822902e-01	4.393771e-01	4.818579e-01	0.000000e+00	1	1.000000e+14
3.013632e-03	1.001507e+00	2.663520e-15	1.693090e-15	9.980844e-01	5.023350e-01	4.814227e-01	4.876155e-01	5.020572e-01	4.911294e-01	4.787935e-01	5.053438e-01	5.166218e-01	5.129428e-01	4.983898e-01	0.000000e+00	1	1.000000e+14
1.621520e-15	2.032355e-19	1.003699e+00	1.000000e+00	7.979163e-05	5.225815e-01	5.059249e-01	4.892764e-01	4.484882e-01	4.865497e-01	5.051376e-01	5.030590e-01	5.129893e-01	5.000661e-01	5.000781e-01	0.000000e+00	1	1.000000e+14
3.270564e-16	1.597125e-15	1.009114e+00	1.000000e+00	8.714119e-01	5.225394e-01	4.945731e-01	4.892764e-01	4.514649e-01	5.766938e-01	5.033333e-01	5.056450e-01	5.102672e-01	4.913500e-01	4.991704e-01	0.000000e+00	1	1.000000e+14
4.114103e-20	1.620082e-15	1.002808e+00	1.000000e+00	9.999838e-01	5.174348e-01	4.947636e-01	4.934398e-01	5.020411e-01	4.910057e-01	5.032114e-01	5.055798e-01	4.535092e-01	4.892042e-01	5.054332e-01	0.000000e+00	1	1.000000e+14
7.241864e-01	2.663038e-01	6.852067e-01	4.622913e-01	2.243323e-01	6.217509e-01	5.335579e-01	5.353181e-01	4.405928e-01	4.519238e-01	5.028993e-01	4.698943e-01	4.379823e-01	4.874942e-01	4.369791e-01	0.000000e+00	1	1.814045e-01
8.015562e-01	2.203209e-01	5.793503e-01	3.874884e-01	1.707682e-01	4.578393e-01	5.365398e-01	5.343906e-01	4.573261e-01	4.971166e-01	5.028076e-01	5.002711e-01	5.117441e-01	4.470613e-01	4.353526e-01	0.000000e+00	1	1.373590e-01
9.003059e-01	1.743287e-02	4.680294e-01	3.051505e-01	1.232550e-02	5.131223e-01	5.215098e-01	4.892764e-01	4.451071e-01	4.594120e-01	5.146505e-01	5.030871e-01	5.135744e-01	4.061620e-01	5.147785e-01	0.000000e+00	1	1.294549e-01
4.285431e-01	7.453557e-01	5.200162e-01	3.462987e-01	6.678134e-01	4.881378e-01	5.301324e-01	5.224034e-01	4.551271e-01	4.973735e-01	4.895833e-01	5.057469e-01	5.111477e-01	5.210293e-01	4.771968e-01	0.000000e+00	1	1.232962e-01
6.682864e-01	7.873769e-01	3.029245e-02	1.866790e-02	5.519673e-01	5.512014e-01	4.631153e-01	4.883088e-01	3.958416e-01	4.692917e-01	3.799746e-01	4.487404e-01	5.156856e-01	4.993647e-01	4.987052e-01	0.000000e+00	1	1.189806e-01
6.371726e-01	3.247333e-01	7.071279e-01	4.964089e-01	3.000616e-01	4.983204e-01	4.767325e-01	4.614484e-01	5.132247e-01	4.973291e-01	4.845737e-01	5.131431e-01	5.431117e-01	4.649358e-01	4.972394e-01	0.000000e+00	1	1.189734e-01
4.920518e-01	8.656496e-01	1.296898e-01	8.245358e-02	6.709474e-01	4.881378e-01	4.930383e-01	5.224034e-01	4.551271e-01	4.969530e-01	5.104041e-01	5.094571e-01	4.782440e-01	5.151100e-01	4.771968e-01	0.000000e+00	1	1.124327e-01
2.997256e-01	2.996844e-01	9.296945e-01	7.276867e-01	4.999563e-01	4.532808e-01	4.622267e-01	4.883631e-01	5.325746e-01	4.692917e-01	3.820613e-01	5.082685e-01	5.440147e-01	4.906986e-01	4.987052e-01	0.000000e+00	1	1.121902e-01
2.435731e-01	5.902545e-01	7.820124e-01	5.640817e-01	7.508459e-01	5.170774e-01	4.743077e-01	4.936617e-01	5.320562e-01	4.879610e-01	4.800366e-01	5.058015e-01	4.468854e-01	5.624677e-01	5.164251e-01	0.000000e+00	1	1.085249e-01
2.007455e-02	9.484972e-01	3.364453e-01	2.169585e-01	9.865282e-01	4.816592e-01	4.432556e-01	5.362342e-01	4.994683e-01	4.994476e-01	4.866211e-01	5.204532e-01	4.801886e-01	4.841887e-01	5.221656e-01	0.000000e+00	1	1.008603e-01
1.756111e-01	3.559627e-01	9.778447e-01	7.545213e-01	7.082330e-01	4.814921e-01	5.036040e-01	4.885296e-01	5.129480e-01	3.197637e-01	4.334816e-01	5.443835e-01	3.772501e-01	5.270150e-01	5.013370e-01	0.000000e+00	1	9.955792e-02
3.820156e-01	9.257446e-01	1.043679e-01	6.610660e-02	7.508459e-01	5.218283e-01	4.837626e-01	4.936617e-01	5.320562e-01	4.876077e-01	4.800366e-01	4.933611e-01	4.815628e-01	5.624677e-01	5.156807e-01	0.000000e+00	1	9.641316e-02
4.580522e-01	6.326431e-01	6.479806e-01	4.408867e-01	6.010484e-01	5.025663e-01	4.995238e-01	4.872987e-01	6.141420e-01	4.982251e-01	5.304304e-01	5.208670e-01	5.106176e-01	5.131665e-01	4.974544e-01	0.000000e+00	1	9.514692e-02
2.873578e-01	7.078250e-01	6.563949e-01	4.518918e-01	7.544908e-01	5.172915e-01	4.743077e-01	5.110849e-01	5.320562e-01	4.879610e-01	5.394729e-01	5.080130e-01	4.502191e-01	4.710117e-01	5.011290e-01	0.000000e+00	1	9.360921e-02
6.335550e-01	8.041647e-01	5.634823e-02	3.500473e-02	5.751940e-01	4.468234e-01	5.365398e-01	5.343906e-01	3.871469e-01	5.025896e-01	5.028076e-01	5.004883e-01	5.150244e-01	4.470613e-01	4.353526e-01	0.000000e+00	1	9.288136e-02
1.120195e-01	9.578565e-01	3.002508e-01	1.921491e-01	9.258852e-01	4.203715e-01	4.846807e-01	4.878850e-01	5.186748e-01	4.787481e-01	4.855528e-01	5.083705e-01	5.166218e-01	4.891868e-01	4.569997e-01	0.000000e+00	1	9.191015e-02
7.094351e-02	6.878199e-01	7.457455e-01	5.240306e-01	9.345688e-01	3.919832e-01	5.240630e-01	4.944185e-01	5.252399e-01	4.906967e-01	5.037229e-01	5.426591e-01	5.436761e-01	4.844606e-01	4.979260e-01	0.000000e+00	1	9.118622e-02
2.243550e-01	6.617627e-01	7.517867e-01	5.232623e-01	7.919110e-01	4.532808e-01	4.631153e-01	4.932717e-01	4.032575e-01	4.857290e-01	3.867339e-01	5.078360e-01	5.156856e-01	4.906986e-01	4.986031e-01	0.000000e+00	1	9.099293e-02
9.776822e-01	1.321780e-01	2.229882e-01	1.415124e-01	8.554928e-02	4.981608e-01	5.091998e-01	4.639467e-01	5.373622e-01	4.949690e-01	4.840448e-01	5.379944e-01	5.509589e-01	4.339792e-01	4.996336e-01	0.000000e+00	1	8.995278e-02
8.514710e-01	5.202851e-01	7.733299e-02	4.923949e-02	3.491856e-01	5.023350e-01	4.933414e-01	4.946913e-01	5.027118e-01	4.911294e-01	4.848013e-01	5.053438e-01	5.140844e-01	5.146630e-01	4.983883e-01	0.000000e+00	1	8.980011e-02
7.920477e-01	4.925165e-01	3.982376e-01	2.569041e-01	3.541606e-01	5.775262e-01	5.183217e-01	5.281249e-01	5.143998e-01	4.915597e-01	4.975321e-01	5.212701e-01	5.111199e-01	4.852469e-01	4.229474e-01	0.000000e+00	1	8.901518e-02
5.224850e-01	6.598060e-02	8.571388e-01	6.492558e-01	7.997049e-02	5.031520e-01	4.985929e-01	5.174133e-01	5.373622e-01	4.944969e-01	4.840448e-01	5.379944e-01	5.469765e-01	5.165238e-01	4.911595e-01	0.000000e+00	1	8.780443e-02
9.482100e-01	1.088453e-01	3.109245e-01	2.004881e-01	7.275934e-02	5.227169e-01	5.051612e-01	4.892764e-01	4.484882e-01	4.926033e-01	5.073954e-01	5.033738e-01	5.129893e-01	5.142770e-01	5.000781e-01	0.000000e+00	1	8.601805e-02
9.931896e-01	8.848466e-02	1.923192e-01	1.212980e-01	5.656800e-02	5.307522e-01	5.168601e-01	5.432060e-01	4.484882e-01	4.865497e-01	5.330482e-01	5.060424e-01	5.200182e-01	4.109762e-01	5.107253e-01	0.000000e+00	1	8.574546e-02
5.401810e-01	8.394426e-01	2.256217e-01	1.415124e-01	6.359859e-01	5.036315e-01	5.091998e-01	4.537069e-01	5.327348e-01	4.949690e-01	4.840448e-01	5.773374e-01	5.500526e-01	4.339792e-01	5.834917e-01	0.000000e+00	1	8.530033e-02
6.247334e-01	1.717183e-01	7.873015e-01	5.616400e-01	1.707682e-01	6.221380e-01	5.059077e-01	5.274684e-01	4.933263e-01	4.519238e-01	5.030091e-01	5.250306e-01	5.059919e-01	4.897348e-01	5.279114e-01	0.000000e+00	1	8.242875e-02
4.794220e-02	4.301092e-01	9.040503e-01	7.157706e-01	9.293308e-01	5.023350e-01	4.814227e-01	4.876155e-01	5.020572e-01	4.911294e-01	4.787935e-01	4.714680e-01	5.166218e-01	5.129428e-01	4.983898e-01	0.000000e+00	1	8.174975e-02
2.079108e-01	4.008411e-01	9.544027e-01	7.186658e-01	6.953872e-01	4.811702e-01	4.298802e-01	4.891838e-01	5.129480e-01	3.197637e-01	5.049411e-01	5.443835e-01	3.772501e-01	5.270150e-01	4.989741e-01	0.000000e+00	1	8.161239e-02
4.260158e-01	8.979727e-01	1.633821e-01	1.037226e-01	7.179936e-01	5.173335e-01	4.743077e-01	5.194121e-01	5.320562e-01	5.086040e-01	4.800366e-01	5.057407e-01	5.173435e-01	5.616586e-01	5.164251e-01	0.000000e+00	1	8.106963e-02
7.810869e-01	4.603598e-01	4.242894e-01	2.786470e-01	3.390489e-01	5.006565e-01	4.995238e-01	4.872987e-01	5.111750e-01	4.982251e-01	4.975321e-01	5.208670e-01	5.106176e-01	5.131665e-01	4.974544e-01	0.000000e+00	1	8.060414e-02
9.099802e-01	2.501230e-01	3.703901e-01	2.380973e-01	1.707682e-01	4.578393e-01	5.365398e-01	5.343906e-01	5.020493e-01	4.970112e-01	5.030698e-01	5.195866e-01	5.117441e-01	4.395842e-01	4.270468e-01	0.000000e+00	1	7.420855e-02
8.881473e-02	9.068891e-01	4.347422e-01	2.833953e-01	9.378518e-01	4.822477e-01	4.528014e-01	5.372912e-01	4.946357e-01	4.917040e-01	5.193444e-01	5.030590e-01	5.122471e-01	4.685096e-01	4.362365e-01	0.000000e+00	1	7.370556e-02
4.265631e-01	7.369109e-01	5.335617e-01	3.563652e-01	6.659496e-01	4.881378e-01	5.301324e-01	5.224034e-01	4.551271e-01	4.973735e-01	4.895833e-01	5.050653e-01	5.111477e-01	5.210293e-01	4.763883e-01	0.000000e+00	1	7.343889e-02
2.846975e-01	6.424837e-01	7.368272e-01	5.150734e-01	7.344545e-01	3.919832e-01	4.736100e-01	5.080996e-01	5.236039e-01	4.880478e-01	4.834596e-01	5.426591e-01	4.550034e-01	4.690444e-01	4.979131e-01	0.000000e+00	1	7.258805e-02
4.840289e-01	2.865287e-02	8.863820e-01	6.813342e-01	3.764180e-02	5.037205e-01	4.193548e-01	4.867237e-01	4.639878e-01	4.894100e-01	4.771014e-01	5.260803e-01	5.058773e-01	4.685707e-01	5.024406e-01	0.000000e+00	1	7.225619e-02
1.475628e-01	6.254502e-01	7.693428e-01	5.569827e-01	8.524993e-01	5.073450e-01	4.807909e-01	4.870894e-01	5.002169e-01	4.850841e-01	4.926038e-01	5.351470e-01	5.111160e-01	4.898083e-01	5.096424e-01	0.000000e+00	1	7.215839e-02
2.990085e-03	9.936816e-01	1.276883e-01	8.135954e-02	9.980844e-01	5.023350e-01	4.814227e-01	4.876155e-01	5.020572e-01	4.911294e-01	4.787935e-01	5.053438e-01	4.846581e-01	5.129971e-01	4.803260e-01	0.000000e+00	1	7.155709e-02
8.242446e-01	1.960094e-01	5.769886e-01	3.806224e-01	1.486306e-01	5.622172e-01	4.631153e-01	4.883088e-01	4.660208e-01	4.638187e-01	3.799746e-01	4.485233e-01	5.124054e-01	4.993647e-01	4.987052e-01	0.000000e+00	1	7.108178e-02
3.567204e-01	3.773245e-01	8.724539e-01	6.582272e-01	5.178648e-01	4.908982e-01	4.774830e-01	4.930216e-01	3.967452e-01	4.766737e-01	4.861383e-01	5.332179e-01	4.600441e-01	4.769833e-01	5.040828e-01	0.000000e+00	1	6.990439e-02
9.193193e-01	6.877268e-03	4.514559e-01	2.905992e-01	4.762353e-03	4.993857e-01	5.115552e-01	4.615229e-01	3.873396e-01	4.594120e-01	5.146505e-01	5.030871e-01	5.135744e-01	4.115080e-01	4.958356e-01	0.000000e+00	1	6.804907e-02
5.716350e-01	6.197292e-01	5.551438e-01	3.706987e-01	5.256858e-01	5.032349e-01	4.924174e-01	5.150003e-01	5.308348e-01	4.920597e-01	4.851334e-01	5.553202e-01	5.658555e-01	5.218755e-01	4.922973e-01	0.000000e+00	1	6.645952e-02
8.686393e-01	4.091001e-01	3.188414e-01	2.041103e-01	2.802097e-01	5.007772e-01	4.334811e-01	5.195896e-01	5.006412e-01	4.991889e-01	5.024230e-01	5.204807e-01	4.401288e-01	4.462987e-01	5.024406e-01	0.000000e+00	1	6.636296e-02
8.103818e-01	4.776257e-01	3.779248e-01	2.432058e-01	3.390489e-01	5.775262e-01	4.679157e-01	5.281249e-01	5.103512e-01	4.915597e-01	4.772688e-01	5.208670e-01	5.093345e-01	5.142296e-01	4.329865e-01	0.000000e+00	1	6.578931e-02
3.973886e-01	4.644204e-01	8.018240e-01	5.853520e-01	5.494170e-01	5.176483e-01	4.954929e-01	4.512570e-01	5.279585e-01	4.907845e-01	4.852259e-01	4.810754e-01	4.747731e-01	4.418398e-01	4.922973e-01	0.000000e+00	1	6.570636e-02
9.324300e-01	3.708169e-01	9.733377e-02	6.155840e-02	2.409684e-01	4.817453e-01	5.053579e-01	5.127039e-01	5.320455e-01	4.617290e-01	4.806824e-01	5.396787e-01	5.504312e-01	5.249706e-01	5.062977e-01	0.000000e+00	1	6.406782e-02
5.559759e-01	8.255402e-01	1.712891e-01	1.084979e-01	6.226772e-01	4.987843e-01	4.806365e-01	4.900492e-01	5.121999e-01	4.961185e-01	4.903217e-01	5.223706e-01	5.091149e-01	5.621124e-01	4.310144e-01	0.000000e+00	1	6.333001e-02
3.342659e-01	5.549361e-01	7.690345e-01	5.543253e-01	6.548592e-01	4.881378e-01	5.301324e-01	5.253725e-01	4.572197e-01	4.977700e-01	4.630207e-01	4.995905e-01	5.111477e-01	4.823787e-01	4.856605e-01	0.000000e+00	1	6.291048e-02
6.001839e-01	7.701408e-01	2.700074e-01	1.717562e-01	5.785567e-01	4.900326e-01	4.555481e-01	4.886926e-01	5.204253e-01	4.682323e-01	4.803692e-01	4.982266e-01	5.381945e-01	5.818302e-01	4.706276e-01	0.000000e+00	1	6.274626e-02
5.963623e-01	7.716984e-01	2.696998e-01	1.717562e-01	5.811493e-01	4.900326e-01	4.848245e-01	5.059404e-01	5.204253e-01	4.682323e-01	5.070668e-01	4.997838e-01	5.381945e-01	5.818302e-01	4.565803e-01	0.000000e+00	1	6.115188e-02
3.680773e-01	1.468734e-01	9.763042e-01	7.545213e-01	2.417047e-01	4.874946e-01	5.036040e-01	4.886301e-01	4.682596e-01	3.197637e-01	4.334816e-01	5.443835e-01	3.869852e-01	5.265468e-01	4.971454e-01	0.000000e+00	1	6.020154e-02
5.857307e-01	7.396741e-02	8.173652e-01	6.017715e-01	7.997049e-02	5.031520e-01	4.985929e-01	5.334146e-01	5.373622e-01	4.945270e-01	4.834186e-01	5.358763e-01	4.910210e-01	4.395415e-01	4.792122e-01	0.000000e+00	1	5.957766e-02
