4.114103e-20	1.620082e-15	1.002808e+00	1.000000e+00	9.999838e-01	5.174348e-01	4.947636e-01	4.934398e-01	5.020411e-01	4.910057e-01	5.032114e-01	5.055798e-01	4.535092e-01	4.892042e-01	5.054332e-01	0.000000e+00	1	1.000000e+14
1.039475e+00	4.892474e-02	4.729880e-05	2.893581e-05	2.994154e-02	6.115261e-01	4.848730e-01	5.003239e-01	5.002223e-01	4.916937e-01	5.034207e-01	3.465066e-01	4.822902e-01	4.393771e-01	4.818579e-01	0.000000e+00	1	1.000000e+14
3.270564e-16	1.597125e-15	1.009114e+00	1.000000e+00	8.714119e-01	5.225394e-01	4.945731e-01	4.892764e-01	4.514649e-01	5.766938e-01	5.033333e-01	5.056450e-01	5.102672e-01	4.913500e-01	4.991704e-01	0.000000e+00	1	1.000000e+14
1.621520e-15	2.032355e-19	1.003699e+00	1.000000e+00	7.979163e-05	5.225815e-01	5.059249e-01	4.892764e-01	4.484882e-01	4.865497e-01	5.051376e-01	5.030590e-01	5.129893e-01	5.000661e-01	5.000781e-01	0.000000e+00	1	1.000000e+14
3.013632e-03	1.001507e+00	2.663520e-15	1.693090e-15	9.980844e-01	5.023350e-01	4.814227e-01	4.876155e-01	5.020572e-01	4.911294e-01	4.787935e-01	5.053438e-01	5.166218e-01	5.129428e-01	4.983898e-01	0.000000e+00	1	1.000000e+14
9.776822e-01	1.321780e-01	2.229882e-01	1.415124e-01	8.554928e-02	4.981608e-01	5.091998e-01	4.639467e-01	5.373622e-01	4.949690e-01	4.840448e-01	5.379944e-01	5.509589e-01	4.339792e-01	4.996336e-01	0.000000e+00	1	1.451597e-01
4.794220e-02	4.301092e-01	9.040503e-01	7.157706e-01	9.293308e-01	5.023350e-01	4.814227e-01	4.876155e-01	5.020572e-01	4.911294e-01	4.787935e-01	4.714680e-01	5.166218e-01	5.129428e-01	4.983898e-01	0.000000e+00	1	1.338723e-01
2.007455e-02	9.484972e-01	3.364453e-01	2.169585e-01	9.865282e-01	4.816592e-01	4.432556e-01	5.362342e-01	4.994683e-01	4.994476e-01	4.866211e-01	5.204532e-01	4.801886e-01	4.841887e-01	5.221656e-01	0.000000e+00	1	1.157740e-01
1.008109e+00	8.981385e-02	6.802471e-02	4.272380e-02	5.656800e-02	4.700966e-01	5.168601e-01	5.432060e-01	4.484882e-01	4.865497e-01	5.093779e-01	5.030590e-01	5.135744e-01	4.099489e-01	5.107253e-01	0.000000e+00	1	1.153601e-01
1.756111e-01	3.559627e-01	9.778447e-01	7.545213e-01	7.082330e-01	4.814921e-01	5.036040e-01	4.885296e-01	5.129480e-01	3.197637e-01	4.334816e-01	5.443835e-01	3.772501e-01	5.270150e-01	5.013370e-01	0.000000e+00	1	1.153570e-01
8.686393e-01	4.091001e-01	3.188414e-01	2.041103e-01	2.802097e-01	5.007772e-01	4.334811e-01	5.195896e-01	5.006412e-01	4.991889e-01	5.024230e-01	5.204807e-01	4.401288e-01	4.462987e-01	5.024406e-01	0.000000e+00	1	1.076621e-01
5.963623e-01	7.716984e-01	2.696998e-01	1.717562e-01	5.811493e-01	4.900326e-01	4.848245e-01	5.059404e-01	5.204253e-01	4.682323e-01	5.070668e-01	4.997838e-01	5.381945e-01	5.818302e-01	4.565803e-01	0.000000e+00	1	1.055755e-01
3.567204e-01	3.773245e-01	8.724539e-01	6.582272e-01	5.178648e-01	4.908982e-01	4.774830e-01	4.930216e-01	3.967452e-01	4.766737e-01	4.861383e-01	5.332179e-01	4.600441e-01	4.769833e-01	5.040828e-01	0.000000e+00	1	1.052166e-01
9.003059e-01	1.743287e-02	4.680294e-01	3.051505e-01	1.232550e-02	5.131223e-01	5.215098e-01	4.892764e-01	4.451071e-01	4.594120e-01	5.146505e-01	5.030871e-01	5.135744e-01	4.061620e-01	5.147785e-01	0.000000e+00	1	1.031936e-01
2.626806e-01	2.454541e-01	9.445642e-01	7.684734e-01	4.784259e-01	5.170774e-01	4.743077e-01	4.887530e-01	5.367480e-01	4.715237e-01	4.800366e-01	5.058015e-01	4.468854e-01	5.624677e-01	5.165272e-01	0.000000e+00	1	9.963190e-02
2.435731e-01	5.902545e-01	7.820124e-01	5.640817e-01	7.508459e-01	5.170774e-01	4.743077e-01	4.936617e-01	5.320562e-01	4.879610e-01	4.800366e-01	5.058015e-01	4.468854e-01	5.624677e-01	5.164251e-01	0.000000e+00	1	9.861789e-02
4.285431e-01	7.453557e-01	5.200162e-01	3.462987e-01	6.678134e-01	4.881378e-01	5.301324e-01	5.224034e-01	4.551271e-01	4.973735e-01	4.895833e-01	5.057469e-01	5.111477e-01	5.210293e-01	4.771968e-01	0.000000e+00	1	9.772870e-02
2.243550e-01	6.617627e-01	7.517867e-01	5.232623e-01	7.919110e-01	4.532808e-01	4.631153e-01	4.932717e-01	4.032575e-01	4.857290e-01	3.867339e-01	5.078360e-01	5.156856e-01	4.906986e-01	4.986031e-01	0.000000e+00	1	9.622781e-02
8.015562e-01	2.203209e-01	5.793503e-01	3.874884e-01	1.707682e-01	4.578393e-01	5.365398e-01	5.343906e-01	4.573261e-01	4.971166e-01	5.028076e-01	5.002711e-01	5.117441e-01	4.470613e-01	4.353526e-01	0.000000e+00	1	9.328231e-02
1.475628e-01	6.254502e-01	7.693428e-01	5.569827e-01	8.524993e-01	5.073450e-01	4.807909e-01	4.870894e-01	5.002169e-01	4.850841e-01	4.926038e-01	5.351470e-01	5.111160e-01	4.898083e-01	5.096424e-01	0.000000e+00	1	9.237338e-02
5.224850e-01	6.598060e-02	8.571388e-01	6.492558e-01	7.997049e-02	5.031520e-01	4.985929e-01	5.174133e-01	5.373622e-01	4.944969e-01	4.840448e-01	5.379944e-01	5.469765e-01	5.165238e-01	4.911595e-01	0.000000e+00	1	9.147064e-02
5.707381e-01	3.677287e-02	8.314668e-01	6.164222e-01	4.096104e-02	5.002482e-01	4.209103e-01	4.867237e-01	4.647285e-01	4.894100e-01	5.001011e-01	5.189069e-01	5.058773e-01	4.685707e-01	5.024406e-01	0.000000e+00	1	9.104232e-02
6.371726e-01	3.247333e-01	7.071279e-01	4.964089e-01	3.000616e-01	4.983204e-01	4.767325e-01	4.614484e-01	5.132247e-01	4.973291e-01	4.845737e-01	5.131431e-01	5.431117e-01	4.649358e-01	4.972394e-01	0.000000e+00	1	9.099932e-02
3.973886e-01	4.644204e-01	8.018240e-01	5.853520e-01	5.494170e-01	5.176483e-01	4.954929e-01	4.512570e-01	5.279585e-01	4.907845e-01	4.852259e-01	4.810754e-01	4.747731e-01	4.418398e-01	4.922973e-01	0.000000e+00	1	9.021652e-02
9.981882e-01	1.178587e-01	2.036516e-01	1.272651e-01	7.482096e-02	5.262039e-01	5.493388e-01	4.867633e-01	3.641528e-01	4.550008e-01	4.819272e-01	5.212480e-01	4.815160e-01	4.841887e-01	5.200136e-01	0.000000e+00	1	9.015622e-02
9.371388e-01	3.726895e-01	1.643396e-01	1.028335e-01	2.409684e-01	5.169174e-01	4.745303e-01	5.127039e-01	5.320455e-01	4.536059e-01	4.806824e-01	5.060401e-01	5.960791e-01	5.633207e-01	5.624731e-01	0.000000e+00	1	8.999356e-02
5.716350e-01	6.197292e-01	5.551438e-01	3.706987e-01	5.256858e-01	5.032349e-01	4.924174e-01	5.150003e-01	5.308348e-01	4.920597e-01	4.851334e-01	5.553202e-01	5.658555e-01	5.218755e-01	4.922973e-01	0.000000e+00	1	8.632416e-02
8.103818e-01	4.776257e-01	3.779248e-01	2.432058e-01	3.390489e-01	5.775262e-01	4.679157e-01	5.281249e-01	5.103512e-01	4.915597e-01	4.772688e-01	5.208670e-01	5.093345e-01	5.142296e-01	4.329865e-01	0.000000e+00	1	8.584909e-02
1.120195e-01	9.578565e-01	3.002508e-01	1.921491e-01	9.258852e-01	4.203715e-01	4.846807e-01	4.878850e-01	5.186748e-01	4.787481e-01	4.855528e-01	5.083705e-01	5.166218e-01	4.891868e-01	4.569997e-01	0.000000e+00	1	8.338521e-02
4.920518e-01	8.656496e-01	1.296898e-01	8.245358e-02	6.709474e-01	4.881378e-01	4.930383e-01	5.224034e-01	4.551271e-01	4.969530e-01	5.104041e-01	5.094571e-01	4.782440e-01	5.151100e-01	4.771968e-01	0.000000e+00	1	8.291698e-02
7.810869e-01	4.603598e-01	4.242894e-01	2.786470e-01	3.390489e-01	5.006565e-01	4.995238e-01	4.872987e-01	5.111750e-01	4.982251e-01	4.975321e-01	5.208670e-01	5.106176e-01	5.131665e-01	4.974544e-01	0.000000e+00	1	8.281139e-02
6.682864e-01	7.873769e-01	3.029245e-02	1.866790e-02	5.519673e-01	5.512014e-01	4.631153e-01	4.883088e-01	3.958416e-01	4.692917e-01	3.799746e-01	4.487404e-01	5.156856e-01	4.993647e-01	4.987052e-01	0.000000e+00	1	8.234272e-02
6.247334e-01	1.717183e-01	7.873015e-01	5.616400e-01	1.707682e-01	6.221380e-01	5.059077e-01	5.274684e-01	4.933263e-01	4.519238e-01	5.030091e-01	5.250306e-01	5.059919e-01	4.897348e-01	5.279114e-01	0.000000e+00	1	8.208186e-02
8.570454e-01	5.521977e-02	6.222904e-01	3.991838e-01	4.096104e-02	5.008547e-01	4.209103e-01	4.876051e-01	4.643656e-01	4.732391e-01	5.001011e-01	7.193053e-01	5.629243e-01	4.896136e-01	5.042816e-01	0.000000e+00	1	8.084897e-02
3.013252e-01	3.012838e-01	9.346563e-01	7.276867e-01	4.999563e-01	4.532808e-01	4.631153e-01	4.883631e-01	4.032575e-01	4.692917e-01	3.867339e-01	5.078360e-01	5.156856e-01	4.906986e-01	4.987052e-01	0.000000e+00	1	8.033223e-02
6.962211e-01	4.485779e-02	7.945960e-01	5.412943e-01	4.096104e-02	5.008547e-01	4.337769e-01	4.889504e-01	5.025287e-01	4.732391e-01	5.001011e-01	7.193053e-01	5.629243e-01	4.896136e-01	5.042816e-01	0.000000e+00	1	8.030218e-02
3.680773e-01	1.468734e-01	9.763042e-01	7.545213e-01	2.417047e-01	4.874946e-01	5.036040e-01	4.886301e-01	4.682596e-01	3.197637e-01	4.334816e-01	5.443835e-01	3.869852e-01	5.265468e-01	4.971454e-01	0.000000e+00	1	7.818910e-02
5.559759e-01	8.255402e-01	1.712891e-01	1.084979e-01	6.226772e-01	4.987843e-01	4.806365e-01	4.900492e-01	5.121999e-01	4.961185e-01	4.903217e-01	5.223706e-01	5.091149e-01	5.621124e-01	4.310144e-01	0.000000e+00	1	7.650869e-02
7.241864e-01	2.663038e-01	6.852067e-01	4.622913e-01	2.243323e-01	6.217509e-01	5.335579e-01	5.353181e-01	4.405928e-01	4.519238e-01	5.028993e-01	4.698943e-01	4.379823e-01	4.874942e-01	4.369791e-01	0.000000e+00	1	7.580984e-02
2.846975e-01	6.424837e-01	7.368272e-01	5.150734e-01	7.344545e-01	3.919832e-01	4.736100e-01	5.080996e-01	5.236039e-01	4.880478e-01	4.834596e-01	5.426591e-01	4.550034e-01	4.690444e-01	4.979131e-01	0.000000e+00	1	7.474216e-02
7.094351e-02	6.878199e-01	7.457455e-01	5.240306e-01	9.345688e-01	3.919832e-01	5.240630e-01	4.944185e-01	5.252399e-01	4.906967e-01	5.037229e-01	5.426591e-01	5.436761e-01	4.844606e-01	4.979260e-01	0.000000e+00	1	7.461413e-02
8.670976e-01	5.110531e-01	3.303170e-02	2.088542e-02	3.390489e-01	5.744201e-01	5.183217e-01	4.899706e-01	5.119872e-01	4.864054e-01	4.975321e-01	5.208670e-01	5.093345e-01	5.142296e-01	4.981871e-01	0.000000e+00	1	7.429827e-02
3.820156e-01	9.257446e-01	1.043679e-01	6.610660e-02	7.508459e-01	5.218283e-01	4.837626e-01	4.936617e-01	5.320562e-01	4.876077e-01	4.800366e-01	4.933611e-01	4.815628e-01	5.624677e-01	5.156807e-01	0.000000e+00	1	7.379401e-02
4.260158e-01	8.979727e-01	1.633821e-01	1.037226e-01	7.179936e-01	5.173335e-01	4.743077e-01	5.194121e-01	5.320562e-01	5.086040e-01	4.800366e-01	5.057407e-01	5.173435e-01	5.616586e-01	5.164251e-01	0.000000e+00	1	7.353089e-02
9.140772e-01	4.374707e-01	1.007757e-01	6.310194e-02	2.841715e-01	5.293007e-01	4.702077e-01	5.127039e-01	5.283368e-01	4.536059e-01	4.997244e-01	5.089052e-01	5.960791e-01	4.829210e-01	5.624731e-01	0.000000e+00	1	7.253708e-02
7.920477e-01	4.925165e-01	3.982376e-01	2.569041e-01	3.541606e-01	5.775262e-01	5.183217e-01	5.281249e-01	5.143998e-01	4.915597e-01	4.975321e-01	5.212701e-01	5.111199e-01	4.852469e-01	4.229474e-01	0.000000e+00	1	7.216931e-02
3.295513e-01	5.435027e-01	7.792000e-01	5.643908e-01	6.529955e-01	4.881378e-01	5.301324e-01	5.253725e-01	4.572197e-01	4.977700e-01	4.630207e-01	4.989088e-01	5.111477e-01	4.823787e-01	4.848520e-01	0.000000e+00	1	7.202006e-02
3.167244e-01	5.508718e-01	7.789828e-01	5.643908e-01	6.678134e-01	4.881378e-01	5.301324e-01	5.253725e-01	4.572197e-01	4.977700e-01	4.630207e-01	4.989088e-01	5.111477e-01	4.945037e-01	4.848520e-01	0.000000e+00	1	7.176801e-02
2.990085e-03	9.936816e-01	1.276883e-01	8.135954e-02	9.980844e-01	5.023350e-01	4.814227e-01	4.876155e-01	5.020572e-01	4.911294e-01	4.787935e-01	5.053438e-01	4.846581e-01	5.129971e-01	4.803260e-01	0.000000e+00	1	7.157723e-02
8.881473e-02	9.068891e-01	4.347422e-01	2.833953e-01	9.378518e-01	4.822477e-01	4.528014e-01	5.372912e-01	4.946357e-01	4.917040e-01	5.193444e-01	5.030590e-01	5.122471e-01	4.685096e-01	4.362365e-01	0.000000e+00	1	7.073642e-02
8.514710e-01	5.202851e-01	7.733299e-02	4.923949e-02	3.491856e-01	5.023350e-01	4.933414e-01	4.946913e-01	5.027118e-01	4.911294e-01	4.848013e-01	5.053438e-01	5.140844e-01	5.146630e-01	4.983883e-01	0.000000e+00	1	6.839424e-02
4.611582e-01	6.284322e-01	6.547973e-01	4.447958e-01	5.969768e-01	5.026259e-01	4.722766e-01	5.795747e-01	4.629957e-01	4.863372e-01	5.393698e-01	5.483857e-01	5.718587e-01	5.149088e-01	5.085884e-01	0.000000e+00	1	6.767660e-02
2.873578e-01	7.078250e-01	6.563949e-01	4.518918e-01	7.544908e-01	5.172915e-01	4.743077e-01	5.110849e-01	5.320562e-01	4.879610e-01	5.394729e-01	5.080130e-01	4.502191e-01	4.710117e-01	5.011290e-01	0.000000e+00	1	6.720101e-02
1.166386e-01	5.183086e-01	8.508611e-01	6.446633e-01	8.590845e-01	5.116639e-01	4.959256e-01	5.211450e-01	5.317553e-01	5.299345e-01	5.052115e-01	4.848116e-01	5.013940e-01	5.150182e-01	4.894111e-01	0.000000e+00	1	6.684795e-02
4.232113e-01	8.578467e-01	3.299700e-01	2.114678e-01	7.082330e-01	4.820633e-01	4.327117e-01	5.211625e-01	5.125851e-01	4.876478e-01	5.406331e-01	5.008704e-01	5.349671e-01	4.421476e-01	4.933459e-01	0.000000e+00	1	6.453241e-02
5.833898e-01	7.743813e-01	2.888367e-01	1.843262e-01	5.889667e-01	4.908313e-01	4.848245e-01	5.009182e-01	5.203787e-01	4.675375e-01	5.070668e-01	4.997838e-01	5.351394e-01	5.818302e-01	4.565803e-01	0.000000e+00	1	6.328806e-02
