1.620556e-15	5.803407e-20	1.003102e+00	1.000000e+00	2.279812e-05	5.204830e-01	5.104390e-01	4.915324e-01	5.059658e-01	4.967861e-01	4.874861e-01	5.019072e-01	4.529473e-01	5.039268e-01	5.081564e-01	0.000000e+00	1	1.000000e+14
1.024248e+00	2.078238e-03	2.491494e-06	1.548580e-06	1.291724e-03	5.213466e-01	4.299728e-01	4.929507e-01	4.482603e-01	4.569037e-01	4.894845e-01	5.130855e-01	6.007001e-01	5.622934e-01	4.979471e-01	0.000000e+00	1	1.000000e+14
6.525716e-02	9.993686e-01	2.663481e-15	1.693090e-15	9.584887e-01	5.023350e-01	4.814227e-01	4.876155e-01	4.954841e-01	4.905265e-01	4.787937e-01	5.053438e-01	5.153120e-01	5.129428e-01	4.983898e-01	0.000000e+00	1	1.000000e+14
4.114103e-20	1.620082e-15	1.002808e+00	1.000000e+00	9.999838e-01	5.174348e-01	4.947636e-01	4.934398e-01	5.020411e-01	4.910057e-01	5.032114e-01	5.055798e-01	4.535092e-01	4.892042e-01	5.054332e-01	0.000000e+00	1	1.000000e+14
1.127257e-15	1.194626e-15	1.016691e+00	1.000000e+00	5.184662e-01	5.221311e-01	4.917317e-01	4.967080e-01	4.473027e-01	4.944031e-01	4.883095e-01	4.897083e-01	4.222699e-01	5.564549e-01	4.380124e-01	0.000000e+00	1	1.000000e+14
1.438882e-05	1.012639e+00	2.693114e-15	1.693090e-15	9.999910e-01	4.254571e-01	4.814227e-01	4.876155e-01	5.005324e-01	4.697081e-01	4.793280e-01	5.052350e-01	4.563661e-01	5.574898e-01	4.983898e-01	0.000000e+00	1	1.000000e+14
3.212197e-01	8.599424e-01	4.324720e-01	2.802864e-01	7.724168e-01	4.254571e-01	4.814227e-01	4.876155e-01	5.005324e-01	4.697081e-01	4.796335e-01	5.029258e-01	4.401002e-01	5.613334e-01	4.983898e-01	0.000000e+00	1	1.500683e-01
1.645463e-01	3.461481e-01	9.498704e-01	7.558466e-01	7.175031e-01	4.210557e-01	4.829945e-01	4.133746e-01	4.585485e-01	4.904319e-01	4.780255e-01	5.047127e-01	5.256448e-01	5.605517e-01	4.398768e-01	0.000000e+00	1	1.480176e-01
8.653243e-01	1.571949e-01	4.930418e-01	3.252786e-01	1.144009e-01	4.914198e-01	5.598888e-01	4.979306e-01	4.573421e-01	4.906233e-01	5.090764e-01	4.751294e-01	4.571965e-01	5.120773e-01	5.028331e-01	0.000000e+00	1	1.277280e-01
7.496543e-01	1.829716e-01	6.489549e-01	4.451481e-01	1.524030e-01	5.061868e-01	5.622428e-01	5.356914e-01	4.573261e-01	4.943728e-01	5.013020e-01	5.052274e-01	5.323760e-01	5.119525e-01	5.028331e-01	0.000000e+00	1	1.174895e-01
5.408540e-01	3.081195e-01	7.857016e-01	5.734708e-01	3.296640e-01	5.178377e-01	5.122985e-01	5.287020e-01	4.899244e-01	4.969427e-01	4.820737e-01	4.787819e-01	5.054355e-01	4.863720e-01	5.001433e-01	0.000000e+00	1	1.167818e-01
4.260256e-01	9.064972e-01	6.866543e-02	4.357506e-02	7.203103e-01	4.757661e-01	4.954106e-01	4.779903e-01	5.438883e-01	5.219758e-01	4.851800e-01	5.060491e-01	5.111493e-01	5.089994e-01	4.980951e-01	0.000000e+00	1	1.157117e-01
8.586103e-02	8.088817e-01	5.864098e-01	3.976483e-01	9.326763e-01	4.850955e-01	5.020277e-01	4.873324e-01	5.100764e-01	4.557004e-01	4.927304e-01	4.979251e-01	5.043740e-01	5.065883e-01	5.139600e-01	0.000000e+00	1	1.136332e-01
5.909687e-01	5.177831e-01	6.286537e-01	4.295950e-01	4.580393e-01	4.851985e-01	4.682259e-01	4.873324e-01	4.803551e-01	5.096667e-01	4.927304e-01	5.360208e-01	4.487544e-01	4.841922e-01	5.126490e-01	0.000000e+00	1	1.135103e-01
8.151150e-01	3.834466e-01	4.427056e-01	2.908016e-01	2.799249e-01	4.763927e-01	4.954106e-01	4.784128e-01	5.438883e-01	5.176624e-01	4.851800e-01	5.051090e-01	5.109311e-01	5.076001e-01	4.980951e-01	0.000000e+00	1	1.094954e-01
9.689228e-01	2.755125e-01	3.785662e-02	2.391359e-02	1.763674e-01	4.498872e-01	4.838437e-01	5.299961e-01	4.899244e-01	4.899962e-01	4.772285e-01	5.142211e-01	4.946376e-01	4.417436e-01	4.948567e-01	0.000000e+00	1	1.041790e-01
7.077556e-01	1.893084e-02	7.293238e-01	5.094401e-01	1.702406e-02	3.887599e-01	4.830316e-01	5.244564e-01	4.859045e-01	4.958816e-01	4.841767e-01	4.543826e-01	4.973188e-01	5.195729e-01	5.161760e-01	0.000000e+00	1	1.037900e-01
4.761283e-01	7.640646e-01	4.984978e-01	3.219343e-01	6.452314e-01	5.034473e-01	3.983211e-01	3.781887e-01	4.998636e-01	5.151222e-01	4.787529e-01	5.052939e-01	5.418103e-01	4.988556e-01	4.622143e-01	0.000000e+00	1	1.029624e-01
7.688873e-01	5.756916e-01	2.880702e-01	1.854941e-01	4.091492e-01	4.863006e-01	4.753085e-01	4.974420e-01	5.011439e-01	5.040622e-01	5.387176e-01	5.013153e-01	4.949559e-01	5.095067e-01	5.188214e-01	0.000000e+00	1	1.027361e-01
6.981221e-01	1.985105e-01	6.970769e-01	4.871519e-01	1.763674e-01	4.605002e-01	4.830316e-01	5.244564e-01	4.899244e-01	5.327830e-01	4.577032e-01	5.140929e-01	4.973188e-01	5.261676e-01	4.948567e-01	0.000000e+00	1	9.821211e-02
1.288183e-01	7.960636e-01	6.046816e-01	4.095985e-01	8.978681e-01	4.851985e-01	4.729892e-01	4.873324e-01	4.784683e-01	4.362069e-01	5.030665e-01	4.705284e-01	5.301184e-01	4.841922e-01	5.163343e-01	0.000000e+00	1	9.766440e-02
1.244233e-01	1.318593e-01	9.932440e-01	8.850639e-01	5.184662e-01	5.221311e-01	5.034605e-01	4.967080e-01	5.013067e-01	4.944031e-01	4.884367e-01	4.881123e-01	5.470643e-01	5.526886e-01	4.380124e-01	0.000000e+00	1	9.612369e-02
6.357807e-01	7.536186e-01	1.860753e-01	1.187469e-01	5.538642e-01	4.925436e-01	5.449810e-01	4.855124e-01	5.050823e-01	4.906285e-01	5.030324e-01	5.016817e-01	4.696654e-01	5.067375e-01	5.023039e-01	0.000000e+00	1	9.596740e-02
4.572277e-01	6.770328e-01	5.777757e-01	3.918758e-01	6.218583e-01	4.986670e-01	4.936942e-01	4.946913e-01	5.022349e-01	4.912333e-01	4.857569e-01	5.052092e-01	5.144620e-01	5.058475e-01	4.983883e-01	0.000000e+00	1	9.466604e-02
3.724845e-01	2.024671e-01	9.280618e-01	7.272028e-01	3.169629e-01	5.193449e-01	3.987509e-01	4.894553e-01	4.312782e-01	5.166479e-01	4.611646e-01	5.140862e-01	4.538439e-01	5.271509e-01	4.989741e-01	0.000000e+00	1	9.449546e-02
5.084029e-01	2.179208e-02	9.022968e-01	6.730915e-01	2.727125e-02	5.163494e-01	4.321774e-01	4.929020e-01	3.741837e-01	4.723239e-01	4.723679e-01	5.081283e-01	5.970959e-01	4.653985e-01	4.458541e-01	0.000000e+00	1	9.350661e-02
2.063025e-01	9.911838e-01	9.306612e-03	5.851891e-03	8.693608e-01	4.955356e-01	5.057723e-01	4.969991e-01	4.943300e-01	4.207454e-01	4.871817e-01	5.052016e-01	5.625141e-01	5.002379e-01	4.553514e-01	0.000000e+00	1	9.215549e-02
3.456540e-01	9.221144e-01	2.093202e-01	1.333339e-01	7.716836e-01	5.180309e-01	5.560209e-01	4.534927e-01	5.036143e-01	4.957218e-01	5.128088e-01	4.776239e-01	4.873022e-01	4.931872e-01	5.154983e-01	0.000000e+00	1	8.663794e-02
6.406270e-01	7.231505e-01	3.091630e-01	1.971696e-01	5.384756e-01	4.955356e-01	5.447528e-01	4.969991e-01	4.943300e-01	4.207454e-01	4.871817e-01	5.052016e-01	5.625141e-01	5.001807e-01	4.562058e-01	0.000000e+00	1	8.632424e-02
6.806264e-01	6.362865e-01	3.734036e-01	2.426579e-01	4.785734e-01	5.174348e-01	4.833297e-01	4.934398e-01	5.051983e-01	5.171551e-01	5.032114e-01	5.055798e-01	4.535092e-01	5.065232e-01	4.760671e-01	0.000000e+00	1	8.599079e-02
2.358463e-01	5.303175e-01	8.229121e-01	6.089427e-01	7.336001e-01	4.568490e-01	5.314669e-01	5.244564e-01	5.329369e-01	4.905266e-01	4.614072e-01	5.130101e-01	4.973188e-01	5.261676e-01	4.952776e-01	0.000000e+00	1	8.510134e-02
2.861087e-01	4.316415e-01	8.615565e-01	6.554587e-01	6.273560e-01	5.000863e-01	4.807168e-01	4.744111e-01	4.996928e-01	4.912568e-01	4.899946e-01	5.405704e-01	4.673055e-01	5.070986e-01	4.647297e-01	0.000000e+00	1	8.430696e-02
7.775420e-01	6.130714e-01	2.084564e-01	1.320965e-01	4.250539e-01	5.181846e-01	4.845462e-01	4.546373e-01	4.286005e-01	4.374723e-01	4.875086e-01	5.056872e-01	5.035809e-01	4.947855e-01	4.972950e-01	0.000000e+00	1	8.094680e-02
4.380472e-01	6.486317e-01	6.241333e-01	4.285497e-01	6.218583e-01	5.181810e-01	4.936942e-01	4.946913e-01	5.026946e-01	4.899867e-01	4.857569e-01	5.036144e-01	5.122139e-01	5.044851e-01	5.135496e-01	0.000000e+00	1	7.981627e-02
6.755139e-02	2.985089e-01	9.696329e-01	8.053569e-01	8.583218e-01	5.221311e-01	4.927724e-01	4.967080e-01	4.473027e-01	4.944031e-01	4.883095e-01	4.897083e-01	4.222699e-01	5.565120e-01	4.371579e-01	0.000000e+00	1	7.936665e-02
6.734452e-01	3.929315e-01	6.557113e-01	4.451481e-01	3.362450e-01	5.070684e-01	5.766132e-01	5.968028e-01	4.573261e-01	5.197961e-01	5.032278e-01	5.055247e-01	5.323760e-01	5.119525e-01	5.053971e-01	0.000000e+00	1	7.862657e-02
5.546170e-01	5.402799e-01	6.526422e-01	4.458642e-01	4.916643e-01	4.759627e-01	4.627703e-01	4.895854e-01	4.401832e-01	4.934362e-01	4.929727e-01	5.048268e-01	4.216764e-01	5.144840e-01	5.230585e-01	0.000000e+00	1	7.833223e-02
6.125440e-01	5.967095e-01	5.352952e-01	3.560594e-01	4.916643e-01	4.759627e-01	4.276114e-01	4.895854e-01	4.941872e-01	4.934362e-01	4.931000e-01	5.032308e-01	5.464708e-01	5.107177e-01	5.230585e-01	0.000000e+00	1	7.801339e-02
9.123573e-01	4.232440e-01	1.584828e-01	9.949842e-02	2.765185e-01	5.225369e-01	6.146030e-01	4.479014e-01	5.124987e-01	4.856544e-01	4.863863e-01	4.690409e-01	5.135829e-01	4.893757e-01	4.999731e-01	0.000000e+00	1	7.752489e-02
8.986703e-01	3.922853e-01	2.346492e-01	1.495320e-01	2.620235e-01	5.172915e-01	5.082270e-01	4.881228e-01	5.171735e-01	4.897232e-01	5.156810e-01	4.760133e-01	5.038474e-01	4.668022e-01	5.734693e-01	0.000000e+00	1	7.643562e-02
6.574817e-01	7.184610e-01	2.501277e-01	1.600456e-01	5.281954e-01	4.834044e-01	4.925677e-01	4.921051e-01	5.061453e-01	4.682667e-01	5.018998e-01	5.085380e-01	4.421966e-01	5.222758e-01	4.877814e-01	0.000000e+00	1	7.589706e-02
2.764023e-02	4.429953e-01	9.098912e-01	7.110697e-01	9.603302e-01	5.212273e-01	5.034868e-01	4.937775e-01	4.654191e-01	4.606798e-01	5.622896e-01	4.837146e-01	5.111974e-01	4.307201e-01	5.080709e-01	0.000000e+00	1	7.340379e-02
4.424135e-01	2.520389e-01	8.768451e-01	6.650776e-01	3.296640e-01	5.163438e-01	4.037142e-01	5.287020e-01	5.030824e-01	4.969427e-01	4.824278e-01	4.787819e-01	5.091661e-01	4.863769e-01	4.495165e-01	0.000000e+00	1	7.303711e-02
9.246803e-01	3.605837e-01	1.420504e-01	9.050095e-02	2.367061e-01	5.225369e-01	5.010904e-01	4.823394e-01	5.124987e-01	4.842532e-01	4.863863e-01	4.690409e-01	5.135829e-01	4.922905e-01	4.999731e-01	0.000000e+00	1	7.167775e-02
9.352072e-01	7.598957e-02	3.659105e-01	2.367178e-01	5.161468e-02	4.925776e-01	4.944587e-01	4.876131e-01	4.448788e-01	4.910582e-01	5.028493e-01	5.056003e-01	5.162349e-01	4.412397e-01	5.000781e-01	0.000000e+00	1	7.052643e-02
1.015454e+00	2.060394e-03	1.087777e-01	6.793691e-02	1.291724e-03	5.213466e-01	4.298936e-01	4.929507e-01	4.621398e-01	4.877355e-01	4.894845e-01	5.112185e-01	6.007001e-01	5.622934e-01	4.979471e-01	0.000000e+00	1	6.973886e-02
8.210776e-02	5.367957e-01	8.461571e-01	6.367648e-01	9.033722e-01	5.236753e-01	5.011410e-01	4.981045e-01	5.111750e-01	4.707868e-01	5.135621e-01	4.866691e-01	5.094521e-01	5.030488e-01	5.584625e-01	0.000000e+00	1	6.572418e-02
7.883485e-01	5.598417e-01	3.084668e-01	1.965987e-01	3.931142e-01	4.863006e-01	4.832099e-01	4.100745e-01	5.384715e-01	5.024517e-01	5.387176e-01	5.022291e-01	4.951883e-01	5.095067e-01	4.428793e-01	0.000000e+00	1	6.506392e-02
8.154459e-01	4.068688e-01	4.177552e-01	2.736352e-01	2.946335e-01	5.225677e-01	4.876716e-01	4.963326e-01	5.124987e-01	4.830302e-01	4.864950e-01	4.690409e-01	5.135829e-01	4.922905e-01	4.999731e-01	0.000000e+00	1	6.500125e-02
8.330001e-01	3.861754e-01	4.053171e-01	2.646531e-01	2.763583e-01	5.258950e-01	4.951108e-01	4.974179e-01	5.005670e-01	5.221913e-01	4.822628e-01	5.204724e-01	5.135953e-01	5.390951e-01	4.980540e-01	0.000000e+00	1	6.462005e-02
4.868841e-01	7.872242e-01	4.058517e-01	2.630632e-01	6.473772e-01	4.955356e-01	5.057723e-01	4.969991e-01	4.943300e-01	4.207454e-01	4.874873e-01	5.028924e-01	5.462483e-01	5.040815e-01	4.553514e-01	0.000000e+00	1	6.429825e-02
3.849899e-01	4.901772e-01	8.095673e-01	5.823014e-01	5.761507e-01	4.817336e-01	5.011559e-01	3.645965e-01	4.823364e-01	5.047609e-01	5.037609e-01	5.042143e-01	4.524396e-01	4.803730e-01	5.051487e-01	0.000000e+00	1	6.392654e-02
2.558086e-01	2.254603e-01	9.593051e-01	7.825808e-01	4.599086e-01	4.983837e-01	4.279117e-01	4.051285e-01	4.917977e-01	4.934362e-01	4.950551e-01	5.051356e-01	5.340147e-01	5.096094e-01	4.500606e-01	0.000000e+00	1	6.280440e-02
8.415041e-01	2.392811e-01	5.453700e-01	3.548722e-01	1.763674e-01	4.498872e-01	4.816333e-01	5.330663e-01	4.896493e-01	4.899962e-01	4.772285e-01	5.042840e-01	5.087096e-01	6.616418e-01	4.938238e-01	0.000000e+00	1	6.179131e-02
3.887018e-01	9.545715e-01	4.811442e-03	2.971867e-03	7.538203e-01	5.213715e-01	4.898992e-01	4.900620e-01	5.003382e-01	5.101998e-01	5.150664e-01	3.705066e-01	5.867209e-01	5.328111e-01	4.341644e-01	0.000000e+00	1	6.175791e-02
3.863812e-01	9.488724e-01	2.632525e-02	1.635442e-02	7.538203e-01	5.213715e-01	4.898992e-01	5.225624e-01	5.036143e-01	3.783456e-01	5.150664e-01	4.850222e-01	5.867209e-01	5.311493e-01	4.937335e-01	0.000000e+00	1	6.156594e-02
