1.620784e-15	4.711740e-20	1.003243e+00	1.000000e+00	1.850701e-05	4.967948e-01	5.101468e-01	4.915324e-01	5.014458e-01	4.902286e-01	4.760419e-01	5.004471e-01	4.529473e-01	4.880678e-01	5.054891e-01	0.000000e+00	1	1.000000e+14
1.858492e-20	1.618717e-15	1.001963e+00	1.000000e+00	9.999927e-01	4.941728e-01	4.947636e-01	4.966815e-01	5.020411e-01	4.910057e-01	5.240889e-01	5.054278e-01	4.727236e-01	4.794391e-01	5.054332e-01	0.000000e+00	1	1.000000e+14
2.525896e-03	1.013774e+00	2.209951e-16	1.387779e-16	9.984138e-01	5.101912e-01	4.845241e-01	4.849866e-01	5.039069e-01	4.951526e-01	4.938780e-01	5.341256e-01	5.617460e-01	5.902873e-01	4.982058e-01	0.000000e+00	1	1.000000e+14
4.810475e-02	1.004070e+00	2.191301e-16	1.387779e-16	9.695230e-01	5.196534e-01	4.841755e-01	5.101474e-01	5.039069e-01	4.957292e-01	4.923545e-01	4.871250e-01	5.617460e-01	5.202143e-01	4.982058e-01	0.000000e+00	1	1.000000e+14
1.187405e-15	1.170516e-15	1.032063e+00	1.000000e+00	4.954403e-01	5.221311e-01	4.649021e-01	4.967080e-01	4.455050e-01	4.112038e-01	4.883095e-01	4.901841e-01	3.869829e-01	5.519034e-01	4.385472e-01	0.000000e+00	1	1.000000e+14
1.017346e+00	2.064233e-03	1.149381e-06	7.192415e-07	1.291724e-03	5.213695e-01	5.026726e-01	5.112585e-01	4.482603e-01	4.891440e-01	4.894845e-01	5.118225e-01	6.007001e-01	5.597292e-01	4.979471e-01	0.000000e+00	1	1.000000e+14
9.651363e-01	3.494931e-02	3.313054e-01	2.103827e-01	2.304307e-02	4.226916e-01	4.972456e-01	5.457100e-01	4.378228e-01	4.674563e-01	4.841767e-01	4.934251e-01	4.517878e-01	5.195729e-01	5.708218e-01	0.000000e+00	1	1.460940e-01
9.600952e-01	1.326662e-01	3.956960e-01	2.467599e-01	8.741475e-02	3.911278e-01	5.100324e-01	4.964362e-01	4.844266e-01	4.456205e-01	4.829706e-01	3.384425e-01	5.691637e-01	5.195432e-01	5.125632e-01	0.000000e+00	1	1.344739e-01
4.649274e-01	2.577212e-01	8.727140e-01	6.517102e-01	3.222303e-01	5.163438e-01	4.917086e-01	5.269998e-01	5.092280e-01	5.126075e-01	4.824278e-01	5.058605e-01	6.291146e-01	4.863769e-01	4.420657e-01	0.000000e+00	1	1.342463e-01
1.004741e+00	9.638619e-02	1.320609e-01	8.282297e-02	6.088546e-02	3.787643e-01	4.830316e-01	5.097751e-01	4.856158e-01	4.958816e-01	4.986386e-01	4.543826e-01	4.973188e-01	5.068951e-01	5.226652e-01	0.000000e+00	1	1.283446e-01
6.770107e-01	6.915326e-01	2.594051e-01	1.667246e-01	5.067551e-01	4.897008e-01	4.950613e-01	4.895854e-01	5.289276e-01	4.864820e-01	4.901599e-01	5.053337e-01	5.002904e-01	5.029191e-01	5.230585e-01	0.000000e+00	1	1.253352e-01
2.975445e-01	1.716333e-01	9.795178e-01	7.852803e-01	3.330861e-01	4.730588e-01	4.814936e-01	3.818930e-01	6.401790e-01	5.019836e-01	4.927304e-01	5.324312e-01	5.239018e-01	4.607230e-01	4.894843e-01	0.000000e+00	1	1.219048e-01
1.443975e-01	3.004477e-01	9.579040e-01	7.868039e-01	7.147856e-01	5.420431e-01	4.831143e-01	4.220570e-01	4.579810e-01	4.904319e-01	4.769572e-01	5.043623e-01	5.256448e-01	5.551116e-01	4.957223e-01	0.000000e+00	1	1.164824e-01
1.584922e-02	3.308141e-01	9.472350e-01	7.858690e-01	9.695230e-01	5.211306e-01	4.841755e-01	5.101474e-01	5.039069e-01	4.957292e-01	4.923545e-01	4.871250e-01	4.808362e-01	5.451394e-01	4.982058e-01	0.000000e+00	1	1.150353e-01
6.913492e-01	6.888786e-01	2.868320e-01	1.819751e-01	4.988604e-01	4.722228e-01	4.968603e-01	3.964500e-01	5.494172e-01	4.961594e-01	4.955341e-01	5.145465e-01	4.448186e-01	5.022698e-01	4.980555e-01	0.000000e+00	1	1.147615e-01
3.430077e-01	8.985495e-01	3.594436e-01	2.276872e-01	7.678489e-01	5.467863e-01	4.828104e-01	5.641840e-01	4.378228e-01	4.674563e-01	4.868329e-01	4.934251e-01	4.559272e-01	5.195729e-01	6.126643e-01	0.000000e+00	1	1.115838e-01
1.351297e-01	9.522034e-01	2.826511e-01	1.819751e-01	9.102549e-01	5.336365e-01	4.965379e-01	4.788306e-01	4.941964e-01	4.961594e-01	4.788240e-01	5.145465e-01	5.104729e-01	5.022698e-01	4.980555e-01	0.000000e+00	1	1.111340e-01
9.978797e-01	2.024735e-03	2.014956e-01	1.268428e-01	1.291724e-03	5.090220e-01	4.748572e-01	4.924775e-01	4.552358e-01	4.917039e-01	4.880189e-01	5.102719e-01	6.067922e-01	5.593400e-01	4.979471e-01	0.000000e+00	1	1.081378e-01
5.966519e-01	7.268669e-01	3.679677e-01	2.374455e-01	5.624332e-01	4.956533e-01	4.813351e-01	5.218338e-01	4.859547e-01	4.940720e-01	4.886619e-01	5.302128e-01	5.848182e-01	4.905364e-01	5.203708e-01	0.000000e+00	1	1.080595e-01
2.250187e-01	5.059708e-01	8.430165e-01	6.300040e-01	7.336001e-01	4.965322e-01	5.306130e-01	5.244564e-01	4.945277e-01	4.318235e-01	4.910935e-01	4.976300e-01	4.729467e-01	5.378632e-01	5.120617e-01	0.000000e+00	1	1.073087e-01
1.871950e-01	4.209214e-01	9.054211e-01	7.003714e-01	7.336001e-01	4.965322e-01	5.306130e-01	5.244564e-01	4.945277e-01	4.318235e-01	4.143605e-01	4.976300e-01	4.729467e-01	5.378632e-01	5.120617e-01	0.000000e+00	1	1.042168e-01
6.287594e-01	4.826522e-01	6.342036e-01	4.295950e-01	4.167866e-01	4.616765e-01	4.660225e-01	5.235002e-01	4.940372e-01	5.116398e-01	4.101806e-01	5.394241e-01	4.982766e-01	5.449707e-01	5.120315e-01	0.000000e+00	1	1.033509e-01
7.035607e-02	8.308808e-01	5.832144e-01	3.885524e-01	9.462216e-01	5.120318e-01	4.845241e-01	4.849866e-01	5.039069e-01	4.951526e-01	4.938780e-01	5.329928e-01	4.878674e-01	6.246078e-01	5.110859e-01	0.000000e+00	1	1.009221e-01
6.307564e-01	6.217850e-01	5.079216e-01	3.314761e-01	4.954403e-01	5.343946e-01	4.640428e-01	4.760408e-01	4.938325e-01	5.206085e-01	5.033460e-01	5.085240e-01	3.836121e-01	5.093511e-01	4.385472e-01	0.000000e+00	1	9.958337e-02
8.325014e-01	4.698511e-01	4.179188e-01	2.623785e-01	3.271080e-01	4.956533e-01	4.813351e-01	5.200353e-01	4.859547e-01	4.940720e-01	4.808934e-01	5.988741e-01	5.831165e-01	6.567180e-01	5.262465e-01	0.000000e+00	1	9.878946e-02
5.263409e-01	5.342137e-01	6.842643e-01	4.708654e-01	5.047257e-01	4.281744e-01	4.831165e-01	4.829435e-01	4.599266e-01	5.096667e-01	4.927304e-01	5.351633e-01	4.423825e-01	4.441019e-01	4.940935e-01	0.000000e+00	1	9.487229e-02
1.685483e-01	3.617456e-01	9.346352e-01	7.430863e-01	7.224194e-01	5.459243e-01	4.829945e-01	4.182930e-01	4.999958e-01	4.905675e-01	4.780255e-01	4.895766e-01	5.256448e-01	5.550887e-01	4.468392e-01	0.000000e+00	1	9.456841e-02
9.079741e-01	8.807670e-02	4.467761e-01	2.899304e-01	6.156176e-02	3.927250e-01	5.100324e-01	4.964362e-01	5.090322e-01	5.119132e-01	4.829706e-01	4.934251e-01	4.973188e-01	4.401714e-01	4.983550e-01	0.000000e+00	1	9.397553e-02
4.146410e-01	8.822731e-01	2.372205e-01	1.519618e-01	7.203103e-01	5.367096e-01	4.835591e-01	4.875112e-01	4.972081e-01	4.963605e-01	4.859390e-01	4.808165e-01	5.111493e-01	5.284928e-01	4.989780e-01	0.000000e+00	1	9.362252e-02
3.137118e-01	6.527401e-01	7.075347e-01	4.925843e-01	7.147856e-01	5.557617e-01	4.831063e-01	4.631412e-01	4.579810e-01	4.904319e-01	4.843263e-01	4.585356e-01	5.253958e-01	5.568211e-01	4.957223e-01	0.000000e+00	1	8.955415e-02
7.666279e-01	6.470886e-01	3.678432e-02	2.333211e-02	4.462972e-01	4.774584e-01	4.929527e-01	4.876259e-01	4.873693e-01	4.865104e-01	4.789427e-01	5.053337e-01	4.518157e-01	5.029191e-01	4.940423e-01	0.000000e+00	1	8.062368e-02
5.422075e-01	4.142859e-01	7.560720e-01	5.325926e-01	4.153606e-01	5.174092e-01	5.127578e-01	3.928752e-01	4.920958e-01	4.971887e-01	4.916592e-01	4.914548e-01	4.219607e-01	5.100217e-01	5.108526e-01	0.000000e+00	1	8.058311e-02
5.068457e-01	8.390398e-01	3.393626e-01	2.121772e-01	6.540527e-01	5.009858e-01	4.949961e-01	5.250192e-01	6.319077e-01	4.207454e-01	5.053978e-01	5.551946e-01	5.462483e-01	5.040815e-01	5.881074e-01	0.000000e+00	1	7.809721e-02
3.688149e-01	7.677103e-01	5.448713e-01	3.623190e-01	7.148884e-01	4.892872e-01	4.162726e-01	4.842188e-01	5.328981e-01	4.962544e-01	4.910565e-01	4.712058e-01	4.950479e-01	4.590807e-01	4.979312e-01	0.000000e+00	1	7.796116e-02
1.953478e-01	9.807194e-01	1.027590e-01	6.519054e-02	8.748311e-01	4.481621e-01	4.947384e-01	4.858806e-01	4.897274e-01	4.873818e-01	4.818683e-01	5.149455e-01	4.612758e-01	5.044523e-01	4.989597e-01	0.000000e+00	1	7.736336e-02
4.868841e-01	7.872242e-01	4.058517e-01	2.630632e-01	6.473772e-01	4.955356e-01	5.057723e-01	4.969991e-01	4.943300e-01	4.207454e-01	4.874873e-01	5.028924e-01	5.462483e-01	5.040815e-01	4.553514e-01	0.000000e+00	1	7.639091e-02
5.800721e-01	7.866950e-01	2.398014e-01	1.531620e-01	5.955186e-01	4.778667e-01	4.961525e-01	4.876259e-01	5.221905e-01	4.503562e-01	4.789427e-01	5.053337e-01	4.518157e-01	5.029191e-01	4.988779e-01	0.000000e+00	1	7.604682e-02
2.320378e-01	9.553494e-01	2.032133e-01	1.297628e-01	8.483134e-01	4.964818e-01	5.080919e-01	4.899970e-01	5.028295e-01	4.899940e-01	4.884367e-01	4.973276e-01	5.550400e-01	5.201984e-01	5.065481e-01	0.000000e+00	1	7.553223e-02
7.068732e-01	1.890724e-02	7.284144e-01	5.094401e-01	1.702406e-02	3.941361e-01	4.830316e-01	5.244564e-01	4.859045e-01	4.896841e-01	4.841767e-01	4.565103e-01	4.973188e-01	5.195729e-01	5.161760e-01	0.000000e+00	1	7.517893e-02
8.883950e-01	6.758647e-03	5.120253e-01	3.328469e-01	4.843122e-03	4.571462e-01	5.026726e-01	5.086685e-01	4.482603e-01	4.576135e-01	4.903164e-01	4.759265e-01	6.215335e-01	5.597292e-01	4.979471e-01	0.000000e+00	1	7.046556e-02
1.009551e+00	1.112767e-01	5.717521e-02	3.579969e-02	6.988863e-02	5.218070e-01	5.010856e-01	4.961612e-01	5.124987e-01	4.908052e-01	4.866718e-01	4.680637e-01	6.087230e-01	5.593032e-01	4.976054e-01	0.000000e+00	1	6.906142e-02
9.246050e-01	8.968996e-02	4.041902e-01	2.612687e-01	6.156176e-02	3.911278e-01	5.100324e-01	4.964362e-01	5.090322e-01	5.119132e-01	4.829706e-01	4.934251e-01	4.973188e-01	5.195729e-01	5.124626e-01	0.000000e+00	1	6.860317e-02
3.183515e-01	4.497675e-01	8.466262e-01	6.326840e-01	6.078736e-01	4.527463e-01	4.805063e-01	4.785116e-01	5.293519e-01	5.010116e-01	4.892545e-01	4.651624e-01	5.011876e-01	4.398679e-01	4.643352e-01	0.000000e+00	1	6.780923e-02
3.614591e-01	8.127668e-01	4.983404e-01	3.251015e-01	7.336001e-01	5.340464e-01	5.208295e-01	4.711018e-01	4.550946e-01	4.724170e-01	5.035428e-01	4.976300e-01	3.866392e-01	5.378632e-01	5.096362e-01	0.000000e+00	1	6.776603e-02
8.586103e-02	8.088817e-01	5.864098e-01	3.976483e-01	9.326763e-01	4.850955e-01	5.020277e-01	4.873324e-01	5.100764e-01	4.557004e-01	4.927304e-01	4.979251e-01	5.043740e-01	5.065883e-01	5.139600e-01	0.000000e+00	1	6.684008e-02
3.439981e-01	5.704120e-01	7.731328e-01	5.472517e-01	6.545233e-01	4.982080e-01	4.945473e-01	5.433110e-01	4.947764e-01	3.698963e-01	4.837721e-01	5.075152e-01	5.361933e-01	5.040268e-01	4.996944e-01	0.000000e+00	1	6.563156e-02
4.487112e-01	8.664711e-01	2.374427e-01	1.519618e-01	6.958016e-01	5.290503e-01	4.792323e-01	4.875761e-01	4.972081e-01	5.074968e-01	4.798797e-01	4.977404e-01	5.111493e-01	5.469965e-01	4.989780e-01	0.000000e+00	1	6.543306e-02
8.745385e-01	1.980302e-01	4.683313e-01	3.064206e-01	1.417652e-01	4.912809e-01	4.144263e-01	5.254634e-01	5.310829e-01	4.905548e-01	5.396281e-01	4.727089e-01	4.942935e-01	5.125683e-01	5.028331e-01	0.000000e+00	1	6.472210e-02
2.579788e-01	2.018581e-01	9.691933e-01	7.925095e-01	4.226863e-01	4.311246e-01	4.814936e-01	3.881286e-01	5.170213e-01	5.019836e-01	4.927304e-01	5.360208e-01	5.239018e-01	4.441019e-01	4.894843e-01	0.000000e+00	1	6.421675e-02
1.009833e-01	7.394517e-01	6.757042e-01	4.684143e-01	9.135944e-01	5.176858e-01	4.827941e-01	4.705091e-01	4.905212e-01	5.096667e-01	4.760203e-01	5.360208e-01	5.080368e-01	4.441019e-01	4.940935e-01	0.000000e+00	1	6.376035e-02
5.164944e-01	3.964747e-01	7.769805e-01	5.559611e-01	4.167866e-01	4.956216e-01	4.830097e-01	4.873324e-01	4.872055e-01	5.064631e-01	4.036425e-01	5.288808e-01	4.487544e-01	5.133624e-01	5.117080e-01	0.000000e+00	1	6.325198e-02
7.337764e-01	1.947155e-01	6.607701e-01	4.559528e-01	1.651282e-01	4.605644e-01	4.714621e-01	5.240142e-01	5.039308e-01	5.327830e-01	4.585375e-01	5.125947e-01	4.990480e-01	5.227398e-01	4.948567e-01	0.000000e+00	1	6.182083e-02
1.706788e-01	5.942130e-01	8.012413e-01	5.816237e-01	8.219342e-01	4.376089e-01	5.008542e-01	5.306920e-01	4.932104e-01	4.298874e-01	4.701180e-01	5.012195e-01	4.729467e-01	5.212421e-01	5.125233e-01	0.000000e+00	1	6.018720e-02
8.346576e-02	8.817517e-01	4.789374e-01	3.155805e-01	9.399172e-01	4.957102e-01	4.947636e-01	4.966815e-01	5.020411e-01	4.909998e-01	5.717329e-01	5.054278e-01	4.727236e-01	4.794391e-01	5.202287e-01	0.000000e+00	1	5.990463e-02
5.600707e-01	5.728716e-01	6.084232e-01	4.134885e-01	5.071927e-01	4.759627e-01	4.932427e-01	4.895854e-01	4.941872e-01	4.865104e-01	4.534236e-01	5.036605e-01	4.518157e-01	4.800846e-01	5.123762e-01	0.000000e+00	1	5.985438e-02
8.026427e-01	6.076578e-01	7.887101e-02	4.977406e-02	4.125369e-01	5.214425e-01	4.822571e-01	4.220570e-01	5.190070e-01	4.889803e-01	4.826837e-01	4.730122e-01	5.362596e-01	4.997765e-01	5.113375e-01	0.000000e+00	1	5.965636e-02
