1.620784e-15	4.711740e-20	1.003243e+00	1.000000e+00	1.850701e-05	4.967948e-01	5.101468e-01	4.915324e-01	5.014458e-01	4.902286e-01	4.760419e-01	5.004471e-01	4.529473e-01	4.880678e-01	5.054891e-01	0.000000e+00	1	1.000000e+14
1.858492e-20	1.618717e-15	1.001963e+00	1.000000e+00	9.999927e-01	4.941728e-01	4.947636e-01	4.966815e-01	5.020411e-01	4.910057e-01	5.240889e-01	5.054278e-01	4.727236e-01	4.794391e-01	5.054332e-01	0.000000e+00	1	1.000000e+14
1.017346e+00	2.064233e-03	1.149381e-06	7.192415e-07	1.291724e-03	5.213695e-01	5.026726e-01	5.112585e-01	4.482603e-01	4.891440e-01	4.894845e-01	5.118225e-01	6.007001e-01	5.597292e-01	4.979471e-01	0.000000e+00	1	1.000000e+14
1.187405e-15	1.170516e-15	1.032063e+00	1.000000e+00	4.954403e-01	5.221311e-01	4.649021e-01	4.967080e-01	4.455050e-01	4.112038e-01	4.883095e-01	4.901841e-01	3.869829e-01	5.519034e-01	4.385472e-01	0.000000e+00	1	1.000000e+14
4.810475e-02	1.004070e+00	2.191301e-16	1.387779e-16	9.695230e-01	5.196534e-01	4.841755e-01	5.101474e-01	5.039069e-01	4.957292e-01	4.923545e-01	4.871250e-01	5.617460e-01	5.202143e-01	4.982058e-01	0.000000e+00	1	1.000000e+14
2.525896e-03	1.013774e+00	2.209951e-16	1.387779e-16	9.984138e-01	5.101912e-01	4.845241e-01	4.849866e-01	5.039069e-01	4.951526e-01	4.938780e-01	5.341256e-01	5.617460e-01	5.902873e-01	4.982058e-01	0.000000e+00	1	1.000000e+14
9.651363e-01	3.494931e-02	3.313054e-01	2.103827e-01	2.304307e-02	4.226916e-01	4.972456e-01	5.457100e-01	4.378228e-01	4.674563e-01	4.841767e-01	4.934251e-01	4.517878e-01	5.195729e-01	5.708218e-01	0.000000e+00	1	1.619110e-01
1.351297e-01	9.522034e-01	2.826511e-01	1.819751e-01	9.102549e-01	5.336365e-01	4.965379e-01	4.788306e-01	4.941964e-01	4.961594e-01	4.788240e-01	5.145465e-01	5.104729e-01	5.022698e-01	4.980555e-01	0.000000e+00	1	1.516289e-01
9.246050e-01	8.968996e-02	4.041902e-01	2.612687e-01	6.156176e-02	3.911278e-01	5.100324e-01	4.964362e-01	5.090322e-01	5.119132e-01	4.829706e-01	4.934251e-01	4.973188e-01	5.195729e-01	5.124626e-01	0.000000e+00	1	1.483884e-01
1.685483e-01	3.617456e-01	9.346352e-01	7.430863e-01	7.224194e-01	5.459243e-01	4.829945e-01	4.182930e-01	4.999958e-01	4.905675e-01	4.780255e-01	4.895766e-01	5.256448e-01	5.550887e-01	4.468392e-01	0.000000e+00	1	1.162149e-01
7.068732e-01	1.890724e-02	7.284144e-01	5.094401e-01	1.702406e-02	3.941361e-01	4.830316e-01	5.244564e-01	4.859045e-01	4.896841e-01	4.841767e-01	4.565103e-01	4.973188e-01	5.195729e-01	5.161760e-01	0.000000e+00	1	1.154637e-01
5.966519e-01	7.268669e-01	3.679677e-01	2.374455e-01	5.624332e-01	4.956533e-01	4.813351e-01	5.218338e-01	4.859547e-01	4.940720e-01	4.886619e-01	5.302128e-01	5.848182e-01	4.905364e-01	5.203708e-01	0.000000e+00	1	1.137265e-01
2.250187e-01	5.059708e-01	8.430165e-01	6.300040e-01	7.336001e-01	4.965322e-01	5.306130e-01	5.244564e-01	4.945277e-01	4.318235e-01	4.910935e-01	4.976300e-01	4.729467e-01	5.378632e-01	5.120617e-01	0.000000e+00	1	1.081305e-01
1.953478e-01	9.807194e-01	1.027590e-01	6.519054e-02	8.748311e-01	4.481621e-01	4.947384e-01	4.858806e-01	4.897274e-01	4.873818e-01	4.818683e-01	5.149455e-01	4.612758e-01	5.044523e-01	4.989597e-01	0.000000e+00	1	1.056342e-01
8.490414e-01	5.452607e-01	8.706235e-02	5.479285e-02	3.634320e-01	5.433413e-01	4.829945e-01	5.256963e-01	4.585485e-01	4.888462e-01	4.841244e-01	4.811000e-01	5.261623e-01	5.551116e-01	4.383826e-01	0.000000e+00	1	1.025844e-01
8.151150e-01	3.834466e-01	4.427056e-01	2.908016e-01	2.799249e-01	4.763927e-01	4.954106e-01	4.784128e-01	5.438883e-01	5.176624e-01	4.851800e-01	5.051090e-01	5.109311e-01	5.076001e-01	4.980951e-01	0.000000e+00	1	1.016826e-01
1.443975e-01	3.004477e-01	9.579040e-01	7.868039e-01	7.147856e-01	5.420431e-01	4.831143e-01	4.220570e-01	4.579810e-01	4.904319e-01	4.769572e-01	5.043623e-01	5.256448e-01	5.551116e-01	4.957223e-01	0.000000e+00	1	1.005648e-01
4.489167e-01	8.668679e-01	2.375514e-01	1.519618e-01	6.958016e-01	5.290503e-01	4.805447e-01	4.875761e-01	4.972081e-01	5.161539e-01	4.880457e-01	4.809870e-01	5.111493e-01	5.492143e-01	4.989780e-01	0.000000e+00	1	9.963260e-02
4.649274e-01	2.577212e-01	8.727140e-01	6.517102e-01	3.222303e-01	5.163438e-01	4.917086e-01	5.269998e-01	5.092280e-01	5.126075e-01	4.824278e-01	5.058605e-01	6.291146e-01	4.863769e-01	4.420657e-01	0.000000e+00	1	9.771217e-02
5.320999e-01	5.400588e-01	6.864206e-01	4.684143e-01	5.047257e-01	4.562722e-01	4.831165e-01	3.881286e-01	4.905212e-01	5.096667e-01	4.927304e-01	5.360208e-01	4.423825e-01	4.441019e-01	4.940935e-01	0.000000e+00	1	9.506815e-02
2.328408e-01	9.586557e-01	2.039166e-01	1.297628e-01	8.483134e-01	4.942245e-01	5.034605e-01	4.953737e-01	5.013067e-01	4.899940e-01	4.884367e-01	4.881123e-01	5.518412e-01	5.201984e-01	4.380124e-01	0.000000e+00	1	9.454181e-02
4.146410e-01	8.822731e-01	2.372205e-01	1.519618e-01	7.203103e-01	5.367096e-01	4.835591e-01	4.875112e-01	4.972081e-01	4.963605e-01	4.859390e-01	4.808165e-01	5.111493e-01	5.284928e-01	4.989780e-01	0.000000e+00	1	9.419077e-02
9.600952e-01	1.326662e-01	3.956960e-01	2.467599e-01	8.741475e-02	3.911278e-01	5.100324e-01	4.964362e-01	4.844266e-01	4.456205e-01	4.829706e-01	3.384425e-01	5.691637e-01	5.195432e-01	5.125632e-01	0.000000e+00	1	9.408702e-02
3.688149e-01	7.677103e-01	5.448713e-01	3.623190e-01	7.148884e-01	4.892872e-01	4.162726e-01	4.842188e-01	5.328981e-01	4.962544e-01	4.910565e-01	4.712058e-01	4.950479e-01	4.590807e-01	4.979312e-01	0.000000e+00	1	9.383539e-02
7.666279e-01	6.470886e-01	3.678432e-02	2.333211e-02	4.462972e-01	4.774584e-01	4.929527e-01	4.876259e-01	4.873693e-01	4.865104e-01	4.789427e-01	5.053337e-01	4.518157e-01	5.029191e-01	4.940423e-01	0.000000e+00	1	9.381666e-02
3.430077e-01	8.985495e-01	3.594436e-01	2.276872e-01	7.678489e-01	5.467863e-01	4.828104e-01	5.641840e-01	4.378228e-01	4.674563e-01	4.868329e-01	4.934251e-01	4.559272e-01	5.195729e-01	6.126643e-01	0.000000e+00	1	9.291630e-02
6.770107e-01	6.915326e-01	2.594051e-01	1.667246e-01	5.067551e-01	4.897008e-01	4.950613e-01	4.895854e-01	5.289276e-01	4.864820e-01	4.901599e-01	5.053337e-01	5.002904e-01	5.029191e-01	5.230585e-01	0.000000e+00	1	9.197126e-02
3.092136e-01	4.368575e-01	8.547234e-01	6.438412e-01	6.078736e-01	4.666385e-01	4.805063e-01	4.785116e-01	5.293519e-01	4.483683e-01	4.892545e-01	5.401157e-01	5.011876e-01	5.040838e-01	4.647297e-01	0.000000e+00	1	8.915217e-02
5.474845e-01	7.140302e-01	4.421964e-01	2.908016e-01	5.835636e-01	4.763927e-01	4.949179e-01	4.784128e-01	5.293622e-01	5.176624e-01	4.845031e-01	5.051090e-01	5.020540e-01	5.077213e-01	4.988177e-01	0.000000e+00	1	8.812186e-02
5.600707e-01	5.728716e-01	6.084232e-01	4.134885e-01	5.071927e-01	4.759627e-01	4.932427e-01	4.895854e-01	4.941872e-01	4.865104e-01	4.534236e-01	5.036605e-01	4.518157e-01	4.800846e-01	5.123762e-01	0.000000e+00	1	8.690386e-02
7.302246e-01	2.076388e-01	6.607701e-01	4.559528e-01	1.763674e-01	4.605644e-01	4.714621e-01	5.240142e-01	5.039308e-01	5.327830e-01	4.585375e-01	5.125947e-01	4.990480e-01	5.227398e-01	4.948567e-01	0.000000e+00	1	8.664458e-02
8.746836e-01	1.980630e-01	4.684090e-01	3.064206e-01	1.417652e-01	4.912809e-01	4.144263e-01	4.900223e-01	5.310829e-01	4.905548e-01	4.484179e-01	4.803943e-01	5.044045e-01	5.125683e-01	5.028331e-01	0.000000e+00	1	8.506652e-02
1.153716e-01	2.400536e-01	9.798621e-01	8.310409e-01	7.147856e-01	5.418499e-01	4.831144e-01	4.148952e-01	4.579810e-01	4.896964e-01	4.769572e-01	5.043623e-01	5.256448e-01	5.550381e-01	4.948723e-01	0.000000e+00	1	8.366332e-02
8.047727e-01	6.092704e-01	8.709181e-02	5.479285e-02	4.125369e-01	5.214425e-01	4.829945e-01	4.220570e-01	4.585485e-01	4.891335e-01	4.826837e-01	4.811000e-01	5.256448e-01	5.551116e-01	5.113375e-01	0.000000e+00	1	8.357808e-02
5.068457e-01	8.390398e-01	3.393626e-01	2.121772e-01	6.540527e-01	5.009858e-01	4.949961e-01	5.250192e-01	6.319077e-01	4.207454e-01	5.053978e-01	5.551946e-01	5.462483e-01	5.040815e-01	5.881074e-01	0.000000e+00	1	8.282006e-02
5.422075e-01	4.142859e-01	7.560720e-01	5.325926e-01	4.153606e-01	5.174092e-01	5.127578e-01	3.928752e-01	4.920958e-01	4.971887e-01	4.916592e-01	4.914548e-01	4.219607e-01	5.100217e-01	5.108526e-01	0.000000e+00	1	8.256595e-02
1.584922e-02	3.308141e-01	9.472350e-01	7.858690e-01	9.695230e-01	5.211306e-01	4.841755e-01	5.101474e-01	5.039069e-01	4.957292e-01	4.923545e-01	4.871250e-01	4.808362e-01	5.451394e-01	4.982058e-01	0.000000e+00	1	8.213031e-02
6.307564e-01	6.217850e-01	5.079216e-01	3.314761e-01	4.954403e-01	5.343946e-01	4.640428e-01	4.760408e-01	4.938325e-01	5.206085e-01	5.033460e-01	5.085240e-01	3.836121e-01	5.093511e-01	4.385472e-01	0.000000e+00	1	8.212277e-02
7.707458e-01	6.505644e-01	1.266254e-02	7.992031e-03	4.462972e-01	4.538919e-01	4.929527e-01	5.543383e-01	4.873693e-01	5.239218e-01	4.789427e-01	5.040034e-01	4.518157e-01	5.029191e-01	4.941475e-01	0.000000e+00	1	8.011532e-02
4.868841e-01	7.872242e-01	4.058517e-01	2.630632e-01	6.473772e-01	4.955356e-01	5.057723e-01	4.969991e-01	4.943300e-01	4.207454e-01	4.874873e-01	5.028924e-01	5.462483e-01	5.040815e-01	4.553514e-01	0.000000e+00	1	7.970529e-02
2.579788e-01	2.018581e-01	9.691933e-01	7.925095e-01	4.226863e-01	4.311246e-01	4.814936e-01	3.881286e-01	5.170213e-01	5.019836e-01	4.927304e-01	5.360208e-01	5.239018e-01	4.441019e-01	4.894843e-01	0.000000e+00	1	7.895121e-02
3.183515e-01	4.497675e-01	8.466262e-01	6.326840e-01	6.078736e-01	4.527463e-01	4.805063e-01	4.785116e-01	5.293519e-01	5.010116e-01	4.892545e-01	4.651624e-01	5.011876e-01	4.398679e-01	4.643352e-01	0.000000e+00	1	7.820170e-02
2.573686e-01	5.787119e-01	8.018811e-01	5.744085e-01	7.336001e-01	4.795431e-01	5.008542e-01	5.244564e-01	6.163684e-01	4.298874e-01	4.893787e-01	4.976300e-01	4.729467e-01	5.378632e-01	5.090826e-01	0.000000e+00	1	7.560228e-02
6.287594e-01	4.826522e-01	6.342036e-01	4.295950e-01	4.167866e-01	4.616765e-01	4.660225e-01	5.235002e-01	4.940372e-01	5.116398e-01	4.101806e-01	5.394241e-01	4.982766e-01	5.449707e-01	5.120315e-01	0.000000e+00	1	7.353577e-02
1.871950e-01	4.209214e-01	9.054211e-01	7.003714e-01	7.336001e-01	4.965322e-01	5.306130e-01	5.244564e-01	4.945277e-01	4.318235e-01	4.143605e-01	4.976300e-01	4.729467e-01	5.378632e-01	5.120617e-01	0.000000e+00	1	7.196096e-02
8.586103e-02	8.088817e-01	5.864098e-01	3.976483e-01	9.326763e-01	4.850955e-01	5.020277e-01	4.873324e-01	5.100764e-01	4.557004e-01	4.927304e-01	4.979251e-01	5.043740e-01	5.065883e-01	5.139600e-01	0.000000e+00	1	7.118863e-02
7.092436e-01	7.458368e-01	7.813333e-03	4.832800e-03	5.160067e-01	4.966925e-01	5.094432e-01	4.030914e-01	5.017157e-01	5.083712e-01	3.858453e-01	5.132081e-01	4.423825e-01	4.441019e-01	5.061364e-01	0.000000e+00	1	7.026833e-02
6.850731e-06	5.966876e-01	8.255892e-01	6.015866e-01	9.999927e-01	4.827000e-01	4.947636e-01	4.934398e-01	5.020411e-01	4.910057e-01	4.421920e-01	5.061316e-01	3.789353e-01	4.892042e-01	5.059693e-01	0.000000e+00	1	6.921010e-02
1.010363e+00	1.113662e-01	5.722117e-02	3.579969e-02	6.988863e-02	5.218070e-01	5.010856e-01	4.961612e-01	5.124987e-01	4.908052e-01	4.866718e-01	4.680637e-01	6.124211e-01	5.593032e-01	4.976054e-01	0.000000e+00	1	6.883894e-02
5.164944e-01	3.964747e-01	7.769805e-01	5.559611e-01	4.167866e-01	4.956216e-01	4.830097e-01	4.873324e-01	4.872055e-01	5.064631e-01	4.036425e-01	5.288808e-01	4.487544e-01	5.133624e-01	5.117080e-01	0.000000e+00	1	6.803247e-02
3.439981e-01	5.704120e-01	7.731328e-01	5.472517e-01	6.545233e-01	4.982080e-01	4.945473e-01	5.433110e-01	4.947764e-01	3.698963e-01	4.837721e-01	5.075152e-01	5.361933e-01	5.040268e-01	4.996944e-01	0.000000e+00	1	6.554508e-02
8.595740e-01	6.373685e-03	5.398034e-01	3.569742e-01	4.720408e-03	4.663378e-01	4.217597e-01	5.087013e-01	5.310382e-01	4.554940e-01	4.904621e-01	4.712058e-01	4.978240e-01	5.618863e-01	4.976412e-01	0.000000e+00	1	6.521451e-02
7.035607e-02	8.308808e-01	5.832144e-01	3.885524e-01	9.462216e-01	5.120318e-01	4.845241e-01	4.849866e-01	5.039069e-01	4.951526e-01	4.938780e-01	5.329928e-01	4.878674e-01	6.246078e-01	5.110859e-01	0.000000e+00	1	6.501576e-02
9.978797e-01	2.024735e-03	2.014956e-01	1.268428e-01	1.291724e-03	5.090220e-01	4.748572e-01	4.924775e-01	4.552358e-01	4.917039e-01	4.880189e-01	5.102719e-01	6.067922e-01	5.593400e-01	4.979471e-01	0.000000e+00	1	6.345437e-02
7.337764e-01	1.947155e-01	6.607701e-01	4.559528e-01	1.651282e-01	4.605644e-01	4.714621e-01	5.240142e-01	5.039308e-01	5.327830e-01	4.585375e-01	5.125947e-01	4.990480e-01	5.227398e-01	4.948567e-01	0.000000e+00	1	6.329476e-02
1.004741e+00	9.638619e-02	1.320609e-01	8.282297e-02	6.088546e-02	3.787643e-01	4.830316e-01	5.097751e-01	4.856158e-01	4.958816e-01	4.986386e-01	4.543826e-01	4.973188e-01	5.068951e-01	5.226652e-01	0.000000e+00	1	6.162252e-02
