1.017368e+00	2.820587e-05	1.327983e-01	8.263154e-02	1.764987e-05	4.965158e-01	4.684171e-01	4.920500e-01	4.984052e-01	4.079099e-01	4.760419e-01	4.999516e-01	3.884489e-01	4.469737e-01	5.247702e-01	0.000000e+00	1	1.000000e+14
1.858492e-20	1.618717e-15	1.001963e+00	1.000000e+00	9.999927e-01	4.941728e-01	4.947636e-01	4.966815e-01	5.020411e-01	4.910057e-01	5.240889e-01	5.054278e-01	4.727236e-01	4.794391e-01	5.054332e-01	0.000000e+00	1	1.000000e+14
3.886897e-02	1.008842e+00	2.200824e-16	1.387779e-16	9.754842e-01	5.002139e-01	5.630133e-01	5.099716e-01	5.395391e-01	5.456117e-01	4.720673e-01	4.935221e-01	4.810050e-01	5.260083e-01	4.958759e-01	0.000000e+00	1	1.000000e+14
4.794620e-02	1.000761e+00	2.184079e-16	1.387779e-16	9.695230e-01	5.002139e-01	4.817056e-01	5.099716e-01	4.932091e-01	5.157898e-01	4.791976e-01	4.935221e-01	4.823245e-01	5.195791e-01	4.970561e-01	0.000000e+00	1	1.000000e+14
1.593136e-15	4.480423e-16	1.024385e+00	1.000000e+00	1.745304e-01	4.967948e-01	5.640253e-01	5.198535e-01	4.506462e-01	4.195382e-01	4.591505e-01	5.004471e-01	5.030438e-01	5.956354e-01	5.121155e-01	0.000000e+00	1	1.000000e+14
1.633711e-15	2.059108e-20	1.011245e+00	1.000000e+00	8.023872e-06	4.967948e-01	4.684929e-01	4.915324e-01	4.983767e-01	4.079099e-01	4.760419e-01	5.004471e-01	5.030438e-01	4.880678e-01	5.310023e-01	0.000000e+00	1	1.000000e+14
7.315306e-01	6.662165e-01	2.086822e-01	1.323303e-01	4.702736e-01	4.761002e-01	5.210842e-01	4.916217e-01	5.166263e-01	5.398040e-01	4.786031e-01	4.907896e-01	4.238241e-01	4.563260e-01	4.983969e-01	0.000000e+00	1	1.553707e-01
9.976842e-01	7.092575e-02	7.836044e-02	4.977406e-02	4.518153e-02	5.216825e-01	4.822571e-01	4.638432e-01	5.187648e-01	5.168257e-01	4.881416e-01	5.167309e-01	5.090669e-01	4.997765e-01	5.060534e-01	0.000000e+00	1	1.519814e-01
3.374127e-01	3.657773e-01	8.752682e-01	6.708839e-01	5.256654e-01	5.057129e-01	4.643854e-01	4.525955e-01	5.423820e-01	5.289814e-01	4.792886e-01	5.060132e-01	5.117744e-01	5.049486e-01	4.943987e-01	0.000000e+00	1	1.274755e-01
4.586168e-01	7.634485e-01	4.989511e-01	3.251015e-01	6.556226e-01	5.298430e-01	4.834390e-01	4.711018e-01	5.295304e-01	5.166367e-01	5.032434e-01	4.976300e-01	3.866392e-01	5.378632e-01	4.416820e-01	0.000000e+00	1	1.179159e-01
4.410034e-01	4.616031e-01	7.965516e-01	5.698797e-01	5.145267e-01	4.965466e-01	4.704431e-01	5.469592e-01	4.920958e-01	4.918041e-01	4.920340e-01	5.112631e-01	3.751150e-01	5.025212e-01	4.575962e-01	0.000000e+00	1	1.169959e-01
3.286879e-01	2.693843e-01	9.213625e-01	7.248741e-01	4.370798e-01	5.088769e-01	4.447239e-01	4.918349e-01	5.100260e-01	5.096926e-01	4.798720e-01	5.619053e-01	5.721145e-01	4.573977e-01	4.991637e-01	0.000000e+00	1	1.136518e-01
1.180093e-01	5.817858e-01	8.403904e-01	6.084827e-01	8.725967e-01	4.099651e-01	4.989334e-01	5.242724e-01	4.883031e-01	4.671178e-01	4.796479e-01	5.054646e-01	4.411744e-01	5.125828e-01	6.222008e-01	0.000000e+00	1	1.128817e-01
9.251540e-01	2.392747e-01	3.716349e-01	2.361251e-01	1.611199e-01	5.048551e-01	5.519539e-01	4.623509e-01	4.620139e-01	4.723938e-01	4.595415e-01	4.970008e-01	6.017751e-01	5.828851e-01	5.098826e-01	0.000000e+00	1	1.101193e-01
8.631294e-01	5.359591e-01	1.826176e-01	1.132188e-01	3.537574e-01	4.991771e-01	4.924166e-01	5.247072e-01	4.870422e-01	5.169657e-01	5.223339e-01	6.222014e-01	5.682214e-01	6.000180e-01	4.674144e-01	0.000000e+00	1	1.066848e-01
8.243202e-01	2.055861e-01	5.543500e-01	3.680523e-01	1.555992e-01	4.869867e-01	5.457420e-01	4.985373e-01	5.175344e-01	4.898822e-01	5.596095e-01	4.960088e-01	5.027454e-01	5.307961e-01	5.850512e-01	0.000000e+00	1	1.050029e-01
7.704315e-01	6.445452e-01	2.648252e-02	1.678002e-02	4.435106e-01	4.909472e-01	4.607227e-01	4.839036e-01	4.925255e-01	5.286531e-01	4.979776e-01	5.362194e-01	5.003573e-01	5.257749e-01	4.900235e-01	0.000000e+00	1	1.038156e-01
3.037599e-01	8.588606e-01	4.337776e-01	2.829092e-01	7.835827e-01	4.291974e-01	4.942586e-01	5.243988e-01	5.274824e-01	5.157947e-01	5.156597e-01	5.059141e-01	4.726661e-01	5.102198e-01	5.349146e-01	0.000000e+00	1	1.009438e-01
5.673870e-01	4.295525e-01	7.119277e-01	5.001249e-01	4.125369e-01	4.968119e-01	4.666923e-01	4.318902e-01	5.018916e-01	4.907666e-01	4.911318e-01	5.146785e-01	4.866537e-01	5.131219e-01	5.113375e-01	0.000000e+00	1	1.004270e-01
2.091976e-02	9.616431e-01	3.163248e-01	2.022687e-01	9.861530e-01	4.897008e-01	4.937378e-01	4.893453e-01	5.289276e-01	4.622897e-01	5.220831e-01	5.278830e-01	5.002904e-01	4.831225e-01	5.920964e-01	0.000000e+00	1	9.949366e-02
1.738329e-01	5.591907e-01	8.198797e-01	6.051582e-01	8.081262e-01	4.332441e-01	4.942586e-01	5.243988e-01	5.274962e-01	4.899378e-01	5.156597e-01	5.059141e-01	5.102258e-01	5.102198e-01	5.331356e-01	0.000000e+00	1	9.911199e-02
5.468097e-01	5.669248e-01	6.387384e-01	4.337753e-01	5.114967e-01	4.617805e-01	4.650000e-01	5.089549e-01	4.932422e-01	5.125930e-01	4.069203e-01	5.394241e-01	4.982766e-01	4.699365e-01	4.988789e-01	0.000000e+00	1	9.679941e-02
3.634627e-01	3.940172e-01	8.666044e-01	6.473371e-01	5.256654e-01	4.596222e-01	5.391207e-01	5.024770e-01	5.346355e-01	5.326096e-01	5.617772e-01	5.087106e-01	4.017635e-01	5.049486e-01	4.988415e-01	0.000000e+00	1	9.651252e-02
8.878406e-01	4.874907e-01	1.135870e-01	7.109579e-02	3.196674e-01	4.545171e-01	4.462794e-01	5.041031e-01	4.891003e-01	4.753563e-01	4.943182e-01	4.902860e-01	5.519384e-01	4.072803e-01	4.541561e-01	0.000000e+00	1	9.537712e-02
2.348399e-01	4.011013e-02	9.734508e-01	8.471983e-01	1.076940e-01	4.931069e-01	4.972116e-01	4.985946e-01	4.862832e-01	4.698317e-01	4.840192e-01	4.977392e-01	4.966500e-01	4.932619e-01	4.734011e-01	0.000000e+00	1	9.452226e-02
9.524359e-01	7.789815e-03	3.704186e-01	2.361251e-01	5.206691e-03	5.020912e-01	4.564215e-01	5.820112e-01	5.097444e-01	4.613741e-01	4.893200e-01	4.970008e-01	6.025416e-01	4.753175e-01	4.776856e-01	0.000000e+00	1	9.331383e-02
6.235634e-01	6.888884e-01	3.960919e-01	2.565262e-01	5.316605e-01	4.524147e-01	5.138885e-01	5.092978e-01	4.954579e-01	5.230068e-01	5.048333e-01	4.937357e-01	5.057813e-01	4.170060e-01	4.961223e-01	0.000000e+00	1	9.210149e-02
6.858402e-06	6.406526e-01	7.790657e-01	5.618707e-01	9.999932e-01	4.941728e-01	4.947636e-01	4.966815e-01	5.020411e-01	4.917878e-01	5.240889e-01	5.116451e-01	4.752759e-01	4.154336e-01	5.054332e-01	0.000000e+00	1	8.847233e-02
5.843483e-01	8.354262e-01	6.420218e-02	4.003736e-02	6.114300e-01	5.216825e-01	4.822571e-01	4.352189e-01	5.199550e-01	5.168257e-01	4.993302e-01	4.674475e-01	3.935539e-01	4.997765e-01	4.410477e-01	0.000000e+00	1	8.755606e-02
8.136175e-01	1.071975e-01	5.960536e-01	3.999072e-01	8.339699e-02	4.442907e-01	4.684987e-01	5.235002e-01	4.932422e-01	5.125096e-01	4.080359e-01	4.977609e-01	4.975107e-01	4.695995e-01	5.052353e-01	0.000000e+00	1	8.724450e-02
1.452606e-01	3.355103e-01	9.359922e-01	7.629331e-01	7.398844e-01	4.930223e-01	5.409676e-01	5.095976e-01	4.959547e-01	5.071414e-01	4.840567e-01	4.900658e-01	4.612832e-01	4.795813e-01	4.734011e-01	0.000000e+00	1	8.599554e-02
4.213907e-01	5.998808e-01	6.977479e-01	4.842767e-01	6.101510e-01	4.524147e-01	5.138885e-01	5.092978e-01	4.954579e-01	5.230068e-01	5.048333e-01	4.937357e-01	5.057813e-01	4.107255e-01	4.698792e-01	0.000000e+00	1	8.553437e-02
3.646500e-01	7.996619e-01	4.923801e-01	3.251015e-01	7.276307e-01	5.298430e-01	4.918311e-01	4.711018e-01	5.295304e-01	5.171723e-01	5.157399e-01	4.976300e-01	4.558626e-01	5.378632e-01	4.715118e-01	0.000000e+00	1	8.551221e-02
5.175794e-01	8.601244e-01	1.090917e-01	6.891357e-02	6.551400e-01	4.463589e-01	4.817056e-01	5.033586e-01	4.932091e-01	5.176450e-01	4.940188e-01	5.399411e-01	4.823245e-01	4.461394e-01	4.635460e-01	0.000000e+00	1	8.470287e-02
1.687897e-01	2.881599e-01	9.604705e-01	7.869718e-01	6.626705e-01	4.930223e-01	4.956980e-01	5.095976e-01	4.942645e-01	5.298324e-01	4.715226e-01	4.900658e-01	3.920598e-01	4.932619e-01	4.435713e-01	0.000000e+00	1	8.462486e-02
5.322106e-01	4.943630e-01	7.511763e-01	5.106782e-01	4.765398e-01	4.876633e-01	4.748572e-01	4.841343e-01	5.426218e-01	5.355107e-01	6.223166e-01	3.805106e-01	6.067922e-01	5.111388e-01	4.920631e-01	0.000000e+00	1	8.206439e-02
8.304716e-01	1.665427e-01	5.400820e-01	3.613674e-01	1.259964e-01	4.971002e-01	4.661006e-01	4.546132e-01	5.025779e-01	4.907201e-01	4.741931e-01	5.140712e-01	5.123619e-01	5.131219e-01	5.066665e-01	0.000000e+00	1	8.150822e-02
3.853981e-01	8.705648e-01	3.215861e-01	2.073770e-01	7.346787e-01	4.930223e-01	4.925642e-01	5.300830e-01	4.831413e-01	5.303680e-01	4.840192e-01	4.900658e-01	4.602288e-01	4.932619e-01	4.734011e-01	0.000000e+00	1	8.059819e-02
2.178383e-01	9.030606e-01	4.184187e-01	2.694168e-01	8.493119e-01	4.790627e-01	5.200530e-01	4.726041e-01	5.171398e-01	4.900159e-01	4.798202e-01	4.900382e-01	4.434379e-01	5.019448e-01	6.146799e-01	0.000000e+00	1	8.057084e-02
2.534580e-01	8.824063e-01	4.521566e-01	2.913357e-01	8.219342e-01	4.375925e-01	5.099107e-01	5.243988e-01	4.086323e-01	5.212393e-01	5.142737e-01	5.047066e-01	4.027559e-01	5.101722e-01	5.147300e-01	0.000000e+00	1	7.945544e-02
7.750455e-01	6.139619e-01	2.496129e-01	1.574258e-01	4.264994e-01	4.930704e-01	5.428069e-01	4.610087e-01	4.743231e-01	5.101416e-01	4.584525e-01	4.994853e-01	4.726187e-01	4.794392e-01	6.127747e-01	0.000000e+00	1	7.779761e-02
1.706516e-02	9.953598e-01	2.579767e-01	1.614235e-01	9.890864e-01	4.965896e-01	4.931074e-01	4.818815e-01	4.590993e-01	4.210282e-01	5.460597e-01	5.278830e-01	5.002904e-01	5.933355e-01	5.920964e-01	0.000000e+00	1	7.561619e-02
6.538600e-01	7.088266e-01	2.884094e-01	1.850049e-01	5.256654e-01	4.985392e-01	4.836114e-01	4.597430e-01	4.383251e-01	4.929778e-01	4.940712e-01	5.003162e-01	4.889371e-01	5.228622e-01	5.113035e-01	0.000000e+00	1	7.468300e-02
6.159986e-01	6.766271e-01	4.580127e-01	2.954444e-01	5.298378e-01	4.790627e-01	5.200530e-01	5.406546e-01	5.171398e-01	4.900159e-01	4.798202e-01	4.900382e-01	4.326160e-01	5.019448e-01	6.237702e-01	0.000000e+00	1	7.463963e-02
6.964153e-01	1.396591e-01	7.124472e-01	5.009694e-01	1.259964e-01	4.966767e-01	4.661006e-01	4.758019e-01	5.448670e-01	4.907201e-01	4.741931e-01	5.140712e-01	5.123619e-01	5.114805e-01	4.679330e-01	0.000000e+00	1	7.400919e-02
7.923724e-01	9.523247e-02	6.269295e-01	4.239055e-01	7.614786e-02	5.035060e-01	4.748572e-01	4.924775e-01	5.406407e-01	5.331823e-01	4.979588e-01	5.101853e-01	5.818145e-01	4.531388e-01	4.508058e-01	0.000000e+00	1	7.388577e-02
6.683157e-01	7.268984e-01	1.879270e-01	1.197286e-01	5.267149e-01	4.966767e-01	4.659544e-01	4.758019e-01	5.448670e-01	4.897110e-01	4.953083e-01	4.970560e-01	5.096529e-01	5.114805e-01	4.679330e-01	0.000000e+00	1	7.383008e-02
1.292112e-01	5.197786e-01	8.585073e-01	6.449016e-01	8.448875e-01	5.057129e-01	4.643854e-01	4.588207e-01	4.157786e-01	5.325989e-01	4.789387e-01	5.078806e-01	4.958993e-01	5.049486e-01	4.865929e-01	0.000000e+00	1	7.072692e-02
4.715265e-01	7.869274e-01	4.370248e-01	2.830254e-01	6.563331e-01	5.438557e-01	4.017440e-01	4.881084e-01	5.114422e-01	5.222071e-01	5.048700e-01	5.046699e-01	4.389473e-01	5.048906e-01	4.954399e-01	0.000000e+00	1	6.965473e-02
7.450466e-02	1.682965e-01	9.933145e-01	8.833639e-01	7.346787e-01	4.930223e-01	4.937708e-01	5.088531e-01	5.765149e-01	5.284371e-01	4.840192e-01	5.297596e-01	4.612832e-01	4.932619e-01	4.734011e-01	0.000000e+00	1	6.813593e-02
6.980749e-01	1.496783e-01	7.110772e-01	4.987205e-01	1.344653e-01	4.985392e-01	4.463786e-01	4.597430e-01	5.019460e-01	5.184397e-01	4.729560e-01	5.173313e-01	4.954141e-01	5.228622e-01	4.650002e-01	0.000000e+00	1	6.789072e-02
1.009630e+00	9.687748e-04	1.402051e-01	8.784412e-02	6.108582e-04	4.960855e-01	4.684171e-01	5.109854e-01	5.679100e-01	3.994285e-01	4.760419e-01	4.999516e-01	4.564218e-01	5.193108e-01	5.247702e-01	0.000000e+00	1	6.661016e-02
9.271915e-01	1.859389e-01	3.408696e-01	2.202467e-01	1.259964e-01	4.966767e-01	4.661006e-01	4.758019e-01	5.448670e-01	4.907201e-01	4.741931e-01	5.140712e-01	5.123619e-01	5.177610e-01	4.941761e-01	0.000000e+00	1	6.536680e-02
8.032125e-01	1.739663e-01	5.793254e-01	3.908958e-01	1.357870e-01	4.937025e-01	5.430483e-01	4.546132e-01	4.837975e-01	4.907201e-01	4.741931e-01	5.135077e-01	5.123619e-01	5.124077e-01	5.066665e-01	0.000000e+00	1	6.461341e-02
4.928250e-01	8.242747e-01	3.112202e-01	1.995070e-01	6.569472e-01	5.485711e-01	4.811517e-01	4.903494e-01	4.926221e-01	5.291035e-01	5.029415e-01	5.152776e-01	4.298503e-01	5.250254e-01	5.061533e-01	0.000000e+00	1	6.434416e-02
6.335708e-01	5.885151e-01	5.905727e-01	3.814588e-01	4.765398e-01	4.880868e-01	4.748572e-01	4.841343e-01	5.003326e-01	5.727385e-01	6.223166e-01	3.805106e-01	6.067922e-01	5.127802e-01	5.057779e-01	0.000000e+00	1	6.404576e-02
