1.002398e+00	4.177644e-06	1.290637e-03	8.196787e-04	2.653209e-06	5.185857e-01	5.062994e-01	5.290302e-01	5.043134e-01	4.901524e-01	5.236176e-01	4.990791e-01	5.181524e-01	4.935477e-01	5.112082e-01	0.000000e+00	1	1.000000e+14
1.641298e-15	1.715251e-20	1.015941e+00	1.000000e+00	6.653045e-06	5.067729e-01	4.971082e-01	4.915324e-01	5.204996e-01	5.035611e-01	4.760419e-01	4.086908e-01	5.155108e-01	5.063003e-01	4.213216e-01	0.000000e+00	1	1.000000e+14
1.958470e-21	1.619729e-15	1.002590e+00	1.000000e+00	9.999992e-01	4.857797e-01	4.646319e-01	4.944963e-01	5.029118e-01	4.869474e-01	5.273532e-01	5.003093e-01	5.003545e-01	5.133944e-01	5.004186e-01	0.000000e+00	1	1.000000e+14
6.574553e-02	9.991420e-01	4.365515e-17	2.775558e-17	9.581695e-01	4.950798e-01	4.816484e-01	4.932435e-01	5.149165e-01	4.882104e-01	4.809934e-01	4.988615e-01	4.998681e-01	5.071501e-01	5.109969e-01	0.000000e+00	1	1.000000e+14
1.595651e-15	4.061847e-16	1.019185e+00	1.000000e+00	1.586859e-01	4.830955e-01	4.624986e-01	4.411712e-01	5.031734e-01	3.883795e-01	5.318946e-01	5.003045e-01	5.035460e-01	4.769213e-01	5.004186e-01	0.000000e+00	1	1.000000e+14
3.566474e-05	1.001592e+00	9.599115e-04	6.101272e-04	9.999773e-01	5.103135e-01	5.049436e-01	5.153693e-01	4.987726e-01	4.794480e-01	5.264491e-01	5.009912e-01	5.010527e-01	4.910754e-01	4.955082e-01	0.000000e+00	1	1.000000e+14
7.147859e-02	8.136895e-01	6.155652e-01	4.111335e-01	9.442193e-01	5.060156e-01	4.541039e-01	4.915092e-01	5.209876e-01	3.788252e-01	4.648246e-01	5.096909e-01	4.941417e-01	4.370658e-01	5.116397e-01	0.000000e+00	1	1.424514e-01
1.252985e-01	7.748974e-01	6.472882e-01	4.389928e-01	8.979439e-01	5.199005e-01	5.002178e-01	5.314439e-01	3.935681e-01	4.888165e-01	4.772875e-01	5.265620e-01	5.156490e-01	4.972346e-01	5.557718e-01	0.000000e+00	1	1.421221e-01
3.508708e-01	8.750664e-01	3.565319e-01	2.301663e-01	7.572328e-01	5.036881e-01	4.646730e-01	4.767182e-01	5.055356e-01	5.091690e-01	5.175188e-01	5.091870e-01	5.592418e-01	5.019535e-01	5.461358e-01	0.000000e+00	1	1.250225e-01
8.245938e-01	5.686065e-01	4.828931e-02	3.066807e-02	3.843175e-01	4.855048e-01	4.967712e-01	4.944963e-01	5.155266e-01	4.869474e-01	4.758026e-01	5.365374e-01	5.003545e-01	5.133944e-01	4.941796e-01	0.000000e+00	1	1.206397e-01
5.339484e-01	7.583099e-01	4.245334e-01	2.732883e-01	6.094388e-01	4.935918e-01	5.001849e-01	5.169172e-01	6.177979e-01	5.198134e-01	4.635547e-01	5.076966e-01	5.228829e-01	5.279529e-01	5.518969e-01	0.000000e+00	1	1.170749e-01
1.004664e-01	2.319411e-01	9.772659e-01	8.388724e-01	7.397769e-01	4.842439e-01	4.725200e-01	4.847307e-01	5.143688e-01	5.124998e-01	5.803930e-01	5.111576e-01	4.967164e-01	5.350325e-01	5.004433e-01	0.000000e+00	1	1.149567e-01
4.928440e-02	6.530768e-01	7.674994e-01	5.502747e-01	9.520484e-01	4.988954e-01	4.560724e-01	5.557718e-01	5.136285e-01	5.004052e-01	4.789924e-01	5.413799e-01	5.296853e-01	5.257740e-01	4.944924e-01	0.000000e+00	1	1.129760e-01
5.666854e-01	4.683769e-01	7.028107e-01	4.856663e-01	4.397157e-01	6.133044e-01	4.773266e-01	4.982489e-01	5.048452e-01	4.767703e-01	5.519685e-01	4.830647e-01	5.062229e-01	4.927774e-01	4.908531e-01	0.000000e+00	1	1.101715e-01
5.010234e-01	4.560072e-02	8.744252e-01	6.676260e-01	5.778285e-02	5.044180e-01	5.000548e-01	4.746690e-01	5.118480e-01	5.788914e-01	4.824438e-01	5.310633e-01	5.223514e-01	5.043058e-01	4.975355e-01	0.000000e+00	1	1.094740e-01
2.440557e-01	9.708100e-01	6.572158e-02	4.173724e-02	8.432068e-01	4.916629e-01	4.969840e-01	4.987976e-01	5.037893e-01	5.207411e-01	4.983578e-01	4.942473e-01	4.734638e-01	4.563232e-01	4.998659e-01	0.000000e+00	1	1.054701e-01
3.113223e-01	9.090165e-01	2.944950e-01	1.893333e-01	7.899396e-01	5.087006e-01	4.962892e-01	4.732724e-01	5.200070e-01	4.953474e-01	5.299002e-01	4.532684e-01	5.147042e-01	4.969154e-01	5.209350e-01	0.000000e+00	1	1.047834e-01
2.208963e-01	9.539295e-01	2.386042e-01	1.521657e-01	8.551347e-01	5.152870e-01	4.646730e-01	5.139315e-01	5.055356e-01	5.091690e-01	5.175188e-01	5.091870e-01	5.592418e-01	5.019535e-01	5.461358e-01	0.000000e+00	1	1.034890e-01
7.673772e-01	4.933624e-01	4.511217e-01	2.923565e-01	3.637532e-01	5.086942e-01	4.969875e-01	5.119660e-01	4.772752e-01	6.242443e-01	5.293155e-01	4.856011e-01	4.780002e-01	4.981145e-01	5.002313e-01	0.000000e+00	1	1.033498e-01
9.427387e-01	3.650577e-01	2.132232e-01	1.323321e-01	2.351994e-01	5.170707e-01	4.962892e-01	4.732724e-01	5.200070e-01	4.859719e-01	4.629441e-01	4.102819e-01	6.340545e-01	4.391926e-01	5.220377e-01	0.000000e+00	1	1.027342e-01
4.326039e-01	1.815941e-01	8.902154e-01	6.912147e-01	2.530133e-01	4.868989e-01	4.775148e-01	4.989019e-01	4.942278e-01	5.154472e-01	4.338459e-01	5.003787e-01	5.147439e-01	5.269853e-01	5.032799e-01	0.000000e+00	1	1.016774e-01
1.452294e-01	3.352831e-01	9.339959e-01	7.626027e-01	7.397769e-01	5.098417e-01	4.725200e-01	4.847307e-01	5.144772e-01	5.124998e-01	5.104265e-01	4.667957e-01	5.038544e-01	4.843214e-01	5.004433e-01	0.000000e+00	1	9.973937e-02
3.853108e-01	9.298094e-01	1.927957e-02	1.219319e-02	7.499000e-01	5.076759e-01	4.811993e-01	4.733738e-01	4.666823e-01	5.084390e-01	5.201704e-01	4.814946e-01	5.588176e-01	5.124414e-01	4.984647e-01	0.000000e+00	1	9.571815e-02
3.266955e-02	8.230666e-01	6.792440e-01	4.389928e-01	9.747442e-01	5.199005e-01	5.002653e-01	5.314439e-01	4.766735e-01	4.812589e-01	4.719146e-01	2.875222e-01	5.156490e-01	4.972346e-01	3.614990e-01	0.000000e+00	1	9.561938e-02
7.115039e-01	3.143356e-01	6.585489e-01	4.472477e-01	2.648376e-01	5.169715e-01	4.934678e-01	5.118511e-01	5.053485e-01	3.982701e-01	5.062546e-01	4.765224e-01	5.856462e-01	4.810709e-01	4.929972e-01	0.000000e+00	1	9.362437e-02
3.645476e-01	8.895454e-01	3.299971e-01	2.105065e-01	7.523948e-01	4.949566e-01	4.894567e-01	5.225933e-01	5.639707e-01	5.800171e-01	4.771883e-01	5.082156e-01	5.170545e-01	4.826524e-01	4.360807e-01	0.000000e+00	1	9.353706e-02
9.144667e-01	2.296099e-01	3.411307e-01	2.210055e-01	1.566089e-01	5.202848e-01	5.053252e-01	4.898184e-01	5.170743e-01	5.117009e-01	4.833008e-01	4.732913e-01	5.231091e-01	4.918722e-01	5.101128e-01	0.000000e+00	1	9.100576e-02
8.642889e-01	1.466969e-01	5.125967e-01	3.368419e-01	1.070342e-01	5.071798e-01	4.962892e-01	4.732724e-01	5.185861e-01	4.380286e-01	4.630967e-01	4.101535e-01	5.064340e-01	5.326279e-01	5.030327e-01	0.000000e+00	1	8.878932e-02
5.204460e-01	7.270463e-01	4.622660e-01	3.037680e-01	6.044838e-01	4.968948e-01	4.997125e-01	5.297963e-01	4.670810e-01	5.190628e-01	4.974461e-01	5.094177e-01	4.986066e-01	4.359694e-01	4.965492e-01	0.000000e+00	1	8.699856e-02
9.823531e-01	1.597747e-01	1.294924e-01	8.236719e-02	1.026442e-01	5.174432e-01	5.040493e-01	4.898184e-01	4.642847e-01	5.117009e-01	4.833008e-01	4.732913e-01	5.231091e-01	4.905869e-01	5.140908e-01	0.000000e+00	1	8.627861e-02
8.820726e-01	4.433111e-01	1.744746e-01	1.113634e-01	2.964793e-01	5.160059e-01	5.040346e-01	5.126158e-01	4.951047e-01	5.117009e-01	4.833008e-01	4.713084e-01	5.230619e-01	4.907720e-01	5.139413e-01	0.000000e+00	1	8.479259e-02
6.675219e-01	5.317630e-01	5.431768e-01	3.608332e-01	4.282402e-01	4.989321e-01	5.625094e-01	5.331048e-01	4.670810e-01	4.683830e-01	5.240446e-01	5.094177e-01	5.062984e-01	4.384942e-01	4.926327e-01	0.000000e+00	1	8.419260e-02
5.284070e-01	8.316656e-01	2.203284e-01	1.400494e-01	6.396640e-01	4.957852e-01	4.999778e-01	5.486278e-01	5.137547e-01	5.068677e-01	4.971918e-01	5.152884e-01	5.080355e-01	5.002725e-01	5.821059e-01	0.000000e+00	1	8.416784e-02
1.818875e-01	5.353243e-01	8.462288e-01	6.250267e-01	7.914860e-01	5.171427e-01	4.961959e-01	5.601971e-01	5.172711e-01	4.913126e-01	5.103955e-01	4.095305e-01	5.063201e-01	5.520671e-01	5.487096e-01	0.000000e+00	1	8.396311e-02
6.027965e-01	2.586460e-01	7.919498e-01	5.596254e-01	2.580338e-01	4.996065e-01	4.058182e-01	5.557718e-01	5.064704e-01	4.389980e-01	5.290256e-01	3.946384e-01	4.908283e-01	4.774970e-01	4.933828e-01	0.000000e+00	1	8.262973e-02
7.839553e-01	6.245165e-01	1.021853e-01	6.468040e-02	4.282402e-01	5.003221e-01	4.900514e-01	5.237480e-01	4.666606e-01	4.533254e-01	5.240446e-01	5.311322e-01	5.062984e-01	5.258933e-01	4.641442e-01	0.000000e+00	1	8.235802e-02
3.010064e-01	2.217697e-02	9.554879e-01	8.052174e-01	4.681906e-02	4.842439e-01	4.725200e-01	5.050602e-01	5.149067e-01	5.111194e-01	5.175188e-01	4.845723e-01	4.962864e-01	4.904460e-01	5.000790e-01	0.000000e+00	1	8.235607e-02
5.836149e-01	1.757538e-01	8.047854e-01	5.873503e-01	1.862168e-01	5.160170e-01	5.000548e-01	5.118822e-01	5.118480e-01	5.097944e-01	4.824438e-01	4.100774e-01	5.223856e-01	5.025721e-01	4.975355e-01	0.000000e+00	1	8.199758e-02
9.331082e-01	4.171559e-01	1.051011e-01	6.523277e-02	2.676393e-01	5.148316e-01	4.965937e-01	4.732235e-01	5.108992e-01	3.889960e-01	3.847936e-01	4.777793e-01	4.985507e-01	4.827963e-01	5.068158e-01	0.000000e+00	1	8.146164e-02
5.707185e-01	3.038082e-01	7.806018e-01	5.596254e-01	3.114169e-01	4.980621e-01	4.312267e-01	5.557718e-01	5.193072e-01	4.389980e-01	5.290871e-01	4.840374e-01	5.024378e-01	4.774970e-01	4.940361e-01	0.000000e+00	1	7.961118e-02
2.708752e-01	3.495733e-01	9.155206e-01	7.135258e-01	5.803203e-01	4.870219e-01	4.775148e-01	4.989019e-01	4.960457e-01	5.154472e-01	4.338459e-01	5.013089e-01	5.147439e-01	5.269853e-01	6.023875e-01	0.000000e+00	1	7.919562e-02
2.296590e-01	5.120343e-01	8.399409e-01	6.250267e-01	7.315854e-01	5.087957e-01	5.063471e-01	5.601971e-01	5.719602e-01	5.136857e-01	5.107827e-01	5.013460e-01	5.063201e-01	5.290572e-01	4.928820e-01	0.000000e+00	1	7.909468e-02
2.579593e-01	7.040793e-01	6.641645e-01	4.614708e-01	7.764252e-01	4.933659e-01	4.773266e-01	4.945529e-01	4.881477e-01	5.117044e-01	5.186047e-01	4.830647e-01	5.063385e-01	4.927774e-01	4.899692e-01	0.000000e+00	1	7.818310e-02
6.549888e-01	8.733982e-02	7.760949e-01	5.509790e-01	8.439255e-02	5.182061e-01	5.043487e-01	5.107106e-01	5.153228e-01	3.982701e-01	5.062546e-01	4.784540e-01	5.856462e-01	4.810709e-01	4.929972e-01	0.000000e+00	1	7.750708e-02
4.097454e-01	5.723597e-01	7.283928e-01	5.108817e-01	6.044620e-01	4.957852e-01	4.922328e-01	5.282859e-01	5.070041e-01	5.106053e-01	4.761755e-01	4.897264e-01	5.698120e-01	4.817917e-01	4.224134e-01	0.000000e+00	1	7.743438e-02
6.386882e-01	1.142275e-01	7.833527e-01	5.596254e-01	1.126664e-01	4.988954e-01	4.570398e-01	5.557718e-01	5.193072e-01	4.389980e-01	4.789924e-01	4.244708e-01	5.296853e-01	5.323216e-01	4.940361e-01	0.000000e+00	1	7.741958e-02
7.132723e-01	3.964988e-01	5.864216e-01	3.966752e-01	3.229901e-01	5.109235e-01	4.900693e-01	4.411712e-01	5.031734e-01	4.927809e-01	5.254821e-01	5.000695e-01	5.032583e-01	4.856997e-01	4.823382e-01	0.000000e+00	1	7.628048e-02
4.610348e-01	5.919239e-01	6.678421e-01	4.630318e-01	5.787318e-01	4.946919e-01	5.008346e-01	5.486278e-01	5.173601e-01	5.065267e-01	5.178717e-01	4.634730e-01	5.077387e-01	4.997323e-01	4.970045e-01	0.000000e+00	1	7.248255e-02
5.105010e-01	7.250100e-01	5.323638e-01	3.442207e-01	6.094388e-01	4.935918e-01	5.001849e-01	3.983328e-01	6.177979e-01	5.198134e-01	4.737465e-01	4.103176e-01	5.058546e-01	5.288435e-01	5.001536e-01	0.000000e+00	1	7.231098e-02
1.653301e-01	9.921214e-01	2.658440e-01	1.645033e-01	8.948777e-01	4.630046e-01	5.015069e-01	4.924771e-01	5.224820e-01	5.079112e-01	5.282921e-01	5.445930e-01	5.036980e-01	6.885242e-01	4.983581e-01	0.000000e+00	1	7.035548e-02
9.259483e-01	3.716295e-01	1.763366e-01	1.113634e-01	2.429785e-01	5.160059e-01	5.040346e-01	5.126158e-01	4.951047e-01	5.807979e-01	4.833008e-01	4.278513e-01	5.230277e-01	4.925056e-01	5.122416e-01	0.000000e+00	1	6.606838e-02
1.875084e-01	5.289535e-01	8.399793e-01	6.250267e-01	7.831236e-01	5.087957e-01	4.987304e-01	5.601971e-01	5.719602e-01	5.136857e-01	5.107827e-01	5.013460e-01	5.063201e-01	5.290572e-01	4.883582e-01	0.000000e+00	1	6.478229e-02
1.740957e-01	3.685780e-02	9.950562e-01	8.873388e-01	1.328176e-01	4.699844e-01	4.560724e-01	5.628001e-01	4.568752e-01	4.753756e-01	5.107100e-01	5.002982e-01	5.148112e-01	4.961893e-01	5.354163e-01	0.000000e+00	1	6.475195e-02
7.441666e-01	6.030396e-01	3.938998e-01	2.483832e-01	4.335531e-01	5.157422e-01	4.982320e-01	3.247321e-01	5.258211e-01	4.916323e-01	4.886627e-01	5.071332e-01	5.127596e-01	4.856997e-01	4.416068e-01	0.000000e+00	1	6.455732e-02
9.902985e-01	2.520877e-01	1.308775e-02	8.153076e-03	1.586859e-01	5.184475e-01	4.322407e-01	4.411712e-01	5.031734e-01	3.883795e-01	5.235902e-01	5.003045e-01	5.036821e-01	4.771947e-01	5.034991e-01	0.000000e+00	1	6.430967e-02
4.574555e-01	9.223054e-02	8.931400e-01	6.934799e-01	1.266551e-01	4.932744e-01	5.000739e-01	5.188797e-01	5.454595e-01	5.198134e-01	4.644454e-01	5.076966e-01	5.228621e-01	5.038860e-01	5.546252e-01	0.000000e+00	1	6.427369e-02
