1.004262e+00	3.836724e-06	1.293037e-03	8.196787e-04	2.432168e-06	5.185857e-01	5.062994e-01	5.290302e-01	5.043134e-01	5.175555e-01	5.236176e-01	4.990791e-01	5.181524e-01	4.588352e-01	5.112082e-01	0.000000e+00	1	1.000000e+14
1.641298e-15	1.715251e-20	1.015941e+00	1.000000e+00	6.653045e-06	5.067729e-01	4.971082e-01	4.915324e-01	5.204996e-01	5.035611e-01	4.760419e-01	4.086908e-01	5.155108e-01	5.063003e-01	4.213216e-01	0.000000e+00	1	1.000000e+14
1.958470e-21	1.619729e-15	1.002590e+00	1.000000e+00	9.999992e-01	4.857797e-01	4.646319e-01	4.944963e-01	5.029118e-01	4.869474e-01	5.273532e-01	5.003093e-01	5.003545e-01	5.133944e-01	5.004186e-01	0.000000e+00	1	1.000000e+14
1.212405e-06	1.002705e+00	1.155563e-02	7.336372e-03	9.999992e-01	5.196011e-01	4.646319e-01	4.944963e-01	5.072791e-01	4.869474e-01	4.726971e-01	5.003093e-01	5.003545e-01	5.116042e-01	5.015763e-01	0.000000e+00	1	1.000000e+14
9.947502e-01	1.117859e-01	4.364246e-17	2.775558e-17	7.124180e-02	4.916021e-01	4.822081e-01	4.938302e-01	5.059377e-01	4.868194e-01	4.817347e-01	4.988615e-01	4.996930e-01	5.064421e-01	5.009256e-01	0.000000e+00	1	1.000000e+14
1.530922e-15	6.071764e-16	1.019429e+00	1.000000e+00	2.403743e-01	5.067729e-01	4.971082e-01	4.935030e-01	5.204996e-01	5.035611e-01	4.760419e-01	4.086908e-01	4.905417e-01	4.795857e-01	4.026257e-01	0.000000e+00	1	1.000000e+14
2.953095e-01	6.691753e-01	6.992219e-01	4.856663e-01	7.354217e-01	5.114941e-01	4.546520e-01	5.702923e-01	5.048452e-01	4.767703e-01	5.485751e-01	4.690022e-01	5.062229e-01	5.274078e-01	4.908531e-01	0.000000e+00	1	1.466841e-01
3.375275e-01	9.521512e-01	4.695598e-02	2.956981e-02	7.831236e-01	4.946964e-01	5.097448e-01	5.601971e-01	5.719602e-01	5.113343e-01	4.838400e-01	4.686641e-01	5.058440e-01	5.290572e-01	4.889606e-01	0.000000e+00	1	1.416845e-01
3.613242e-01	8.816799e-01	3.270792e-01	2.105065e-01	7.523948e-01	5.132942e-01	4.894567e-01	4.702280e-01	5.075859e-01	5.113199e-01	4.618251e-01	5.030330e-01	5.214544e-01	4.930922e-01	4.360807e-01	0.000000e+00	1	1.323413e-01
2.556295e-01	7.091015e-01	6.676404e-01	4.614708e-01	7.797320e-01	4.933659e-01	4.755469e-01	4.935757e-01	5.569234e-01	4.829006e-01	4.584818e-01	4.830647e-01	4.827101e-01	4.943488e-01	5.193941e-01	0.000000e+00	1	1.175189e-01
4.097454e-01	5.723597e-01	7.283928e-01	5.108817e-01	6.044620e-01	4.957852e-01	4.922328e-01	5.282859e-01	5.070041e-01	5.106053e-01	4.761755e-01	4.897264e-01	5.698120e-01	4.817917e-01	4.224134e-01	0.000000e+00	1	1.156753e-01
4.238817e-01	1.666872e-01	9.320851e-01	7.106314e-01	2.385193e-01	5.067729e-01	4.731859e-01	4.940053e-01	5.479121e-01	5.029175e-01	5.194700e-01	4.086908e-01	4.901792e-01	3.734229e-01	4.026257e-01	0.000000e+00	1	1.119853e-01
1.728784e-01	7.332275e-01	6.672513e-01	4.614708e-01	8.525916e-01	4.928072e-01	4.773266e-01	5.158852e-01	4.325386e-01	5.117044e-01	5.186047e-01	4.835308e-01	5.063385e-01	4.909214e-01	4.899692e-01	0.000000e+00	1	1.119661e-01
3.774625e-01	6.958197e-01	6.413532e-01	4.334896e-01	6.835714e-01	4.829773e-01	4.999581e-01	5.093477e-01	6.132996e-01	5.199822e-01	4.755532e-01	5.263984e-01	5.250169e-01	5.279529e-01	5.499654e-01	0.000000e+00	1	1.108750e-01
8.291432e-01	1.443799e-01	5.721658e-01	3.801042e-01	1.097550e-01	5.071798e-01	4.895254e-01	4.903272e-01	5.009175e-01	6.020910e-01	4.630967e-01	4.937987e-01	5.219039e-01	5.341910e-01	4.370318e-01	0.000000e+00	1	1.072816e-01
7.934333e-01	8.916274e-02	6.122258e-01	4.164512e-01	7.124180e-02	4.947075e-01	4.791892e-01	5.603829e-01	5.353342e-01	5.176410e-01	4.817347e-01	5.026117e-01	5.065396e-01	5.064421e-01	4.934398e-01	0.000000e+00	1	1.046122e-01
6.733465e-01	6.015172e-01	4.609482e-01	3.005039e-01	4.641690e-01	5.697607e-01	4.948517e-01	4.996669e-01	5.269008e-01	5.011515e-01	5.001947e-01	4.103927e-01	5.060712e-01	4.924588e-01	4.968536e-01	0.000000e+00	1	1.034638e-01
4.326039e-01	1.815941e-01	8.902154e-01	6.912147e-01	2.530133e-01	4.868989e-01	4.775148e-01	4.989019e-01	4.942278e-01	5.154472e-01	4.338459e-01	5.003787e-01	5.147439e-01	5.269853e-01	5.032799e-01	0.000000e+00	1	1.032645e-01
2.055777e-01	8.330437e-01	5.404935e-01	3.578628e-01	8.459731e-01	4.956157e-01	5.695521e-01	4.436810e-01	5.072535e-01	5.109116e-01	4.618251e-01	5.081412e-01	5.044202e-01	4.841751e-01	4.360807e-01	0.000000e+00	1	1.026771e-01
4.641577e-01	8.522146e-01	2.717676e-01	1.738334e-01	6.825015e-01	4.916841e-01	4.455234e-01	5.050785e-01	5.084497e-01	5.095742e-01	4.662829e-01	4.997668e-01	5.039281e-01	5.581097e-01	5.000818e-01	0.000000e+00	1	1.004823e-01
3.164008e-01	4.419698e-01	8.582247e-01	6.405798e-01	6.044620e-01	5.141856e-01	5.047246e-01	5.282859e-01	5.070041e-01	5.106053e-01	4.830070e-01	5.587344e-01	5.698120e-01	4.925709e-01	4.224134e-01	0.000000e+00	1	9.845922e-02
8.219269e-01	5.439192e-01	1.954682e-01	1.246394e-01	3.721671e-01	4.928645e-01	4.871909e-01	4.970274e-01	4.946496e-01	5.064991e-01	4.842817e-01	5.229290e-01	5.243281e-01	4.476934e-01	4.799243e-01	0.000000e+00	1	9.658345e-02
7.912915e-01	6.106207e-01	1.018998e-01	6.468040e-02	4.184057e-01	5.025077e-01	4.900514e-01	5.169600e-01	4.666606e-01	5.108482e-01	5.240446e-01	5.294222e-01	5.062984e-01	5.280858e-01	4.719569e-01	0.000000e+00	1	9.441694e-02
1.750625e-02	5.377751e-01	8.452064e-01	6.391010e-01	9.792834e-01	4.913475e-01	4.824179e-01	5.101717e-01	5.060587e-01	4.880140e-01	5.102732e-01	4.782486e-01	5.227162e-01	5.132932e-01	5.002584e-01	0.000000e+00	1	9.324599e-02
8.579589e-01	4.192015e-01	3.429427e-01	2.195038e-01	2.893365e-01	4.412610e-01	4.899211e-01	5.259304e-01	5.023485e-01	4.102728e-01	5.165675e-01	4.768540e-01	4.679016e-01	4.810709e-01	4.885893e-01	0.000000e+00	1	9.287048e-02
5.980181e-01	1.069538e-01	8.125987e-01	5.913093e-01	1.126664e-01	4.988954e-01	4.575579e-01	5.204851e-01	5.211061e-01	4.379377e-01	4.789924e-01	4.244708e-01	5.294171e-01	5.321768e-01	4.957201e-01	0.000000e+00	1	9.279124e-02
7.444239e-01	5.930249e-01	3.316817e-01	2.134790e-01	4.282402e-01	4.989321e-01	4.824140e-01	5.331048e-01	4.783738e-01	4.687913e-01	5.240446e-01	5.094921e-01	5.233326e-01	4.384942e-01	4.926327e-01	0.000000e+00	1	8.979188e-02
7.107446e-01	6.363707e-01	3.599244e-01	2.296706e-01	4.648880e-01	5.716870e-01	4.556700e-01	5.156293e-01	5.274059e-01	5.133249e-01	5.014765e-01	4.861402e-01	4.767716e-01	4.849484e-01	3.979943e-01	0.000000e+00	1	8.849854e-02
9.193348e-01	3.539590e-01	2.330125e-01	1.478633e-01	2.339725e-01	5.026018e-01	4.900514e-01	4.972551e-01	4.666606e-01	5.150935e-01	5.240446e-01	4.040670e-01	5.059981e-01	5.280858e-01	4.843555e-01	0.000000e+00	1	8.775707e-02
1.633520e-01	9.866468e-01	1.573319e-01	9.933860e-02	8.955470e-01	5.074516e-01	4.722500e-01	5.298962e-01	5.086205e-01	5.004918e-01	5.240569e-01	5.955621e-01	5.068789e-01	5.287380e-01	5.000790e-01	0.000000e+00	1	8.542760e-02
5.995582e-01	2.572565e-01	7.876954e-01	5.596254e-01	2.580338e-01	5.159035e-01	4.058182e-01	5.308481e-01	5.064704e-01	5.099845e-01	5.290259e-01	3.946054e-01	5.111552e-01	4.774970e-01	5.000233e-01	0.000000e+00	1	8.501868e-02
9.361026e-01	3.725462e-01	1.204994e-01	7.578046e-02	2.411262e-01	4.097125e-01	5.020200e-01	4.949422e-01	4.835301e-01	5.119074e-01	4.833008e-01	4.255384e-01	5.055504e-01	5.052073e-01	5.146843e-01	0.000000e+00	1	8.480941e-02
7.266010e-01	4.674283e-01	5.151907e-01	3.423109e-01	3.639278e-01	4.928645e-01	5.051492e-01	4.982510e-01	5.084952e-01	5.064991e-01	4.754834e-01	5.229290e-01	4.774859e-01	4.393305e-01	4.799243e-01	0.000000e+00	1	8.449402e-02
2.099505e-01	9.361018e-01	3.073282e-01	1.973640e-01	8.595422e-01	4.956157e-01	4.818741e-01	4.693396e-01	5.185463e-01	5.113199e-01	4.813776e-01	5.080806e-01	5.219657e-01	5.131589e-01	4.325221e-01	0.000000e+00	1	8.383726e-02
4.841928e-01	8.625272e-01	1.748161e-01	1.113634e-01	6.743518e-01	5.120559e-01	4.996870e-01	5.474181e-01	4.951047e-01	5.117009e-01	4.833008e-01	4.713084e-01	5.230619e-01	4.907720e-01	5.139413e-01	0.000000e+00	1	8.305918e-02
2.533179e-02	7.781682e-01	6.307984e-01	4.334896e-01	9.792834e-01	4.944529e-01	4.793990e-01	5.101717e-01	5.011126e-01	5.188356e-01	5.102732e-01	4.819987e-01	5.228906e-01	5.132932e-01	5.002584e-01	0.000000e+00	1	8.292413e-02
9.831626e-01	3.219278e-01	9.270159e-03	5.704451e-03	2.014508e-01	5.177342e-01	5.145502e-01	5.270780e-01	5.061419e-01	4.261101e-01	5.251270e-01	3.711739e-01	5.671464e-01	4.925262e-01	4.224134e-01	0.000000e+00	1	8.287572e-02
1.291825e-01	2.057496e-01	9.808666e-01	8.454318e-01	6.430758e-01	5.179964e-01	5.070456e-01	5.293485e-01	5.007702e-01	5.133188e-01	5.803930e-01	4.813023e-01	5.302669e-01	5.350325e-01	5.116675e-01	0.000000e+00	1	8.267740e-02
5.645118e-02	9.595341e-01	2.946002e-01	1.893333e-01	9.625896e-01	5.087006e-01	4.962892e-01	4.732724e-01	5.225617e-01	4.960177e-01	5.299002e-01	4.532684e-01	5.300549e-01	4.969154e-01	4.973137e-01	0.000000e+00	1	8.210475e-02
9.729516e-01	5.088222e-02	3.121091e-01	1.973640e-01	3.326285e-02	6.272157e-01	4.971623e-01	4.693396e-01	5.002471e-01	5.113199e-01	4.761232e-01	5.080806e-01	5.226517e-01	5.128525e-01	4.330789e-01	0.000000e+00	1	8.011611e-02
8.848579e-01	1.550002e-01	4.442187e-01	2.923565e-01	1.103964e-01	5.073524e-01	5.094384e-01	5.021312e-01	5.020661e-01	5.121049e-01	5.365641e-01	5.006117e-01	4.780002e-01	4.934999e-01	5.002325e-01	0.000000e+00	1	7.814969e-02
4.993262e-01	4.544626e-02	8.714633e-01	6.676260e-01	5.778285e-02	5.044180e-01	5.000548e-01	5.028306e-01	5.154320e-01	5.089562e-01	4.824438e-01	5.329248e-01	4.428820e-01	5.043058e-01	4.803438e-01	0.000000e+00	1	7.784898e-02
7.821195e-01	3.909596e-01	5.792130e-01	3.724581e-01	2.951020e-01	5.094215e-01	4.961777e-01	4.813580e-01	6.614351e-01	4.166792e-01	4.385565e-01	4.129737e-01	4.600773e-01	5.442430e-01	5.218407e-01	0.000000e+00	1	7.712716e-02
5.371515e-01	7.628589e-01	3.904973e-01	2.523475e-01	6.094388e-01	4.935918e-01	5.001849e-01	5.169172e-01	5.767912e-01	5.107029e-01	4.635547e-01	5.076966e-01	5.268116e-01	4.831731e-01	5.518969e-01	0.000000e+00	1	7.654138e-02
6.229282e-01	7.993854e-01	1.202742e-01	7.520190e-02	5.785797e-01	5.182547e-01	5.062994e-01	4.906131e-01	5.043134e-01	3.699311e-01	5.236176e-01	4.765511e-01	5.057358e-01	4.942924e-01	5.444905e-01	0.000000e+00	1	7.321918e-02
5.143153e-01	2.206807e-01	8.336500e-01	6.236116e-01	2.580338e-01	5.145554e-01	5.312590e-01	5.308481e-01	5.085389e-01	5.063456e-01	5.290259e-01	5.189938e-01	5.111552e-01	4.774970e-01	5.000233e-01	0.000000e+00	1	7.252799e-02
8.765850e-02	9.413259e-01	3.650750e-01	2.346062e-01	9.408869e-01	5.089431e-01	4.723442e-01	4.771511e-01	5.033442e-01	5.024429e-01	5.238720e-01	5.955621e-01	5.082547e-01	4.522037e-01	5.004158e-01	0.000000e+00	1	7.232369e-02
7.719454e-01	4.059005e-01	5.777318e-01	3.724581e-01	3.081785e-01	5.094215e-01	4.961777e-01	4.729682e-01	6.614351e-01	4.137936e-01	4.818266e-01	4.178126e-01	4.600773e-01	5.471976e-01	5.302682e-01	0.000000e+00	1	7.172117e-02
4.402661e-01	8.179848e-01	3.797160e-01	2.470318e-01	6.856602e-01	4.931755e-01	4.564012e-01	5.050785e-01	5.031734e-01	5.115254e-01	4.662829e-01	4.997668e-01	5.039281e-01	4.831525e-01	5.004186e-01	0.000000e+00	1	7.153792e-02
1.399576e-01	2.894034e-01	9.589894e-01	7.940888e-01	7.132362e-01	5.356959e-01	5.065260e-01	5.226666e-01	5.044446e-01	5.133188e-01	5.803930e-01	4.793967e-01	5.302669e-01	5.383424e-01	5.116055e-01	0.000000e+00	1	7.098994e-02
3.049173e-01	4.908957e-01	8.326275e-01	6.137483e-01	6.461526e-01	5.147060e-01	3.974686e-01	4.906131e-01	5.046283e-01	4.942483e-01	5.236176e-01	4.990791e-01	5.084013e-01	4.935924e-01	5.444702e-01	0.000000e+00	1	7.009675e-02
5.732934e-01	4.998839e-01	6.892001e-01	4.686629e-01	4.565204e-01	6.374249e-01	4.773266e-01	4.982489e-01	5.074543e-01	4.611625e-01	5.519685e-01	5.048625e-01	5.060516e-01	4.483171e-01	5.050122e-01	0.000000e+00	1	7.004965e-02
3.967729e-01	5.542390e-01	7.535009e-01	5.318585e-01	6.044620e-01	4.957852e-01	4.922328e-01	5.282859e-01	5.070041e-01	5.197158e-01	4.402516e-01	4.897264e-01	5.658833e-01	5.265715e-01	4.224134e-01	0.000000e+00	1	6.896989e-02
1.057602e-01	2.186903e-01	9.807809e-01	8.454318e-01	7.132362e-01	5.182215e-01	5.065608e-01	5.203306e-01	5.007702e-01	5.133188e-01	5.803930e-01	4.784059e-01	5.302669e-01	5.383424e-01	5.116055e-01	0.000000e+00	1	6.732433e-02
7.119562e-01	2.506053e-01	6.882912e-01	4.706911e-01	2.154648e-01	6.374249e-01	4.728935e-01	4.982926e-01	5.048452e-01	4.773158e-01	5.197207e-01	4.830647e-01	5.060516e-01	4.755172e-01	4.967006e-01	0.000000e+00	1	6.565572e-02
2.272990e-01	6.305143e-01	7.501937e-01	5.357994e-01	7.797320e-01	4.933659e-01	4.926583e-01	4.898390e-01	5.110006e-01	4.829006e-01	4.584818e-01	4.814676e-01	4.833866e-01	5.258398e-01	5.485641e-01	0.000000e+00	1	6.502138e-02
