1.957962e-21	1.619309e-15	1.002330e+00	1.000000e+00	9.999992e-01	4.895558e-01	4.645971e-01	4.944963e-01	5.029118e-01	4.869474e-01	5.240617e-01	5.003093e-01	5.003545e-01	5.133944e-01	5.004186e-01	0.000000e+00	1	1.000000e+14
1.632572e-15	4.728839e-21	1.010540e+00	1.000000e+00	1.844006e-06	5.049240e-01	4.606932e-01	4.839114e-01	4.881244e-01	4.746185e-01	5.349925e-01	4.617852e-01	5.150910e-01	5.257123e-01	4.340251e-01	0.000000e+00	1	1.000000e+14
1.329415e-15	9.487639e-16	1.010958e+00	1.000000e+00	3.946035e-01	5.041963e-01	4.588284e-01	4.883511e-01	4.881244e-01	4.746185e-01	5.349925e-01	4.571722e-01	5.150910e-01	5.257123e-01	4.338441e-01	0.000000e+00	1	1.000000e+14
1.221898e-06	1.010556e+00	5.548028e-03	3.495055e-03	9.999992e-01	5.196011e-01	4.646319e-01	4.952090e-01	5.255333e-01	4.869474e-01	4.726971e-01	4.144643e-01	5.003545e-01	4.948515e-01	5.015763e-01	0.000000e+00	1	1.000000e+14
9.947502e-01	1.117859e-01	4.364246e-17	2.775558e-17	7.124180e-02	4.916021e-01	4.822081e-01	4.938302e-01	5.059377e-01	4.868194e-01	4.817347e-01	4.988615e-01	4.996930e-01	5.064421e-01	5.009256e-01	0.000000e+00	1	1.000000e+14
1.005900e+00	3.041932e-06	4.131206e-03	2.614567e-03	1.925196e-06	5.070008e-01	4.684000e-01	5.290302e-01	5.041397e-01	5.175555e-01	5.236291e-01	4.641892e-01	5.056403e-01	4.588352e-01	5.112082e-01	0.000000e+00	1	1.000000e+14
1.284155e-01	2.045280e-01	9.750428e-01	8.454318e-01	6.430758e-01	5.162922e-01	5.035711e-01	4.930210e-01	5.007702e-01	4.868706e-01	5.189626e-01	4.997851e-01	5.427021e-01	4.589376e-01	5.116675e-01	0.000000e+00	1	1.764499e-01
7.400208e-01	3.299513e-01	5.973688e-01	4.044464e-01	2.670060e-01	5.105737e-01	5.020200e-01	4.949422e-01	4.835301e-01	5.119074e-01	4.833008e-01	4.255384e-01	5.022223e-01	5.074446e-01	5.146184e-01	0.000000e+00	1	1.537814e-01
3.164008e-01	4.419698e-01	8.582247e-01	6.405798e-01	6.044620e-01	5.141856e-01	5.047246e-01	5.282859e-01	5.070041e-01	5.106053e-01	4.830070e-01	5.587344e-01	5.698120e-01	4.925709e-01	4.224134e-01	0.000000e+00	1	1.450737e-01
9.418592e-01	3.735491e-01	3.424565e-02	2.150858e-02	2.403743e-01	5.070176e-01	4.981059e-01	4.516240e-01	5.209499e-01	4.887113e-01	4.760419e-01	4.930241e-01	5.520119e-01	4.954009e-01	4.133892e-01	0.000000e+00	1	1.446729e-01
6.852262e-01	1.225507e-01	7.613048e-01	5.284641e-01	1.126664e-01	4.988954e-01	4.575579e-01	5.204851e-01	5.083801e-01	3.540833e-01	4.789924e-01	4.244708e-01	5.280563e-01	5.321768e-01	4.957201e-01	0.000000e+00	1	1.299720e-01
2.953095e-01	6.691753e-01	6.992219e-01	4.856663e-01	7.354217e-01	5.114941e-01	4.546520e-01	5.702923e-01	5.048452e-01	4.767703e-01	5.485751e-01	4.690022e-01	5.062229e-01	5.274078e-01	4.908531e-01	0.000000e+00	1	1.120806e-01
4.446842e-01	1.626613e-01	9.095987e-01	6.944481e-01	2.232450e-01	4.940458e-01	4.775148e-01	4.530938e-01	4.931361e-01	5.154756e-01	5.174191e-01	4.929208e-01	3.538751e-01	5.269853e-01	5.001564e-01	0.000000e+00	1	1.066328e-01
2.556295e-01	7.091015e-01	6.676404e-01	4.614708e-01	7.797320e-01	4.933659e-01	4.755469e-01	4.935757e-01	5.569234e-01	4.829006e-01	4.584818e-01	4.830647e-01	4.827101e-01	4.943488e-01	5.193941e-01	0.000000e+00	1	1.064797e-01
4.880622e-01	8.406015e-01	3.044962e-01	1.932646e-01	6.651122e-01	4.854733e-01	4.656241e-01	3.864910e-01	5.029118e-01	4.565569e-01	4.626597e-01	5.074820e-01	5.276516e-01	5.133944e-01	5.051785e-01	0.000000e+00	1	1.046259e-01
9.193348e-01	3.539590e-01	2.330125e-01	1.478633e-01	2.339725e-01	5.026018e-01	4.900514e-01	4.972551e-01	4.666606e-01	5.150935e-01	5.240446e-01	4.040670e-01	5.059981e-01	5.280858e-01	4.843555e-01	0.000000e+00	1	1.015834e-01
8.291432e-01	1.443799e-01	5.721658e-01	3.801042e-01	1.097550e-01	5.071798e-01	4.895254e-01	4.903272e-01	5.009175e-01	6.020910e-01	4.630967e-01	4.937987e-01	5.219039e-01	5.341910e-01	4.370318e-01	0.000000e+00	1	1.014712e-01
5.872827e-01	2.505557e-01	7.863198e-01	5.658127e-01	2.567202e-01	5.159035e-01	4.976107e-01	4.962953e-01	5.064704e-01	4.906995e-01	4.780554e-01	3.956126e-01	4.834459e-01	5.292001e-01	5.000233e-01	0.000000e+00	1	1.013196e-01
6.733465e-01	6.015172e-01	4.609482e-01	3.005039e-01	4.641690e-01	5.697607e-01	4.948517e-01	4.996669e-01	5.269008e-01	5.011515e-01	5.001947e-01	4.103927e-01	5.060712e-01	4.924588e-01	4.968536e-01	0.000000e+00	1	1.010225e-01
9.877514e-01	1.068576e-01	1.508403e-01	9.592220e-02	6.860440e-02	4.916021e-01	4.822081e-01	5.227431e-01	5.059377e-01	4.868194e-01	5.609710e-01	4.995727e-01	4.996930e-01	5.064421e-01	4.947555e-01	0.000000e+00	1	9.799821e-02
6.266776e-01	8.095679e-01	5.620627e-03	3.495055e-03	5.806327e-01	5.639367e-01	4.750139e-01	4.098106e-01	5.255333e-01	4.869474e-01	4.472644e-01	4.144643e-01	5.003545e-01	4.948515e-01	5.015763e-01	0.000000e+00	1	9.709364e-02
8.120956e-01	5.817112e-01	1.031419e-01	6.549953e-02	3.957151e-01	4.919326e-01	5.051492e-01	4.982510e-01	5.084952e-01	5.067619e-01	4.754834e-01	5.141273e-01	4.793567e-01	4.508955e-01	4.799243e-01	0.000000e+00	1	9.528765e-02
3.449348e-01	5.159106e-01	8.162689e-01	5.861634e-01	6.248172e-01	5.642766e-01	4.902541e-01	5.236657e-01	5.077489e-01	6.188905e-01	5.519685e-01	4.899651e-01	4.860603e-01	4.417384e-01	5.050122e-01	0.000000e+00	1	9.497111e-02
1.389034e-01	2.872235e-01	9.517657e-01	7.940888e-01	7.132362e-01	5.320466e-01	5.065260e-01	5.226666e-01	5.043405e-01	5.104695e-01	4.709360e-01	4.828695e-01	5.307438e-01	5.045580e-01	5.012272e-01	0.000000e+00	1	9.291124e-02
3.600800e-01	8.786439e-01	3.259529e-01	2.105065e-01	7.523948e-01	4.870788e-01	4.932711e-01	4.998487e-01	5.026442e-01	5.113053e-01	5.024239e-01	5.030330e-01	4.974405e-01	5.598486e-01	4.991909e-01	0.000000e+00	1	9.215471e-02
1.728784e-01	7.332275e-01	6.672513e-01	4.614708e-01	8.525916e-01	4.928072e-01	4.773266e-01	5.158852e-01	4.325386e-01	5.117044e-01	5.186047e-01	4.835308e-01	5.063385e-01	4.909214e-01	4.899692e-01	0.000000e+00	1	9.074186e-02
1.492862e-01	8.445730e-01	5.341682e-01	3.546148e-01	8.886219e-01	4.897024e-01	5.665604e-01	4.797497e-01	5.054158e-01	5.109315e-01	5.203700e-01	5.063409e-01	5.230233e-01	4.619172e-01	4.463541e-01	0.000000e+00	1	9.029549e-02
4.064427e-01	7.462473e-01	6.082753e-01	3.955118e-01	6.825015e-01	5.070513e-01	4.406068e-01	5.050785e-01	5.084497e-01	5.089406e-01	3.023919e-01	4.535321e-01	5.040674e-01	5.058805e-01	5.035238e-01	0.000000e+00	1	8.788993e-02
6.120278e-01	4.289471e-01	6.780954e-01	4.690826e-01	3.891685e-01	4.929712e-01	4.923253e-01	5.028691e-01	5.070041e-01	4.692960e-01	4.586948e-01	5.076198e-01	5.028065e-01	4.883705e-01	4.216672e-01	0.000000e+00	1	8.762993e-02
2.201501e-01	3.504896e-01	9.296800e-01	7.333478e-01	6.429576e-01	4.865141e-01	4.651697e-01	3.864910e-01	5.029118e-01	4.939702e-01	4.520394e-01	5.074820e-01	5.276516e-01	5.133944e-01	5.051785e-01	0.000000e+00	1	8.589976e-02
8.716378e-01	5.150737e-02	5.057603e-01	3.342305e-01	3.757584e-02	4.928326e-01	5.051492e-01	4.665511e-01	5.066695e-01	5.064991e-01	4.754834e-01	5.225074e-01	4.774859e-01	4.454427e-01	4.435737e-01	0.000000e+00	1	8.243609e-02
5.346356e-02	8.905684e-01	5.079282e-01	3.294842e-01	9.618276e-01	6.031317e-01	5.051492e-01	4.982510e-01	5.003238e-01	5.026415e-01	4.754834e-01	6.104070e-01	5.058440e-01	5.217692e-01	4.484768e-01	0.000000e+00	1	7.864977e-02
1.915583e-01	9.051741e-01	4.244723e-01	2.738296e-01	8.672336e-01	4.963506e-01	5.097448e-01	5.006086e-01	5.618805e-01	5.113343e-01	5.642696e-01	4.126476e-01	5.058440e-01	5.289992e-01	4.647536e-01	0.000000e+00	1	7.715207e-02
3.200048e-01	9.567978e-01	4.689494e-02	2.956981e-02	7.945254e-01	4.948334e-01	4.687394e-01	5.148498e-01	5.069839e-01	4.895870e-01	4.784308e-01	5.573696e-01	5.107130e-01	5.581027e-01	4.632106e-01	0.000000e+00	1	7.693331e-02
2.763910e-01	9.638058e-01	7.847527e-02	4.972533e-02	8.222075e-01	5.070008e-01	4.687989e-01	5.300153e-01	5.041397e-01	5.175555e-01	5.236291e-01	4.662413e-01	5.056403e-01	4.598074e-01	5.112082e-01	0.000000e+00	1	7.665320e-02
4.084243e-01	5.705144e-01	7.260444e-01	5.108817e-01	6.044620e-01	4.929712e-01	4.922328e-01	5.282859e-01	5.070041e-01	5.117716e-01	4.586948e-01	4.897264e-01	4.828152e-01	4.817917e-01	4.216672e-01	0.000000e+00	1	7.659474e-02
5.622579e-01	4.902615e-01	6.759335e-01	4.686629e-01	4.565204e-01	5.151632e-01	4.772829e-01	5.200364e-01	5.074377e-01	4.611625e-01	5.519685e-01	5.048625e-01	5.060516e-01	5.341870e-01	5.050122e-01	0.000000e+00	1	7.525155e-02
4.578680e-01	6.395806e-01	6.315477e-01	4.306793e-01	6.044620e-01	5.085067e-01	4.943881e-01	5.258257e-01	5.085754e-01	5.117716e-01	5.133429e-01	4.897264e-01	4.828152e-01	4.817917e-01	4.172484e-01	0.000000e+00	1	7.449778e-02
5.237367e-01	5.351396e-01	6.771565e-01	4.680492e-01	5.068554e-01	4.964766e-01	4.867762e-01	5.280073e-01	5.070041e-01	5.120529e-01	5.247098e-01	4.955070e-01	4.842817e-01	4.539881e-01	4.265076e-01	0.000000e+00	1	7.393214e-02
8.959555e-02	9.282831e-01	3.903294e-01	2.523475e-01	9.387448e-01	4.955483e-01	5.002116e-01	5.169172e-01	5.767912e-01	5.117503e-01	4.622386e-01	5.005240e-01	5.267278e-01	4.831731e-01	5.471370e-01	0.000000e+00	1	7.326234e-02
2.272990e-01	6.305143e-01	7.501937e-01	5.357994e-01	7.797320e-01	4.933659e-01	4.926583e-01	4.898390e-01	5.110006e-01	4.829006e-01	4.584818e-01	4.814676e-01	4.833866e-01	5.258398e-01	5.485641e-01	0.000000e+00	1	7.238020e-02
2.371024e-01	8.833491e-01	4.196039e-01	2.738279e-01	8.330579e-01	4.928072e-01	4.791746e-01	5.169034e-01	4.325386e-01	5.106238e-01	5.186047e-01	4.835308e-01	5.063385e-01	4.909214e-01	4.899692e-01	0.000000e+00	1	7.208364e-02
1.402440e-01	5.519431e-01	8.355252e-01	6.191358e-01	8.415927e-01	5.088708e-01	4.981729e-01	4.516240e-01	5.209499e-01	4.887113e-01	4.760419e-01	4.926096e-01	5.020268e-01	4.954009e-01	4.133892e-01	0.000000e+00	1	7.150818e-02
4.267271e-01	7.822270e-01	4.762403e-01	3.124793e-01	6.820697e-01	5.675233e-01	4.642958e-01	4.982517e-01	5.269093e-01	5.016781e-01	4.653186e-01	5.496215e-01	5.060712e-01	4.924588e-01	4.963187e-01	0.000000e+00	1	6.981725e-02
7.636528e-01	6.576052e-01	6.631114e-02	4.182900e-02	4.525863e-01	5.157131e-01	4.949555e-01	4.982489e-01	5.080384e-01	4.611625e-01	5.519685e-01	5.048625e-01	5.506928e-01	4.472129e-01	5.050122e-01	0.000000e+00	1	6.909895e-02
9.685801e-01	2.773061e-01	5.604241e-02	3.537584e-02	1.775167e-01	4.915126e-01	4.990877e-01	5.089825e-01	5.237267e-01	4.829006e-01	5.626660e-01	4.818822e-01	5.542758e-01	5.258398e-01	4.867809e-01	0.000000e+00	1	6.892478e-02
7.923786e-01	5.911291e-01	2.040103e-01	1.295581e-01	4.080402e-01	4.857797e-01	4.646319e-01	4.972909e-01	5.029118e-01	5.840978e-01	5.273532e-01	5.003093e-01	5.003545e-01	5.111614e-01	5.003294e-01	0.000000e+00	1	6.696012e-02
3.830432e-01	9.346774e-01	2.585127e-01	1.595019e-01	7.523948e-01	4.870788e-01	5.114819e-01	4.998487e-01	5.026442e-01	5.113053e-01	5.024740e-01	3.042204e-01	4.820043e-01	5.598486e-01	4.991909e-01	0.000000e+00	1	6.652315e-02
7.410114e-01	4.766986e-01	5.016256e-01	3.294842e-01	3.639278e-01	4.928645e-01	5.051492e-01	4.982510e-01	5.003101e-01	5.064991e-01	4.754834e-01	6.104070e-01	5.058466e-01	5.217692e-01	4.784186e-01	0.000000e+00	1	6.581968e-02
1.863559e-01	2.646614e-01	9.590553e-01	7.927786e-01	6.094388e-01	4.946326e-01	4.997305e-01	5.169172e-01	5.767912e-01	4.950564e-01	4.529343e-01	5.076966e-01	5.268116e-01	4.831731e-01	5.518969e-01	0.000000e+00	1	6.450039e-02
8.253378e-01	4.804513e-01	3.884878e-01	2.459586e-01	3.356093e-01	4.955483e-01	5.057397e-01	5.154341e-01	6.201325e-01	5.064822e-01	4.622386e-01	6.074568e-01	5.249411e-01	4.829838e-01	5.483726e-01	0.000000e+00	1	6.434001e-02
2.065721e-01	5.730191e-01	8.011135e-01	5.861435e-01	7.797320e-01	4.933659e-01	4.926583e-01	4.898390e-01	5.237267e-01	4.829006e-01	4.584818e-01	4.814676e-01	4.847473e-01	5.258398e-01	5.485641e-01	0.000000e+00	1	6.228881e-02
5.371515e-01	7.628589e-01	3.904973e-01	2.523475e-01	6.094388e-01	4.935918e-01	5.001849e-01	5.169172e-01	5.767912e-01	5.107029e-01	4.635547e-01	5.076966e-01	5.268116e-01	4.831731e-01	5.518969e-01	0.000000e+00	1	6.179443e-02
9.861842e-01	1.650371e-01	1.559055e-01	9.846973e-02	1.055596e-01	5.074516e-01	4.718512e-01	5.289112e-01	5.086205e-01	4.910218e-01	5.240569e-01	5.935100e-01	5.068789e-01	5.277658e-01	5.000790e-01	0.000000e+00	1	6.061185e-02
5.957287e-01	2.541590e-01	7.819734e-01	5.596254e-01	2.567202e-01	5.159035e-01	4.976107e-01	5.308481e-01	5.064704e-01	4.895016e-01	4.780554e-01	3.946054e-01	5.432735e-01	4.766895e-01	5.000233e-01	0.000000e+00	1	6.003077e-02
6.703073e-01	3.537848e-01	6.713341e-01	4.614708e-01	3.091651e-01	4.933659e-01	4.755469e-01	4.935757e-01	4.746567e-01	5.168731e-01	4.584818e-01	4.075701e-01	4.827101e-01	4.943488e-01	4.827908e-01	0.000000e+00	1	5.803166e-02
