1.004068e+00	4.609297e-07	2.612526e-02	1.656073e-02	2.922479e-07	5.069389e-01	4.662260e-01	5.290302e-01	5.041397e-01	5.173462e-01	5.244146e-01	4.641892e-01	5.038726e-01	5.128512e-01	5.000963e-01	0.000000e+00	1	1.000000e+14
2.202264e-07	1.014743e+00	5.571012e-03	3.495055e-03	9.999999e-01	5.182758e-01	4.597149e-01	4.948436e-01	5.048871e-01	4.695059e-01	4.822847e-01	4.144643e-01	5.003545e-01	4.948515e-01	4.354730e-01	0.000000e+00	1	1.000000e+14
9.947502e-01	1.117859e-01	4.364246e-17	2.775558e-17	7.124180e-02	4.916021e-01	4.822081e-01	4.938302e-01	5.059377e-01	4.868194e-01	4.817347e-01	4.988615e-01	4.996930e-01	5.064421e-01	5.009256e-01	0.000000e+00	1	1.000000e+14
1.630297e-15	4.722248e-21	1.009131e+00	1.000000e+00	1.844006e-06	4.950867e-01	4.606932e-01	4.839114e-01	4.882628e-01	4.737664e-01	5.364727e-01	4.915837e-01	5.079018e-01	5.257123e-01	4.340251e-01	0.000000e+00	1	1.000000e+14
1.957962e-21	1.619309e-15	1.002330e+00	1.000000e+00	9.999992e-01	4.895558e-01	4.645971e-01	4.944963e-01	5.029118e-01	4.869474e-01	5.240617e-01	5.003093e-01	5.003545e-01	5.133944e-01	5.004186e-01	0.000000e+00	1	1.000000e+14
5.828198e-01	2.486517e-01	7.803444e-01	5.658127e-01	2.567202e-01	5.118631e-01	5.049072e-01	5.460076e-01	4.835073e-01	4.906995e-01	4.780554e-01	4.692529e-01	4.835131e-01	5.294896e-01	5.000233e-01	0.000000e+00	1	1.452695e-01
7.553297e-01	6.502906e-01	1.931779e-01	1.218775e-01	4.525150e-01	5.213909e-01	4.948517e-01	5.610127e-01	5.159144e-01	5.011515e-01	5.515024e-01	4.103927e-01	5.060712e-01	4.924588e-01	4.975017e-01	0.000000e+00	1	1.357390e-01
3.164008e-01	4.419698e-01	8.582247e-01	6.405798e-01	6.044620e-01	5.141856e-01	5.047246e-01	5.282859e-01	5.070041e-01	5.106053e-01	4.830070e-01	5.587344e-01	5.698120e-01	4.925709e-01	4.224134e-01	0.000000e+00	1	1.301553e-01
8.710279e-02	9.806000e-01	2.328564e-01	1.478633e-01	9.435996e-01	5.026018e-01	4.743685e-01	5.304241e-01	4.652646e-01	4.857359e-01	5.266781e-01	4.149833e-01	5.000104e-01	5.210092e-01	4.843555e-01	0.000000e+00	1	1.165040e-01
6.766219e-01	6.884272e-01	3.466193e-01	2.194744e-01	5.055055e-01	4.822991e-01	4.731150e-01	3.864910e-01	5.285533e-01	4.551171e-01	4.586481e-01	5.070276e-01	5.497813e-01	5.678553e-01	5.051785e-01	0.000000e+00	1	1.134743e-01
5.098934e-01	7.207776e-01	5.271411e-01	3.426622e-01	6.080400e-01	4.948147e-01	4.782247e-01	4.652668e-01	4.673120e-01	5.364809e-01	5.153359e-01	4.032086e-01	6.082347e-01	5.280858e-01	4.543896e-01	0.000000e+00	1	1.122767e-01
8.988323e-01	5.311437e-02	4.548374e-01	2.977848e-01	3.757584e-02	4.963049e-01	5.052189e-01	4.653156e-01	5.067766e-01	5.131757e-01	5.146327e-01	5.224817e-01	4.502845e-01	4.426289e-01	4.714619e-01	0.000000e+00	1	1.043302e-01
9.563579e-01	2.032525e-01	3.510886e-01	2.194744e-01	1.333158e-01	4.815187e-01	4.731150e-01	3.287648e-01	5.285533e-01	4.551171e-01	4.788926e-01	4.926628e-01	5.222937e-01	5.678553e-01	5.051785e-01	0.000000e+00	1	1.013896e-01
2.922795e-01	9.654732e-01	5.538083e-03	3.495055e-03	8.128585e-01	5.199004e-01	5.053150e-01	4.952090e-01	5.059486e-01	4.854199e-01	4.822847e-01	4.121392e-01	5.003545e-01	4.948515e-01	4.978443e-01	0.000000e+00	1	9.774301e-02
7.997781e-01	1.296720e-01	5.940052e-01	4.027399e-01	1.023279e-01	4.988954e-01	4.584205e-01	5.264306e-01	5.057715e-01	4.804867e-01	5.212854e-01	5.159699e-01	5.029480e-01	5.321768e-01	4.932620e-01	0.000000e+00	1	9.707633e-02
3.864964e-01	9.431035e-01	6.744737e-02	4.206700e-02	7.523948e-01	4.096553e-01	4.932711e-01	4.993898e-01	5.053586e-01	4.738547e-01	5.028940e-01	5.486194e-01	4.974866e-01	5.690300e-01	4.265669e-01	0.000000e+00	1	8.797164e-02
2.520724e-01	3.950099e-01	8.987085e-01	6.940274e-01	6.384038e-01	5.060327e-01	5.487772e-01	5.226666e-01	5.151055e-01	5.106664e-01	4.103524e-01	4.643842e-01	5.307438e-01	5.032180e-01	5.012272e-01	0.000000e+00	1	8.626284e-02
3.600800e-01	8.786439e-01	3.259529e-01	2.105065e-01	7.523948e-01	4.870788e-01	4.932711e-01	4.998487e-01	5.026442e-01	5.113053e-01	5.024239e-01	5.030330e-01	4.974405e-01	5.598486e-01	4.991909e-01	0.000000e+00	1	8.620660e-02
3.732695e-02	7.532214e-01	6.842359e-01	4.690826e-01	9.684772e-01	4.930395e-01	4.908682e-01	5.028691e-01	5.032307e-01	4.692960e-01	4.985994e-01	5.004941e-01	5.028932e-01	4.883705e-01	3.694207e-01	0.000000e+00	1	8.614174e-02
6.137440e-01	5.817879e-01	5.749196e-01	3.801042e-01	4.829874e-01	5.079602e-01	4.895254e-01	4.903272e-01	5.009175e-01	6.020910e-01	4.630536e-01	4.455765e-01	5.493915e-01	5.341910e-01	4.370318e-01	0.000000e+00	1	8.238199e-02
2.522141e-01	8.340779e-01	5.047285e-01	3.342305e-01	8.130598e-01	4.934791e-01	5.051517e-01	4.494326e-01	5.229482e-01	5.064991e-01	4.754834e-01	4.987892e-01	5.022089e-01	4.963183e-01	4.435737e-01	0.000000e+00	1	8.081314e-02
7.299353e-01	3.682896e-01	6.027784e-01	4.044464e-01	2.974809e-01	4.406267e-01	4.611974e-01	4.840317e-01	5.050861e-01	5.092122e-01	5.516615e-01	4.585513e-01	5.161680e-01	5.237935e-01	5.718122e-01	0.000000e+00	1	7.984910e-02
6.577432e-01	4.337267e-01	7.251030e-01	4.736029e-01	3.711280e-01	4.884999e-01	2.497866e-01	5.280243e-01	5.070041e-01	4.869896e-01	5.240560e-01	5.007086e-01	4.842817e-01	4.222764e-01	4.878948e-01	0.000000e+00	1	7.971119e-02
8.226438e-01	6.060996e-01	9.590123e-02	5.957486e-02	4.042410e-01	4.854733e-01	5.037661e-01	3.946451e-01	5.273933e-01	3.938960e-01	4.881273e-01	5.051832e-01	5.394380e-01	5.133944e-01	4.673430e-01	0.000000e+00	1	7.962016e-02
1.915583e-01	9.051741e-01	4.244723e-01	2.738296e-01	8.672336e-01	4.963506e-01	5.097448e-01	5.006086e-01	5.618805e-01	5.113343e-01	5.642696e-01	4.126476e-01	5.058440e-01	5.289992e-01	4.647536e-01	0.000000e+00	1	7.920954e-02
2.272990e-01	6.305143e-01	7.501937e-01	5.357994e-01	7.797320e-01	4.933659e-01	4.926583e-01	4.898390e-01	5.110006e-01	4.829006e-01	4.584818e-01	4.814676e-01	4.833866e-01	5.258398e-01	5.485641e-01	0.000000e+00	1	7.786966e-02
4.061115e-01	5.672837e-01	7.219331e-01	5.108817e-01	6.044620e-01	4.929712e-01	4.928527e-01	5.379033e-01	5.027556e-01	5.117716e-01	4.586948e-01	4.910105e-01	4.828152e-01	5.096902e-01	5.097516e-01	0.000000e+00	1	7.749828e-02
9.861842e-01	1.650371e-01	1.559055e-01	9.846973e-02	1.055596e-01	5.074516e-01	4.718512e-01	5.289112e-01	5.086205e-01	4.910218e-01	5.240569e-01	5.935100e-01	5.068789e-01	5.277658e-01	5.000790e-01	0.000000e+00	1	7.719453e-02
4.634199e-01	8.693107e-01	2.411158e-01	1.528136e-01	6.882046e-01	5.026018e-01	4.587106e-01	4.946214e-01	4.666606e-01	4.848073e-01	5.266775e-01	4.149833e-01	5.096779e-01	4.467417e-01	4.843555e-01	0.000000e+00	1	7.715561e-02
3.423477e-01	5.120412e-01	8.101468e-01	5.861634e-01	6.248172e-01	5.052416e-01	4.598160e-01	4.917996e-01	5.077489e-01	6.188905e-01	5.378007e-01	4.899651e-01	4.860603e-01	5.072631e-01	5.050122e-01	0.000000e+00	1	7.678165e-02
3.503275e-01	9.340710e-01	1.456036e-01	9.226509e-02	7.715691e-01	5.104739e-01	4.932711e-01	4.998487e-01	5.085173e-01	4.738547e-01	5.024239e-01	5.067949e-01	4.976351e-01	5.176920e-01	4.169697e-01	0.000000e+00	1	7.564129e-02
1.397715e-01	5.500838e-01	8.327106e-01	6.191358e-01	8.415927e-01	5.024967e-01	4.981729e-01	4.516240e-01	4.750526e-01	4.887113e-01	4.760419e-01	4.926096e-01	5.031732e-01	4.954009e-01	4.369272e-01	0.000000e+00	1	7.548099e-02
9.685801e-01	2.773061e-01	5.604241e-02	3.537584e-02	1.775167e-01	4.915126e-01	4.990877e-01	5.089825e-01	5.237267e-01	4.829006e-01	5.626660e-01	4.818822e-01	5.542758e-01	5.258398e-01	4.867809e-01	0.000000e+00	1	7.415414e-02
1.245207e-01	9.759894e-01	2.763121e-01	1.742946e-01	9.192139e-01	4.854733e-01	4.656241e-01	4.054059e-01	5.041410e-01	4.581280e-01	4.637918e-01	4.094617e-01	5.179842e-01	4.957503e-01	5.015895e-01	0.000000e+00	1	7.269138e-02
1.221048e-06	1.009853e+00	5.544168e-03	3.495055e-03	9.999992e-01	5.182758e-01	4.597149e-01	4.952090e-01	5.040731e-01	4.854199e-01	4.822847e-01	4.144643e-01	5.003545e-01	4.948515e-01	5.015055e-01	0.000000e+00	1	7.085464e-02
1.389001e-01	2.872167e-01	9.517432e-01	7.940888e-01	7.132362e-01	5.320466e-01	5.043463e-01	5.226666e-01	5.043405e-01	5.104695e-01	4.709360e-01	4.828695e-01	5.307438e-01	5.045580e-01	5.012272e-01	0.000000e+00	1	7.024476e-02
9.347501e-01	3.422718e-01	2.354526e-01	1.478624e-01	2.234546e-01	4.348568e-01	4.611909e-01	5.006780e-01	5.061260e-01	5.974198e-01	4.752726e-01	5.147621e-01	4.399246e-01	4.454427e-01	4.852650e-01	0.000000e+00	1	7.014184e-02
1.000288e+00	9.978784e-02	1.037934e-01	6.549953e-02	6.329916e-02	5.049697e-01	4.642837e-01	4.982510e-01	5.195623e-01	5.070133e-01	4.962503e-01	5.141273e-01	4.263590e-01	4.473115e-01	4.787933e-01	0.000000e+00	1	6.990915e-02
2.025567e-01	4.188454e-01	8.923159e-01	6.940274e-01	7.132362e-01	5.066278e-01	5.487772e-01	5.226666e-01	5.151055e-01	5.101589e-01	4.712535e-01	4.643842e-01	5.307438e-01	5.037856e-01	5.012272e-01	0.000000e+00	1	6.957959e-02
4.920584e-01	8.111232e-01	3.990363e-01	2.534686e-01	6.528600e-01	4.956213e-01	5.860106e-01	5.154341e-01	5.069941e-01	5.064822e-01	4.652733e-01	6.305858e-01	5.249411e-01	4.844180e-01	5.483726e-01	0.000000e+00	1	6.944671e-02
5.671720e-01	4.560798e-01	6.903454e-01	4.831902e-01	4.311532e-01	4.916021e-01	4.820685e-01	4.938302e-01	5.059377e-01	4.702278e-01	4.600978e-01	5.077123e-01	5.026482e-01	4.891101e-01	5.009256e-01	0.000000e+00	1	6.882939e-02
1.237659e-01	2.074367e-01	9.752583e-01	8.454318e-01	6.575314e-01	4.898082e-01	5.035259e-01	4.930210e-01	5.063335e-01	4.867103e-01	4.744705e-01	4.997851e-01	5.427021e-01	4.589376e-01	5.135675e-01	0.000000e+00	1	6.829918e-02
9.238441e-01	3.382784e-01	2.975294e-01	1.869594e-01	2.234546e-01	5.276943e-01	4.064366e-01	5.051925e-01	5.061260e-01	5.974198e-01	4.752726e-01	4.899801e-01	4.332477e-01	4.454427e-01	4.752160e-01	0.000000e+00	1	6.821875e-02
4.622001e-01	6.456319e-01	6.167231e-01	4.204089e-01	6.044620e-01	5.361885e-01	4.922328e-01	5.287449e-01	5.069305e-01	5.117716e-01	4.582246e-01	5.073019e-01	4.828152e-01	4.726103e-01	4.870742e-01	0.000000e+00	1	6.816395e-02
7.174479e-01	7.837846e-02	6.976001e-01	4.891839e-01	6.927358e-02	4.969180e-01	4.822081e-01	5.485011e-01	5.059377e-01	4.864746e-01	4.785905e-01	4.988615e-01	4.811712e-01	5.064421e-01	5.009840e-01	0.000000e+00	1	6.754830e-02
8.291432e-01	1.443799e-01	5.721658e-01	3.801042e-01	1.097550e-01	5.071798e-01	4.895254e-01	4.903272e-01	5.009175e-01	6.020910e-01	4.630967e-01	4.937987e-01	5.219039e-01	5.341910e-01	4.370318e-01	0.000000e+00	1	6.746225e-02
2.360559e-01	3.297387e-01	9.217235e-01	7.361364e-01	6.044620e-01	4.929712e-01	4.941384e-01	5.670115e-01	5.022798e-01	5.117020e-01	4.586948e-01	4.910105e-01	4.828152e-01	5.096902e-01	5.097516e-01	0.000000e+00	1	6.587305e-02
6.197115e-01	8.005688e-01	5.588103e-04	3.513925e-04	5.806327e-01	5.177512e-01	4.750139e-01	4.861222e-01	5.236253e-01	4.854978e-01	5.110922e-01	4.144643e-01	5.137912e-01	4.466017e-01	5.042683e-01	0.000000e+00	1	6.505816e-02
3.797948e-01	9.267508e-01	1.461798e-01	9.226509e-02	7.523948e-01	4.129943e-01	4.932711e-01	4.998487e-01	4.872595e-01	4.738547e-01	5.024239e-01	5.067949e-01	4.974866e-01	5.598486e-01	4.919739e-01	0.000000e+00	1	6.456113e-02
4.342808e-01	1.588559e-01	8.915042e-01	6.953805e-01	2.232450e-01	4.940458e-01	4.775148e-01	4.509223e-01	5.041844e-01	5.135175e-01	5.174191e-01	4.929208e-01	5.081532e-01	5.269853e-01	5.001564e-01	0.000000e+00	1	6.449257e-02
8.701297e-01	3.020412e-01	4.225638e-01	2.738296e-01	2.127002e-01	4.962720e-01	5.092682e-01	4.967862e-01	5.039185e-01	5.102177e-01	5.648625e-01	4.126476e-01	5.018938e-01	5.073948e-01	4.647536e-01	0.000000e+00	1	6.418555e-02
9.839677e-01	1.105742e-01	2.150667e-01	1.361613e-01	7.124180e-02	4.916021e-01	4.821153e-01	4.938625e-01	5.059377e-01	6.108479e-01	4.817347e-01	4.895281e-01	4.998472e-01	5.073383e-01	5.009256e-01	0.000000e+00	1	6.394967e-02
6.925470e-01	5.407976e-01	4.870752e-01	3.222296e-01	4.220627e-01	5.143303e-01	5.041445e-01	5.283089e-01	5.069305e-01	5.103557e-01	4.600732e-01	5.073019e-01	4.828152e-01	4.715520e-01	5.268461e-01	0.000000e+00	1	6.390624e-02
4.933923e-01	8.497817e-01	2.842173e-01	1.792448e-01	6.651122e-01	4.854733e-01	4.656241e-01	4.027722e-01	5.041410e-01	4.581280e-01	4.637918e-01	4.094617e-01	5.276516e-01	4.957503e-01	5.015895e-01	0.000000e+00	1	6.318959e-02
4.858736e-01	8.846504e-01	1.135930e-02	7.164644e-03	6.802581e-01	4.950867e-01	4.612053e-01	4.839114e-01	4.835879e-01	4.737664e-01	5.364727e-01	4.915837e-01	5.079018e-01	5.287864e-01	4.342525e-01	0.000000e+00	1	6.279999e-02
2.448844e-01	1.447086e-02	9.768181e-01	8.433629e-01	3.757584e-02	4.963049e-01	5.043818e-01	5.211136e-01	5.042307e-01	5.131410e-01	4.651002e-01	4.852489e-01	5.306505e-01	4.426289e-01	4.714619e-01	0.000000e+00	1	6.115732e-02
