1.626049e-15	4.709946e-21	1.006502e+00	1.000000e+00	1.844006e-06	5.195883e-01	4.952264e-01	4.844513e-01	4.882628e-01	4.733367e-01	5.031484e-01	4.915837e-01	5.079018e-01	5.257123e-01	4.351849e-01	0.000000e+00	1	1.000000e+14
1.013062e+00	4.650584e-07	6.841857e-03	4.299434e-03	2.922479e-07	4.948765e-01	4.776426e-01	5.316469e-01	6.011666e-01	5.173462e-01	5.229827e-01	4.834451e-01	4.925948e-01	5.128512e-01	5.000963e-01	0.000000e+00	1	1.000000e+14
1.361441e-15	9.007270e-16	1.010452e+00	1.000000e+00	3.720951e-01	4.895558e-01	4.910684e-01	4.944963e-01	4.931825e-01	4.550991e-01	5.158247e-01	4.135098e-01	5.008279e-01	4.791987e-01	4.975074e-01	0.000000e+00	1	1.000000e+14
9.947502e-01	1.117859e-01	4.364246e-17	2.775558e-17	7.124180e-02	4.916021e-01	4.822081e-01	4.938302e-01	5.059377e-01	4.868194e-01	4.817347e-01	4.988615e-01	4.996930e-01	5.064421e-01	5.009256e-01	0.000000e+00	1	1.000000e+14
1.666164e-07	1.017982e+00	5.588795e-03	3.495055e-03	9.999999e-01	4.823032e-01	4.664418e-01	4.948436e-01	5.048871e-01	4.004733e-01	4.845525e-01	5.019010e-01	5.385872e-01	5.137945e-01	4.315892e-01	0.000000e+00	1	1.000000e+14
1.957962e-21	1.619309e-15	1.002330e+00	1.000000e+00	9.999992e-01	4.895558e-01	4.645971e-01	4.944963e-01	5.029118e-01	4.869474e-01	5.240617e-01	5.003093e-01	5.003545e-01	5.133944e-01	5.004186e-01	0.000000e+00	1	1.000000e+14
9.197028e-01	3.923779e-01	9.581624e-02	6.081849e-02	2.567202e-01	5.118631e-01	5.049072e-01	5.460076e-01	5.007034e-01	4.906995e-01	4.781785e-01	4.722017e-01	4.997963e-01	5.294896e-01	5.000233e-01	0.000000e+00	1	1.479585e-01
8.603287e-01	2.986391e-01	4.178041e-01	2.738296e-01	2.127002e-01	4.962720e-01	4.903971e-01	4.967862e-01	5.040142e-01	5.102177e-01	4.832968e-01	4.889172e-01	5.026691e-01	5.080879e-01	4.647536e-01	0.000000e+00	1	1.306444e-01
7.019744e-01	1.668396e-01	6.974186e-01	4.891839e-01	1.485505e-01	4.969180e-01	4.822081e-01	5.483154e-01	5.061066e-01	4.980422e-01	4.982391e-01	4.988615e-01	4.811712e-01	4.792397e-01	5.007528e-01	0.000000e+00	1	1.298840e-01
3.607641e-01	8.023768e-01	4.824299e-01	3.193236e-01	7.310044e-01	5.036020e-01	5.043463e-01	5.376157e-01	5.027803e-01	5.104695e-01	4.776913e-01	4.913865e-01	5.293760e-01	5.184804e-01	5.016874e-01	0.000000e+00	1	1.198227e-01
8.710279e-02	9.806000e-01	2.328564e-01	1.478633e-01	9.435996e-01	5.026018e-01	4.743685e-01	5.304241e-01	4.652646e-01	4.857359e-01	5.266781e-01	4.149833e-01	5.000104e-01	5.210092e-01	4.843555e-01	0.000000e+00	1	1.137268e-01
7.853790e-01	6.206768e-01	6.306283e-02	4.005283e-02	4.257661e-01	4.916021e-01	4.820685e-01	4.938302e-01	5.261715e-01	4.995000e-01	4.600978e-01	5.077123e-01	5.026482e-01	4.891101e-01	5.110105e-01	0.000000e+00	1	1.108167e-01
3.297388e-01	8.791760e-01	3.673114e-01	2.373841e-01	7.715691e-01	4.920201e-01	4.932711e-01	4.998487e-01	5.085173e-01	4.738547e-01	5.024239e-01	4.904601e-01	4.976351e-01	5.200532e-01	4.169697e-01	0.000000e+00	1	1.099494e-01
1.116288e-01	5.063896e-01	8.933679e-01	6.651929e-01	8.618722e-01	4.898625e-01	4.644986e-01	3.857181e-01	5.183872e-01	4.511644e-01	3.970090e-01	5.233627e-01	4.992179e-01	5.449158e-01	4.486356e-01	0.000000e+00	1	1.098998e-01
2.158731e-01	4.100530e-01	8.981629e-01	6.967623e-01	6.915040e-01	5.066278e-01	4.681802e-01	5.226666e-01	5.151055e-01	5.068877e-01	4.712535e-01	5.838429e-01	5.307438e-01	5.037856e-01	5.015525e-01	0.000000e+00	1	1.097168e-01
9.436594e-01	3.268733e-01	1.248211e-01	7.915901e-02	2.122836e-01	4.898692e-01	5.059416e-01	5.286304e-01	4.853351e-01	5.173462e-01	5.244977e-01	4.618145e-01	5.077920e-01	4.949937e-01	4.468830e-01	0.000000e+00	1	1.088351e-01
6.910582e-02	7.779908e-01	6.341155e-01	4.341352e-01	9.435996e-01	5.026018e-01	4.743685e-01	5.304241e-01	4.652646e-01	4.857359e-01	4.523056e-01	5.096735e-01	4.987026e-01	5.210092e-01	4.843555e-01	0.000000e+00	1	1.019857e-01
1.399241e-01	1.326386e-01	9.834007e-01	8.767513e-01	4.829874e-01	5.079602e-01	5.049586e-01	4.993853e-01	5.283270e-01	4.802347e-01	4.832892e-01	4.791207e-01	4.899835e-01	4.958803e-01	4.971444e-01	0.000000e+00	1	1.010116e-01
3.155180e-01	4.407367e-01	8.558301e-01	6.405798e-01	6.044620e-01	5.141856e-01	5.048608e-01	5.282859e-01	5.070041e-01	5.106053e-01	4.830070e-01	5.596365e-01	5.608976e-01	4.925709e-01	5.651336e-01	0.000000e+00	1	9.913616e-02
3.106602e-01	1.325387e-01	9.474888e-01	7.820039e-01	2.567202e-01	5.118631e-01	5.049072e-01	5.460076e-01	5.294167e-01	4.887672e-01	4.775529e-01	4.692529e-01	4.835131e-01	5.294668e-01	4.949116e-01	0.000000e+00	1	9.895713e-02
6.603140e-01	2.260065e-01	7.450865e-01	5.208009e-01	2.099400e-01	4.969180e-01	4.822081e-01	6.267251e-01	5.061066e-01	4.980422e-01	4.955199e-01	4.396966e-01	4.811712e-01	4.785129e-01	5.024420e-01	0.000000e+00	1	9.880977e-02
2.280468e-01	6.423084e-01	7.569071e-01	5.333017e-01	7.828108e-01	4.900187e-01	5.995109e-01	4.516240e-01	5.108556e-01	4.918902e-01	4.680201e-01	5.496369e-01	5.094301e-01	4.505785e-01	5.045492e-01	0.000000e+00	1	9.873775e-02
7.813235e-01	2.858008e-01	6.055252e-01	4.005380e-01	2.232450e-01	5.061083e-01	4.660982e-01	4.921534e-01	6.059895e-01	5.167278e-01	5.177193e-01	4.929208e-01	6.230061e-01	5.269853e-01	5.001564e-01	0.000000e+00	1	9.826187e-02
4.765212e-02	8.351402e-01	5.546669e-01	3.727514e-01	9.637146e-01	4.898697e-01	4.645971e-01	4.944963e-01	5.026415e-01	4.869474e-01	5.217314e-01	5.143571e-01	5.169295e-01	5.332760e-01	4.929383e-01	0.000000e+00	1	9.823092e-02
8.040047e-01	9.035071e-02	5.953199e-01	4.038452e-01	7.124180e-02	4.916021e-01	5.052300e-01	4.938302e-01	5.055208e-01	4.868194e-01	4.846230e-01	4.988615e-01	5.009605e-01	5.625025e-01	5.009256e-01	0.000000e+00	1	9.805585e-02
5.246529e-01	7.416414e-01	4.472899e-01	2.912657e-01	6.080400e-01	5.039833e-01	5.167184e-01	4.653829e-01	4.640184e-01	4.873694e-01	4.531728e-01	4.271135e-01	4.898085e-01	5.281582e-01	4.646285e-01	0.000000e+00	1	9.645411e-02
4.876956e-01	3.633577e-01	8.094591e-01	5.897913e-01	4.076440e-01	5.134902e-01	4.688474e-01	4.858037e-01	5.253554e-01	4.537168e-01	4.779697e-01	4.695682e-01	4.835131e-01	5.440213e-01	4.313559e-01	0.000000e+00	1	9.399856e-02
3.399075e-01	4.748055e-01	8.220602e-01	6.068083e-01	6.044620e-01	5.141856e-01	5.048608e-01	5.282859e-01	4.632690e-01	5.097814e-01	4.830070e-01	5.118926e-01	4.944141e-01	4.925709e-01	5.732050e-01	0.000000e+00	1	9.329819e-02
5.828198e-01	2.486517e-01	7.803444e-01	5.658127e-01	2.567202e-01	5.118631e-01	5.049072e-01	5.460076e-01	4.835073e-01	4.906995e-01	4.780554e-01	4.692529e-01	4.835131e-01	5.294896e-01	5.000233e-01	0.000000e+00	1	9.301382e-02
7.532384e-01	6.484901e-01	1.926431e-01	1.218775e-01	4.525150e-01	5.166224e-01	4.953909e-01	5.280073e-01	5.159144e-01	5.011515e-01	5.515024e-01	4.103927e-01	5.060712e-01	4.807502e-01	4.975017e-01	0.000000e+00	1	9.280622e-02
7.914663e-01	5.831289e-01	2.492064e-01	1.580500e-01	4.042410e-01	5.205416e-01	4.970393e-01	4.809470e-01	4.587076e-01	4.864127e-01	4.737453e-01	4.177465e-01	5.116009e-01	4.375103e-01	5.016135e-01	0.000000e+00	1	9.198481e-02
8.764271e-01	2.690326e-01	4.229823e-01	2.751927e-01	1.896074e-01	4.920201e-01	4.932711e-01	5.428572e-01	5.060765e-01	4.738547e-01	5.024239e-01	4.918036e-01	4.540658e-01	4.773100e-01	4.344424e-01	0.000000e+00	1	9.096349e-02
2.805163e-01	9.684146e-01	1.447383e-01	9.077147e-02	8.205058e-01	5.162461e-01	4.972248e-01	4.230485e-01	4.712308e-01	4.535412e-01	4.889351e-01	4.064454e-01	5.051697e-01	4.948783e-01	5.212932e-01	0.000000e+00	1	8.866324e-02
6.444250e-01	3.774728e-01	6.674467e-01	4.643000e-01	3.373299e-01	4.898391e-01	4.822281e-01	4.975496e-01	5.056198e-01	4.868240e-01	5.240617e-01	4.989222e-01	5.026311e-01	5.202049e-01	5.005461e-01	0.000000e+00	1	8.711486e-02
5.552662e-01	2.368963e-01	8.034894e-01	5.897913e-01	2.567202e-01	5.116297e-01	5.049472e-01	4.593229e-01	5.028534e-01	4.924128e-01	4.845446e-01	5.014809e-01	5.305813e-01	5.440213e-01	4.966792e-01	0.000000e+00	1	8.481748e-02
6.092357e-01	5.775143e-01	5.706965e-01	3.801042e-01	4.829874e-01	5.079602e-01	5.049586e-01	4.993853e-01	4.364228e-01	4.802347e-01	4.832892e-01	4.407742e-01	5.493915e-01	4.958803e-01	4.343149e-01	0.000000e+00	1	8.199493e-02
4.177514e-01	8.540291e-01	3.160293e-01	2.043024e-01	7.103807e-01	5.026768e-01	5.033038e-01	4.951490e-01	4.666606e-01	4.870703e-01	5.224254e-01	4.989218e-01	5.020197e-01	4.931141e-01	5.008075e-01	0.000000e+00	1	7.777876e-02
4.713589e-01	6.584257e-01	5.962719e-01	4.040718e-01	6.044620e-01	4.903696e-01	5.048608e-01	4.999956e-01	5.055074e-01	4.867868e-01	4.316220e-01	5.026533e-01	5.057787e-01	4.771295e-01	4.932318e-01	0.000000e+00	1	7.623833e-02
2.593309e-01	6.713848e-01	6.956793e-01	4.891839e-01	7.653368e-01	5.099053e-01	4.925715e-01	4.978854e-01	5.061066e-01	4.980422e-01	4.982391e-01	4.988615e-01	4.811712e-01	4.792397e-01	5.007528e-01	0.000000e+00	1	7.507970e-02
3.503275e-01	9.340710e-01	1.456036e-01	9.226509e-02	7.715691e-01	5.104739e-01	4.932711e-01	4.998487e-01	5.085173e-01	4.738547e-01	5.024239e-01	5.067949e-01	4.976351e-01	5.176920e-01	4.169697e-01	0.000000e+00	1	7.455990e-02
5.889753e-01	8.227201e-01	3.536199e-02	2.224031e-02	6.044620e-01	5.210486e-01	4.818388e-01	4.999956e-01	5.059148e-01	4.867868e-01	4.287337e-01	5.026533e-01	5.045112e-01	4.961253e-01	5.795264e-01	0.000000e+00	1	7.361635e-02
1.478725e-01	1.015904e+00	1.105491e-02	6.855093e-03	9.079814e-01	4.948765e-01	4.776426e-01	5.379305e-01	6.527121e-01	5.138825e-01	5.241144e-01	4.834451e-01	5.132399e-01	5.126414e-01	5.000963e-01	0.000000e+00	1	7.266408e-02
6.984613e-01	7.094041e-01	1.837440e-01	1.161914e-01	5.049481e-01	5.166224e-01	4.946990e-01	5.280073e-01	5.143792e-01	5.011515e-01	5.515024e-01	4.103927e-01	5.003811e-01	4.807502e-01	4.975017e-01	0.000000e+00	1	7.231371e-02
4.194956e-01	5.527122e-01	7.234618e-01	5.132859e-01	5.866929e-01	4.929712e-01	4.928527e-01	4.945664e-01	5.095281e-01	5.078005e-01	4.589025e-01	4.908777e-01	4.847615e-01	5.075376e-01	5.092914e-01	0.000000e+00	1	7.175014e-02
7.346785e-01	8.256012e-02	7.164356e-01	4.900006e-01	7.124180e-02	4.914718e-01	4.822081e-01	6.463474e-01	4.967082e-01	4.868194e-01	4.541175e-01	4.988615e-01	5.497850e-01	5.530009e-01	5.101960e-01	0.000000e+00	1	7.139335e-02
3.258136e-02	8.934927e-01	4.713574e-01	3.088661e-01	9.767958e-01	4.938404e-01	4.383055e-01	4.595524e-01	5.229482e-01	5.086433e-01	5.124863e-01	4.987251e-01	5.069808e-01	4.741047e-01	4.386122e-01	0.000000e+00	1	7.138545e-02
8.363495e-01	4.107057e-02	5.552363e-01	3.727514e-01	3.123736e-02	5.536498e-01	4.779069e-01	4.944963e-01	5.026237e-01	4.820799e-01	5.215670e-01	5.143571e-01	5.169295e-01	5.057137e-01	5.009570e-01	0.000000e+00	1	7.099615e-02
2.962956e-02	6.760977e-01	7.515281e-01	5.333017e-01	9.721184e-01	4.903800e-01	5.772581e-01	4.516240e-01	5.108556e-01	4.928261e-01	5.152085e-01	5.495728e-01	5.065439e-01	4.951532e-01	4.995878e-01	0.000000e+00	1	7.078337e-02
5.194958e-01	4.974405e-01	7.271699e-01	5.034851e-01	4.861951e-01	4.907126e-01	5.012081e-01	5.244517e-01	5.159144e-01	5.011515e-01	4.805288e-01	5.921953e-01	5.060712e-01	4.814181e-01	3.878020e-01	0.000000e+00	1	6.886806e-02
1.690917e-01	7.280174e-01	6.781123e-01	4.690826e-01	8.547127e-01	4.903363e-01	5.030420e-01	4.194930e-01	4.712308e-01	4.652313e-01	4.850941e-01	5.001565e-01	5.051697e-01	4.955463e-01	5.169528e-01	0.000000e+00	1	6.788142e-02
3.875828e-01	8.057823e-01	4.787973e-01	3.129782e-01	7.145817e-01	5.036020e-01	4.952465e-01	4.825993e-01	4.903910e-01	5.104695e-01	6.102148e-01	4.916473e-01	5.293760e-01	5.255177e-01	5.016874e-01	0.000000e+00	1	6.772644e-02
4.434772e-01	8.667214e-01	2.655895e-01	1.695408e-01	6.989160e-01	5.026018e-01	4.575389e-01	4.900558e-01	4.666606e-01	4.901649e-01	5.201568e-01	5.677669e-01	5.096779e-01	5.248679e-01	4.816054e-01	0.000000e+00	1	6.585942e-02
1.894271e-01	9.504699e-01	2.643816e-01	1.695408e-01	8.747636e-01	5.022931e-01	4.575389e-01	4.900558e-01	4.754205e-01	4.901649e-01	5.201568e-01	5.223848e-01	5.096779e-01	5.248679e-01	4.813244e-01	0.000000e+00	1	6.365744e-02
9.631738e-01	6.100684e-02	3.467196e-01	2.195682e-01	4.026931e-02	4.822991e-01	4.684422e-01	3.864910e-01	5.285533e-01	4.551171e-01	4.546325e-01	5.224748e-01	5.497813e-01	5.584782e-01	5.032535e-01	0.000000e+00	1	6.305212e-02
1.189130e-01	4.929961e-01	8.737056e-01	6.651929e-01	8.493224e-01	4.898625e-01	5.044616e-01	4.183600e-01	4.677770e-01	4.718766e-01	4.842749e-01	5.001565e-01	5.325000e-01	5.036384e-01	5.169528e-01	0.000000e+00	1	6.125297e-02
6.387109e-01	3.488638e-01	6.903225e-01	4.831902e-01	3.182596e-01	4.916021e-01	4.820685e-01	4.978286e-01	5.059377e-01	4.702278e-01	4.600978e-01	5.077123e-01	5.026482e-01	4.891101e-01	5.009256e-01	0.000000e+00	1	5.921563e-02
