1.957962e-21	1.619309e-15	1.002330e+00	1.000000e+00	9.999992e-01	4.895558e-01	4.645971e-01	4.944963e-01	5.029118e-01	4.869474e-01	5.240617e-01	5.003093e-01	5.003545e-01	5.133944e-01	5.004186e-01	0.000000e+00	1	1.000000e+14
1.666164e-07	1.017982e+00	5.588795e-03	3.495055e-03	9.999999e-01	4.823032e-01	4.664418e-01	4.948436e-01	5.048871e-01	4.004733e-01	4.845525e-01	5.019010e-01	5.385872e-01	5.137945e-01	4.315892e-01	0.000000e+00	1	1.000000e+14
9.947502e-01	1.117859e-01	4.364246e-17	2.775558e-17	7.124180e-02	4.916021e-01	4.822081e-01	4.938302e-01	5.059377e-01	4.868194e-01	4.817347e-01	4.988615e-01	4.996930e-01	5.064421e-01	5.009256e-01	0.000000e+00	1	1.000000e+14
1.361441e-15	9.007270e-16	1.010452e+00	1.000000e+00	3.720951e-01	4.895558e-01	4.910684e-01	4.944963e-01	4.931825e-01	4.550991e-01	5.158247e-01	4.135098e-01	5.008279e-01	4.791987e-01	4.975074e-01	0.000000e+00	1	1.000000e+14
1.626049e-15	4.709946e-21	1.006502e+00	1.000000e+00	1.844006e-06	5.195883e-01	4.952264e-01	4.844513e-01	4.882628e-01	4.733367e-01	5.031484e-01	4.915837e-01	5.079018e-01	5.257123e-01	4.351849e-01	0.000000e+00	1	1.000000e+14
1.025968e+00	4.709828e-07	1.097818e-02	6.811773e-03	2.922479e-07	4.948765e-01	4.776426e-01	5.290302e-01	6.527121e-01	5.173462e-01	5.241144e-01	4.834451e-01	5.038726e-01	5.128512e-01	5.000963e-01	0.000000e+00	1	1.000000e+14
3.106602e-01	1.325387e-01	9.474888e-01	7.820039e-01	2.567202e-01	5.118631e-01	5.049072e-01	5.460076e-01	5.294167e-01	4.887672e-01	4.775529e-01	4.692529e-01	4.835131e-01	5.294668e-01	4.949116e-01	0.000000e+00	1	1.575993e-01
7.019744e-01	1.668396e-01	6.974186e-01	4.891839e-01	1.485505e-01	4.969180e-01	4.822081e-01	5.483154e-01	5.061066e-01	4.980422e-01	4.982391e-01	4.988615e-01	4.811712e-01	4.792397e-01	5.007528e-01	0.000000e+00	1	1.332011e-01
1.690917e-01	7.280174e-01	6.781123e-01	4.690826e-01	8.547127e-01	4.903363e-01	5.030420e-01	4.194930e-01	4.712308e-01	4.652313e-01	4.850941e-01	5.001565e-01	5.051697e-01	4.955463e-01	5.169528e-01	0.000000e+00	1	1.232182e-01
3.155180e-01	4.407367e-01	8.558301e-01	6.405798e-01	6.044620e-01	5.141856e-01	5.048608e-01	5.282859e-01	5.070041e-01	5.106053e-01	4.830070e-01	5.596365e-01	5.608976e-01	4.925709e-01	5.651336e-01	0.000000e+00	1	1.172805e-01
1.189130e-01	4.929961e-01	8.737056e-01	6.651929e-01	8.493224e-01	4.898625e-01	5.044616e-01	4.183600e-01	4.677770e-01	4.718766e-01	4.842749e-01	5.001565e-01	5.325000e-01	5.036384e-01	5.169528e-01	0.000000e+00	1	1.166595e-01
1.116288e-01	5.063896e-01	8.933679e-01	6.651929e-01	8.618722e-01	4.898625e-01	4.644986e-01	3.857181e-01	5.183872e-01	4.511644e-01	3.970090e-01	5.233627e-01	4.992179e-01	5.449158e-01	4.486356e-01	0.000000e+00	1	1.080944e-01
8.603287e-01	2.986391e-01	4.178041e-01	2.738296e-01	2.127002e-01	4.962720e-01	4.903971e-01	4.967862e-01	5.040142e-01	5.102177e-01	4.832968e-01	4.889172e-01	5.026691e-01	5.080879e-01	4.647536e-01	0.000000e+00	1	1.016138e-01
8.710279e-02	9.806000e-01	2.328564e-01	1.478633e-01	9.435996e-01	5.026018e-01	4.743685e-01	5.304241e-01	4.652646e-01	4.857359e-01	5.266781e-01	4.149833e-01	5.000104e-01	5.210092e-01	4.843555e-01	0.000000e+00	1	9.679768e-02
4.434772e-01	8.667214e-01	2.655895e-01	1.695408e-01	6.989160e-01	5.026018e-01	4.575389e-01	4.900558e-01	4.666606e-01	4.901649e-01	5.201568e-01	5.677669e-01	5.096779e-01	5.248679e-01	4.816054e-01	0.000000e+00	1	9.239808e-02
1.002764e+00	2.474795e-02	4.559492e-02	2.891789e-02	1.570842e-02	5.554270e-01	4.822081e-01	4.938302e-01	5.059377e-01	4.868194e-01	5.206340e-01	4.988615e-01	4.996930e-01	5.064421e-01	5.009070e-01	0.000000e+00	1	9.156851e-02
6.910582e-02	7.779908e-01	6.341155e-01	4.341352e-01	9.435996e-01	5.026018e-01	4.743685e-01	5.304241e-01	4.652646e-01	4.857359e-01	4.523056e-01	5.096735e-01	4.987026e-01	5.210092e-01	4.843555e-01	0.000000e+00	1	9.147769e-02
4.765212e-02	8.351402e-01	5.546669e-01	3.727514e-01	9.637146e-01	4.898697e-01	4.645971e-01	4.944963e-01	5.026415e-01	4.869474e-01	5.217314e-01	5.143571e-01	5.169295e-01	5.332760e-01	4.929383e-01	0.000000e+00	1	8.986152e-02
4.194956e-01	5.527122e-01	7.234618e-01	5.132859e-01	5.866929e-01	4.929712e-01	4.928527e-01	4.945664e-01	5.095281e-01	5.078005e-01	4.589025e-01	4.908777e-01	4.847615e-01	5.075376e-01	5.092914e-01	0.000000e+00	1	8.782312e-02
5.576461e-01	2.379117e-01	8.069333e-01	5.897913e-01	2.567202e-01	5.118631e-01	5.049472e-01	4.858037e-01	5.291300e-01	4.924128e-01	4.841394e-01	5.014809e-01	5.305813e-01	5.440213e-01	4.299058e-01	0.000000e+00	1	8.748298e-02
6.092357e-01	5.775143e-01	5.706965e-01	3.801042e-01	4.829874e-01	5.079602e-01	5.049586e-01	4.993853e-01	4.364228e-01	4.802347e-01	4.832892e-01	4.407742e-01	5.493915e-01	4.958803e-01	4.343149e-01	0.000000e+00	1	8.671501e-02
6.981305e-01	7.845300e-02	7.190787e-01	5.074128e-01	7.124180e-02	4.916021e-01	4.822081e-01	5.425416e-01	4.967082e-01	4.868194e-01	4.475348e-01	4.988615e-01	4.996930e-01	5.073639e-01	5.101960e-01	0.000000e+00	1	8.420001e-02
9.631738e-01	6.100684e-02	3.467196e-01	2.195682e-01	4.026931e-02	4.822991e-01	4.684422e-01	3.864910e-01	5.285533e-01	4.551171e-01	4.546325e-01	5.224748e-01	5.497813e-01	5.584782e-01	5.032535e-01	0.000000e+00	1	7.974073e-02
6.984613e-01	7.094041e-01	1.837440e-01	1.161914e-01	5.049481e-01	5.166224e-01	4.946990e-01	5.280073e-01	5.143792e-01	5.011515e-01	5.515024e-01	4.103927e-01	5.003811e-01	4.807502e-01	4.975017e-01	0.000000e+00	1	7.973494e-02
3.503275e-01	9.340710e-01	1.456036e-01	9.226509e-02	7.715691e-01	5.104739e-01	4.932711e-01	4.998487e-01	5.085173e-01	4.738547e-01	5.024239e-01	5.067949e-01	4.976351e-01	5.176920e-01	4.169697e-01	0.000000e+00	1	7.951204e-02
4.876956e-01	3.633577e-01	8.094591e-01	5.897913e-01	4.076440e-01	5.134902e-01	4.688474e-01	4.858037e-01	5.253554e-01	4.537168e-01	4.779697e-01	4.695682e-01	4.835131e-01	5.440213e-01	4.313559e-01	0.000000e+00	1	7.724659e-02
7.813235e-01	2.858008e-01	6.055252e-01	4.005380e-01	2.232450e-01	5.061083e-01	4.660982e-01	4.921534e-01	6.059895e-01	5.167278e-01	5.177193e-01	4.929208e-01	6.230061e-01	5.269853e-01	5.001564e-01	0.000000e+00	1	7.676030e-02
4.177514e-01	8.540291e-01	3.160293e-01	2.043024e-01	7.103807e-01	5.026768e-01	5.033038e-01	4.951490e-01	4.666606e-01	4.870703e-01	5.224254e-01	4.989218e-01	5.020197e-01	4.931141e-01	5.008075e-01	0.000000e+00	1	7.672295e-02
8.926635e-02	1.004957e+00	7.868047e-02	4.954671e-02	9.435996e-01	5.035060e-01	4.743685e-01	5.369795e-01	5.301885e-01	4.820866e-01	5.266781e-01	4.149833e-01	5.009472e-01	5.228712e-01	4.843555e-01	0.000000e+00	1	7.550817e-02
9.917900e-01	1.567133e-02	2.998761e-01	1.869017e-01	1.005843e-02	4.911395e-01	4.169091e-01	5.247034e-01	6.390535e-01	4.750884e-01	4.128686e-01	4.837422e-01	5.021223e-01	4.811600e-01	4.779266e-01	0.000000e+00	1	7.540794e-02
4.740668e-01	6.622081e-01	5.996973e-01	4.040718e-01	6.044620e-01	4.900394e-01	5.048608e-01	4.999956e-01	5.054979e-01	4.867868e-01	4.316220e-01	5.026533e-01	5.057787e-01	4.961253e-01	5.795264e-01	0.000000e+00	1	7.524852e-02
3.607641e-01	8.023768e-01	4.824299e-01	3.193236e-01	7.310044e-01	5.036020e-01	5.043463e-01	5.376157e-01	5.027803e-01	5.104695e-01	4.776913e-01	4.913865e-01	5.293760e-01	5.184804e-01	5.016874e-01	0.000000e+00	1	7.488989e-02
8.867250e-01	2.148157e-01	4.185783e-01	2.738296e-01	1.513107e-01	4.962720e-01	4.903971e-01	5.436742e-01	5.040142e-01	5.102177e-01	4.860160e-01	5.056106e-01	5.026691e-01	5.088146e-01	4.630643e-01	0.000000e+00	1	7.425550e-02
9.923147e-01	1.115122e-01	1.577194e-01	9.972816e-02	7.124180e-02	5.290270e-01	4.816179e-01	4.938302e-01	5.087015e-01	4.868194e-01	4.816117e-01	4.959127e-01	4.967152e-01	5.156255e-01	4.058628e-01	0.000000e+00	1	7.337529e-02
3.297388e-01	8.791760e-01	3.673114e-01	2.373841e-01	7.715691e-01	4.920201e-01	4.932711e-01	4.998487e-01	5.085173e-01	4.738547e-01	5.024239e-01	4.904601e-01	4.976351e-01	5.200532e-01	4.169697e-01	0.000000e+00	1	7.269887e-02
1.002683e+00	2.689350e-06	1.253229e-01	7.915901e-02	1.707512e-06	5.063745e-01	5.644951e-01	5.290302e-01	4.853351e-01	5.173462e-01	5.244146e-01	4.641892e-01	5.077920e-01	5.128512e-01	4.468830e-01	0.000000e+00	1	7.247571e-02
3.258136e-02	8.934927e-01	4.713574e-01	3.088661e-01	9.767958e-01	4.938404e-01	4.383055e-01	4.595524e-01	5.229482e-01	5.086433e-01	5.124863e-01	4.987251e-01	5.069808e-01	4.741047e-01	4.386122e-01	0.000000e+00	1	7.154491e-02
2.030768e-01	8.743389e-01	4.635763e-01	3.034922e-01	8.547127e-01	4.909848e-01	5.050581e-01	4.174500e-01	4.712308e-01	4.653227e-01	5.106326e-01	5.262692e-01	5.051697e-01	5.135827e-01	5.169528e-01	0.000000e+00	1	7.064191e-02
5.828198e-01	2.486517e-01	7.803444e-01	5.658127e-01	2.567202e-01	5.118631e-01	5.049072e-01	5.460076e-01	4.835073e-01	4.906995e-01	4.780554e-01	4.692529e-01	4.835131e-01	5.294896e-01	5.000233e-01	0.000000e+00	1	6.889750e-02
2.280468e-01	6.423084e-01	7.569071e-01	5.333017e-01	7.828108e-01	4.900187e-01	5.995109e-01	4.516240e-01	5.108556e-01	4.918902e-01	4.680201e-01	5.496369e-01	5.094301e-01	4.505785e-01	5.045492e-01	0.000000e+00	1	6.889187e-02
6.444250e-01	3.774728e-01	6.674467e-01	4.643000e-01	3.373299e-01	4.898391e-01	4.822281e-01	4.975496e-01	5.056198e-01	4.868240e-01	5.240617e-01	4.989222e-01	5.026311e-01	5.202049e-01	5.005461e-01	0.000000e+00	1	6.842301e-02
4.044212e-01	5.649226e-01	7.243830e-01	5.132859e-01	6.044620e-01	4.929712e-01	4.928527e-01	5.363262e-01	5.027556e-01	5.078005e-01	4.586948e-01	4.908777e-01	4.833938e-01	5.075376e-01	5.097516e-01	0.000000e+00	1	6.836727e-02
2.962956e-02	6.760977e-01	7.515281e-01	5.333017e-01	9.721184e-01	4.903800e-01	5.772581e-01	4.516240e-01	5.108556e-01	4.928261e-01	5.152085e-01	5.495728e-01	5.065439e-01	4.951532e-01	4.995878e-01	0.000000e+00	1	6.816663e-02
7.532384e-01	6.484901e-01	1.926431e-01	1.218775e-01	4.525150e-01	5.166224e-01	4.953909e-01	5.280073e-01	5.159144e-01	5.011515e-01	5.515024e-01	4.103927e-01	5.060712e-01	4.807502e-01	4.975017e-01	0.000000e+00	1	6.804378e-02
6.603140e-01	2.260065e-01	7.450865e-01	5.208009e-01	2.099400e-01	4.969180e-01	4.822081e-01	6.267251e-01	5.061066e-01	4.980422e-01	4.955199e-01	4.396966e-01	4.811712e-01	4.785129e-01	5.024420e-01	0.000000e+00	1	6.784699e-02
7.525836e-01	4.447215e-02	6.717879e-01	4.633760e-01	3.757584e-02	4.903223e-01	5.032029e-01	4.542430e-01	5.789950e-01	5.106845e-01	4.890942e-01	4.969707e-01	5.166153e-01	4.966830e-01	4.714619e-01	0.000000e+00	1	6.765519e-02
8.764271e-01	2.690326e-01	4.229823e-01	2.751927e-01	1.896074e-01	4.920201e-01	4.932711e-01	5.428572e-01	5.060765e-01	4.738547e-01	5.024239e-01	4.918036e-01	4.540658e-01	4.773100e-01	4.344424e-01	0.000000e+00	1	6.707573e-02
2.158731e-01	4.100530e-01	8.981629e-01	6.967623e-01	6.915040e-01	5.066278e-01	4.681802e-01	5.226666e-01	5.151055e-01	5.068877e-01	4.712535e-01	5.838429e-01	5.307438e-01	5.037856e-01	5.015525e-01	0.000000e+00	1	6.686614e-02
5.246529e-01	7.416414e-01	4.472899e-01	2.912657e-01	6.080400e-01	5.039833e-01	5.167184e-01	4.653829e-01	4.640184e-01	4.873694e-01	4.531728e-01	4.271135e-01	4.898085e-01	5.281582e-01	4.646285e-01	0.000000e+00	1	6.661657e-02
7.914663e-01	5.831289e-01	2.492064e-01	1.580500e-01	4.042410e-01	5.205416e-01	4.970393e-01	4.809470e-01	4.587076e-01	4.864127e-01	4.737453e-01	4.177465e-01	5.116009e-01	4.375103e-01	5.016135e-01	0.000000e+00	1	6.570916e-02
9.503946e-01	7.022422e-02	3.423660e-01	2.195682e-01	4.695422e-02	4.822991e-01	5.084052e-01	4.191330e-01	4.779431e-01	4.758293e-01	4.546325e-01	4.992687e-01	5.502688e-01	5.054207e-01	5.029998e-01	0.000000e+00	1	6.336813e-02
6.387109e-01	3.488638e-01	6.903225e-01	4.831902e-01	3.182596e-01	4.916021e-01	4.820685e-01	4.978286e-01	5.059377e-01	4.702278e-01	4.600978e-01	5.077123e-01	5.026482e-01	4.891101e-01	5.009256e-01	0.000000e+00	1	6.323326e-02
9.197028e-01	3.923779e-01	9.581624e-02	6.081849e-02	2.567202e-01	5.118631e-01	5.049072e-01	5.460076e-01	5.007034e-01	4.906995e-01	4.781785e-01	4.722017e-01	4.997963e-01	5.294896e-01	5.000233e-01	0.000000e+00	1	6.244790e-02
7.853790e-01	6.206768e-01	6.306283e-02	4.005283e-02	4.257661e-01	4.916021e-01	4.820685e-01	4.938302e-01	5.261715e-01	4.995000e-01	4.600978e-01	5.077123e-01	5.026482e-01	4.891101e-01	5.110105e-01	0.000000e+00	1	6.191292e-02
5.671720e-01	4.560798e-01	6.903454e-01	4.831902e-01	4.311532e-01	4.916021e-01	4.820685e-01	4.938302e-01	5.059377e-01	4.702278e-01	4.600978e-01	5.077123e-01	5.026482e-01	4.891101e-01	5.009256e-01	0.000000e+00	1	6.190926e-02
3.138016e-01	9.512958e-01	5.269967e-02	3.346133e-02	7.971550e-01	4.895558e-01	4.645971e-01	4.994136e-01	5.032003e-01	4.737999e-01	5.240617e-01	5.003093e-01	5.125185e-01	5.174905e-01	5.004186e-01	0.000000e+00	1	6.102941e-02
