1.957962e-21	1.619309e-15	1.002330e+00	1.000000e+00	9.999992e-01	4.895558e-01	4.645971e-01	4.944963e-01	5.029118e-01	4.869474e-01	5.240617e-01	5.003093e-01	5.003545e-01	5.133944e-01	5.004186e-01	0.000000e+00	1	1.000000e+14
1.013062e+00	3.852475e-07	6.841857e-03	4.299434e-03	2.420939e-07	4.948765e-01	4.776426e-01	5.316469e-01	6.011666e-01	5.173462e-01	5.229827e-01	4.834451e-01	4.925948e-01	5.128512e-01	5.000963e-01	0.000000e+00	1	1.000000e+14
4.270165e-02	1.030300e+00	1.629058e-03	1.005727e-03	9.736298e-01	5.190611e-01	4.818222e-01	4.964042e-01	5.002560e-01	4.269340e-01	4.844133e-01	5.019010e-01	6.568635e-01	5.137945e-01	4.901505e-01	0.000000e+00	1	1.000000e+14
1.625848e-15	4.709362e-21	1.006377e+00	1.000000e+00	1.844006e-06	5.195883e-01	4.945407e-01	5.256353e-01	4.882628e-01	5.156988e-01	5.031484e-01	4.915837e-01	5.009859e-01	5.252953e-01	4.351849e-01	0.000000e+00	1	1.000000e+14
1.489822e-15	6.640369e-16	1.009634e+00	1.000000e+00	2.669252e-01	5.195883e-01	4.959524e-01	4.595805e-01	4.868200e-01	4.838942e-01	5.101395e-01	5.335015e-01	5.321161e-01	5.266365e-01	4.351849e-01	0.000000e+00	1	1.000000e+14
9.947502e-01	1.117859e-01	4.364246e-17	2.775558e-17	7.124180e-02	4.916021e-01	4.822081e-01	4.938302e-01	5.059377e-01	4.868194e-01	4.817347e-01	4.988615e-01	4.996930e-01	5.064421e-01	5.009256e-01	0.000000e+00	1	1.000000e+14
7.700637e-01	3.639667e-01	5.584925e-01	3.694779e-01	2.810836e-01	4.905139e-01	5.047394e-01	4.140703e-01	5.067224e-01	4.923046e-01	4.298201e-01	4.256076e-01	5.057787e-01	4.795686e-01	4.969504e-01	0.000000e+00	1	1.562368e-01
5.902244e-01	2.722264e-01	7.803908e-01	5.578830e-01	2.751149e-01	5.700315e-01	5.333656e-01	5.315371e-01	4.800826e-01	4.906995e-01	5.793702e-01	4.797023e-01	5.195394e-01	5.319791e-01	5.027187e-01	0.000000e+00	1	1.414806e-01
5.327627e-01	8.000802e-01	3.459025e-01	2.199051e-01	6.260099e-01	5.123319e-01	4.659032e-01	3.610906e-01	5.085173e-01	5.107194e-01	5.024239e-01	4.924598e-01	4.969462e-01	5.200532e-01	4.826327e-01	0.000000e+00	1	1.265721e-01
3.312609e-01	3.506219e-02	9.529680e-01	7.859206e-01	6.713284e-02	4.917110e-01	4.621724e-01	4.938087e-01	4.900459e-01	4.823704e-01	4.860439e-01	5.819743e-01	5.154814e-01	4.799762e-01	4.972970e-01	0.000000e+00	1	1.229909e-01
5.585909e-03	9.996361e-01	1.038809e-01	6.591906e-02	9.964426e-01	4.895558e-01	4.645971e-01	4.944963e-01	4.483191e-01	4.719916e-01	5.019668e-01	5.003093e-01	5.003545e-01	5.135041e-01	5.004186e-01	0.000000e+00	1	1.229728e-01
3.849549e-01	3.125755e-01	9.162907e-01	6.842079e-01	4.341766e-01	4.906934e-01	4.319608e-01	4.615015e-01	5.108556e-01	6.244974e-01	4.680201e-01	5.496369e-01	6.285645e-01	4.963562e-01	5.045492e-01	0.000000e+00	1	1.229618e-01
4.019325e-01	8.601788e-01	3.546115e-01	2.275579e-01	7.217212e-01	3.859909e-01	4.932872e-01	4.979310e-01	5.061066e-01	4.980422e-01	5.023768e-01	4.923665e-01	4.811712e-01	4.979627e-01	5.009591e-01	0.000000e+00	1	1.225118e-01
4.459565e-01	7.506021e-01	5.284045e-01	3.464769e-01	6.587123e-01	5.143802e-01	4.289779e-01	4.898387e-01	4.674041e-01	4.908609e-01	4.554558e-01	3.914661e-01	5.077505e-01	5.129081e-01	5.066677e-01	0.000000e+00	1	1.211206e-01
6.659434e-01	5.901133e-01	4.663600e-01	3.073364e-01	4.616129e-01	5.125909e-01	5.067038e-01	5.270313e-01	4.886025e-01	5.011515e-01	5.555873e-01	5.036265e-01	5.009098e-01	5.203781e-01	4.972009e-01	0.000000e+00	1	1.172331e-01
3.503275e-01	9.340710e-01	1.456036e-01	9.226509e-02	7.715691e-01	5.104739e-01	4.932711e-01	4.998487e-01	5.085173e-01	4.738547e-01	5.024239e-01	5.067949e-01	4.976351e-01	5.176920e-01	4.169697e-01	0.000000e+00	1	1.148366e-01
4.713589e-01	6.584257e-01	5.962719e-01	4.040718e-01	6.044620e-01	4.903696e-01	5.048608e-01	4.999956e-01	5.055074e-01	4.867868e-01	4.316220e-01	5.026533e-01	5.057787e-01	4.771295e-01	4.932318e-01	0.000000e+00	1	1.139102e-01
8.394377e-01	1.018303e-01	5.479366e-01	3.660324e-01	7.685138e-02	4.916021e-01	4.179116e-01	4.938302e-01	5.059377e-01	4.868194e-01	5.070282e-01	4.987181e-01	4.996930e-01	4.778842e-01	4.978594e-01	0.000000e+00	1	1.114253e-01
1.002329e-01	3.218622e-01	9.456832e-01	7.820039e-01	8.078067e-01	5.118631e-01	5.077766e-01	4.905502e-01	4.629684e-01	4.887249e-01	4.775529e-01	5.259721e-01	5.097257e-01	5.297247e-01	4.949116e-01	0.000000e+00	1	1.097365e-01
5.930819e-02	9.783887e-01	2.280519e-01	1.455283e-01	9.614564e-01	4.895558e-01	4.645971e-01	4.944963e-01	4.373075e-01	4.729577e-01	5.028149e-01	5.058597e-01	5.003545e-01	5.135041e-01	4.907556e-01	0.000000e+00	1	1.089143e-01
4.198295e-01	2.422158e-01	8.956214e-01	6.842079e-01	3.331367e-01	5.338370e-01	4.995225e-01	4.131119e-01	5.065393e-01	4.215327e-01	4.640355e-01	4.647904e-01	5.278013e-01	4.963562e-01	5.122056e-01	0.000000e+00	1	1.079260e-01
2.626678e-01	7.242119e-01	6.558250e-01	4.489774e-01	7.784952e-01	4.898697e-01	5.012195e-01	4.944963e-01	5.088659e-01	4.895108e-01	5.217314e-01	5.143571e-01	5.169295e-01	4.343161e-01	4.217650e-01	0.000000e+00	1	1.073258e-01
5.438900e-01	6.090439e-01	6.012738e-01	4.040718e-01	5.359381e-01	4.903696e-01	4.957211e-01	4.140017e-01	5.055074e-01	5.002391e-01	4.558326e-01	5.019576e-01	5.057787e-01	5.082633e-01	4.333033e-01	0.000000e+00	1	1.059138e-01
6.340505e-01	2.826061e-01	7.288266e-01	5.154969e-01	2.669252e-01	4.465154e-01	4.831134e-01	5.084999e-01	5.028125e-01	4.964098e-01	4.907825e-01	5.245494e-01	5.300905e-01	5.307302e-01	4.728009e-01	0.000000e+00	1	1.055395e-01
5.794145e-01	5.751497e-01	6.011690e-01	4.040718e-01	4.976485e-01	4.903616e-01	4.957211e-01	4.140017e-01	5.055074e-01	4.646599e-01	4.570895e-01	5.019576e-01	5.002625e-01	5.087938e-01	4.438180e-01	0.000000e+00	1	1.041250e-01
2.771039e-01	9.614363e-01	5.394318e-02	3.428844e-02	8.213559e-01	5.075952e-01	4.953120e-01	4.965944e-01	5.334807e-01	4.980602e-01	4.843614e-01	5.082265e-01	4.840449e-01	4.903628e-01	5.122614e-01	0.000000e+00	1	1.035366e-01
5.346145e-01	8.237822e-01	2.625216e-01	1.662922e-01	6.335268e-01	5.595133e-01	4.550259e-01	4.941794e-01	4.729926e-01	5.074554e-01	4.299181e-01	5.677669e-01	5.048881e-01	5.248679e-01	5.027275e-01	0.000000e+00	1	1.024568e-01
6.477189e-01	2.987443e-01	7.070942e-01	4.972214e-01	2.751149e-01	5.178151e-01	4.787488e-01	5.321348e-01	4.800826e-01	4.906995e-01	4.775912e-01	4.797023e-01	4.835131e-01	4.730823e-01	5.134197e-01	0.000000e+00	1	9.904524e-02
6.981203e-01	7.096741e-01	1.837354e-01	1.161914e-01	5.052246e-01	5.101820e-01	4.933087e-01	5.280073e-01	5.143792e-01	4.619162e-01	5.001148e-01	4.026777e-01	5.003811e-01	5.154988e-01	4.975017e-01	0.000000e+00	1	9.266111e-02
3.242961e-02	8.893313e-01	4.691621e-01	3.088661e-01	9.767958e-01	5.035096e-01	4.383055e-01	4.883567e-01	5.232421e-01	4.835297e-01	5.124863e-01	4.987251e-01	5.253031e-01	5.062660e-01	5.204155e-01	0.000000e+00	1	8.759903e-02
7.888236e-01	5.208272e-01	3.707109e-01	2.379355e-01	3.715013e-01	3.804254e-01	4.932711e-01	4.965080e-01	5.085173e-01	5.133601e-01	5.024239e-01	4.924598e-01	4.976351e-01	5.200532e-01	4.835595e-01	0.000000e+00	1	8.456365e-02
2.054925e-01	6.961810e-01	6.895576e-01	4.836689e-01	8.172769e-01	5.060174e-01	4.932872e-01	4.979310e-01	5.061066e-01	4.980422e-01	4.982391e-01	5.002954e-01	4.811712e-01	4.734168e-01	5.007828e-01	0.000000e+00	1	8.373954e-02
7.335575e-01	6.253149e-01	3.857848e-01	2.423632e-01	4.493961e-01	5.211902e-01	3.352875e-01	5.282765e-01	5.030868e-01	5.106920e-01	4.886337e-01	5.031401e-01	5.321926e-01	4.963451e-01	5.924919e-01	0.000000e+00	1	8.305092e-02
9.051225e-01	3.319632e-01	2.710933e-01	1.745076e-01	2.237894e-01	5.195883e-01	4.945407e-01	5.245703e-01	4.891733e-01	5.156988e-01	5.023401e-01	4.982799e-01	5.041367e-01	4.940090e-01	4.949425e-01	0.000000e+00	1	8.046640e-02
9.409178e-01	3.259236e-01	1.244585e-01	7.915901e-02	2.122836e-01	4.945183e-01	5.049164e-01	5.056184e-01	5.146370e-01	5.173462e-01	5.039302e-01	5.037137e-01	5.077920e-01	4.983384e-01	4.468830e-01	0.000000e+00	1	8.016102e-02
4.612628e-01	2.091051e-01	8.780564e-01	6.669383e-01	2.709589e-01	4.914873e-01	5.047268e-01	5.521162e-01	5.143792e-01	5.011515e-01	4.306227e-01	4.264356e-01	5.003811e-01	4.802555e-01	4.970530e-01	0.000000e+00	1	7.923230e-02
7.424656e-01	8.343520e-02	6.768028e-01	4.685795e-01	7.124180e-02	5.737860e-01	4.822081e-01	4.938302e-01	5.059377e-01	4.868194e-01	4.817347e-01	5.414855e-01	5.012404e-01	5.064421e-01	5.009130e-01	0.000000e+00	1	7.731082e-02
8.687825e-01	2.763771e-01	4.312486e-01	2.812810e-01	1.960768e-01	4.898697e-01	5.048696e-01	5.051626e-01	5.088659e-01	5.188191e-01	5.217314e-01	5.219184e-01	5.169295e-01	4.343161e-01	4.510561e-01	0.000000e+00	1	7.668761e-02
1.888567e-01	9.476078e-01	3.040709e-01	1.940940e-01	8.747636e-01	5.022931e-01	4.817487e-01	4.900558e-01	4.754205e-01	4.901649e-01	5.175523e-01	3.948296e-01	5.096779e-01	4.968719e-01	4.813244e-01	0.000000e+00	1	7.666834e-02
9.942438e-01	1.441524e-01	1.113184e-01	7.025367e-02	9.166288e-02	5.105804e-01	4.124686e-01	4.595524e-01	4.817703e-01	5.086433e-01	5.124863e-01	4.987251e-01	5.071420e-01	5.043362e-01	4.727249e-01	0.000000e+00	1	7.623716e-02
1.002240e+00	8.719755e-03	2.008921e-01	1.259325e-01	5.538623e-03	5.206235e-01	4.951427e-01	4.818056e-01	4.860547e-01	4.822754e-01	4.777544e-01	5.481510e-01	6.320007e-01	5.261946e-01	4.996708e-01	0.000000e+00	1	7.590100e-02
1.544222e-01	6.856975e-02	9.977988e-01	8.932114e-01	2.660352e-01	5.195883e-01	4.959524e-01	4.595805e-01	4.365365e-01	4.829280e-01	5.092915e-01	5.279511e-01	5.321161e-01	5.266365e-01	4.448479e-01	0.000000e+00	1	7.432929e-02
5.633193e-02	5.223372e-01	8.566309e-01	6.497721e-01	9.316075e-01	4.898139e-01	4.999640e-01	4.582545e-01	5.106213e-01	4.885467e-01	4.842749e-01	5.465841e-01	4.929656e-01	5.185336e-01	5.004704e-01	0.000000e+00	1	7.179270e-02
9.041753e-01	4.170284e-01	1.736929e-01	1.099461e-01	2.751149e-01	4.878477e-01	5.333656e-01	5.315371e-01	4.800826e-01	4.906995e-01	5.793702e-01	4.739067e-01	4.994017e-01	5.319791e-01	5.027313e-01	0.000000e+00	1	7.130155e-02
3.140451e-01	4.608263e-01	8.430656e-01	6.279629e-01	6.191806e-01	5.051795e-01	4.681802e-01	4.557508e-01	5.151055e-01	4.836543e-01	5.106050e-01	5.838429e-01	4.872523e-01	5.037856e-01	5.015401e-01	0.000000e+00	1	7.064143e-02
7.219650e-01	6.823467e-01	1.871560e-01	1.185500e-01	4.820445e-01	4.904977e-01	4.933087e-01	4.930801e-01	5.134108e-01	4.943656e-01	5.275148e-01	4.026777e-01	5.003788e-01	5.154988e-01	4.975017e-01	0.000000e+00	1	7.024271e-02
2.347940e-01	4.216080e-01	8.917170e-01	6.842079e-01	6.765168e-01	4.858349e-01	4.789561e-01	4.620841e-01	5.101944e-01	5.938295e-01	4.682095e-01	5.315604e-01	5.001924e-01	4.809419e-01	4.762415e-01	0.000000e+00	1	6.996132e-02
1.937050e-01	6.380741e-01	7.557417e-01	5.397382e-01	8.123654e-01	4.901658e-01	4.645971e-01	4.943386e-01	5.029118e-01	4.869357e-01	5.240617e-01	5.003093e-01	4.254919e-01	5.133944e-01	5.007913e-01	0.000000e+00	1	6.741533e-02
4.403508e-01	9.154865e-01	9.169775e-03	5.746218e-03	7.145817e-01	5.037424e-01	4.520085e-01	4.854385e-01	5.086377e-01	4.841478e-01	6.102148e-01	4.930302e-01	5.248824e-01	5.058486e-01	5.149338e-01	0.000000e+00	1	6.687576e-02
1.205514e-01	4.874955e-01	8.728909e-01	6.676434e-01	8.456682e-01	4.840297e-01	5.044616e-01	5.323446e-01	5.063049e-01	4.885467e-01	4.825362e-01	4.793637e-01	4.960357e-01	5.185336e-01	5.667431e-01	0.000000e+00	1	6.678273e-02
8.589951e-01	1.094619e-01	5.124684e-01	3.401917e-01	8.068966e-02	4.914718e-01	4.781686e-01	5.478734e-01	5.039927e-01	5.176317e-01	4.532615e-01	4.836733e-01	4.814288e-01	5.129081e-01	5.094480e-01	0.000000e+00	1	6.640598e-02
9.774351e-01	8.503947e-03	2.296696e-01	1.469170e-01	5.538623e-03	5.206235e-01	4.951812e-01	4.844513e-01	4.882628e-01	4.822754e-01	5.461188e-01	4.900657e-01	5.079018e-01	5.257123e-01	4.996708e-01	0.000000e+00	1	6.634203e-02
2.929745e-01	6.752601e-02	9.775144e-01	8.100399e-01	1.442124e-01	4.917110e-01	5.195405e-01	4.944805e-01	3.616488e-01	4.551710e-01	4.834395e-01	4.771736e-01	5.156177e-01	4.941483e-01	5.010826e-01	0.000000e+00	1	6.397126e-02
8.568910e-01	4.395283e-01	2.926559e-01	1.878151e-01	3.017202e-01	4.906366e-01	4.817487e-01	5.480905e-01	5.120092e-01	5.169357e-01	5.153580e-01	4.491452e-01	4.833561e-01	4.968719e-01	4.841047e-01	0.000000e+00	1	6.383348e-02
2.825975e-01	9.240802e-01	3.040966e-01	1.940940e-01	8.110621e-01	4.914221e-01	4.817487e-01	4.902706e-01	4.754205e-01	5.169357e-01	5.153580e-01	3.948296e-01	5.096779e-01	4.968719e-01	4.841047e-01	0.000000e+00	1	6.334673e-02
8.988617e-01	1.673831e-01	4.089692e-01	2.677644e-01	1.172068e-01	4.911581e-01	4.770176e-01	4.943164e-01	5.233434e-01	5.001429e-01	5.135995e-01	4.926641e-01	5.063948e-01	5.061832e-01	4.895212e-01	0.000000e+00	1	6.325045e-02
