1.628585e-15	2.196513e-21	1.008072e+00	1.000000e+00	8.586248e-07	4.737216e-01	4.209133e-01	5.159132e-01	4.882628e-01	5.185419e-01	4.822722e-01	5.019591e-01	5.009859e-01	4.987093e-01	5.084423e-01	0.000000e+00	1	1.000000e+14
3.478279e-03	1.042408e+00	4.798303e-03	2.930384e-03	9.978758e-01	5.046339e-01	4.994441e-01	4.449152e-01	5.116693e-01	4.961370e-01	5.032639e-01	4.832306e-01	4.988717e-01	4.804447e-01	3.036785e-01	0.000000e+00	1	1.000000e+14
9.946375e-01	1.117732e-01	4.363751e-17	2.775558e-17	7.124180e-02	4.916021e-01	4.857464e-01	4.938302e-01	5.059377e-01	4.868194e-01	4.817347e-01	4.988615e-01	4.996930e-01	5.064421e-01	5.009256e-01	0.000000e+00	1	1.000000e+14
1.013002e+00	3.852244e-07	4.313319e-03	2.710684e-03	2.420939e-07	4.948530e-01	4.804328e-01	4.799302e-01	6.011666e-01	5.165284e-01	5.229827e-01	4.961331e-01	5.058991e-01	5.164437e-01	4.709773e-01	0.000000e+00	1	1.000000e+14
1.957962e-21	1.619309e-15	1.002330e+00	1.000000e+00	9.999992e-01	4.895558e-01	4.645971e-01	4.944963e-01	5.029118e-01	4.869474e-01	5.240617e-01	5.003093e-01	5.003545e-01	5.133944e-01	5.004186e-01	0.000000e+00	1	1.000000e+14
4.664020e-01	8.769985e-01	2.722789e-01	1.703226e-01	6.888359e-01	5.726210e-01	4.562231e-01	5.357577e-01	3.801993e-01	5.265793e-01	4.254240e-01	4.860868e-01	5.053918e-01	5.251879e-01	4.986179e-01	0.000000e+00	1	1.432152e-01
9.254899e-02	2.690130e-01	9.801472e-01	8.201625e-01	7.890574e-01	5.201010e-01	5.233283e-01	5.316469e-01	6.011935e-01	5.173462e-01	5.229827e-01	5.495187e-01	5.173338e-01	5.694779e-01	5.000253e-01	0.000000e+00	1	1.248636e-01
8.647540e-01	5.260013e-01	7.056331e-03	4.438140e-03	3.478974e-01	4.834247e-01	4.625644e-01	4.449152e-01	5.090047e-01	5.159967e-01	4.608381e-01	5.132943e-01	4.859152e-01	5.399937e-01	4.397232e-01	0.000000e+00	1	1.242390e-01
3.918811e-01	9.226891e-01	9.531385e-02	6.034836e-02	7.443142e-01	4.895788e-01	5.005588e-01	4.941129e-01	5.130657e-01	5.596258e-01	4.850415e-01	4.897569e-01	4.976813e-01	4.473573e-01	5.024763e-01	0.000000e+00	1	1.220518e-01
4.990603e-01	3.206241e-01	8.100828e-01	5.976306e-01	3.635439e-01	4.885416e-01	4.641053e-01	5.239687e-01	5.030812e-01	4.793022e-01	4.663520e-01	4.878678e-01	4.829828e-01	5.061812e-01	4.996465e-01	0.000000e+00	1	1.197771e-01
7.635639e-02	1.010499e+00	4.389360e-02	2.755736e-02	9.519863e-01	4.845163e-01	4.813066e-01	5.528978e-01	4.729271e-01	5.066844e-01	4.284336e-01	4.939848e-01	5.010005e-01	5.130144e-01	4.304520e-01	0.000000e+00	1	1.182205e-01
4.369617e-01	2.455969e-01	8.808175e-01	6.706317e-01	3.259825e-01	5.933372e-01	5.062589e-01	4.851724e-01	4.682729e-01	4.989853e-01	4.980895e-01	5.408598e-01	5.150715e-01	4.794250e-01	5.339667e-01	0.000000e+00	1	1.145664e-01
7.038769e-01	4.803620e-01	5.315897e-01	3.550696e-01	3.812405e-01	4.924819e-01	4.946101e-01	5.117008e-01	5.122790e-01	4.407104e-01	4.988832e-01	4.834293e-01	4.881732e-01	5.067006e-01	5.055009e-01	0.000000e+00	1	1.144254e-01
6.674660e-01	5.851606e-01	4.859566e-01	3.188790e-01	4.582301e-01	4.974518e-01	3.945261e-01	4.964842e-01	5.039337e-01	4.868194e-01	4.999834e-01	4.987181e-01	4.993950e-01	4.799382e-01	5.151625e-01	0.000000e+00	1	1.143676e-01
8.078430e-01	5.654945e-01	1.848529e-01	1.179706e-01	3.888026e-01	4.852326e-01	4.834451e-01	4.818280e-01	5.039337e-01	4.868540e-01	4.673820e-01	4.954495e-01	5.313359e-01	5.140925e-01	4.988850e-01	0.000000e+00	1	1.124629e-01
2.831813e-01	8.596380e-01	4.412880e-01	2.888043e-01	7.974125e-01	5.591502e-01	4.925218e-01	4.592856e-01	5.281595e-01	5.097457e-01	5.141803e-01	4.987244e-01	5.211150e-01	5.061358e-01	5.119039e-01	0.000000e+00	1	1.092320e-01
3.127675e-01	6.710323e-02	9.572971e-01	7.946970e-01	1.345450e-01	4.601022e-01	5.268797e-01	4.795161e-01	4.916009e-01	4.873930e-01	4.290149e-01	4.964131e-01	5.333485e-01	5.141761e-01	5.004915e-01	0.000000e+00	1	1.086026e-01
3.814068e-01	8.980273e-01	2.331509e-01	1.493300e-01	7.443142e-01	4.895788e-01	5.012195e-01	4.944963e-01	5.088659e-01	4.895108e-01	4.971905e-01	4.958545e-01	4.976813e-01	4.473573e-01	5.024763e-01	0.000000e+00	1	1.047399e-01
6.048828e-01	6.247876e-01	5.086151e-01	3.369116e-01	5.103042e-01	5.668599e-01	5.055531e-01	4.899349e-01	5.062931e-01	4.990446e-01	5.065436e-01	5.491726e-01	4.925561e-01	4.850251e-01	4.925819e-01	0.000000e+00	1	9.879111e-02
5.574321e-01	7.450392e-01	4.081421e-01	2.631526e-01	5.910719e-01	4.962679e-01	3.943976e-01	4.625671e-01	5.199120e-01	4.558118e-01	4.903207e-01	4.985350e-01	5.004985e-01	5.305685e-01	5.110129e-01	0.000000e+00	1	9.689012e-02
3.673494e-02	9.519794e-01	3.325538e-01	2.138057e-01	9.754463e-01	4.962679e-01	5.385322e-01	4.856724e-01	5.199120e-01	4.558118e-01	4.903207e-01	4.407003e-01	5.161750e-01	5.321092e-01	5.103086e-01	0.000000e+00	1	9.562636e-02
1.635579e-01	6.614088e-01	7.428212e-01	5.274698e-01	8.456682e-01	4.924914e-01	4.925133e-01	4.701464e-01	5.124235e-01	4.859019e-01	4.653094e-01	4.999698e-01	4.958964e-01	5.729197e-01	5.084853e-01	0.000000e+00	1	9.398308e-02
5.450181e-01	8.317102e-01	2.024161e-01	1.278440e-01	6.307028e-01	5.606041e-01	5.289848e-01	5.333972e-01	4.728240e-01	5.040494e-01	4.285987e-01	5.471585e-01	5.210937e-01	5.248679e-01	5.012810e-01	0.000000e+00	1	9.373166e-02
1.935734e-01	3.825175e-01	9.100845e-01	7.197398e-01	7.017585e-01	4.855660e-01	4.513845e-01	4.612314e-01	4.743934e-01	4.917841e-01	4.934173e-01	4.987181e-01	4.993950e-01	4.772832e-01	4.746107e-01	0.000000e+00	1	9.196569e-02
1.073474e-01	8.121490e-01	5.755699e-01	3.899051e-01	9.163385e-01	4.948030e-01	4.925218e-01	4.938505e-01	5.004508e-01	4.840588e-01	5.138489e-01	4.988598e-01	4.845572e-01	5.064569e-01	5.186022e-01	0.000000e+00	1	9.159443e-02
1.342935e-01	9.903924e-01	1.296354e-01	8.211498e-02	9.142000e-01	4.941853e-01	5.242045e-01	4.941153e-01	5.046846e-01	4.857211e-01	5.001615e-01	4.435980e-01	5.012128e-01	4.801473e-01	4.419396e-01	0.000000e+00	1	8.959923e-02
5.672544e-01	7.362340e-01	3.921214e-01	2.541653e-01	5.820714e-01	5.187446e-01	4.748170e-01	5.287440e-01	5.192406e-01	4.241293e-01	4.873864e-01	4.806106e-01	5.073461e-01	5.144856e-01	5.036326e-01	0.000000e+00	1	8.498459e-02
4.136360e-01	3.358639e-01	8.502187e-01	6.436124e-01	4.341766e-01	4.873710e-01	5.068479e-01	5.015540e-01	5.055546e-01	4.832502e-01	4.680201e-01	5.281799e-01	4.684723e-01	5.048803e-01	5.049985e-01	0.000000e+00	1	8.455446e-02
5.427958e-03	6.857671e-01	7.312463e-01	5.204154e-01	9.949612e-01	4.944433e-01	5.196246e-01	5.253042e-01	4.947500e-01	4.931401e-01	5.292914e-01	4.924662e-01	5.011569e-01	5.107281e-01	4.813361e-01	0.000000e+00	1	8.448279e-02
3.551589e-01	7.060751e-01	6.438117e-01	4.351704e-01	7.033045e-01	4.996319e-01	4.625378e-01	4.750674e-01	6.072916e-01	4.563253e-01	4.898591e-01	5.555957e-01	5.164404e-01	5.052079e-01	5.215238e-01	0.000000e+00	1	8.433424e-02
9.883429e-01	1.890308e-01	1.647339e-01	1.033043e-01	1.203072e-01	4.575195e-01	5.272458e-01	4.796639e-01	5.914653e-01	5.011373e-01	4.207996e-01	4.964160e-01	5.301954e-01	4.789306e-01	4.738514e-01	0.000000e+00	1	8.282548e-02
6.186849e-01	2.200735e-01	7.587193e-01	5.458253e-01	2.175674e-01	4.917780e-01	4.813427e-01	4.943913e-01	4.787769e-01	4.870933e-01	5.424550e-01	4.920071e-01	4.993194e-01	5.049456e-01	5.216319e-01	0.000000e+00	1	8.274089e-02
9.073461e-01	4.585809e-01	2.000469e-02	1.252522e-02	2.979161e-01	4.924231e-01	4.849246e-01	5.143220e-01	6.159800e-01	5.178221e-01	4.703234e-01	5.003273e-01	4.803907e-01	5.363391e-01	5.005214e-01	0.000000e+00	1	8.052979e-02
6.544520e-01	4.466318e-01	6.117937e-01	4.185926e-01	3.812405e-01	4.924819e-01	4.924759e-01	5.117008e-01	5.122790e-01	4.993619e-01	5.167738e-01	5.041248e-01	4.881732e-01	5.128482e-01	5.058629e-01	0.000000e+00	1	7.996659e-02
4.185867e-01	4.258226e-01	8.057011e-01	5.939739e-01	5.054552e-01	4.933787e-01	4.929798e-01	5.015540e-01	5.055546e-01	4.860510e-01	4.680201e-01	4.809999e-01	4.670685e-01	5.048803e-01	5.054701e-01	0.000000e+00	1	7.990719e-02
9.384413e-01	3.627264e-01	1.845359e-04	1.167666e-04	2.348058e-01	5.106945e-01	4.831571e-01	5.290774e-01	5.103691e-01	5.149800e-01	4.837719e-01	5.004179e-01	4.969462e-01	5.218137e-01	4.385304e-01	0.000000e+00	1	7.963503e-02
2.865593e-02	9.401876e-01	3.657229e-01	2.360724e-01	9.806025e-01	5.608053e-01	4.662784e-01	4.986602e-01	4.956398e-01	5.020467e-01	5.021283e-01	5.651368e-01	4.995184e-01	5.106704e-01	5.004030e-01	0.000000e+00	1	7.952261e-02
7.796107e-01	4.742114e-01	5.209747e-01	3.302578e-01	3.478974e-01	4.905582e-01	5.005421e-01	4.394866e-01	5.308457e-01	5.089983e-01	4.710650e-01	5.138944e-01	5.432954e-01	5.430136e-01	2.969845e-01	0.000000e+00	1	7.870025e-02
2.781381e-02	9.669735e-01	2.904008e-01	1.856611e-01	9.816935e-01	5.608053e-01	5.012137e-01	4.982632e-01	4.775714e-01	5.040494e-01	4.837619e-01	5.733367e-01	4.995310e-01	5.125795e-01	5.004030e-01	0.000000e+00	1	7.632413e-02
9.005946e-01	5.478019e-01	4.852162e-03	2.930384e-03	3.478974e-01	4.905582e-01	5.005421e-01	4.449152e-01	4.053295e-01	5.195021e-01	4.704130e-01	5.138944e-01	4.859152e-01	5.430136e-01	3.036785e-01	0.000000e+00	1	7.594800e-02
7.392591e-01	1.185692e-01	6.775024e-01	4.682425e-01	1.012446e-01	4.601022e-01	5.129380e-01	4.829168e-01	4.906040e-01	5.275765e-01	4.217613e-01	4.963492e-01	5.260707e-01	5.045213e-01	4.979607e-01	0.000000e+00	1	7.483433e-02
3.188474e-01	8.571242e-01	4.367996e-01	2.836744e-01	7.732774e-01	5.562369e-01	4.925218e-01	4.592856e-01	5.839650e-01	5.097457e-01	5.224730e-01	4.860395e-01	4.863334e-01	5.040619e-01	5.233360e-01	0.000000e+00	1	7.436121e-02
8.555043e-01	7.991704e-02	5.387922e-01	3.565597e-01	5.929782e-02	4.916021e-01	3.934946e-01	4.945735e-01	5.058149e-01	4.539175e-01	4.978977e-01	4.779711e-01	5.072744e-01	5.064421e-01	4.995142e-01	0.000000e+00	1	7.175446e-02
9.629187e-01	2.037077e-01	1.962925e-01	1.253216e-01	1.327215e-01	5.212848e-01	4.845681e-01	4.916618e-01	5.077689e-01	4.830330e-01	4.526273e-01	4.966756e-01	5.058511e-01	4.853383e-01	4.996708e-01	0.000000e+00	1	7.029814e-02
3.401765e-01	4.021205e-02	9.409562e-01	7.777390e-01	7.490680e-02	4.910330e-01	4.918676e-01	4.911655e-01	5.099232e-01	4.829992e-01	4.761517e-01	4.934416e-01	5.002295e-01	5.065283e-01	4.899809e-01	0.000000e+00	1	6.992287e-02
5.128618e-01	3.443941e-01	7.982254e-01	5.806983e-01	3.764659e-01	5.828026e-01	4.925218e-01	4.647142e-01	5.010161e-01	5.192776e-01	5.141803e-01	4.987244e-01	4.845572e-01	5.061821e-01	5.186022e-01	0.000000e+00	1	6.954724e-02
6.047848e-01	2.151290e-01	7.707003e-01	5.578830e-01	2.175674e-01	4.891986e-01	4.813427e-01	5.255820e-01	4.787769e-01	4.886851e-01	5.220447e-01	4.845393e-01	5.013839e-01	5.049456e-01	5.236339e-01	0.000000e+00	1	6.924842e-02
8.495352e-01	9.999762e-02	5.819397e-01	3.803106e-01	7.459240e-02	4.873710e-01	5.068479e-01	4.041996e-01	5.055546e-01	4.832502e-01	4.657633e-01	6.504487e-01	4.683013e-01	5.064582e-01	5.058851e-01	0.000000e+00	1	6.877188e-02
6.459792e-01	2.823245e-02	7.951702e-01	5.653731e-01	2.780570e-02	4.765697e-01	4.565351e-01	4.027677e-01	4.881254e-01	5.175170e-01	4.001735e-01	5.019591e-01	5.009859e-01	4.505913e-01	5.113981e-01	0.000000e+00	1	6.833910e-02
2.708263e-01	7.681513e-01	6.052370e-01	4.068374e-01	7.842103e-01	4.648892e-01	4.196296e-01	5.239687e-01	5.024599e-01	4.793022e-01	4.663520e-01	4.878678e-01	4.829828e-01	5.061349e-01	4.333587e-01	0.000000e+00	1	6.707791e-02
8.374854e-01	5.601167e-01	1.629228e-01	1.020614e-01	3.752768e-01	4.601524e-01	4.783522e-01	4.625103e-01	5.030812e-01	4.869444e-01	4.658939e-01	5.003093e-01	3.771301e-01	5.267068e-01	4.996465e-01	0.000000e+00	1	6.661945e-02
7.433212e-01	1.192207e-01	6.726303e-01	4.642237e-01	1.012446e-01	4.601022e-01	5.268797e-01	4.796639e-01	4.906040e-01	5.011373e-01	4.283718e-01	4.964160e-01	5.301954e-01	5.045213e-01	4.745625e-01	0.000000e+00	1	6.584318e-02
2.429660e-01	9.596298e-01	1.561758e-01	9.961692e-02	8.421335e-01	5.046671e-01	4.953120e-01	4.939404e-01	5.334807e-01	4.980602e-01	4.843614e-01	5.082265e-01	4.850497e-01	4.889702e-01	4.829297e-01	0.000000e+00	1	6.530544e-02
3.301084e-01	6.562734e-01	7.016143e-01	4.853726e-01	7.033045e-01	4.996319e-01	4.625378e-01	4.749268e-01	6.018211e-01	5.033987e-01	4.845260e-01	5.555957e-01	5.070440e-01	5.052079e-01	5.045492e-01	0.000000e+00	1	6.438696e-02
9.727042e-01	1.531547e-01	1.963837e-01	1.253216e-01	9.942116e-02	5.212848e-01	4.845681e-01	4.916618e-01	5.077689e-01	4.830330e-01	4.526273e-01	4.966785e-01	5.026981e-01	5.043510e-01	4.737418e-01	0.000000e+00	1	6.355189e-02
2.174905e-01	3.732911e-01	9.171333e-01	7.197398e-01	6.641516e-01	4.858674e-01	3.945261e-01	4.612314e-01	5.039337e-01	4.868194e-01	4.923816e-01	4.987181e-01	4.993950e-01	4.778842e-01	5.151625e-01	0.000000e+00	1	6.338731e-02
