1.643668e-15	6.699151e-23	1.017408e+00	1.000000e+00	2.594692e-08	4.513206e-01	4.490384e-01	4.811839e-01	5.056803e-01	4.813014e-01	4.756964e-01	3.967859e-01	5.184684e-01	4.962816e-01	4.896725e-01	0.000000e+00	1	1.000000e+14
1.375328e-21	1.617315e-15	1.001096e+00	1.000000e+00	9.999995e-01	4.895558e-01	5.043281e-01	4.944963e-01	5.029118e-01	4.869474e-01	5.240617e-01	4.996807e-01	5.000751e-01	5.133944e-01	5.004186e-01	0.000000e+00	1	1.000000e+14
1.004546e+00	1.861879e-03	4.379664e-17	2.775558e-17	1.179943e-03	4.924625e-01	5.013808e-01	5.573360e-01	5.213442e-01	4.899442e-01	4.823240e-01	4.950793e-01	5.067608e-01	5.154168e-01	5.050125e-01	0.000000e+00	1	1.000000e+14
1.020670e-15	1.318648e-15	1.032168e+00	1.000000e+00	5.806569e-01	4.513363e-01	3.855222e-01	4.801621e-01	5.056803e-01	4.813014e-01	5.128691e-01	3.763735e-01	5.188079e-01	4.962816e-01	4.898902e-01	0.000000e+00	1	1.000000e+14
9.944875e-01	1.117564e-01	4.363093e-17	2.775558e-17	7.124180e-02	4.916021e-01	4.915406e-01	5.043163e-01	5.059377e-01	4.868194e-01	4.817347e-01	4.988615e-01	4.996930e-01	5.064421e-01	5.009494e-01	0.000000e+00	1	1.000000e+14
1.638669e-03	1.004272e+00	6.278722e-06	3.980150e-06	9.989612e-01	4.954862e-01	5.278867e-01	5.559660e-01	5.041755e-01	4.899935e-01	5.012275e-01	5.114498e-01	5.088309e-01	4.978401e-01	5.032110e-01	0.000000e+00	1	1.000000e+14
5.447111e-01	7.882818e-01	3.175479e-01	2.037297e-01	6.150569e-01	4.956832e-01	4.808748e-01	4.516956e-01	5.069527e-01	4.919520e-01	5.113076e-01	4.955331e-01	4.971971e-01	5.143695e-01	5.789311e-01	0.000000e+00	1	1.219629e-01
3.009917e-01	2.252746e-01	9.372153e-01	7.571345e-01	4.090300e-01	4.896268e-01	4.869915e-01	4.944963e-01	5.027402e-01	4.227616e-01	5.240617e-01	4.885118e-01	5.000751e-01	4.870160e-01	5.514833e-01	0.000000e+00	1	1.160809e-01
1.286023e-01	6.813980e-01	7.349419e-01	5.184976e-01	8.812457e-01	4.886014e-01	5.096961e-01	4.932771e-01	5.087027e-01	4.869612e-01	4.863251e-01	4.020659e-01	4.999998e-01	5.119359e-01	4.991346e-01	0.000000e+00	1	1.128798e-01
3.328798e-01	6.121718e-01	7.281624e-01	5.139985e-01	6.829338e-01	4.926477e-01	4.812829e-01	5.044555e-01	5.057639e-01	4.285471e-01	4.855217e-01	5.003453e-01	5.094286e-01	5.252277e-01	4.630823e-01	0.000000e+00	1	1.093521e-01
7.931709e-01	2.163401e-02	6.232646e-01	4.238834e-01	1.735972e-02	4.975304e-01	5.200797e-01	4.730109e-01	4.815373e-01	4.904115e-01	5.000132e-01	4.216180e-01	5.025424e-01	5.351012e-01	4.944947e-01	0.000000e+00	1	1.089411e-01
2.477621e-01	1.651247e-01	9.592347e-01	8.083969e-01	3.742450e-01	4.896268e-01	4.912110e-01	4.955792e-01	5.029118e-01	4.431422e-01	5.240617e-01	4.866631e-01	5.000751e-01	5.133944e-01	5.004262e-01	0.000000e+00	1	1.077015e-01
2.732134e-01	4.171515e-01	8.683067e-01	6.681302e-01	6.308579e-01	4.734683e-01	5.128923e-01	4.892717e-01	5.070057e-01	4.877243e-01	5.016762e-01	5.053296e-01	5.081545e-01	5.048715e-01	4.987954e-01	0.000000e+00	1	1.074838e-01
8.141210e-03	9.238395e-01	3.858879e-01	2.518834e-01	9.943900e-01	4.976313e-01	4.854960e-01	5.149200e-01	4.859574e-01	4.829122e-01	4.853377e-01	5.022001e-01	4.991500e-01	5.080967e-01	5.035958e-01	0.000000e+00	1	1.058012e-01
6.205570e-01	7.446047e-01	2.714870e-01	1.738547e-01	5.576891e-01	4.956832e-01	5.144066e-01	4.216635e-01	4.964462e-01	4.881384e-01	5.051339e-01	4.985975e-01	4.993606e-01	5.069529e-01	4.988983e-01	0.000000e+00	1	1.030171e-01
7.523033e-01	5.172594e-01	4.386508e-01	2.851405e-01	3.834573e-01	5.391873e-01	4.467736e-01	4.813933e-01	5.098721e-01	4.824047e-01	5.037316e-01	4.950075e-01	4.964030e-01	4.289113e-01	4.484666e-01	0.000000e+00	1	9.540482e-02
3.794562e-01	7.624846e-01	5.368687e-01	3.580630e-01	7.060269e-01	5.174661e-01	5.395721e-01	4.856561e-01	5.097074e-01	4.869577e-01	4.717003e-01	4.702860e-01	4.798921e-01	4.790770e-01	5.436914e-01	0.000000e+00	1	9.375966e-02
6.788251e-01	4.907681e-01	5.693894e-01	3.800641e-01	3.985076e-01	4.969242e-01	5.038671e-01	5.090281e-01	5.011038e-01	4.780502e-01	4.908217e-01	4.773118e-01	5.623261e-01	4.118919e-01	5.035312e-01	0.000000e+00	1	9.333811e-02
1.578970e-01	4.368671e-01	8.967950e-01	6.957394e-01	7.792068e-01	4.904235e-01	4.530160e-01	4.353596e-01	5.095278e-01	5.128178e-01	4.890366e-01	5.178185e-01	4.833994e-01	5.060161e-01	5.498095e-01	0.000000e+00	1	9.317252e-02
7.090514e-01	6.543586e-01	3.686807e-01	2.323602e-01	4.744759e-01	4.738826e-01	4.950468e-01	4.717318e-01	5.709975e-01	4.813014e-01	5.020705e-01	3.967859e-01	6.235532e-01	4.962816e-01	4.923404e-01	0.000000e+00	1	9.150356e-02
9.035865e-01	4.354011e-01	4.192618e-02	2.659528e-02	2.858611e-01	5.047280e-01	4.987746e-01	4.896417e-01	4.544019e-01	4.800051e-01	4.908217e-01	4.997784e-01	4.989255e-01	5.345874e-01	5.009062e-01	0.000000e+00	1	8.983933e-02
8.872048e-02	9.886222e-01	1.664731e-01	1.057862e-01	9.430214e-01	4.892584e-01	5.456456e-01	4.850051e-01	5.205102e-01	4.869728e-01	5.048237e-01	4.954790e-01	5.063458e-01	4.678588e-01	5.482409e-01	0.000000e+00	1	8.891680e-02
2.711489e-01	8.223517e-01	5.177172e-01	3.430552e-01	7.972376e-01	4.839792e-01	5.409888e-01	4.865005e-01	5.051863e-01	4.299262e-01	4.745586e-01	4.994150e-01	4.798364e-01	5.273586e-01	4.969340e-01	0.000000e+00	1	8.879855e-02
1.269917e-01	9.830998e-01	1.662505e-01	1.057862e-01	9.182177e-01	4.890652e-01	5.456456e-01	4.903813e-01	5.114016e-01	4.869672e-01	5.048237e-01	4.954790e-01	4.970296e-01	4.882755e-01	5.482407e-01	0.000000e+00	1	8.795029e-02
7.627462e-01	5.244396e-01	4.034537e-01	2.616730e-01	3.834573e-01	5.391873e-01	4.832499e-01	4.925479e-01	5.099232e-01	4.824047e-01	5.037316e-01	4.950075e-01	4.964030e-01	4.309933e-01	4.484666e-01	0.000000e+00	1	8.708188e-02
7.077365e-01	5.548940e-01	4.601790e-01	3.010928e-01	4.233097e-01	4.792046e-01	4.617896e-01	4.740893e-01	4.614079e-01	4.907634e-01	4.393603e-01	4.657451e-01	4.754849e-01	5.102566e-01	4.768935e-01	0.000000e+00	1	8.652727e-02
9.726974e-01	1.935812e-01	2.465594e-01	1.551219e-01	1.250628e-01	4.893162e-01	6.025695e-01	4.857085e-01	5.055638e-01	4.891970e-01	4.863251e-01	3.967779e-01	4.957929e-01	5.107326e-01	5.006151e-01	0.000000e+00	1	8.646794e-02
5.961024e-01	7.534274e-01	3.326877e-01	2.122265e-01	5.738821e-01	4.973333e-01	5.144171e-01	5.116201e-01	6.159864e-01	4.868720e-01	5.501253e-01	5.025355e-01	4.970106e-01	5.139064e-01	5.003949e-01	0.000000e+00	1	8.626948e-02
4.979303e-01	5.974652e-01	6.415607e-01	4.390988e-01	5.576891e-01	4.956832e-01	5.108987e-01	4.216635e-01	4.721117e-01	4.908913e-01	5.051339e-01	4.926072e-01	4.993606e-01	5.070982e-01	4.691883e-01	0.000000e+00	1	8.491522e-02
9.320953e-01	1.482575e-02	3.654978e-01	2.378769e-01	1.012511e-02	4.729736e-01	4.944576e-01	4.855915e-01	5.070057e-01	4.882021e-01	4.929503e-01	5.053296e-01	5.081199e-01	5.012997e-01	4.987954e-01	0.000000e+00	1	8.472670e-02
4.539163e-02	8.319889e-01	5.585093e-01	3.759316e-01	9.653017e-01	5.108586e-01	4.618616e-01	4.909174e-01	4.730318e-01	4.914179e-01	5.054519e-01	4.932598e-01	4.997005e-01	5.088634e-01	4.779815e-01	0.000000e+00	1	8.212010e-02
4.190896e-01	2.220934e-01	9.043384e-01	6.924911e-01	3.102335e-01	4.902303e-01	4.373743e-01	4.816964e-01	4.623643e-01	4.868945e-01	4.490232e-01	4.956440e-01	4.976649e-01	5.129322e-01	6.115334e-01	0.000000e+00	1	8.124144e-02
8.849724e-01	4.625124e-01	1.176519e-01	7.466439e-02	3.065876e-01	4.825839e-01	4.915406e-01	5.043163e-01	5.103974e-01	4.870030e-01	5.119392e-01	4.793584e-01	4.577437e-01	5.473153e-01	4.862325e-01	0.000000e+00	1	8.093516e-02
3.968832e-01	2.447783e-01	9.002139e-01	6.957394e-01	3.518253e-01	4.904235e-01	4.373743e-01	4.409626e-01	4.623643e-01	4.869001e-01	4.490232e-01	4.956440e-01	5.069810e-01	5.125039e-01	5.436304e-01	0.000000e+00	1	7.866925e-02
4.577210e-02	3.543425e-01	9.395312e-01	7.686567e-01	9.182177e-01	4.896256e-01	5.456456e-01	4.901295e-01	5.114370e-01	4.869672e-01	5.048237e-01	4.956798e-01	4.972235e-01	4.869927e-01	5.486300e-01	0.000000e+00	1	7.825924e-02
2.270218e-02	2.669954e-01	9.717188e-01	8.287045e-01	9.459992e-01	4.898538e-01	5.043281e-01	4.942316e-01	5.029118e-01	4.904546e-01	5.240617e-01	4.231685e-01	5.000751e-01	5.349028e-01	4.942588e-01	0.000000e+00	1	7.813897e-02
1.820573e-01	7.073720e-01	7.022590e-01	4.874861e-01	8.396327e-01	4.226242e-01	5.105695e-01	4.765561e-01	5.143409e-01	4.744631e-01	5.505149e-01	4.689680e-01	4.872997e-01	4.803815e-01	5.410964e-01	0.000000e+00	1	7.626418e-02
1.131058e-01	6.186432e-01	8.135141e-01	5.810413e-01	8.848790e-01	6.070036e-01	4.956601e-01	4.919984e-01	6.229606e-01	4.900600e-01	4.805039e-01	5.014497e-01	5.066292e-01	5.325037e-01	4.948947e-01	0.000000e+00	1	7.579708e-02
4.561901e-01	7.628936e-01	4.850441e-01	3.180032e-01	6.569078e-01	5.711355e-01	4.426977e-01	5.111473e-01	5.273747e-01	4.884378e-01	4.854944e-01	4.615997e-01	4.988744e-01	5.380687e-01	4.887849e-01	0.000000e+00	1	7.531707e-02
9.338911e-01	3.437572e-01	1.372283e-01	8.723789e-02	2.245358e-01	4.934330e-01	4.422760e-01	4.948106e-01	5.098586e-01	4.873667e-01	5.146959e-01	4.806238e-01	5.010678e-01	5.128130e-01	4.877320e-01	0.000000e+00	1	7.454008e-02
5.334440e-01	2.860197e-01	8.365436e-01	6.012468e-01	3.133236e-01	4.855041e-01	5.273172e-01	4.847657e-01	6.220289e-01	4.950003e-01	5.298873e-01	4.932984e-01	4.964520e-01	4.359851e-01	3.932086e-01	0.000000e+00	1	7.438366e-02
8.884686e-01	4.643397e-01	6.324365e-02	4.010897e-02	3.065876e-01	4.838092e-01	4.915406e-01	5.043163e-01	5.059377e-01	4.887333e-01	5.087126e-01	4.793584e-01	4.577437e-01	5.409048e-01	4.971055e-01	0.000000e+00	1	7.426506e-02
2.287673e-01	1.094818e-01	9.871109e-01	8.398982e-01	2.841612e-01	5.029844e-01	5.018537e-01	3.656298e-01	4.858211e-01	4.884333e-01	5.160867e-01	4.914610e-01	4.806122e-01	5.070795e-01	5.032232e-01	0.000000e+00	1	7.197311e-02
5.008635e-01	3.714947e-01	8.073175e-01	5.812935e-01	4.062738e-01	6.017249e-01	4.960747e-01	5.085096e-01	5.236143e-01	4.748316e-01	5.304453e-01	4.932984e-01	4.964520e-01	4.359851e-01	5.583570e-01	0.000000e+00	1	6.986003e-02
9.562546e-01	6.568486e-02	3.200816e-01	2.051788e-01	4.366065e-02	4.952246e-01	4.854960e-01	5.130660e-01	4.887323e-01	4.830881e-01	4.853377e-01	5.596103e-01	4.991500e-01	5.770504e-01	4.959370e-01	0.000000e+00	1	6.886556e-02
8.598647e-01	5.118457e-01	9.822469e-02	6.228996e-02	3.418197e-01	4.825839e-01	5.169623e-01	5.006008e-01	5.103974e-01	4.881826e-01	5.046021e-01	4.793584e-01	4.579168e-01	5.473153e-01	4.862325e-01	0.000000e+00	1	6.878660e-02
9.156453e-02	7.239384e-01	6.920510e-01	4.831432e-01	9.199049e-01	4.969242e-01	4.621054e-01	4.847626e-01	5.011038e-01	4.987032e-01	4.908217e-01	4.711529e-01	5.003500e-01	4.766262e-01	5.504301e-01	0.000000e+00	1	6.750312e-02
9.837039e-01	4.767620e-02	2.000762e-01	1.275943e-01	3.083029e-02	4.673208e-01	5.013808e-01	5.573360e-01	5.109273e-01	4.901925e-01	4.833378e-01	4.954520e-01	5.071595e-01	5.053434e-01	5.050125e-01	0.000000e+00	1	6.686262e-02
4.498405e-01	8.939211e-01	1.824777e-02	1.160719e-02	7.031941e-01	4.980832e-01	5.013020e-01	5.134981e-01	4.853979e-01	4.999749e-01	5.089098e-01	5.002304e-01	4.838941e-01	5.064219e-01	5.105323e-01	0.000000e+00	1	6.682427e-02
5.708150e-01	8.260583e-01	7.837777e-02	4.959290e-02	6.150569e-01	4.979225e-01	5.043085e-01	5.138009e-01	5.059593e-01	4.995804e-01	5.113076e-01	4.952615e-01	4.846235e-01	5.167687e-01	5.789311e-01	0.000000e+00	1	6.648255e-02
4.656051e-01	8.562559e-01	2.349281e-01	1.505760e-01	6.829338e-01	4.926477e-01	4.812829e-01	5.044555e-01	5.057639e-01	4.896341e-01	4.855217e-01	5.003453e-01	4.960954e-01	5.229722e-01	4.645628e-01	0.000000e+00	1	6.615854e-02
2.545870e-01	3.887122e-01	8.868334e-01	6.927486e-01	6.308579e-01	4.734683e-01	5.105736e-01	4.892717e-01	5.070057e-01	4.916376e-01	5.016762e-01	5.053296e-01	5.092562e-01	5.048715e-01	4.987954e-01	0.000000e+00	1	6.615631e-02
6.604647e-01	7.087936e-01	2.713533e-01	1.738547e-01	5.224606e-01	4.956832e-01	4.889849e-01	4.253791e-01	4.964462e-01	4.869588e-01	5.124711e-01	4.985975e-01	4.991874e-01	5.069529e-01	4.988983e-01	0.000000e+00	1	6.608992e-02
8.108556e-01	5.673109e-01	1.892157e-01	1.202715e-01	3.886484e-01	4.893368e-01	5.545087e-01	4.903676e-01	5.111571e-01	4.922696e-01	5.430100e-01	4.954790e-01	4.970573e-01	5.055371e-01	5.475983e-01	0.000000e+00	1	6.608058e-02
2.005403e-01	6.082070e-01	7.748187e-01	5.602782e-01	7.972376e-01	4.899045e-01	5.158245e-01	4.955534e-01	4.858211e-01	4.869041e-01	5.160867e-01	5.608635e-01	4.806576e-01	5.069524e-01	4.902930e-01	0.000000e+00	1	6.583202e-02
1.908996e-01	9.111301e-01	3.970575e-01	2.566604e-01	8.685176e-01	5.004115e-01	5.524790e-01	4.932771e-01	5.055638e-01	4.059406e-01	4.863251e-01	5.028185e-01	4.991947e-01	5.132999e-01	4.977598e-01	0.000000e+00	1	6.520892e-02
