1.196612e-03	1.004340e+00	6.279143e-06	3.980150e-06	9.992415e-01	4.883637e-01	5.278867e-01	5.540761e-01	5.038130e-01	4.903433e-01	5.006776e-01	5.161602e-01	5.088309e-01	4.978758e-01	5.071743e-01	0.000000e+00	1	1.000000e+14
1.627710e-15	6.634109e-23	1.007530e+00	1.000000e+00	2.594692e-08	4.508229e-01	4.490384e-01	4.811839e-01	5.056803e-01	4.771591e-01	4.824797e-01	4.950638e-01	5.184684e-01	5.288025e-01	4.897720e-01	0.000000e+00	1	1.000000e+14
1.375328e-21	1.617315e-15	1.001096e+00	1.000000e+00	9.999995e-01	4.895558e-01	5.043281e-01	4.944963e-01	5.029118e-01	4.869474e-01	5.240617e-01	4.996807e-01	5.000751e-01	5.133944e-01	5.004186e-01	0.000000e+00	1	1.000000e+14
1.231433e-15	1.071433e-15	1.010370e+00	1.000000e+00	4.558396e-01	4.513206e-01	4.580260e-01	4.719431e-01	5.121000e-01	5.435567e-01	4.539701e-01	4.675687e-01	5.107965e-01	4.962816e-01	4.896725e-01	0.000000e+00	1	1.000000e+14
1.002580e+00	1.233682e-04	4.371084e-17	2.775558e-17	7.833655e-05	5.143187e-01	5.057185e-01	5.141765e-01	4.993485e-01	4.899442e-01	5.266982e-01	4.900501e-01	5.042210e-01	5.347080e-01	5.023532e-01	0.000000e+00	1	1.000000e+14
9.944875e-01	1.117564e-01	4.363093e-17	2.775558e-17	7.124180e-02	4.916021e-01	4.915406e-01	5.043163e-01	5.059377e-01	4.868194e-01	4.817347e-01	4.988615e-01	4.996930e-01	5.064421e-01	5.009494e-01	0.000000e+00	1	1.000000e+14
3.731837e-01	9.211099e-01	1.303818e-01	8.304418e-02	7.549432e-01	4.992411e-01	5.017811e-01	4.865005e-01	5.054622e-01	4.762900e-01	4.836041e-01	4.904865e-01	4.798364e-01	5.273586e-01	4.922975e-01	0.000000e+00	1	1.259895e-01
1.195938e-01	9.103009e-01	4.320992e-01	2.800358e-01	9.168383e-01	4.905833e-01	4.493822e-01	5.527533e-01	5.041892e-01	4.823520e-01	4.756964e-01	4.095455e-01	5.086699e-01	4.978863e-01	4.896725e-01	0.000000e+00	1	1.243561e-01
2.710223e-01	1.335418e-01	9.564007e-01	8.052017e-01	2.914557e-01	4.897238e-01	5.069781e-01	4.868001e-01	5.029118e-01	4.904546e-01	5.321063e-01	4.925265e-01	5.000750e-01	5.379993e-01	4.944145e-01	0.000000e+00	1	1.201823e-01
8.179289e-01	5.919174e-01	7.845529e-02	4.937007e-02	3.988049e-01	4.513206e-01	5.430555e-01	4.719431e-01	5.723705e-01	4.810119e-01	4.891754e-01	5.283401e-01	5.324233e-01	4.962816e-01	4.905135e-01	0.000000e+00	1	1.173390e-01
1.989453e-01	9.700546e-01	1.640346e-01	1.045074e-01	8.712234e-01	4.839792e-01	5.143955e-01	5.287109e-01	5.051863e-01	4.762900e-01	4.745586e-01	4.994150e-01	4.798364e-01	5.273586e-01	4.922975e-01	0.000000e+00	1	1.160306e-01
6.885417e-01	9.648891e-02	7.281988e-01	5.147243e-01	8.863561e-02	4.897207e-01	5.055620e-01	4.907772e-01	4.928447e-01	5.562979e-01	5.335314e-01	4.920349e-01	4.850928e-01	5.314210e-01	4.687940e-01	0.000000e+00	1	1.158815e-01
6.004203e-01	7.339228e-01	3.249635e-01	2.101866e-01	5.634833e-01	4.924777e-01	5.032343e-01	4.987039e-01	5.317620e-01	4.833156e-01	4.912029e-01	5.295809e-01	4.993528e-01	4.935346e-01	4.954280e-01	0.000000e+00	1	1.124660e-01
7.240685e-01	2.566890e-01	6.660769e-01	4.547390e-01	2.168876e-01	4.959870e-01	5.457304e-01	4.893689e-01	5.029439e-01	5.214279e-01	5.627670e-01	5.856428e-01	5.091568e-01	4.953411e-01	4.480129e-01	0.000000e+00	1	1.122120e-01
1.127968e-01	9.933905e-01	9.388620e-02	5.960852e-02	9.280218e-01	4.954862e-01	5.278867e-01	5.551405e-01	5.041028e-01	4.899935e-01	5.012275e-01	5.113736e-01	5.083819e-01	4.976273e-01	5.032110e-01	0.000000e+00	1	1.038246e-01
9.538900e-01	3.095442e-01	2.238067e-01	1.397832e-01	1.997625e-01	4.895254e-01	4.914159e-01	4.966220e-01	4.687761e-01	4.502120e-01	4.924654e-01	3.879570e-01	5.403204e-01	4.969480e-01	5.981510e-01	0.000000e+00	1	1.037892e-01
7.497101e-01	6.918810e-01	2.537309e-02	1.583025e-02	4.744759e-01	4.564528e-01	5.280476e-01	4.717318e-01	5.726692e-01	4.900745e-01	5.006865e-01	3.925431e-01	5.084460e-01	4.962816e-01	5.003015e-01	0.000000e+00	1	1.036169e-01
5.975114e-01	4.145572e-01	6.897013e-01	4.831383e-01	3.861462e-01	4.969701e-01	5.259699e-01	4.812489e-01	5.011038e-01	4.951844e-01	4.679313e-01	4.945455e-01	5.064717e-01	4.918441e-01	5.073423e-01	0.000000e+00	1	1.021137e-01
1.458077e-01	2.108517e-01	9.744862e-01	8.362363e-01	6.148384e-01	4.895139e-01	5.020788e-01	5.125975e-01	4.717441e-01	4.904211e-01	4.941330e-01	5.136190e-01	4.979935e-01	4.209143e-01	4.998971e-01	0.000000e+00	1	1.010230e-01
4.241051e-01	5.562892e-02	9.088648e-01	7.199664e-01	8.302998e-02	4.506250e-01	5.275430e-01	4.848166e-01	5.056666e-01	4.892927e-01	5.199363e-01	5.166040e-01	4.852945e-01	4.962711e-01	5.032110e-01	0.000000e+00	1	9.898539e-02
4.514681e-01	1.550688e-03	8.979235e-01	7.034113e-01	2.186632e-03	4.839792e-01	5.138127e-01	4.849665e-01	5.051863e-01	4.906701e-01	4.595802e-01	4.999613e-01	4.574602e-01	5.273586e-01	4.926316e-01	0.000000e+00	1	9.514617e-02
1.012527e-01	8.917223e-01	4.696054e-01	3.069054e-01	9.280218e-01	4.954862e-01	5.278867e-01	5.530329e-01	5.041028e-01	4.518149e-01	4.744628e-01	4.211973e-01	5.083819e-01	4.976273e-01	5.021965e-01	0.000000e+00	1	9.370623e-02
7.251571e-01	5.973206e-01	3.907460e-01	2.509224e-01	4.386521e-01	4.921477e-01	5.310452e-01	4.637390e-01	5.852642e-01	4.903325e-01	4.925770e-01	5.400244e-01	5.147193e-01	5.604060e-01	4.522098e-01	0.000000e+00	1	9.152031e-02
3.830205e-01	3.534761e-01	8.732498e-01	6.574340e-01	4.744759e-01	4.569368e-01	5.280476e-01	4.712221e-01	5.726692e-01	4.900745e-01	5.006865e-01	4.107083e-01	5.089176e-01	4.962816e-01	4.930501e-01	0.000000e+00	1	9.009232e-02
7.770616e-01	6.624798e-01	5.180473e-02	3.226984e-02	4.494342e-01	4.513206e-01	4.580260e-01	4.719431e-01	5.723705e-01	4.810119e-01	4.891754e-01	3.967859e-01	5.324233e-01	4.962816e-01	4.905135e-01	0.000000e+00	1	8.848020e-02
8.210358e-02	1.490424e-01	9.859063e-01	8.911957e-01	6.794531e-01	4.895558e-01	5.023766e-01	4.944963e-01	5.065215e-01	4.897196e-01	4.968568e-01	4.996807e-01	5.000751e-01	5.133944e-01	5.004186e-01	0.000000e+00	1	8.759873e-02
2.666478e-02	7.011570e-01	7.346948e-01	5.146373e-01	9.758012e-01	4.743644e-01	4.387814e-01	5.090079e-01	4.449957e-01	4.835767e-01	5.184323e-01	4.127676e-01	4.976649e-01	5.127726e-01	4.946704e-01	0.000000e+00	1	8.736453e-02
3.326550e-01	2.291230e-01	9.401326e-01	7.416588e-01	3.839770e-01	4.881650e-01	4.976813e-01	4.944646e-01	5.025407e-01	4.825067e-01	5.225160e-01	4.239319e-01	4.965901e-01	6.193029e-01	4.530275e-01	0.000000e+00	1	8.727526e-02
2.104440e-01	7.604136e-01	6.333372e-01	4.306049e-01	8.281179e-01	4.911715e-01	5.409888e-01	5.435108e-01	5.063383e-01	4.735327e-01	5.618231e-01	5.011516e-01	4.868839e-01	5.293105e-01	4.499975e-01	0.000000e+00	1	8.610316e-02
5.448882e-01	5.460750e-01	6.688568e-01	4.547390e-01	5.006926e-01	4.356099e-01	5.457304e-01	4.893689e-01	5.029439e-01	4.665734e-01	5.656411e-01	5.951439e-01	5.091568e-01	4.938614e-01	4.925580e-01	0.000000e+00	1	8.608730e-02
3.519349e-01	2.379389e-01	9.119459e-01	7.224666e-01	3.784683e-01	4.506250e-01	5.269591e-01	4.848483e-01	5.049513e-01	4.892927e-01	5.427874e-01	5.166040e-01	5.186294e-01	4.962711e-01	4.936656e-01	0.000000e+00	1	8.462171e-02
6.594643e-01	4.924529e-01	5.858532e-01	3.938190e-01	4.083380e-01	4.912391e-01	5.427821e-01	5.120359e-01	5.108481e-01	4.864353e-01	4.910920e-01	4.715852e-01	4.815554e-01	4.183836e-01	5.043668e-01	0.000000e+00	1	8.378345e-02
7.361296e-02	6.483020e-01	7.634741e-01	5.498075e-01	9.280218e-01	4.954862e-01	5.278867e-01	5.551405e-01	5.041028e-01	4.899935e-01	5.012275e-01	5.113736e-01	5.097984e-01	4.976273e-01	5.103117e-01	0.000000e+00	1	8.231292e-02
1.657949e-01	8.537374e-01	4.962464e-01	3.301026e-01	8.778891e-01	4.917984e-01	5.160543e-01	4.753356e-01	5.027898e-01	4.864763e-01	5.000492e-01	5.114639e-01	4.999677e-01	4.928097e-01	5.002127e-01	0.000000e+00	1	7.845101e-02
7.741168e-02	8.100494e-01	6.224430e-01	4.156996e-01	9.393462e-01	4.911715e-01	5.409888e-01	4.893689e-01	5.026935e-01	4.946551e-01	6.155667e-01	4.646437e-01	4.932238e-01	4.276343e-01	4.479571e-01	0.000000e+00	1	7.801451e-02
6.761286e-01	5.048968e-01	5.759662e-01	3.812839e-01	4.083380e-01	4.912391e-01	5.427821e-01	5.120359e-01	4.054870e-01	4.864353e-01	4.910920e-01	4.715852e-01	5.011790e-01	4.020610e-01	5.045002e-01	0.000000e+00	1	7.799536e-02
4.816087e-01	3.308507e-01	8.220855e-01	6.066273e-01	3.831988e-01	4.897207e-01	5.049781e-01	4.866035e-01	4.921294e-01	4.904546e-01	5.290407e-01	4.209720e-01	5.000667e-01	5.314210e-01	4.935915e-01	0.000000e+00	1	7.587129e-02
5.766901e-01	7.899495e-01	2.743133e-01	1.740791e-01	5.985475e-01	4.914946e-01	5.409888e-01	5.431530e-01	5.197979e-01	4.735327e-01	5.780838e-01	5.055925e-01	4.868839e-01	5.478255e-01	4.499975e-01	0.000000e+00	1	7.487386e-02
6.481360e-01	7.959919e-01	3.665684e-02	2.272456e-02	5.649535e-01	4.758590e-01	4.712716e-01	4.998939e-01	5.047846e-01	4.892179e-01	6.424511e-01	4.971270e-01	4.993528e-01	4.272245e-01	4.992335e-01	0.000000e+00	1	7.425664e-02
9.215262e-01	3.911651e-01	2.051362e-01	1.286679e-01	2.555558e-01	4.920521e-01	4.953586e-01	5.041475e-01	4.581229e-01	5.133658e-01	6.262390e-01	4.988615e-01	4.682927e-01	5.074528e-01	4.463534e-01	0.000000e+00	1	7.378205e-02
3.049870e-01	9.360716e-01	1.911682e-01	1.220976e-01	7.994841e-01	5.033650e-01	4.859318e-01	4.844451e-01	5.051863e-01	4.762900e-01	4.747791e-01	4.988670e-01	4.798364e-01	5.273586e-01	4.922975e-01	0.000000e+00	1	7.301649e-02
4.316185e-01	4.586219e-01	7.821216e-01	5.684231e-01	5.193044e-01	4.945305e-01	4.935141e-01	4.905699e-01	5.170305e-01	4.721343e-01	5.057188e-01	5.506474e-01	5.075638e-01	5.154353e-01	4.935217e-01	0.000000e+00	1	7.290884e-02
5.341310e-01	8.186389e-01	2.754765e-01	1.748787e-01	6.319674e-01	4.982022e-01	4.953586e-01	5.041475e-01	4.581229e-01	4.922394e-01	5.166983e-01	4.032798e-01	4.704948e-01	5.113445e-01	4.446228e-01	0.000000e+00	1	7.259545e-02
1.649322e-01	8.492952e-01	5.039298e-01	3.357718e-01	8.778891e-01	4.943734e-01	5.087274e-01	4.753356e-01	5.027898e-01	4.864763e-01	5.000492e-01	5.114498e-01	4.999677e-01	5.136532e-01	5.002127e-01	0.000000e+00	1	7.228466e-02
8.919676e-01	3.320191e-01	3.448022e-01	2.212712e-01	2.268543e-01	4.912066e-01	5.041283e-01	4.635896e-01	5.639006e-01	4.869211e-01	5.691189e-01	5.334345e-01	4.807574e-01	5.133899e-01	4.869267e-01	0.000000e+00	1	7.173946e-02
3.098879e-01	9.398407e-01	1.639297e-01	1.045074e-01	7.972376e-01	4.839792e-01	5.143955e-01	4.865005e-01	5.051863e-01	4.762900e-01	4.745586e-01	4.994150e-01	4.798364e-01	5.273586e-01	4.922975e-01	0.000000e+00	1	7.166157e-02
6.652260e-02	8.169805e-02	9.954527e-01	9.328720e-01	5.649535e-01	4.745838e-01	5.028193e-01	4.969854e-01	5.047846e-01	4.881547e-01	5.052812e-01	5.050079e-01	4.993528e-01	4.886368e-01	4.980758e-01	0.000000e+00	1	7.154913e-02
8.289348e-01	4.879538e-01	2.921839e-01	1.877411e-01	3.387029e-01	4.920095e-01	4.570394e-01	4.938742e-01	5.103583e-01	4.836656e-01	5.022929e-01	4.923511e-01	5.143288e-01	5.264125e-01	4.552800e-01	0.000000e+00	1	6.880413e-02
7.940718e-01	5.316774e-01	3.627536e-01	2.309617e-01	3.756069e-01	4.930582e-01	5.280476e-01	4.679285e-01	5.726692e-01	4.845587e-01	5.006865e-01	3.935322e-01	5.084460e-01	4.962816e-01	4.420241e-01	0.000000e+00	1	6.854835e-02
9.134116e-01	3.877207e-01	2.367163e-01	1.490822e-01	2.555558e-01	4.916102e-01	4.915724e-01	5.043185e-01	4.990876e-01	4.892280e-01	6.262390e-01	4.988615e-01	4.682927e-01	5.063821e-01	4.463534e-01	0.000000e+00	1	6.761671e-02
4.938662e-02	3.781281e-01	9.378440e-01	7.541411e-01	9.173203e-01	4.752686e-01	5.237918e-01	4.974457e-01	4.449957e-01	4.906228e-01	5.184323e-01	4.127676e-01	4.976649e-01	5.113662e-01	4.947933e-01	0.000000e+00	1	6.560871e-02
5.105101e-01	4.441797e-01	7.604436e-01	5.370568e-01	4.558396e-01	4.513206e-01	4.656892e-01	4.719431e-01	5.290395e-01	4.806613e-01	4.612355e-01	3.967859e-01	5.103325e-01	4.962816e-01	4.896725e-01	0.000000e+00	1	6.527030e-02
6.260291e-01	7.688418e-01	2.551898e-01	1.603742e-01	5.649535e-01	4.745838e-01	4.712716e-01	4.969854e-01	5.047846e-01	4.892179e-01	6.424511e-01	5.041584e-01	4.993528e-01	4.877697e-01	4.586028e-01	0.000000e+00	1	6.449538e-02
6.313087e-01	7.753258e-01	5.499643e-02	3.498215e-02	5.649535e-01	4.923729e-01	5.032343e-01	4.987039e-01	5.317620e-01	4.881547e-01	4.927966e-01	5.050079e-01	4.993528e-01	4.941630e-01	4.954280e-01	0.000000e+00	1	6.444067e-02
4.362101e-01	4.635007e-01	7.761816e-01	5.627508e-01	5.193044e-01	4.919556e-01	4.952659e-01	4.905699e-01	5.170305e-01	4.758328e-01	5.057188e-01	5.506615e-01	5.075638e-01	4.945918e-01	4.935217e-01	0.000000e+00	1	6.383987e-02
7.905068e-01	5.435269e-01	3.006331e-01	1.933309e-01	3.834573e-01	4.905347e-01	4.570394e-01	4.939374e-01	5.103583e-01	4.824047e-01	5.030464e-01	4.948170e-01	5.143288e-01	5.265895e-01	4.552800e-01	0.000000e+00	1	6.374492e-02
