1.009295e+00	1.120952e-03	4.400363e-17	2.775558e-17	7.070477e-04	4.883490e-01	5.262267e-01	5.141765e-01	5.213442e-01	4.899442e-01	4.605965e-01	4.627645e-01	5.042210e-01	4.310667e-01	5.023532e-01	0.000000e+00	1	1.000000e+14
1.643668e-15	6.699151e-23	1.017408e+00	1.000000e+00	2.594692e-08	4.513206e-01	4.490384e-01	4.811839e-01	5.056803e-01	4.813014e-01	4.756964e-01	3.967859e-01	5.184684e-01	4.962816e-01	4.896725e-01	0.000000e+00	1	1.000000e+14
1.638669e-03	1.004272e+00	6.278722e-06	3.980150e-06	9.989612e-01	4.954862e-01	5.278867e-01	5.559660e-01	5.041755e-01	4.899935e-01	5.012275e-01	5.114498e-01	5.088309e-01	4.978401e-01	5.032110e-01	0.000000e+00	1	1.000000e+14
9.944875e-01	1.117564e-01	4.363093e-17	2.775558e-17	7.124180e-02	4.916021e-01	4.915406e-01	5.043163e-01	5.059377e-01	4.868194e-01	4.817347e-01	4.988615e-01	4.996930e-01	5.064421e-01	5.009494e-01	0.000000e+00	1	1.000000e+14
1.375328e-21	1.617315e-15	1.001096e+00	1.000000e+00	9.999995e-01	4.895558e-01	5.043281e-01	4.944963e-01	5.029118e-01	4.869474e-01	5.240617e-01	4.996807e-01	5.000751e-01	5.133944e-01	5.004186e-01	0.000000e+00	1	1.000000e+14
1.127968e-01	9.933905e-01	9.388620e-02	5.960852e-02	9.280218e-01	4.954862e-01	5.278867e-01	5.551405e-01	5.041028e-01	4.899935e-01	5.012275e-01	5.113736e-01	5.083819e-01	4.976273e-01	5.032110e-01	0.000000e+00	1	1.760685e-01
6.036958e-01	4.188480e-01	6.968507e-01	4.831432e-01	3.861462e-01	4.969701e-01	4.621054e-01	4.847626e-01	5.011038e-01	5.374560e-01	4.908217e-01	4.945455e-01	4.965397e-01	4.249302e-01	5.617939e-01	0.000000e+00	1	1.367192e-01
7.497101e-01	6.918810e-01	2.537309e-02	1.583025e-02	4.744759e-01	4.564528e-01	5.280476e-01	4.717318e-01	5.726692e-01	4.900745e-01	5.006865e-01	3.925431e-01	5.084460e-01	4.962816e-01	5.003015e-01	0.000000e+00	1	1.356576e-01
2.711489e-01	8.223517e-01	5.177172e-01	3.430552e-01	7.972376e-01	4.839792e-01	5.409888e-01	4.865005e-01	5.051863e-01	4.299262e-01	4.745586e-01	4.994150e-01	4.798364e-01	5.273586e-01	4.969340e-01	0.000000e+00	1	1.189197e-01
5.578435e-01	8.072865e-01	2.306941e-01	1.469975e-01	6.150569e-01	4.979225e-01	5.043085e-01	5.157802e-01	5.059593e-01	5.514969e-01	5.002288e-01	4.939818e-01	4.832634e-01	5.123781e-01	5.678173e-01	0.000000e+00	1	1.186701e-01
6.662244e-02	8.182066e-02	9.969467e-01	9.328720e-01	5.649535e-01	4.611272e-01	5.028193e-01	4.969854e-01	5.047846e-01	4.881547e-01	5.049072e-01	4.996884e-01	4.993841e-01	5.282067e-01	4.982015e-01	0.000000e+00	1	1.184391e-01
1.544282e-01	7.952065e-01	5.879549e-01	3.996964e-01	8.778891e-01	4.943734e-01	5.087274e-01	4.774927e-01	5.041755e-01	4.899935e-01	5.000492e-01	5.114498e-01	5.088309e-01	4.978401e-01	5.002127e-01	0.000000e+00	1	1.174789e-01
3.286238e-02	8.641246e-01	5.138289e-01	3.413170e-01	9.758012e-01	4.743644e-01	4.373743e-01	4.929623e-01	4.917558e-01	4.835767e-01	5.258944e-01	4.923532e-01	4.976649e-01	5.126159e-01	4.946704e-01	0.000000e+00	1	1.056463e-01
9.156453e-02	7.239384e-01	6.920510e-01	4.831432e-01	9.199049e-01	4.969242e-01	4.621054e-01	4.847626e-01	5.011038e-01	4.987032e-01	4.908217e-01	4.711529e-01	5.003500e-01	4.766262e-01	5.504301e-01	0.000000e+00	1	1.050593e-01
4.066160e-01	6.738381e-01	6.317475e-01	4.306049e-01	6.543538e-01	4.911715e-01	5.409888e-01	4.893689e-01	5.063383e-01	4.946551e-01	5.618231e-01	5.050359e-01	4.868839e-01	5.273449e-01	4.499975e-01	0.000000e+00	1	1.033062e-01
1.992233e-01	6.042127e-01	7.758470e-01	5.627508e-01	7.972376e-01	4.841694e-01	5.075034e-01	4.892389e-01	5.195982e-01	4.758328e-01	4.745586e-01	4.994150e-01	4.794440e-01	5.273586e-01	5.116465e-01	0.000000e+00	1	1.005918e-01
3.425816e-01	2.355480e-01	9.219923e-01	7.303150e-01	3.834573e-01	4.882552e-01	4.431151e-01	4.944646e-01	5.103583e-01	4.824047e-01	5.030464e-01	4.948283e-01	4.967008e-01	4.289113e-01	4.502946e-01	0.000000e+00	1	9.839407e-02
6.341786e-01	7.545482e-01	2.019704e-01	1.286679e-01	5.550422e-01	5.209272e-01	4.953509e-01	5.041475e-01	5.103367e-01	5.133658e-01	4.817347e-01	4.988615e-01	4.682927e-01	5.064421e-01	5.632128e-01	0.000000e+00	1	9.473498e-02
3.890357e-01	5.625824e-01	7.487995e-01	5.287748e-01	6.148384e-01	4.979225e-01	5.020788e-01	5.112805e-01	4.455690e-01	4.864014e-01	5.163306e-01	4.007504e-01	4.807817e-01	5.193052e-01	4.944312e-01	0.000000e+00	1	9.441354e-02
9.438593e-01	3.653577e-01	2.012665e-02	1.265811e-02	2.351209e-01	4.919103e-01	5.048800e-01	5.460458e-01	5.103934e-01	4.784376e-01	4.659476e-01	5.075105e-01	5.027788e-01	4.214973e-01	5.462210e-01	0.000000e+00	1	9.333077e-02
4.979303e-01	5.974652e-01	6.415607e-01	4.390988e-01	5.576891e-01	4.956832e-01	5.108987e-01	4.216635e-01	4.721117e-01	4.908913e-01	5.051339e-01	4.926072e-01	4.993606e-01	5.070982e-01	4.691883e-01	0.000000e+00	1	8.852290e-02
8.632357e-02	9.619132e-01	2.660933e-01	1.711561e-01	9.430214e-01	4.879796e-01	4.938913e-01	4.924716e-01	5.103813e-01	4.825878e-01	5.050688e-01	4.950965e-01	5.057710e-01	4.678588e-01	5.003696e-01	0.000000e+00	1	8.590201e-02
2.109954e-01	7.682295e-01	6.583994e-01	4.396821e-01	8.293590e-01	4.687912e-01	5.001162e-01	4.760334e-01	5.041891e-01	5.678300e-01	4.860922e-01	5.114498e-01	6.464039e-01	4.982426e-01	5.748463e-01	0.000000e+00	1	8.587875e-02
4.543437e-01	2.021312e-01	8.715846e-01	6.699258e-01	2.664846e-01	4.920378e-01	5.045864e-01	4.958394e-01	5.103583e-01	4.824047e-01	5.012040e-01	4.948283e-01	5.052542e-01	5.260519e-01	4.529539e-01	0.000000e+00	1	8.544241e-02
9.795176e-01	6.809528e-02	1.994714e-01	1.275943e-01	4.418621e-02	4.676537e-01	5.013808e-01	5.054906e-01	5.108855e-01	4.901925e-01	4.771861e-01	4.955387e-01	5.071658e-01	5.053434e-01	5.050125e-01	0.000000e+00	1	8.399667e-02
7.905068e-01	5.435269e-01	3.006331e-01	1.933309e-01	3.834573e-01	4.905347e-01	4.570394e-01	4.939374e-01	5.103583e-01	4.824047e-01	5.030464e-01	4.948170e-01	5.143288e-01	5.265895e-01	4.552800e-01	0.000000e+00	1	8.328687e-02
4.816087e-01	3.308507e-01	8.220855e-01	6.066273e-01	3.831988e-01	4.897207e-01	5.049781e-01	4.866035e-01	4.921294e-01	4.904546e-01	5.290407e-01	4.209720e-01	5.000667e-01	5.314210e-01	4.935915e-01	0.000000e+00	1	8.231221e-02
5.270471e-01	6.552750e-01	5.737926e-01	3.811880e-01	5.687754e-01	4.958950e-01	5.362003e-01	4.856561e-01	5.370940e-01	4.905262e-01	4.735177e-01	4.994961e-01	4.798921e-01	3.903430e-01	5.436914e-01	0.000000e+00	1	8.227750e-02
8.597818e-01	5.117963e-01	1.393983e-01	8.812508e-02	3.418197e-01	4.825839e-01	5.169623e-01	5.006008e-01	5.103974e-01	4.881826e-01	5.046021e-01	4.793584e-01	4.579168e-01	5.473153e-01	4.296618e-01	0.000000e+00	1	8.156145e-02
1.738847e-01	8.953952e-01	4.218071e-01	2.757552e-01	8.778891e-01	4.739005e-01	5.278867e-01	5.559660e-01	5.041755e-01	4.899935e-01	5.000945e-01	5.114498e-01	5.088309e-01	4.978401e-01	5.032110e-01	0.000000e+00	1	8.135914e-02
6.167668e-01	2.513776e-08	8.111632e-01	5.861390e-01	2.594692e-08	4.528568e-01	5.690875e-01	4.811839e-01	4.964249e-01	4.985581e-01	4.756964e-01	3.991112e-01	5.184684e-01	4.776877e-01	5.063381e-01	0.000000e+00	1	7.599934e-02
7.615630e-01	5.236260e-01	4.028278e-01	2.616730e-01	3.834573e-01	5.391873e-01	4.911799e-01	4.925479e-01	5.099232e-01	4.824047e-01	5.048847e-01	4.953065e-01	4.964030e-01	4.309933e-01	4.641526e-01	0.000000e+00	1	7.580163e-02
2.904238e-01	1.431016e-01	9.577898e-01	7.924778e-01	2.914557e-01	4.898538e-01	4.454251e-01	4.948099e-01	5.029118e-01	4.904546e-01	5.240617e-01	4.231685e-01	5.000751e-01	5.362093e-01	4.944535e-01	0.000000e+00	1	7.496879e-02
6.860378e-01	4.959827e-01	5.589034e-01	3.714814e-01	3.985076e-01	4.910089e-01	5.427821e-01	5.003426e-01	4.361221e-01	4.864353e-01	4.930231e-01	4.800736e-01	5.011790e-01	4.118919e-01	5.045002e-01	0.000000e+00	1	7.119587e-02
9.183378e-01	2.342946e-02	4.248430e-01	2.757687e-01	1.623849e-02	4.889195e-01	4.955932e-01	4.962092e-01	5.066828e-01	4.824580e-01	5.006865e-01	3.923361e-01	4.979772e-01	4.962816e-01	5.003015e-01	0.000000e+00	1	7.086898e-02
8.732877e-01	3.250658e-01	3.875576e-01	2.509224e-01	2.268543e-01	4.918577e-01	5.114439e-01	4.635896e-01	5.639006e-01	4.869211e-01	4.925770e-01	4.947723e-01	5.001024e-01	5.133899e-01	4.437099e-01	0.000000e+00	1	6.999906e-02
7.431677e-01	2.634598e-01	6.329269e-01	4.306049e-01	2.168876e-01	4.911715e-01	5.409888e-01	4.893689e-01	5.029439e-01	4.946551e-01	5.796423e-01	5.045962e-01	4.987599e-01	5.132696e-01	4.486050e-01	0.000000e+00	1	6.889946e-02
2.362623e-01	1.164144e-01	9.694990e-01	8.311240e-01	2.914557e-01	4.898538e-01	4.454251e-01	4.997112e-01	5.029118e-01	4.904546e-01	4.933781e-01	4.914700e-01	5.000751e-01	5.362093e-01	4.944535e-01	0.000000e+00	1	6.886286e-02
3.098879e-01	9.398407e-01	1.639297e-01	1.045074e-01	7.972376e-01	4.839792e-01	5.143955e-01	4.865005e-01	5.051863e-01	4.762900e-01	4.745586e-01	4.994150e-01	4.798364e-01	5.273586e-01	4.922975e-01	0.000000e+00	1	6.551733e-02
3.708577e-01	8.183086e-01	4.495670e-01	2.953686e-01	7.291106e-01	4.882004e-01	5.456172e-01	4.606524e-01	5.060435e-01	4.947902e-01	4.917709e-01	4.950504e-01	4.978798e-01	4.739495e-01	4.956039e-01	0.000000e+00	1	6.530982e-02
2.545870e-01	3.887122e-01	8.868334e-01	6.927486e-01	6.308579e-01	4.734683e-01	5.105736e-01	4.892717e-01	5.070057e-01	4.916376e-01	5.016762e-01	5.053296e-01	5.092562e-01	5.048715e-01	4.987954e-01	0.000000e+00	1	6.529785e-02
8.195862e-01	4.882133e-01	3.690444e-01	2.349873e-01	3.420170e-01	4.889195e-01	4.955932e-01	5.744223e-01	5.729061e-01	4.823780e-01	5.006865e-01	3.925431e-01	4.979772e-01	4.962816e-01	5.003015e-01	0.000000e+00	1	6.521935e-02
9.363101e-01	3.490674e-01	1.178918e-01	7.476209e-02	2.271783e-01	4.876325e-01	4.909425e-01	5.464219e-01	4.935903e-01	4.870030e-01	5.119392e-01	4.415254e-01	4.979270e-01	5.005903e-01	5.050946e-01	0.000000e+00	1	6.469882e-02
8.090204e-07	9.513662e-01	3.129350e-01	2.023078e-01	9.999995e-01	4.888298e-01	5.105442e-01	4.917823e-01	5.029118e-01	4.869474e-01	5.240617e-01	4.996807e-01	4.981627e-01	5.211406e-01	5.004186e-01	0.000000e+00	1	6.387499e-02
3.231463e-02	8.861870e-01	4.822049e-01	3.170684e-01	9.767961e-01	5.057064e-01	4.618616e-01	4.921316e-01	4.723757e-01	4.830221e-01	4.993076e-01	4.637962e-01	5.720287e-01	4.832109e-01	5.045679e-01	0.000000e+00	1	6.341409e-02
8.108556e-01	5.673109e-01	1.892157e-01	1.202715e-01	3.886484e-01	4.893368e-01	5.545087e-01	4.903676e-01	5.111571e-01	4.922696e-01	5.430100e-01	4.954790e-01	4.970573e-01	5.055371e-01	5.475983e-01	0.000000e+00	1	6.322335e-02
5.448151e-01	1.767965e-01	8.548928e-01	6.241965e-01	1.997625e-01	4.895254e-01	5.049892e-01	4.966220e-01	4.687761e-01	4.502120e-01	4.924654e-01	3.879570e-01	5.417370e-01	4.969480e-01	6.052517e-01	0.000000e+00	1	6.203231e-02
8.228045e-02	9.168603e-01	4.000444e-01	2.609832e-01	9.430214e-01	4.888531e-01	5.483555e-01	4.972098e-01	5.103813e-01	4.869908e-01	5.050504e-01	4.921227e-01	5.057710e-01	4.710683e-01	5.026581e-01	0.000000e+00	1	6.096808e-02
6.990817e-01	6.451579e-01	3.634968e-01	2.323602e-01	4.744759e-01	4.738826e-01	4.955932e-01	4.717318e-01	5.701687e-01	4.823780e-01	5.006865e-01	3.925431e-01	5.084857e-01	4.962816e-01	5.003015e-01	0.000000e+00	1	6.073211e-02
7.901240e-01	6.001049e-01	1.698600e-01	1.079420e-01	4.135215e-01	4.787749e-01	4.956364e-01	4.925479e-01	5.099232e-01	5.133746e-01	5.048847e-01	4.953065e-01	4.964030e-01	4.309933e-01	4.685034e-01	0.000000e+00	1	6.024950e-02
3.385027e-01	1.681460e-01	9.343229e-01	7.552783e-01	2.935020e-01	4.729916e-01	5.166166e-01	4.948099e-01	5.029118e-01	4.823387e-01	5.242117e-01	4.231685e-01	5.000751e-01	4.980235e-01	4.944225e-01	0.000000e+00	1	5.892484e-02
7.221610e-01	5.262766e-01	4.601155e-01	3.027170e-01	4.009198e-01	4.904935e-01	4.808661e-01	4.407890e-01	5.059321e-01	4.919520e-01	5.107600e-01	4.949232e-01	4.954412e-01	4.725566e-01	4.897933e-01	0.000000e+00	1	5.755551e-02
3.048628e-01	2.574039e-01	9.273743e-01	7.413394e-01	4.463922e-01	4.882786e-01	4.808661e-01	4.407890e-01	5.059328e-01	4.919520e-01	5.107600e-01	4.956090e-01	4.972788e-01	4.279270e-01	4.891149e-01	0.000000e+00	1	5.499242e-02
8.759440e-01	4.622575e-01	1.893733e-01	1.202715e-01	3.091303e-01	4.893368e-01	5.592896e-01	5.096006e-01	5.085757e-01	4.922696e-01	5.430100e-01	4.806350e-01	4.993445e-01	5.055371e-01	5.475983e-01	0.000000e+00	1	5.495322e-02
4.224234e-01	9.088193e-01	1.165857e-01	7.372682e-02	7.230086e-01	4.839792e-01	5.410708e-01	4.873835e-01	5.051863e-01	4.299262e-01	4.759140e-01	4.994150e-01	4.798364e-01	5.273586e-01	4.866708e-01	0.000000e+00	1	5.486394e-02
9.837039e-01	4.767620e-02	2.000762e-01	1.275943e-01	3.083029e-02	4.673208e-01	5.013808e-01	5.573360e-01	5.109273e-01	4.901925e-01	4.833378e-01	4.954520e-01	5.071595e-01	5.053434e-01	5.050125e-01	0.000000e+00	1	5.471915e-02
