1.627710e-15	6.634109e-23	1.007530e+00	1.000000e+00	2.594692e-08	4.508229e-01	4.490384e-01	4.811839e-01	5.056803e-01	4.771591e-01	4.824797e-01	4.950638e-01	5.184684e-01	5.288025e-01	4.897720e-01	0.000000e+00	1	1.000000e+14
2.223344e-22	1.617448e-15	1.001178e+00	1.000000e+00	9.999999e-01	4.895558e-01	5.055406e-01	4.961295e-01	5.029118e-01	4.899574e-01	5.268141e-01	4.996807e-01	5.039589e-01	5.133944e-01	5.004186e-01	0.000000e+00	1	1.000000e+14
1.345024e-15	1.028786e-15	1.048170e+00	1.000000e+00	4.156862e-01	4.507957e-01	4.490384e-01	4.811839e-01	5.068297e-01	4.771591e-01	4.190825e-01	4.950638e-01	5.184684e-01	4.641450e-01	3.155245e-01	0.000000e+00	1	1.000000e+14
1.002094e+00	1.233085e-04	4.368967e-17	2.775558e-17	7.833655e-05	5.143187e-01	5.048088e-01	5.136133e-01	4.953268e-01	4.869341e-01	5.166534e-01	4.991025e-01	5.003371e-01	5.347080e-01	5.023532e-01	0.000000e+00	1	1.000000e+14
1.196612e-03	1.004340e+00	6.279143e-06	3.980150e-06	9.992415e-01	4.883637e-01	5.278867e-01	5.540761e-01	5.038130e-01	4.903433e-01	5.006776e-01	5.161602e-01	5.088309e-01	4.978758e-01	5.071743e-01	0.000000e+00	1	1.000000e+14
9.944875e-01	1.117564e-01	4.363093e-17	2.775558e-17	7.124180e-02	4.916021e-01	4.915406e-01	5.043163e-01	5.059377e-01	4.868194e-01	4.817347e-01	4.988615e-01	4.996930e-01	5.064421e-01	5.009494e-01	0.000000e+00	1	1.000000e+14
4.104172e-01	5.383350e-02	9.125115e-01	7.288894e-01	8.302998e-02	4.896817e-01	5.275430e-01	4.848166e-01	4.880350e-01	4.892569e-01	5.154583e-01	5.161901e-01	5.094802e-01	4.962572e-01	5.069019e-01	0.000000e+00	1	1.371836e-01
4.748557e-01	5.606851e-02	8.862347e-01	6.850177e-01	7.482234e-02	4.508229e-01	4.471291e-01	4.811839e-01	5.056819e-01	4.771591e-01	4.824797e-01	4.950638e-01	5.184684e-01	4.858805e-01	5.019351e-01	0.000000e+00	1	1.312640e-01
2.687831e-01	9.559994e-01	1.302807e-01	8.304418e-02	8.255162e-01	4.992411e-01	5.122423e-01	4.951338e-01	5.064147e-01	4.760528e-01	4.919329e-01	4.964172e-01	5.069146e-01	5.201805e-01	4.840881e-01	0.000000e+00	1	1.311433e-01
8.412034e-01	5.800469e-01	2.541344e-02	1.583025e-02	3.843109e-01	4.537548e-01	4.906935e-01	4.717318e-01	5.726692e-01	4.895864e-01	5.027920e-01	3.925431e-01	5.084460e-01	4.544224e-01	5.003015e-01	0.000000e+00	1	1.306975e-01
3.827949e-01	3.532679e-01	8.727354e-01	6.574340e-01	4.744759e-01	4.569368e-01	5.280476e-01	4.848627e-01	5.726692e-01	4.900745e-01	5.006865e-01	4.107083e-01	5.089176e-01	4.962816e-01	4.930501e-01	0.000000e+00	1	1.231223e-01
7.190773e-01	6.256478e-01	3.363904e-01	2.159898e-01	4.558396e-01	5.323570e-01	4.723726e-01	4.719431e-01	5.163969e-01	5.435567e-01	5.697707e-01	4.700574e-01	5.107965e-01	4.950565e-01	4.897107e-01	0.000000e+00	1	1.205407e-01
9.126350e-01	3.698574e-01	1.912372e-01	1.221130e-01	2.451212e-01	4.885312e-01	5.072658e-01	4.868001e-01	5.029118e-01	4.904515e-01	5.321063e-01	5.156222e-01	5.094730e-01	5.352944e-01	5.078104e-01	0.000000e+00	1	1.184252e-01
8.115116e-01	5.433544e-01	3.006085e-01	1.900960e-01	3.756069e-01	4.974852e-01	5.280476e-01	5.046755e-01	4.693471e-01	5.681634e-01	4.977843e-01	3.940782e-01	4.709824e-01	5.029324e-01	4.420241e-01	0.000000e+00	1	1.154444e-01
2.899134e-01	1.998877e-01	9.424390e-01	7.723527e-01	3.842805e-01	4.472594e-01	5.269591e-01	4.802009e-01	5.050968e-01	4.892927e-01	5.383480e-01	5.129289e-01	5.186294e-01	4.962711e-01	4.936782e-01	0.000000e+00	1	1.130223e-01
8.527108e-01	9.671098e-02	5.238970e-01	3.489230e-01	7.189560e-02	4.917984e-01	5.132376e-01	4.728953e-01	5.011713e-01	4.525830e-01	5.272523e-01	4.957509e-01	4.795358e-01	4.895773e-01	4.693667e-01	0.000000e+00	1	1.113568e-01
3.574607e-01	7.739935e-01	5.495496e-01	3.645065e-01	7.245627e-01	4.315079e-01	4.606756e-01	4.867701e-01	5.712813e-01	4.899120e-01	4.926009e-01	5.136507e-01	5.443189e-01	4.772184e-01	5.014779e-01	0.000000e+00	1	1.081570e-01
9.419287e-01	3.617268e-01	7.840533e-02	4.937007e-02	2.334242e-01	4.513206e-01	5.435542e-01	4.719431e-01	5.460665e-01	5.203794e-01	4.891754e-01	5.283401e-01	5.324233e-01	4.961444e-01	4.503864e-01	0.000000e+00	1	1.073688e-01
5.491203e-02	1.953094e-01	9.847337e-01	8.706489e-01	8.255162e-01	4.965702e-01	5.017811e-01	4.865005e-01	5.064147e-01	4.754131e-01	4.836041e-01	5.577905e-01	4.798364e-01	5.201805e-01	4.877183e-01	0.000000e+00	1	1.059491e-01
9.358230e-01	1.556883e-01	3.845163e-01	2.451494e-01	1.049501e-01	4.921477e-01	4.322493e-01	5.481499e-01	5.785596e-01	4.913266e-01	4.927942e-01	5.400244e-01	5.147193e-01	4.207722e-01	4.522098e-01	0.000000e+00	1	1.055987e-01
1.195938e-01	9.103009e-01	4.320992e-01	2.800358e-01	9.168383e-01	4.905833e-01	4.493822e-01	5.527533e-01	5.041892e-01	4.823520e-01	4.756964e-01	4.095455e-01	5.086699e-01	4.978863e-01	4.896725e-01	0.000000e+00	1	1.010093e-01
4.908422e-01	3.176148e-01	8.225622e-01	6.066273e-01	3.656238e-01	4.967237e-01	5.050993e-01	4.866035e-01	4.929650e-01	5.184155e-01	5.212422e-01	4.209720e-01	5.292489e-01	5.314210e-01	4.954590e-01	0.000000e+00	1	1.009633e-01
4.316185e-01	4.586219e-01	7.821216e-01	5.684231e-01	5.193044e-01	4.945305e-01	4.935141e-01	4.905699e-01	5.170305e-01	4.721343e-01	5.057188e-01	5.506474e-01	5.075638e-01	5.154353e-01	4.935217e-01	0.000000e+00	1	9.793374e-02
1.840429e-01	8.343987e-01	5.216243e-01	3.489230e-01	8.617940e-01	4.917984e-01	5.124816e-01	4.753356e-01	5.027898e-01	4.864763e-01	5.000492e-01	4.957509e-01	4.999677e-01	4.928097e-01	5.002127e-01	0.000000e+00	1	9.790448e-02
2.592618e-01	9.370189e-01	2.520612e-01	1.614958e-01	8.281542e-01	4.999308e-01	5.278867e-01	5.551130e-01	5.047625e-01	4.903056e-01	5.031154e-01	5.147823e-01	4.876538e-01	4.978758e-01	5.071743e-01	0.000000e+00	1	9.440923e-02
7.737171e-01	6.596284e-01	5.158176e-02	3.226984e-02	4.494342e-01	4.513206e-01	4.580260e-01	4.719431e-01	5.723705e-01	4.810119e-01	4.891754e-01	4.209275e-01	5.324233e-01	4.962816e-01	4.905135e-01	0.000000e+00	1	9.226158e-02
5.105101e-01	4.441797e-01	7.604436e-01	5.370568e-01	4.558396e-01	4.513206e-01	4.656892e-01	4.719431e-01	5.290395e-01	4.806613e-01	4.612355e-01	3.967859e-01	5.103325e-01	4.962816e-01	4.896725e-01	0.000000e+00	1	9.136542e-02
1.456183e-01	2.105779e-01	9.732207e-01	8.362363e-01	6.148384e-01	4.315079e-01	5.029481e-01	4.972804e-01	4.717441e-01	4.904211e-01	4.941330e-01	5.133516e-01	4.979935e-01	4.772184e-01	4.998971e-01	0.000000e+00	1	8.986773e-02
4.401125e-01	6.364444e-01	6.362684e-01	4.381044e-01	6.148384e-01	4.971802e-01	5.029481e-01	4.971661e-01	4.717441e-01	4.904211e-01	4.941330e-01	5.133516e-01	4.979935e-01	4.772184e-01	4.878846e-01	0.000000e+00	1	8.973109e-02
5.323667e-01	8.159348e-01	2.745666e-01	1.748787e-01	6.319674e-01	4.912257e-01	5.280637e-01	5.041475e-01	4.581229e-01	4.899286e-01	5.011601e-01	4.039942e-01	5.087068e-01	5.113445e-01	4.935913e-01	0.000000e+00	1	8.954196e-02
2.204595e-01	9.838698e-01	6.303690e-06	3.980150e-06	8.596681e-01	4.917783e-01	5.278867e-01	4.926733e-01	5.038130e-01	4.264234e-01	5.006776e-01	5.161602e-01	5.042749e-01	4.597921e-01	5.065836e-01	0.000000e+00	1	8.918341e-02
7.267104e-01	2.107673e-02	6.894891e-01	4.831383e-01	1.845866e-02	4.969972e-01	5.259699e-01	4.812489e-01	4.999544e-01	4.951844e-01	4.736044e-01	4.945455e-01	5.064717e-01	4.918441e-01	5.088691e-01	0.000000e+00	1	8.881240e-02
5.975114e-01	4.145572e-01	6.897013e-01	4.831383e-01	3.861462e-01	4.969701e-01	5.259699e-01	4.812489e-01	5.011038e-01	4.951844e-01	4.679313e-01	4.945455e-01	5.064717e-01	4.918441e-01	5.073423e-01	0.000000e+00	1	8.862843e-02
1.947572e-01	1.311276e-01	9.912967e-01	8.519460e-01	3.772433e-01	4.303146e-01	5.452317e-01	4.894833e-01	5.029439e-01	4.820604e-01	5.627670e-01	5.856428e-01	5.091568e-01	4.954783e-01	5.001525e-01	0.000000e+00	1	8.511360e-02
1.012527e-01	8.917223e-01	4.696054e-01	3.069054e-01	9.280218e-01	4.954862e-01	5.278867e-01	5.530329e-01	5.041028e-01	4.518149e-01	4.744628e-01	4.211973e-01	5.083819e-01	4.976273e-01	5.021965e-01	0.000000e+00	1	8.342725e-02
2.502841e-01	8.902027e-01	4.482775e-01	2.873646e-01	8.255162e-01	4.992411e-01	3.534059e-01	4.344435e-01	5.064147e-01	4.760528e-01	4.836041e-01	4.967785e-01	4.798364e-01	5.201805e-01	4.877535e-01	0.000000e+00	1	8.200195e-02
7.620117e-02	7.973825e-01	6.127097e-01	4.156996e-01	9.393462e-01	4.920907e-01	5.476023e-01	4.918152e-01	4.573254e-01	4.876201e-01	5.040315e-01	4.695465e-01	5.064516e-01	5.107048e-01	4.451047e-01	0.000000e+00	1	8.116462e-02
7.139480e-01	7.225941e-03	7.155705e-01	5.007063e-01	6.443074e-03	4.500994e-01	4.490384e-01	4.885745e-01	5.056803e-01	5.252301e-01	5.618071e-01	4.950638e-01	5.100083e-01	5.318864e-01	5.008690e-01	0.000000e+00	1	7.895556e-02
7.916640e-01	5.067582e-01	3.969850e-01	2.544030e-01	3.624892e-01	4.895712e-01	5.103251e-01	4.637390e-01	5.852642e-01	4.903325e-01	5.213618e-01	5.688631e-01	5.134546e-01	5.616615e-01	4.522098e-01	0.000000e+00	1	7.737463e-02
6.724447e-01	7.174002e-01	2.624559e-01	1.660540e-01	5.205847e-01	4.763280e-01	5.278867e-01	5.540761e-01	5.047625e-01	4.903056e-01	6.135845e-01	5.147823e-01	4.876538e-01	4.978758e-01	5.071743e-01	0.000000e+00	1	7.647457e-02
5.583569e-01	8.557688e-01	1.497129e-01	9.261655e-02	6.319674e-01	3.689631e-01	4.953586e-01	5.041475e-01	4.581229e-01	4.922394e-01	5.166983e-01	4.032798e-01	4.704948e-01	5.113445e-01	4.446228e-01	0.000000e+00	1	7.594958e-02
3.880302e-08	2.822860e-01	9.605960e-01	8.180418e-01	9.999999e-01	4.895558e-01	5.048876e-01	4.961295e-01	5.029118e-01	4.865845e-01	5.268141e-01	4.996807e-01	5.003503e-01	5.123552e-01	5.024475e-01	0.000000e+00	1	7.480465e-02
9.769556e-01	1.097862e-01	1.924095e-01	1.230414e-01	7.124180e-02	4.916021e-01	4.915406e-01	5.043163e-01	4.676749e-01	4.868194e-01	4.817347e-01	4.988615e-01	4.996930e-01	5.064421e-01	5.009494e-01	0.000000e+00	1	7.402502e-02
7.596650e-01	2.383855e-01	6.548832e-01	4.382003e-01	1.935782e-01	4.959870e-01	5.457304e-01	4.730730e-01	5.029439e-01	4.981447e-01	5.627670e-01	6.325006e-01	5.091568e-01	4.400705e-01	4.461360e-01	0.000000e+00	1	7.305234e-02
9.586718e-01	3.998111e-01	3.717688e-03	2.278560e-03	2.515381e-01	4.930774e-01	5.195889e-01	5.208832e-01	5.734158e-01	4.870228e-01	6.458167e-01	3.962252e-01	4.960243e-01	5.062418e-01	5.139818e-01	0.000000e+00	1	7.085845e-02
2.664933e-02	7.007508e-01	7.342692e-01	5.146373e-01	9.758012e-01	4.908468e-01	4.387814e-01	4.919485e-01	4.449957e-01	4.835767e-01	5.184323e-01	4.127676e-01	4.974238e-01	5.127726e-01	4.946704e-01	0.000000e+00	1	7.030246e-02
4.994419e-01	3.431016e-01	8.115209e-01	5.916936e-01	3.831988e-01	4.897207e-01	5.049781e-01	4.866035e-01	4.921294e-01	4.865608e-01	4.294873e-01	4.209720e-01	4.998807e-01	5.314210e-01	4.950372e-01	0.000000e+00	1	6.877339e-02
8.880898e-01	3.294303e-01	3.839229e-01	2.451494e-01	2.261329e-01	4.901316e-01	4.613685e-01	5.490737e-01	5.871686e-01	4.913266e-01	4.968174e-01	5.400244e-01	5.149706e-01	4.207722e-01	4.522098e-01	0.000000e+00	1	6.801216e-02
9.516249e-01	3.088092e-01	2.232752e-01	1.397832e-01	1.997625e-01	4.895604e-01	4.863376e-01	4.966220e-01	5.012146e-01	4.502120e-01	4.968768e-01	3.879570e-01	5.096962e-01	4.969480e-01	5.981510e-01	0.000000e+00	1	6.785203e-02
6.883662e-01	3.011244e-01	7.055014e-01	4.799723e-01	2.625209e-01	4.959870e-01	4.785097e-01	4.893689e-01	5.039041e-01	4.866432e-01	6.412088e-01	5.856428e-01	5.091568e-01	4.953411e-01	4.500668e-01	0.000000e+00	1	6.732872e-02
7.825957e-01	5.239935e-01	3.575110e-01	2.309617e-01	3.756069e-01	4.915784e-01	5.043243e-01	4.659813e-01	5.051911e-01	4.845587e-01	4.873394e-01	4.961685e-01	5.084460e-01	4.964819e-01	4.250241e-01	0.000000e+00	1	6.660333e-02
8.289348e-01	4.879538e-01	2.921839e-01	1.877411e-01	3.387029e-01	4.920095e-01	4.570394e-01	4.938742e-01	5.103583e-01	4.836656e-01	5.022929e-01	4.923511e-01	5.143288e-01	5.264125e-01	4.552800e-01	0.000000e+00	1	6.628427e-02
7.488058e-01	6.910465e-01	2.534248e-02	1.583025e-02	4.744759e-01	4.565010e-01	5.353725e-01	4.729424e-01	5.072920e-01	4.987748e-01	5.601859e-01	3.925431e-01	5.084460e-01	5.003172e-01	4.903895e-01	0.000000e+00	1	6.552801e-02
3.365239e-01	7.286600e-01	6.073965e-01	4.124150e-01	7.245627e-01	4.315079e-01	5.029481e-01	4.867701e-01	4.717441e-01	4.899120e-01	4.926009e-01	5.136507e-01	4.979935e-01	4.772184e-01	5.012337e-01	0.000000e+00	1	6.423387e-02
3.208371e-01	6.946940e-01	6.601146e-01	4.531468e-01	7.245627e-01	4.493476e-01	4.715510e-01	4.878738e-01	4.717441e-01	4.899120e-01	4.325222e-01	5.311577e-01	4.979935e-01	4.772184e-01	4.891172e-01	0.000000e+00	1	6.380879e-02
6.260291e-01	7.688418e-01	2.551898e-01	1.603742e-01	5.649535e-01	4.745838e-01	4.712716e-01	4.969854e-01	5.047846e-01	4.892179e-01	6.424511e-01	5.041584e-01	4.993528e-01	4.877697e-01	4.586028e-01	0.000000e+00	1	6.376297e-02
