1.002094e+00	1.233085e-04	4.368967e-17	2.775558e-17	7.833655e-05	5.143187e-01	5.048088e-01	5.136133e-01	4.953268e-01	4.869341e-01	5.166534e-01	4.991025e-01	5.003371e-01	5.347080e-01	5.023532e-01	0.000000e+00	1	1.000000e+14
2.223344e-22	1.617448e-15	1.001178e+00	1.000000e+00	9.999999e-01	4.895558e-01	5.055406e-01	4.961295e-01	5.029118e-01	4.899574e-01	5.268141e-01	4.996807e-01	5.039589e-01	5.133944e-01	5.004186e-01	0.000000e+00	1	1.000000e+14
1.130766e-15	1.173087e-15	1.008542e+00	1.000000e+00	5.116932e-01	4.903994e-01	5.055406e-01	4.818097e-01	5.030799e-01	4.899574e-01	4.186253e-01	4.935033e-01	5.200939e-01	5.301705e-01	5.004186e-01	0.000000e+00	1	1.000000e+14
9.941117e-01	1.117141e-01	4.361444e-17	2.775558e-17	7.124180e-02	4.936610e-01	4.932368e-01	5.043210e-01	5.053114e-01	4.897749e-01	5.087037e-01	4.987832e-01	5.002500e-01	5.036451e-01	4.935962e-01	0.000000e+00	1	1.000000e+14
1.196612e-03	1.004340e+00	6.279143e-06	3.980150e-06	9.992415e-01	4.883637e-01	5.278867e-01	5.540761e-01	5.038130e-01	4.903433e-01	5.006776e-01	5.161602e-01	5.088309e-01	4.978758e-01	5.071743e-01	0.000000e+00	1	1.000000e+14
1.627710e-15	6.634109e-23	1.007530e+00	1.000000e+00	2.594692e-08	4.508229e-01	4.490384e-01	4.811839e-01	5.056803e-01	4.771591e-01	4.824797e-01	4.950638e-01	5.184684e-01	5.288025e-01	4.897720e-01	0.000000e+00	1	1.000000e+14
5.995887e-01	9.317037e-02	8.023344e-01	5.877860e-01	9.813976e-02	4.945305e-01	4.500463e-01	4.905699e-01	5.170305e-01	4.817999e-01	5.057188e-01	5.506474e-01	5.075638e-01	4.958967e-01	4.937700e-01	0.000000e+00	1	1.667700e-01
5.323667e-01	8.159348e-01	2.745666e-01	1.748787e-01	6.319674e-01	4.912257e-01	5.280637e-01	5.041475e-01	4.581229e-01	4.899286e-01	5.011601e-01	4.039942e-01	5.087068e-01	5.113445e-01	4.935913e-01	0.000000e+00	1	1.646100e-01
4.401125e-01	6.364444e-01	6.362684e-01	4.381044e-01	6.148384e-01	4.971802e-01	5.029481e-01	4.971661e-01	4.717441e-01	4.904211e-01	4.941330e-01	5.133516e-01	4.979935e-01	4.772184e-01	4.878846e-01	0.000000e+00	1	1.218171e-01
9.118013e-01	4.137567e-01	7.780619e-02	4.937007e-02	2.711952e-01	4.913014e-01	4.973783e-01	4.723522e-01	4.814884e-01	4.920430e-01	4.891754e-01	5.283401e-01	5.324233e-01	4.686367e-01	4.901246e-01	0.000000e+00	1	1.208551e-01
5.056525e-01	4.399533e-01	7.510483e-01	5.361489e-01	4.558396e-01	4.513206e-01	5.099312e-01	4.706224e-01	5.291347e-01	4.806613e-01	4.606015e-01	4.834228e-01	5.098913e-01	5.125391e-01	5.004227e-01	0.000000e+00	1	1.188664e-01
3.491427e-01	3.709861e-01	8.655062e-01	6.613186e-01	5.193044e-01	4.945323e-01	4.938826e-01	4.790261e-01	4.963807e-01	4.753786e-01	5.093693e-01	5.506474e-01	4.968746e-01	4.790583e-01	4.911091e-01	0.000000e+00	1	1.162664e-01
9.629000e-01	2.649803e-01	1.589120e-01	1.004565e-01	1.709596e-01	4.617388e-01	5.117570e-01	5.540761e-01	5.038569e-01	5.700909e-01	5.409417e-01	4.948933e-01	5.088309e-01	4.978758e-01	5.044589e-01	0.000000e+00	1	1.068598e-01
1.363224e-01	9.921674e-01	1.359939e-01	8.592215e-02	9.130736e-01	4.971383e-01	5.280476e-01	5.682662e-01	4.679483e-01	4.887616e-01	4.978076e-01	5.262636e-01	4.973615e-01	5.029324e-01	4.420241e-01	0.000000e+00	1	1.062638e-01
2.209312e-01	1.787321e-01	9.627360e-01	8.172747e-01	4.330295e-01	4.895286e-01	5.055406e-01	4.923479e-01	5.030799e-01	4.899574e-01	4.486808e-01	4.921357e-01	5.191704e-01	5.150407e-01	5.142295e-01	0.000000e+00	1	1.036376e-01
1.840429e-01	8.343987e-01	5.216243e-01	3.489230e-01	8.617940e-01	4.917984e-01	5.124816e-01	4.753356e-01	5.027898e-01	4.864763e-01	5.000492e-01	4.957509e-01	4.999677e-01	4.928097e-01	5.002127e-01	0.000000e+00	1	1.001728e-01
4.827824e-01	3.328658e-01	8.162241e-01	6.033874e-01	3.842805e-01	4.471805e-01	5.135381e-01	4.993236e-01	5.041334e-01	4.892927e-01	5.383480e-01	5.076726e-01	5.186294e-01	4.959007e-01	4.937722e-01	0.000000e+00	1	9.968674e-02
6.091598e-02	2.166640e-01	9.817901e-01	8.565406e-01	8.255162e-01	4.965920e-01	4.906101e-01	4.865005e-01	5.064147e-01	4.754131e-01	4.836041e-01	5.577905e-01	4.534999e-01	5.201805e-01	4.877183e-01	0.000000e+00	1	9.954208e-02
1.756370e-01	7.962885e-01	5.857707e-01	3.965770e-01	8.617940e-01	4.917984e-01	5.124816e-01	5.589269e-01	5.023607e-01	4.861498e-01	5.030482e-01	4.957509e-01	4.999677e-01	4.928097e-01	5.067536e-01	0.000000e+00	1	9.799470e-02
2.664933e-02	7.007508e-01	7.342692e-01	5.146373e-01	9.758012e-01	4.908468e-01	4.387814e-01	4.919485e-01	4.449957e-01	4.835767e-01	5.184323e-01	4.127676e-01	4.974238e-01	5.127726e-01	4.946704e-01	0.000000e+00	1	9.629251e-02
3.724725e-01	3.957755e-01	8.453375e-01	6.362476e-01	5.193044e-01	4.945323e-01	5.061990e-01	4.790261e-01	5.058190e-01	4.938731e-01	5.086617e-01	5.635779e-01	4.981554e-01	5.150215e-01	4.931820e-01	0.000000e+00	1	9.597685e-02
2.582741e-01	9.186211e-01	3.795857e-01	2.410237e-01	8.255162e-01	4.992411e-01	3.534059e-01	4.394676e-01	5.064147e-01	4.760528e-01	4.836041e-01	4.965226e-01	4.798364e-01	5.201805e-01	4.899824e-01	0.000000e+00	1	8.917015e-02
6.372799e-01	1.334289e-01	7.641859e-01	5.507610e-01	1.313927e-01	4.500139e-01	5.029481e-01	4.963469e-01	5.118551e-01	4.899120e-01	4.806230e-01	4.974469e-01	5.191226e-01	4.819994e-01	4.894143e-01	0.000000e+00	1	8.915199e-02
8.677639e-01	4.999224e-01	7.782018e-02	4.937007e-02	3.327381e-01	4.913014e-01	4.802207e-01	4.867700e-01	5.036029e-01	5.203794e-01	4.891754e-01	5.283401e-01	5.044461e-01	4.962104e-01	4.503864e-01	0.000000e+00	1	8.901909e-02
4.316185e-01	4.586219e-01	7.821216e-01	5.684231e-01	5.193044e-01	4.945305e-01	4.935141e-01	4.905699e-01	5.170305e-01	4.721343e-01	5.057188e-01	5.506474e-01	5.075638e-01	5.154353e-01	4.935217e-01	0.000000e+00	1	8.860459e-02
9.179621e-04	7.704634e-01	6.633566e-01	4.525322e-01	9.992415e-01	4.873453e-01	5.278867e-01	5.501749e-01	5.038130e-01	4.903433e-01	5.006776e-01	4.033524e-01	5.088309e-01	4.395405e-01	5.071743e-01	0.000000e+00	1	8.524114e-02
6.822214e-01	3.181209e-01	7.042324e-01	4.788099e-01	2.777745e-01	4.959870e-01	4.785097e-01	4.894253e-01	5.039041e-01	4.811179e-01	6.412088e-01	5.854993e-01	5.091568e-01	4.953411e-01	4.500668e-01	0.000000e+00	1	8.501225e-02
6.129392e-01	5.394278e-01	5.865424e-01	3.965770e-01	4.594439e-01	5.003469e-01	5.124816e-01	5.589269e-01	5.052651e-01	4.861498e-01	4.638236e-01	5.092882e-01	4.999677e-01	4.928097e-01	5.067536e-01	0.000000e+00	1	8.294646e-02
2.157200e-01	9.780135e-01	2.011061e-02	1.278164e-02	8.617940e-01	5.332758e-01	5.124257e-01	5.134126e-01	4.945917e-01	4.864763e-01	5.000492e-01	4.957509e-01	4.999677e-01	4.928097e-01	4.998086e-01	0.000000e+00	1	8.294230e-02
1.012527e-01	8.917223e-01	4.696054e-01	3.069054e-01	9.280218e-01	4.954862e-01	5.278867e-01	5.530329e-01	5.041028e-01	4.518149e-01	4.744628e-01	4.211973e-01	5.083819e-01	4.976273e-01	5.021965e-01	0.000000e+00	1	8.231386e-02
7.695775e-01	6.695865e-01	1.521820e-02	9.496646e-03	4.558396e-01	4.924560e-01	4.715450e-01	4.694597e-01	5.121271e-01	4.523514e-01	4.554251e-01	3.826128e-01	5.107965e-01	4.966529e-01	4.900882e-01	0.000000e+00	1	8.201471e-02
8.615827e-01	4.732712e-01	2.138079e-01	1.363432e-01	3.197799e-01	4.962218e-01	4.906101e-01	4.865005e-01	5.064147e-01	4.754131e-01	4.836041e-01	5.567510e-01	4.657608e-01	5.194514e-01	4.951429e-01	0.000000e+00	1	7.979799e-02
6.553429e-01	7.510056e-01	3.560736e-01	2.184304e-01	5.432376e-01	2.981292e-01	5.119284e-01	5.588847e-01	5.052857e-01	4.848671e-01	6.170282e-01	4.996508e-01	5.076506e-01	4.977782e-01	5.071743e-01	0.000000e+00	1	7.856335e-02
8.371364e-02	8.620572e-01	5.524687e-01	3.614740e-01	9.383716e-01	4.404465e-01	4.906935e-01	4.985595e-01	6.013011e-01	4.895864e-01	5.014496e-01	3.925431e-01	5.082617e-01	4.588898e-01	5.003015e-01	0.000000e+00	1	7.831567e-02
2.502841e-01	8.902027e-01	4.482775e-01	2.873646e-01	8.255162e-01	4.992411e-01	3.534059e-01	4.344435e-01	5.064147e-01	4.760528e-01	4.836041e-01	4.967785e-01	4.798364e-01	5.201805e-01	4.877535e-01	0.000000e+00	1	7.703447e-02
7.593203e-01	5.235849e-01	4.132341e-01	2.681528e-01	3.843109e-01	4.540820e-01	4.915211e-01	4.887572e-01	5.726692e-01	4.886351e-01	4.971756e-01	5.297115e-01	5.084460e-01	4.552845e-01	5.004109e-01	0.000000e+00	1	7.680961e-02
6.624774e-01	6.172715e-01	4.389533e-01	2.873646e-01	4.775214e-01	4.992411e-01	4.857381e-01	4.344435e-01	5.064147e-01	4.760724e-01	4.836041e-01	4.967785e-01	4.798364e-01	5.201805e-01	4.921106e-01	0.000000e+00	1	7.669791e-02
7.260386e-01	6.317046e-01	2.970073e-01	1.905675e-01	4.558396e-01	4.938217e-01	4.699239e-01	4.856257e-01	4.630750e-01	4.599808e-01	4.498087e-01	5.157766e-01	5.115358e-01	4.975150e-01	4.877274e-01	0.000000e+00	1	7.551419e-02
3.208371e-01	6.946940e-01	6.601146e-01	4.531468e-01	7.245627e-01	4.493476e-01	4.715510e-01	4.878738e-01	4.717441e-01	4.899120e-01	4.325222e-01	5.311577e-01	4.979935e-01	4.772184e-01	4.891172e-01	0.000000e+00	1	7.531327e-02
8.242322e-01	5.682865e-01	4.275353e-02	2.716987e-02	3.842805e-01	4.904639e-01	5.213126e-01	4.993236e-01	5.037066e-01	4.916740e-01	5.363384e-01	5.069766e-01	5.032254e-01	4.962463e-01	4.933921e-01	0.000000e+00	1	7.487821e-02
7.217388e-01	7.370039e-01	3.305307e-01	1.974076e-01	5.066617e-01	3.339649e-01	5.119284e-01	6.084432e-01	5.047625e-01	4.734736e-01	6.426641e-01	3.614872e-01	5.085770e-01	4.430352e-01	4.877119e-01	0.000000e+00	1	7.446475e-02
7.620117e-02	7.973825e-01	6.127097e-01	4.156996e-01	9.393462e-01	4.920907e-01	5.476023e-01	4.918152e-01	4.573254e-01	4.876201e-01	5.040315e-01	4.695465e-01	5.064516e-01	5.107048e-01	4.451047e-01	0.000000e+00	1	7.211515e-02
7.088359e-03	9.985600e-01	8.708214e-02	5.537667e-02	9.954810e-01	4.908889e-01	4.972455e-01	4.723522e-01	4.810225e-01	4.920430e-01	4.891754e-01	5.283401e-01	5.001637e-01	5.087453e-01	4.900176e-01	0.000000e+00	1	7.131482e-02
8.412034e-01	5.800469e-01	2.541344e-02	1.583025e-02	3.843109e-01	4.537548e-01	4.906935e-01	4.717318e-01	5.726692e-01	4.895864e-01	5.027920e-01	3.925431e-01	5.084460e-01	4.544224e-01	5.003015e-01	0.000000e+00	1	7.020938e-02
4.747659e-01	5.609454e-02	8.860750e-01	6.850177e-01	7.487078e-02	4.508229e-01	4.488733e-01	4.811839e-01	5.056830e-01	4.771591e-01	4.824797e-01	4.950638e-01	5.184684e-01	4.858805e-01	5.019351e-01	0.000000e+00	1	7.002362e-02
6.316821e-01	7.238910e-01	4.498002e-01	2.787542e-01	5.432376e-01	3.001280e-01	5.119284e-01	5.540761e-01	5.047625e-01	5.908862e-01	4.769235e-01	5.937242e-01	5.076506e-01	4.978924e-01	4.876645e-01	0.000000e+00	1	6.928525e-02
9.003156e-02	9.390128e-01	3.716099e-01	2.389045e-01	9.391476e-01	4.957391e-01	5.278867e-01	4.714389e-01	5.041028e-01	4.518149e-01	4.723970e-01	4.211973e-01	5.083819e-01	4.859098e-01	4.481801e-01	0.000000e+00	1	6.739999e-02
9.619091e-01	1.494715e-01	2.571135e-01	1.643932e-01	9.813976e-02	4.945305e-01	4.500463e-01	4.820453e-01	5.170305e-01	4.828540e-01	4.957917e-01	4.432380e-01	5.075638e-01	4.954703e-01	4.906879e-01	0.000000e+00	1	6.702692e-02
3.780575e-01	9.061478e-01	2.592020e-01	1.643146e-01	7.483714e-01	4.499144e-01	5.043388e-01	4.874502e-01	5.715015e-01	4.756815e-01	5.156769e-01	4.209275e-01	4.907109e-01	5.213649e-01	4.923322e-01	0.000000e+00	1	6.689531e-02
7.039163e-01	6.124566e-01	3.791212e-01	2.456989e-01	4.558396e-01	4.927832e-01	4.723726e-01	4.864851e-01	5.121271e-01	4.514001e-01	4.498087e-01	4.700574e-01	5.107965e-01	4.975150e-01	4.901976e-01	0.000000e+00	1	6.682019e-02
4.028174e-01	2.522872e-01	8.943024e-01	6.890045e-01	3.562132e-01	4.538706e-01	5.137236e-01	4.875457e-01	5.029118e-01	4.894763e-01	5.434900e-01	4.117986e-01	5.193487e-01	4.950562e-01	4.899001e-01	0.000000e+00	1	6.547432e-02
3.117161e-01	1.663712e-01	9.456310e-01	7.723527e-01	3.121114e-01	4.472594e-01	5.669688e-01	4.993236e-01	5.027634e-01	4.892927e-01	5.433167e-01	5.129289e-01	4.983406e-01	4.928271e-01	4.994132e-01	0.000000e+00	1	6.314444e-02
4.200633e-02	1.523978e-01	9.934810e-01	8.995443e-01	8.287764e-01	4.513848e-01	4.651682e-01	4.811839e-01	5.056365e-01	4.771591e-01	4.989393e-01	5.163307e-01	5.184684e-01	5.288025e-01	4.924875e-01	0.000000e+00	1	6.310267e-02
9.404058e-01	2.967190e-01	2.200682e-01	1.397832e-01	1.945739e-01	4.885251e-01	4.954272e-01	4.970828e-01	5.014569e-01	4.592338e-01	4.982191e-01	4.231573e-01	5.075661e-01	4.893844e-01	4.503927e-01	0.000000e+00	1	6.257637e-02
4.127327e-01	3.521769e-02	9.131724e-01	7.288894e-01	5.419028e-02	4.682202e-01	5.273697e-01	4.848166e-01	5.027271e-01	4.898471e-01	5.147905e-01	5.161901e-01	5.094802e-01	4.962572e-01	5.069019e-01	0.000000e+00	1	6.154661e-02
2.871177e-01	2.032998e-01	9.415361e-01	7.723527e-01	3.922356e-01	4.472594e-01	5.114014e-01	5.010019e-01	5.041658e-01	4.892927e-01	5.403614e-01	5.063619e-01	5.186294e-01	4.967716e-01	4.933562e-01	0.000000e+00	1	6.083278e-02
