1.005188e+00	4.096877e-08	3.379353e-02	2.139453e-02	2.594692e-08	4.508229e-01	4.643948e-01	4.811839e-01	5.056803e-01	4.849299e-01	4.838106e-01	4.951454e-01	5.184684e-01	5.288025e-01	5.000947e-01	0.000000e+00	1	1.000000e+14
2.223344e-22	1.617448e-15	1.001178e+00	1.000000e+00	9.999999e-01	4.895558e-01	5.055406e-01	4.961295e-01	5.029118e-01	4.899574e-01	5.268141e-01	4.996807e-01	5.039589e-01	5.133944e-01	5.004186e-01	0.000000e+00	1	1.000000e+14
2.500746e-02	1.000692e+00	1.388290e-06	8.829265e-07	9.840941e-01	4.936610e-01	5.124534e-01	5.043210e-01	5.050976e-01	4.907763e-01	4.944576e-01	4.827923e-01	5.002500e-01	4.838780e-01	4.903848e-01	0.000000e+00	1	1.000000e+14
1.627710e-15	6.634109e-23	1.007530e+00	1.000000e+00	2.594692e-08	4.508229e-01	4.490384e-01	4.811839e-01	5.056803e-01	4.771591e-01	4.824797e-01	4.950638e-01	5.184684e-01	5.288025e-01	4.897720e-01	0.000000e+00	1	1.000000e+14
9.994610e-01	4.174636e-02	4.361285e-17	2.775558e-17	2.657544e-02	4.936092e-01	5.051424e-01	5.053152e-01	4.993063e-01	4.897749e-01	5.084946e-01	4.977098e-01	5.004801e-01	5.036451e-01	4.935962e-01	0.000000e+00	1	1.000000e+14
1.156661e-15	1.155819e-15	1.012148e+00	1.000000e+00	4.997682e-01	4.868449e-01	4.512295e-01	4.811839e-01	5.056803e-01	4.771591e-01	4.617083e-01	4.186774e-01	5.184684e-01	4.913354e-01	4.861182e-01	0.000000e+00	1	1.000000e+14
5.456070e-01	3.588319e-01	7.619748e-01	5.489188e-01	3.703545e-01	4.826097e-01	5.135381e-01	4.850173e-01	5.066895e-01	4.882959e-01	5.501102e-01	4.983083e-01	4.934685e-01	4.938610e-01	4.941592e-01	0.000000e+00	1	1.352339e-01
2.797792e-02	7.155930e-01	7.218795e-01	5.025410e-01	9.751224e-01	4.993728e-01	5.055224e-01	4.679328e-01	5.045472e-01	4.806613e-01	4.606015e-01	4.031919e-01	5.098913e-01	5.660704e-01	5.004227e-01	0.000000e+00	1	1.201631e-01
2.207779e-01	1.786081e-01	9.620681e-01	8.172747e-01	4.330295e-01	4.895286e-01	5.055406e-01	5.385054e-01	5.030799e-01	4.899574e-01	4.784536e-01	4.924980e-01	5.192140e-01	5.150407e-01	5.159768e-01	0.000000e+00	1	1.183273e-01
4.746020e-01	5.607517e-02	8.857691e-01	6.850177e-01	7.487078e-02	4.508229e-01	4.545269e-01	4.811839e-01	5.056830e-01	4.713940e-01	5.040237e-01	4.856484e-01	5.183205e-01	4.861372e-01	5.052389e-01	0.000000e+00	1	1.165440e-01
3.097922e-01	8.643550e-02	9.621989e-01	7.946365e-01	1.732189e-01	4.566995e-01	4.572489e-01	4.993236e-01	5.040965e-01	5.799301e-01	5.216297e-01	4.956121e-01	5.084159e-01	5.295593e-01	4.453320e-01	0.000000e+00	1	1.152860e-01
2.627292e-01	9.344671e-01	3.064256e-01	1.946625e-01	8.255162e-01	4.992411e-01	3.837516e-01	4.863321e-01	5.064147e-01	4.760528e-01	4.482253e-01	4.972180e-01	4.798364e-01	5.201805e-01	4.901188e-01	0.000000e+00	1	1.145831e-01
4.564597e-01	4.890956e-01	7.778735e-01	5.478107e-01	5.219643e-01	4.924560e-01	4.352187e-01	4.881531e-01	5.069684e-01	4.521971e-01	4.442067e-01	5.225922e-01	5.108374e-01	6.242843e-01	4.912861e-01	0.000000e+00	1	1.121360e-01
1.392784e-01	9.531905e-01	2.839338e-01	1.824749e-01	9.076320e-01	4.904503e-01	5.373529e-01	4.802905e-01	4.633776e-01	4.729022e-01	5.014496e-01	5.087853e-01	5.138731e-01	4.967141e-01	5.072393e-01	0.000000e+00	1	1.115119e-01
4.979133e-03	8.299864e-01	5.691828e-01	3.826758e-01	9.961809e-01	4.926302e-01	5.505645e-01	4.976289e-01	5.094788e-01	4.868871e-01	4.985163e-01	4.785084e-01	5.074055e-01	4.979581e-01	4.451047e-01	0.000000e+00	1	1.099341e-01
3.847768e-01	2.053304e-01	9.248817e-01	7.194825e-01	3.120661e-01	4.472594e-01	5.664153e-01	4.692403e-01	5.018978e-01	4.892927e-01	5.433167e-01	4.917395e-01	5.129793e-01	6.098934e-01	4.895594e-01	0.000000e+00	1	1.053636e-01
6.226517e-01	7.851903e-01	1.194826e-01	7.554839e-02	5.731752e-01	4.924560e-01	4.444233e-01	5.347914e-01	5.121271e-01	4.523514e-01	4.598173e-01	5.233830e-01	5.107965e-01	5.074377e-01	4.900882e-01	0.000000e+00	1	1.010965e-01
9.271586e-02	7.462170e-01	6.773728e-01	4.668114e-01	9.213047e-01	4.617388e-01	5.117570e-01	5.540761e-01	5.272166e-01	4.813798e-01	5.409417e-01	4.948933e-01	5.088309e-01	5.682829e-01	4.976518e-01	0.000000e+00	1	9.797739e-02
1.689141e-01	7.658089e-01	6.209976e-01	4.263851e-01	8.617940e-01	4.969869e-01	5.124816e-01	4.983551e-01	5.027898e-01	4.892756e-01	4.969470e-01	4.994138e-01	4.999677e-01	4.959456e-01	5.004107e-01	0.000000e+00	1	9.533891e-02
6.468825e-01	7.873556e-01	1.041294e-01	6.482896e-02	5.621540e-01	4.924560e-01	4.444233e-01	4.694597e-01	5.121271e-01	4.523514e-01	4.598173e-01	5.233830e-01	5.107965e-01	6.242843e-01	4.900882e-01	0.000000e+00	1	9.472686e-02
8.124978e-01	5.401896e-01	2.524545e-01	1.611880e-01	3.735330e-01	4.453228e-01	5.175353e-01	4.683601e-01	5.118537e-01	4.883190e-01	5.528442e-01	5.090967e-01	5.177231e-01	4.959007e-01	4.942103e-01	0.000000e+00	1	9.359686e-02
5.839992e-01	3.720354e-01	7.307779e-01	5.171474e-01	3.611010e-01	4.472594e-01	5.015219e-01	5.010019e-01	4.765715e-01	4.905395e-01	5.403614e-01	5.127045e-01	4.997497e-01	4.617253e-01	4.929668e-01	0.000000e+00	1	9.217948e-02
9.871334e-01	9.112707e-02	1.577402e-01	1.004565e-01	5.860336e-02	4.761782e-01	5.083503e-01	4.685792e-01	5.028582e-01	4.835032e-01	5.414463e-01	5.123874e-01	4.987556e-01	4.978758e-01	5.044589e-01	0.000000e+00	1	9.195853e-02
5.171328e-01	6.313978e-01	6.250088e-01	4.160575e-01	5.631283e-01	4.681820e-01	4.430682e-01	4.598379e-01	5.129926e-01	4.523514e-01	6.342736e-01	5.145942e-01	4.969735e-01	5.374931e-01	5.029146e-01	0.000000e+00	1	9.130981e-02
9.389342e-01	2.962547e-01	2.197238e-01	1.397832e-01	1.945739e-01	4.885251e-01	4.954272e-01	4.972601e-01	5.014569e-01	4.883883e-01	4.982191e-01	4.231573e-01	5.020557e-01	4.893844e-01	4.503927e-01	0.000000e+00	1	9.034553e-02
3.321239e-01	2.778537e-01	9.182825e-01	7.194825e-01	4.435081e-01	4.472594e-01	5.655052e-01	4.408883e-01	5.018978e-01	4.892927e-01	5.433167e-01	4.917395e-01	5.129793e-01	4.977947e-01	5.495637e-01	0.000000e+00	1	9.011431e-02
6.863294e-01	7.428006e-01	1.660291e-01	1.035886e-01	5.251426e-01	4.924560e-01	4.392159e-01	4.696196e-01	5.121271e-01	4.523514e-01	4.598173e-01	5.233830e-01	5.099311e-01	6.242843e-01	4.913278e-01	0.000000e+00	1	8.968521e-02
5.960782e-02	9.970896e-01	5.853531e-02	3.726428e-02	9.619870e-01	4.936610e-01	5.067999e-01	5.043210e-01	5.050976e-01	4.908202e-01	4.942073e-01	4.944334e-01	5.003665e-01	4.859039e-01	4.897690e-01	0.000000e+00	1	8.895919e-02
4.369460e-01	2.077015e-01	8.966971e-01	6.850177e-01	2.824889e-01	4.508229e-01	4.524972e-01	5.666808e-01	5.799512e-01	4.713940e-01	5.039233e-01	4.856484e-01	5.183205e-01	4.556243e-01	5.052389e-01	0.000000e+00	1	8.858304e-02
3.117161e-01	1.663712e-01	9.456310e-01	7.723527e-01	3.121114e-01	4.472594e-01	5.669688e-01	4.993236e-01	5.027634e-01	4.892927e-01	5.433167e-01	5.129289e-01	4.983406e-01	4.928271e-01	4.994132e-01	0.000000e+00	1	8.809180e-02
9.073216e-01	4.328326e-01	4.292950e-02	2.716987e-02	2.833690e-01	4.904639e-01	5.216437e-01	4.730863e-01	5.064353e-01	4.698582e-01	5.483272e-01	5.069766e-01	4.643710e-01	5.161121e-01	4.933921e-01	0.000000e+00	1	8.572077e-02
3.200402e-01	6.929685e-01	6.584750e-01	4.531468e-01	7.245627e-01	4.866499e-01	4.715510e-01	5.052643e-01	4.679658e-01	4.899120e-01	4.325222e-01	5.292418e-01	5.002010e-01	4.772184e-01	5.026379e-01	0.000000e+00	1	8.520406e-02
7.051491e-01	1.185611e-01	7.370324e-01	5.096381e-01	1.060469e-01	4.502584e-01	4.643948e-01	4.811839e-01	5.066013e-01	4.849299e-01	4.845536e-01	3.531026e-01	5.199414e-01	5.176336e-01	5.000703e-01	0.000000e+00	1	8.513141e-02
6.624774e-01	6.172715e-01	4.389533e-01	2.873646e-01	4.775214e-01	4.992411e-01	4.857381e-01	4.344435e-01	5.064147e-01	4.760724e-01	4.836041e-01	4.967785e-01	4.798364e-01	5.201805e-01	4.921106e-01	0.000000e+00	1	8.419342e-02
8.706477e-01	4.153375e-01	2.825842e-01	1.814171e-01	2.833690e-01	4.669555e-01	5.216437e-01	4.730863e-01	5.064353e-01	4.701386e-01	4.826923e-01	5.069766e-01	4.643710e-01	5.161121e-01	4.907962e-01	0.000000e+00	1	8.413012e-02
9.629000e-01	2.649803e-01	1.589120e-01	1.004565e-01	1.709596e-01	4.617388e-01	5.117570e-01	5.540761e-01	5.038569e-01	5.700909e-01	5.409417e-01	4.948933e-01	5.088309e-01	4.978758e-01	5.044589e-01	0.000000e+00	1	8.269059e-02
9.235460e-01	1.356909e-01	4.088543e-01	2.628148e-01	9.287014e-02	4.386258e-01	5.354915e-01	4.800647e-01	4.619432e-01	4.713940e-01	5.041172e-01	4.822867e-01	5.183205e-01	4.967779e-01	6.034718e-01	0.000000e+00	1	8.260252e-02
1.897205e-01	8.389371e-01	5.187874e-01	3.455169e-01	8.584139e-01	4.936003e-01	5.047417e-01	4.674917e-01	5.094788e-01	4.895880e-01	5.084254e-01	4.983399e-01	5.074055e-01	4.979277e-01	4.451047e-01	0.000000e+00	1	8.135389e-02
1.121899e-01	9.911983e-01	1.881586e-01	1.186879e-01	9.282488e-01	4.414681e-01	5.331130e-01	5.366374e-01	5.014569e-01	4.587416e-01	5.037342e-01	4.141953e-01	5.066359e-01	4.889168e-01	5.023447e-01	0.000000e+00	1	7.996881e-02
7.533245e-01	6.554453e-01	2.002148e-01	1.259751e-01	4.558396e-01	4.892124e-01	3.976289e-01	4.387612e-01	4.630750e-01	4.550092e-01	4.851875e-01	4.971242e-01	5.174042e-01	4.975150e-01	4.875274e-01	0.000000e+00	1	7.969567e-02
7.781324e-01	5.089391e-01	3.877493e-01	2.515283e-01	3.687420e-01	4.888945e-01	4.915211e-01	4.813962e-01	5.726692e-01	4.886351e-01	4.972665e-01	5.345186e-01	4.863528e-01	4.924654e-01	5.029298e-01	0.000000e+00	1	7.847323e-02
2.698828e-01	9.048273e-01	3.532921e-01	2.279334e-01	8.154638e-01	4.895046e-01	4.643948e-01	4.336161e-01	5.056803e-01	4.765592e-01	5.363087e-01	4.953093e-01	4.982841e-01	5.209314e-01	4.988839e-01	0.000000e+00	1	7.485601e-02
6.726940e-01	3.136782e-01	6.943975e-01	4.788099e-01	2.777745e-01	4.959870e-01	4.480629e-01	4.894253e-01	5.039041e-01	4.811179e-01	4.408042e-01	5.841509e-01	5.108237e-01	4.953411e-01	4.500668e-01	0.000000e+00	1	7.391358e-02
4.901160e-01	3.223369e-01	8.165046e-01	6.033874e-01	3.703545e-01	4.453228e-01	5.135381e-01	4.868937e-01	5.066951e-01	4.881646e-01	5.372336e-01	5.083059e-01	5.186294e-01	4.959007e-01	4.941687e-01	0.000000e+00	1	7.351555e-02
9.777495e-01	2.392040e-01	5.196824e-02	3.283843e-02	1.527472e-01	5.148012e-01	5.509652e-01	5.053152e-01	4.993063e-01	5.396653e-01	4.985855e-01	4.778783e-01	5.544130e-01	5.036756e-01	4.935962e-01	0.000000e+00	1	7.328691e-02
6.600490e-01	5.807437e-01	5.261190e-01	3.433070e-01	4.593657e-01	4.443531e-01	4.225410e-01	4.368276e-01	4.372444e-01	5.829040e-01	5.223279e-01	5.036244e-01	4.954662e-01	4.885741e-01	4.987494e-01	0.000000e+00	1	7.287860e-02
5.178732e-01	2.414850e-01	8.378149e-01	6.189459e-01	2.777745e-01	4.959870e-01	4.481545e-01	4.894253e-01	5.039041e-01	4.811179e-01	4.408042e-01	5.828196e-01	5.126348e-01	4.953411e-01	5.197180e-01	0.000000e+00	1	7.240413e-02
4.337327e-01	8.699274e-01	2.610113e-01	1.670021e-01	7.055539e-01	4.493476e-01	4.715510e-01	4.880069e-01	5.106773e-01	4.899120e-01	4.723975e-01	5.360223e-01	4.979935e-01	4.762561e-01	4.886284e-01	0.000000e+00	1	7.201695e-02
7.260448e-08	5.281864e-01	8.578274e-01	6.486480e-01	9.999999e-01	4.894050e-01	5.055406e-01	4.754022e-01	5.031516e-01	4.899574e-01	5.079830e-01	4.959327e-01	5.040937e-01	5.802560e-01	5.004186e-01	0.000000e+00	1	7.142145e-02
4.221027e-01	8.466014e-01	3.437669e-01	2.218973e-01	7.055539e-01	4.493476e-01	4.715510e-01	4.883549e-01	5.106804e-01	4.899120e-01	4.706949e-01	5.368797e-01	4.979935e-01	4.790183e-01	4.886284e-01	0.000000e+00	1	7.051406e-02
3.724725e-01	3.957755e-01	8.453375e-01	6.362476e-01	5.193044e-01	4.945323e-01	5.061990e-01	4.790261e-01	5.058190e-01	4.938731e-01	5.086617e-01	5.635779e-01	4.981554e-01	5.150215e-01	4.931820e-01	0.000000e+00	1	7.011017e-02
7.106025e-01	6.182741e-01	3.676871e-01	2.369287e-01	4.558396e-01	4.938217e-01	4.395782e-01	4.387612e-01	4.630750e-01	4.599808e-01	4.851875e-01	5.150813e-01	5.115358e-01	4.975150e-01	4.875910e-01	0.000000e+00	1	7.000286e-02
1.724942e-01	8.928520e-01	4.809284e-01	3.096971e-01	8.785053e-01	4.908493e-01	4.562185e-01	4.341381e-01	4.959148e-01	4.835767e-01	4.792808e-01	3.560990e-01	4.726058e-01	5.127726e-01	4.946704e-01	0.000000e+00	1	6.908447e-02
1.441628e-01	9.906547e-01	6.482752e-08	4.122558e-08	9.080031e-01	4.848459e-01	5.044320e-01	5.054331e-01	5.050976e-01	4.897439e-01	4.944576e-01	4.827923e-01	5.002500e-01	4.838780e-01	4.903848e-01	0.000000e+00	1	6.746559e-02
8.036593e-01	5.634840e-01	2.134838e-01	1.363432e-01	3.892904e-01	4.962218e-01	4.902790e-01	4.767929e-01	5.036860e-01	4.768534e-01	4.716153e-01	5.100990e-01	5.046153e-01	4.995856e-01	4.515946e-01	0.000000e+00	1	6.695910e-02
3.603229e-01	6.729069e-01	6.584779e-01	4.531468e-01	6.870244e-01	4.866499e-01	4.715510e-01	4.943285e-01	4.679658e-01	4.899120e-01	4.325222e-01	5.292418e-01	5.002010e-01	4.772184e-01	5.026379e-01	0.000000e+00	1	6.620981e-02
