1.005188e+00	4.096877e-08	3.379353e-02	2.139453e-02	2.594692e-08	4.508229e-01	4.643948e-01	4.811839e-01	5.056803e-01	4.849299e-01	4.838106e-01	4.951454e-01	5.184684e-01	5.288025e-01	5.000947e-01	0.000000e+00	1	1.000000e+14
2.223344e-22	1.617448e-15	1.001178e+00	1.000000e+00	9.999999e-01	4.895558e-01	5.055406e-01	4.961295e-01	5.029118e-01	4.899574e-01	5.268141e-01	4.996807e-01	5.039589e-01	5.133944e-01	5.004186e-01	0.000000e+00	1	1.000000e+14
1.627710e-15	6.634109e-23	1.007530e+00	1.000000e+00	2.594692e-08	4.508229e-01	4.490384e-01	4.811839e-01	5.056803e-01	4.771591e-01	4.824797e-01	4.950638e-01	5.184684e-01	5.288025e-01	4.897720e-01	0.000000e+00	1	1.000000e+14
2.500746e-02	1.000692e+00	1.388290e-06	8.829265e-07	9.840941e-01	4.936610e-01	5.124534e-01	5.043210e-01	5.050976e-01	4.907763e-01	4.944576e-01	4.827923e-01	5.002500e-01	4.838780e-01	4.903848e-01	0.000000e+00	1	1.000000e+14
9.994610e-01	4.174636e-02	4.361285e-17	2.775558e-17	2.657544e-02	4.936092e-01	5.051424e-01	5.053152e-01	4.993063e-01	4.897749e-01	5.084946e-01	4.977098e-01	5.004801e-01	5.036451e-01	4.935962e-01	0.000000e+00	1	1.000000e+14
1.156661e-15	1.155819e-15	1.012148e+00	1.000000e+00	4.997682e-01	4.868449e-01	4.512295e-01	4.811839e-01	5.056803e-01	4.771591e-01	4.617083e-01	4.186774e-01	5.184684e-01	4.913354e-01	4.861182e-01	0.000000e+00	1	1.000000e+14
4.747659e-01	5.609454e-02	8.860750e-01	6.850177e-01	7.487078e-02	4.508229e-01	4.488733e-01	4.811839e-01	5.056830e-01	4.771591e-01	4.824797e-01	4.950638e-01	5.184684e-01	4.858805e-01	5.019351e-01	0.000000e+00	1	1.799975e-01
6.549745e-01	1.374230e-01	7.499051e-01	5.361489e-01	1.316621e-01	4.513206e-01	5.107914e-01	4.710693e-01	5.291347e-01	4.819412e-01	4.962327e-01	4.834228e-01	5.098913e-01	5.133540e-01	4.936014e-01	0.000000e+00	1	1.334290e-01
3.117161e-01	1.663712e-01	9.456310e-01	7.723527e-01	3.121114e-01	4.472594e-01	5.669688e-01	4.993236e-01	5.027634e-01	4.892927e-01	5.433167e-01	5.129289e-01	4.983406e-01	4.928271e-01	4.994132e-01	0.000000e+00	1	1.324784e-01
2.209312e-01	1.787321e-01	9.627360e-01	8.172747e-01	4.330295e-01	4.895286e-01	5.055406e-01	4.923479e-01	5.030799e-01	4.899574e-01	4.486808e-01	4.921357e-01	5.191704e-01	5.150407e-01	5.142295e-01	0.000000e+00	1	1.282175e-01
4.471443e-01	2.330774e-01	9.044362e-01	6.762142e-01	3.059013e-01	4.514501e-01	5.118476e-01	6.138926e-01	5.047499e-01	4.725051e-01	3.955324e-01	4.117986e-01	5.193487e-01	4.942106e-01	4.875369e-01	0.000000e+00	1	1.170311e-01
9.629000e-01	2.649803e-01	1.589120e-01	1.004565e-01	1.709596e-01	4.617388e-01	5.117570e-01	5.540761e-01	5.038569e-01	5.700909e-01	5.409417e-01	4.948933e-01	5.088309e-01	4.978758e-01	5.044589e-01	0.000000e+00	1	1.144706e-01
1.121899e-01	9.911983e-01	1.881586e-01	1.186879e-01	9.282488e-01	4.414681e-01	5.331130e-01	5.366374e-01	5.014569e-01	4.587416e-01	5.037342e-01	4.141953e-01	5.066359e-01	4.889168e-01	5.023447e-01	0.000000e+00	1	1.144695e-01
4.901160e-01	3.223369e-01	8.165046e-01	6.033874e-01	3.703545e-01	4.453228e-01	5.135381e-01	4.868937e-01	5.066951e-01	4.881646e-01	5.372336e-01	5.083059e-01	5.186294e-01	4.959007e-01	4.941687e-01	0.000000e+00	1	1.110108e-01
1.541353e-02	5.283294e-01	8.622933e-01	6.499248e-01	9.814325e-01	4.506637e-01	4.488733e-01	4.425391e-01	5.191169e-01	4.771591e-01	5.033063e-01	4.950638e-01	5.184684e-01	4.858805e-01	5.397751e-01	0.000000e+00	1	1.079962e-01
6.624774e-01	6.172715e-01	4.389533e-01	2.873646e-01	4.775214e-01	4.992411e-01	4.857381e-01	4.344435e-01	5.064147e-01	4.760724e-01	4.836041e-01	4.967785e-01	4.798364e-01	5.201805e-01	4.921106e-01	0.000000e+00	1	1.048415e-01
2.627292e-01	9.344671e-01	3.064256e-01	1.946625e-01	8.255162e-01	4.992411e-01	3.837516e-01	4.863321e-01	5.064147e-01	4.760528e-01	4.482253e-01	4.972180e-01	4.798364e-01	5.201805e-01	4.901188e-01	0.000000e+00	1	1.042182e-01
3.724725e-01	3.957755e-01	8.453375e-01	6.362476e-01	5.193044e-01	4.945323e-01	5.061990e-01	4.790261e-01	5.058190e-01	4.938731e-01	5.086617e-01	5.635779e-01	4.981554e-01	5.150215e-01	4.931820e-01	0.000000e+00	1	1.037110e-01
2.552958e-01	8.653508e-01	4.771534e-01	3.096971e-01	8.173654e-01	4.908468e-01	4.387814e-01	4.341381e-01	4.372444e-01	4.835767e-01	4.792631e-01	4.127676e-01	4.954662e-01	5.127726e-01	4.946704e-01	0.000000e+00	1	9.869864e-02
3.849863e-01	2.054774e-01	9.254206e-01	7.194825e-01	3.121114e-01	4.472594e-01	5.679989e-01	4.692403e-01	5.018978e-01	4.892927e-01	5.433167e-01	5.217177e-01	5.121636e-01	6.098934e-01	4.895594e-01	0.000000e+00	1	9.626517e-02
5.200971e-01	6.350172e-01	6.285915e-01	4.160575e-01	5.631283e-01	4.528688e-01	4.430682e-01	4.333576e-01	5.129926e-01	4.523514e-01	6.410135e-01	5.145942e-01	4.969735e-01	5.374931e-01	5.029146e-01	0.000000e+00	1	9.363054e-02
3.402384e-01	8.822712e-01	3.454309e-01	2.229707e-01	7.656823e-01	4.508229e-01	4.643948e-01	4.811839e-01	5.056803e-01	4.765592e-01	5.363087e-01	4.953093e-01	5.178493e-01	5.209314e-01	4.985618e-01	0.000000e+00	1	9.323849e-02
9.332972e-02	9.610805e-01	2.846085e-01	1.824749e-01	9.383716e-01	4.428603e-01	5.373529e-01	4.805081e-01	5.065053e-01	4.729022e-01	5.014496e-01	5.087853e-01	4.874611e-01	5.237953e-01	5.072393e-01	0.000000e+00	1	8.927028e-02
1.392784e-01	9.531905e-01	2.839338e-01	1.824749e-01	9.076320e-01	4.904503e-01	5.373529e-01	4.802905e-01	4.633776e-01	4.729022e-01	5.014496e-01	5.087853e-01	5.138731e-01	4.967141e-01	5.072393e-01	0.000000e+00	1	8.516537e-02
7.106025e-01	6.182741e-01	3.676871e-01	2.369287e-01	4.558396e-01	4.938217e-01	4.395782e-01	4.387612e-01	4.630750e-01	4.599808e-01	4.851875e-01	5.150813e-01	5.115358e-01	4.975150e-01	4.875910e-01	0.000000e+00	1	8.448304e-02
6.726940e-01	3.136782e-01	6.943975e-01	4.788099e-01	2.777745e-01	4.959870e-01	4.480629e-01	4.894253e-01	5.039041e-01	4.811179e-01	4.408042e-01	5.841509e-01	5.108237e-01	4.953411e-01	4.500668e-01	0.000000e+00	1	8.260600e-02
8.297220e-02	8.544220e-01	5.475756e-01	3.614740e-01	9.383716e-01	4.404465e-01	5.373937e-01	4.948398e-01	5.065932e-01	4.904825e-01	5.014496e-01	3.941371e-01	4.874611e-01	4.588898e-01	5.072393e-01	0.000000e+00	1	8.242031e-02
1.690537e-01	7.664418e-01	6.215108e-01	4.263851e-01	8.617940e-01	4.969869e-01	5.124816e-01	4.737200e-01	5.027898e-01	4.864763e-01	4.947768e-01	4.957509e-01	4.999677e-01	4.928097e-01	5.002127e-01	0.000000e+00	1	8.225180e-02
4.127327e-01	3.521769e-02	9.131724e-01	7.288894e-01	5.419028e-02	4.682202e-01	5.273697e-01	4.848166e-01	5.027271e-01	4.898471e-01	5.147905e-01	5.161901e-01	5.094802e-01	4.962572e-01	5.069019e-01	0.000000e+00	1	8.169409e-02
6.863294e-01	7.428006e-01	1.660291e-01	1.035886e-01	5.251426e-01	4.924560e-01	4.392159e-01	4.696196e-01	5.121271e-01	4.523514e-01	4.598173e-01	5.233830e-01	5.099311e-01	6.242843e-01	4.913278e-01	0.000000e+00	1	8.139726e-02
5.962185e-02	9.973243e-01	5.854909e-02	3.726428e-02	9.619870e-01	4.936610e-01	5.124534e-01	5.043210e-01	5.050976e-01	4.908202e-01	4.944576e-01	4.850179e-01	5.002187e-01	4.861606e-01	4.930728e-01	0.000000e+00	1	8.137776e-02
4.337327e-01	8.699274e-01	2.610113e-01	1.670021e-01	7.055539e-01	4.493476e-01	4.715510e-01	4.880069e-01	5.106773e-01	4.899120e-01	4.723975e-01	5.360223e-01	4.979935e-01	4.762561e-01	4.886284e-01	0.000000e+00	1	8.044919e-02
2.806057e-02	7.177070e-01	7.240120e-01	5.025410e-01	9.751224e-01	4.978390e-01	5.056314e-01	4.679328e-01	5.291347e-01	4.806613e-01	4.606015e-01	3.925660e-01	5.098913e-01	5.660704e-01	5.004227e-01	0.000000e+00	1	7.985992e-02
2.582741e-01	9.186211e-01	3.795857e-01	2.410237e-01	8.255162e-01	4.992411e-01	3.534059e-01	4.394676e-01	5.064147e-01	4.760528e-01	4.836041e-01	4.965226e-01	4.798364e-01	5.201805e-01	4.899824e-01	0.000000e+00	1	7.937616e-02
7.877667e-01	6.671789e-01	6.721969e-02	4.139479e-02	4.473564e-01	4.924560e-01	4.444233e-01	4.889234e-01	3.956566e-01	4.496913e-01	4.598173e-01	5.233830e-01	5.107965e-01	6.242843e-01	4.897927e-01	0.000000e+00	1	7.889712e-02
3.506728e-01	1.924152e-01	9.289404e-01	7.411523e-01	3.194857e-01	4.617388e-01	5.117570e-01	5.588660e-01	5.038569e-01	5.727085e-01	5.315980e-01	4.977424e-01	4.988681e-01	4.979432e-01	5.044589e-01	0.000000e+00	1	7.876249e-02
3.208371e-01	6.946940e-01	6.601146e-01	4.531468e-01	7.245627e-01	4.493476e-01	4.715510e-01	4.878738e-01	4.717441e-01	4.899120e-01	4.325222e-01	5.311577e-01	4.979935e-01	4.772184e-01	4.891172e-01	0.000000e+00	1	7.800932e-02
6.389119e-01	5.921472e-01	5.213045e-01	3.433070e-01	4.758281e-01	4.443284e-01	4.430812e-01	4.368276e-01	4.372444e-01	4.835767e-01	4.792631e-01	5.036244e-01	4.954662e-01	5.125410e-01	4.946704e-01	0.000000e+00	1	7.795819e-02
6.279190e-01	7.642740e-01	1.989636e-01	1.263686e-01	5.621540e-01	4.924560e-01	4.433932e-01	4.995431e-01	5.129926e-01	4.523514e-01	4.598173e-01	5.145942e-01	4.969735e-01	5.374931e-01	5.029146e-01	0.000000e+00	1	7.775460e-02
9.404058e-01	2.967190e-01	2.200682e-01	1.397832e-01	1.945739e-01	4.885251e-01	4.954272e-01	4.970828e-01	5.014569e-01	4.592338e-01	4.982191e-01	4.231573e-01	5.075661e-01	4.893844e-01	4.503927e-01	0.000000e+00	1	7.772453e-02
7.300957e-01	6.745826e-01	2.010766e-01	1.270632e-01	4.748537e-01	5.506966e-01	4.434061e-01	5.030131e-01	4.372444e-01	4.835767e-01	4.370970e-01	5.036244e-01	4.954662e-01	5.125410e-01	4.946704e-01	0.000000e+00	1	7.544098e-02
1.905106e-01	8.787895e-01	4.742848e-01	3.089936e-01	8.640918e-01	4.908468e-01	4.387814e-01	4.312089e-01	4.372444e-01	4.835767e-01	4.792631e-01	4.423967e-01	4.957542e-01	4.928393e-01	4.946704e-01	0.000000e+00	1	7.513447e-02
9.701775e-01	2.549491e-01	2.177033e-01	1.360537e-01	1.635959e-01	4.472594e-01	5.669688e-01	4.945338e-01	6.299820e-01	4.866750e-01	5.433167e-01	5.100798e-01	5.083034e-01	4.927598e-01	4.994132e-01	0.000000e+00	1	7.475859e-02
5.839992e-01	3.720354e-01	7.307779e-01	5.171474e-01	3.611010e-01	4.472594e-01	5.015219e-01	5.010019e-01	4.765715e-01	4.905395e-01	5.403614e-01	5.127045e-01	4.997497e-01	4.617253e-01	4.929668e-01	0.000000e+00	1	7.280937e-02
8.334253e-01	5.567949e-01	4.369892e-17	2.775558e-17	3.749566e-01	4.936092e-01	5.440265e-01	5.043613e-01	5.067525e-01	4.882981e-01	5.084946e-01	4.977252e-01	5.004801e-01	5.037554e-01	4.941596e-01	0.000000e+00	1	7.273873e-02
5.056525e-01	4.399533e-01	7.510483e-01	5.361489e-01	4.558396e-01	4.513206e-01	5.099312e-01	4.706224e-01	5.291347e-01	4.806613e-01	4.606015e-01	4.834228e-01	5.098913e-01	5.125391e-01	5.004227e-01	0.000000e+00	1	7.203117e-02
4.316185e-01	4.586219e-01	7.821216e-01	5.684231e-01	5.193044e-01	4.945305e-01	4.935141e-01	4.905699e-01	5.170305e-01	4.721343e-01	5.057188e-01	5.506474e-01	5.075638e-01	5.154353e-01	4.935217e-01	0.000000e+00	1	7.202091e-02
6.468825e-01	7.873556e-01	1.041294e-01	6.482896e-02	5.621540e-01	4.924560e-01	4.444233e-01	4.694597e-01	5.121271e-01	4.523514e-01	4.598173e-01	5.233830e-01	5.107965e-01	6.242843e-01	4.900882e-01	0.000000e+00	1	7.194382e-02
4.979133e-03	8.299864e-01	5.691828e-01	3.826758e-01	9.961809e-01	4.926302e-01	5.505645e-01	4.976289e-01	5.094788e-01	4.868871e-01	4.985163e-01	4.785084e-01	5.074055e-01	4.979581e-01	4.451047e-01	0.000000e+00	1	7.045278e-02
9.073216e-01	4.328326e-01	4.292950e-02	2.716987e-02	2.833690e-01	4.904639e-01	5.216437e-01	4.730863e-01	5.064353e-01	4.698582e-01	5.483272e-01	5.069766e-01	4.643710e-01	5.161121e-01	4.933921e-01	0.000000e+00	1	7.031369e-02
7.781324e-01	5.089391e-01	3.877493e-01	2.515283e-01	3.687420e-01	4.888945e-01	4.915211e-01	4.813962e-01	5.726692e-01	4.886351e-01	4.972665e-01	5.345186e-01	4.863528e-01	4.924654e-01	5.029298e-01	0.000000e+00	1	7.027486e-02
5.904938e-01	2.900644e-01	7.751755e-01	5.519862e-01	2.906817e-01	4.904058e-01	5.118517e-01	4.962595e-01	4.767234e-01	4.751329e-01	3.872122e-01	5.283401e-01	4.736088e-01	4.676236e-01	4.934253e-01	0.000000e+00	1	6.935741e-02
7.467943e-01	4.504575e-01	5.219111e-01	3.433070e-01	3.455321e-01	4.443284e-01	4.372729e-01	4.305150e-01	4.372444e-01	4.938795e-01	4.792631e-01	5.039675e-01	4.954662e-01	4.940147e-01	4.946704e-01	0.000000e+00	1	6.899075e-02
8.706477e-01	4.153375e-01	2.825842e-01	1.814171e-01	2.833690e-01	4.669555e-01	5.216437e-01	4.730863e-01	5.064353e-01	4.701386e-01	4.826923e-01	5.069766e-01	4.643710e-01	5.161121e-01	4.907962e-01	0.000000e+00	1	6.746846e-02
8.823476e-01	4.994083e-01	7.878447e-02	4.937007e-02	3.278871e-01	4.904058e-01	5.118517e-01	4.722608e-01	4.767234e-01	4.932219e-01	3.872122e-01	5.283401e-01	4.736088e-01	4.676236e-01	4.913764e-01	0.000000e+00	1	6.724784e-02
8.036593e-01	5.634840e-01	2.134838e-01	1.363432e-01	3.892904e-01	4.962218e-01	4.902790e-01	4.767929e-01	5.036860e-01	4.768534e-01	4.716153e-01	5.100990e-01	5.046153e-01	4.995856e-01	4.515946e-01	0.000000e+00	1	6.717281e-02
