1.006865e+00	2.000870e-04	4.389766e-17	2.775558e-17	1.265109e-04	4.538147e-01	5.051424e-01	5.046264e-01	5.651293e-01	4.881249e-01	4.844423e-01	4.977098e-01	5.004801e-01	5.035607e-01	4.935962e-01	0.000000e+00	1	1.000000e+14
1.627426e-15	6.632951e-23	1.007354e+00	1.000000e+00	2.594692e-08	4.518603e-01	4.490384e-01	4.811839e-01	5.056803e-01	4.760825e-01	4.824797e-01	4.950238e-01	5.162195e-01	5.286827e-01	4.920078e-01	0.000000e+00	1	1.000000e+14
3.753429e-03	1.005008e+00	1.015622e-02	6.433167e-03	9.976224e-01	5.192032e-01	4.665695e-01	4.921591e-01	5.066071e-01	4.886403e-01	4.825281e-01	4.969475e-01	4.985511e-01	4.958345e-01	4.451192e-01	0.000000e+00	1	1.000000e+14
9.994610e-01	4.174636e-02	4.361285e-17	2.775558e-17	2.657544e-02	4.936092e-01	5.051424e-01	5.053152e-01	4.993063e-01	4.897749e-01	5.084946e-01	4.977098e-01	5.004801e-01	5.036451e-01	4.935962e-01	0.000000e+00	1	1.000000e+14
1.156661e-15	1.155819e-15	1.012148e+00	1.000000e+00	4.997682e-01	4.868449e-01	4.512295e-01	4.811839e-01	5.056803e-01	4.771591e-01	4.617083e-01	4.186774e-01	5.184684e-01	4.913354e-01	4.861182e-01	0.000000e+00	1	1.000000e+14
2.223344e-22	1.617448e-15	1.001178e+00	1.000000e+00	9.999999e-01	4.895558e-01	5.055406e-01	4.961295e-01	5.029118e-01	4.899574e-01	5.268141e-01	4.996807e-01	5.039589e-01	5.133944e-01	5.004186e-01	0.000000e+00	1	1.000000e+14
1.291026e-01	6.977075e-01	7.210357e-01	5.051105e-01	8.835185e-01	4.896546e-01	5.047417e-01	4.674917e-01	5.059907e-01	4.898949e-01	5.296074e-01	4.980541e-01	5.964624e-01	5.100374e-01	5.001260e-01	0.000000e+00	1	1.343728e-01
6.011164e-01	5.635992e-01	5.736662e-01	3.871704e-01	4.795006e-01	5.168458e-01	4.521849e-01	4.834365e-01	4.906266e-01	4.762104e-01	5.161243e-01	5.005849e-01	4.983094e-01	5.117659e-01	4.885570e-01	0.000000e+00	1	1.203613e-01
5.295659e-01	5.291804e-01	6.898961e-01	4.740146e-01	4.997682e-01	4.866636e-01	4.509019e-01	4.811839e-01	5.056803e-01	4.913445e-01	4.679169e-01	4.261524e-01	5.861719e-01	4.916220e-01	4.680141e-01	0.000000e+00	1	1.129975e-01
9.782339e-02	6.613182e-01	7.510678e-01	5.369800e-01	9.065080e-01	5.140928e-01	5.534713e-01	4.699566e-01	5.056803e-01	4.776231e-01	5.276125e-01	5.055433e-01	4.970350e-01	4.913354e-01	4.889769e-01	0.000000e+00	1	1.113840e-01
5.087410e-01	4.097955e-01	7.897347e-01	5.600309e-01	4.316862e-01	4.697326e-01	5.163022e-01	4.954328e-01	5.055505e-01	4.172657e-01	3.705716e-01	5.059866e-01	4.994585e-01	4.953596e-01	4.958365e-01	0.000000e+00	1	1.044405e-01
2.422180e-01	9.125394e-01	3.382545e-01	2.190108e-01	8.348289e-01	4.921235e-01	4.715510e-01	4.883549e-01	5.106804e-01	4.899120e-01	4.668660e-01	5.030899e-01	4.983094e-01	4.790183e-01	4.886284e-01	0.000000e+00	1	1.043901e-01
8.471976e-01	4.739385e-01	2.588807e-01	1.659127e-01	3.247053e-01	5.064871e-01	4.462643e-01	4.892334e-01	4.966518e-01	4.872584e-01	5.335233e-01	5.117015e-01	5.126348e-01	4.944828e-01	4.969122e-01	0.000000e+00	1	1.000071e-01
3.657822e-01	4.269935e-02	9.430176e-01	7.629825e-01	7.398057e-02	4.895286e-01	4.864442e-01	4.426899e-01	5.030799e-01	4.989209e-01	5.188054e-01	5.761398e-01	5.192140e-01	5.044374e-01	4.526057e-01	0.000000e+00	1	9.904424e-02
3.309117e-01	2.702003e-01	9.059609e-01	7.194825e-01	4.359196e-01	5.160644e-01	5.260789e-01	4.818454e-01	5.005838e-01	4.909504e-01	4.887523e-01	4.958342e-01	5.067417e-01	4.971895e-01	5.094563e-01	0.000000e+00	1	9.757281e-02
6.758494e-01	7.471998e-01	1.490389e-01	9.349568e-02	5.318928e-01	4.901750e-01	4.444233e-01	5.347914e-01	5.121271e-01	5.060271e-01	5.423839e-01	3.909383e-01	5.088039e-01	5.054652e-01	4.900882e-01	0.000000e+00	1	9.673698e-02
4.896768e-01	3.220481e-01	8.157729e-01	6.033874e-01	3.703545e-01	4.453228e-01	5.135381e-01	4.868937e-01	5.066951e-01	4.881146e-01	5.288175e-01	5.083059e-01	5.009162e-01	4.959007e-01	4.941687e-01	0.000000e+00	1	9.638663e-02
5.742818e-01	7.011744e-01	4.807847e-01	3.104960e-01	5.631283e-01	4.708723e-01	4.444390e-01	4.864449e-01	5.127138e-01	3.816738e-01	5.813127e-01	5.123262e-01	4.968462e-01	5.299960e-01	5.026877e-01	0.000000e+00	1	9.603024e-02
7.673115e-01	6.475501e-01	1.473264e-01	9.275199e-02	4.462412e-01	4.897025e-01	4.925000e-01	5.540761e-01	5.038569e-01	5.042029e-01	5.443293e-01	5.737510e-01	5.219191e-01	5.613476e-01	5.044589e-01	0.000000e+00	1	9.486002e-02
4.633904e-01	3.327176e-01	8.437398e-01	6.215193e-01	3.964291e-01	4.697326e-01	4.663020e-01	4.831546e-01	5.066106e-01	4.882945e-01	3.738977e-01	5.059866e-01	4.992011e-01	4.953596e-01	4.958365e-01	0.000000e+00	1	9.443613e-02
7.143202e-01	5.984145e-01	3.665149e-01	2.385621e-01	4.439361e-01	4.921011e-01	4.992370e-01	4.747843e-01	5.017916e-01	4.873153e-01	4.812988e-01	5.075567e-01	5.074150e-01	4.958095e-01	5.001792e-01	0.000000e+00	1	9.390731e-02
1.065387e-01	7.838759e-01	6.224963e-01	4.244323e-01	9.140022e-01	5.140928e-01	5.534713e-01	4.699566e-01	5.056803e-01	4.776231e-01	5.276125e-01	5.055433e-01	4.970350e-01	5.348987e-01	4.889769e-01	0.000000e+00	1	9.224619e-02
8.922444e-01	4.256503e-01	1.977764e-01	1.257040e-01	2.833749e-01	4.597809e-01	5.055068e-01	4.781614e-01	5.067394e-01	4.476586e-01	5.547625e-01	4.947079e-01	5.026059e-01	5.148096e-01	4.991935e-01	0.000000e+00	1	9.006136e-02
6.430044e-01	5.139032e-01	6.427848e-01	4.220691e-01	4.292513e-01	5.036887e-01	5.836326e-01	5.828915e-01	5.066951e-01	5.064727e-01	3.709545e-01	4.525737e-01	6.037977e-01	4.936695e-01	5.263681e-01	0.000000e+00	1	8.920124e-02
2.781211e-01	8.908436e-01	3.975267e-01	2.563562e-01	8.073517e-01	4.928316e-01	5.241772e-01	5.518583e-01	5.056803e-01	4.337270e-01	5.150315e-01	4.249803e-01	5.184684e-01	4.791036e-01	5.024198e-01	0.000000e+00	1	8.896484e-02
2.414825e-01	9.760417e-01	7.785547e-02	4.919649e-02	8.455945e-01	5.048226e-01	5.246772e-01	4.335666e-01	5.533412e-01	5.052765e-01	4.834933e-01	4.947079e-01	4.985746e-01	4.965355e-01	4.842796e-01	0.000000e+00	1	8.851463e-02
7.791606e-01	3.717031e-01	5.143546e-01	3.420784e-01	2.833749e-01	5.183935e-01	5.237485e-01	4.881841e-01	5.522638e-01	5.052765e-01	4.848081e-01	4.947079e-01	5.020652e-01	4.965355e-01	5.286224e-01	0.000000e+00	1	8.784404e-02
3.808338e-01	8.301870e-01	4.158727e-01	2.720063e-01	7.261948e-01	5.168501e-01	4.772511e-01	5.019739e-01	4.679658e-01	4.896988e-01	4.904873e-01	5.292418e-01	5.006312e-01	4.735653e-01	5.029297e-01	0.000000e+00	1	8.720981e-02
6.900278e-01	7.606458e-01	1.332916e-02	8.262089e-03	5.309658e-01	4.892270e-01	3.457347e-01	4.909966e-01	4.997070e-01	4.866744e-01	5.484988e-01	4.947079e-01	4.975861e-01	5.201588e-01	4.891631e-01	0.000000e+00	1	8.690552e-02
6.145955e-01	5.762370e-01	5.472682e-01	3.667483e-01	4.795006e-01	4.863404e-01	4.521849e-01	4.843397e-01	4.937361e-01	4.762391e-01	4.668660e-01	5.005849e-01	4.983094e-01	4.912501e-01	4.886284e-01	0.000000e+00	1	8.583068e-02
8.723163e-01	4.879903e-01	2.481819e-01	1.549377e-01	3.247053e-01	5.033489e-01	3.889591e-01	4.892334e-01	4.974648e-01	4.872584e-01	3.694141e-01	5.008843e-01	5.126348e-01	4.938326e-01	4.970814e-01	0.000000e+00	1	8.352339e-02
5.525354e-01	5.521332e-01	6.340329e-01	4.340688e-01	4.997682e-01	4.866636e-01	4.508360e-01	4.811839e-01	5.056803e-01	4.913445e-01	4.679169e-01	4.952804e-01	5.183204e-01	5.242315e-01	4.680141e-01	0.000000e+00	1	7.964711e-02
5.460560e-01	3.512462e-01	7.728599e-01	5.551868e-01	3.638981e-01	4.374923e-01	5.081423e-01	5.122165e-01	4.985181e-01	4.522931e-01	5.503740e-01	4.828980e-01	5.108374e-01	4.978210e-01	4.941211e-01	0.000000e+00	1	7.947644e-02
1.837723e-01	1.479794e-01	9.750190e-01	8.488498e-01	4.315793e-01	4.904782e-01	4.871395e-01	5.385054e-01	5.030799e-01	4.879438e-01	4.918649e-01	4.943144e-01	5.192140e-01	4.740539e-01	4.887471e-01	0.000000e+00	1	7.805594e-02
1.657564e-01	1.679104e-01	9.750098e-01	8.488498e-01	5.041097e-01	4.904782e-01	4.871395e-01	5.385054e-01	4.998778e-01	4.879438e-01	4.918649e-01	4.943144e-01	5.192140e-01	4.740539e-01	4.887471e-01	0.000000e+00	1	7.776230e-02
7.324931e-01	2.278414e-01	6.564925e-01	4.506322e-01	1.919807e-01	5.044963e-01	4.957851e-01	5.038487e-01	4.662813e-01	4.853207e-01	4.982191e-01	5.443425e-01	5.187936e-01	4.396229e-01	4.520409e-01	0.000000e+00	1	7.758722e-02
8.139639e-01	1.936179e-01	5.625246e-01	3.768251e-01	1.486701e-01	5.140924e-01	5.062909e-01	4.944913e-01	5.056803e-01	4.887457e-01	4.482221e-01	4.602760e-01	4.966059e-01	4.913354e-01	4.414939e-01	0.000000e+00	1	7.724956e-02
1.606867e-01	7.210097e-01	6.769560e-01	4.722521e-01	8.604021e-01	4.936003e-01	5.179943e-01	4.841938e-01	5.059907e-01	4.754008e-01	5.084254e-01	4.953861e-01	5.143049e-01	4.918136e-01	5.187326e-01	0.000000e+00	1	7.613526e-02
8.600629e-01	1.250089e-01	5.033653e-01	3.342061e-01	9.188827e-02	4.919857e-01	4.481570e-01	4.958045e-01	5.039041e-01	4.795611e-01	5.024961e-01	5.061527e-01	5.127850e-01	4.922768e-01	4.703874e-01	0.000000e+00	1	7.443359e-02
2.144056e-01	3.734619e-01	9.132109e-01	7.194825e-01	6.682192e-01	5.475341e-01	4.396106e-01	5.101434e-01	5.005838e-01	4.909504e-01	5.421128e-01	5.353649e-01	5.054221e-01	4.776718e-01	5.029434e-01	0.000000e+00	1	7.339330e-02
9.754094e-01	2.372068e-01	9.344045e-02	5.908834e-02	1.518695e-01	4.901817e-01	4.839307e-01	4.997245e-01	5.116600e-01	5.768122e-01	4.598173e-01	5.009033e-01	5.018429e-01	4.930711e-01	4.890576e-01	0.000000e+00	1	7.337947e-02
8.858906e-01	3.869346e-01	2.836199e-01	1.816784e-01	2.621610e-01	4.549165e-01	4.576718e-01	4.781614e-01	5.067394e-01	4.476586e-01	5.100894e-01	4.937926e-01	5.026059e-01	5.148096e-01	5.000888e-01	0.000000e+00	1	7.302516e-02
5.144329e-01	2.398808e-01	8.322492e-01	6.189459e-01	2.777745e-01	5.064871e-01	4.481545e-01	4.894253e-01	5.040086e-01	4.868213e-01	4.408042e-01	5.130635e-01	5.126348e-01	4.953411e-01	4.777210e-01	0.000000e+00	1	7.116700e-02
3.138435e-01	7.770444e-01	5.589282e-01	3.744608e-01	7.556279e-01	4.949434e-01	4.521355e-01	5.027943e-01	4.679658e-01	4.899144e-01	5.313402e-01	5.292418e-01	4.983051e-01	4.567284e-01	4.874887e-01	0.000000e+00	1	7.033818e-02
8.324559e-01	4.245774e-01	3.943693e-01	2.542308e-01	3.002549e-01	4.492700e-01	5.241772e-01	4.949801e-01	5.066484e-01	4.862268e-01	5.209842e-01	4.144133e-01	5.129897e-01	4.458822e-01	5.024198e-01	0.000000e+00	1	7.030264e-02
9.731509e-01	1.133738e-01	2.074803e-01	1.328556e-01	7.383449e-02	4.936092e-01	5.038639e-01	5.111617e-01	5.249979e-01	5.204705e-01	5.084946e-01	4.977098e-01	5.004801e-01	5.036451e-01	4.879219e-01	0.000000e+00	1	6.992523e-02
9.542622e-01	1.378995e-01	2.892779e-01	1.855626e-01	9.136483e-02	4.518603e-01	4.490384e-01	4.811839e-01	5.056803e-01	4.760825e-01	4.824797e-01	4.950246e-01	5.162195e-01	4.898205e-01	4.920078e-01	0.000000e+00	1	6.950634e-02
7.487831e-01	4.246924e-01	5.279609e-01	3.502363e-01	3.284545e-01	4.430210e-01	4.495621e-01	5.066079e-01	4.436080e-01	4.890534e-01	5.084392e-01	4.924280e-01	5.220409e-01	4.944680e-01	4.920156e-01	0.000000e+00	1	6.816710e-02
4.494887e-01	7.953117e-01	4.581996e-01	2.959629e-01	6.725116e-01	5.018514e-01	4.444390e-01	4.864449e-01	5.127138e-01	4.750734e-01	5.630006e-01	3.887915e-01	4.986809e-01	5.401126e-01	5.026877e-01	0.000000e+00	1	6.718603e-02
4.302913e-01	8.569531e-01	3.102908e-01	1.992312e-01	7.037552e-01	5.168501e-01	5.082756e-01	5.023950e-01	4.356207e-01	4.897228e-01	5.521420e-01	4.927083e-01	5.006312e-01	4.941125e-01	4.787075e-01	0.000000e+00	1	6.539257e-02
6.322800e-01	6.318197e-01	4.745775e-01	3.107263e-01	4.997682e-01	4.868449e-01	4.517779e-01	4.893719e-01	5.063612e-01	4.828040e-01	4.617083e-01	4.186774e-01	5.270490e-01	4.913354e-01	4.861182e-01	0.000000e+00	1	6.536274e-02
9.105973e-01	2.340291e-02	4.540596e-01	2.943900e-01	1.635792e-02	4.896614e-01	4.464073e-01	5.452516e-01	5.064017e-01	4.883147e-01	6.081027e-01	4.776076e-01	5.052416e-01	4.923310e-01	5.177794e-01	0.000000e+00	1	6.450420e-02
4.230150e-01	9.806878e-02	9.118301e-01	7.170573e-01	1.450274e-01	5.140928e-01	5.008865e-01	4.705790e-01	5.013915e-01	4.786293e-01	5.422557e-01	4.213091e-01	4.970350e-01	4.916100e-01	5.191454e-01	0.000000e+00	1	6.382393e-02
2.532757e-02	5.880049e-01	8.192008e-01	6.033874e-01	9.725953e-01	4.805837e-01	5.135381e-01	4.879457e-01	5.527241e-01	4.356147e-01	5.288175e-01	4.862256e-01	5.009162e-01	4.959007e-01	4.941687e-01	0.000000e+00	1	6.358055e-02
2.966075e-01	9.565095e-01	8.351740e-02	5.296968e-02	8.085741e-01	5.050584e-01	4.839307e-01	4.664034e-01	5.116600e-01	5.280146e-01	4.598173e-01	5.219950e-01	5.185808e-01	5.074377e-01	4.907059e-01	0.000000e+00	1	6.347822e-02
5.123751e-02	1.001017e+00	2.201614e-01	1.376478e-01	9.674427e-01	4.897025e-01	4.925000e-01	5.540761e-01	5.038569e-01	4.907967e-01	4.566165e-01	5.774101e-01	3.933344e-01	5.613476e-01	5.044589e-01	0.000000e+00	1	6.335888e-02
