1.004632e+00	2.112831e-03	4.380041e-17	2.775558e-17	1.338866e-03	5.201262e-01	4.458954e-01	5.066079e-01	4.771481e-01	4.890534e-01	4.806014e-01	4.949647e-01	5.004801e-01	4.940122e-01	4.866345e-01	0.000000e+00	1	1.000000e+14
3.810292e-03	1.020234e+00	1.031358e-02	6.435350e-03	9.976224e-01	4.926302e-01	4.766632e-01	4.976180e-01	5.004899e-01	4.868871e-01	4.507679e-01	4.969475e-01	5.004782e-01	6.186206e-01	4.451192e-01	0.000000e+00	1	1.000000e+14
1.627426e-15	6.632951e-23	1.007354e+00	1.000000e+00	2.594692e-08	4.518603e-01	4.490384e-01	4.811839e-01	5.056803e-01	4.760825e-01	4.824797e-01	4.950238e-01	5.162195e-01	5.286827e-01	4.920078e-01	0.000000e+00	1	1.000000e+14
2.223344e-22	1.617448e-15	1.001178e+00	1.000000e+00	9.999999e-01	4.895558e-01	5.055406e-01	4.961295e-01	5.029118e-01	4.899574e-01	5.268141e-01	4.996807e-01	5.039589e-01	5.133944e-01	5.004186e-01	0.000000e+00	1	1.000000e+14
1.156661e-15	1.155819e-15	1.012148e+00	1.000000e+00	4.997682e-01	4.868449e-01	4.512295e-01	4.811839e-01	5.056803e-01	4.771591e-01	4.617083e-01	4.186774e-01	5.184684e-01	4.913354e-01	4.861182e-01	0.000000e+00	1	1.000000e+14
9.994610e-01	4.174636e-02	4.361285e-17	2.775558e-17	2.657544e-02	4.936092e-01	5.051424e-01	5.053152e-01	4.993063e-01	4.897749e-01	5.084946e-01	4.977098e-01	5.004801e-01	5.036451e-01	4.935962e-01	0.000000e+00	1	1.000000e+14
9.111101e-01	1.324285e-01	4.551065e-01	2.922645e-01	9.188827e-02	4.906803e-01	4.481545e-01	4.894253e-01	5.039041e-01	4.803832e-01	6.161584e-01	5.985262e-01	5.127850e-01	4.923310e-01	5.177794e-01	0.000000e+00	1	1.496064e-01
2.422180e-01	9.125394e-01	3.382545e-01	2.190108e-01	8.348289e-01	4.921235e-01	4.715510e-01	4.883549e-01	5.106804e-01	4.899120e-01	4.668660e-01	5.030899e-01	4.983094e-01	4.790183e-01	4.886284e-01	0.000000e+00	1	1.292274e-01
9.831921e-01	1.063370e-01	1.775766e-01	1.131093e-01	6.858690e-02	5.178941e-01	5.167439e-01	4.689385e-01	5.458061e-01	4.986970e-01	4.904873e-01	5.299601e-01	5.006312e-01	4.929614e-01	4.937275e-01	0.000000e+00	1	1.248568e-01
8.907181e-02	7.205858e-02	9.972984e-01	9.271843e-01	4.330295e-01	4.947971e-01	4.513818e-01	5.227801e-01	5.030481e-01	4.989209e-01	4.834724e-01	4.905910e-01	5.193414e-01	4.957965e-01	4.864322e-01	0.000000e+00	1	1.213667e-01
2.781211e-01	8.908436e-01	3.975267e-01	2.563562e-01	8.073517e-01	4.928316e-01	5.241772e-01	5.518583e-01	5.056803e-01	4.337270e-01	5.150315e-01	4.249803e-01	5.184684e-01	4.791036e-01	5.024198e-01	0.000000e+00	1	1.171293e-01
1.592590e-01	8.439067e-01	5.267134e-01	3.502363e-01	8.812560e-01	5.201262e-01	4.458954e-01	5.066079e-01	4.440416e-01	4.890534e-01	5.084392e-01	4.924280e-01	5.221737e-01	4.944680e-01	4.866345e-01	0.000000e+00	1	1.162553e-01
8.641607e-01	4.122529e-01	3.141105e-01	2.018107e-01	2.833749e-01	4.621712e-01	5.055068e-01	4.781614e-01	5.062637e-01	4.866970e-01	5.547625e-01	4.947079e-01	5.026059e-01	5.193844e-01	4.541472e-01	0.000000e+00	1	1.132951e-01
7.673115e-01	6.475501e-01	1.473264e-01	9.275199e-02	4.462412e-01	4.897025e-01	4.925000e-01	5.540761e-01	5.038569e-01	5.042029e-01	5.443293e-01	5.737510e-01	5.219191e-01	5.613476e-01	5.044589e-01	0.000000e+00	1	1.127410e-01
8.474526e-01	4.740811e-01	2.589586e-01	1.659127e-01	3.247053e-01	5.064871e-01	4.462643e-01	4.892334e-01	4.966518e-01	4.872584e-01	5.377642e-01	5.117015e-01	5.126348e-01	4.944828e-01	4.969122e-01	0.000000e+00	1	1.074341e-01
5.460560e-01	3.512462e-01	7.728599e-01	5.551868e-01	3.638981e-01	4.374923e-01	5.081423e-01	5.122165e-01	4.985181e-01	4.522931e-01	5.503740e-01	4.828980e-01	5.108374e-01	4.978210e-01	4.941211e-01	0.000000e+00	1	1.062515e-01
9.558428e-01	6.536593e-02	3.595377e-01	2.285517e-01	4.346797e-02	3.866187e-01	5.051827e-01	5.053152e-01	5.059465e-01	4.916601e-01	5.143751e-01	4.976538e-01	4.990682e-01	5.036451e-01	3.996290e-01	0.000000e+00	1	1.026731e-01
1.858095e-01	2.268657e-01	9.902805e-01	8.167189e-01	5.631283e-01	4.737253e-01	4.445729e-01	4.864449e-01	5.127138e-01	4.591413e-01	6.360656e-01	5.123262e-01	4.293299e-01	5.290177e-01	5.500740e-01	0.000000e+00	1	1.015993e-01
5.839992e-01	3.720354e-01	7.307779e-01	5.171474e-01	3.611010e-01	4.472594e-01	5.015219e-01	5.010019e-01	4.765715e-01	4.905395e-01	5.403614e-01	5.127045e-01	4.997497e-01	4.617253e-01	4.929668e-01	0.000000e+00	1	1.011259e-01
9.794489e-01	1.423615e-01	2.387044e-01	1.506619e-01	9.188827e-02	4.908128e-01	4.481545e-01	4.679962e-01	5.039041e-01	4.803832e-01	6.166466e-01	4.946733e-01	5.072580e-01	4.959563e-01	5.147901e-01	0.000000e+00	1	1.009841e-01
1.306252e-01	7.335095e-01	6.827766e-01	4.722521e-01	8.878053e-01	4.936003e-01	5.047417e-01	4.841938e-01	5.059907e-01	4.758093e-01	5.084254e-01	4.980197e-01	5.964624e-01	4.918136e-01	4.857090e-01	0.000000e+00	1	9.980210e-02
5.742818e-01	7.011744e-01	4.807847e-01	3.104960e-01	5.631283e-01	4.708723e-01	4.444390e-01	4.864449e-01	5.127138e-01	3.816738e-01	5.813127e-01	5.123262e-01	4.968462e-01	5.299960e-01	5.026877e-01	0.000000e+00	1	9.627176e-02
1.447023e-01	7.820132e-01	6.252132e-01	4.241393e-01	8.835185e-01	4.936003e-01	5.047417e-01	4.674917e-01	5.059907e-01	4.895880e-01	5.084254e-01	4.980541e-01	5.964624e-01	4.966687e-01	4.689428e-01	0.000000e+00	1	9.546340e-02
8.201376e-01	4.783091e-01	3.288432e-01	2.122676e-01	3.361221e-01	5.064871e-01	4.462643e-01	4.892334e-01	4.966518e-01	4.872584e-01	5.377642e-01	5.017418e-01	5.030771e-01	4.944828e-01	4.915109e-01	0.000000e+00	1	9.521757e-02
6.430044e-01	5.139032e-01	6.427848e-01	4.220691e-01	4.292513e-01	5.036887e-01	5.836326e-01	5.828915e-01	5.066951e-01	5.064727e-01	3.709545e-01	4.525737e-01	6.037977e-01	4.936695e-01	5.263681e-01	0.000000e+00	1	9.218565e-02
3.657822e-01	4.269935e-02	9.430176e-01	7.629825e-01	7.398057e-02	4.895286e-01	4.864442e-01	4.426899e-01	5.030799e-01	4.989209e-01	5.188054e-01	5.761398e-01	5.192140e-01	5.044374e-01	4.526057e-01	0.000000e+00	1	9.135729e-02
3.394569e-01	2.635778e-01	9.113887e-01	7.194825e-01	4.203137e-01	4.422752e-01	5.443349e-01	4.818454e-01	5.005838e-01	4.909504e-01	5.421128e-01	4.958136e-01	5.063017e-01	4.971895e-01	5.094563e-01	0.000000e+00	1	9.044112e-02
8.149718e-01	1.889372e-01	5.624648e-01	3.768251e-01	1.450274e-01	5.140928e-01	5.041373e-01	4.699566e-01	5.056803e-01	4.776231e-01	5.150315e-01	4.224752e-01	4.970350e-01	4.913354e-01	4.891594e-01	0.000000e+00	1	9.008830e-02
3.286946e-01	2.749847e-01	9.088009e-01	7.194825e-01	4.435081e-01	5.395483e-01	5.326115e-01	5.100134e-01	5.005838e-01	4.909504e-01	5.421128e-01	4.917395e-01	5.052307e-01	4.971895e-01	5.094563e-01	0.000000e+00	1	8.984905e-02
2.153498e-01	1.742167e-01	9.639484e-01	8.218631e-01	4.330295e-01	4.895286e-01	4.867973e-01	5.385054e-01	5.030799e-01	4.989209e-01	4.834724e-01	4.924980e-01	5.192140e-01	5.150407e-01	5.159768e-01	0.000000e+00	1	8.707997e-02
4.633904e-01	3.327176e-01	8.437398e-01	6.215193e-01	3.964291e-01	4.697326e-01	4.663020e-01	4.831546e-01	5.066106e-01	4.882945e-01	3.738977e-01	5.059866e-01	4.992011e-01	4.953596e-01	4.958365e-01	0.000000e+00	1	8.583877e-02
6.145955e-01	5.762370e-01	5.472682e-01	3.667483e-01	4.795006e-01	4.863404e-01	4.521849e-01	4.843397e-01	4.937361e-01	4.762391e-01	4.668660e-01	5.005849e-01	4.983094e-01	4.912501e-01	4.886284e-01	0.000000e+00	1	8.529213e-02
4.411855e-01	8.088614e-01	4.195099e-01	2.720063e-01	6.821131e-01	5.168501e-01	4.715510e-01	5.027943e-01	5.984485e-01	4.899141e-01	4.904873e-01	5.292418e-01	5.006312e-01	4.772184e-01	5.029297e-01	0.000000e+00	1	8.250058e-02
2.966075e-01	9.565095e-01	8.351740e-02	5.296968e-02	8.085741e-01	5.050584e-01	4.839307e-01	4.664034e-01	5.116600e-01	5.280146e-01	4.598173e-01	5.219950e-01	5.185808e-01	5.074377e-01	4.907059e-01	0.000000e+00	1	8.245495e-02
6.525727e-01	2.935026e-01	7.137727e-01	4.992137e-01	2.690713e-01	4.866636e-01	4.992831e-01	4.815222e-01	4.812580e-01	4.865188e-01	4.679169e-01	5.117323e-01	5.861719e-01	4.916220e-01	4.690056e-01	0.000000e+00	1	8.233963e-02
8.922444e-01	4.256503e-01	1.977764e-01	1.257040e-01	2.833749e-01	4.597809e-01	5.055068e-01	4.781614e-01	5.067394e-01	4.476586e-01	5.547625e-01	4.947079e-01	5.026059e-01	5.148096e-01	4.991935e-01	0.000000e+00	1	7.963273e-02
4.349923e-01	3.123276e-01	8.713714e-01	6.491885e-01	3.964291e-01	5.048536e-01	5.626835e-01	4.836240e-01	5.066951e-01	4.881561e-01	3.738977e-01	4.541358e-01	5.174826e-01	4.958433e-01	4.941687e-01	0.000000e+00	1	7.958240e-02
4.911811e-01	4.207427e-01	7.713781e-01	5.558050e-01	4.509240e-01	4.870484e-01	5.048111e-01	5.505140e-01	5.056803e-01	4.773742e-01	5.492946e-01	4.774200e-01	5.184684e-01	4.922684e-01	5.020943e-01	0.000000e+00	1	7.935072e-02
4.617908e-01	1.810512e-02	8.913568e-01	6.954936e-01	2.494675e-02	5.416797e-01	4.893306e-01	4.811839e-01	5.056803e-01	4.760825e-01	4.824797e-01	4.950977e-01	5.035472e-01	5.286827e-01	4.920078e-01	0.000000e+00	1	7.912393e-02
5.144329e-01	2.398808e-01	8.322492e-01	6.189459e-01	2.777745e-01	5.064871e-01	4.481545e-01	4.894253e-01	5.040086e-01	4.868213e-01	4.408042e-01	5.130635e-01	5.126348e-01	4.953411e-01	4.777210e-01	0.000000e+00	1	7.815567e-02
2.672369e-01	9.550314e-01	1.985464e-01	1.257913e-01	8.263035e-01	4.970477e-01	4.433634e-01	5.294678e-01	4.667612e-01	4.498624e-01	4.814491e-01	4.984301e-01	4.440316e-01	5.145668e-01	5.009998e-01	0.000000e+00	1	7.720899e-02
3.830035e-01	8.293001e-01	4.159189e-01	2.720063e-01	7.245627e-01	5.168501e-01	4.715510e-01	5.027943e-01	4.679658e-01	4.899141e-01	4.904873e-01	5.292418e-01	5.006312e-01	4.772184e-01	5.029297e-01	0.000000e+00	1	7.715959e-02
5.295659e-01	5.291804e-01	6.898961e-01	4.740146e-01	4.997682e-01	4.866636e-01	4.509019e-01	4.811839e-01	5.056803e-01	4.913445e-01	4.679169e-01	4.261524e-01	5.861719e-01	4.916220e-01	4.680141e-01	0.000000e+00	1	7.695089e-02
7.791606e-01	3.717031e-01	5.143546e-01	3.420784e-01	2.833749e-01	5.183935e-01	5.237485e-01	4.881841e-01	5.522638e-01	5.052765e-01	4.848081e-01	4.947079e-01	5.020652e-01	4.965355e-01	5.286224e-01	0.000000e+00	1	7.420344e-02
5.985787e-02	1.001272e+00	3.078364e-02	1.953156e-02	9.619870e-01	5.302145e-01	5.067999e-01	5.043210e-01	5.055900e-01	4.523026e-01	4.942073e-01	4.944334e-01	5.011425e-01	4.911980e-01	4.897690e-01	0.000000e+00	1	7.161014e-02
8.487201e-01	5.459325e-01	3.340707e-02	2.106723e-02	3.638981e-01	4.374923e-01	5.081423e-01	5.122801e-01	4.806700e-01	4.522931e-01	5.514508e-01	4.937307e-01	5.108374e-01	4.978210e-01	4.893922e-01	0.000000e+00	1	7.089713e-02
6.758494e-01	7.471998e-01	1.490389e-01	9.349568e-02	5.318928e-01	4.901750e-01	4.444233e-01	5.347914e-01	5.121271e-01	5.060271e-01	5.423839e-01	3.909383e-01	5.088039e-01	5.054652e-01	4.900882e-01	0.000000e+00	1	7.010427e-02
7.255992e-01	2.289427e-01	6.550509e-01	4.525142e-01	1.945739e-01	4.897490e-01	4.957851e-01	5.038487e-01	4.662813e-01	4.883883e-01	4.982191e-01	5.013960e-01	5.020557e-01	4.893844e-01	4.503927e-01	0.000000e+00	1	6.967206e-02
2.797792e-02	7.155930e-01	7.218795e-01	5.025410e-01	9.751224e-01	4.993728e-01	5.055224e-01	4.679328e-01	5.045472e-01	4.806613e-01	4.606015e-01	4.031919e-01	5.098913e-01	5.660704e-01	5.004227e-01	0.000000e+00	1	6.868494e-02
8.661770e-03	6.329375e-01	8.117143e-01	5.783548e-01	9.912884e-01	4.935205e-01	5.047482e-01	4.947858e-01	5.004899e-01	5.568627e-01	4.507679e-01	4.970409e-01	5.961366e-01	6.186206e-01	4.832443e-01	0.000000e+00	1	6.844609e-02
4.896768e-01	3.220481e-01	8.157729e-01	6.033874e-01	3.703545e-01	4.453228e-01	5.135381e-01	4.868937e-01	5.066951e-01	4.881146e-01	5.288175e-01	5.083059e-01	5.009162e-01	4.959007e-01	4.941687e-01	0.000000e+00	1	6.793664e-02
6.901253e-01	7.607532e-01	1.357203e-02	8.411427e-03	5.309658e-01	4.892270e-01	3.457347e-01	4.838597e-01	4.997070e-01	4.866970e-01	5.484988e-01	4.947079e-01	4.975861e-01	5.193844e-01	4.891631e-01	0.000000e+00	1	6.739762e-02
4.093423e-01	2.655424e-01	8.761539e-01	6.765185e-01	3.663519e-01	4.927124e-01	5.135381e-01	4.868937e-01	5.053906e-01	4.881646e-01	5.337999e-01	5.083059e-01	5.186294e-01	4.959007e-01	5.265168e-01	0.000000e+00	1	6.690218e-02
2.246618e-01	1.633382e-01	9.666163e-01	8.218631e-01	4.002073e-01	4.895286e-01	4.729140e-01	4.392380e-01	5.030799e-01	4.891060e-01	4.864156e-01	4.924980e-01	5.186404e-01	5.150407e-01	5.159768e-01	0.000000e+00	1	6.689407e-02
7.143298e-01	5.984225e-01	3.665198e-01	2.385621e-01	4.439361e-01	4.893492e-01	4.992370e-01	4.747843e-01	5.011088e-01	4.893181e-01	4.812988e-01	5.075567e-01	5.081880e-01	4.959190e-01	5.001792e-01	0.000000e+00	1	6.616026e-02
3.722881e-02	6.227448e-01	7.951935e-01	5.764955e-01	9.619870e-01	4.599327e-01	5.029080e-01	5.043210e-01	5.050976e-01	4.908202e-01	4.477001e-01	5.774041e-01	5.003665e-01	4.859039e-01	4.937343e-01	0.000000e+00	1	6.568292e-02
