1.257835e-01	1.007092e+00	1.499005e-02	9.402026e-03	9.208973e-01	4.929428e-01	5.044727e-01	5.330521e-01	5.292995e-01	4.897000e-01	5.219241e-01	4.755906e-01	5.665529e-01	5.040218e-01	5.858976e-01	0.000000e+00	1	1.000000e+14
1.617856e-15	6.593947e-23	1.001431e+00	1.000000e+00	2.594692e-08	5.007040e-01	5.116923e-01	4.857906e-01	5.037264e-01	5.040552e-01	5.055920e-01	5.275770e-01	5.103918e-01	5.122208e-01	4.965302e-01	0.000000e+00	1	1.000000e+14
1.001188e+00	7.447606e-05	4.365016e-17	2.775558e-17	4.735666e-05	4.935900e-01	5.048396e-01	5.128396e-01	5.039207e-01	4.897807e-01	5.070558e-01	5.271951e-01	5.004801e-01	4.974483e-01	4.934495e-01	0.000000e+00	1	1.000000e+14
1.212911e-15	1.190115e-15	1.051826e+00	1.000000e+00	4.939610e-01	4.929693e-01	5.015784e-01	5.290973e-01	3.234576e-01	4.664333e-01	3.886339e-01	4.877153e-01	4.650991e-01	5.401533e-01	5.570077e-01	0.000000e+00	1	1.000000e+14
9.995607e-01	3.817470e-02	4.361098e-17	2.775558e-17	2.430164e-02	4.939443e-01	5.051424e-01	5.053152e-01	4.993063e-01	4.899297e-01	5.084946e-01	4.976842e-01	5.003398e-01	5.040218e-01	4.984627e-01	0.000000e+00	1	1.000000e+14
1.708682e-23	1.617451e-15	1.001180e+00	1.000000e+00	1.000000e+00	4.935760e-01	5.106942e-01	5.040412e-01	5.030265e-01	4.899574e-01	5.294604e-01	4.997054e-01	5.048514e-01	4.974949e-01	5.004186e-01	0.000000e+00	1	1.000000e+14
7.435543e-01	4.975813e-01	4.547191e-01	2.993527e-01	3.754462e-01	4.925341e-01	5.099624e-01	4.938660e-01	5.086338e-01	4.799561e-01	5.095141e-01	5.074872e-01	4.655731e-01	5.300050e-01	4.734054e-01	0.000000e+00	1	1.647550e-01
2.468925e-01	5.582015e-01	8.033966e-01	5.863886e-01	7.348910e-01	4.623386e-01	5.124265e-01	4.820976e-01	4.870723e-01	4.910221e-01	4.866215e-01	5.693815e-01	4.984854e-01	4.574738e-01	4.967220e-01	0.000000e+00	1	1.381255e-01
8.082667e-01	6.089488e-01	6.151099e-02	3.864780e-02	4.110489e-01	5.364859e-01	5.053790e-01	4.383735e-01	5.032274e-01	5.579212e-01	4.535255e-01	4.942527e-01	4.447769e-01	4.956732e-01	5.082569e-01	0.000000e+00	1	1.314689e-01
8.346389e-01	1.272761e-01	5.639395e-01	3.748982e-01	9.633749e-02	5.348632e-01	4.921048e-01	4.608461e-01	4.930247e-01	5.023028e-01	5.069340e-01	5.931316e-01	4.533816e-01	5.311608e-01	4.759843e-01	0.000000e+00	1	1.279918e-01
7.832743e-01	2.477910e-01	5.986620e-01	4.009030e-01	1.950545e-01	5.072059e-01	5.372501e-01	5.076617e-01	5.619196e-01	4.953423e-01	4.978880e-01	5.906504e-01	4.570265e-01	4.869233e-01	5.304556e-01	0.000000e+00	1	1.278373e-01
2.978457e-02	1.780470e-01	9.842718e-01	8.845237e-01	8.944802e-01	4.983654e-01	4.907904e-01	5.029632e-01	5.009868e-01	4.825007e-01	4.879632e-01	4.962939e-01	5.074690e-01	5.065742e-01	4.947056e-01	0.000000e+00	1	1.274225e-01
8.852189e-01	9.261658e-02	4.565351e-01	3.017191e-01	6.636529e-02	4.926614e-01	5.051424e-01	4.957274e-01	4.969511e-01	4.899297e-01	5.085964e-01	4.976842e-01	4.994849e-01	5.040218e-01	4.984627e-01	0.000000e+00	1	1.231356e-01
1.350869e-01	8.075261e-01	5.768214e-01	3.907262e-01	8.944802e-01	4.983654e-01	4.907904e-01	5.029632e-01	4.907753e-01	4.825007e-01	4.879632e-01	5.284131e-01	4.950668e-01	5.065742e-01	4.948609e-01	0.000000e+00	1	1.220609e-01
7.152782e-01	4.875418e-01	5.103723e-01	3.391486e-01	3.808754e-01	5.154843e-01	5.110914e-01	4.963315e-01	5.015707e-01	4.953423e-01	4.978880e-01	5.087071e-01	4.433159e-01	4.869233e-01	5.319869e-01	0.000000e+00	1	1.133793e-01
3.197783e-01	7.229895e-01	6.252013e-01	4.259824e-01	7.348910e-01	4.623386e-01	5.124265e-01	4.820976e-01	4.870723e-01	4.691885e-01	4.884811e-01	5.054971e-01	5.031732e-01	4.791807e-01	4.346013e-01	0.000000e+00	1	1.129988e-01
5.960223e-01	7.074598e-01	4.195984e-01	2.710946e-01	5.542940e-01	5.152055e-01	5.206123e-01	4.855980e-01	5.037014e-01	5.728378e-01	4.819490e-01	5.737816e-01	4.684578e-01	4.985401e-01	5.531859e-01	0.000000e+00	1	1.031672e-01
9.903735e-01	7.367158e-05	1.667969e-01	1.062215e-01	4.735666e-05	4.959934e-01	5.048396e-01	4.982031e-01	5.036543e-01	4.897807e-01	4.509450e-01	5.271951e-01	5.148940e-01	4.974483e-01	4.719591e-01	0.000000e+00	1	1.023948e-01
9.319967e-01	1.106509e-02	3.943853e-01	2.548308e-01	7.557885e-03	4.890569e-01	4.888541e-01	5.296435e-01	4.161933e-01	4.654571e-01	5.089852e-01	5.232702e-01	5.443168e-01	4.883933e-01	4.973967e-01	0.000000e+00	1	1.004329e-01
6.254609e-01	1.955730e-01	7.630707e-01	5.482671e-01	1.929305e-01	4.380670e-01	5.030876e-01	5.132383e-01	5.036711e-01	4.682499e-01	5.059723e-01	5.271951e-01	4.985555e-01	4.980384e-01	4.951812e-01	0.000000e+00	1	9.966745e-02
6.893367e-01	2.155461e-01	6.946082e-01	4.875815e-01	1.929305e-01	4.991153e-01	5.035213e-01	5.103896e-01	5.109993e-01	5.320239e-01	5.059723e-01	5.271951e-01	4.995825e-01	4.974483e-01	4.966543e-01	0.000000e+00	1	9.585671e-02
2.480178e-01	4.493142e-01	8.765754e-01	6.627966e-01	6.789073e-01	4.773895e-01	4.874182e-01	4.979883e-01	5.600273e-01	4.869022e-01	4.413348e-01	5.694075e-01	5.396290e-01	4.643104e-01	4.853579e-01	0.000000e+00	1	9.422355e-02
3.035854e-01	4.210297e-01	8.694282e-01	6.573547e-01	6.022926e-01	5.126608e-01	4.515186e-01	4.858090e-01	4.317730e-01	4.977876e-01	4.794449e-01	4.408389e-01	4.649431e-01	5.041610e-01	4.930951e-01	0.000000e+00	1	9.020516e-02
4.356308e-01	6.211074e-01	6.580365e-01	4.548632e-01	6.106115e-01	4.903704e-01	4.966019e-01	5.011474e-01	5.600273e-01	4.890628e-01	5.123098e-01	4.977895e-01	4.942106e-01	4.934638e-01	4.855066e-01	0.000000e+00	1	8.647070e-02
8.576001e-01	6.752820e-03	5.307503e-01	3.527965e-01	5.012698e-03	5.061686e-01	4.484056e-01	5.117286e-01	4.911469e-01	4.915409e-01	4.909318e-01	5.724928e-01	5.116109e-01	4.929824e-01	4.920078e-01	0.000000e+00	1	8.582384e-02
4.560507e-01	3.435890e-01	8.298279e-01	6.163175e-01	4.110489e-01	5.311418e-01	5.053179e-01	4.282386e-01	5.001266e-01	4.909444e-01	5.097251e-01	4.942527e-01	4.709186e-01	4.956732e-01	5.087456e-01	0.000000e+00	1	8.533990e-02
3.852478e-01	8.973280e-01	2.208488e-01	1.415937e-01	7.418312e-01	5.065894e-01	4.906566e-01	5.017683e-01	4.911469e-01	4.915409e-01	4.910590e-01	5.230534e-01	4.889097e-01	5.103401e-01	4.917538e-01	0.000000e+00	1	8.440362e-02
5.439113e-01	7.716280e-01	3.688499e-01	2.371210e-01	6.091161e-01	4.914986e-01	4.877600e-01	4.981071e-01	4.320596e-01	4.652993e-01	4.874230e-01	5.711199e-01	5.476872e-01	5.029979e-01	5.035887e-01	0.000000e+00	1	8.425324e-02
5.406099e-01	7.785345e-01	3.522159e-01	2.265028e-01	6.136012e-01	4.911768e-01	4.965342e-01	5.012662e-01	4.320596e-01	4.653164e-01	4.874230e-01	5.711199e-01	4.980483e-01	5.029979e-01	5.037374e-01	0.000000e+00	1	8.371763e-02
3.725948e-01	9.380962e-01	2.607809e-01	1.609556e-01	7.593102e-01	4.935900e-01	5.048396e-01	5.186860e-01	3.212984e-01	4.897807e-01	5.070558e-01	5.271951e-01	4.039066e-01	4.974483e-01	4.934648e-01	0.000000e+00	1	8.226887e-02
3.965844e-01	9.231036e-01	1.680159e-02	1.064531e-02	7.416738e-01	4.623386e-01	5.112404e-01	4.820560e-01	5.101542e-01	4.912015e-01	4.866215e-01	5.279554e-01	4.984854e-01	4.574738e-01	4.967220e-01	0.000000e+00	1	7.908554e-02
8.337337e-01	2.639120e-01	5.156043e-01	3.391486e-01	1.951642e-01	5.072059e-01	5.600597e-01	5.076617e-01	4.403554e-01	4.953423e-01	4.978880e-01	4.410034e-01	4.433159e-01	4.869233e-01	5.319869e-01	0.000000e+00	1	7.809444e-02
9.737444e-02	1.051552e-01	9.979256e-01	9.091936e-01	5.244454e-01	5.161389e-01	4.856774e-01	4.899511e-01	4.253495e-01	5.316706e-01	4.804499e-01	5.079527e-01	5.216452e-01	4.956799e-01	5.094456e-01	0.000000e+00	1	7.806016e-02
9.974007e-01	7.419432e-05	1.251755e-01	7.948130e-02	4.735666e-05	4.906493e-01	5.048396e-01	4.982031e-01	5.004545e-01	4.897807e-01	5.570262e-01	5.271951e-01	5.148940e-01	4.974483e-01	4.719591e-01	0.000000e+00	1	7.708669e-02
2.683726e-01	9.386413e-01	3.279039e-01	2.062907e-01	8.227102e-01	3.587969e-01	4.945432e-01	5.012662e-01	4.532035e-01	4.593236e-01	4.874670e-01	5.317473e-01	4.307527e-01	4.920982e-01	5.037175e-01	0.000000e+00	1	7.616166e-02
8.035897e-01	6.054251e-01	1.329400e-01	8.363224e-02	4.110489e-01	5.311418e-01	5.053790e-01	4.383735e-01	5.000276e-01	5.579212e-01	5.596067e-01	4.942527e-01	4.447769e-01	4.956732e-01	5.082569e-01	0.000000e+00	1	7.556104e-02
4.787588e-01	3.857588e-01	7.913005e-01	5.794792e-01	4.317783e-01	5.007040e-01	5.050310e-01	4.857906e-01	5.037264e-01	5.040552e-01	5.055920e-01	5.275770e-01	4.714587e-01	5.122208e-01	5.085011e-01	0.000000e+00	1	7.485970e-02
2.845907e-01	4.014936e-01	8.947393e-01	6.798690e-01	6.074427e-01	5.115991e-01	5.017184e-01	5.234877e-01	4.906334e-01	4.971782e-01	4.751577e-01	6.170875e-01	4.226029e-01	5.041610e-01	4.944363e-01	0.000000e+00	1	7.425741e-02
2.323432e-01	2.319206e-01	9.607909e-01	7.903963e-01	4.994205e-01	5.149403e-01	4.515186e-01	4.864423e-01	4.317730e-01	4.562474e-01	5.594587e-01	4.990594e-01	4.505313e-01	5.041610e-01	5.000242e-01	0.000000e+00	1	7.375760e-02
8.417978e-02	3.261531e-01	9.423634e-01	7.814547e-01	8.391984e-01	4.855887e-01	5.114493e-01	4.937327e-01	5.014609e-01	5.070116e-01	4.941351e-01	4.949757e-01	5.096958e-01	4.868823e-01	5.002482e-01	0.000000e+00	1	7.360953e-02
3.542548e-01	5.956030e-01	7.251485e-01	5.144324e-01	6.584058e-01	4.781565e-01	4.926193e-01	5.032050e-01	4.993063e-01	4.818584e-01	5.086851e-01	4.976842e-01	5.003398e-01	5.456198e-01	4.986992e-01	0.000000e+00	1	7.058453e-02
4.667126e-01	8.388729e-01	3.151288e-01	2.019284e-01	6.767814e-01	4.623386e-01	4.491398e-01	4.820976e-01	4.871313e-01	4.910221e-01	4.866215e-01	5.640347e-01	4.984854e-01	4.612794e-01	4.967220e-01	0.000000e+00	1	6.788598e-02
3.815812e-02	9.017837e-01	4.572262e-01	2.985050e-01	9.730781e-01	4.978177e-01	5.088872e-01	4.818399e-01	4.889564e-01	5.474270e-01	4.866215e-01	5.640347e-01	4.432631e-01	4.612794e-01	4.967220e-01	0.000000e+00	1	6.756492e-02
5.347567e-01	3.788908e-01	7.631353e-01	5.482671e-01	3.924299e-01	4.380670e-01	5.030876e-01	5.132383e-01	5.036711e-01	4.696968e-01	5.289013e-01	4.893944e-01	4.985555e-01	4.974851e-01	4.951812e-01	0.000000e+00	1	6.625560e-02
4.255517e-01	6.319867e-01	6.608618e-01	4.548632e-01	6.227270e-01	4.770677e-01	4.961924e-01	5.011474e-01	5.600273e-01	4.650857e-01	4.459547e-01	5.055231e-01	4.946780e-01	4.945890e-01	4.855066e-01	0.000000e+00	1	6.585133e-02
1.160041e-01	6.934525e-01	7.197809e-01	5.074682e-01	8.944802e-01	4.306012e-01	4.907904e-01	5.022597e-01	4.907753e-01	4.825007e-01	4.912477e-01	5.275694e-01	4.952439e-01	4.974268e-01	4.948609e-01	0.000000e+00	1	6.529902e-02
1.732789e-01	5.231626e-02	9.869068e-01	8.845237e-01	1.866676e-01	4.979446e-01	4.485393e-01	5.070265e-01	5.009868e-01	4.825007e-01	4.878361e-01	4.962939e-01	5.074690e-01	4.892165e-01	4.949596e-01	0.000000e+00	1	6.528492e-02
3.339465e-03	8.869617e-01	4.873996e-01	3.198814e-01	9.976031e-01	5.677871e-01	5.018104e-01	5.011084e-01	5.102462e-01	4.841237e-01	5.688861e-01	4.910026e-01	4.748537e-01	5.300066e-01	4.726699e-01	0.000000e+00	1	6.449059e-02
3.613138e-01	4.122466e-01	8.474133e-01	6.344667e-01	5.418559e-01	4.935900e-01	5.049167e-01	5.128812e-01	4.880186e-01	4.896013e-01	5.625137e-01	5.686212e-01	5.076987e-01	4.972869e-01	4.903631e-01	0.000000e+00	1	6.420841e-02
6.695237e-01	6.415749e-01	3.948396e-01	2.562680e-01	4.864312e-01	4.809908e-01	4.858814e-01	4.684074e-01	5.143024e-01	5.409856e-01	4.710709e-01	5.246579e-01	5.021277e-01	4.916202e-01	5.538109e-01	0.000000e+00	1	6.420468e-02
6.363696e-01	4.566661e-02	7.712587e-01	5.600169e-01	4.560639e-02	4.935900e-01	5.048385e-01	5.073733e-01	5.084364e-01	4.937692e-01	5.084502e-01	5.243682e-01	4.998839e-01	4.974483e-01	5.066934e-01	0.000000e+00	1	6.380518e-02
5.061800e-01	3.349934e-01	7.990641e-01	5.864297e-01	3.721874e-01	5.096487e-01	4.939755e-01	4.935882e-01	5.105826e-01	4.804383e-01	5.081934e-01	5.075844e-01	4.653744e-01	4.750057e-01	4.708166e-01	0.000000e+00	1	6.198796e-02
5.015335e-01	8.605310e-01	2.771034e-01	1.727465e-01	6.640619e-01	4.965603e-01	5.047563e-01	5.295086e-01	3.291541e-01	4.899162e-01	4.509710e-01	4.984899e-01	4.985157e-01	5.344034e-01	4.923827e-01	0.000000e+00	1	6.197145e-02
2.940745e-01	2.804002e-01	9.178171e-01	7.346709e-01	4.848494e-01	4.855887e-01	5.114493e-01	4.590163e-01	5.364519e-01	5.070116e-01	4.941351e-01	5.063151e-01	5.096958e-01	4.868823e-01	5.015647e-01	0.000000e+00	1	6.142081e-02
2.263597e-01	8.770265e-01	4.284751e-01	2.812955e-01	8.391984e-01	4.996656e-01	5.114493e-01	4.937327e-01	4.711409e-01	5.070116e-01	4.941351e-01	5.270950e-01	4.972935e-01	4.868823e-01	5.004035e-01	0.000000e+00	1	6.109681e-02
9.563516e-01	2.990379e-01	4.368616e-17	2.775558e-17	1.929305e-01	4.991153e-01	5.035213e-01	5.132383e-01	5.039207e-01	4.682499e-01	5.059723e-01	5.271951e-01	4.969765e-01	4.974483e-01	4.966543e-01	0.000000e+00	1	6.048390e-02
