1.617856e-15	6.593947e-23	1.001431e+00	1.000000e+00	2.594692e-08	5.007040e-01	5.116923e-01	4.857906e-01	5.037264e-01	5.040552e-01	5.055920e-01	5.275770e-01	5.103918e-01	5.122208e-01	4.965302e-01	0.000000e+00	1	1.000000e+14
1.178132e-15	1.155990e-15	1.021666e+00	1.000000e+00	4.939610e-01	4.741587e-01	4.785247e-01	4.915513e-01	4.399303e-01	4.650181e-01	3.886339e-01	5.007614e-01	5.002537e-01	5.063689e-01	5.564808e-01	0.000000e+00	1	1.000000e+14
9.995607e-01	3.817470e-02	4.361098e-17	2.775558e-17	2.430164e-02	4.939443e-01	5.051424e-01	5.053152e-01	4.993063e-01	4.899297e-01	5.084946e-01	4.976842e-01	5.003398e-01	5.040218e-01	4.984627e-01	0.000000e+00	1	1.000000e+14
1.001188e+00	7.447606e-05	4.365016e-17	2.775558e-17	4.735666e-05	4.935900e-01	5.048396e-01	5.128396e-01	5.039207e-01	4.897807e-01	5.070558e-01	5.271951e-01	5.004801e-01	4.974483e-01	4.934495e-01	0.000000e+00	1	1.000000e+14
1.935145e-02	1.015676e+00	4.162108e-03	2.608297e-03	9.878721e-01	5.161389e-01	4.482848e-01	4.621209e-01	4.975338e-01	4.876144e-01	4.877971e-01	4.987173e-01	5.210600e-01	5.537963e-01	5.886086e-01	0.000000e+00	1	1.000000e+14
1.708652e-23	1.617422e-15	1.001162e+00	1.000000e+00	1.000000e+00	4.935763e-01	5.052374e-01	5.040412e-01	5.030265e-01	4.899574e-01	5.074709e-01	5.290222e-01	5.048514e-01	4.974488e-01	4.937454e-01	0.000000e+00	1	1.000000e+14
4.255517e-01	6.319867e-01	6.608618e-01	4.548632e-01	6.227270e-01	4.770677e-01	4.961924e-01	5.011474e-01	5.600273e-01	4.650857e-01	4.459547e-01	5.055231e-01	4.946780e-01	4.945890e-01	4.855066e-01	0.000000e+00	1	1.509079e-01
9.242578e-01	1.049636e-01	3.681531e-01	2.399179e-01	7.198951e-02	4.926614e-01	5.051424e-01	4.957274e-01	4.989457e-01	4.899297e-01	5.086270e-01	4.976842e-01	5.002627e-01	5.040218e-01	4.897014e-01	0.000000e+00	1	1.247832e-01
8.649301e-01	9.049385e-02	4.972550e-01	3.306705e-01	6.636529e-02	4.927612e-01	5.051447e-01	5.381462e-01	5.037263e-01	4.897654e-01	5.085964e-01	4.981853e-01	4.994849e-01	5.066229e-01	4.984627e-01	0.000000e+00	1	1.217840e-01
3.197783e-01	7.229895e-01	6.252013e-01	4.259824e-01	7.348910e-01	4.623386e-01	5.124265e-01	4.820976e-01	4.870723e-01	4.691885e-01	4.884811e-01	5.054971e-01	5.031732e-01	4.791807e-01	4.346013e-01	0.000000e+00	1	1.202567e-01
2.940745e-01	2.804002e-01	9.178171e-01	7.346709e-01	4.848494e-01	4.855887e-01	5.114493e-01	4.590163e-01	5.364519e-01	5.070116e-01	4.941351e-01	5.063151e-01	5.096958e-01	4.868823e-01	5.015647e-01	0.000000e+00	1	1.174320e-01
2.234807e-01	7.874377e-01	5.965633e-01	4.009467e-01	8.239518e-01	4.737007e-01	4.865367e-01	5.012662e-01	4.323577e-01	4.629956e-01	4.874670e-01	5.317473e-01	4.307527e-01	4.920982e-01	5.044818e-01	0.000000e+00	1	1.141426e-01
7.977897e-01	6.010554e-01	8.531939e-02	5.424593e-02	4.110489e-01	5.045753e-01	4.928831e-01	4.618476e-01	4.928821e-01	4.775509e-01	5.097251e-01	5.046792e-01	5.147683e-01	4.965823e-01	5.087456e-01	0.000000e+00	1	1.111572e-01
3.852478e-01	8.973280e-01	2.208488e-01	1.415937e-01	7.418312e-01	5.065894e-01	4.906566e-01	5.017683e-01	4.911469e-01	4.915409e-01	4.910590e-01	5.230534e-01	4.889097e-01	5.103401e-01	4.917538e-01	0.000000e+00	1	1.091840e-01
6.897219e-01	6.541489e-01	3.429471e-01	2.204224e-01	4.831522e-01	5.152055e-01	5.206123e-01	4.855980e-01	5.035919e-01	5.517749e-01	4.804389e-01	5.737816e-01	4.684578e-01	4.867636e-01	5.032593e-01	0.000000e+00	1	1.088625e-01
6.362669e-01	7.744645e-01	1.423291e-01	8.980008e-02	5.621659e-01	4.652683e-01	4.877162e-01	5.954606e-01	5.012688e-01	4.897390e-01	4.880758e-01	4.980892e-01	5.074690e-01	4.602243e-01	4.973172e-01	0.000000e+00	1	1.025957e-01
5.400542e-01	3.570688e-01	8.000497e-01	5.668803e-01	3.719063e-01	4.380670e-01	5.094844e-01	5.132383e-01	3.441167e-01	4.753806e-01	5.041643e-01	4.966217e-01	4.976918e-01	5.112696e-01	4.950692e-01	0.000000e+00	1	9.285363e-02
7.349962e-01	5.451245e-01	4.119951e-01	2.693169e-01	4.062579e-01	5.367030e-01	5.049891e-01	4.618476e-01	4.928821e-01	4.775509e-01	5.063220e-01	4.939144e-01	5.038439e-01	4.965823e-01	5.082503e-01	0.000000e+00	1	9.202810e-02
2.608515e-01	4.371482e-01	8.694679e-01	6.627966e-01	6.574997e-01	4.787029e-01	4.874192e-01	4.979883e-01	5.005793e-01	4.821562e-01	4.448696e-01	4.982225e-01	5.419373e-01	4.595945e-01	4.872943e-01	0.000000e+00	1	9.158421e-02
2.683726e-01	9.386413e-01	3.279039e-01	2.062907e-01	8.227102e-01	3.587969e-01	4.945432e-01	5.012662e-01	4.532035e-01	4.593236e-01	4.874670e-01	5.317473e-01	4.307527e-01	4.920982e-01	5.037175e-01	0.000000e+00	1	8.851932e-02
9.463901e-01	2.163272e-01	3.095481e-01	1.965038e-01	1.430616e-01	4.756355e-01	5.108307e-01	5.042229e-01	4.646703e-01	4.902070e-01	5.890193e-01	5.829519e-01	4.570265e-01	4.869233e-01	5.077557e-01	0.000000e+00	1	8.821729e-02
8.833661e-01	4.096835e-01	2.499297e-01	1.599478e-01	2.764523e-01	4.942863e-01	5.035213e-01	5.177735e-01	5.178853e-01	4.914173e-01	5.059723e-01	5.271951e-01	5.060564e-01	4.389361e-01	4.966543e-01	0.000000e+00	1	8.695266e-02
1.390793e-01	1.917975e-01	9.763423e-01	8.484490e-01	6.005865e-01	4.723461e-01	4.570859e-01	5.024184e-01	4.824338e-01	4.826811e-01	4.953530e-01	5.002897e-01	5.074690e-01	4.632176e-01	4.950247e-01	0.000000e+00	1	8.661239e-02
8.852162e-01	9.261629e-02	4.565337e-01	3.017191e-01	6.636529e-02	4.926614e-01	5.051424e-01	4.957274e-01	4.971900e-01	4.899297e-01	4.920919e-01	4.965356e-01	4.994849e-01	5.043768e-01	4.984627e-01	0.000000e+00	1	8.614081e-02
2.405539e-01	9.543747e-01	1.804684e-01	1.154488e-01	8.428117e-01	5.076003e-01	4.914647e-01	5.037081e-01	5.008894e-01	4.949531e-01	4.879632e-01	5.083981e-01	5.115688e-01	5.106159e-01	5.005636e-01	0.000000e+00	1	8.340892e-02
8.266440e-01	5.699024e-01	3.563888e-02	2.258727e-02	3.842560e-01	5.043582e-01	4.936135e-01	4.383735e-01	5.029862e-01	4.959971e-01	5.086283e-01	5.047051e-01	5.148068e-01	4.796621e-01	5.087522e-01	0.000000e+00	1	8.337236e-02
5.611549e-01	1.634866e-01	8.227291e-01	6.067686e-01	1.804770e-01	5.072059e-01	5.090916e-01	5.076617e-01	4.432270e-01	4.912442e-01	5.097868e-01	4.410034e-01	4.667909e-01	4.961242e-01	5.319869e-01	0.000000e+00	1	8.179498e-02
1.732789e-01	5.231626e-02	9.869068e-01	8.845237e-01	1.866676e-01	4.979446e-01	4.485393e-01	5.070265e-01	5.009868e-01	4.825007e-01	4.878361e-01	4.962939e-01	5.074690e-01	4.892165e-01	4.949596e-01	0.000000e+00	1	8.070517e-02
3.584870e-01	9.025764e-01	2.509067e-01	1.609556e-01	7.593102e-01	4.934277e-01	5.048396e-01	5.186860e-01	4.828988e-01	4.911926e-01	4.848691e-01	5.271951e-01	5.070144e-01	4.652903e-01	4.934648e-01	0.000000e+00	1	8.003368e-02
5.211334e-01	5.834291e-01	6.380158e-01	4.355555e-01	5.358664e-01	5.152055e-01	5.062393e-01	4.849049e-01	4.948911e-01	4.761568e-01	4.453603e-01	5.250460e-01	5.652783e-01	5.038954e-01	5.221391e-01	0.000000e+00	1	7.655470e-02
7.746459e-01	5.346172e-01	3.544523e-01	2.292868e-01	3.845696e-01	5.364859e-01	5.057195e-01	4.383735e-01	5.029862e-01	4.959971e-01	5.052252e-01	4.939403e-01	5.038824e-01	4.796621e-01	5.082569e-01	0.000000e+00	1	7.631736e-02
9.823567e-01	1.473930e-01	2.024531e-01	1.279952e-01	9.481131e-02	5.348632e-01	4.921048e-01	4.608461e-01	4.966230e-01	5.023028e-01	5.071059e-01	5.931316e-01	4.533816e-01	5.067024e-01	4.980609e-01	0.000000e+00	1	7.525014e-02
9.943250e-01	9.153842e-02	9.957572e-02	6.327602e-02	5.844303e-02	4.629502e-01	5.037119e-01	4.999122e-01	5.036543e-01	4.910129e-01	4.871830e-01	5.271951e-01	5.175699e-01	5.017155e-01	4.719591e-01	0.000000e+00	1	7.507404e-02
4.667126e-01	8.388729e-01	3.151288e-01	2.019284e-01	6.767814e-01	4.623386e-01	4.491398e-01	4.820976e-01	4.871313e-01	4.910221e-01	4.866215e-01	5.640347e-01	4.984854e-01	4.612794e-01	4.967220e-01	0.000000e+00	1	7.481856e-02
7.435543e-01	4.975813e-01	4.547191e-01	2.993527e-01	3.754462e-01	4.925341e-01	5.099624e-01	4.938660e-01	5.086338e-01	4.799561e-01	5.095141e-01	5.074872e-01	4.655731e-01	5.300050e-01	4.734054e-01	0.000000e+00	1	7.358543e-02
7.163437e-01	4.783025e-01	5.143800e-01	3.427200e-01	3.747892e-01	4.893914e-01	5.096854e-01	4.713712e-01	5.086338e-01	4.802874e-01	4.911425e-01	5.091033e-01	4.828647e-01	4.755538e-01	4.734054e-01	0.000000e+00	1	7.358394e-02
2.262317e-01	8.765306e-01	4.282329e-01	2.812955e-01	8.391984e-01	4.933668e-01	5.104589e-01	4.937327e-01	5.006183e-01	5.070116e-01	5.015816e-01	5.270955e-01	4.972935e-01	5.211582e-01	5.004035e-01	0.000000e+00	1	7.286960e-02
3.730836e-01	7.630959e-01	5.764730e-01	3.795952e-01	7.105070e-01	4.622576e-01	4.855488e-01	4.919385e-01	4.399303e-01	4.917256e-01	3.886339e-01	5.525658e-01	4.650991e-01	5.401533e-01	5.564808e-01	0.000000e+00	1	7.266660e-02
1.906868e-02	1.000834e+00	1.465036e-01	9.251558e-02	9.878721e-01	5.362252e-01	4.482848e-01	5.014194e-01	4.974435e-01	4.888673e-01	4.933140e-01	4.936806e-01	5.064181e-01	5.042837e-01	5.861192e-01	0.000000e+00	1	7.187141e-02
7.720042e-01	5.893326e-01	2.836561e-01	1.808975e-01	4.150821e-01	4.963075e-01	4.922860e-01	5.295086e-01	5.751911e-01	4.717000e-01	4.543471e-01	4.984899e-01	4.840537e-01	5.435741e-01	4.867934e-01	0.000000e+00	1	7.170769e-02
1.776961e-01	3.439748e-02	9.868546e-01	8.845237e-01	1.217280e-01	4.979446e-01	4.485393e-01	5.070265e-01	5.007479e-01	4.825007e-01	5.043405e-01	4.974425e-01	5.114745e-01	4.888615e-01	4.949596e-01	0.000000e+00	1	7.108388e-02
3.068185e-02	5.130992e-01	8.779323e-01	6.627966e-01	9.619773e-01	4.851973e-01	4.933248e-01	4.983260e-01	5.576004e-01	4.878499e-01	3.928470e-01	4.945357e-01	5.419373e-01	5.129025e-01	4.869753e-01	0.000000e+00	1	7.072869e-02
5.346584e-01	3.788212e-01	7.629950e-01	5.482671e-01	3.924299e-01	4.380670e-01	5.030876e-01	5.132383e-01	5.036711e-01	4.696968e-01	5.255025e-01	4.893944e-01	4.985555e-01	4.974851e-01	4.951812e-01	0.000000e+00	1	6.974100e-02
9.146922e-01	3.092279e-01	3.242492e-01	2.062557e-01	2.075415e-01	4.756355e-01	5.108307e-01	5.071124e-01	4.698873e-01	4.932754e-01	5.890193e-01	5.829519e-01	4.570265e-01	4.869233e-01	5.014489e-01	0.000000e+00	1	6.972330e-02
1.014018e-01	7.870291e-01	6.907261e-01	4.559743e-01	9.184265e-01	5.161389e-01	4.492293e-01	5.205689e-01	4.981934e-01	4.876144e-01	4.877971e-01	4.983038e-01	5.210600e-01	7.004514e-01	5.886086e-01	0.000000e+00	1	6.925857e-02
8.470204e-01	1.738815e-02	5.372791e-01	3.598019e-01	1.306708e-02	4.656678e-01	5.057028e-01	4.930118e-01	5.023486e-01	4.936406e-01	4.840077e-01	5.255790e-01	5.034793e-01	4.980139e-01	5.311477e-01	0.000000e+00	1	6.906620e-02
5.067697e-01	8.619453e-01	7.311103e-02	4.646670e-02	6.616349e-01	5.048281e-01	5.053533e-01	4.618476e-01	4.928821e-01	4.775509e-01	5.097251e-01	5.046792e-01	5.163982e-01	4.965823e-01	5.096290e-01	0.000000e+00	1	6.880919e-02
9.563516e-01	2.990379e-01	4.368616e-17	2.775558e-17	1.929305e-01	4.991153e-01	5.035213e-01	5.132383e-01	5.039207e-01	4.682499e-01	5.059723e-01	5.271951e-01	4.969765e-01	4.974483e-01	4.966543e-01	0.000000e+00	1	6.837746e-02
2.467935e-01	4.470962e-01	8.722484e-01	6.627966e-01	6.789073e-01	4.787029e-01	4.874182e-01	4.979883e-01	5.600273e-01	4.880303e-01	4.434716e-01	4.998514e-01	5.419373e-01	4.643104e-01	4.872943e-01	0.000000e+00	1	6.758847e-02
2.346919e-01	2.070548e-01	9.613109e-01	7.996263e-01	4.602228e-01	4.742397e-01	4.491398e-01	4.820976e-01	4.871313e-01	4.657298e-01	4.866215e-01	5.661274e-01	4.984854e-01	4.612794e-01	4.967220e-01	0.000000e+00	1	6.738948e-02
5.066600e-01	5.672256e-01	6.754411e-01	4.623091e-01	5.358664e-01	5.152055e-01	4.962243e-01	4.986112e-01	4.951387e-01	4.056653e-01	4.478129e-01	5.250460e-01	5.652783e-01	5.038954e-01	5.197489e-01	0.000000e+00	1	6.737040e-02
5.918833e-01	7.025470e-01	4.124031e-01	2.686295e-01	5.542940e-01	5.152055e-01	5.206123e-01	4.951790e-01	5.037014e-01	5.728378e-01	4.819490e-01	5.250460e-01	4.975108e-01	4.980279e-01	4.988406e-01	0.000000e+00	1	6.690129e-02
4.790291e-01	3.394062e-01	8.203447e-01	6.045609e-01	3.924299e-01	4.380670e-01	4.669316e-01	5.155207e-01	5.036711e-01	4.874613e-01	5.377557e-01	5.009221e-01	4.958511e-01	4.556233e-01	4.951812e-01	0.000000e+00	1	6.255964e-02
6.130766e-01	6.863631e-01	4.174391e-01	2.710946e-01	5.358664e-01	5.152055e-01	5.206123e-01	4.860885e-01	5.057262e-01	5.728378e-01	4.819490e-01	5.250460e-01	4.711593e-01	5.038954e-01	5.506237e-01	0.000000e+00	1	6.210416e-02
6.685568e-01	7.484754e-01	1.408121e-02	8.931765e-03	5.358664e-01	4.945074e-01	5.049544e-01	4.984264e-01	4.951387e-01	4.799305e-01	4.478129e-01	4.788152e-01	4.983410e-01	5.038954e-01	5.032096e-01	0.000000e+00	1	6.191943e-02
8.458995e-01	2.511591e-01	5.202573e-01	3.391486e-01	1.837430e-01	4.923526e-01	6.148605e-01	5.076617e-01	4.403554e-01	4.805467e-01	4.978880e-01	4.427291e-01	4.433159e-01	5.019800e-01	5.245619e-01	0.000000e+00	1	6.077844e-02
