1.001133e+00	7.447198e-05	4.364777e-17	2.775558e-17	4.735666e-05	4.935900e-01	5.048396e-01	5.128396e-01	5.039207e-01	4.929549e-01	5.070558e-01	5.271951e-01	5.004801e-01	4.974483e-01	4.934495e-01	0.000000e+00	1	1.000000e+14
1.621666e-15	4.180179e-23	1.003789e+00	1.000000e+00	1.641019e-08	5.007040e-01	4.977997e-01	4.857906e-01	5.046734e-01	5.002086e-01	4.878690e-01	4.736500e-01	5.429622e-01	4.941662e-01	4.710362e-01	0.000000e+00	1	1.000000e+14
8.110190e-16	1.414976e-15	1.009519e+00	1.000000e+00	6.686671e-01	4.664676e-01	5.046851e-01	5.010386e-01	4.550155e-01	4.955166e-01	5.019469e-01	5.306289e-01	4.684809e-01	5.419491e-01	5.513082e-01	0.000000e+00	1	1.000000e+14
9.995607e-01	3.817470e-02	4.361097e-17	2.775558e-17	2.430164e-02	4.939443e-01	5.051424e-01	5.053152e-01	4.992898e-01	4.899297e-01	5.084946e-01	4.976842e-01	5.003398e-01	5.040218e-01	4.984855e-01	0.000000e+00	1	1.000000e+14
1.695727e-23	1.617405e-15	1.001152e+00	1.000000e+00	1.000000e+00	4.935763e-01	5.052374e-01	5.026147e-01	5.030265e-01	4.899574e-01	5.074709e-01	5.290222e-01	5.048514e-01	4.974488e-01	4.938432e-01	0.000000e+00	1	1.000000e+14
2.833089e-05	1.021663e+00	8.209404e-04	5.115451e-04	9.999823e-01	3.721536e-01	4.838982e-01	4.684840e-01	4.871273e-01	4.882943e-01	4.932541e-01	4.815847e-01	5.215341e-01	5.537412e-01	4.948028e-01	0.000000e+00	1	1.000000e+14
9.137585e-02	1.241043e-01	9.935907e-01	9.020352e-01	5.959602e-01	4.381290e-01	4.851681e-01	5.057270e-01	4.999339e-01	4.683631e-01	4.834188e-01	5.049998e-01	5.068668e-01	5.040664e-01	4.948389e-01	0.000000e+00	1	1.824747e-01
4.638579e-01	7.891611e-01	4.238090e-01	2.760364e-01	6.617065e-01	4.760240e-01	5.184888e-01	5.073080e-01	4.960032e-01	4.904265e-01	4.817997e-01	5.853860e-01	5.055446e-01	4.975594e-01	5.014427e-01	0.000000e+00	1	1.434456e-01
5.383168e-01	6.823176e-02	8.490957e-01	6.379883e-01	8.026368e-02	4.987915e-01	5.101450e-01	5.033770e-01	5.647106e-01	5.109691e-01	4.964352e-01	5.370615e-01	5.387725e-01	4.866144e-01	5.134270e-01	0.000000e+00	1	1.330850e-01
1.729717e-01	5.423044e-01	8.301749e-01	6.173660e-01	8.034395e-01	5.018788e-01	4.572719e-01	5.155207e-01	5.035650e-01	5.291956e-01	5.362920e-01	4.790029e-01	5.188063e-01	4.612988e-01	4.940400e-01	0.000000e+00	1	1.273393e-01
8.109930e-01	5.888329e-01	1.507378e-01	9.503824e-02	3.998006e-01	4.434198e-01	5.060906e-01	5.130484e-01	5.009955e-01	5.292802e-01	5.857566e-01	4.800031e-01	4.934490e-01	5.376843e-01	5.016883e-01	0.000000e+00	1	1.255344e-01
4.805205e-02	9.635571e-01	3.218293e-01	2.049779e-01	9.682784e-01	4.740771e-01	5.157102e-01	5.071124e-01	4.960032e-01	4.904271e-01	5.838250e-01	5.829519e-01	4.570265e-01	4.869233e-01	4.960645e-01	0.000000e+00	1	1.217865e-01
1.930736e-01	2.104348e-01	9.621111e-01	8.163034e-01	5.273741e-01	5.231354e-01	5.112295e-01	4.987496e-01	5.006119e-01	5.067172e-01	4.876595e-01	4.498088e-01	5.072577e-01	4.894006e-01	4.924103e-01	0.000000e+00	1	1.184529e-01
9.808775e-01	1.618708e-01	1.521287e-01	9.666870e-02	1.041207e-01	4.629502e-01	5.047435e-01	5.005259e-01	5.212294e-01	4.955001e-01	5.529124e-01	5.271951e-01	5.175699e-01	5.014116e-01	5.005143e-01	0.000000e+00	1	1.150444e-01
1.584775e-01	9.858446e-01	2.178207e-01	1.367349e-01	8.985295e-01	4.937113e-01	5.968696e-01	5.009038e-01	5.606660e-01	5.256895e-01	4.542647e-01	5.054557e-01	5.044935e-01	5.485883e-01	5.609651e-01	0.000000e+00	1	1.132099e-01
2.402195e-01	9.795838e-01	1.875206e-01	1.170243e-01	8.469053e-01	5.001479e-01	4.980645e-01	4.864115e-01	5.008894e-01	5.458954e-01	4.845702e-01	5.004469e-01	3.656793e-01	5.570107e-01	5.454484e-01	0.000000e+00	1	1.110722e-01
3.070886e-01	9.427676e-01	1.843438e-01	1.170243e-01	7.995330e-01	5.001479e-01	4.964718e-01	4.864115e-01	5.008894e-01	4.987860e-01	4.623450e-01	5.004469e-01	5.410314e-01	5.570107e-01	5.442825e-01	0.000000e+00	1	1.084036e-01
4.268984e-01	6.403820e-01	6.486452e-01	4.458245e-01	6.256817e-01	4.766944e-01	4.969144e-01	4.819315e-01	5.629645e-01	4.650857e-01	4.921446e-01	5.032357e-01	4.946780e-01	5.125081e-01	4.860310e-01	0.000000e+00	1	1.063150e-01
3.810718e-01	2.623897e-01	9.265678e-01	7.051700e-01	3.838848e-01	4.861369e-01	5.017532e-01	5.002692e-01	5.036685e-01	4.475411e-01	6.185125e-01	5.874001e-01	5.667335e-01	4.191651e-01	4.947302e-01	0.000000e+00	1	1.058115e-01
5.085650e-01	7.628885e-01	4.168957e-01	2.716800e-01	6.256817e-01	4.767206e-01	5.232024e-01	4.819315e-01	5.629645e-01	4.649122e-01	4.813107e-01	4.958448e-01	4.946780e-01	4.988622e-01	4.860310e-01	0.000000e+00	1	1.050672e-01
8.650938e-01	5.218838e-01	5.183930e-02	3.263614e-02	3.455695e-01	5.159136e-01	5.097882e-01	4.678337e-01	5.083862e-01	5.020268e-01	4.804389e-01	5.737816e-01	4.683551e-01	5.579160e-01	5.032593e-01	0.000000e+00	1	1.033353e-01
3.104397e-01	3.198586e-01	8.978966e-01	7.066563e-01	5.095126e-01	4.671171e-01	4.868195e-01	5.122990e-01	5.039082e-01	5.172446e-01	4.961291e-01	5.259179e-01	4.986438e-01	5.049879e-01	5.038684e-01	0.000000e+00	1	9.994078e-02
6.343239e-01	5.971491e-01	5.338778e-01	3.500097e-01	4.807881e-01	4.697522e-01	4.785247e-01	5.426528e-01	3.944955e-01	4.650181e-01	4.992960e-01	5.403112e-01	5.050894e-01	4.631047e-01	5.564808e-01	0.000000e+00	1	9.743477e-02
7.241310e-01	7.073410e-01	9.112255e-03	5.730552e-03	4.925333e-01	4.770392e-01	5.035213e-01	4.894743e-01	5.173405e-01	4.507061e-01	5.010132e-01	5.657099e-01	4.929024e-01	4.867795e-01	5.662517e-01	0.000000e+00	1	9.596856e-02
7.483551e-01	6.581062e-01	1.032332e-01	6.571253e-02	4.592057e-01	4.779414e-01	5.223384e-01	5.025060e-01	5.083097e-01	5.020268e-01	4.804389e-01	4.916061e-01	4.970313e-01	5.189929e-01	5.029377e-01	0.000000e+00	1	9.030270e-02
3.524677e-01	8.874212e-01	3.390238e-01	2.171947e-01	7.593102e-01	4.913680e-01	5.048396e-01	5.111590e-01	5.063710e-01	5.013980e-01	4.848691e-01	5.271951e-01	5.028784e-01	4.596165e-01	3.981029e-01	0.000000e+00	1	8.998033e-02
4.798629e-01	8.163904e-01	3.438843e-01	2.217552e-01	6.617065e-01	4.756355e-01	4.872846e-01	5.071124e-01	4.957937e-01	4.998198e-01	4.890311e-01	5.446649e-01	5.604156e-01	4.895210e-01	4.720310e-01	0.000000e+00	1	8.785680e-02
1.327404e-01	9.962282e-01	6.061724e-02	3.835044e-02	9.156716e-01	4.756116e-01	5.150223e-01	5.011453e-01	5.600273e-01	4.759234e-01	5.070743e-01	4.970267e-01	5.132183e-01	4.617924e-01	5.126813e-01	0.000000e+00	1	8.654419e-02
9.549466e-01	3.281172e-01	1.645214e-01	1.028232e-01	2.106954e-01	4.746559e-01	3.891448e-01	4.817193e-01	5.212294e-01	4.953428e-01	5.816825e-01	5.257108e-01	4.561911e-01	5.017099e-01	4.918284e-01	0.000000e+00	1	8.459362e-02
5.592338e-01	3.729391e-01	7.522923e-01	5.357658e-01	3.744260e-01	4.850096e-01	5.026988e-01	5.002902e-01	5.036711e-01	4.696968e-01	5.486251e-01	5.727201e-01	4.985555e-01	4.980109e-01	4.951812e-01	0.000000e+00	1	8.421323e-02
5.619420e-01	2.570352e-01	7.928424e-01	5.785261e-01	2.731067e-01	4.839812e-01	5.121127e-01	5.138149e-01	4.705748e-01	4.864747e-01	5.130496e-01	5.245661e-01	4.946208e-01	4.474594e-01	4.983440e-01	0.000000e+00	1	8.387194e-02
5.911314e-01	4.217844e-01	7.115322e-01	4.935139e-01	3.945404e-01	4.855445e-01	5.028750e-01	5.002546e-01	5.030408e-01	4.696968e-01	6.185125e-01	5.381134e-01	5.000770e-01	4.981418e-01	4.951812e-01	0.000000e+00	1	8.356078e-02
3.582418e-01	9.019589e-01	2.616552e-01	1.676522e-01	7.593102e-01	4.934277e-01	5.048396e-01	5.056744e-01	5.229279e-01	4.911926e-01	4.848691e-01	5.271951e-01	5.028784e-01	4.596165e-01	5.429216e-01	0.000000e+00	1	8.285852e-02
2.557216e-01	1.871354e-01	9.733135e-01	7.996263e-01	4.021825e-01	4.110273e-01	4.771797e-01	5.080615e-01	4.929098e-01	4.651697e-01	4.586956e-01	4.245830e-01	4.254291e-01	4.708333e-01	4.947928e-01	0.000000e+00	1	8.012740e-02
2.382381e-02	4.777237e-01	8.851087e-01	6.845887e-01	9.682784e-01	4.739881e-01	5.157318e-01	5.032359e-01	5.619343e-01	4.906945e-01	5.094266e-01	5.014422e-01	5.033030e-01	5.008633e-01	5.335306e-01	0.000000e+00	1	7.784574e-02
7.942930e-01	2.305918e-01	5.717376e-01	3.850532e-01	1.798731e-01	4.740766e-01	4.977997e-01	4.857906e-01	5.185282e-01	4.774898e-01	4.798941e-01	4.736500e-01	5.429622e-01	4.938774e-01	4.725526e-01	0.000000e+00	1	7.766777e-02
7.014479e-01	6.851839e-01	2.476432e-01	1.574863e-01	4.925333e-01	4.770392e-01	5.035213e-01	5.017792e-01	5.191963e-01	4.423516e-01	5.201878e-01	4.410652e-01	4.929024e-01	5.145518e-01	5.545399e-01	0.000000e+00	1	7.761557e-02
6.764790e-01	7.413792e-01	1.408179e-02	8.931765e-03	5.291199e-01	4.944128e-01	5.119063e-01	5.100832e-01	4.950886e-01	5.055717e-01	4.437986e-01	5.104834e-01	5.096627e-01	5.038954e-01	5.043344e-01	0.000000e+00	1	7.644787e-02
1.157997e-01	8.327351e-01	5.573376e-01	3.726741e-01	9.120361e-01	4.755967e-01	5.150223e-01	5.011430e-01	5.023879e-01	5.062655e-01	5.029979e-01	4.412597e-01	5.646659e-01	5.139587e-01	4.999801e-01	0.000000e+00	1	7.638478e-02
5.031912e-01	3.565257e-01	7.912482e-01	5.785261e-01	3.924299e-01	4.997774e-01	5.111641e-01	5.137943e-01	5.035553e-01	4.853717e-01	5.377623e-01	5.294452e-01	4.946208e-01	5.179289e-01	4.983440e-01	0.000000e+00	1	7.401233e-02
3.789781e-01	8.662985e-01	3.760407e-01	2.409680e-01	7.374683e-01	4.913823e-01	5.799608e-01	5.070506e-01	4.979150e-01	4.897995e-01	5.033391e-01	5.933497e-01	4.559865e-01	4.825514e-01	4.979595e-01	0.000000e+00	1	7.391803e-02
2.492332e-01	1.881513e-01	9.591796e-01	7.996263e-01	4.116657e-01	5.044476e-01	5.098539e-01	4.819662e-01	4.929098e-01	4.657298e-01	4.791766e-01	4.245830e-01	4.977141e-01	4.697805e-01	4.947928e-01	0.000000e+00	1	7.349806e-02
1.130518e-01	8.188463e-01	6.173547e-01	4.083794e-01	9.126590e-01	3.721536e-01	4.806537e-01	4.551648e-01	4.697169e-01	4.882702e-01	4.932541e-01	4.526263e-01	5.215341e-01	4.048533e-01	4.892509e-01	0.000000e+00	1	7.219866e-02
5.141842e-01	4.278317e-01	7.486198e-01	5.357658e-01	4.418051e-01	4.850096e-01	4.833181e-01	4.961753e-01	5.036711e-01	4.696968e-01	5.486251e-01	5.041876e-01	5.030334e-01	4.980109e-01	4.912647e-01	0.000000e+00	1	7.146463e-02
6.600785e-01	6.001068e-01	4.554327e-01	3.005029e-01	4.697263e-01	4.925363e-01	5.223384e-01	4.855980e-01	5.083862e-01	5.020268e-01	4.804389e-01	4.945159e-01	4.970313e-01	5.188514e-01	5.032593e-01	0.000000e+00	1	7.083494e-02
4.131128e-01	3.015176e-01	8.629077e-01	6.593871e-01	4.013832e-01	4.997774e-01	5.111641e-01	5.137943e-01	4.948852e-01	4.853717e-01	5.377623e-01	5.271002e-01	4.946208e-01	5.179289e-01	5.046588e-01	0.000000e+00	1	7.055178e-02
9.991590e-01	4.083447e-02	5.004787e-02	3.183512e-02	2.600344e-02	4.935900e-01	5.046411e-01	5.137246e-01	5.038434e-01	4.929549e-01	5.123549e-01	5.271951e-01	4.945028e-01	4.974483e-01	4.993828e-01	0.000000e+00	1	7.034214e-02
7.734853e-01	3.505193e-01	5.870242e-01	3.850532e-01	2.708727e-01	4.740766e-01	4.977997e-01	3.343825e-01	5.185282e-01	4.899215e-01	5.480981e-01	4.736500e-01	4.997257e-01	5.113415e-01	4.743135e-01	0.000000e+00	1	6.815294e-02
1.356116e-02	4.811045e-01	8.906197e-01	6.845887e-01	9.820600e-01	4.705773e-01	5.061509e-01	5.033302e-01	5.619343e-01	4.906945e-01	5.085046e-01	5.014422e-01	5.793700e-01	5.035804e-01	5.335306e-01	0.000000e+00	1	6.701225e-02
8.799469e-01	5.089624e-01	2.306241e-03	1.444310e-03	3.338349e-01	4.747834e-01	5.153052e-01	5.065531e-01	4.872977e-01	4.785989e-01	5.073658e-01	5.930358e-01	4.585824e-01	5.676912e-01	4.991721e-01	0.000000e+00	1	6.487586e-02
4.966513e-01	5.604464e-01	6.810912e-01	4.698597e-01	5.383730e-01	4.883209e-01	4.948508e-01	5.117081e-01	5.447925e-01	4.751525e-01	4.941351e-01	5.319306e-01	4.251891e-01	4.868823e-01	4.499747e-01	0.000000e+00	1	6.464493e-02
6.013375e-01	4.010170e-01	7.082072e-01	4.935139e-01	3.744260e-01	4.937150e-01	5.047801e-01	5.002692e-01	5.036766e-01	4.695994e-01	5.038937e-01	6.042800e-01	4.985555e-01	4.980109e-01	4.952308e-01	0.000000e+00	1	6.429732e-02
4.230302e-01	8.628746e-01	3.205744e-01	2.049779e-01	7.098142e-01	5.647653e-01	4.872034e-01	5.071432e-01	4.992483e-01	4.911689e-01	4.848699e-01	5.805499e-01	5.051607e-01	4.878126e-01	5.408912e-01	0.000000e+00	1	6.355953e-02
6.042858e-01	6.805251e-01	4.803501e-01	3.091683e-01	5.377321e-01	5.142385e-01	5.101075e-01	6.132522e-01	4.585360e-01	4.754623e-01	4.429018e-01	5.250460e-01	4.160204e-01	5.458440e-01	5.242695e-01	0.000000e+00	1	6.348079e-02
9.960358e-01	3.804008e-02	8.393233e-02	5.348040e-02	2.430164e-02	4.939443e-01	5.051424e-01	5.053152e-01	4.993063e-01	4.899297e-01	5.084946e-01	4.976842e-01	5.003398e-01	5.040218e-01	4.984627e-01	0.000000e+00	1	6.332367e-02
4.093764e-01	3.087015e-01	8.650667e-01	6.593871e-01	4.113236e-01	4.996600e-01	5.111641e-01	5.134110e-01	4.764987e-01	5.049018e-01	5.601546e-01	5.261304e-01	4.915196e-01	5.179289e-01	5.046588e-01	0.000000e+00	1	6.270916e-02
