1.618071e-15	4.170911e-23	1.001564e+00	1.000000e+00	1.641019e-08	5.197517e-01	5.022580e-01	5.055903e-01	5.037974e-01	4.903952e-01	4.878690e-01	4.972507e-01	5.004595e-01	4.939512e-01	4.710362e-01	0.000000e+00	1	1.000000e+14
5.812035e-02	1.027404e+00	1.963694e-02	1.214692e-02	9.640247e-01	4.875637e-01	5.478301e-01	5.398508e-01	5.481960e-01	5.038055e-01	4.216416e-01	5.336336e-01	6.207569e-01	4.936886e-01	4.688061e-01	0.000000e+00	1	1.000000e+14
9.061303e-24	1.625891e-15	1.006404e+00	1.000000e+00	1.000000e+00	4.939111e-01	5.052374e-01	4.820802e-01	5.030265e-01	5.006336e-01	4.830123e-01	5.290222e-01	5.695888e-01	4.974488e-01	4.945968e-01	0.000000e+00	1	1.000000e+14
1.070543e+00	1.619494e-03	4.667397e-17	2.775558e-17	9.630636e-04	5.015142e-01	5.051424e-01	7.653039e-01	4.992960e-01	4.936448e-01	5.079909e-01	4.976842e-01	5.008793e-01	5.040218e-01	4.984855e-01	0.000000e+00	1	1.000000e+14
1.103451e-15	1.205326e-15	1.011511e+00	1.000000e+00	5.280726e-01	4.939111e-01	5.088247e-01	4.820802e-01	5.625290e-01	5.006337e-01	4.775590e-01	4.557993e-01	5.684109e-01	4.974488e-01	4.954782e-01	0.000000e+00	1	1.000000e+14
9.995607e-01	3.817470e-02	4.361097e-17	2.775558e-17	2.430164e-02	4.939443e-01	5.051424e-01	5.053152e-01	4.992898e-01	4.899297e-01	5.084946e-01	4.976842e-01	5.003398e-01	5.040218e-01	4.984855e-01	0.000000e+00	1	1.000000e+14
6.881837e-01	2.493610e-01	6.936712e-01	4.829025e-01	2.213090e-01	4.939443e-01	4.166630e-01	5.065198e-01	4.941457e-01	4.745114e-01	5.084913e-01	4.912755e-01	5.003398e-01	5.040218e-01	5.238836e-01	0.000000e+00	1	1.600222e-01
5.709155e-01	8.096585e-01	1.539890e-01	9.816694e-02	6.090127e-01	4.815460e-01	5.007359e-01	5.017898e-01	5.021065e-01	4.899297e-01	5.287170e-01	5.229817e-01	5.003453e-01	4.935485e-01	4.725420e-01	0.000000e+00	1	1.501801e-01
1.300913e-01	6.883777e-01	7.392417e-01	5.170982e-01	8.810924e-01	5.260243e-01	5.084153e-01	5.743963e-01	5.010576e-01	5.061681e-01	4.772777e-01	5.686706e-01	5.124605e-01	4.283685e-01	5.402761e-01	0.000000e+00	1	1.412770e-01
4.914335e-01	3.210419e-01	8.210645e-01	6.048647e-01	3.683960e-01	4.953201e-01	5.085460e-01	5.186106e-01	4.937091e-01	5.070748e-01	5.068586e-01	5.182168e-01	5.211034e-01	5.889413e-01	4.928048e-01	0.000000e+00	1	1.348995e-01
3.169973e-01	7.797527e-01	5.428106e-01	3.646344e-01	7.541834e-01	4.840488e-01	5.052494e-01	5.182547e-01	5.037613e-01	4.831228e-01	4.940701e-01	4.981691e-01	5.005360e-01	5.106016e-01	5.224904e-01	0.000000e+00	1	1.241969e-01
7.178688e-01	6.120376e-01	3.579362e-01	2.308680e-01	4.494456e-01	4.921162e-01	4.828986e-01	4.841305e-01	5.051378e-01	5.006178e-01	4.163246e-01	5.223718e-01	4.925225e-01	5.131257e-01	4.751377e-01	0.000000e+00	1	1.239068e-01
5.058509e-01	7.211551e-01	4.799665e-01	3.176079e-01	6.105827e-01	4.954698e-01	4.998413e-01	5.006348e-01	5.015564e-01	5.345331e-01	4.975555e-01	5.434954e-01	5.002338e-01	5.062276e-01	4.988857e-01	0.000000e+00	1	1.060063e-01
3.001440e-01	7.382969e-01	6.226217e-01	4.222008e-01	7.541834e-01	4.840488e-01	5.052494e-01	5.190033e-01	5.155287e-01	4.007091e-01	4.935551e-01	4.972297e-01	5.005377e-01	5.106016e-01	5.210719e-01	0.000000e+00	1	1.012615e-01
1.188544e-01	3.219803e-01	9.491364e-01	7.791059e-01	7.748789e-01	5.168816e-01	5.316802e-01	5.269335e-01	4.996701e-01	5.064741e-01	4.802353e-01	5.807571e-01	4.963853e-01	4.971650e-01	5.172092e-01	0.000000e+00	1	9.839951e-02
6.793185e-01	5.791705e-01	4.555320e-01	3.003843e-01	4.494456e-01	4.932208e-01	5.123697e-01	4.901240e-01	4.995858e-01	5.006178e-01	5.123199e-01	5.223718e-01	4.821681e-01	5.131257e-01	4.722742e-01	0.000000e+00	1	9.799283e-02
1.862659e-01	6.335262e-01	7.963700e-01	5.592762e-01	8.179544e-01	4.827832e-01	5.072392e-01	5.008871e-01	4.567535e-01	4.566049e-01	3.626777e-01	5.284099e-01	4.886572e-01	3.968784e-01	5.011535e-01	0.000000e+00	1	9.402277e-02
4.620003e-01	8.704316e-01	2.328172e-01	1.476974e-01	6.893545e-01	4.933062e-01	4.468295e-01	5.012213e-01	5.107354e-01	5.299435e-01	4.921024e-01	5.143066e-01	4.898437e-01	4.897702e-01	4.093882e-01	0.000000e+00	1	8.945878e-02
4.168721e-01	5.724707e-02	9.150840e-01	7.256171e-01	8.688056e-02	4.927197e-01	4.793106e-01	4.950124e-01	4.978961e-01	5.751932e-01	5.053118e-01	5.282070e-01	4.863819e-01	4.973431e-01	4.964523e-01	0.000000e+00	1	8.765889e-02
7.635503e-01	4.235184e-01	5.211263e-01	3.425606e-01	3.223980e-01	4.816913e-01	5.307528e-01	3.927511e-01	5.041750e-01	4.632383e-01	4.967026e-01	5.448504e-01	5.098271e-01	5.091571e-01	5.218660e-01	0.000000e+00	1	8.754983e-02
1.611161e-01	4.419527e-01	8.926007e-01	6.912285e-01	7.774491e-01	5.194249e-01	4.801223e-01	4.940538e-01	4.992920e-01	4.909034e-01	4.970849e-01	5.048666e-01	4.877476e-01	4.175664e-01	4.668421e-01	0.000000e+00	1	8.671159e-02
1.450607e-01	9.223941e-01	3.896459e-01	2.516753e-01	9.006951e-01	5.178117e-01	4.793113e-01	4.901240e-01	5.046769e-01	5.006336e-01	4.217780e-01	5.307637e-01	4.954042e-01	5.131257e-01	5.603809e-01	0.000000e+00	1	8.634367e-02
8.595594e-01	3.953570e-01	3.530613e-01	2.273764e-01	2.744468e-01	4.968773e-01	5.433106e-01	4.995387e-01	5.477862e-01	4.553151e-01	4.720112e-01	5.518020e-01	4.852361e-01	4.999349e-01	5.012455e-01	0.000000e+00	1	8.437956e-02
9.838397e-01	1.677458e-01	1.047646e-01	6.658249e-02	1.075106e-01	4.875637e-01	5.453229e-01	5.022205e-01	5.071098e-01	4.905953e-01	4.880107e-01	4.972593e-01	4.995071e-01	4.974252e-01	4.682149e-01	0.000000e+00	1	8.381756e-02
3.752327e-03	9.646048e-01	2.686336e-01	1.729102e-01	9.975236e-01	4.939111e-01	5.035504e-01	5.024867e-01	5.021064e-01	4.893610e-01	4.830123e-01	5.290222e-01	5.022270e-01	4.971722e-01	4.985562e-01	0.000000e+00	1	8.263579e-02
6.295545e-01	5.367429e-01	5.767640e-01	3.875856e-01	4.494456e-01	4.916921e-01	5.601775e-01	4.841305e-01	4.945579e-01	5.002105e-01	4.990049e-01	5.224827e-01	5.189219e-01	4.939073e-01	5.602878e-01	0.000000e+00	1	8.218637e-02
9.376369e-01	3.397496e-01	1.146879e-01	7.289060e-02	2.213090e-01	4.937877e-01	5.446763e-01	5.065198e-01	4.941457e-01	4.745111e-01	5.192310e-01	4.912755e-01	5.003398e-01	5.040218e-01	4.746576e-01	0.000000e+00	1	7.867816e-02
8.356095e-01	4.535065e-01	3.149653e-01	2.036576e-01	3.165534e-01	4.953201e-01	5.062521e-01	4.883705e-01	5.021572e-01	5.059866e-01	4.712628e-01	5.181559e-01	5.106303e-01	4.949911e-01	4.949244e-01	0.000000e+00	1	7.802033e-02
9.721388e-01	2.314988e-01	1.334473e-01	8.451282e-02	1.488286e-01	4.727122e-01	5.766621e-01	4.758949e-01	5.283458e-01	4.925997e-01	4.951426e-01	5.056370e-01	5.023927e-01	4.935295e-01	4.945859e-01	0.000000e+00	1	7.780131e-02
2.089233e-01	5.069451e-01	8.588343e-01	6.382719e-01	7.511373e-01	4.827832e-01	5.410313e-01	4.995387e-01	5.013268e-01	4.644432e-01	4.526060e-01	5.518020e-01	4.886572e-01	3.968784e-01	5.011535e-01	0.000000e+00	1	7.774558e-02
8.725108e-01	4.778305e-01	1.476384e-01	9.379760e-02	3.189702e-01	4.953106e-01	5.062042e-01	4.878718e-01	4.358349e-01	5.059866e-01	5.075394e-01	4.938069e-01	5.109791e-01	4.835312e-01	5.288686e-01	0.000000e+00	1	7.769052e-02
1.007650e+00	5.636204e-03	4.393257e-17	2.775558e-17	3.560841e-03	4.939443e-01	5.682091e-01	5.053152e-01	4.992898e-01	4.899297e-01	4.517110e-01	5.222690e-01	5.003398e-01	5.040218e-01	4.984855e-01	0.000000e+00	1	7.744491e-02
9.964965e-01	9.340723e-02	3.849609e-02	2.447414e-02	5.950010e-02	5.222800e-01	5.072695e-01	5.035343e-01	5.066077e-01	4.910693e-01	5.016806e-01	4.711962e-01	4.909761e-01	5.009069e-01	5.022100e-01	0.000000e+00	1	7.569458e-02
4.242915e-01	3.617407e-01	8.511330e-01	6.307970e-01	4.494456e-01	4.052365e-01	5.123697e-01	4.992883e-01	5.012234e-01	4.664943e-01	4.492651e-01	5.557014e-01	4.827581e-01	5.223595e-01	4.722742e-01	0.000000e+00	1	7.459308e-02
5.930879e-01	7.785036e-02	8.639455e-01	6.144687e-01	8.308943e-02	6.820364e-01	4.216870e-01	4.896813e-01	4.981910e-01	5.643850e-01	5.094668e-01	4.896377e-01	4.350911e-01	4.958634e-01	5.535175e-01	0.000000e+00	1	7.428077e-02
7.842022e-01	2.183803e-01	5.900561e-01	3.992933e-01	1.729018e-01	4.612230e-01	4.744990e-01	4.860523e-01	5.021410e-01	5.124378e-01	4.946087e-01	5.319738e-01	5.415646e-01	4.897966e-01	4.969699e-01	0.000000e+00	1	7.419023e-02
2.560138e-01	9.637870e-01	8.282883e-02	5.275688e-02	8.347098e-01	4.941612e-01	5.094172e-01	5.053152e-01	4.993259e-01	4.899297e-01	5.083319e-01	4.976842e-01	5.003398e-01	5.040218e-01	5.173294e-01	0.000000e+00	1	7.365805e-02
6.703618e-01	5.584382e-01	4.965864e-01	3.294090e-01	4.421739e-01	4.705138e-01	4.823924e-01	5.226664e-01	5.143387e-01	4.903277e-01	4.907146e-01	4.595169e-01	4.874254e-01	4.948774e-01	5.029299e-01	0.000000e+00	1	7.312754e-02
4.438424e-02	7.362457e-01	6.925383e-01	4.799552e-01	9.616681e-01	4.877203e-01	4.173096e-01	5.021533e-01	4.526279e-01	4.905956e-01	4.576015e-01	4.971328e-01	5.175148e-01	4.974143e-01	5.174489e-01	0.000000e+00	1	7.207460e-02
9.000790e-01	4.978221e-01	9.819958e-02	6.059531e-02	3.216268e-01	4.736666e-01	5.082764e-01	5.598367e-01	5.313929e-01	4.930718e-01	6.523782e-01	5.193240e-01	4.996504e-01	4.935160e-01	5.651351e-01	0.000000e+00	1	7.201549e-02
7.594112e-01	2.114766e-01	6.249230e-01	4.267255e-01	1.729018e-01	5.341262e-01	4.886081e-01	4.849115e-01	5.019451e-01	5.092365e-01	4.880482e-01	5.319738e-01	5.380615e-01	4.934388e-01	4.588608e-01	0.000000e+00	1	7.046284e-02
8.222360e-01	1.137153e-01	5.844368e-01	3.905435e-01	8.748959e-02	5.089673e-01	4.732407e-01	3.997979e-01	4.945168e-01	5.118901e-01	5.094647e-01	5.021377e-01	4.936059e-01	4.898534e-01	5.626368e-01	0.000000e+00	1	7.036867e-02
9.543572e-01	2.392812e-01	1.979093e-01	1.263688e-01	1.563926e-01	4.701940e-01	4.849227e-01	4.776651e-01	4.989580e-01	4.903277e-01	4.907146e-01	4.595169e-01	4.887850e-01	4.940435e-01	5.029299e-01	0.000000e+00	1	7.009828e-02
8.027936e-01	6.927151e-01	2.477047e-02	1.486922e-02	4.532253e-01	4.928558e-01	5.601775e-01	7.373484e-01	4.991443e-01	4.995667e-01	5.097443e-01	5.195894e-01	4.925225e-01	4.919940e-01	4.947012e-01	0.000000e+00	1	6.912567e-02
7.356236e-01	1.751766e-01	6.665791e-01	4.599548e-01	1.488286e-01	4.529317e-01	5.711857e-01	4.758949e-01	4.957937e-01	4.925997e-01	4.953016e-01	5.010425e-01	5.023927e-01	4.928299e-01	4.945859e-01	0.000000e+00	1	6.872580e-02
2.908281e-01	2.180292e-01	9.337491e-01	7.636729e-01	4.095367e-01	4.952873e-01	4.807777e-01	4.945615e-01	4.971795e-01	5.060295e-01	4.724244e-01	5.107173e-01	4.814750e-01	4.941031e-01	5.167856e-01	0.000000e+00	1	6.693199e-02
2.373565e-01	9.966140e-01	6.940603e-02	4.306327e-02	8.511537e-01	5.220884e-01	4.871053e-01	3.972533e-01	4.994471e-01	4.867388e-01	5.024021e-01	4.410437e-01	3.934855e-01	4.935160e-01	4.758942e-01	0.000000e+00	1	6.670794e-02
6.141894e-01	2.410686e-01	7.535399e-01	5.421597e-01	2.381105e-01	5.236207e-01	5.057170e-01	4.919290e-01	4.970928e-01	4.937640e-01	4.984544e-01	5.181260e-01	5.055198e-01	4.952208e-01	5.222242e-01	0.000000e+00	1	6.596345e-02
3.434446e-01	8.333561e-01	4.733955e-01	3.078745e-01	7.511373e-01	4.578478e-01	5.410313e-01	4.903745e-01	4.996891e-01	4.985667e-01	5.156608e-01	4.607813e-01	4.880672e-01	3.876446e-01	5.011535e-01	0.000000e+00	1	6.494290e-02
3.804315e-01	8.779670e-01	3.366546e-01	2.153756e-01	7.396939e-01	4.482026e-01	4.990828e-01	4.820601e-01	5.544375e-01	4.579618e-01	5.188572e-01	5.371168e-01	5.685566e-01	5.130953e-01	5.011535e-01	0.000000e+00	1	6.455714e-02
3.920481e-01	8.985129e-01	2.768096e-01	1.751990e-01	7.380768e-01	4.542953e-01	4.159193e-01	4.835690e-01	5.278966e-01	4.895337e-01	4.782036e-01	4.881300e-01	4.974642e-01	4.975818e-01	5.877888e-01	0.000000e+00	1	6.443119e-02
7.361697e-01	3.995380e-01	5.548970e-01	3.724867e-01	3.165534e-01	4.953201e-01	5.062042e-01	4.877503e-01	4.409892e-01	5.059866e-01	4.918973e-01	5.276910e-01	5.109791e-01	4.949911e-01	4.949244e-01	0.000000e+00	1	6.206025e-02
8.713516e-02	4.648089e-01	8.973465e-01	6.912285e-01	8.820257e-01	5.194249e-01	5.074755e-01	5.738377e-01	4.992920e-01	4.910420e-01	5.019880e-01	5.048666e-01	5.118478e-01	4.175664e-01	5.374603e-01	0.000000e+00	1	6.153007e-02
1.070543e+00	1.619494e-03	4.667397e-17	2.775558e-17	9.630636e-04	5.015142e-01	5.051424e-01	7.653039e-01	4.992960e-01	4.936448e-01	5.079909e-01	4.976842e-01	5.008793e-01	5.040218e-01	4.984855e-01	0.000000e+00	1	6.032511e-02
6.075614e-01	1.971074e-01	7.781478e-01	5.624387e-01	1.997144e-01	4.762273e-01	4.823924e-01	4.671062e-01	5.229777e-01	5.344073e-01	5.184772e-01	4.595169e-01	5.322705e-01	4.948774e-01	5.029299e-01	0.000000e+00	1	6.007285e-02
4.395734e-01	1.796523e-01	9.010701e-01	6.912285e-01	2.469965e-01	4.345266e-01	5.101945e-01	5.738377e-01	5.000187e-01	5.135131e-01	4.876019e-01	5.048666e-01	5.118478e-01	4.175664e-01	5.374603e-01	0.000000e+00	1	5.927044e-02
