5.711909e-02	1.009705e+00	1.929864e-02	1.214692e-02	9.640247e-01	4.851160e-01	5.124996e-01	5.398508e-01	5.060560e-01	5.038674e-01	4.216416e-01	5.336336e-01	5.066858e-01	5.345912e-01	4.688061e-01	0.000000e+00	1	1.000000e+14
1.060346e+00	1.604067e-03	4.622938e-17	2.775558e-17	9.630636e-04	5.008482e-01	5.051510e-01	7.437942e-01	5.040600e-01	4.910730e-01	4.730440e-01	4.945945e-01	5.001248e-01	4.984730e-01	4.945590e-01	0.000000e+00	1	1.000000e+14
9.584419e-16	1.327419e-15	1.013448e+00	1.000000e+00	6.018826e-01	4.931162e-01	5.707096e-01	4.820802e-01	5.124240e-01	5.006336e-01	4.971402e-01	5.484215e-01	5.695888e-01	4.976469e-01	4.731000e-01	0.000000e+00	1	1.000000e+14
9.061303e-24	1.625891e-15	1.006404e+00	1.000000e+00	1.000000e+00	4.939111e-01	5.052374e-01	4.820802e-01	5.030265e-01	5.006336e-01	4.830123e-01	5.290222e-01	5.695888e-01	4.974488e-01	4.945968e-01	0.000000e+00	1	1.000000e+14
9.995607e-01	3.817470e-02	4.361097e-17	2.775558e-17	2.430164e-02	4.939443e-01	5.051424e-01	5.053152e-01	4.992898e-01	4.899297e-01	5.084946e-01	4.976842e-01	5.003398e-01	5.040218e-01	4.984855e-01	0.000000e+00	1	1.000000e+14
1.618071e-15	4.170911e-23	1.001564e+00	1.000000e+00	1.641019e-08	5.197517e-01	5.022580e-01	5.055903e-01	5.037974e-01	4.903952e-01	4.878690e-01	4.972507e-01	5.004595e-01	4.939512e-01	4.710362e-01	0.000000e+00	1	1.000000e+14
3.967979e-01	9.080740e-01	1.522043e-01	9.701979e-02	7.377365e-01	5.221921e-01	5.002082e-01	4.838867e-01	5.214919e-01	5.008938e-01	4.767431e-01	4.831595e-01	4.974355e-01	4.943099e-01	4.770908e-01	0.000000e+00	1	1.504076e-01
4.623621e-01	8.466133e-01	3.702056e-01	2.332842e-01	6.817740e-01	5.178117e-01	4.978426e-01	4.910380e-01	5.044324e-01	4.961012e-01	4.199160e-01	5.517167e-01	6.031541e-01	3.902507e-01	4.679177e-01	0.000000e+00	1	1.468228e-01
3.369623e-01	9.492127e-01	6.617650e-02	4.176609e-02	7.828397e-01	4.944817e-01	5.433106e-01	4.995387e-01	5.477862e-01	4.929080e-01	4.720112e-01	5.644658e-01	4.852361e-01	5.045250e-01	5.012455e-01	0.000000e+00	1	1.454117e-01
9.883370e-01	2.736239e-02	2.445320e-01	1.543532e-01	1.762050e-02	4.903719e-01	5.037941e-01	5.024867e-01	5.184753e-01	4.996548e-01	5.107198e-01	5.949842e-01	5.942468e-01	4.970365e-01	4.951855e-01	0.000000e+00	1	1.426545e-01
1.600825e-01	8.696167e-01	4.809300e-01	3.171298e-01	8.841060e-01	4.966019e-01	5.593414e-01	5.057325e-01	5.015985e-01	4.930681e-01	4.717549e-01	5.458687e-01	5.000059e-01	5.059880e-01	4.989494e-01	0.000000e+00	1	1.253232e-01
7.582183e-01	4.205609e-01	5.174871e-01	3.425606e-01	3.223980e-01	4.827398e-01	5.104595e-01	5.510901e-01	5.541822e-01	4.632383e-01	4.943732e-01	4.588186e-01	5.055456e-01	5.138270e-01	5.218660e-01	0.000000e+00	1	1.234030e-01
8.700523e-02	3.496913e-01	9.409869e-01	7.671730e-01	8.447575e-01	5.155219e-01	5.100811e-01	5.006708e-01	5.014596e-01	4.988401e-01	4.216416e-01	5.336336e-01	5.008059e-01	5.027574e-01	4.997251e-01	0.000000e+00	1	1.149532e-01
7.741727e-01	3.841152e-01	5.587711e-01	3.653882e-01	2.932097e-01	4.826196e-01	5.007359e-01	5.017898e-01	5.038487e-01	4.648225e-01	5.291011e-01	6.528422e-01	5.065877e-01	5.506862e-01	4.725420e-01	0.000000e+00	1	1.139914e-01
3.754094e-01	9.344419e-01	1.117792e-01	7.037584e-02	7.568038e-01	5.196319e-01	5.010515e-01	5.018393e-01	5.001632e-01	4.904348e-01	4.767431e-01	5.019531e-01	4.974642e-01	4.975818e-01	6.103561e-01	0.000000e+00	1	1.111194e-01
1.370803e-01	7.040907e-01	7.080441e-01	4.958612e-01	8.775871e-01	5.197010e-01	5.056377e-01	5.057547e-01	5.025283e-01	5.064741e-01	4.672775e-01	5.792152e-01	5.038747e-01	4.939489e-01	4.992037e-01	0.000000e+00	1	1.098373e-01
5.570667e-01	7.909151e-01	2.750494e-01	1.763484e-01	6.093527e-01	4.568392e-01	5.007359e-01	5.017820e-01	5.021065e-01	4.896033e-01	5.287170e-01	5.455787e-01	5.003453e-01	4.968204e-01	4.707908e-01	0.000000e+00	1	1.093448e-01
5.318069e-01	1.368435e-01	8.601222e-01	6.382719e-01	1.603354e-01	4.088183e-01	5.410313e-01	4.995387e-01	5.016672e-01	4.294130e-01	4.518622e-01	5.418642e-01	4.701063e-01	4.771672e-01	5.000617e-01	0.000000e+00	1	1.071185e-01
2.025796e-02	6.304165e-02	9.990284e-01	9.578659e-01	8.020620e-01	5.196140e-01	5.022307e-01	5.076700e-01	5.049695e-01	4.903952e-01	4.877799e-01	4.972507e-01	5.010134e-01	4.966839e-01	5.220459e-01	0.000000e+00	1	1.071159e-01
6.451976e-01	2.532393e-01	7.249886e-01	5.143058e-01	2.381105e-01	4.585917e-01	4.975754e-01	4.886612e-01	4.970928e-01	4.937640e-01	5.002696e-01	5.173343e-01	5.169739e-01	4.952191e-01	5.222877e-01	0.000000e+00	1	1.060204e-01
6.664478e-01	4.657027e-01	5.957885e-01	4.025964e-01	3.882802e-01	5.187930e-01	5.050705e-01	4.754757e-01	5.037770e-01	5.142428e-01	4.946087e-01	4.313774e-01	5.445254e-01	5.067696e-01	4.985130e-01	0.000000e+00	1	9.977957e-02
4.453266e-01	3.982217e-01	8.360322e-01	6.050148e-01	4.644872e-01	5.167796e-01	4.790804e-01	5.012727e-01	5.197878e-01	5.001459e-01	4.163246e-01	5.082647e-01	4.928628e-01	3.627132e-01	4.784864e-01	0.000000e+00	1	9.795915e-02
8.216332e-01	5.199693e-01	3.174977e-01	2.009261e-01	3.591957e-01	5.178117e-01	5.132618e-01	4.910380e-01	5.044324e-01	5.049733e-01	4.199160e-01	5.517167e-01	6.031541e-01	5.413207e-01	4.715121e-01	0.000000e+00	1	9.755939e-02
1.235028e-01	6.535146e-01	7.688689e-01	5.459972e-01	8.810924e-01	5.228948e-01	5.482126e-01	5.037185e-01	4.999860e-01	5.061681e-01	4.772777e-01	5.725758e-01	4.913118e-01	4.242178e-01	5.458958e-01	0.000000e+00	1	9.625779e-02
8.222360e-01	1.137153e-01	5.844368e-01	3.905435e-01	8.748959e-02	5.089673e-01	4.732407e-01	3.997979e-01	4.945168e-01	5.118901e-01	5.094647e-01	5.021377e-01	4.936059e-01	4.898534e-01	5.626368e-01	0.000000e+00	1	9.370916e-02
7.034481e-01	6.290401e-01	3.580578e-01	2.308680e-01	4.644872e-01	5.167796e-01	4.798866e-01	4.842570e-01	5.054017e-01	5.006327e-01	4.163246e-01	5.227619e-01	4.928628e-01	5.131257e-01	4.751377e-01	0.000000e+00	1	9.267714e-02
1.050500e+00	1.589173e-03	1.810458e-01	1.086492e-01	9.630636e-04	5.418218e-01	5.051424e-01	7.516371e-01	5.011256e-01	4.909696e-01	4.719885e-01	4.976842e-01	5.002706e-01	5.040218e-01	4.984855e-01	0.000000e+00	1	9.138792e-02
2.288225e-01	5.405265e-01	8.383643e-01	6.111434e-01	7.450609e-01	4.827893e-01	5.409538e-01	4.771958e-01	5.572687e-01	4.633435e-01	4.943732e-01	4.588186e-01	5.036128e-01	3.813330e-01	5.218660e-01	0.000000e+00	1	9.102985e-02
5.319198e-01	8.075727e-01	3.607528e-01	2.273166e-01	6.292056e-01	4.953240e-01	4.998159e-01	4.822101e-01	5.122226e-01	5.006336e-01	4.794989e-01	6.038841e-01	5.695888e-01	4.976663e-01	3.752463e-01	0.000000e+00	1	9.097179e-02
1.043165e-01	9.851834e-01	1.539872e-01	9.816694e-02	9.328415e-01	4.815460e-01	5.017970e-01	5.017898e-01	5.021065e-01	4.907178e-01	5.287170e-01	5.229817e-01	5.009480e-01	4.935485e-01	4.725420e-01	0.000000e+00	1	8.991539e-02
9.721388e-01	2.314988e-01	1.334473e-01	8.451282e-02	1.488286e-01	4.727122e-01	5.766621e-01	4.758949e-01	5.283458e-01	4.925997e-01	4.951426e-01	5.056370e-01	5.023927e-01	4.935295e-01	4.945859e-01	0.000000e+00	1	8.824549e-02
9.281120e-01	1.222887e-02	4.572656e-01	2.914083e-01	8.387660e-03	4.561333e-01	5.050787e-01	5.164586e-01	4.998701e-01	4.985699e-01	4.114402e-01	4.964875e-01	5.763584e-01	3.630410e-01	4.931032e-01	0.000000e+00	1	8.803132e-02
1.880216e-01	6.042653e-01	7.884665e-01	5.694295e-01	8.079564e-01	5.185109e-01	5.316802e-01	4.912252e-01	4.551035e-01	5.064741e-01	4.672775e-01	5.792152e-01	4.862965e-01	4.971650e-01	4.991530e-01	0.000000e+00	1	8.775763e-02
3.691961e-01	2.439974e-01	9.107997e-01	7.120649e-01	3.717805e-01	5.039383e-01	4.972227e-01	5.186106e-01	4.927332e-01	4.830022e-01	4.935532e-01	5.184393e-01	5.694221e-01	5.816109e-01	4.932118e-01	0.000000e+00	1	8.774334e-02
7.011304e-01	2.717661e-01	6.628452e-01	4.599548e-01	2.354099e-01	4.814627e-01	5.092201e-01	4.758949e-01	5.037296e-01	4.925997e-01	4.811737e-01	5.295064e-01	5.023927e-01	4.922000e-01	4.945856e-01	0.000000e+00	1	8.648099e-02
7.119079e-01	1.131312e-02	7.030066e-01	4.959549e-01	1.011585e-02	5.154960e-01	5.020752e-01	5.070181e-01	5.026414e-01	4.903952e-01	4.878652e-01	5.015362e-01	5.003389e-01	4.939512e-01	4.996764e-01	0.000000e+00	1	8.585075e-02
9.204178e-01	3.649915e-02	4.197664e-01	2.722097e-01	2.523193e-02	5.028190e-01	5.043222e-01	4.854779e-01	5.012811e-01	4.983067e-01	4.704776e-01	4.964875e-01	4.967590e-01	3.946437e-01	4.936194e-01	0.000000e+00	1	8.510183e-02
9.003591e-01	4.998554e-01	7.976644e-02	4.921282e-02	3.226430e-01	4.607448e-01	5.043222e-01	4.995907e-01	4.951886e-01	4.922906e-01	4.704389e-01	4.592435e-01	4.866066e-01	3.314255e-01	4.891686e-01	0.000000e+00	1	8.434356e-02
1.034446e+00	2.662778e-03	1.782794e-01	1.086492e-01	1.638726e-03	5.232028e-01	5.051424e-01	7.186935e-01	5.010659e-01	5.357574e-01	4.985935e-01	4.976842e-01	5.002706e-01	5.042614e-01	4.984217e-01	0.000000e+00	1	8.431169e-02
8.911568e-01	5.728326e-01	1.425239e-02	8.564217e-03	3.636975e-01	5.044880e-01	5.043859e-01	7.417736e-01	5.105603e-01	4.910730e-01	4.719885e-01	4.976842e-01	5.002706e-01	4.977778e-01	4.988690e-01	0.000000e+00	1	8.417016e-02
2.545507e-01	1.525498e-01	9.603884e-01	8.092084e-01	3.437094e-01	4.609648e-01	5.125187e-01	5.144459e-01	4.996773e-01	5.062005e-01	4.704776e-01	5.084411e-01	4.862833e-01	5.456835e-01	4.931032e-01	0.000000e+00	1	8.203964e-02
7.372876e-01	4.180492e-01	5.561535e-01	3.696906e-01	3.283739e-01	4.827337e-01	5.105370e-01	5.734330e-01	4.977462e-01	4.643379e-01	4.526060e-01	5.518020e-01	4.905900e-01	5.293725e-01	5.279040e-01	0.000000e+00	1	8.144653e-02
5.822908e-01	1.422587e-01	8.025618e-01	5.916080e-01	1.525436e-01	5.191633e-01	4.976665e-01	5.070958e-01	4.812942e-01	4.993706e-01	4.945851e-01	5.155712e-01	4.804622e-01	4.985208e-01	5.165010e-01	0.000000e+00	1	7.793645e-02
6.818032e-01	6.096848e-01	4.267313e-01	2.779072e-01	4.644872e-01	5.167796e-01	4.790804e-01	4.842570e-01	5.209389e-01	5.001459e-01	4.163246e-01	5.082647e-01	4.928628e-01	5.131257e-01	4.756361e-01	0.000000e+00	1	7.566177e-02
8.003939e-01	7.502543e-02	6.079573e-01	4.122074e-01	5.950010e-02	5.223175e-01	5.072695e-01	4.668335e-01	5.067978e-01	4.910693e-01	5.031765e-01	4.858738e-01	5.018939e-01	4.231176e-01	4.981717e-01	0.000000e+00	1	7.449939e-02
8.655085e-01	2.227109e-01	4.753380e-01	3.111931e-01	1.603354e-01	4.827832e-01	5.410313e-01	4.825230e-01	5.028182e-01	4.294130e-01	4.701662e-01	5.308491e-01	4.701063e-01	5.472916e-01	4.983032e-01	0.000000e+00	1	7.440566e-02
6.292379e-01	2.071486e-01	7.565700e-01	5.421597e-01	2.024648e-01	5.236207e-01	4.999278e-01	4.919290e-01	5.598195e-01	4.937640e-01	4.990898e-01	5.286435e-01	5.055198e-01	4.952208e-01	5.222242e-01	0.000000e+00	1	7.355340e-02
2.029916e-01	5.481075e-01	8.348272e-01	6.111434e-01	7.741988e-01	4.827893e-01	5.409538e-01	4.796197e-01	5.483414e-01	5.152500e-01	4.943732e-01	4.588186e-01	5.068129e-01	3.909624e-01	5.218660e-01	0.000000e+00	1	7.329741e-02
9.594161e-01	3.377730e-01	1.867705e-02	1.168853e-02	2.155020e-01	5.226459e-01	5.494750e-01	5.035343e-01	5.066077e-01	6.155660e-01	5.016806e-01	4.711146e-01	4.914881e-01	5.043945e-01	5.028902e-01	0.000000e+00	1	7.275679e-02
3.002310e-01	9.405056e-01	3.029230e-01	1.895293e-01	8.032858e-01	4.944817e-01	5.433106e-01	4.544989e-01	6.487990e-01	4.991841e-01	4.720498e-01	5.684001e-01	4.852274e-01	5.298982e-01	5.010967e-01	0.000000e+00	1	7.163107e-02
5.575548e-01	1.943684e-01	8.186892e-01	6.022193e-01	2.135444e-01	5.194033e-01	4.972227e-01	5.070958e-01	4.935427e-01	5.017902e-01	4.945851e-01	5.183252e-01	4.804622e-01	5.889413e-01	5.163739e-01	0.000000e+00	1	7.078885e-02
7.985321e-01	4.785525e-01	4.384303e-01	2.802009e-01	3.437094e-01	4.609648e-01	5.043222e-01	5.144459e-01	4.998556e-01	4.985699e-01	4.704776e-01	4.964875e-01	5.763584e-01	3.567969e-01	4.931032e-01	0.000000e+00	1	7.038698e-02
4.741093e-01	2.714417e-01	9.106313e-01	6.559910e-01	3.310269e-01	5.052976e-01	6.798044e-01	4.795150e-01	4.923336e-01	5.004291e-01	4.933966e-01	5.184393e-01	5.694221e-01	5.816109e-01	3.687101e-01	0.000000e+00	1	6.869919e-02
3.169973e-01	7.797527e-01	5.428106e-01	3.646344e-01	7.541834e-01	4.840488e-01	5.052494e-01	5.182547e-01	5.037613e-01	4.831228e-01	4.940701e-01	4.981691e-01	5.005360e-01	5.106016e-01	5.224904e-01	0.000000e+00	1	6.773808e-02
2.394477e-03	5.813003e-01	8.329510e-01	6.121037e-01	9.973777e-01	5.403032e-01	5.449488e-01	5.408773e-01	5.060560e-01	4.655031e-01	4.216416e-01	5.336025e-01	5.066858e-01	5.345912e-01	5.261701e-01	0.000000e+00	1	6.615946e-02
4.948946e-01	7.234598e-01	5.892752e-01	3.768006e-01	6.180587e-01	4.636157e-01	4.978426e-01	3.540648e-01	5.044324e-01	4.926927e-01	4.199160e-01	4.342357e-01	6.031541e-01	3.902507e-01	4.911637e-01	0.000000e+00	1	6.315292e-02
