1.618071e-15	4.170911e-23	1.001564e+00	1.000000e+00	1.641019e-08	5.197517e-01	5.022580e-01	5.055903e-01	5.037974e-01	4.903952e-01	4.878690e-01	4.972507e-01	5.004595e-01	4.939512e-01	4.710362e-01	0.000000e+00	1	1.000000e+14
8.810136e-04	1.007289e+00	4.391615e-17	2.775558e-17	9.994432e-01	4.825153e-01	5.062976e-01	5.022582e-01	4.992686e-01	4.695237e-01	5.311775e-01	5.696766e-01	4.996585e-01	4.864990e-01	5.003447e-01	0.000000e+00	1	1.000000e+14
3.061884e-25	1.619278e-15	1.002311e+00	1.000000e+00	1.000000e+00	5.029582e-01	5.078178e-01	5.141321e-01	4.994568e-01	4.910310e-01	5.046070e-01	5.290222e-01	4.742418e-01	4.974488e-01	5.206635e-01	0.000000e+00	1	1.000000e+14
1.616518e-15	1.334745e-16	1.004007e+00	1.000000e+00	5.244620e-02	5.197517e-01	5.022580e-01	5.055903e-01	4.677694e-01	4.903952e-01	4.879602e-01	5.002117e-01	5.004245e-01	4.954707e-01	4.522071e-01	0.000000e+00	1	1.000000e+14
9.995607e-01	3.817470e-02	4.361097e-17	2.775558e-17	2.430164e-02	4.939443e-01	5.051424e-01	5.053152e-01	4.992898e-01	4.899297e-01	5.084946e-01	4.976842e-01	5.003398e-01	5.040218e-01	4.984855e-01	0.000000e+00	1	1.000000e+14
1.078677e+00	2.077146e-04	5.161400e-04	3.046183e-04	1.225901e-04	4.857866e-01	5.117348e-01	7.795069e-01	5.038717e-01	4.996202e-01	4.878605e-01	4.972439e-01	5.004474e-01	4.935898e-01	4.984855e-01	0.000000e+00	1	1.000000e+14
4.370158e-01	2.180434e-01	8.747137e-01	6.758163e-01	2.946257e-01	4.940330e-01	5.072841e-01	5.081205e-01	5.144418e-01	4.862435e-01	4.875834e-01	5.146974e-01	4.984352e-01	4.860817e-01	4.734587e-01	0.000000e+00	1	1.327743e-01
8.638071e-01	5.202108e-01	1.523750e-02	9.619373e-03	3.450847e-01	5.132694e-01	5.042229e-01	4.448157e-01	4.995457e-01	5.478364e-01	4.936255e-01	5.147009e-01	5.002870e-01	5.158717e-01	4.506570e-01	0.000000e+00	1	1.298566e-01
5.268787e-01	3.107491e-01	8.016502e-01	5.850546e-01	3.392421e-01	4.941072e-01	4.873300e-01	4.874920e-01	4.889458e-01	4.987587e-01	4.304704e-01	4.656931e-01	5.122384e-01	5.341718e-01	5.237755e-01	0.000000e+00	1	1.135082e-01
7.074247e-01	4.307507e-01	5.704173e-01	3.839478e-01	3.481914e-01	5.173857e-01	5.027295e-01	4.895000e-01	4.981946e-01	5.478364e-01	4.936255e-01	5.147009e-01	5.038554e-01	5.158717e-01	4.506570e-01	0.000000e+00	1	1.112929e-01
8.902561e-01	3.301474e-01	3.518939e-01	2.259463e-01	2.260785e-01	5.411546e-01	5.014872e-01	5.019876e-01	4.443423e-01	4.905057e-01	4.938269e-01	5.712351e-01	4.739663e-01	4.874079e-01	4.578686e-01	0.000000e+00	1	1.098265e-01
8.098572e-01	2.693448e-01	5.284159e-01	3.529240e-01	2.044028e-01	4.681148e-01	5.051913e-01	4.908987e-01	4.930456e-01	4.903550e-01	5.047341e-01	5.182981e-01	4.589314e-01	4.892846e-01	5.196349e-01	0.000000e+00	1	1.096974e-01
3.836240e-01	7.588141e-01	5.359114e-01	3.580271e-01	7.020088e-01	4.793742e-01	5.053085e-01	5.053152e-01	5.007426e-01	4.905183e-01	5.044760e-01	5.492586e-01	4.556066e-01	5.088612e-01	4.983587e-01	0.000000e+00	1	1.070287e-01
5.574755e-01	1.817678e-01	8.151485e-01	6.030158e-01	2.006537e-01	4.681148e-01	5.053755e-01	4.926783e-01	4.930456e-01	4.903550e-01	5.043026e-01	5.262630e-01	4.589314e-01	4.893591e-01	5.196349e-01	0.000000e+00	1	1.061338e-01
7.963587e-01	4.674339e-01	4.227087e-01	2.732990e-01	3.379045e-01	4.817310e-01	5.026996e-01	4.707261e-01	5.042560e-01	5.028722e-01	5.081303e-01	4.685637e-01	5.071160e-01	6.145823e-01	4.898691e-01	0.000000e+00	1	1.052689e-01
6.251364e-01	7.843868e-01	1.628995e-01	1.024974e-01	5.716227e-01	4.688086e-01	4.963798e-01	4.610905e-01	5.387783e-01	4.971160e-01	4.809556e-01	5.470479e-01	5.927376e-01	5.167982e-01	5.263794e-01	0.000000e+00	1	1.048737e-01
2.375021e-02	9.586999e-01	2.913562e-01	1.877726e-01	9.842320e-01	5.029582e-01	5.078178e-01	5.141321e-01	4.994568e-01	4.910310e-01	4.942277e-01	5.290222e-01	4.742418e-01	4.974488e-01	5.195059e-01	0.000000e+00	1	1.024961e-01
4.120355e-01	8.900644e-01	2.453896e-01	1.560726e-01	7.239919e-01	4.961513e-01	5.350637e-01	4.836077e-01	5.379423e-01	4.599998e-01	4.316109e-01	4.693614e-01	5.020795e-01	4.929275e-01	4.713950e-01	0.000000e+00	1	9.869583e-02
6.445483e-01	7.310680e-01	2.438434e-01	1.560726e-01	5.399877e-01	4.961513e-01	5.350637e-01	5.029070e-01	5.379423e-01	5.069540e-01	5.299966e-01	4.693614e-01	5.020795e-01	4.929275e-01	4.939324e-01	0.000000e+00	1	9.840502e-02
5.753528e-01	8.283246e-01	8.600611e-02	5.415854e-02	6.135136e-01	4.934251e-01	5.061382e-01	5.031963e-01	5.165219e-01	5.228498e-01	4.875834e-01	5.999756e-01	4.984352e-01	5.213997e-01	4.734587e-01	0.000000e+00	1	9.371535e-02
9.487035e-01	8.186399e-02	3.195735e-01	2.061339e-01	5.479843e-02	4.692166e-01	4.948244e-01	5.053962e-01	4.948554e-01	5.473662e-01	5.056863e-01	5.017439e-01	4.741788e-01	5.211103e-01	5.015846e-01	0.000000e+00	1	9.295196e-02
5.917585e-01	1.309065e-01	8.076073e-01	5.901532e-01	1.385984e-01	4.697972e-01	5.504002e-01	5.151366e-01	4.656321e-01	4.913198e-01	5.051794e-01	4.792702e-01	4.761077e-01	4.490828e-01	5.341598e-01	0.000000e+00	1	9.265778e-02
3.167626e-01	1.872973e-01	9.515862e-01	7.650861e-01	3.399471e-01	4.952142e-01	6.352563e-01	4.874039e-01	4.845475e-01	4.985663e-01	4.817843e-01	4.791689e-01	5.015632e-01	5.074106e-01	4.731202e-01	0.000000e+00	1	9.221828e-02
6.305515e-02	9.968068e-01	1.170172e-01	7.424654e-02	9.597828e-01	5.190543e-01	4.592233e-01	5.073881e-01	5.258252e-01	5.297359e-01	5.274386e-01	4.950534e-01	5.139561e-01	4.843460e-01	4.720398e-01	0.000000e+00	1	9.200963e-02
9.209665e-01	1.221178e-01	3.761987e-01	2.449434e-01	8.392456e-02	4.681148e-01	4.948244e-01	5.053582e-01	4.948554e-01	5.069540e-01	5.056863e-01	5.017439e-01	4.741788e-01	5.211103e-01	5.033722e-01	0.000000e+00	1	9.194875e-02
3.949984e-01	8.030390e-01	4.643578e-01	3.047087e-01	7.089819e-01	4.724792e-01	5.521431e-01	5.030608e-01	5.134144e-01	5.374599e-01	4.875834e-01	5.466307e-01	4.977378e-01	4.894866e-01	4.732641e-01	0.000000e+00	1	9.188820e-02
5.007118e-01	3.328996e-01	8.295664e-01	6.007228e-01	3.735340e-01	5.166278e-01	4.679659e-01	5.031558e-01	5.048182e-01	4.988443e-01	6.445314e-01	4.755540e-01	4.991196e-01	5.051732e-01	4.587169e-01	0.000000e+00	1	9.100482e-02
1.996231e-01	9.930511e-01	1.509497e-01	9.417902e-02	8.737099e-01	4.814287e-01	6.352563e-01	4.573553e-01	5.300188e-01	4.985559e-01	4.805121e-01	4.747314e-01	4.718350e-01	4.976418e-01	5.304029e-01	0.000000e+00	1	8.766468e-02
2.609191e-01	9.302505e-01	2.958719e-01	1.891843e-01	8.259124e-01	4.934992e-01	4.967504e-01	4.767684e-01	5.159983e-01	4.679600e-01	4.304704e-01	4.756603e-01	5.336357e-01	5.379417e-01	5.237755e-01	0.000000e+00	1	8.574423e-02
6.621891e-01	5.530800e-01	5.153631e-01	3.427892e-01	4.429959e-01	4.783999e-01	5.051424e-01	5.006221e-01	4.980367e-01	4.928483e-01	4.902933e-01	4.980707e-01	5.003398e-01	5.218625e-01	4.378819e-01	0.000000e+00	1	8.355605e-02
4.770454e-01	6.608775e-01	5.923822e-01	4.001036e-01	6.019654e-01	4.783999e-01	5.051424e-01	5.011417e-01	4.980367e-01	4.928483e-01	4.920315e-01	5.513760e-01	5.029526e-01	5.218625e-01	4.379016e-01	0.000000e+00	1	8.161487e-02
9.271284e-01	5.772107e-02	3.826165e-01	2.487377e-01	3.958352e-02	4.843168e-01	5.408872e-01	5.195861e-01	5.114019e-01	5.006401e-01	4.916876e-01	4.773418e-01	4.980754e-01	4.893388e-01	4.612092e-01	0.000000e+00	1	8.151979e-02
2.316399e-02	8.722930e-01	4.981960e-01	3.302606e-01	9.830984e-01	5.173857e-01	5.027295e-01	4.745661e-01	4.964939e-01	5.506957e-01	4.936255e-01	5.074344e-01	4.740200e-01	4.892908e-01	5.194777e-01	0.000000e+00	1	7.976068e-02
1.385994e-01	6.917934e-01	7.158688e-01	5.046256e-01	8.741211e-01	4.814287e-01	5.049903e-01	4.573553e-01	5.134811e-01	4.985559e-01	4.805121e-01	4.747314e-01	4.718350e-01	4.973840e-01	5.304029e-01	0.000000e+00	1	7.798757e-02
7.646118e-01	3.856581e-01	5.310293e-01	3.533654e-01	2.973962e-01	4.957935e-01	5.018606e-01	4.439269e-01	5.352088e-01	5.495661e-01	4.814594e-01	4.991128e-01	4.989751e-01	5.206593e-01	4.962222e-01	0.000000e+00	1	7.783770e-02
1.515682e-01	1.001952e+00	3.986281e-02	2.503019e-02	9.044213e-01	4.732294e-01	5.050018e-01	4.576054e-01	4.742720e-01	4.681211e-01	4.805121e-01	4.309318e-01	5.604481e-01	4.862418e-01	5.304029e-01	0.000000e+00	1	7.709755e-02
7.790141e-01	1.352993e-03	6.971239e-01	4.647186e-01	1.105681e-03	4.712417e-01	4.873017e-01	4.941876e-01	7.063081e-01	5.019262e-01	4.879601e-01	5.073413e-01	4.621804e-01	4.897470e-01	4.916388e-01	0.000000e+00	1	7.664654e-02
2.046831e-01	7.686930e-01	6.245055e-01	4.237156e-01	8.343287e-01	4.802888e-01	4.967504e-01	4.827338e-01	5.159983e-01	4.821683e-01	4.300951e-01	5.140213e-01	5.540153e-01	5.356944e-01	4.719772e-01	0.000000e+00	1	7.524370e-02
2.905012e-01	3.724787e-01	8.907698e-01	6.895930e-01	5.783205e-01	4.758314e-01	5.325833e-01	4.873001e-01	5.281782e-01	5.058547e-01	4.672024e-01	4.950534e-01	5.107662e-01	5.198936e-01	4.365985e-01	0.000000e+00	1	7.364347e-02
7.006424e-01	6.012037e-01	4.134784e-01	2.680648e-01	4.514674e-01	4.939443e-01	5.051424e-01	5.059580e-01	4.980367e-01	5.813927e-01	5.060825e-01	4.976842e-01	5.685363e-01	5.108969e-01	4.984855e-01	0.000000e+00	1	7.123567e-02
3.553649e-01	7.029173e-01	6.212820e-01	4.251777e-01	7.020088e-01	4.799488e-01	5.048663e-01	5.053152e-01	5.007426e-01	4.917080e-01	4.826416e-01	5.480356e-01	5.003398e-01	5.066538e-01	4.983587e-01	0.000000e+00	1	7.096123e-02
4.709409e-01	4.553905e-01	7.709231e-01	5.515900e-01	4.893140e-01	4.783999e-01	5.051424e-01	5.006221e-01	4.980367e-01	4.930978e-01	4.902933e-01	4.915627e-01	4.187666e-01	5.225416e-01	4.378819e-01	0.000000e+00	1	7.068746e-02
1.015662e+00	2.618079e-08	1.726470e-02	1.082052e-02	1.641019e-08	5.198500e-01	4.649524e-01	6.132876e-01	5.068786e-01	4.903952e-01	5.043656e-01	5.138321e-01	4.977068e-01	4.874145e-01	4.710362e-01	0.000000e+00	1	6.974372e-02
4.062821e-01	2.380904e-01	8.992498e-01	6.928947e-01	3.374585e-01	5.772619e-01	5.199519e-01	4.795060e-01	4.656321e-01	5.253482e-01	4.787222e-01	4.792702e-01	4.761077e-01	4.375788e-01	5.335638e-01	0.000000e+00	1	6.972843e-02
3.913733e-01	4.146492e-02	9.365709e-01	7.467443e-01	6.719742e-02	4.779532e-01	5.296931e-01	4.808688e-01	5.281782e-01	5.059441e-01	5.034359e-01	4.950534e-01	5.962349e-01	5.046909e-01	4.365985e-01	0.000000e+00	1	6.849955e-02
9.075939e-01	4.355602e-01	2.735733e-02	1.729610e-02	2.848517e-01	4.825153e-01	5.056460e-01	5.022582e-01	4.990322e-01	4.695296e-01	4.887899e-01	5.696766e-01	4.772541e-01	4.853178e-01	4.908668e-01	0.000000e+00	1	6.806304e-02
6.909387e-01	5.770925e-01	4.370974e-01	2.877574e-01	4.429959e-01	4.939443e-01	5.051424e-01	5.006221e-01	4.980367e-01	4.898860e-01	4.898366e-01	4.976842e-01	5.003398e-01	4.785033e-01	4.984855e-01	0.000000e+00	1	6.591997e-02
2.292474e-01	8.986637e-01	4.017429e-01	2.602326e-01	8.409908e-01	4.934992e-01	5.136099e-01	4.767684e-01	5.154408e-01	4.679600e-01	4.304704e-01	4.737838e-01	5.336357e-01	5.379417e-01	4.756723e-01	0.000000e+00	1	6.558750e-02
3.848442e-02	8.600097e-01	5.262597e-01	3.493102e-01	9.715310e-01	4.953573e-01	5.025122e-01	4.439269e-01	5.354452e-01	5.495602e-01	5.218756e-01	4.991128e-01	4.981950e-01	5.218406e-01	5.337481e-01	0.000000e+00	1	6.468507e-02
8.227726e-02	8.464857e-01	5.339779e-01	3.569223e-01	9.383152e-01	5.162839e-01	5.027295e-01	4.745281e-01	5.016328e-01	5.074242e-01	4.936255e-01	5.496665e-01	5.038554e-01	4.892908e-01	5.243924e-01	0.000000e+00	1	6.273132e-02
5.076804e-01	3.551950e-01	8.120137e-01	5.850546e-01	3.886477e-01	4.940912e-01	4.873300e-01	4.530157e-01	5.340048e-01	5.462909e-01	4.304704e-01	4.052530e-01	5.126091e-01	5.341718e-01	5.237755e-01	0.000000e+00	1	6.212494e-02
1.257959e-01	2.079637e-02	9.980515e-01	9.191086e-01	1.043016e-01	4.694305e-01	4.712691e-01	5.055903e-01	5.395362e-01	4.958572e-01	4.804477e-01	5.363324e-01	5.004631e-01	5.158124e-01	4.710362e-01	0.000000e+00	1	6.189602e-02
6.002888e-01	7.913463e-01	1.613145e-01	1.024974e-01	5.868585e-01	4.688086e-01	5.132393e-01	4.776391e-01	5.382208e-01	4.971160e-01	4.809556e-01	5.451713e-01	5.021678e-01	5.167982e-01	4.782762e-01	0.000000e+00	1	6.136274e-02
5.003336e-01	6.446460e-01	5.902040e-01	3.986318e-01	5.798182e-01	4.688086e-01	5.132393e-01	4.747650e-01	5.021912e-01	5.436304e-01	4.754634e-01	5.451713e-01	5.025008e-01	5.167982e-01	4.782762e-01	0.000000e+00	1	5.996923e-02
6.819981e-01	5.304695e-01	5.133926e-01	3.413175e-01	4.208486e-01	4.688086e-01	5.132393e-01	4.742454e-01	5.021912e-01	5.436304e-01	4.737252e-01	4.918660e-01	4.998880e-01	5.091504e-01	4.782565e-01	0.000000e+00	1	5.976950e-02
6.172466e-04	7.057162e-01	7.494576e-01	5.191304e-01	9.994432e-01	5.944301e-01	5.062976e-01	5.020081e-01	4.992686e-01	4.999585e-01	5.311775e-01	6.390417e-01	4.996585e-01	4.872692e-01	5.003447e-01	0.000000e+00	1	5.931488e-02
