7.013653e-26	1.674502e-15	1.036494e+00	1.000000e+00	1.000000e+00	5.091456e-01	4.886554e-01	5.563086e-01	6.771866e-01	5.117546e-01	4.785900e-01	4.743265e-01	5.000031e-01	4.942261e-01	5.206635e-01	0.000000e+00	1	1.000000e+14
3.493547e-04	1.043140e+00	3.129236e-02	1.909174e-02	9.997868e-01	5.074034e-01	5.077231e-01	2.972849e-01	4.994470e-01	4.956513e-01	5.329840e-01	5.187454e-01	4.753233e-01	4.981036e-01	5.181782e-01	0.000000e+00	1	1.000000e+14
1.616743e-15	4.167488e-23	1.000742e+00	1.000000e+00	1.641019e-08	5.197517e-01	5.022580e-01	5.055903e-01	5.037974e-01	4.903952e-01	4.878690e-01	4.972507e-01	5.004595e-01	4.939512e-01	4.958776e-01	0.000000e+00	1	1.000000e+14
1.053930e+00	2.029490e-04	5.042983e-04	3.046183e-04	1.225901e-04	4.404908e-01	5.117348e-01	7.068043e-01	5.009030e-01	4.996202e-01	4.878605e-01	5.852943e-01	4.964434e-01	4.933480e-01	4.984855e-01	0.000000e+00	1	1.000000e+14
6.858623e-16	1.578543e-15	1.065341e+00	1.000000e+00	7.390611e-01	5.101989e-01	4.596194e-01	5.163051e-01	7.272442e-01	5.241620e-01	4.020738e-01	5.290222e-01	4.769410e-01	4.978463e-01	5.121865e-01	0.000000e+00	1	1.000000e+14
9.995607e-01	3.817470e-02	4.361097e-17	2.775558e-17	2.430164e-02	4.939443e-01	5.051424e-01	5.053152e-01	4.992898e-01	4.899297e-01	5.084946e-01	4.976842e-01	5.003398e-01	5.040218e-01	4.984855e-01	0.000000e+00	1	1.000000e+14
2.743380e-01	9.169965e-01	4.015135e-01	2.528601e-01	8.149376e-01	4.908698e-01	6.778614e-01	4.874039e-01	5.242506e-01	5.378067e-01	4.885729e-01	4.791689e-01	4.786166e-01	5.060761e-01	5.548200e-01	0.000000e+00	1	1.735394e-01
7.590706e-01	5.904178e-01	2.779505e-01	1.791228e-01	4.208486e-01	4.862823e-01	5.117360e-01	5.022306e-01	5.042126e-01	5.003724e-01	4.895608e-01	4.942643e-01	5.003832e-01	5.065531e-01	4.779843e-01	0.000000e+00	1	1.564393e-01
9.487035e-01	8.186399e-02	3.195735e-01	2.061339e-01	5.479843e-02	4.692166e-01	4.948244e-01	5.053962e-01	4.948554e-01	5.473662e-01	5.056863e-01	5.017439e-01	4.741788e-01	5.211103e-01	5.015846e-01	0.000000e+00	1	1.496567e-01
1.433293e-02	9.578987e-01	4.474059e-01	2.781490e-01	9.904750e-01	4.934520e-01	5.182587e-01	5.026606e-01	7.089303e-01	4.723632e-01	5.103278e-01	4.510896e-01	4.494517e-01	5.817306e-01	4.717618e-01	0.000000e+00	1	1.262808e-01
7.301006e-01	3.642743e-01	5.823179e-01	3.946100e-01	2.946257e-01	4.685436e-01	5.072841e-01	5.081205e-01	5.019818e-01	4.857481e-01	4.875834e-01	5.138466e-01	4.980651e-01	4.932326e-01	4.734587e-01	0.000000e+00	1	1.183310e-01
2.913298e-01	5.536901e-01	7.893311e-01	5.733134e-01	6.916492e-01	4.803560e-01	5.300477e-01	4.988270e-01	5.038038e-01	4.921400e-01	4.878219e-01	5.455082e-01	4.919295e-01	4.939832e-01	4.405729e-01	0.000000e+00	1	1.180545e-01
3.166333e-01	1.872209e-01	9.511977e-01	7.650861e-01	3.399471e-01	4.952142e-01	6.315041e-01	4.874039e-01	4.845475e-01	4.985663e-01	4.817843e-01	4.791689e-01	4.757758e-01	5.074106e-01	4.731202e-01	0.000000e+00	1	1.146306e-01
4.592509e-01	2.711357e-01	8.528983e-01	6.442480e-01	3.395227e-01	4.941072e-01	5.159211e-01	4.505212e-01	5.191505e-01	4.987587e-01	4.780171e-01	4.634680e-01	4.986302e-01	4.791999e-01	5.235848e-01	0.000000e+00	1	1.138976e-01
3.300813e-01	6.273396e-01	7.225077e-01	5.060615e-01	6.916492e-01	4.803560e-01	5.042923e-01	5.422196e-01	5.009318e-01	4.917080e-01	4.718656e-01	5.481078e-01	4.530562e-01	4.862905e-01	4.334065e-01	0.000000e+00	1	1.055256e-01
1.880047e-01	7.060569e-01	7.064594e-01	4.892811e-01	8.343287e-01	4.802888e-01	5.058388e-01	4.827338e-01	5.159983e-01	4.821683e-01	4.300951e-01	5.578956e-01	5.540153e-01	5.354008e-01	4.486598e-01	0.000000e+00	1	9.799840e-02
8.659458e-01	4.752511e-01	1.931288e-01	1.229190e-01	3.195444e-01	4.952768e-01	4.817382e-01	4.872746e-01	5.242506e-01	5.372251e-01	4.971759e-01	4.791689e-01	4.772948e-01	5.060761e-01	5.548200e-01	0.000000e+00	1	9.555751e-02
4.853055e-02	9.891210e-01	1.690096e-01	1.076108e-01	9.687897e-01	4.871379e-01	5.051337e-01	5.011659e-01	5.070455e-01	5.009011e-01	4.849877e-01	4.857101e-01	4.636077e-01	5.061497e-01	4.490707e-01	0.000000e+00	1	9.455535e-02
2.116097e-01	9.958206e-01	3.793341e-02	2.370989e-02	8.667025e-01	4.958901e-01	4.650481e-01	4.559262e-01	5.159983e-01	4.722263e-01	4.930967e-01	4.187221e-01	5.812037e-01	5.272189e-01	5.237721e-01	0.000000e+00	1	8.853437e-02
1.713081e-01	1.085599e-01	9.826201e-01	8.704233e-01	3.595878e-01	5.173857e-01	5.027295e-01	4.895000e-01	5.040422e-01	4.941569e-01	4.871279e-01	4.973182e-01	4.987997e-01	5.158717e-01	4.506570e-01	0.000000e+00	1	8.739752e-02
8.227726e-02	8.464857e-01	5.339779e-01	3.569223e-01	9.383152e-01	5.162839e-01	5.027295e-01	4.745281e-01	5.016328e-01	5.074242e-01	4.936255e-01	5.496665e-01	5.038554e-01	4.892908e-01	5.243924e-01	0.000000e+00	1	8.722936e-02
5.454398e-01	3.216964e-01	7.794858e-01	5.656691e-01	3.392421e-01	4.941072e-01	5.168772e-01	5.015647e-01	4.890372e-01	4.691317e-01	5.231189e-01	4.656931e-01	4.997978e-01	5.341718e-01	5.034925e-01	0.000000e+00	1	8.657106e-02
8.975825e-01	1.956945e-01	4.081223e-01	2.661489e-01	1.366598e-01	4.951053e-01	4.868257e-01	5.035480e-01	4.878051e-01	5.106499e-01	5.218403e-01	5.537127e-01	5.024219e-01	5.373004e-01	4.965289e-01	0.000000e+00	1	8.612361e-02
3.722767e-01	2.181625e-01	9.121876e-01	7.187165e-01	3.374585e-01	5.728863e-01	5.023137e-01	4.974774e-01	4.982748e-01	4.858373e-01	4.960569e-01	5.111447e-01	4.761077e-01	4.584148e-01	5.335638e-01	0.000000e+00	1	8.537796e-02
6.152427e-01	3.463933e-01	7.196288e-01	5.060615e-01	3.264482e-01	4.806246e-01	5.070151e-01	5.383787e-01	5.006366e-01	4.917080e-01	4.718656e-01	5.481078e-01	4.530562e-01	4.862905e-01	4.737090e-01	0.000000e+00	1	8.526111e-02
5.429354e-01	1.352747e-01	8.376955e-01	6.251032e-01	1.554514e-01	4.829758e-01	4.963058e-01	4.893018e-01	5.562406e-01	4.694801e-01	4.896540e-01	4.536311e-01	5.118711e-01	5.079356e-01	4.798674e-01	0.000000e+00	1	8.431715e-02
4.550848e-01	1.002144e+00	5.266462e-04	3.046183e-04	7.286298e-01	4.404908e-01	5.225499e-01	7.068043e-01	7.137895e-01	4.996202e-01	4.878605e-01	5.852943e-01	4.964434e-01	4.740586e-01	4.984855e-01	0.000000e+00	1	8.350069e-02
6.555873e-01	8.285302e-01	4.742291e-02	2.855583e-02	5.738517e-01	4.939859e-01	3.050819e-01	4.661427e-01	4.863185e-01	5.228498e-01	4.542234e-01	6.221365e-01	5.015468e-01	5.002319e-01	4.736493e-01	0.000000e+00	1	8.319444e-02
8.926820e-01	4.382108e-01	1.276880e-01	8.129839e-02	2.905119e-01	4.707640e-01	5.185658e-01	5.053025e-01	4.987623e-01	4.904100e-01	5.084946e-01	5.169954e-01	4.742153e-01	5.089389e-01	5.132966e-01	0.000000e+00	1	7.913491e-02
6.445483e-01	7.310680e-01	2.438434e-01	1.560726e-01	5.399877e-01	4.961513e-01	5.350637e-01	5.029070e-01	5.379423e-01	5.069540e-01	5.299966e-01	4.693614e-01	5.020795e-01	4.929275e-01	4.939324e-01	0.000000e+00	1	7.783718e-02
3.736288e-02	7.615082e-01	7.348712e-01	4.882863e-01	9.687897e-01	3.360697e-01	5.117318e-01	5.011659e-01	6.622203e-01	5.015744e-01	4.849877e-01	5.691593e-01	4.953648e-01	4.973796e-01	5.236692e-01	0.000000e+00	1	7.752478e-02
4.829791e-01	6.833464e-01	5.572772e-01	3.740242e-01	6.083100e-01	4.802888e-01	4.963510e-01	5.448641e-01	5.159983e-01	4.697320e-01	4.910572e-01	4.999163e-01	5.073971e-01	5.356944e-01	4.803924e-01	0.000000e+00	1	7.705564e-02
3.592833e-01	6.989351e-01	6.511618e-01	4.404960e-01	6.977205e-01	4.799488e-01	4.957778e-01	5.503481e-01	5.007426e-01	4.917080e-01	4.938485e-01	6.201212e-01	4.541855e-01	4.865840e-01	4.713429e-01	0.000000e+00	1	7.628143e-02
5.550473e-01	4.236524e-01	7.714967e-01	5.316987e-01	4.150389e-01	5.082900e-01	5.117360e-01	5.022306e-01	6.593871e-01	3.933021e-01	4.895608e-01	5.550868e-01	5.003832e-01	4.977830e-01	5.202921e-01	0.000000e+00	1	7.504887e-02
9.911236e-01	8.709823e-02	1.277527e-01	8.129839e-02	5.580170e-02	4.705904e-01	4.927402e-01	4.821693e-01	4.987623e-01	4.904100e-01	5.084946e-01	5.161250e-01	5.369531e-01	5.089389e-01	5.022223e-01	0.000000e+00	1	7.420037e-02
1.283590e-01	8.790321e-01	4.785217e-01	3.145512e-01	9.076912e-01	4.912944e-01	4.962713e-01	4.972362e-01	4.987554e-01	4.722873e-01	4.930967e-01	5.067630e-01	5.812037e-01	5.368733e-01	4.888876e-01	0.000000e+00	1	7.414112e-02
5.024204e-01	2.036114e-01	8.742192e-01	6.466290e-01	2.451200e-01	4.800701e-01	4.967115e-01	4.906717e-01	5.465190e-01	4.832406e-01	4.286919e-01	4.677361e-01	4.842987e-01	5.374669e-01	6.339582e-01	0.000000e+00	1	7.385541e-02
6.813162e-01	5.299391e-01	5.128792e-01	3.413175e-01	4.208486e-01	4.850317e-01	5.033459e-01	4.857371e-01	5.015475e-01	5.003724e-01	4.931130e-01	4.454944e-01	5.003831e-01	5.091504e-01	4.779843e-01	0.000000e+00	1	7.278414e-02
1.171148e-01	8.020292e-01	5.995890e-01	4.054666e-01	9.076912e-01	4.820031e-01	5.279544e-01	4.884557e-01	5.159983e-01	4.722873e-01	4.930967e-01	4.315144e-01	5.000049e-01	5.337060e-01	4.918360e-01	0.000000e+00	1	7.277742e-02
5.924428e-01	6.633859e-01	4.790961e-01	3.145512e-01	5.359252e-01	4.802176e-01	4.962713e-01	5.094499e-01	5.014151e-01	4.954352e-01	4.932298e-01	4.637417e-01	5.812037e-01	5.348089e-01	5.237721e-01	0.000000e+00	1	7.189049e-02
4.737086e-01	8.706064e-01	2.497045e-01	1.571184e-01	6.827644e-01	4.969346e-01	5.995794e-01	4.834808e-01	5.163102e-01	4.628165e-01	4.716234e-01	5.838243e-01	5.123939e-01	5.381467e-01	4.713308e-01	0.000000e+00	1	7.146462e-02
1.049983e-01	5.814739e-02	9.940442e-01	9.235029e-01	3.219713e-01	4.875970e-01	4.905904e-01	4.857371e-01	5.080173e-01	5.003724e-01	4.895603e-01	5.099734e-01	5.004150e-01	5.077790e-01	4.779843e-01	0.000000e+00	1	7.086375e-02
5.313155e-01	8.573088e-01	8.233002e-02	5.185104e-02	6.467946e-01	4.659168e-01	4.128474e-01	4.936484e-01	5.154453e-01	5.019262e-01	4.866411e-01	5.068007e-01	4.488315e-01	4.985112e-01	4.916388e-01	0.000000e+00	1	6.878318e-02
3.737901e-01	2.048969e-02	9.680279e-01	7.650861e-01	3.486208e-02	4.952142e-01	6.315041e-01	4.874039e-01	4.845475e-01	6.359264e-01	4.821355e-01	4.791689e-01	4.959050e-01	4.855565e-01	4.731202e-01	0.000000e+00	1	6.819117e-02
1.043974e+00	2.010319e-04	1.484106e-01	8.989905e-02	1.225901e-04	4.371214e-01	5.159371e-01	7.068043e-01	5.009030e-01	4.987947e-01	4.887545e-01	5.852943e-01	4.964434e-01	4.913173e-01	4.984855e-01	0.000000e+00	1	6.655997e-02
7.729476e-01	4.931176e-01	4.198970e-01	2.734083e-01	3.615185e-01	4.952142e-01	5.088438e-01	4.829314e-01	5.223335e-01	4.914216e-01	4.818682e-01	4.767404e-01	4.757758e-01	4.992342e-01	4.225032e-01	0.000000e+00	1	6.602226e-02
8.510880e-01	7.479214e-02	5.254145e-01	3.510051e-01	5.580170e-02	4.684228e-01	4.928124e-01	4.821693e-01	5.020029e-01	4.900830e-01	5.084946e-01	5.161250e-01	5.333460e-01	5.089389e-01	5.022223e-01	0.000000e+00	1	6.311724e-02
2.084547e-01	7.828575e-01	6.314015e-01	4.214673e-01	8.343287e-01	5.095789e-01	5.058388e-01	4.827338e-01	5.000813e-01	4.962073e-01	4.300951e-01	5.578956e-01	5.540153e-01	5.763505e-01	4.015030e-01	0.000000e+00	1	6.274891e-02
6.522881e-01	7.321739e-01	2.149609e-01	1.373839e-01	5.366934e-01	4.785736e-01	5.032124e-01	5.120352e-01	5.000519e-01	4.917080e-01	4.949202e-01	4.686857e-01	4.541855e-01	4.926162e-01	4.942659e-01	0.000000e+00	1	6.220303e-02
6.563262e-02	7.665090e-01	6.552735e-01	4.491461e-01	9.456218e-01	4.829657e-01	4.830111e-01	4.827338e-01	5.013881e-01	5.114620e-01	4.300951e-01	5.140213e-01	5.488296e-01	5.356944e-01	4.716121e-01	0.000000e+00	1	6.171760e-02
8.393992e-01	4.606817e-01	3.843721e-01	2.430225e-01	3.195444e-01	4.935467e-01	6.594618e-01	4.874039e-01	5.242506e-01	5.372251e-01	4.885729e-01	4.791689e-01	4.761977e-01	5.060761e-01	5.548200e-01	0.000000e+00	1	6.160668e-02
8.442592e-01	3.746174e-01	4.313566e-01	2.781490e-01	2.658664e-01	4.934520e-01	5.074436e-01	5.026606e-01	4.502368e-01	4.723632e-01	5.103278e-01	4.510896e-01	4.494517e-01	6.010199e-01	4.717618e-01	0.000000e+00	1	6.144787e-02
6.775872e-01	5.345010e-01	5.128064e-01	3.413175e-01	4.251937e-01	4.890512e-01	5.117229e-01	4.861439e-01	5.021912e-01	5.003724e-01	4.895608e-01	4.474361e-01	5.003857e-01	5.086305e-01	4.779843e-01	0.000000e+00	1	6.018732e-02
2.803869e-02	7.851589e-01	6.691960e-01	4.491461e-01	9.772754e-01	4.829657e-01	4.783487e-01	5.924237e-01	5.159983e-01	6.176946e-01	4.300951e-01	5.140213e-01	5.524173e-01	4.980338e-01	4.719772e-01	0.000000e+00	1	5.977507e-02
4.387409e-01	6.916225e-01	5.845409e-01	3.946100e-01	6.401156e-01	4.682749e-01	5.045613e-01	5.119614e-01	5.022770e-01	4.857481e-01	4.875834e-01	5.138466e-01	4.980651e-01	4.932326e-01	4.331562e-01	0.000000e+00	1	5.965227e-02
3.457836e-04	1.032477e+00	1.586074e-01	9.703788e-02	9.997868e-01	4.781133e-01	5.077231e-01	2.972849e-01	5.153640e-01	4.816123e-01	5.329840e-01	5.187454e-01	4.753233e-01	4.981036e-01	5.181782e-01	0.000000e+00	1	5.882671e-02
