1.616743e-15	4.167488e-23	1.000742e+00	1.000000e+00	1.641019e-08	5.197517e-01	5.022580e-01	5.055903e-01	5.037974e-01	4.903952e-01	4.878690e-01	4.972507e-01	5.004595e-01	4.939512e-01	4.958776e-01	0.000000e+00	1	1.000000e+14
7.013653e-26	1.674502e-15	1.036494e+00	1.000000e+00	1.000000e+00	5.091456e-01	4.886554e-01	5.563086e-01	6.771866e-01	5.117546e-01	4.785900e-01	4.743265e-01	5.000031e-01	4.942261e-01	5.206635e-01	0.000000e+00	1	1.000000e+14
2.614096e-04	1.046083e+00	3.138064e-02	1.909174e-02	9.998409e-01	5.494565e-01	5.077231e-01	2.972849e-01	4.996866e-01	4.952711e-01	5.332495e-01	5.175307e-01	4.753233e-01	4.759187e-01	5.181782e-01	0.000000e+00	1	1.000000e+14
1.066917e-15	1.294499e-15	1.038356e+00	1.000000e+00	5.611655e-01	5.091456e-01	4.886554e-01	4.924846e-01	6.771866e-01	5.117546e-01	4.358699e-01	4.743265e-01	5.000898e-01	4.942261e-01	5.418126e-01	0.000000e+00	1	1.000000e+14
1.026548e+00	1.623239e-04	6.350515e-05	3.938309e-05	1.006661e-04	4.447926e-01	4.127523e-01	4.957126e-01	4.998794e-01	5.003634e-01	4.923276e-01	6.256610e-01	5.004955e-01	4.958468e-01	4.984747e-01	0.000000e+00	1	1.000000e+14
9.994642e-01	3.817101e-02	4.360676e-17	2.775558e-17	2.430164e-02	4.939443e-01	5.051424e-01	5.053152e-01	4.992898e-01	5.022108e-01	5.084946e-01	4.976842e-01	5.003398e-01	5.040218e-01	4.984855e-01	0.000000e+00	1	1.000000e+14
6.325444e-02	7.835531e-01	6.196188e-01	4.249529e-01	9.487184e-01	4.933200e-01	5.111754e-01	4.862790e-01	5.018103e-01	5.002556e-01	4.931130e-01	5.038736e-01	5.008789e-01	4.942945e-01	4.779843e-01	0.000000e+00	1	1.243638e-01
2.640435e-01	9.087545e-01	3.277602e-01	2.122592e-01	8.199833e-01	5.105159e-01	5.306095e-01	4.868656e-01	5.044042e-01	5.000194e-01	4.930148e-01	4.930830e-01	4.932254e-01	5.091504e-01	4.951634e-01	0.000000e+00	1	1.151123e-01
2.274135e-02	6.678130e-01	7.843382e-01	5.507930e-01	9.783293e-01	5.180322e-01	5.183591e-01	5.504658e-01	4.971863e-01	3.421778e-01	4.877576e-01	5.132612e-01	4.911885e-01	5.188142e-01	4.613300e-01	0.000000e+00	1	1.079297e-01
3.074471e-01	5.894317e-01	7.803422e-01	5.507930e-01	6.939277e-01	5.180322e-01	5.103949e-01	4.866418e-01	4.971863e-01	3.575938e-01	4.450375e-01	5.132612e-01	4.912752e-01	5.188142e-01	4.754632e-01	0.000000e+00	1	1.026587e-01
3.770588e-01	9.540603e-01	2.247190e-01	1.372848e-01	7.603926e-01	5.170204e-01	5.048489e-01	5.040920e-01	3.930311e-01	4.902088e-01	4.697272e-01	3.278860e-01	5.130624e-01	5.154614e-01	4.141256e-01	0.000000e+00	1	1.018197e-01
1.146560e-01	2.024422e-01	9.818081e-01	8.518744e-01	6.719371e-01	4.913404e-01	4.776951e-01	4.974756e-01	5.282436e-01	5.023724e-01	4.331443e-01	5.447797e-01	4.989299e-01	4.983563e-01	5.337128e-01	0.000000e+00	1	1.007003e-01
7.732344e-01	4.303632e-01	4.722448e-01	3.120740e-01	3.233248e-01	4.897560e-01	5.023305e-01	4.869845e-01	5.108597e-01	4.996834e-01	4.887251e-01	4.508833e-01	5.012367e-01	4.966181e-01	4.897777e-01	0.000000e+00	1	1.002903e-01
2.506794e-01	4.205054e-01	8.783401e-01	6.762916e-01	6.577690e-01	4.937352e-01	4.776951e-01	4.852400e-01	4.738852e-01	5.032149e-01	4.380535e-01	4.988735e-01	4.987809e-01	4.983563e-01	5.163684e-01	0.000000e+00	1	9.982599e-02
8.599211e-01	4.954167e-01	1.396721e-01	8.901231e-02	3.327450e-01	4.978448e-01	5.117360e-01	5.125398e-01	5.023824e-01	4.914127e-01	4.906396e-01	4.674012e-01	5.005594e-01	4.862755e-01	4.779843e-01	0.000000e+00	1	9.969220e-02
7.229470e-01	6.200910e-01	3.125763e-01	2.018759e-01	4.513397e-01	4.963648e-01	5.026594e-01	4.861285e-01	4.993317e-01	5.003175e-01	4.932648e-01	5.269260e-01	5.003550e-01	5.055028e-01	4.623493e-01	0.000000e+00	1	9.647514e-02
7.391117e-02	9.155615e-01	3.974205e-01	2.599607e-01	9.487184e-01	4.933200e-01	5.035012e-01	4.862790e-01	5.018103e-01	5.003724e-01	4.931130e-01	5.038736e-01	5.008789e-01	4.942945e-01	4.779843e-01	0.000000e+00	1	9.346997e-02
4.743823e-01	8.803352e-01	1.083322e-01	6.869755e-02	6.853478e-01	4.905237e-01	4.903293e-01	4.936484e-01	4.971211e-01	5.001185e-01	4.442808e-01	5.138281e-01	4.592927e-01	5.066692e-01	4.747864e-01	0.000000e+00	1	9.247748e-02
3.274566e-01	7.651267e-01	5.609450e-01	3.775583e-01	7.425577e-01	5.091095e-01	4.475753e-01	5.050655e-01	5.251393e-01	5.022801e-01	5.084946e-01	4.947058e-01	5.003398e-01	5.069976e-01	4.982971e-01	0.000000e+00	1	9.244961e-02
4.964966e-01	5.209419e-01	8.070967e-01	5.364257e-01	5.152927e-01	5.494565e-01	5.121316e-01	4.058649e-01	5.009451e-01	4.952711e-01	5.227525e-01	5.175307e-01	5.033396e-01	7.236857e-01	6.378041e-01	0.000000e+00	1	9.150275e-02
2.317082e-01	3.889578e-01	8.987067e-01	7.029143e-01	6.579677e-01	4.877013e-01	4.990398e-01	4.936771e-01	5.175442e-01	5.187769e-01	5.091629e-01	5.474761e-01	4.982325e-01	5.073084e-01	5.553027e-01	0.000000e+00	1	9.036299e-02
9.423664e-01	3.506866e-02	3.697779e-01	2.379024e-01	2.367986e-02	4.910090e-01	5.612002e-01	4.943892e-01	5.192436e-01	5.578859e-01	4.841771e-01	5.433190e-01	4.903433e-01	5.083080e-01	5.553027e-01	0.000000e+00	1	8.876783e-02
6.024066e-01	4.642475e-01	6.516789e-01	4.510234e-01	4.179979e-01	5.180322e-01	5.103949e-01	4.867365e-01	5.003865e-01	4.941569e-01	4.783711e-01	4.977374e-01	4.912752e-01	5.188781e-01	5.015575e-01	0.000000e+00	1	8.671612e-02
4.555172e-01	8.034151e-01	4.183951e-01	2.707953e-01	6.716422e-01	4.910090e-01	5.603246e-01	4.922606e-01	5.010108e-01	5.040101e-01	5.159688e-01	5.433190e-01	5.693301e-01	4.958577e-01	5.562496e-01	0.000000e+00	1	8.578743e-02
4.204118e-01	1.494360e-02	9.304286e-01	7.296746e-01	2.261922e-02	3.831671e-01	4.976547e-01	4.893018e-01	5.617820e-01	4.694801e-01	5.070984e-01	4.560391e-01	5.118711e-01	5.079356e-01	4.798674e-01	0.000000e+00	1	8.484682e-02
7.623851e-01	8.660147e-02	6.574620e-01	4.510234e-01	7.200677e-02	5.180322e-01	5.103949e-01	4.866053e-01	5.003180e-01	4.942737e-01	4.767190e-01	5.503115e-01	4.926372e-01	5.188781e-01	5.794338e-01	0.000000e+00	1	8.370835e-02
1.647223e-01	5.692206e-01	8.142991e-01	5.995129e-01	8.206722e-01	5.107376e-01	4.668065e-01	4.456018e-01	5.017207e-01	4.985696e-01	4.924262e-01	5.166436e-01	4.495566e-01	4.956426e-01	5.031608e-01	0.000000e+00	1	8.327752e-02
7.996244e-01	1.940842e-01	5.734909e-01	3.875012e-01	1.515884e-01	4.709447e-01	5.069326e-01	5.110331e-01	5.049468e-01	4.699280e-01	4.894682e-01	5.133699e-01	4.985444e-01	5.069155e-01	4.736754e-01	0.000000e+00	1	8.251393e-02
1.023397e-02	1.004022e+00	3.578769e-02	2.268110e-02	9.935112e-01	4.991839e-01	5.077400e-01	5.419152e-01	5.198426e-01	4.953888e-01	5.060223e-01	4.589019e-01	4.815774e-01	4.901231e-01	5.178085e-01	0.000000e+00	1	8.145241e-02
2.211450e-02	9.648042e-01	2.628838e-01	1.693087e-01	9.854104e-01	4.936435e-01	5.048367e-01	5.052160e-01	5.018103e-01	5.023349e-01	5.083428e-01	5.041905e-01	5.008637e-01	4.942945e-01	5.013627e-01	0.000000e+00	1	8.127343e-02
6.417076e-01	7.182064e-01	2.697231e-01	1.738323e-01	5.357738e-01	4.966883e-01	5.051424e-01	5.050655e-01	4.993317e-01	5.022801e-01	5.084946e-01	4.976291e-01	5.003398e-01	5.055028e-01	4.982971e-01	0.000000e+00	1	8.085376e-02
5.760611e-01	7.010449e-01	4.462231e-01	2.909667e-01	5.621049e-01	4.715721e-01	5.065729e-01	4.867142e-01	5.214082e-01	5.357628e-01	4.885399e-01	4.712204e-01	4.964368e-01	5.074257e-01	5.857783e-01	0.000000e+00	1	8.025064e-02
8.849333e-01	2.757483e-01	4.946414e-01	3.120740e-01	1.923024e-01	2.984768e-01	4.749414e-01	4.707796e-01	5.108597e-01	4.996834e-01	4.887251e-01	5.903752e-01	5.010050e-01	4.966469e-01	4.896470e-01	0.000000e+00	1	7.719201e-02
9.456329e-02	3.267765e-01	9.455868e-01	7.801480e-01	8.206722e-01	5.107376e-01	4.668065e-01	4.456018e-01	5.017207e-01	4.985696e-01	4.924262e-01	5.203396e-01	5.153746e-01	4.956426e-01	5.031608e-01	0.000000e+00	1	7.664684e-02
1.485369e-01	9.903273e-01	5.993722e-03	3.810324e-03	9.052214e-01	4.939443e-01	5.051424e-01	5.053152e-01	5.186555e-01	4.954192e-01	5.084946e-01	4.967683e-01	4.705008e-01	5.017096e-01	4.974525e-01	0.000000e+00	1	7.482512e-02
5.099059e-01	3.010418e-01	8.137014e-01	5.995129e-01	3.395227e-01	4.941072e-01	4.668065e-01	4.456018e-01	5.003479e-01	4.985696e-01	4.780171e-01	5.188365e-01	4.627847e-01	4.956426e-01	5.031608e-01	0.000000e+00	1	7.461060e-02
5.397252e-01	4.453011e-01	7.219741e-01	5.099681e-01	4.391599e-01	4.966224e-01	5.107038e-01	4.893018e-01	5.616803e-01	5.201295e-01	4.896540e-01	4.919601e-01	4.786614e-01	5.079356e-01	4.836659e-01	0.000000e+00	1	7.437964e-02
1.689933e-02	8.538160e-01	5.387613e-01	3.583003e-01	9.874012e-01	4.849349e-01	5.065364e-01	4.712101e-01	5.485440e-01	5.409498e-01	4.885362e-01	5.655986e-01	5.118711e-01	4.957355e-01	4.983904e-01	0.000000e+00	1	7.403034e-02
2.079595e-01	7.178027e-01	6.796193e-01	4.698182e-01	8.204756e-01	4.841970e-01	5.046992e-01	4.827338e-01	5.122350e-01	5.394462e-01	5.071126e-01	5.678068e-01	5.540153e-01	5.170343e-01	4.986079e-01	0.000000e+00	1	7.344769e-02
6.664331e-01	7.497353e-01	5.539188e-02	3.511846e-02	5.374043e-01	4.929971e-01	5.118815e-01	4.936248e-01	5.157915e-01	5.498529e-01	5.040642e-01	4.736930e-01	4.746367e-01	4.966143e-01	5.176785e-01	0.000000e+00	1	7.241352e-02
2.076303e-01	4.002541e-01	8.979951e-01	7.037529e-01	6.953572e-01	4.874978e-01	4.686079e-01	4.456018e-01	5.003479e-01	4.985696e-01	4.788358e-01	5.161857e-01	5.003028e-01	4.955736e-01	5.031608e-01	0.000000e+00	1	7.136627e-02
1.193789e-02	3.418390e-01	9.575086e-01	7.815770e-01	9.777766e-01	4.895853e-01	5.608290e-01	4.484675e-01	5.237532e-01	5.284316e-01	4.801050e-01	5.180302e-01	5.662278e-01	4.486733e-01	4.654934e-01	0.000000e+00	1	6.934124e-02
9.746179e-01	2.326121e-01	1.820387e-02	1.156463e-02	1.491518e-01	5.174250e-01	4.772631e-01	4.977469e-01	5.195733e-01	5.003634e-01	4.788705e-01	4.784010e-01	5.006590e-01	4.942606e-01	4.984747e-01	0.000000e+00	1	6.854937e-02
3.837447e-01	8.625864e-01	3.397171e-01	2.198938e-01	7.335203e-01	5.105159e-01	5.321702e-01	5.033806e-01	5.124045e-01	5.126691e-01	4.931130e-01	5.302795e-01	4.995997e-01	5.208669e-01	4.779843e-01	0.000000e+00	1	6.820755e-02
6.695290e-01	1.062722e-01	7.602906e-01	5.364257e-01	1.002126e-01	5.494565e-01	5.121316e-01	4.126993e-01	4.996866e-01	4.952711e-01	5.332495e-01	5.175307e-01	4.753233e-01	5.031383e-01	5.797507e-01	0.000000e+00	1	6.710735e-02
7.360874e-01	3.672613e-01	5.733374e-01	3.875012e-01	2.946257e-01	4.685436e-01	5.072841e-01	5.081205e-01	5.049468e-01	4.844774e-01	4.875842e-01	5.138466e-01	4.987913e-01	5.167717e-01	4.734587e-01	0.000000e+00	1	6.702392e-02
4.156763e-01	1.477528e-02	9.348345e-01	7.334904e-01	2.261922e-02	3.876486e-01	4.976547e-01	4.893018e-01	5.617820e-01	4.694801e-01	5.070984e-01	4.523431e-01	4.460532e-01	5.079356e-01	4.798674e-01	0.000000e+00	1	6.441541e-02
6.160809e-01	6.894733e-01	3.899416e-01	2.540735e-01	5.357503e-01	4.966883e-01	5.051424e-01	4.919880e-01	4.993317e-01	5.528186e-01	5.037815e-01	4.976291e-01	5.222006e-01	5.088390e-01	4.982971e-01	0.000000e+00	1	6.437015e-02
7.430565e-01	4.386908e-01	5.181997e-01	3.442937e-01	3.395227e-01	4.941072e-01	4.668065e-01	4.937835e-01	5.428845e-01	5.389650e-01	4.780171e-01	5.188365e-01	4.662971e-01	4.956426e-01	5.031608e-01	0.000000e+00	1	6.375005e-02
5.169001e-01	5.196379e-01	7.500998e-01	5.073634e-01	5.016815e-01	5.482390e-01	5.304624e-01	5.019343e-01	5.008837e-01	5.069031e-01	5.218342e-01	4.946501e-01	4.998066e-01	7.119378e-01	4.966161e-01	0.000000e+00	1	6.326274e-02
7.044689e-01	6.910410e-01	1.783936e-01	1.138561e-01	4.938745e-01	5.470457e-01	5.045765e-01	5.009334e-01	4.833300e-01	5.068908e-01	5.043575e-01	4.947728e-01	5.117397e-01	5.079960e-01	4.974170e-01	0.000000e+00	1	6.317938e-02
4.936600e-01	8.706892e-01	8.867220e-02	5.625288e-02	6.716422e-01	4.905237e-01	5.025627e-01	4.936484e-01	4.971211e-01	5.124152e-01	4.442808e-01	5.138281e-01	5.089426e-01	5.225627e-01	4.747864e-01	0.000000e+00	1	6.292944e-02
1.857921e-01	7.216121e-01	6.776419e-01	4.698182e-01	8.395750e-01	4.841970e-01	5.046992e-01	4.827338e-01	5.122350e-01	5.394462e-01	5.029339e-01	5.678068e-01	4.991857e-01	5.176570e-01	4.994340e-01	0.000000e+00	1	6.269879e-02
1.395782e-01	5.738154e-01	8.245256e-01	6.043194e-01	8.480951e-01	5.396716e-01	4.668065e-01	4.456018e-01	5.746373e-01	4.985696e-01	4.924262e-01	5.150762e-01	4.495566e-01	5.121635e-01	5.029830e-01	0.000000e+00	1	6.254705e-02
1.625687e-01	8.224231e-01	5.650447e-01	3.775583e-01	8.757608e-01	4.709780e-01	4.475753e-01	5.050655e-01	5.068441e-01	5.023451e-01	4.149533e-01	4.947058e-01	5.003587e-01	5.069976e-01	4.982971e-01	0.000000e+00	1	6.248656e-02
9.695020e-01	2.481546e-01	4.363137e-17	2.775558e-17	1.595248e-01	4.939443e-01	5.105546e-01	5.053152e-01	4.992898e-01	5.003670e-01	4.896938e-01	4.790410e-01	5.007313e-01	4.943539e-01	4.984855e-01	0.000000e+00	1	6.232182e-02
