1.275242e-01	1.035545e+00	2.694571e-02	1.643750e-02	9.219950e-01	5.030628e-01	4.238457e-01	4.957126e-01	4.990364e-01	3.614796e-01	4.926886e-01	5.041580e-01	4.985900e-01	4.959862e-01	6.364219e-01	0.000000e+00	1	1.000000e+14
6.769743e-26	1.616269e-15	1.000448e+00	1.000000e+00	1.000000e+00	5.077631e-01	5.160389e-01	5.066238e-01	4.989453e-01	5.010422e-01	4.964407e-01	5.054928e-01	4.985644e-01	4.948524e-01	4.963278e-01	0.000000e+00	1	1.000000e+14
1.005918e+00	1.590618e-04	6.222895e-05	3.938309e-05	1.006661e-04	5.030628e-01	4.238457e-01	4.957126e-01	4.990364e-01	5.002933e-01	4.926886e-01	5.041580e-01	5.001947e-01	4.959862e-01	4.982025e-01	0.000000e+00	1	1.000000e+14
1.478057e-15	8.172621e-16	1.045440e+00	1.000000e+00	3.215503e-01	4.992919e-01	4.028065e-01	5.050856e-01	4.070246e-01	4.767930e-01	4.737862e-01	6.580670e-01	4.924328e-01	5.324700e-01	4.996163e-01	0.000000e+00	1	1.000000e+14
9.910691e-01	1.345059e-01	4.360511e-17	2.775558e-17	8.587608e-02	4.948180e-01	5.051424e-01	5.032826e-01	4.992451e-01	4.991629e-01	4.919011e-01	4.976842e-01	5.003398e-01	5.040218e-01	4.984855e-01	0.000000e+00	1	1.000000e+14
1.618844e-15	2.666410e-23	1.002042e+00	1.000000e+00	1.048581e-08	5.030700e-01	5.160365e-01	5.048687e-01	4.993904e-01	4.757384e-01	4.942509e-01	4.984183e-01	4.924319e-01	5.324671e-01	4.960010e-01	0.000000e+00	1	1.000000e+14
5.710959e-01	8.033704e-01	2.291861e-01	1.454406e-01	6.065770e-01	4.983628e-01	4.081030e-01	4.700735e-01	4.936674e-01	5.117970e-01	4.847191e-01	5.324067e-01	4.804091e-01	5.279036e-01	4.997791e-01	0.000000e+00	1	1.600652e-01
8.795422e-01	5.077121e-01	1.262058e-01	7.871039e-02	3.332835e-01	4.911630e-01	4.873022e-01	4.816072e-01	5.027403e-01	4.636206e-01	4.521624e-01	6.372517e-01	4.987291e-01	5.018514e-01	5.182668e-01	0.000000e+00	1	1.326577e-01
3.408641e-01	4.314591e-01	8.440609e-01	6.324218e-01	5.743370e-01	4.832089e-01	5.009293e-01	4.956576e-01	5.596383e-01	5.229679e-01	5.536551e-01	4.970271e-01	5.006494e-01	5.094827e-01	5.009740e-01	0.000000e+00	1	1.250075e-01
7.189526e-01	6.841698e-01	1.925934e-01	1.220234e-01	4.842217e-01	5.163413e-01	4.868627e-01	4.684109e-01	4.685622e-01	5.714631e-01	4.941079e-01	4.620579e-01	4.930134e-01	4.970093e-01	5.437217e-01	0.000000e+00	1	1.185315e-01
5.334657e-01	4.011973e-01	7.543575e-01	5.388452e-01	4.105033e-01	5.004687e-01	4.869421e-01	4.670693e-01	4.897752e-01	4.509903e-01	4.761243e-01	4.640085e-01	4.887470e-01	5.378119e-01	5.094975e-01	0.000000e+00	1	1.125926e-01
1.098468e-01	9.258471e-01	3.743405e-01	2.430641e-01	9.248199e-01	5.077631e-01	5.079098e-01	5.181639e-01	5.123700e-01	4.990767e-01	4.951715e-01	5.051762e-01	4.819598e-01	4.841320e-01	5.587370e-01	0.000000e+00	1	1.125038e-01
4.526192e-01	3.010184e-01	8.721509e-01	6.451816e-01	3.736249e-01	5.398606e-01	4.059437e-01	4.700138e-01	5.548740e-01	4.918529e-01	4.759982e-01	6.024428e-01	4.815797e-01	5.427555e-01	5.053407e-01	0.000000e+00	1	1.078399e-01
6.151710e-01	7.325032e-01	3.526405e-01	2.248529e-01	5.552864e-01	4.316768e-01	4.059359e-01	4.956576e-01	4.531368e-01	4.958743e-01	5.536551e-01	5.269804e-01	4.952323e-01	5.094827e-01	5.042808e-01	0.000000e+00	1	1.059686e-01
8.463594e-01	4.872195e-01	2.796076e-01	1.775235e-01	3.325281e-01	4.447730e-01	4.101152e-01	5.040171e-01	5.218245e-01	5.392371e-01	4.873447e-01	5.248152e-01	4.952419e-01	5.428930e-01	5.043532e-01	0.000000e+00	1	1.024500e-01
3.957422e-01	8.947033e-01	2.456270e-01	1.565996e-01	7.348822e-01	5.191705e-01	5.096888e-01	4.858231e-01	4.898640e-01	5.743471e-01	4.829229e-01	4.576310e-01	4.854681e-01	4.947846e-01	5.079881e-01	0.000000e+00	1	9.786737e-02
7.178147e-01	1.124028e-01	6.935103e-01	4.851856e-01	9.888547e-02	5.003421e-01	5.197547e-01	5.370369e-01	4.985801e-01	4.991417e-01	4.545658e-01	5.052014e-01	4.800112e-01	5.028006e-01	4.877050e-01	0.000000e+00	1	9.359742e-02
3.068433e-02	2.586237e-01	9.666282e-01	8.324547e-01	9.248199e-01	5.077631e-01	5.159876e-01	5.181639e-01	5.104665e-01	4.966263e-01	4.964968e-01	5.051762e-01	4.995865e-01	4.917023e-01	5.149488e-01	0.000000e+00	1	9.343891e-02
5.211010e-01	3.211067e-01	7.997920e-01	5.841410e-01	3.515746e-01	4.447730e-01	5.051086e-01	5.040171e-01	5.218245e-01	5.392371e-01	4.873447e-01	4.948619e-01	5.006590e-01	5.428930e-01	5.010463e-01	0.000000e+00	1	9.155361e-02
4.117065e-01	3.470722e-01	8.639735e-01	6.451816e-01	4.459020e-01	5.036392e-01	4.059437e-01	4.695623e-01	5.335340e-01	4.930413e-01	4.740478e-01	5.234000e-01	4.817996e-01	5.277270e-01	5.690123e-01	0.000000e+00	1	9.016902e-02
6.561105e-01	5.730207e-01	4.991572e-01	3.312583e-01	4.570296e-01	4.950728e-01	5.197547e-01	4.684315e-01	4.899607e-01	5.125060e-01	4.709934e-01	4.651574e-01	4.884005e-01	4.901126e-01	4.943571e-01	0.000000e+00	1	8.956287e-02
1.912747e-02	3.792183e-01	9.270587e-01	7.525245e-01	9.679166e-01	4.784111e-01	5.051424e-01	4.898249e-01	5.218245e-01	5.139186e-01	4.950633e-01	5.211616e-01	5.004383e-01	4.920063e-01	5.010463e-01	0.000000e+00	1	8.873930e-02
9.363678e-01	4.497359e-01	8.465241e-02	5.176552e-02	2.850544e-01	4.930135e-01	5.040925e-01	5.206971e-01	4.990290e-01	4.673909e-01	5.125931e-01	3.008955e-01	4.997321e-01	4.757500e-01	5.163691e-01	0.000000e+00	1	8.804731e-02
2.763937e-01	7.023541e-01	6.696115e-01	4.619794e-01	7.613237e-01	5.192593e-01	4.889284e-01	5.043024e-01	4.898640e-01	5.752476e-01	4.867559e-01	4.584651e-01	4.867042e-01	5.237228e-01	5.089250e-01	0.000000e+00	1	8.613675e-02
9.100202e-02	7.670130e-01	6.369999e-01	4.390305e-01	9.248199e-01	5.077631e-01	5.159876e-01	5.181639e-01	5.104665e-01	4.966263e-01	4.965012e-01	5.051762e-01	4.986578e-01	4.878377e-01	5.149488e-01	0.000000e+00	1	8.491575e-02
9.077415e-01	1.436004e-01	4.027416e-01	2.629358e-01	9.988251e-02	4.916983e-01	5.074589e-01	4.884755e-01	4.992601e-01	5.123336e-01	5.058493e-01	5.045108e-01	5.019094e-01	5.027616e-01	5.540982e-01	0.000000e+00	1	8.438918e-02
6.606528e-01	6.225582e-01	4.408004e-01	2.877848e-01	4.811063e-01	5.029309e-01	5.124841e-01	4.960852e-01	4.992425e-01	5.905503e-01	5.055591e-01	5.053144e-01	5.103973e-01	4.956621e-01	4.762207e-01	0.000000e+00	1	8.430202e-02
6.783544e-01	6.035211e-01	4.408971e-01	2.877848e-01	4.628775e-01	4.963648e-01	5.124841e-01	4.861285e-01	4.992596e-01	5.905503e-01	5.060595e-01	5.053144e-01	5.103973e-01	5.072574e-01	4.762207e-01	0.000000e+00	1	8.383471e-02
2.556573e-01	6.453634e-01	7.236100e-01	5.132232e-01	7.598808e-01	5.029633e-01	5.291343e-01	5.053152e-01	4.960666e-01	5.013826e-01	5.130741e-01	4.964818e-01	4.983240e-01	5.268255e-01	5.303369e-01	0.000000e+00	1	8.363323e-02
2.451178e-01	6.187583e-01	7.489477e-01	5.374956e-01	7.598808e-01	5.029633e-01	5.291343e-01	5.058315e-01	5.103108e-01	5.013826e-01	5.130741e-01	4.964818e-01	4.983147e-01	5.268255e-01	5.051158e-01	0.000000e+00	1	8.336764e-02
7.505593e-01	5.474803e-01	4.541192e-01	2.894461e-01	4.012014e-01	4.998094e-01	5.168903e-01	4.502554e-01	5.160283e-01	5.045804e-01	4.590788e-01	4.719984e-01	5.040510e-01	3.326765e-01	5.236403e-01	0.000000e+00	1	8.270774e-02
1.735996e-01	9.828106e-01	7.217809e-02	4.596092e-02	8.886982e-01	4.971803e-01	5.051424e-01	5.206971e-01	4.992451e-01	5.019449e-01	5.118500e-01	4.976842e-01	4.998901e-01	5.040218e-01	4.984855e-01	0.000000e+00	1	8.069385e-02
1.951532e-01	6.678971e-01	7.253476e-01	5.132232e-01	8.190237e-01	5.422903e-01	5.285857e-01	5.053152e-01	5.091478e-01	5.013826e-01	5.130741e-01	5.054057e-01	5.337700e-01	4.874815e-01	5.303369e-01	0.000000e+00	1	7.790171e-02
7.472711e-02	7.750230e-01	6.421334e-01	4.390305e-01	9.388068e-01	5.030628e-01	5.165363e-01	5.181639e-01	4.973854e-01	4.966263e-01	4.965012e-01	4.962523e-01	4.986578e-01	5.271817e-01	4.114034e-01	0.000000e+00	1	7.784134e-02
9.156850e-01	3.497136e-02	4.015683e-01	2.629358e-01	2.430164e-02	4.938935e-01	5.093414e-01	4.884755e-01	4.992442e-01	5.123336e-01	5.058493e-01	5.043678e-01	5.024786e-01	5.027616e-01	4.984855e-01	0.000000e+00	1	7.682629e-02
4.851013e-01	4.616322e-01	7.703801e-01	5.444603e-01	4.842217e-01	5.315833e-01	4.779485e-01	4.760832e-01	3.781364e-01	4.977104e-01	4.941079e-01	4.592951e-01	4.833817e-01	5.217254e-01	5.372813e-01	0.000000e+00	1	7.677877e-02
8.214015e-01	4.839832e-01	4.660296e-01	2.894461e-01	3.389698e-01	4.996637e-01	5.104380e-01	4.502554e-01	5.160283e-01	5.045804e-01	4.178303e-01	4.748500e-01	4.231992e-01	2.878862e-01	4.926981e-01	0.000000e+00	1	7.522219e-02
1.192864e-02	8.589407e-01	5.490505e-01	3.620549e-01	9.911594e-01	4.995706e-01	5.812519e-01	5.042760e-01	4.996831e-01	4.990897e-01	4.449125e-01	5.056004e-01	4.842287e-01	4.673680e-01	5.921846e-01	0.000000e+00	1	7.498884e-02
7.259921e-01	4.271300e-02	6.941646e-01	4.851856e-01	3.741174e-02	5.065280e-01	5.197547e-01	5.051966e-01	4.985801e-01	5.019238e-01	5.061262e-01	5.052014e-01	4.316396e-01	5.028006e-01	4.877050e-01	0.000000e+00	1	7.483651e-02
4.724567e-01	3.722274e-01	8.053785e-01	5.916325e-01	4.248109e-01	4.447730e-01	5.051424e-01	4.695652e-01	5.218245e-01	4.890680e-01	4.941079e-01	5.227596e-01	5.004383e-01	4.940374e-01	5.010463e-01	0.000000e+00	1	7.340151e-02
9.749287e-01	1.998898e-01	1.037065e-01	6.610084e-02	1.287421e-01	4.923981e-01	5.197547e-01	5.031640e-01	4.997110e-01	4.991417e-01	4.895327e-01	5.030950e-01	4.968185e-01	5.028006e-01	4.984855e-01	0.000000e+00	1	7.328030e-02
3.547297e-01	2.222594e-01	9.214134e-01	7.285246e-01	3.563290e-01	4.984182e-01	4.873022e-01	5.176088e-01	5.343864e-01	4.026656e-01	5.097785e-01	5.186076e-01	5.002363e-01	5.033831e-01	5.214792e-01	0.000000e+00	1	7.305065e-02
9.182681e-02	9.952972e-01	6.199612e-02	3.943622e-02	9.414308e-01	4.986454e-01	5.201164e-01	4.914444e-01	4.932994e-01	4.993707e-01	4.964001e-01	5.017843e-01	4.995209e-01	4.709784e-01	5.078360e-01	0.000000e+00	1	7.106081e-02
2.061793e-01	2.954162e-04	9.813937e-01	8.681708e-01	9.121562e-04	4.900406e-01	4.899220e-01	4.951165e-01	5.053857e-01	5.451360e-01	4.787022e-01	5.009780e-01	4.983892e-01	5.066276e-01	5.050916e-01	0.000000e+00	1	7.071936e-02
9.528880e-01	7.060367e-02	3.067779e-01	1.977780e-01	4.708393e-02	4.763828e-01	5.127033e-01	5.038408e-01	4.992412e-01	4.574609e-01	4.700184e-01	4.967193e-01	4.961686e-01	5.082963e-01	4.982564e-01	0.000000e+00	1	6.924009e-02
6.302106e-01	7.201004e-01	3.527780e-01	2.248529e-01	5.423171e-01	4.316768e-01	4.059359e-01	4.957794e-01	4.540465e-01	4.968248e-01	5.563662e-01	5.269804e-01	4.853566e-01	5.094827e-01	5.042808e-01	0.000000e+00	1	6.834371e-02
4.062719e-01	8.483167e-01	3.507924e-01	2.272565e-01	7.156614e-01	5.191705e-01	4.834828e-01	4.871591e-01	4.897767e-01	4.611231e-01	4.761208e-01	4.753488e-01	4.865365e-01	4.970999e-01	5.089720e-01	0.000000e+00	1	6.814649e-02
8.277283e-01	5.229451e-01	2.459445e-01	1.566762e-01	3.587114e-01	4.941171e-01	5.066709e-01	4.701282e-01	4.959896e-01	5.169911e-01	4.233984e-01	5.354296e-01	4.853161e-01	5.287533e-01	5.077720e-01	0.000000e+00	1	6.747572e-02
3.169190e-02	8.551315e-01	5.469381e-01	3.620549e-01	9.764171e-01	4.995706e-01	5.920785e-01	5.042760e-01	5.127730e-01	4.990897e-01	4.449125e-01	5.056004e-01	5.065589e-01	4.958470e-01	5.615576e-01	0.000000e+00	1	6.739873e-02
6.043688e-02	9.652124e-01	2.974944e-01	1.899848e-01	9.601900e-01	5.110594e-01	4.952008e-01	5.048996e-01	5.436064e-01	5.117226e-01	5.159356e-01	4.227919e-01	5.003804e-01	4.875795e-01	5.569877e-01	0.000000e+00	1	6.687619e-02
1.000533e+00	2.003598e-02	4.843872e-02	3.079042e-02	1.274681e-02	5.060172e-01	4.893586e-01	5.068833e-01	4.991942e-01	5.043064e-01	4.927067e-01	5.033815e-01	4.993185e-01	5.394755e-01	4.919200e-01	0.000000e+00	1	6.647790e-02
8.111476e-01	5.558637e-01	3.209386e-01	2.008394e-01	3.824676e-01	4.717389e-01	5.125204e-01	4.502554e-01	4.886533e-01	5.045804e-01	4.590788e-01	5.333811e-01	5.040374e-01	3.326765e-01	4.995968e-01	0.000000e+00	1	6.578093e-02
3.765952e-01	2.863606e-01	8.966177e-01	6.909056e-01	4.138792e-01	4.362567e-01	4.238457e-01	4.957126e-01	4.974703e-01	5.002933e-01	4.942936e-01	4.994043e-01	5.001947e-01	4.959862e-01	5.619943e-01	0.000000e+00	1	6.545857e-02
3.044404e-01	2.897116e-01	9.225958e-01	7.278881e-01	4.842217e-01	5.163413e-01	4.868627e-01	4.671289e-01	4.685622e-01	5.714631e-01	4.941079e-01	4.622506e-01	5.497792e-01	4.970093e-01	5.473558e-01	0.000000e+00	1	6.483821e-02
8.069729e-01	6.068907e-01	2.280955e-02	1.437887e-02	4.105033e-01	5.004687e-01	4.869421e-01	4.683513e-01	4.897752e-01	4.509903e-01	4.761243e-01	4.638158e-01	4.456969e-01	5.378119e-01	5.058634e-01	0.000000e+00	1	6.120415e-02
2.953125e-01	2.152620e-01	9.712444e-01	7.708961e-01	4.009934e-01	4.451936e-01	5.891267e-01	4.181164e-01	4.954968e-01	5.055451e-01	5.126597e-01	6.232636e-01	4.993185e-01	5.394755e-01	5.557118e-01	0.000000e+00	1	6.097527e-02
