1.618674e-15	1.895840e-23	1.001937e+00	1.000000e+00	7.456283e-09	5.033727e-01	5.160365e-01	4.964892e-01	4.994094e-01	4.773343e-01	4.964825e-01	4.984183e-01	4.924319e-01	5.324671e-01	4.960010e-01	0.000000e+00	1	1.000000e+14
6.768323e-26	1.615930e-15	1.000239e+00	1.000000e+00	1.000000e+00	5.074604e-01	4.939223e-01	4.959488e-01	4.989263e-01	4.992710e-01	4.908122e-01	4.984307e-01	4.986001e-01	4.948524e-01	4.964588e-01	0.000000e+00	1	1.000000e+14
1.069534e-15	1.280847e-15	1.032886e+00	1.000000e+00	5.570824e-01	5.033727e-01	5.160365e-01	5.028209e-01	4.995008e-01	5.131416e-01	4.945546e-01	5.551023e-01	4.934955e-01	5.408919e-01	6.663015e-01	0.000000e+00	1	1.000000e+14
9.795545e-01	2.019221e-01	4.360489e-17	2.775558e-17	1.294179e-01	4.953334e-01	5.051424e-01	5.032826e-01	4.992451e-01	4.991629e-01	4.919011e-01	4.976842e-01	5.003398e-01	5.040218e-01	4.984855e-01	0.000000e+00	1	1.000000e+14
1.044588e+00	1.059789e-01	4.577610e-17	2.775558e-17	6.436817e-02	5.044905e-01	5.070111e-01	5.233967e-01	4.610208e-01	4.942785e-01	3.749016e-01	5.633600e-01	5.003398e-01	5.040218e-01	6.676333e-01	0.000000e+00	1	1.000000e+14
2.587990e-02	1.001988e+00	7.558796e-03	4.800841e-03	9.835607e-01	5.015675e-01	4.865122e-01	4.615935e-01	4.987009e-01	4.789991e-01	4.945642e-01	5.145732e-01	4.992969e-01	5.015626e-01	4.981965e-01	0.000000e+00	1	1.000000e+14
7.574608e-01	6.615360e-01	6.474412e-02	4.092843e-02	4.570296e-01	4.951452e-01	5.190928e-01	5.195584e-01	4.896657e-01	5.125060e-01	4.709934e-01	4.651574e-01	5.676493e-01	4.922653e-01	4.946434e-01	0.000000e+00	1	1.257308e-01
1.642899e-01	8.787932e-01	4.951780e-01	3.220128e-01	8.823425e-01	4.943860e-01	4.110893e-01	4.869702e-01	5.011699e-01	6.048805e-01	5.061754e-01	5.049765e-01	4.615962e-01	4.807769e-01	4.687241e-01	0.000000e+00	1	1.198127e-01
7.376529e-01	3.161393e-01	6.133590e-01	4.154395e-01	2.577639e-01	5.087579e-01	4.881237e-01	5.032274e-01	5.004361e-01	5.853671e-01	5.011942e-01	4.577395e-01	4.879208e-01	5.237228e-01	5.089250e-01	0.000000e+00	1	1.137280e-01
1.021598e+00	9.682783e-03	1.022092e-01	6.347869e-02	6.033752e-03	5.017984e-01	4.628993e-01	5.442783e-01	5.807997e-01	3.769940e-01	5.199746e-01	5.357716e-01	5.043389e-01	5.056262e-01	4.961181e-01	0.000000e+00	1	1.103596e-01
7.139350e-01	6.235223e-01	3.475300e-01	2.237206e-01	4.570296e-01	4.896773e-01	5.230853e-01	5.195584e-01	4.899747e-01	5.125060e-01	5.320402e-01	4.488751e-01	5.676493e-01	4.922653e-01	4.946434e-01	0.000000e+00	1	1.099684e-01
6.348906e-01	3.751387e-01	6.853407e-01	4.766995e-01	3.397514e-01	4.534394e-01	5.121562e-01	5.005352e-01	5.286510e-01	5.155790e-01	4.867366e-01	5.488270e-01	5.040051e-01	5.273987e-01	5.049592e-01	0.000000e+00	1	1.066937e-01
3.148672e-01	1.507728e-01	9.500338e-01	7.758154e-01	2.843025e-01	5.385027e-01	4.873022e-01	4.607930e-01	5.027403e-01	4.761448e-01	4.941645e-01	5.751939e-01	4.989274e-01	5.486285e-01	5.182668e-01	0.000000e+00	1	1.051788e-01
3.706281e-01	9.540206e-01	2.333662e-01	1.427167e-01	7.641035e-01	5.194564e-01	5.097487e-01	4.936665e-01	4.807914e-01	3.235925e-01	4.961259e-01	6.330518e-01	5.004608e-01	5.025219e-01	4.949188e-01	0.000000e+00	1	1.047232e-01
4.788866e-01	3.280161e-01	8.354229e-01	6.134258e-01	3.823268e-01	5.028806e-01	4.274030e-01	5.106681e-01	4.636925e-01	4.783957e-01	4.443065e-01	5.765356e-01	4.832709e-01	5.265934e-01	4.875111e-01	0.000000e+00	1	1.031304e-01
4.654991e-03	6.935457e-01	7.433721e-01	5.220594e-01	9.957272e-01	4.927328e-01	6.124424e-01	5.032826e-01	4.992451e-01	4.991629e-01	4.919011e-01	5.493589e-01	4.770998e-01	4.693592e-01	4.984855e-01	0.000000e+00	1	1.020152e-01
8.448187e-01	2.734714e-01	4.736507e-01	3.119513e-01	1.992999e-01	5.098087e-01	4.945001e-01	5.182398e-01	4.901355e-01	4.993427e-01	4.951049e-01	4.845099e-01	5.501231e-01	5.529185e-01	4.835351e-01	0.000000e+00	1	9.881340e-02
8.102086e-01	5.262715e-01	3.153224e-01	2.008394e-01	3.667307e-01	4.445821e-01	4.149425e-01	4.959174e-01	4.904321e-01	5.030911e-01	4.447756e-01	5.261983e-01	4.820815e-01	5.088049e-01	5.415098e-01	0.000000e+00	1	9.555617e-02
4.402351e-01	1.886429e-01	8.882932e-01	6.851927e-01	2.577263e-01	5.215524e-01	5.040666e-01	5.032250e-01	5.004361e-01	5.672190e-01	5.302905e-01	4.577395e-01	5.171587e-01	5.330546e-01	5.092828e-01	0.000000e+00	1	9.534175e-02
9.313087e-01	4.113535e-01	5.904146e-02	3.687707e-02	2.647862e-01	4.951452e-01	5.190928e-01	5.195584e-01	4.896657e-01	5.821534e-01	4.675471e-01	4.651574e-01	5.676493e-01	5.249648e-01	5.687519e-01	0.000000e+00	1	9.473539e-02
3.569028e-01	2.278215e-01	9.191038e-01	7.251687e-01	3.616809e-01	5.410745e-01	4.090791e-01	4.893233e-01	5.286510e-01	4.989747e-01	4.874585e-01	4.988711e-01	5.008602e-01	5.295317e-01	5.049592e-01	0.000000e+00	1	9.465902e-02
2.502287e-01	9.330337e-01	2.813977e-01	1.804540e-01	8.331914e-01	5.154242e-01	5.065709e-01	4.594017e-01	4.869798e-01	4.432750e-01	4.967343e-01	5.040590e-01	4.719383e-01	5.002132e-01	4.949647e-01	0.000000e+00	1	9.349548e-02
5.693554e-01	4.862921e-01	6.668980e-01	4.632266e-01	4.500108e-01	5.195783e-01	4.889284e-01	5.032274e-01	5.006491e-01	5.056002e-01	4.952138e-01	4.577395e-01	4.866411e-01	4.910232e-01	5.089250e-01	0.000000e+00	1	9.343203e-02
1.272520e-01	1.490413e-09	9.938229e-01	9.189265e-01	7.456283e-09	5.033727e-01	5.160365e-01	4.964892e-01	4.993245e-01	4.773343e-01	4.965866e-01	4.984183e-01	4.924319e-01	5.324671e-01	4.960010e-01	0.000000e+00	1	9.240511e-02
7.780385e-01	4.617072e-01	5.421999e-01	3.437148e-01	3.409549e-01	5.331980e-01	5.058043e-01	3.867614e-01	4.869798e-01	3.272847e-01	4.343183e-01	5.804214e-01	5.004608e-01	4.975269e-01	4.981532e-01	0.000000e+00	1	9.055618e-02
6.580652e-01	2.844368e-01	7.023998e-01	4.934936e-01	2.597283e-01	5.195783e-01	4.855486e-01	5.031677e-01	5.055787e-01	5.145834e-01	4.917674e-01	4.577395e-01	4.816205e-01	5.231495e-01	5.089250e-01	0.000000e+00	1	8.918130e-02
8.662406e-01	1.370352e-01	4.860392e-01	3.221684e-01	9.988251e-02	4.916983e-01	5.355254e-01	4.663891e-01	4.984691e-01	5.123336e-01	5.048184e-01	4.987942e-01	4.931367e-01	4.999288e-01	4.985111e-01	0.000000e+00	1	8.853183e-02
4.047241e-01	4.865473e-01	8.608736e-01	5.964267e-01	5.582815e-01	4.785664e-01	4.320536e-01	4.723362e-01	5.027771e-01	4.936154e-01	4.627782e-01	7.423139e-01	4.914480e-01	5.010356e-01	5.490592e-01	0.000000e+00	1	8.713321e-02
6.546422e-02	1.099054e-01	9.990781e-01	9.189265e-01	6.580024e-01	5.033727e-01	5.165549e-01	4.966870e-01	4.993245e-01	4.773343e-01	4.965866e-01	5.713996e-01	4.850429e-01	5.324671e-01	4.939419e-01	0.000000e+00	1	8.609873e-02
3.353298e-01	9.152491e-01	2.586518e-01	1.651239e-01	7.764237e-01	5.410951e-01	5.050605e-01	4.590995e-01	4.951011e-01	4.716160e-01	5.584909e-01	4.719921e-01	4.946720e-01	4.995474e-01	4.948242e-01	0.000000e+00	1	8.555448e-02
5.435948e-01	3.960124e-02	8.421485e-01	6.343245e-01	4.629638e-02	5.033801e-01	4.914955e-01	4.659889e-01	4.985806e-01	5.021736e-01	4.939854e-01	4.571760e-01	5.003662e-01	4.959431e-01	5.000585e-01	0.000000e+00	1	8.508726e-02
2.966487e-01	7.110686e-01	6.392516e-01	4.409143e-01	7.483859e-01	4.954522e-01	5.068675e-01	5.312065e-01	4.992121e-01	4.991629e-01	4.919483e-01	4.980667e-01	5.003398e-01	5.040218e-01	4.984855e-01	0.000000e+00	1	8.436345e-02
8.948745e-01	5.712246e-01	1.856720e-01	1.102238e-01	3.616809e-01	5.065679e-01	4.770300e-01	4.870408e-01	5.286510e-01	4.989747e-01	4.754667e-01	4.988711e-01	5.008602e-01	5.481590e-01	7.707003e-01	0.000000e+00	1	8.381868e-02
7.695257e-02	7.743396e-01	6.288058e-01	4.326752e-01	9.369408e-01	5.095261e-01	5.141326e-01	5.003025e-01	4.955535e-01	4.993303e-01	4.974254e-01	4.981165e-01	4.987811e-01	4.942975e-01	5.102491e-01	0.000000e+00	1	8.359509e-02
9.355405e-01	1.502202e-01	3.305463e-01	2.136829e-01	1.013572e-01	4.525430e-01	5.120059e-01	5.034545e-01	4.992418e-01	4.990895e-01	5.316938e-01	4.970725e-01	4.957093e-01	5.024358e-01	4.911548e-01	0.000000e+00	1	8.321930e-02
8.360240e-01	5.174095e-01	2.124255e-01	1.354651e-01	3.528120e-01	4.607635e-01	4.933957e-01	4.717852e-01	4.950981e-01	4.893163e-01	5.002178e-01	5.210474e-01	4.985911e-01	5.533655e-01	4.923078e-01	0.000000e+00	1	8.276728e-02
2.739658e-01	3.467805e-01	9.238614e-01	7.159462e-01	5.743370e-01	4.832089e-01	4.272651e-01	4.956576e-01	4.966634e-01	5.176144e-01	4.888488e-01	5.006654e-01	4.987513e-01	4.944131e-01	6.343719e-01	0.000000e+00	1	8.210905e-02
5.328128e-01	3.583042e-01	7.871767e-01	5.644065e-01	3.768879e-01	5.034408e-01	4.002143e-01	5.076084e-01	5.369496e-01	5.021088e-01	4.905971e-01	4.625858e-01	4.641010e-01	5.372887e-01	4.835724e-01	0.000000e+00	1	7.961850e-02
6.060755e-01	1.181390e-02	8.073388e-01	5.899881e-01	1.240771e-02	5.033801e-01	5.191049e-01	4.659889e-01	5.397799e-01	5.021736e-01	4.914028e-01	4.622739e-01	5.701842e-01	4.958408e-01	4.950055e-01	0.000000e+00	1	7.939473e-02
8.983186e-01	4.274545e-01	1.300085e-01	8.272701e-02	2.827433e-01	4.950019e-01	5.016423e-01	5.034046e-01	4.712155e-01	4.737182e-01	5.274057e-01	5.132639e-01	5.129413e-01	4.747580e-01	4.984855e-01	0.000000e+00	1	7.869248e-02
5.424938e-01	5.503884e-02	8.744601e-01	6.450441e-01	6.436817e-02	5.389971e-01	4.940555e-01	5.256792e-01	4.610208e-01	4.942785e-01	3.868934e-01	5.633600e-01	5.003398e-01	5.172129e-01	4.016808e-01	0.000000e+00	1	7.809510e-02
9.160229e-01	1.449105e-01	3.864361e-01	2.513397e-01	9.988251e-02	4.916983e-01	5.355254e-01	4.663891e-01	4.984691e-01	5.123336e-01	5.051385e-01	4.551234e-01	4.931367e-01	4.999288e-01	5.011293e-01	0.000000e+00	1	7.704567e-02
9.902604e-01	9.371645e-02	1.363554e-01	8.672978e-02	6.006963e-02	5.087201e-01	5.151109e-01	5.063345e-01	4.993008e-01	5.214319e-01	4.964785e-01	4.968145e-01	4.944437e-01	5.324580e-01	5.455674e-01	0.000000e+00	1	7.666827e-02
5.418557e-01	6.399784e-01	5.695145e-01	3.798083e-01	5.527349e-01	4.948180e-01	5.166103e-01	5.011966e-01	5.038050e-01	4.991339e-01	4.316508e-01	5.888339e-01	4.854656e-01	4.904343e-01	4.779849e-01	0.000000e+00	1	7.655657e-02
3.545234e-01	6.005965e-01	7.236673e-01	5.117542e-01	6.605251e-01	5.004687e-01	4.861186e-01	4.670693e-01	4.897752e-01	5.120996e-01	4.896514e-01	4.791873e-01	4.980952e-01	5.385054e-01	4.615139e-01	0.000000e+00	1	7.414340e-02
1.362026e-01	7.285534e-01	7.098233e-01	4.862464e-01	8.823425e-01	5.172781e-01	4.105125e-01	4.748741e-01	5.011699e-01	6.243189e-01	5.059093e-01	5.049765e-01	4.788146e-01	4.807769e-01	4.687241e-01	0.000000e+00	1	7.337884e-02
1.037015e+00	1.052106e-01	1.911431e-02	1.167297e-02	6.436817e-02	5.044905e-01	5.069120e-01	5.233967e-01	4.610208e-01	4.942785e-01	5.540134e-01	5.633600e-01	4.939689e-01	5.137172e-01	6.821801e-01	0.000000e+00	1	7.321700e-02
2.234721e-01	9.404613e-01	3.020134e-01	1.927841e-01	8.514810e-01	5.394504e-01	5.065709e-01	4.658479e-01	4.869798e-01	4.469671e-01	5.118500e-01	4.314928e-01	4.999589e-01	5.237456e-01	5.397908e-01	0.000000e+00	1	7.287611e-02
5.883255e-01	7.376296e-01	4.147570e-01	2.636625e-01	5.713835e-01	5.033727e-01	5.160365e-01	5.028209e-01	4.995008e-01	5.131416e-01	4.940516e-01	5.337843e-01	4.934955e-01	5.364598e-01	6.663015e-01	0.000000e+00	1	7.054680e-02
9.901937e-01	9.875332e-02	1.364131e-01	8.672978e-02	6.328168e-02	5.075973e-01	5.151109e-01	5.063345e-01	4.987541e-01	5.214319e-01	4.964788e-01	4.968145e-01	4.788146e-01	5.328264e-01	5.455674e-01	0.000000e+00	1	6.946666e-02
1.834902e-01	9.814965e-01	2.515877e-01	1.571354e-01	8.823425e-01	5.172781e-01	4.161486e-01	5.734007e-01	5.011566e-01	6.270029e-01	5.036777e-01	5.049943e-01	4.788146e-01	4.807769e-01	4.980685e-01	0.000000e+00	1	6.844698e-02
8.068361e-02	8.054491e-01	5.992991e-01	4.057158e-01	9.364404e-01	5.079530e-01	5.157993e-01	5.181531e-01	4.586799e-01	4.993503e-01	4.974254e-01	4.981291e-01	4.987811e-01	4.942975e-01	5.692000e-01	0.000000e+00	1	6.777970e-02
2.325950e-01	8.672827e-01	4.527786e-01	2.973264e-01	8.331914e-01	5.154242e-01	5.065709e-01	4.696494e-01	4.869798e-01	4.432750e-01	4.956997e-01	5.040590e-01	4.702108e-01	5.023177e-01	4.894615e-01	0.000000e+00	1	6.775977e-02
3.387432e-01	5.738633e-01	7.531046e-01	5.388452e-01	6.605251e-01	5.004687e-01	4.869421e-01	4.670693e-01	4.897752e-01	5.120996e-01	4.761243e-01	4.770853e-01	4.887470e-01	5.378119e-01	4.620135e-01	0.000000e+00	1	6.671097e-02
8.513098e-02	7.395205e-01	7.143875e-01	4.869024e-01	9.270358e-01	5.154805e-01	6.430729e-01	4.766216e-01	4.573713e-01	4.993503e-01	4.974254e-01	4.980457e-01	4.805609e-01	4.789975e-01	5.885261e-01	0.000000e+00	1	6.666005e-02
2.515455e-02	9.739046e-01	3.677580e-01	2.297869e-01	9.835607e-01	3.621480e-01	4.793568e-01	4.602422e-01	4.988978e-01	4.789991e-01	4.934717e-01	5.145732e-01	4.992969e-01	4.949151e-01	6.399884e-01	0.000000e+00	1	6.600092e-02
