4.275743e-11	1.020829e+00	1.431535e-02	8.926899e-03	1.000000e+00	5.049226e-01	5.138934e-01	4.846270e-01	4.989506e-01	5.201347e-01	4.967592e-01	5.849975e-01	3.871518e-01	4.943071e-01	5.082007e-01	0.000000e+00	1	1.000000e+14
2.594349e-26	1.619879e-15	1.002683e+00	1.000000e+00	1.000000e+00	5.037701e-01	4.939223e-01	5.429196e-01	4.989263e-01	4.981570e-01	4.972889e-01	4.984307e-01	4.747919e-01	4.885121e-01	4.971508e-01	0.000000e+00	1	1.000000e+14
1.007542e+00	5.906087e-05	4.392717e-17	2.775558e-17	3.731787e-05	5.029791e-01	5.005949e-01	5.700357e-01	4.970458e-01	4.933726e-01	5.042602e-01	5.491790e-01	4.991549e-01	5.038482e-01	4.889209e-01	0.000000e+00	1	1.000000e+14
1.556908e-15	5.720203e-16	1.026691e+00	1.000000e+00	2.241525e-01	5.004810e-01	5.022162e-01	6.492774e-01	4.994094e-01	4.926933e-01	4.933325e-01	4.773898e-01	4.924319e-01	5.324671e-01	5.517832e-01	0.000000e+00	1	1.000000e+14
2.166514e-01	9.763965e-01	4.360463e-17	2.775558e-17	8.609933e-01	5.031280e-01	5.051424e-01	5.030751e-01	4.989026e-01	4.991748e-01	4.919321e-01	4.976842e-01	4.985344e-01	5.046325e-01	4.984855e-01	0.000000e+00	1	1.000000e+14
1.617741e-15	1.894747e-23	1.001360e+00	1.000000e+00	7.456283e-09	5.033727e-01	5.118280e-01	4.964892e-01	4.994094e-01	4.926933e-01	4.964825e-01	4.984183e-01	4.924319e-01	5.324671e-01	4.960010e-01	0.000000e+00	1	1.000000e+14
9.338675e-01	3.924506e-01	1.123566e-01	7.032455e-02	2.532690e-01	5.035603e-01	5.100457e-01	5.339269e-01	4.960762e-01	5.041643e-01	4.918727e-01	6.330518e-01	4.892462e-01	5.025182e-01	4.983650e-01	0.000000e+00	1	1.953824e-01
7.550071e-01	5.785766e-01	3.654642e-01	2.335268e-01	4.162627e-01	5.098071e-01	5.075516e-01	4.933971e-01	5.076214e-01	4.539079e-01	5.113020e-01	4.926909e-01	4.916174e-01	6.279074e-01	4.980348e-01	0.000000e+00	1	1.322360e-01
2.060102e-01	8.931532e-01	4.114198e-01	2.685893e-01	8.556844e-01	5.037764e-01	4.926525e-01	5.075768e-01	4.993697e-01	4.909311e-01	4.953650e-01	5.611765e-01	4.754692e-01	5.094898e-01	4.937267e-01	0.000000e+00	1	1.293713e-01
9.825394e-01	2.339059e-01	1.680133e-01	1.049408e-01	1.487859e-01	4.937783e-01	4.142967e-01	5.326788e-01	5.006343e-01	3.890822e-01	4.940137e-01	4.956470e-01	4.915102e-01	4.453474e-01	4.971081e-01	0.000000e+00	1	1.283560e-01
4.791086e-01	7.450215e-01	4.731193e-01	3.123106e-01	6.361748e-01	5.378051e-01	4.907202e-01	4.986378e-01	5.022962e-01	5.297332e-01	4.942053e-01	5.411592e-01	4.995804e-01	4.945602e-01	5.070085e-01	0.000000e+00	1	1.250726e-01
2.764829e-01	9.259925e-01	2.674461e-01	1.718815e-01	8.152825e-01	5.094885e-01	4.745199e-01	5.110213e-01	5.028291e-01	4.961483e-01	4.969289e-01	4.679819e-01	4.989451e-01	4.721182e-01	5.039815e-01	0.000000e+00	1	1.232080e-01
2.160207e-01	9.735539e-01	8.371054e-02	5.331470e-02	8.609933e-01	4.973776e-01	5.247264e-01	4.953879e-01	4.989026e-01	4.991748e-01	4.919321e-01	4.976842e-01	4.985344e-01	5.048148e-01	4.984855e-01	0.000000e+00	1	1.227646e-01
9.512841e-01	9.002780e-02	3.137158e-01	2.019528e-01	6.006963e-02	5.087671e-01	5.187089e-01	5.063345e-01	5.018404e-01	4.994542e-01	4.964785e-01	4.624311e-01	5.083348e-01	5.409302e-01	5.455674e-01	0.000000e+00	1	1.225804e-01
6.564718e-01	6.031676e-01	4.761739e-01	3.123106e-01	4.730762e-01	5.378051e-01	4.907202e-01	4.556666e-01	5.030259e-01	5.297332e-01	4.942053e-01	5.579639e-01	4.995804e-01	4.459304e-01	4.976230e-01	0.000000e+00	1	1.213546e-01
6.061506e-02	4.778153e-01	8.845152e-01	6.825600e-01	9.196683e-01	5.142167e-01	5.165722e-01	5.170210e-01	5.007078e-01	5.531981e-01	4.935005e-01	4.988418e-01	5.054274e-01	4.430445e-01	5.153261e-01	0.000000e+00	1	1.195689e-01
6.861189e-01	4.381934e-01	5.972755e-01	4.029540e-01	3.618283e-01	4.895302e-01	5.145397e-01	5.021737e-01	4.887857e-01	5.056414e-01	5.223148e-01	5.662652e-01	5.021205e-01	4.924044e-01	5.653731e-01	0.000000e+00	1	1.160817e-01
6.139431e-01	7.733787e-01	1.911144e-01	1.217097e-01	5.728429e-01	5.122337e-01	4.714142e-01	4.696494e-01	4.866749e-01	4.926297e-01	4.926911e-01	4.903821e-01	4.854573e-01	5.047130e-01	5.571544e-01	0.000000e+00	1	1.058267e-01
3.260234e-01	1.316058e-01	9.402636e-01	7.722021e-01	2.442494e-01	4.868131e-01	4.907512e-01	4.917232e-01	4.526544e-01	4.954885e-01	4.888079e-01	4.665717e-01	5.008574e-01	5.032311e-01	4.984867e-01	0.000000e+00	1	1.040357e-01
5.569032e-01	4.134534e-01	7.435333e-01	5.221092e-01	4.065639e-01	4.835330e-01	5.165278e-01	4.813664e-01	5.090804e-01	4.768253e-01	4.796723e-01	5.559945e-01	5.172243e-01	4.470363e-01	5.930609e-01	0.000000e+00	1	1.031880e-01
3.917449e-01	6.264713e-02	9.207250e-01	7.409970e-01	1.009523e-01	5.037971e-01	5.449611e-01	4.965002e-01	4.973075e-01	5.157106e-01	4.891799e-01	4.883969e-01	5.012878e-01	5.006523e-01	4.984692e-01	0.000000e+00	1	1.029535e-01
7.935817e-01	6.121805e-03	6.476913e-01	4.357687e-01	4.910881e-03	5.031624e-01	4.917483e-01	4.969519e-01	4.933243e-01	6.505680e-01	4.930883e-01	4.838935e-01	5.023346e-01	4.647534e-01	4.984583e-01	0.000000e+00	1	1.009312e-01
9.757608e-01	9.234424e-02	2.411513e-01	1.535848e-01	6.006963e-02	5.069827e-01	5.191012e-01	5.438059e-01	5.018648e-01	5.214319e-01	4.970726e-01	5.543163e-01	5.415116e-01	4.944355e-01	5.429322e-01	0.000000e+00	1	9.727295e-02
9.967994e-02	5.397983e-01	8.451274e-01	6.332843e-01	8.837504e-01	5.298990e-01	5.099742e-01	5.428897e-01	4.971020e-01	4.963221e-01	4.971270e-01	4.921326e-01	4.716330e-01	5.525581e-01	5.354576e-01	0.000000e+00	1	9.620201e-02
2.330564e-01	6.877304e-01	7.217932e-01	4.980861e-01	7.919959e-01	5.025727e-01	6.448256e-01	5.021934e-01	4.889334e-01	4.942942e-01	5.214245e-01	4.657170e-01	4.852488e-01	4.707204e-01	4.984855e-01	0.000000e+00	1	9.614094e-02
9.809072e-01	9.369564e-02	2.014518e-01	1.283829e-01	6.062559e-02	5.087671e-01	5.187089e-01	4.903982e-01	5.018404e-01	5.058413e-01	4.964785e-01	4.630729e-01	5.083348e-01	5.409302e-01	5.455674e-01	0.000000e+00	1	9.392432e-02
1.233562e-01	9.840081e-01	1.851963e-01	1.175314e-01	9.206069e-01	5.058357e-01	5.230212e-01	5.115853e-01	4.992451e-01	5.195066e-01	4.924498e-01	5.718915e-01	5.068450e-01	4.607298e-01	5.309880e-01	0.000000e+00	1	9.336326e-02
4.248619e-01	2.933068e-01	8.668097e-01	6.580220e-01	3.846619e-01	5.325352e-01	5.319947e-01	5.387639e-01	4.951584e-01	4.970662e-01	5.218697e-01	4.657036e-01	5.194555e-01	5.525581e-01	5.222671e-01	0.000000e+00	1	9.295913e-02
7.432870e-01	2.662682e-01	6.563513e-01	4.415224e-01	2.189898e-01	5.037133e-01	4.917483e-01	6.132719e-01	4.947611e-01	4.855847e-01	4.930883e-01	6.113942e-01	4.786136e-01	4.741763e-01	5.003409e-01	0.000000e+00	1	9.250170e-02
6.967335e-01	6.401601e-01	3.525212e-01	2.270465e-01	4.730762e-01	5.378051e-01	4.929347e-01	5.076240e-01	5.030259e-01	5.297332e-01	4.956205e-01	5.584775e-01	4.698134e-01	4.459304e-01	4.976230e-01	0.000000e+00	1	9.232388e-02
1.554253e-01	7.151130e-01	6.867509e-01	4.797859e-01	8.637537e-01	5.031025e-01	4.940325e-01	5.283524e-01	4.608492e-01	5.052526e-01	4.919011e-01	5.142499e-01	4.915102e-01	4.712641e-01	4.983138e-01	0.000000e+00	1	8.896026e-02
6.022124e-01	2.434921e-01	7.674490e-01	5.528349e-01	2.446103e-01	5.306265e-01	4.907512e-01	4.901895e-01	4.526544e-01	4.958226e-01	4.888079e-01	4.667314e-01	4.712835e-01	5.032311e-01	4.984867e-01	0.000000e+00	1	8.665137e-02
1.577377e-01	8.830119e-01	5.013992e-01	3.244922e-01	8.874639e-01	5.049226e-01	5.138934e-01	4.846270e-01	4.989506e-01	5.000715e-01	4.967592e-01	5.850518e-01	3.871518e-01	4.943071e-01	4.154496e-01	0.000000e+00	1	8.658595e-02
9.799103e-02	3.363736e-01	9.369800e-01	7.722021e-01	8.195368e-01	5.033133e-01	4.907512e-01	4.917232e-01	5.027654e-01	4.954885e-01	4.888079e-01	5.029528e-01	5.008574e-01	5.032311e-01	4.984869e-01	0.000000e+00	1	8.609284e-02
8.722293e-01	3.557637e-01	4.206778e-01	2.673856e-01	2.465500e-01	5.129605e-01	5.221306e-01	6.325433e-01	4.865974e-01	4.924114e-01	4.926892e-01	4.410792e-01	5.052420e-01	5.042954e-01	5.981120e-01	0.000000e+00	1	8.375158e-02
8.646437e-01	4.862973e-02	5.257965e-01	3.473773e-01	3.576741e-02	5.064477e-01	5.123983e-01	4.964892e-01	4.994094e-01	4.926933e-01	4.964825e-01	4.406631e-01	4.913265e-01	4.893051e-01	5.956419e-01	0.000000e+00	1	8.325479e-02
2.129813e-01	9.799285e-01	4.074845e-02	2.585445e-02	8.637537e-01	5.031025e-01	5.023605e-01	5.283524e-01	4.668864e-01	5.052526e-01	4.919011e-01	5.142084e-01	4.916329e-01	4.712641e-01	4.770280e-01	0.000000e+00	1	8.301029e-02
1.062098e-02	6.206275e-01	7.901163e-01	5.760743e-01	9.891064e-01	5.038007e-01	5.022988e-01	4.994458e-01	5.196747e-01	5.603873e-01	4.908122e-01	4.801323e-01	4.919559e-01	4.948524e-01	4.876683e-01	0.000000e+00	1	8.299141e-02
5.451492e-01	6.437116e-02	8.451456e-01	6.332843e-01	7.482552e-02	5.312255e-01	5.108738e-01	5.387639e-01	4.971020e-01	4.963221e-01	5.034740e-01	5.433862e-01	4.992594e-01	5.525581e-01	5.222671e-01	0.000000e+00	1	8.030964e-02
3.384776e-01	1.366332e-01	9.351317e-01	7.630839e-01	2.442494e-01	4.868131e-01	4.907512e-01	4.917232e-01	4.526544e-01	4.954885e-01	4.888079e-01	4.665717e-01	5.008574e-01	5.032311e-01	4.984867e-01	0.000000e+00	1	7.922306e-02
3.080740e-02	7.877690e-01	6.207428e-01	4.246219e-01	9.751163e-01	5.058357e-01	5.230212e-01	5.115853e-01	5.269153e-01	4.994435e-01	4.924498e-01	4.979501e-01	5.142635e-01	4.607298e-01	4.862252e-01	0.000000e+00	1	7.810770e-02
5.823607e-01	2.063006e-01	8.163513e-01	5.875693e-01	2.167403e-01	4.994113e-01	5.016660e-01	6.139307e-01	4.995008e-01	5.639952e-01	5.013198e-01	4.771850e-01	4.737583e-01	5.253244e-01	4.303393e-01	0.000000e+00	1	7.561275e-02
3.438478e-02	2.599819e-01	9.657848e-01	8.312045e-01	9.162876e-01	5.035927e-01	4.939223e-01	4.892796e-01	4.989263e-01	4.982584e-01	4.908122e-01	5.213522e-01	4.986001e-01	4.942913e-01	4.964733e-01	0.000000e+00	1	7.510833e-02
8.432294e-01	5.003931e-01	2.688086e-01	1.703426e-01	3.409549e-01	4.767936e-01	5.188741e-01	5.063499e-01	5.008294e-01	5.198812e-01	5.382138e-01	4.631234e-01	5.076704e-01	4.449885e-01	5.973024e-01	0.000000e+00	1	7.427278e-02
4.611314e-01	3.533739e-01	8.370812e-01	6.137570e-01	4.162627e-01	5.098071e-01	5.075516e-01	4.890707e-01	4.898900e-01	5.305717e-01	5.337227e-01	4.929427e-01	4.916174e-01	6.279074e-01	4.980464e-01	0.000000e+00	1	7.282552e-02
5.980890e-01	2.118723e-01	8.042101e-01	5.747463e-01	2.167403e-01	4.994113e-01	5.016660e-01	6.139307e-01	4.995008e-01	5.639952e-01	5.013198e-01	4.771850e-01	4.913371e-01	5.430238e-01	4.303393e-01	0.000000e+00	1	7.229806e-02
8.784789e-01	1.882799e-01	4.530297e-01	2.973264e-01	1.344101e-01	4.959737e-01	5.065709e-01	5.039875e-01	4.972012e-01	4.415096e-01	4.956997e-01	5.040590e-01	4.726918e-01	5.423089e-01	4.894615e-01	0.000000e+00	1	7.068620e-02
1.446898e-01	6.657188e-01	7.362746e-01	5.246944e-01	8.637537e-01	4.937783e-01	4.868540e-01	5.003342e-01	4.887645e-01	4.709965e-01	4.919011e-01	4.692426e-01	4.914419e-01	4.712641e-01	4.962604e-01	0.000000e+00	1	7.051475e-02
1.103087e-02	9.092292e-01	4.856812e-01	3.123106e-01	9.922768e-01	5.378051e-01	4.907202e-01	4.986378e-01	5.022962e-01	5.297332e-01	4.942053e-01	5.411592e-01	3.879144e-01	3.811260e-01	5.069116e-01	0.000000e+00	1	6.982570e-02
3.539954e-01	5.661029e-02	9.516344e-01	7.706438e-01	1.009523e-01	5.037971e-01	5.447081e-01	4.965002e-01	4.973609e-01	5.157590e-01	4.892500e-01	4.883969e-01	6.007516e-01	5.650802e-01	4.984692e-01	0.000000e+00	1	6.971695e-02
8.177944e-01	3.087505e-02	5.817048e-01	3.933925e-01	2.402356e-02	5.037701e-01	4.932247e-01	4.478329e-01	4.989263e-01	4.981570e-01	4.955838e-01	4.984148e-01	4.990607e-01	4.649153e-01	4.964588e-01	0.000000e+00	1	6.951173e-02
5.237089e-01	8.024283e-01	2.974923e-01	1.916429e-01	6.318813e-01	5.163721e-01	5.118711e-01	5.231479e-01	5.029446e-01	5.151367e-01	4.917816e-01	5.123491e-01	5.229058e-01	5.023367e-01	5.373308e-01	0.000000e+00	1	6.704872e-02
7.176601e-01	1.708480e-01	6.922948e-01	4.797859e-01	1.487859e-01	4.937783e-01	4.142967e-01	5.283524e-01	5.006343e-01	5.190988e-01	4.934056e-01	4.958988e-01	4.915102e-01	4.453474e-01	4.971196e-01	0.000000e+00	1	6.649886e-02
5.242900e-01	8.033187e-01	2.932695e-01	1.888834e-01	6.318813e-01	5.133863e-01	5.118711e-01	5.203288e-01	5.018204e-01	5.151367e-01	4.917816e-01	5.119203e-01	5.229058e-01	5.023367e-01	5.373308e-01	0.000000e+00	1	6.642031e-02
5.773006e-01	8.239534e-01	1.410837e-02	8.926899e-03	6.109233e-01	5.049226e-01	5.138934e-01	4.846270e-01	4.989506e-01	5.201347e-01	4.967592e-01	5.720754e-01	4.988178e-01	4.943071e-01	5.082976e-01	0.000000e+00	1	6.459167e-02
7.627058e-01	1.884305e-01	6.542657e-01	4.420774e-01	1.541927e-01	4.937783e-01	4.142967e-01	5.283524e-01	5.006343e-01	5.481881e-01	5.926386e-01	4.857135e-01	4.895913e-01	4.453474e-01	4.983271e-01	0.000000e+00	1	6.437360e-02
