1.007379e+00	1.843670e-06	4.392005e-17	2.775558e-17	1.165120e-06	5.034012e-01	5.005949e-01	5.677392e-01	4.970458e-01	5.167808e-01	5.206511e-01	5.450299e-01	4.991549e-01	5.038286e-01	4.957395e-01	0.000000e+00	1	1.000000e+14
1.617741e-15	1.894747e-23	1.001360e+00	1.000000e+00	7.456283e-09	5.033727e-01	5.118280e-01	4.964892e-01	4.994094e-01	4.926933e-01	4.964825e-01	4.984183e-01	4.924319e-01	5.324671e-01	4.960010e-01	0.000000e+00	1	1.000000e+14
2.593338e-26	1.619248e-15	1.002292e+00	1.000000e+00	1.000000e+00	5.164764e-01	4.907227e-01	5.429196e-01	4.989263e-01	4.981570e-01	4.972676e-01	4.984307e-01	4.987886e-01	4.942554e-01	5.066113e-01	0.000000e+00	1	1.000000e+14
2.166514e-01	9.763965e-01	4.360463e-17	2.775558e-17	8.609933e-01	5.031280e-01	5.051424e-01	5.030751e-01	4.989026e-01	4.991748e-01	4.919321e-01	4.976842e-01	4.985344e-01	5.046325e-01	4.984855e-01	0.000000e+00	1	1.000000e+14
1.441805e-15	7.662928e-16	1.010676e+00	1.000000e+00	3.109979e-01	5.248938e-01	5.295340e-01	4.658722e-01	4.999294e-01	4.981570e-01	5.045562e-01	4.953250e-01	4.830784e-01	4.124363e-01	5.043687e-01	0.000000e+00	1	1.000000e+14
4.314992e-11	1.030200e+00	3.097260e-03	1.913969e-03	1.000000e+00	5.031070e-01	5.140438e-01	5.005091e-01	4.970396e-01	4.950498e-01	6.445587e-01	4.395947e-01	4.452343e-01	4.749053e-01	5.422971e-01	0.000000e+00	1	1.000000e+14
7.153646e-02	8.320117e-01	5.765148e-01	3.846669e-01	9.453976e-01	5.562218e-01	5.120550e-01	5.298848e-01	4.887857e-01	4.583263e-01	4.950946e-01	5.662652e-01	4.981141e-01	5.014439e-01	5.653731e-01	0.000000e+00	1	1.470507e-01
6.690035e-01	7.491166e-01	7.123138e-02	4.507492e-02	5.359261e-01	5.140834e-01	5.102968e-01	5.114299e-01	4.592762e-01	5.559987e-01	4.880705e-01	4.976136e-01	4.684324e-01	4.865987e-01	5.181807e-01	0.000000e+00	1	1.305412e-01
2.494797e-01	9.329655e-01	2.672685e-01	1.718815e-01	8.336566e-01	5.062580e-01	5.094960e-01	5.076127e-01	5.037574e-01	4.961483e-01	4.969289e-01	4.679435e-01	4.996252e-01	4.721215e-01	5.039815e-01	0.000000e+00	1	1.286179e-01
8.182967e-01	4.792106e-01	3.311134e-01	2.138625e-01	3.372675e-01	4.613987e-01	4.899416e-01	5.211197e-01	5.269153e-01	4.981758e-01	4.954174e-01	5.093504e-01	5.146938e-01	4.923591e-01	5.358693e-01	0.000000e+00	1	1.242409e-01
1.752291e-01	2.466163e-01	9.703906e-01	8.076057e-01	6.067215e-01	4.523864e-01	5.500773e-01	5.788461e-01	4.950700e-01	5.147121e-01	4.890969e-01	4.973569e-01	4.997500e-01	4.420343e-01	5.416863e-01	0.000000e+00	1	1.232295e-01
1.438732e-01	9.696886e-01	2.102103e-01	1.344764e-01	9.062285e-01	5.062580e-01	5.107694e-01	5.076127e-01	5.038818e-01	4.961483e-01	4.969289e-01	5.481210e-01	4.996252e-01	5.016209e-01	4.957905e-01	0.000000e+00	1	1.162074e-01
8.335268e-01	5.489951e-01	9.949999e-02	6.325655e-02	3.707839e-01	5.355293e-01	4.890892e-01	4.954537e-01	5.082090e-01	5.297332e-01	4.942053e-01	5.175209e-01	4.995804e-01	4.831649e-01	5.070085e-01	0.000000e+00	1	1.099434e-01
2.888246e-01	6.720344e-01	6.951864e-01	4.838121e-01	7.415900e-01	5.030326e-01	5.613215e-01	4.985534e-01	4.929854e-01	4.979416e-01	4.815045e-01	5.655833e-01	4.858370e-01	4.807389e-01	4.907525e-01	0.000000e+00	1	1.090931e-01
9.487032e-01	8.978355e-02	3.128646e-01	2.019528e-01	6.006963e-02	5.016709e-01	4.984803e-01	5.074892e-01	5.018404e-01	4.928043e-01	5.233127e-01	4.771303e-01	5.084027e-01	5.414098e-01	5.043396e-01	0.000000e+00	1	1.087222e-01
9.158301e-01	3.975951e-01	1.361700e-01	8.629395e-02	2.607490e-01	5.058153e-01	5.204940e-01	5.123666e-01	5.246641e-01	5.114297e-01	4.915854e-01	5.612228e-01	5.137619e-01	4.555605e-01	5.180589e-01	0.000000e+00	1	1.065659e-01
5.980890e-01	2.118723e-01	8.042101e-01	5.747463e-01	2.167403e-01	4.994113e-01	5.016660e-01	6.139307e-01	4.995008e-01	5.639952e-01	5.013198e-01	4.771850e-01	4.913371e-01	5.430238e-01	4.303393e-01	0.000000e+00	1	1.027063e-01
7.550127e-01	6.374755e-01	1.912057e-01	1.216826e-01	4.463912e-01	5.021339e-01	5.118280e-01	4.904267e-01	4.984784e-01	5.299942e-01	4.952066e-01	4.949358e-01	4.924319e-01	5.324671e-01	5.645789e-01	0.000000e+00	1	1.025962e-01
7.303912e-01	3.047702e-01	6.231486e-01	4.246219e-01	2.516589e-01	5.058153e-01	5.204940e-01	5.115853e-01	5.269153e-01	4.983767e-01	4.954256e-01	5.613920e-01	5.137619e-01	4.555605e-01	4.937376e-01	0.000000e+00	1	1.007766e-01
5.498820e-01	7.824048e-01	2.939857e-01	1.898702e-01	6.100007e-01	5.033200e-01	5.051424e-01	5.030150e-01	4.892287e-01	5.093724e-01	4.891135e-01	4.978398e-01	4.989250e-01	5.100092e-01	4.984340e-01	0.000000e+00	1	9.983071e-02
4.527668e-02	2.531281e-02	1.000748e+00	9.670314e-01	3.245358e-01	5.064747e-01	5.094960e-01	4.960206e-01	5.146492e-01	4.961483e-01	4.968960e-01	4.680070e-01	4.996216e-01	4.746320e-01	4.938643e-01	0.000000e+00	1	9.946258e-02
5.697916e-01	7.762646e-01	2.960234e-01	1.898702e-01	5.968966e-01	5.033374e-01	5.051424e-01	5.722787e-01	4.976522e-01	5.093724e-01	4.891135e-01	4.978398e-01	4.929718e-01	5.089562e-01	5.424748e-01	0.000000e+00	1	9.884576e-02
3.649482e-01	8.811478e-01	3.745415e-01	2.382274e-01	7.500217e-01	4.847329e-01	4.183355e-01	6.085810e-01	4.989560e-01	5.679599e-01	4.968354e-01	4.689126e-01	5.163723e-01	4.994109e-01	4.907836e-01	0.000000e+00	1	9.869046e-02
7.019974e-01	4.111034e-01	5.939533e-01	4.014830e-01	3.372675e-01	4.842529e-01	4.777390e-01	5.089101e-01	5.269153e-01	4.983767e-01	4.954250e-01	5.131144e-01	5.137619e-01	5.424807e-01	5.594147e-01	0.000000e+00	1	9.728981e-02
1.538590e-01	8.663199e-01	4.923480e-01	3.247760e-01	8.881027e-01	5.064153e-01	5.017781e-01	4.846270e-01	4.989506e-01	4.965064e-01	4.967592e-01	5.850518e-01	5.149614e-01	4.994109e-01	5.223184e-01	0.000000e+00	1	9.715974e-02
4.944103e-01	8.508052e-01	1.792228e-01	1.146915e-01	6.648751e-01	5.033331e-01	5.051424e-01	5.030150e-01	4.989026e-01	4.996891e-01	4.891135e-01	4.940873e-01	4.985344e-01	5.030755e-01	4.983035e-01	0.000000e+00	1	9.369149e-02
4.804794e-02	5.392675e-01	8.733900e-01	6.467303e-01	9.434275e-01	5.044968e-01	3.581227e-01	5.754628e-01	4.935019e-01	4.986034e-01	4.668034e-01	4.997390e-01	5.160247e-01	5.047176e-01	5.177286e-01	0.000000e+00	1	9.275046e-02
3.867554e-01	9.266953e-01	3.315158e-02	2.100982e-02	7.482981e-01	4.843767e-01	5.013070e-01	4.846270e-01	4.970513e-01	4.963719e-01	4.964731e-01	5.634128e-01	5.111613e-01	4.994109e-01	5.069175e-01	0.000000e+00	1	8.981331e-02
3.733844e-01	6.711992e-01	6.750250e-01	4.590120e-01	6.768117e-01	4.732037e-01	4.908183e-01	5.722007e-01	4.962580e-01	4.855847e-01	4.447564e-01	4.973569e-01	4.776019e-01	6.125016e-01	4.908724e-01	0.000000e+00	1	8.889531e-02
6.459266e-01	4.445777e-01	6.478425e-01	4.395892e-01	3.837646e-01	5.207276e-01	4.142967e-01	5.281663e-01	4.433296e-01	5.225496e-01	4.940095e-01	4.952300e-01	4.834353e-01	4.329279e-01	4.956887e-01	0.000000e+00	1	8.777532e-02
5.343335e-01	6.901578e-01	5.235582e-01	3.439672e-01	5.805808e-01	5.586221e-01	4.978690e-01	4.469146e-01	4.741487e-01	4.945999e-01	4.972807e-01	5.500303e-01	4.915075e-01	4.528671e-01	5.777964e-01	0.000000e+00	1	8.753189e-02
6.209155e-02	6.968864e-01	7.477010e-01	5.211289e-01	9.434275e-01	5.044968e-01	4.116204e-01	4.992187e-01	4.031475e-01	4.751711e-01	4.618060e-01	4.552636e-01	5.190272e-01	4.518927e-01	4.946690e-01	0.000000e+00	1	8.395860e-02
7.921415e-01	6.070333e-01	2.493571e-01	1.558744e-01	4.162627e-01	3.599910e-01	5.175011e-01	4.910917e-01	4.891537e-01	5.305717e-01	4.941050e-01	4.936980e-01	4.995056e-01	4.531646e-01	5.732026e-01	0.000000e+00	1	8.324910e-02
8.890161e-01	4.639753e-01	1.486855e-01	9.370842e-02	3.062216e-01	5.524252e-01	4.766962e-01	4.631063e-01	5.098225e-01	4.558723e-01	4.814900e-01	4.953771e-01	4.839070e-01	4.325455e-01	5.435977e-01	0.000000e+00	1	8.309690e-02
1.987267e-01	9.573201e-01	2.159807e-01	1.384068e-01	8.696970e-01	5.106533e-01	5.056427e-01	5.076143e-01	5.016104e-01	4.998157e-01	4.969289e-01	5.151616e-01	4.989404e-01	4.711248e-01	5.044606e-01	0.000000e+00	1	8.099012e-02
8.967646e-01	1.223878e-01	4.324472e-01	2.837614e-01	8.635048e-02	5.100055e-01	5.054026e-01	4.991740e-01	5.016639e-01	4.992406e-01	4.954256e-01	5.058394e-01	4.703206e-01	4.555605e-01	4.937376e-01	0.000000e+00	1	7.523746e-02
3.421545e-01	1.983570e-01	9.490833e-01	7.486440e-01	3.344681e-01	5.133564e-01	5.035892e-01	5.018580e-01	4.988245e-01	5.206163e-01	4.882090e-01	5.607210e-01	4.076409e-01	6.232989e-01	4.968717e-01	0.000000e+00	1	7.471956e-02
8.454681e-01	3.507910e-01	4.108582e-01	2.685893e-01	2.503770e-01	5.015339e-01	4.901251e-01	5.075768e-01	4.993697e-01	4.932695e-01	4.953650e-01	5.539466e-01	5.084573e-01	5.100128e-01	5.050542e-01	0.000000e+00	1	7.113239e-02
9.835856e-01	4.357994e-02	2.213812e-01	1.408053e-01	2.818841e-02	5.037553e-01	4.986545e-01	4.930152e-01	4.967381e-01	5.190870e-01	4.961442e-01	5.849975e-01	4.979308e-01	4.620562e-01	4.968504e-01	0.000000e+00	1	7.033922e-02
6.506376e-01	2.609886e-01	7.491799e-01	5.211289e-01	2.428564e-01	5.018093e-01	4.358884e-01	4.992187e-01	4.039065e-01	4.751711e-01	5.281830e-01	4.552636e-01	5.097229e-01	4.518927e-01	4.172362e-01	0.000000e+00	1	6.996534e-02
9.321466e-01	2.717892e-01	3.546169e-01	2.229258e-01	1.806143e-01	5.092241e-01	5.075516e-01	4.588522e-01	5.076214e-01	3.911214e-01	5.113020e-01	4.929607e-01	4.915045e-01	6.403259e-01	4.981017e-01	0.000000e+00	1	6.944326e-02
5.053502e-01	4.782543e-02	8.790508e-01	6.666189e-01	6.006963e-02	5.016709e-01	4.984803e-01	5.074892e-01	3.899954e-01	4.927996e-01	5.233127e-01	4.771303e-01	5.084027e-01	5.414098e-01	5.043004e-01	0.000000e+00	1	6.916984e-02
4.110423e-01	1.686824e-01	9.047877e-01	7.094005e-01	2.479126e-01	5.037153e-01	5.138934e-01	4.976895e-01	5.044463e-01	5.201347e-01	4.967592e-01	5.849975e-01	4.913733e-01	4.939649e-01	4.968504e-01	0.000000e+00	1	6.861101e-02
6.943989e-01	4.265659e-01	6.202485e-01	4.141580e-01	3.506912e-01	4.566079e-01	4.940875e-01	5.015716e-01	6.179778e-01	4.980389e-01	4.954174e-01	5.630788e-01	5.136707e-01	4.518011e-01	5.422382e-01	0.000000e+00	1	6.818260e-02
4.787165e-01	7.444117e-01	4.727321e-01	3.123106e-01	6.361748e-01	4.984155e-01	4.907202e-01	4.986378e-01	5.052879e-01	4.617059e-01	4.942226e-01	5.411592e-01	4.995804e-01	4.945602e-01	5.070085e-01	0.000000e+00	1	6.802775e-02
1.758029e-03	1.009630e+00	8.993261e-02	5.655743e-02	9.988915e-01	5.056533e-01	4.103614e-01	5.119613e-01	5.006469e-01	5.515319e-01	4.941970e-01	4.901240e-01	5.045819e-01	4.498693e-01	4.901124e-01	0.000000e+00	1	6.703642e-02
3.902489e-01	2.206503e-01	9.167097e-01	7.104385e-01	3.276024e-01	5.024275e-01	5.138934e-01	4.291482e-01	4.994233e-01	5.201347e-01	5.755516e-01	5.849975e-01	4.633593e-01	4.765546e-01	4.968504e-01	0.000000e+00	1	6.611175e-02
6.382831e-01	5.864558e-01	5.199397e-01	3.439672e-01	4.730762e-01	5.378051e-01	4.915310e-01	4.556666e-01	5.030259e-01	4.918924e-01	4.830910e-01	5.508841e-01	4.915075e-01	4.714759e-01	5.589598e-01	0.000000e+00	1	6.558219e-02
6.457861e-01	3.207201e-01	7.705651e-01	5.211289e-01	2.934513e-01	3.458535e-01	4.046383e-01	4.595115e-01	4.031475e-01	4.751711e-01	4.618060e-01	4.908018e-01	5.270827e-01	4.077509e-01	4.946690e-01	0.000000e+00	1	6.513468e-02
4.427846e-01	3.147430e-01	8.574681e-01	6.404846e-01	3.934024e-01	4.756561e-01	5.051654e-01	4.603004e-01	4.815252e-01	5.146511e-01	4.915410e-01	5.509759e-01	4.914751e-01	5.955778e-01	4.789375e-01	0.000000e+00	1	6.475811e-02
3.767453e-01	2.729187e-01	8.950685e-01	6.948541e-01	3.991113e-01	5.054172e-01	5.138934e-01	4.976895e-01	4.737589e-01	5.199301e-01	4.907553e-01	5.849975e-01	4.914187e-01	4.939649e-01	4.964246e-01	0.000000e+00	1	6.447970e-02
5.187029e-01	3.613331e-01	7.958624e-01	5.726669e-01	3.873491e-01	5.207276e-01	4.142967e-01	4.948524e-01	4.433296e-01	5.225496e-01	4.939969e-01	4.952300e-01	4.834353e-01	4.329279e-01	4.956887e-01	0.000000e+00	1	6.403795e-02
7.791834e-01	3.264437e-01	6.103114e-01	3.982832e-01	2.525728e-01	5.058432e-01	5.213728e-01	5.115338e-01	5.008314e-01	3.149949e-01	4.649819e-01	5.558182e-01	4.882774e-01	4.469287e-01	5.069569e-01	0.000000e+00	1	6.250776e-02
5.106146e-01	5.831193e-01	7.186600e-01	4.759640e-01	5.421405e-01	5.628691e-01	4.910090e-01	5.962963e-01	4.961157e-01	4.855847e-01	4.447564e-01	6.723320e-01	4.904709e-01	6.026465e-01	4.908724e-01	0.000000e+00	1	6.157530e-02
9.249136e-01	3.802415e-01	2.853916e-01	1.769770e-01	2.483119e-01	3.674843e-01	3.994859e-01	5.002655e-01	4.546620e-01	5.537198e-01	5.013098e-01	4.940220e-01	4.468048e-01	5.360494e-01	5.563815e-01	0.000000e+00	1	6.086338e-02
6.689493e-02	8.325938e-01	5.718008e-01	3.821573e-01	9.489603e-01	5.562218e-01	5.073181e-01	5.298848e-01	4.700089e-01	4.583263e-01	4.930161e-01	4.704047e-01	4.918586e-01	4.845564e-01	5.653731e-01	0.000000e+00	1	5.902404e-02
