1.007379e+00	1.843670e-06	4.392005e-17	2.775558e-17	1.165120e-06	5.034012e-01	5.005949e-01	5.677392e-01	4.970458e-01	5.167808e-01	5.206511e-01	5.450299e-01	4.991549e-01	5.038286e-01	4.957395e-01	0.000000e+00	1	1.000000e+14
4.314992e-11	1.030200e+00	3.097260e-03	1.913969e-03	1.000000e+00	5.031070e-01	5.140438e-01	5.005091e-01	4.970396e-01	4.950498e-01	6.445587e-01	4.395947e-01	4.452343e-01	4.749053e-01	5.422971e-01	0.000000e+00	1	1.000000e+14
1.441805e-15	7.662928e-16	1.010676e+00	1.000000e+00	3.109979e-01	5.248938e-01	5.295340e-01	4.658722e-01	4.999294e-01	4.981570e-01	5.045562e-01	4.953250e-01	4.830784e-01	4.124363e-01	5.043687e-01	0.000000e+00	1	1.000000e+14
2.166514e-01	9.763965e-01	4.360463e-17	2.775558e-17	8.609933e-01	5.031280e-01	5.051424e-01	5.030751e-01	4.989026e-01	4.991748e-01	4.919321e-01	4.976842e-01	4.985344e-01	5.046325e-01	4.984855e-01	0.000000e+00	1	1.000000e+14
2.593338e-26	1.619248e-15	1.002292e+00	1.000000e+00	1.000000e+00	5.164764e-01	4.907227e-01	5.429196e-01	4.989263e-01	4.981570e-01	4.972676e-01	4.984307e-01	4.987886e-01	4.942554e-01	5.066113e-01	0.000000e+00	1	1.000000e+14
1.617741e-15	1.894747e-23	1.001360e+00	1.000000e+00	7.456283e-09	5.033727e-01	5.118280e-01	4.964892e-01	4.994094e-01	4.926933e-01	4.964825e-01	4.984183e-01	4.924319e-01	5.324671e-01	4.960010e-01	0.000000e+00	1	1.000000e+14
8.182967e-01	4.792106e-01	3.311134e-01	2.138625e-01	3.372675e-01	4.613987e-01	4.899416e-01	5.211197e-01	5.269153e-01	4.981758e-01	4.954174e-01	5.093504e-01	5.146938e-01	4.923591e-01	5.358693e-01	0.000000e+00	1	1.417991e-01
4.480593e-01	1.737790e-01	8.853904e-01	6.834159e-01	2.355411e-01	4.554558e-01	4.901251e-01	4.946352e-01	4.993697e-01	4.932695e-01	4.598590e-01	5.587589e-01	5.084573e-01	5.100128e-01	4.958878e-01	0.000000e+00	1	1.080532e-01
6.209155e-02	6.968864e-01	7.477010e-01	5.211289e-01	9.434275e-01	5.044968e-01	4.116204e-01	4.992187e-01	4.031475e-01	4.751711e-01	4.618060e-01	4.552636e-01	5.190272e-01	4.518927e-01	4.946690e-01	0.000000e+00	1	1.051877e-01
9.487032e-01	8.978355e-02	3.128646e-01	2.019528e-01	6.006963e-02	5.016709e-01	4.984803e-01	5.074892e-01	5.018404e-01	4.928043e-01	5.233127e-01	4.771303e-01	5.084027e-01	5.414098e-01	5.043396e-01	0.000000e+00	1	1.031577e-01
5.980890e-01	2.118723e-01	8.042101e-01	5.747463e-01	2.167403e-01	4.994113e-01	5.016660e-01	6.139307e-01	4.995008e-01	5.639952e-01	5.013198e-01	4.771850e-01	4.913371e-01	5.430238e-01	4.303393e-01	0.000000e+00	1	1.027287e-01
7.303912e-01	3.047702e-01	6.231486e-01	4.246219e-01	2.516589e-01	5.058153e-01	5.204940e-01	5.115853e-01	5.269153e-01	4.983767e-01	4.954256e-01	5.613920e-01	5.137619e-01	4.555605e-01	4.937376e-01	0.000000e+00	1	1.018896e-01
4.110423e-01	1.686824e-01	9.047877e-01	7.094005e-01	2.479126e-01	5.037153e-01	5.138934e-01	4.976895e-01	5.044463e-01	5.201347e-01	4.967592e-01	5.849975e-01	4.913733e-01	4.939649e-01	4.968504e-01	0.000000e+00	1	9.922802e-02
8.623038e-01	5.447731e-01	9.445876e-03	5.895506e-03	3.587028e-01	4.608897e-01	4.885624e-01	5.015716e-01	6.179778e-01	4.980389e-01	4.954174e-01	5.093504e-01	5.146938e-01	4.518011e-01	5.422382e-01	0.000000e+00	1	9.839776e-02
5.106146e-01	5.831193e-01	7.186600e-01	4.759640e-01	5.421405e-01	5.628691e-01	4.910090e-01	5.962963e-01	4.961157e-01	4.855847e-01	4.447564e-01	6.723320e-01	4.904709e-01	6.026465e-01	4.908724e-01	0.000000e+00	1	9.611125e-02
7.039726e-01	4.122601e-01	5.956245e-01	4.014830e-01	3.372675e-01	5.058153e-01	5.089371e-01	5.089101e-01	5.269153e-01	4.983767e-01	4.954256e-01	5.613920e-01	5.137619e-01	5.424807e-01	5.582848e-01	0.000000e+00	1	9.421228e-02
8.538493e-01	3.311640e-01	4.110684e-01	2.685893e-01	2.355411e-01	5.015339e-01	4.901251e-01	5.075768e-01	4.993697e-01	4.932695e-01	4.953650e-01	5.585111e-01	5.084573e-01	5.100128e-01	5.050542e-01	0.000000e+00	1	9.099304e-02
8.335268e-01	5.489951e-01	9.949999e-02	6.325655e-02	3.707839e-01	5.355293e-01	4.890892e-01	4.954537e-01	5.082090e-01	5.297332e-01	4.942053e-01	5.175209e-01	4.995804e-01	4.831649e-01	5.070085e-01	0.000000e+00	1	8.960891e-02
5.347346e-01	6.906760e-01	5.239513e-01	3.439672e-01	5.805808e-01	5.610860e-01	4.978690e-01	4.469146e-01	4.815816e-01	4.944833e-01	4.809007e-01	5.508841e-01	4.915075e-01	4.525889e-01	5.798715e-01	0.000000e+00	1	8.916692e-02
4.593323e-01	3.581835e-01	8.150326e-01	6.049753e-01	4.216312e-01	4.759676e-01	5.154562e-01	5.186553e-01	4.898900e-01	5.154641e-01	4.910481e-01	4.974438e-01	4.882776e-01	5.066760e-01	4.980464e-01	0.000000e+00	1	8.853961e-02
7.153646e-02	8.320117e-01	5.765148e-01	3.846669e-01	9.453976e-01	5.562218e-01	5.120550e-01	5.298848e-01	4.887857e-01	4.583263e-01	4.950946e-01	5.662652e-01	4.981141e-01	5.014439e-01	5.653731e-01	0.000000e+00	1	8.838703e-02
3.649482e-01	8.811478e-01	3.745415e-01	2.382274e-01	7.500217e-01	4.847329e-01	4.183355e-01	6.085810e-01	4.989560e-01	5.679599e-01	4.968354e-01	4.689126e-01	5.163723e-01	4.994109e-01	4.907836e-01	0.000000e+00	1	8.674767e-02
3.421545e-01	1.983570e-01	9.490833e-01	7.486440e-01	3.344681e-01	5.133564e-01	5.035892e-01	5.018580e-01	4.988245e-01	5.206163e-01	4.882090e-01	5.607210e-01	4.076409e-01	6.232989e-01	4.968717e-01	0.000000e+00	1	8.371394e-02
2.494797e-01	9.329655e-01	2.672685e-01	1.718815e-01	8.336566e-01	5.062580e-01	5.094960e-01	5.076127e-01	5.037574e-01	4.961483e-01	4.969289e-01	4.679435e-01	4.996252e-01	4.721215e-01	5.039815e-01	0.000000e+00	1	8.350833e-02
9.762582e-01	3.419221e-01	2.337627e-01	1.414916e-01	2.144685e-01	4.994113e-01	5.010199e-01	4.908884e-01	4.995008e-01	5.639952e-01	5.013198e-01	4.946378e-01	4.991769e-01	5.430238e-01	2.667058e-01	0.000000e+00	1	8.217200e-02
8.967646e-01	1.223878e-01	4.324472e-01	2.837614e-01	8.635048e-02	5.100055e-01	5.054026e-01	4.991740e-01	5.016639e-01	4.992406e-01	4.954256e-01	5.058394e-01	4.703206e-01	4.555605e-01	4.937376e-01	0.000000e+00	1	8.193953e-02
6.382831e-01	5.864558e-01	5.199397e-01	3.439672e-01	4.730762e-01	5.378051e-01	4.915310e-01	4.556666e-01	5.030259e-01	4.918924e-01	4.830910e-01	5.508841e-01	4.915075e-01	4.714759e-01	5.589598e-01	0.000000e+00	1	8.036039e-02
3.106379e-01	2.306223e-01	9.359838e-01	7.504697e-01	4.065639e-01	5.048062e-01	5.136019e-01	4.949560e-01	5.008314e-01	5.219279e-01	4.580091e-01	5.559945e-01	4.882774e-01	4.470363e-01	5.650844e-01	0.000000e+00	1	7.906425e-02
5.308904e-02	5.958464e-01	8.463111e-01	6.082865e-01	9.434275e-01	5.044968e-01	3.449402e-01	5.299988e-01	4.031475e-01	4.986034e-01	4.618060e-01	4.997390e-01	5.190272e-01	5.047176e-01	5.139953e-01	0.000000e+00	1	7.772376e-02
1.752291e-01	2.466163e-01	9.703906e-01	8.076057e-01	6.067215e-01	4.523864e-01	5.500773e-01	5.788461e-01	4.950700e-01	5.147121e-01	4.890969e-01	4.973569e-01	4.997500e-01	4.420343e-01	5.416863e-01	0.000000e+00	1	7.539558e-02
9.321466e-01	2.717892e-01	3.546169e-01	2.229258e-01	1.806143e-01	5.092241e-01	5.075516e-01	4.588522e-01	5.076214e-01	3.911214e-01	5.113020e-01	4.929607e-01	4.915045e-01	6.403259e-01	4.981017e-01	0.000000e+00	1	7.440962e-02
5.498820e-01	7.824048e-01	2.939857e-01	1.898702e-01	6.100007e-01	5.033200e-01	5.051424e-01	5.030150e-01	4.892287e-01	5.093724e-01	4.891135e-01	4.978398e-01	4.989250e-01	5.100092e-01	4.984340e-01	0.000000e+00	1	7.438697e-02
5.187029e-01	3.613331e-01	7.958624e-01	5.726669e-01	3.873491e-01	5.207276e-01	4.142967e-01	4.948524e-01	4.433296e-01	5.225496e-01	4.939969e-01	4.952300e-01	4.834353e-01	4.329279e-01	4.956887e-01	0.000000e+00	1	7.317417e-02
3.500307e-01	7.342136e-01	6.201799e-01	4.147160e-01	7.167877e-01	4.541383e-01	5.500773e-01	6.170941e-01	4.518591e-01	5.083155e-01	4.766828e-01	4.973569e-01	4.633617e-01	4.937300e-01	4.856798e-01	0.000000e+00	1	7.286328e-02
2.888651e-01	6.721285e-01	6.952838e-01	4.838121e-01	7.415900e-01	5.030326e-01	5.613215e-01	4.985534e-01	4.929854e-01	4.979416e-01	4.815045e-01	5.655833e-01	4.858370e-01	4.807389e-01	4.849394e-01	0.000000e+00	1	7.278300e-02
3.569076e-01	1.464668e-01	9.387202e-01	7.517609e-01	2.479126e-01	5.030509e-01	5.137447e-01	4.976895e-01	4.217669e-01	5.201347e-01	4.967592e-01	5.849975e-01	4.899625e-01	4.943071e-01	5.284065e-01	0.000000e+00	1	7.270698e-02
3.867554e-01	9.266953e-01	3.315158e-02	2.100982e-02	7.482981e-01	4.843767e-01	5.013070e-01	4.846270e-01	4.970513e-01	4.963719e-01	4.964731e-01	5.634128e-01	5.111613e-01	4.994109e-01	5.069175e-01	0.000000e+00	1	7.261271e-02
4.527668e-02	2.531281e-02	1.000748e+00	9.670314e-01	3.245358e-01	5.064747e-01	5.094960e-01	4.960206e-01	5.146492e-01	4.961483e-01	4.968960e-01	4.680070e-01	4.996216e-01	4.746320e-01	4.938643e-01	0.000000e+00	1	7.129161e-02
7.921415e-01	6.070333e-01	2.493571e-01	1.558744e-01	4.162627e-01	3.599910e-01	5.175011e-01	4.910917e-01	4.891537e-01	5.305717e-01	4.941050e-01	4.936980e-01	4.995056e-01	4.531646e-01	5.732026e-01	0.000000e+00	1	7.108309e-02
9.835856e-01	4.357994e-02	2.213812e-01	1.408053e-01	2.818841e-02	5.037553e-01	4.986545e-01	4.930152e-01	4.967381e-01	5.190870e-01	4.961442e-01	5.849975e-01	4.979308e-01	4.620562e-01	4.968504e-01	0.000000e+00	1	7.092433e-02
1.538590e-01	8.663199e-01	4.923480e-01	3.247760e-01	8.881027e-01	5.064153e-01	5.017781e-01	4.846270e-01	4.989506e-01	4.965064e-01	4.967592e-01	5.850518e-01	5.149614e-01	4.994109e-01	5.223184e-01	0.000000e+00	1	7.054763e-02
6.690035e-01	7.491166e-01	7.123138e-02	4.507492e-02	5.359261e-01	5.140834e-01	5.102968e-01	5.114299e-01	4.592762e-01	5.559987e-01	4.880705e-01	4.976136e-01	4.684324e-01	4.865987e-01	5.181807e-01	0.000000e+00	1	6.887269e-02
7.829920e-01	6.165664e-01	2.844171e-01	1.769770e-01	4.246515e-01	3.674843e-01	3.994859e-01	5.002655e-01	4.536384e-01	5.537198e-01	4.940743e-01	4.940220e-01	4.687318e-01	4.886598e-01	5.502341e-01	0.000000e+00	1	6.884795e-02
3.009600e-01	9.146521e-01	3.225921e-01	2.058006e-01	7.976285e-01	4.847329e-01	4.138879e-01	4.846270e-01	4.989560e-01	4.965064e-01	4.967846e-01	5.850518e-01	5.163723e-01	4.994109e-01	4.907836e-01	0.000000e+00	1	6.829590e-02
4.254105e-01	3.317315e-01	8.438943e-01	6.379011e-01	4.216312e-01	4.759676e-01	5.051654e-01	5.186553e-01	4.871488e-01	5.146511e-01	4.919786e-01	4.973408e-01	4.882776e-01	5.066760e-01	4.985782e-01	0.000000e+00	1	6.793757e-02
8.890161e-01	4.639753e-01	1.486855e-01	9.370842e-02	3.062216e-01	5.524252e-01	4.766962e-01	4.631063e-01	5.098225e-01	4.558723e-01	4.814900e-01	4.953771e-01	4.839070e-01	4.325455e-01	5.435977e-01	0.000000e+00	1	6.790499e-02
1.758029e-03	1.009630e+00	8.993261e-02	5.655743e-02	9.988915e-01	5.056533e-01	4.103614e-01	5.119613e-01	5.006469e-01	5.515319e-01	4.941970e-01	4.901240e-01	5.045819e-01	4.498693e-01	4.901124e-01	0.000000e+00	1	6.686392e-02
2.029890e-02	8.972042e-01	4.550779e-01	2.987669e-01	9.855992e-01	5.164764e-01	4.907227e-01	5.429196e-01	4.989263e-01	4.975034e-01	4.972676e-01	5.225520e-01	4.987887e-01	5.587715e-01	5.066113e-01	0.000000e+00	1	6.681797e-02
3.733844e-01	6.711992e-01	6.750250e-01	4.590120e-01	6.768117e-01	4.732037e-01	4.908183e-01	5.722007e-01	4.962580e-01	4.855847e-01	4.447564e-01	4.973569e-01	4.776019e-01	6.125016e-01	4.908724e-01	0.000000e+00	1	6.664820e-02
7.550127e-01	6.374755e-01	1.912057e-01	1.216826e-01	4.463912e-01	5.021339e-01	5.118280e-01	4.904267e-01	4.984784e-01	5.299942e-01	4.952066e-01	4.949358e-01	4.924319e-01	5.324671e-01	5.645789e-01	0.000000e+00	1	6.500039e-02
8.327060e-02	9.630899e-01	3.561160e-01	2.247031e-01	9.450932e-01	5.036160e-01	5.154229e-01	5.200573e-01	4.970396e-01	4.951868e-01	6.445587e-01	4.395947e-01	4.452343e-01	4.741100e-01	5.359282e-01	0.000000e+00	1	6.425269e-02
7.791834e-01	3.264437e-01	6.103114e-01	3.982832e-01	2.525728e-01	5.058432e-01	5.213728e-01	5.115338e-01	5.008314e-01	3.149949e-01	4.649819e-01	5.558182e-01	4.882774e-01	4.469287e-01	5.069569e-01	0.000000e+00	1	6.370372e-02
6.459266e-01	4.445777e-01	6.478425e-01	4.395892e-01	3.837646e-01	5.207276e-01	4.142967e-01	5.281663e-01	4.433296e-01	5.225496e-01	4.940095e-01	4.952300e-01	4.834353e-01	4.329279e-01	4.956887e-01	0.000000e+00	1	6.339074e-02
9.158301e-01	3.975951e-01	1.361700e-01	8.629395e-02	2.607490e-01	5.058153e-01	5.204940e-01	5.123666e-01	5.246641e-01	5.114297e-01	4.915854e-01	5.612228e-01	5.137619e-01	4.555605e-01	5.180589e-01	0.000000e+00	1	6.331883e-02
4.787165e-01	7.444117e-01	4.727321e-01	3.123106e-01	6.361748e-01	4.984155e-01	4.907202e-01	4.986378e-01	5.052879e-01	4.617059e-01	4.942226e-01	5.411592e-01	4.995804e-01	4.945602e-01	5.070085e-01	0.000000e+00	1	6.290177e-02
4.944103e-01	8.508052e-01	1.792228e-01	1.146915e-01	6.648751e-01	5.033331e-01	5.051424e-01	5.030150e-01	4.989026e-01	4.996891e-01	4.891135e-01	4.940873e-01	4.985344e-01	5.030755e-01	4.983035e-01	0.000000e+00	1	6.256718e-02
