4.225715e-11	1.008885e+00	2.938721e-03	1.854366e-03	1.000000e+00	5.031279e-01	5.141523e-01	5.005091e-01	4.972171e-01	4.955208e-01	4.883960e-01	4.395947e-01	4.445285e-01	4.987503e-01	5.422971e-01	0.000000e+00	1	1.000000e+14
1.002393e+00	1.834545e-06	4.370268e-17	2.775558e-17	1.165120e-06	5.045890e-01	5.022600e-01	4.989294e-01	5.136070e-01	4.925878e-01	5.102666e-01	5.435171e-01	4.978285e-01	4.911821e-01	5.066192e-01	0.000000e+00	1	1.000000e+14
2.588585e-26	1.616280e-15	1.000455e+00	1.000000e+00	1.000000e+00	5.164764e-01	4.907227e-01	4.987108e-01	4.989423e-01	4.977868e-01	4.972676e-01	4.984307e-01	4.987886e-01	4.940969e-01	5.066113e-01	0.000000e+00	1	1.000000e+14
2.166474e-01	9.763784e-01	4.360383e-17	2.775558e-17	8.609933e-01	5.031280e-01	5.051424e-01	5.030751e-01	4.993584e-01	4.991748e-01	4.917517e-01	4.976842e-01	4.985344e-01	5.009108e-01	4.984855e-01	0.000000e+00	1	1.000000e+14
1.000602e-15	1.285564e-15	1.008374e+00	1.000000e+00	5.789450e-01	5.092737e-01	5.441498e-01	4.996490e-01	4.993007e-01	4.988087e-01	4.948626e-01	4.988867e-01	4.909159e-01	5.337958e-01	5.713059e-01	0.000000e+00	1	1.000000e+14
1.617741e-15	1.894747e-23	1.001360e+00	1.000000e+00	7.456283e-09	5.033727e-01	5.118280e-01	4.964892e-01	4.994094e-01	4.926933e-01	4.964825e-01	4.984183e-01	4.924319e-01	5.324671e-01	4.960010e-01	0.000000e+00	1	1.000000e+14
4.573775e-01	8.989917e-01	3.744953e-02	2.362574e-02	7.003833e-01	5.033727e-01	5.118280e-01	5.003042e-01	5.192928e-01	4.929246e-01	4.964825e-01	4.976579e-01	4.930270e-01	5.931646e-01	4.947213e-01	0.000000e+00	1	1.598092e-01
8.417095e-02	5.053144e-01	8.599198e-01	6.579626e-01	8.949221e-01	5.048002e-01	5.026240e-01	4.954854e-01	5.196273e-01	4.919069e-01	4.993132e-01	4.969767e-01	4.932291e-01	5.037769e-01	5.193276e-01	0.000000e+00	1	1.505924e-01
7.886702e-01	6.157192e-01	1.284187e-01	8.126423e-02	4.219928e-01	4.937450e-01	5.172845e-01	5.051434e-01	4.987322e-01	4.978229e-01	5.022382e-01	4.475023e-01	4.454087e-01	4.607077e-01	5.332700e-01	0.000000e+00	1	1.468080e-01
4.974695e-01	6.746460e-01	6.152235e-01	4.030793e-01	5.955082e-01	6.344869e-01	5.346165e-01	4.468162e-01	4.670062e-01	4.492638e-01	5.685362e-01	5.596161e-01	4.908030e-01	5.052806e-01	5.750377e-01	0.000000e+00	1	1.376041e-01
8.782080e-01	4.102193e-01	2.913040e-01	1.858581e-01	2.781970e-01	5.376335e-01	5.287235e-01	5.009067e-01	4.464861e-01	5.152284e-01	5.096516e-01	4.963365e-01	4.972970e-01	5.213069e-01	4.211678e-01	0.000000e+00	1	1.372769e-01
4.287449e-01	5.267523e-01	7.825543e-01	5.449455e-01	5.650719e-01	3.680305e-01	5.469029e-01	4.852519e-01	4.924369e-01	5.098553e-01	5.979343e-01	4.814530e-01	5.069188e-01	4.965656e-01	4.212377e-01	0.000000e+00	1	1.258590e-01
3.488524e-01	1.564766e-01	9.257556e-01	7.506588e-01	2.684274e-01	5.033727e-01	5.026240e-01	4.964892e-01	5.190693e-01	4.926933e-01	4.964825e-01	4.954770e-01	4.924319e-01	5.324671e-01	4.968274e-01	0.000000e+00	1	1.249105e-01
2.433902e-02	6.978978e-01	7.366131e-01	5.169841e-01	9.778070e-01	5.048512e-01	4.911580e-01	4.964758e-01	4.972171e-01	4.955208e-01	4.885286e-01	4.382819e-01	4.378598e-01	5.098017e-01	5.835072e-01	0.000000e+00	1	1.101799e-01
2.636219e-01	1.813506e-01	9.653286e-01	7.962364e-01	3.836092e-01	5.016160e-01	5.066629e-01	5.100191e-01	5.083146e-01	5.202303e-01	4.055024e-01	5.849975e-01	5.066423e-01	4.936247e-01	4.893778e-01	0.000000e+00	1	1.091589e-01
5.105473e-01	2.721115e-01	8.291562e-01	6.121664e-01	3.117414e-01	4.922512e-01	5.531912e-01	4.917603e-01	4.950700e-01	5.150309e-01	5.125249e-01	4.786950e-01	4.996783e-01	5.769537e-01	5.360613e-01	0.000000e+00	1	1.072002e-01
8.582147e-01	2.865483e-01	4.672008e-01	3.034470e-01	2.051509e-01	4.986178e-01	5.019661e-01	5.139564e-01	5.061290e-01	5.635318e-01	4.810860e-01	5.610291e-01	4.815905e-01	5.972223e-01	4.879830e-01	0.000000e+00	1	1.051174e-01
1.548758e-01	8.329617e-01	5.748680e-01	3.795299e-01	8.829673e-01	5.918767e-01	4.866642e-01	5.639196e-01	5.148611e-01	4.806412e-01	5.016832e-01	4.553183e-01	4.162818e-01	4.986375e-01	5.393372e-01	0.000000e+00	1	1.047630e-01
9.215788e-01	3.568806e-01	2.509928e-01	1.583364e-01	2.352095e-01	4.787919e-01	5.019661e-01	5.727029e-01	4.971749e-01	4.589164e-01	4.949633e-01	5.814269e-01	4.815905e-01	4.948217e-01	5.720052e-01	0.000000e+00	1	1.022835e-01
1.691952e-01	9.197937e-01	3.777238e-01	2.443672e-01	8.841890e-01	4.859914e-01	5.223270e-01	5.492605e-01	5.181910e-01	4.487454e-01	5.011276e-01	5.455858e-01	5.211316e-01	4.970194e-01	5.031768e-01	0.000000e+00	1	1.021440e-01
6.765592e-01	7.427981e-01	8.969462e-02	5.668232e-02	5.296884e-01	5.025672e-01	5.120835e-01	5.723709e-01	5.064303e-01	5.100494e-01	4.858004e-01	5.029138e-01	4.991304e-01	5.280564e-01	5.468470e-01	0.000000e+00	1	1.019905e-01
7.601605e-01	5.523265e-01	4.040037e-01	2.585082e-01	4.000206e-01	5.824863e-01	5.141223e-01	5.008317e-01	5.004059e-01	4.832102e-01	4.055024e-01	4.464889e-01	5.601138e-01	5.101488e-01	4.972383e-01	0.000000e+00	1	1.009892e-01
7.305389e-01	5.308037e-01	4.796047e-01	3.108154e-01	4.000206e-01	5.824863e-01	5.141223e-01	5.008317e-01	5.004086e-01	4.820302e-01	4.055024e-01	4.500473e-01	5.601138e-01	5.099182e-01	4.963575e-01	0.000000e+00	1	9.534165e-02
5.555662e-01	7.255133e-01	4.436860e-01	2.877611e-01	5.839632e-01	4.868339e-01	5.120435e-01	4.722271e-01	4.927627e-01	4.938901e-01	4.794014e-01	5.482671e-01	4.898097e-01	6.084659e-01	4.963803e-01	0.000000e+00	1	9.115235e-02
3.798449e-01	4.441621e-02	9.259838e-01	7.506588e-01	7.410500e-02	5.033727e-01	5.027548e-01	4.951893e-01	5.190693e-01	5.225071e-01	4.964825e-01	4.950653e-01	4.924319e-01	5.288502e-01	4.968274e-01	0.000000e+00	1	9.068733e-02
6.895575e-01	4.381022e-01	5.864437e-01	3.963575e-01	3.603261e-01	4.566079e-01	5.223270e-01	5.492605e-01	5.181910e-01	4.927795e-01	5.011276e-01	5.162834e-01	4.866877e-01	4.970194e-01	5.031768e-01	0.000000e+00	1	9.053899e-02
1.197462e-01	9.648837e-01	2.696982e-01	1.722584e-01	9.213947e-01	4.762904e-01	5.223270e-01	4.983346e-01	5.181910e-01	4.487454e-01	5.007147e-01	5.455858e-01	4.994810e-01	4.970194e-01	5.537476e-01	0.000000e+00	1	8.627729e-02
6.245513e-01	8.024174e-01	1.559365e-01	9.687465e-02	5.789450e-01	5.330273e-01	3.638962e-01	4.474476e-01	4.993007e-01	4.988087e-01	4.948626e-01	4.988867e-01	4.909548e-01	5.337958e-01	5.713059e-01	0.000000e+00	1	8.427387e-02
6.005647e-01	8.144592e-01	1.815967e-01	1.130408e-01	5.955082e-01	5.329069e-01	5.693790e-01	4.468162e-01	4.670062e-01	4.638766e-01	5.702515e-01	5.498296e-01	4.908030e-01	4.414235e-01	5.777964e-01	0.000000e+00	1	8.122242e-02
2.320762e-01	2.201227e-01	9.649930e-01	7.962364e-01	4.831755e-01	5.016160e-01	5.069171e-01	5.100191e-01	5.094184e-01	4.944021e-01	4.055024e-01	5.849975e-01	5.072842e-01	4.942507e-01	4.893778e-01	0.000000e+00	1	7.996724e-02
7.944158e-01	3.421438e-01	5.202845e-01	3.447488e-01	2.588985e-01	5.380842e-01	4.794226e-01	4.958746e-01	4.972270e-01	4.824714e-01	4.967304e-01	4.396182e-01	4.606230e-01	5.389994e-01	5.211992e-01	0.000000e+00	1	7.938056e-02
6.357837e-01	3.809629e-01	7.072173e-01	4.850733e-01	3.436681e-01	4.713843e-01	5.347109e-01	4.966995e-01	4.874798e-01	6.294295e-01	4.967973e-01	4.863278e-01	4.419625e-01	5.376523e-01	4.769924e-01	0.000000e+00	1	7.854242e-02
6.559097e-01	4.574011e-01	6.324402e-01	4.260054e-01	3.876682e-01	5.882959e-01	5.204822e-01	5.636063e-01	4.972295e-01	5.250217e-01	4.968224e-01	5.021526e-01	4.854284e-01	5.373523e-01	5.707038e-01	0.000000e+00	1	7.779749e-02
3.351353e-01	6.000306e-01	7.706446e-01	5.363630e-01	6.757257e-01	4.851887e-01	5.500773e-01	5.440326e-01	4.991455e-01	4.948560e-01	4.976659e-01	5.543938e-01	5.594249e-01	4.467052e-01	6.362448e-01	0.000000e+00	1	7.779432e-02
3.017884e-01	2.076060e-01	9.504218e-01	7.658099e-01	3.836092e-01	5.160954e-01	5.197973e-01	4.925294e-01	5.083146e-01	4.960101e-01	4.082357e-01	5.849975e-01	5.066423e-01	5.444141e-01	4.893778e-01	0.000000e+00	1	7.547751e-02
8.331746e-01	3.891838e-01	4.269823e-01	2.767369e-01	2.781970e-01	4.888329e-01	5.147139e-01	4.398637e-01	4.464861e-01	5.152284e-01	5.045316e-01	4.963365e-01	4.887346e-01	5.213069e-01	4.211678e-01	0.000000e+00	1	7.499273e-02
5.790452e-01	5.260394e-01	6.680706e-01	4.499594e-01	4.694877e-01	5.033558e-01	5.333147e-01	5.024369e-01	5.052738e-01	4.819771e-01	6.334085e-01	5.576049e-01	4.887080e-01	5.052661e-01	5.774606e-01	0.000000e+00	1	7.489713e-02
3.167800e-01	9.293034e-01	2.090754e-01	1.335721e-01	7.908538e-01	4.785542e-01	5.149898e-01	5.032115e-01	4.889938e-01	4.921931e-01	5.192497e-01	5.491676e-01	4.988469e-01	4.978140e-01	4.875497e-01	0.000000e+00	1	7.425037e-02
8.537060e-02	1.141402e-01	9.930247e-01	9.092422e-01	5.911725e-01	5.164764e-01	5.257121e-01	5.446247e-01	5.045902e-01	4.955205e-01	4.972676e-01	5.120492e-01	4.987886e-01	4.980473e-01	5.088877e-01	0.000000e+00	1	7.359557e-02
2.948679e-01	8.785827e-01	4.071823e-01	2.635464e-01	7.938593e-01	4.821011e-01	5.018962e-01	5.727029e-01	4.959300e-01	4.955247e-01	4.948827e-01	5.646111e-01	4.898512e-01	4.913110e-01	5.471751e-01	0.000000e+00	1	7.255976e-02
3.058765e-01	4.808385e-01	8.353864e-01	6.188782e-01	6.393142e-01	4.907570e-01	5.550577e-01	4.909088e-01	4.943379e-01	5.150309e-01	5.125249e-01	4.741009e-01	4.963592e-01	5.752528e-01	5.359666e-01	0.000000e+00	1	7.197388e-02
8.252530e-01	5.695400e-01	1.286947e-01	8.126423e-02	3.845678e-01	4.910438e-01	5.172437e-01	5.051434e-01	4.987322e-01	4.978782e-01	5.106987e-01	4.416167e-01	4.366984e-01	4.566015e-01	5.332700e-01	0.000000e+00	1	7.164297e-02
3.211593e-01	9.453816e-01	1.633550e-01	1.032424e-01	7.915185e-01	5.218766e-01	5.435506e-01	4.732803e-01	4.973042e-01	4.941938e-01	5.098915e-01	5.455489e-01	4.904530e-01	5.379096e-01	5.699118e-01	0.000000e+00	1	7.120847e-02
5.341334e-01	7.992035e-01	3.554571e-01	2.254830e-01	6.249325e-01	3.701730e-01	5.469029e-01	4.773924e-01	4.924369e-01	5.154277e-01	4.959640e-01	4.814530e-01	5.069188e-01	5.399813e-01	4.451382e-01	0.000000e+00	1	7.055097e-02
9.993257e-01	8.869808e-02	4.374024e-17	2.775558e-17	5.635737e-02	5.072902e-01	5.015669e-01	4.799973e-01	5.136070e-01	4.925325e-01	5.018061e-01	5.494027e-01	5.065388e-01	4.952883e-01	5.069913e-01	0.000000e+00	1	6.923827e-02
7.061188e-01	5.796804e-01	4.595057e-01	2.966786e-01	4.375989e-01	4.357618e-01	5.118084e-01	5.044029e-01	5.176808e-01	5.599025e-01	4.036285e-01	5.127081e-01	4.813909e-01	5.436774e-01	5.523825e-01	0.000000e+00	1	6.827384e-02
5.948642e-01	3.621688e-01	7.645365e-01	5.296512e-01	3.481572e-01	4.856175e-01	5.482108e-01	5.448841e-01	4.998776e-01	4.948560e-01	4.691875e-01	5.589879e-01	5.627440e-01	4.484061e-01	6.363396e-01	0.000000e+00	1	6.604280e-02
9.413295e-01	1.438505e-01	3.126398e-01	2.019528e-01	9.653905e-02	5.016709e-01	4.912229e-01	5.101355e-01	5.018404e-01	4.923930e-01	4.949481e-01	4.858830e-01	5.080090e-01	5.414098e-01	5.043396e-01	0.000000e+00	1	6.544366e-02
6.510793e-01	3.256758e-01	7.136575e-01	4.936712e-01	2.952738e-01	5.049074e-01	5.338800e-01	4.941274e-01	4.991652e-01	6.138805e-01	4.913299e-01	5.484655e-01	5.222076e-01	5.412611e-01	4.744414e-01	0.000000e+00	1	6.537567e-02
7.650504e-03	8.621161e-01	5.395572e-01	3.559940e-01	9.943507e-01	5.380842e-01	4.845608e-01	5.723734e-01	4.972270e-01	4.340289e-01	5.027620e-01	4.400520e-01	4.719051e-01	4.973945e-01	5.371838e-01	0.000000e+00	1	6.496750e-02
8.107063e-01	4.714645e-02	6.124677e-01	4.113733e-01	3.698083e-02	4.592080e-01	5.305800e-01	4.717694e-01	5.849431e-01	4.927795e-01	4.594132e-01	4.943920e-01	4.866877e-01	4.942023e-01	4.322354e-01	0.000000e+00	1	6.351505e-02
5.811236e-01	7.618139e-01	3.385687e-01	2.162341e-01	5.851449e-01	5.062428e-01	5.120676e-01	5.192278e-01	5.078495e-01	4.414511e-01	4.822329e-01	4.982640e-01	5.075619e-01	6.084659e-01	5.055520e-01	0.000000e+00	1	6.310947e-02
1.199705e-01	9.840553e-01	2.500712e-01	1.573089e-01	9.227680e-01	5.164764e-01	4.907227e-01	4.987108e-01	4.989423e-01	4.977868e-01	4.972676e-01	6.467104e-01	4.972596e-01	5.211675e-01	5.066113e-01	0.000000e+00	1	6.264218e-02
5.449459e-01	8.212785e-01	2.304650e-01	1.462306e-01	6.270487e-01	5.233820e-01	5.138494e-01	5.063809e-01	5.033840e-01	4.414511e-01	5.643291e-01	4.985192e-01	5.069593e-01	4.385485e-01	5.055520e-01	0.000000e+00	1	6.261167e-02
3.574139e-01	3.771160e-02	9.387103e-01	7.672220e-01	6.692366e-02	5.033727e-01	5.027548e-01	4.504781e-01	5.126946e-01	4.955926e-01	4.964825e-01	4.673945e-01	4.927273e-01	5.369890e-01	4.968274e-01	0.000000e+00	1	6.200636e-02
9.591494e-01	5.745172e-02	3.154669e-01	2.019528e-01	3.808713e-02	5.224817e-01	4.916304e-01	5.074892e-01	5.035930e-01	4.583078e-01	5.689323e-01	5.202651e-01	4.999838e-01	4.413646e-01	5.186139e-01	0.000000e+00	1	6.154687e-02
