4.225715e-11	1.008885e+00	2.938721e-03	1.854366e-03	1.000000e+00	5.031279e-01	5.141523e-01	5.005091e-01	4.972171e-01	4.955208e-01	4.883960e-01	4.395947e-01	4.445285e-01	4.987503e-01	5.422971e-01	0.000000e+00	1	1.000000e+14
1.617741e-15	1.894747e-23	1.001360e+00	1.000000e+00	7.456283e-09	5.033727e-01	5.118280e-01	4.964892e-01	4.994094e-01	4.926933e-01	4.964825e-01	4.984183e-01	4.924319e-01	5.324671e-01	4.960010e-01	0.000000e+00	1	1.000000e+14
1.000602e-15	1.285564e-15	1.008374e+00	1.000000e+00	5.789450e-01	5.092737e-01	5.441498e-01	4.996490e-01	4.993007e-01	4.988087e-01	4.948626e-01	4.988867e-01	4.909159e-01	5.337958e-01	5.713059e-01	0.000000e+00	1	1.000000e+14
2.166474e-01	9.763784e-01	4.360383e-17	2.775558e-17	8.609933e-01	5.031280e-01	5.051424e-01	5.030751e-01	4.993584e-01	4.991748e-01	4.917517e-01	4.976842e-01	4.985344e-01	5.009108e-01	4.984855e-01	0.000000e+00	1	1.000000e+14
1.002794e+00	1.835280e-06	4.372017e-17	2.775558e-17	1.165120e-06	5.045890e-01	5.015260e-01	4.799973e-01	5.136070e-01	4.925878e-01	5.102666e-01	5.435171e-01	4.978285e-01	4.911821e-01	5.069913e-01	0.000000e+00	1	1.000000e+14
2.588585e-26	1.616280e-15	1.000455e+00	1.000000e+00	1.000000e+00	5.164764e-01	4.907227e-01	4.987108e-01	4.989423e-01	4.977868e-01	4.972676e-01	4.984307e-01	4.987886e-01	4.940969e-01	5.066113e-01	0.000000e+00	1	1.000000e+14
7.886702e-01	6.157192e-01	1.284187e-01	8.126423e-02	4.219928e-01	4.937450e-01	5.172845e-01	5.051434e-01	4.987322e-01	4.978229e-01	5.022382e-01	4.475023e-01	4.454087e-01	4.607077e-01	5.332700e-01	0.000000e+00	1	1.783158e-01
4.431069e-01	4.926722e-01	7.679873e-01	5.468024e-01	5.336883e-01	5.042904e-01	4.890892e-01	5.683376e-01	5.064303e-01	5.100494e-01	4.859329e-01	5.016011e-01	4.924617e-01	5.370563e-01	5.880571e-01	0.000000e+00	1	1.562103e-01
3.800481e-01	4.443996e-02	9.264790e-01	7.506588e-01	7.410500e-02	5.033727e-01	5.027548e-01	4.951893e-01	5.190693e-01	5.225071e-01	4.964825e-01	4.950653e-01	4.924319e-01	5.369890e-01	4.968274e-01	0.000000e+00	1	1.418743e-01
1.000095e+00	2.225184e-02	6.820918e-02	4.334134e-02	1.416227e-02	5.133645e-01	5.003225e-01	4.987148e-01	4.929642e-01	4.920697e-01	4.915076e-01	4.819600e-01	4.954949e-01	5.386228e-01	4.784727e-01	0.000000e+00	1	1.211451e-01
9.591494e-01	5.745172e-02	3.154669e-01	2.019528e-01	3.808713e-02	5.224817e-01	4.916304e-01	5.074892e-01	5.035930e-01	4.583078e-01	5.689323e-01	5.202651e-01	4.999838e-01	4.413646e-01	5.186139e-01	0.000000e+00	1	1.116471e-01
6.489519e-01	3.362239e-01	7.164906e-01	4.936712e-01	3.043201e-01	4.461951e-01	5.338800e-01	4.941274e-01	4.874798e-01	6.294295e-01	4.967973e-01	5.077064e-01	5.222076e-01	5.376523e-01	4.769924e-01	0.000000e+00	1	1.097246e-01
8.107063e-01	4.714645e-02	6.124677e-01	4.113733e-01	3.698083e-02	4.592080e-01	5.305800e-01	4.717694e-01	5.849431e-01	4.927795e-01	4.594132e-01	4.943920e-01	4.866877e-01	4.942023e-01	4.322354e-01	0.000000e+00	1	1.069478e-01
6.357837e-01	3.809629e-01	7.072173e-01	4.850733e-01	3.436681e-01	4.713843e-01	5.347109e-01	4.966995e-01	4.874798e-01	6.294295e-01	4.967973e-01	4.863278e-01	4.419625e-01	5.376523e-01	4.769924e-01	0.000000e+00	1	1.060615e-01
2.636219e-01	1.813506e-01	9.653286e-01	7.962364e-01	3.836092e-01	5.016160e-01	5.066629e-01	5.100191e-01	5.083146e-01	5.202303e-01	4.055024e-01	5.849975e-01	5.066423e-01	4.936247e-01	4.893778e-01	0.000000e+00	1	1.047927e-01
5.341334e-01	7.992035e-01	3.554571e-01	2.254830e-01	6.249325e-01	3.701730e-01	5.469029e-01	4.773924e-01	4.924369e-01	5.154277e-01	4.959640e-01	4.814530e-01	5.069188e-01	5.399813e-01	4.451382e-01	0.000000e+00	1	1.044906e-01
8.587565e-01	2.867291e-01	4.674958e-01	3.034470e-01	2.051509e-01	4.787919e-01	5.019661e-01	5.727029e-01	4.971749e-01	5.627685e-01	4.949633e-01	5.646111e-01	4.815905e-01	5.441905e-01	5.524990e-01	0.000000e+00	1	1.039810e-01
5.427639e-02	7.777951e-01	6.372317e-01	4.362096e-01	9.556471e-01	5.031279e-01	4.811130e-01	5.268744e-01	4.995481e-01	4.955208e-01	4.796435e-01	4.395947e-01	5.007957e-01	4.987503e-01	5.422971e-01	0.000000e+00	1	1.020293e-01
6.005647e-01	8.144592e-01	1.815967e-01	1.130408e-01	5.955082e-01	5.329069e-01	5.693790e-01	4.468162e-01	4.670062e-01	4.638766e-01	5.702515e-01	5.498296e-01	4.908030e-01	4.414235e-01	5.777964e-01	0.000000e+00	1	1.019943e-01
5.811236e-01	7.618139e-01	3.385687e-01	2.162341e-01	5.851449e-01	5.062428e-01	5.120676e-01	5.192278e-01	5.078495e-01	4.414511e-01	4.822329e-01	4.982640e-01	5.075619e-01	6.084659e-01	5.055520e-01	0.000000e+00	1	1.000961e-01
3.017884e-01	2.076060e-01	9.504218e-01	7.658099e-01	3.836092e-01	5.160954e-01	5.197973e-01	4.925294e-01	5.083146e-01	4.960101e-01	4.082357e-01	5.849975e-01	5.066423e-01	5.444141e-01	4.893778e-01	0.000000e+00	1	9.965340e-02
6.895575e-01	4.381022e-01	5.864437e-01	3.963575e-01	3.603261e-01	4.566079e-01	5.223270e-01	5.492605e-01	5.181910e-01	4.927795e-01	5.011276e-01	5.162834e-01	4.866877e-01	4.970194e-01	5.031768e-01	0.000000e+00	1	9.562630e-02
3.351353e-01	6.000306e-01	7.706446e-01	5.363630e-01	6.757257e-01	4.851887e-01	5.500773e-01	5.440326e-01	4.991455e-01	4.948560e-01	4.976659e-01	5.543938e-01	5.594249e-01	4.467052e-01	6.362448e-01	0.000000e+00	1	9.486044e-02
7.305389e-01	5.308037e-01	4.796047e-01	3.108154e-01	4.000206e-01	5.824863e-01	5.141223e-01	5.008317e-01	5.004086e-01	4.820302e-01	4.055024e-01	4.500473e-01	5.601138e-01	5.099182e-01	4.963575e-01	0.000000e+00	1	9.363115e-02
5.102803e-01	6.920195e-01	5.456600e-01	3.600035e-01	5.955082e-01	5.401525e-01	5.256900e-01	5.422111e-01	5.046133e-01	5.914957e-01	5.052485e-01	5.120359e-01	4.807471e-01	4.980234e-01	5.731366e-01	0.000000e+00	1	9.348863e-02
6.573299e-01	4.583915e-01	6.338096e-01	4.260054e-01	3.876682e-01	6.081218e-01	5.204822e-01	5.048597e-01	4.791068e-01	5.257850e-01	4.968224e-01	4.985706e-01	4.854284e-01	5.903841e-01	4.902310e-01	0.000000e+00	1	9.289478e-02
5.555662e-01	7.255133e-01	4.436860e-01	2.877611e-01	5.839632e-01	4.868339e-01	5.120435e-01	4.722271e-01	4.927627e-01	4.938901e-01	4.794014e-01	5.482671e-01	4.898097e-01	6.084659e-01	4.963803e-01	0.000000e+00	1	8.971737e-02
1.599029e-01	2.351724e-02	9.935477e-01	8.973386e-01	9.296247e-02	5.423022e-01	4.911091e-01	4.499006e-01	5.108752e-01	4.957589e-01	4.967568e-01	4.661624e-01	5.026354e-01	4.996065e-01	5.305018e-01	0.000000e+00	1	8.961074e-02
5.105473e-01	2.721115e-01	8.291562e-01	6.121664e-01	3.117414e-01	4.922512e-01	5.531912e-01	4.917603e-01	4.950700e-01	5.150309e-01	5.125249e-01	4.786950e-01	4.996783e-01	5.769537e-01	5.360613e-01	0.000000e+00	1	8.818983e-02
3.211593e-01	9.453816e-01	1.633550e-01	1.032424e-01	7.915185e-01	5.218766e-01	5.435506e-01	4.732803e-01	4.973042e-01	4.941938e-01	5.098915e-01	5.455489e-01	4.904530e-01	5.379096e-01	5.699118e-01	0.000000e+00	1	8.652315e-02
4.573775e-01	8.989917e-01	3.744953e-02	2.362574e-02	7.003833e-01	5.033727e-01	5.118280e-01	5.003042e-01	5.192928e-01	4.929246e-01	4.964825e-01	4.976579e-01	4.930270e-01	5.931646e-01	4.947213e-01	0.000000e+00	1	8.566505e-02
7.601605e-01	5.523265e-01	4.040037e-01	2.585082e-01	4.000206e-01	5.824863e-01	5.141223e-01	5.008317e-01	5.004059e-01	4.832102e-01	4.055024e-01	4.464889e-01	5.601138e-01	5.101488e-01	4.972383e-01	0.000000e+00	1	8.374776e-02
7.001987e-01	2.260907e-01	6.817452e-01	4.757376e-01	1.988334e-01	5.029178e-01	4.809852e-01	5.260373e-01	4.993092e-01	4.997642e-01	4.551874e-01	4.978448e-01	4.971508e-01	5.001741e-01	5.034040e-01	0.000000e+00	1	8.281031e-02
7.917529e-03	8.675293e-01	5.218506e-01	3.447488e-01	9.941900e-01	5.380842e-01	4.866642e-01	5.639196e-01	4.972270e-01	4.792825e-01	5.051230e-01	4.396182e-01	4.719051e-01	4.986375e-01	5.425148e-01	0.000000e+00	1	8.280931e-02
3.167800e-01	9.293034e-01	2.090754e-01	1.335721e-01	7.908538e-01	4.785542e-01	5.149898e-01	5.032115e-01	4.889938e-01	4.921931e-01	5.192497e-01	5.491676e-01	4.988469e-01	4.978140e-01	4.875497e-01	0.000000e+00	1	8.166196e-02
5.056842e-01	8.257042e-01	2.838148e-01	1.815225e-01	6.501727e-01	4.849880e-01	4.485067e-01	5.622280e-01	4.953975e-01	5.154277e-01	5.129253e-01	5.352803e-01	4.997820e-01	5.103931e-01	4.785815e-01	0.000000e+00	1	8.143874e-02
8.417095e-02	5.053144e-01	8.599198e-01	6.579626e-01	8.949221e-01	5.048002e-01	5.026240e-01	4.954854e-01	5.196273e-01	4.919069e-01	4.993132e-01	4.969767e-01	4.932291e-01	5.037769e-01	5.193276e-01	0.000000e+00	1	7.852545e-02
9.487032e-01	8.978355e-02	3.128646e-01	2.019528e-01	6.006963e-02	5.016709e-01	4.984803e-01	5.074892e-01	5.018404e-01	4.928043e-01	5.233127e-01	4.771303e-01	5.084027e-01	5.414098e-01	5.043396e-01	0.000000e+00	1	7.644857e-02
4.974695e-01	6.746460e-01	6.152235e-01	4.030793e-01	5.955082e-01	6.344869e-01	5.346165e-01	4.468162e-01	4.670062e-01	4.492638e-01	5.685362e-01	5.596161e-01	4.908030e-01	5.052806e-01	5.750377e-01	0.000000e+00	1	7.579553e-02
5.799178e-01	5.268321e-01	6.690775e-01	4.499594e-01	4.694877e-01	5.033558e-01	5.293441e-01	4.545776e-01	5.052738e-01	4.869082e-01	6.334085e-01	5.566892e-01	4.887080e-01	5.052661e-01	5.774606e-01	0.000000e+00	1	7.419833e-02
2.049552e-01	1.210123e-01	9.814887e-01	8.485417e-01	3.395445e-01	5.033558e-01	5.141223e-01	4.545776e-01	5.052738e-01	4.869082e-01	5.352584e-01	5.074512e-01	4.888900e-01	4.936247e-01	5.774606e-01	0.000000e+00	1	7.385225e-02
1.901376e-02	1.370742e-02	1.000206e+00	9.850837e-01	3.976513e-01	5.164764e-01	4.907227e-01	4.987108e-01	4.989423e-01	4.977868e-01	4.972676e-01	4.984307e-01	5.067397e-01	4.959993e-01	5.066113e-01	0.000000e+00	1	6.904576e-02
7.505259e-01	2.455401e-01	6.453913e-01	4.362096e-01	2.012877e-01	5.031279e-01	4.811130e-01	5.696322e-01	4.998316e-01	4.955208e-01	4.932758e-01	3.873824e-01	5.007957e-01	4.899642e-01	5.423415e-01	0.000000e+00	1	6.868300e-02
2.948679e-01	8.785827e-01	4.071823e-01	2.635464e-01	7.938593e-01	4.821011e-01	5.018962e-01	5.727029e-01	4.959300e-01	4.955247e-01	4.948827e-01	5.646111e-01	4.898512e-01	4.913110e-01	5.471751e-01	0.000000e+00	1	6.865272e-02
1.882247e-01	2.552619e-01	9.815201e-01	8.010333e-01	5.955082e-01	6.344869e-01	5.193946e-01	4.468162e-01	4.670062e-01	4.492638e-01	5.189069e-01	5.206067e-01	4.909850e-01	4.936391e-01	5.750377e-01	0.000000e+00	1	6.801806e-02
1.197462e-01	9.648837e-01	2.696982e-01	1.722584e-01	9.213947e-01	4.762904e-01	5.223270e-01	4.983346e-01	5.181910e-01	4.487454e-01	5.007147e-01	5.455858e-01	4.994810e-01	4.970194e-01	5.537476e-01	0.000000e+00	1	6.774826e-02
1.691952e-01	9.197937e-01	3.777238e-01	2.443672e-01	8.841890e-01	4.859914e-01	5.223270e-01	5.492605e-01	5.181910e-01	4.487454e-01	5.011276e-01	5.455858e-01	5.211316e-01	4.970194e-01	5.031768e-01	0.000000e+00	1	6.711542e-02
3.488524e-01	1.564766e-01	9.257556e-01	7.506588e-01	2.684274e-01	5.033727e-01	5.026240e-01	4.964892e-01	5.190693e-01	4.926933e-01	4.964825e-01	4.954770e-01	4.924319e-01	5.324671e-01	4.968274e-01	0.000000e+00	1	6.639799e-02
9.413295e-01	1.438505e-01	3.126398e-01	2.019528e-01	9.653905e-02	5.016709e-01	4.912229e-01	5.101355e-01	5.018404e-01	4.923930e-01	4.949481e-01	4.858830e-01	5.080090e-01	5.414098e-01	5.043396e-01	0.000000e+00	1	6.439207e-02
8.782080e-01	4.102193e-01	2.913040e-01	1.858581e-01	2.781970e-01	5.376335e-01	5.287235e-01	5.009067e-01	4.464861e-01	5.152284e-01	5.096516e-01	4.963365e-01	4.972970e-01	5.213069e-01	4.211678e-01	0.000000e+00	1	6.367030e-02
1.199705e-01	9.840553e-01	2.500712e-01	1.573089e-01	9.227680e-01	5.164764e-01	4.907227e-01	4.987108e-01	4.989423e-01	4.977868e-01	4.972676e-01	6.467104e-01	4.972596e-01	5.211675e-01	5.066113e-01	0.000000e+00	1	6.265135e-02
9.215788e-01	3.568806e-01	2.509928e-01	1.583364e-01	2.352095e-01	4.787919e-01	5.019661e-01	5.727029e-01	4.971749e-01	4.589164e-01	4.949633e-01	5.814269e-01	4.815905e-01	4.948217e-01	5.720052e-01	0.000000e+00	1	6.163728e-02
7.061188e-01	5.796804e-01	4.595057e-01	2.966786e-01	4.375989e-01	4.357618e-01	5.118084e-01	5.044029e-01	5.176808e-01	5.599025e-01	4.036285e-01	5.127081e-01	4.813909e-01	5.436774e-01	5.523825e-01	0.000000e+00	1	6.113681e-02
7.650504e-03	8.621161e-01	5.395572e-01	3.559940e-01	9.943507e-01	5.380842e-01	4.845608e-01	5.723734e-01	4.972270e-01	4.340289e-01	5.027620e-01	4.400520e-01	4.719051e-01	4.973945e-01	5.371838e-01	0.000000e+00	1	6.096751e-02
3.132838e-04	9.891676e-01	1.965419e-01	1.248664e-01	9.997984e-01	5.031279e-01	5.120490e-01	5.089630e-01	4.972171e-01	4.955208e-01	4.860350e-01	4.400284e-01	4.445285e-01	4.975073e-01	5.369661e-01	0.000000e+00	1	5.942852e-02
7.429494e-01	5.786544e-01	3.539759e-01	2.288954e-01	4.212626e-01	5.021400e-01	5.135171e-01	5.615584e-01	4.981902e-01	5.140183e-01	5.102534e-01	4.701182e-01	5.165931e-01	5.100128e-01	5.221001e-01	0.000000e+00	1	5.783226e-02
