1.002393e+00	1.834545e-06	4.370268e-17	2.775558e-17	1.165120e-06	5.045890e-01	5.022600e-01	4.989294e-01	5.136070e-01	4.925878e-01	5.102666e-01	5.435171e-01	4.978285e-01	4.911821e-01	5.066192e-01	0.000000e+00	1	1.000000e+14
4.225715e-11	1.008885e+00	2.938721e-03	1.854366e-03	1.000000e+00	5.031279e-01	5.141523e-01	5.005091e-01	4.972171e-01	4.955208e-01	4.883960e-01	4.395947e-01	4.445285e-01	4.987503e-01	5.422971e-01	0.000000e+00	1	1.000000e+14
1.617741e-15	1.894747e-23	1.001360e+00	1.000000e+00	7.456283e-09	5.033727e-01	5.118280e-01	4.964892e-01	4.994094e-01	4.926933e-01	4.964825e-01	4.984183e-01	4.924319e-01	5.324671e-01	4.960010e-01	0.000000e+00	1	1.000000e+14
8.975526e-16	1.360962e-15	1.009122e+00	1.000000e+00	6.288355e-01	5.092737e-01	5.443836e-01	4.996490e-01	4.993007e-01	4.952767e-01	4.949596e-01	4.988867e-01	4.909159e-01	4.287436e-01	5.430853e-01	0.000000e+00	1	1.000000e+14
2.166474e-01	9.763784e-01	4.360383e-17	2.775558e-17	8.609933e-01	5.031280e-01	5.051424e-01	5.030751e-01	4.993584e-01	4.991748e-01	4.917517e-01	4.976842e-01	4.985344e-01	5.009108e-01	4.984855e-01	0.000000e+00	1	1.000000e+14
2.588585e-26	1.616280e-15	1.000455e+00	1.000000e+00	1.000000e+00	5.164764e-01	4.907227e-01	4.987108e-01	4.989423e-01	4.977868e-01	4.972676e-01	4.984307e-01	4.987886e-01	4.940969e-01	5.066113e-01	0.000000e+00	1	1.000000e+14
8.417095e-02	5.053144e-01	8.599198e-01	6.579626e-01	8.949221e-01	5.048002e-01	5.026240e-01	4.954854e-01	5.196273e-01	4.919069e-01	4.993132e-01	4.969767e-01	4.932291e-01	5.037769e-01	5.193276e-01	0.000000e+00	1	1.197246e-01
7.305389e-01	5.308037e-01	4.796047e-01	3.108154e-01	4.000206e-01	5.824863e-01	5.141223e-01	5.008317e-01	5.004086e-01	4.820302e-01	4.055024e-01	4.500473e-01	5.601138e-01	5.099182e-01	4.963575e-01	0.000000e+00	1	1.133428e-01
5.341334e-01	7.992035e-01	3.554571e-01	2.254830e-01	6.249325e-01	3.701730e-01	5.469029e-01	4.773924e-01	4.924369e-01	5.154277e-01	4.959640e-01	4.814530e-01	5.069188e-01	5.399813e-01	4.451382e-01	0.000000e+00	1	1.132166e-01
9.591494e-01	5.745172e-02	3.154669e-01	2.019528e-01	3.808713e-02	5.224817e-01	4.916304e-01	5.074892e-01	5.035930e-01	4.583078e-01	5.689323e-01	5.202651e-01	4.999838e-01	4.413646e-01	5.186139e-01	0.000000e+00	1	1.127923e-01
2.636219e-01	1.813506e-01	9.653286e-01	7.962364e-01	3.836092e-01	5.016160e-01	5.066629e-01	5.100191e-01	5.083146e-01	5.202303e-01	4.055024e-01	5.849975e-01	5.066423e-01	4.936247e-01	4.893778e-01	0.000000e+00	1	1.123119e-01
8.537060e-02	1.141402e-01	9.930247e-01	9.092422e-01	5.911725e-01	5.164764e-01	5.257121e-01	5.446247e-01	5.045902e-01	4.955205e-01	4.972676e-01	5.120492e-01	4.987886e-01	4.980473e-01	5.088877e-01	0.000000e+00	1	1.092781e-01
3.483203e-01	2.676623e-01	9.083975e-01	7.132497e-01	4.171112e-01	4.937450e-01	4.995867e-01	4.612540e-01	4.987322e-01	4.978229e-01	5.022382e-01	4.475023e-01	4.544084e-01	4.607077e-01	5.332700e-01	0.000000e+00	1	1.083919e-01
6.895575e-01	4.381022e-01	5.864437e-01	3.963575e-01	3.603261e-01	4.566079e-01	5.223270e-01	5.492605e-01	5.181910e-01	4.927795e-01	5.011276e-01	5.162834e-01	4.866877e-01	4.970194e-01	5.031768e-01	0.000000e+00	1	1.059764e-01
7.650504e-03	8.621161e-01	5.395572e-01	3.559940e-01	9.943507e-01	5.380842e-01	4.845608e-01	5.723734e-01	4.972270e-01	4.340289e-01	5.027620e-01	4.400520e-01	4.719051e-01	4.973945e-01	5.371838e-01	0.000000e+00	1	9.995889e-02
6.357837e-01	3.809629e-01	7.072173e-01	4.850733e-01	3.436681e-01	4.713843e-01	5.347109e-01	4.966995e-01	4.874798e-01	6.294295e-01	4.967973e-01	4.863278e-01	4.419625e-01	5.376523e-01	4.769924e-01	0.000000e+00	1	9.504258e-02
5.811236e-01	7.618139e-01	3.385687e-01	2.162341e-01	5.851449e-01	5.062428e-01	5.120676e-01	5.192278e-01	5.078495e-01	4.414511e-01	4.822329e-01	4.982640e-01	5.075619e-01	6.084659e-01	5.055520e-01	0.000000e+00	1	9.490721e-02
9.413295e-01	1.438505e-01	3.126398e-01	2.019528e-01	9.653905e-02	5.016709e-01	4.912229e-01	5.101355e-01	5.018404e-01	4.923930e-01	4.949481e-01	4.858830e-01	5.080090e-01	5.414098e-01	5.043396e-01	0.000000e+00	1	9.358401e-02
9.028844e-01	2.424061e-01	3.775755e-01	2.443672e-01	1.669817e-01	4.859914e-01	5.223270e-01	5.492605e-01	5.181910e-01	4.487454e-01	5.046903e-01	5.455858e-01	4.930467e-01	5.004194e-01	4.993654e-01	0.000000e+00	1	9.263640e-02
4.818435e-01	6.200342e-01	6.650456e-01	4.473561e-01	5.794263e-01	4.883085e-01	5.351166e-01	5.039092e-01	4.930909e-01	4.819771e-01	6.334085e-01	5.576049e-01	4.887080e-01	5.052661e-01	5.774606e-01	0.000000e+00	1	9.258858e-02
7.944158e-01	3.421438e-01	5.202845e-01	3.447488e-01	2.588985e-01	5.380842e-01	4.794226e-01	4.958746e-01	4.972270e-01	4.824714e-01	4.967304e-01	4.396182e-01	4.606230e-01	5.389994e-01	5.211992e-01	0.000000e+00	1	9.103844e-02
5.555662e-01	7.255133e-01	4.436860e-01	2.877611e-01	5.839632e-01	4.868339e-01	5.120435e-01	4.722271e-01	4.927627e-01	4.938901e-01	4.794014e-01	5.482671e-01	4.898097e-01	6.084659e-01	4.963803e-01	0.000000e+00	1	9.101108e-02
2.948679e-01	8.785827e-01	4.071823e-01	2.635464e-01	7.938593e-01	4.821011e-01	5.018962e-01	5.727029e-01	4.959300e-01	4.955247e-01	4.948827e-01	5.646111e-01	4.898512e-01	4.913110e-01	5.471751e-01	0.000000e+00	1	9.046295e-02
6.510793e-01	3.256758e-01	7.136575e-01	4.936712e-01	2.952738e-01	5.049074e-01	5.338800e-01	4.941274e-01	4.991652e-01	6.138805e-01	4.913299e-01	5.484655e-01	5.222076e-01	5.412611e-01	4.744414e-01	0.000000e+00	1	8.781726e-02
1.199705e-01	9.840553e-01	2.500712e-01	1.573089e-01	9.227680e-01	5.164764e-01	4.907227e-01	4.987108e-01	4.989423e-01	4.977868e-01	4.972676e-01	6.467104e-01	4.972596e-01	5.211675e-01	5.066113e-01	0.000000e+00	1	8.689629e-02
4.287449e-01	5.267523e-01	7.825543e-01	5.449455e-01	5.650719e-01	3.680305e-01	5.469029e-01	4.852519e-01	4.924369e-01	5.098553e-01	5.979343e-01	4.814530e-01	5.069188e-01	4.965656e-01	4.212377e-01	0.000000e+00	1	8.670657e-02
3.574139e-01	3.771160e-02	9.387103e-01	7.672220e-01	6.692366e-02	5.033727e-01	5.027548e-01	4.504781e-01	5.126946e-01	4.955926e-01	4.964825e-01	4.673945e-01	4.927273e-01	5.369890e-01	4.968274e-01	0.000000e+00	1	8.574205e-02
6.765592e-01	7.427981e-01	8.969462e-02	5.668232e-02	5.296884e-01	5.025672e-01	5.120835e-01	5.723709e-01	5.064303e-01	5.100494e-01	4.858004e-01	5.029138e-01	4.991304e-01	5.280564e-01	5.468470e-01	0.000000e+00	1	8.464571e-02
3.351122e-01	5.861086e-01	7.570410e-01	5.363630e-01	6.693433e-01	4.851887e-01	5.500773e-01	5.444210e-01	4.886942e-01	4.948560e-01	4.976659e-01	5.543938e-01	5.594249e-01	4.467052e-01	4.868203e-01	0.000000e+00	1	8.258306e-02
8.782080e-01	4.102193e-01	2.913040e-01	1.858581e-01	2.781970e-01	5.376335e-01	5.287235e-01	5.009067e-01	4.464861e-01	5.152284e-01	5.096516e-01	4.963365e-01	4.972970e-01	5.213069e-01	4.211678e-01	0.000000e+00	1	8.203901e-02
8.896839e-01	4.829799e-01	4.291030e-02	2.696874e-02	3.166230e-01	4.922512e-01	5.708891e-01	4.917603e-01	4.950700e-01	5.150309e-01	5.125249e-01	4.786950e-01	4.996783e-01	5.769537e-01	5.360613e-01	0.000000e+00	1	8.004567e-02
2.320762e-01	2.201227e-01	9.649930e-01	7.962364e-01	4.831755e-01	5.016160e-01	5.069171e-01	5.100191e-01	5.094184e-01	4.944021e-01	4.055024e-01	5.849975e-01	5.072842e-01	4.942507e-01	4.893778e-01	0.000000e+00	1	7.931530e-02
6.005647e-01	8.144592e-01	1.815967e-01	1.130408e-01	5.955082e-01	5.329069e-01	5.693790e-01	4.468162e-01	4.670062e-01	4.638766e-01	5.702515e-01	5.498296e-01	4.908030e-01	4.414235e-01	5.777964e-01	0.000000e+00	1	7.894900e-02
4.190414e-01	7.026204e-01	6.132978e-01	4.095313e-01	6.576471e-01	4.986178e-01	4.996621e-01	5.139564e-01	5.073207e-01	6.334019e-01	4.810860e-01	5.595496e-01	4.815905e-01	5.073032e-01	4.896064e-01	0.000000e+00	1	7.888638e-02
6.559097e-01	4.574011e-01	6.324402e-01	4.260054e-01	3.876682e-01	5.882959e-01	5.204822e-01	5.636063e-01	4.972295e-01	5.250217e-01	4.968224e-01	5.021526e-01	4.854284e-01	5.373523e-01	5.707038e-01	0.000000e+00	1	7.851357e-02
9.971563e-01	1.167900e-08	1.046290e-01	6.655529e-02	7.456283e-09	5.033727e-01	5.118219e-01	4.915336e-01	4.993461e-01	4.927537e-01	4.964825e-01	4.651329e-01	4.924319e-01	5.324671e-01	4.960939e-01	0.000000e+00	1	7.845630e-02
3.211593e-01	9.453816e-01	1.633550e-01	1.032424e-01	7.915185e-01	5.218766e-01	5.435506e-01	4.732803e-01	4.973042e-01	4.941938e-01	5.098915e-01	5.455489e-01	4.904530e-01	5.379096e-01	5.699118e-01	0.000000e+00	1	7.804365e-02
5.790452e-01	5.260394e-01	6.680706e-01	4.499594e-01	4.694877e-01	5.033558e-01	5.333147e-01	5.024369e-01	5.052738e-01	4.819771e-01	6.334085e-01	5.576049e-01	4.887080e-01	5.052661e-01	5.774606e-01	0.000000e+00	1	7.707324e-02
8.245152e-01	5.690309e-01	1.285796e-01	8.126423e-02	3.845678e-01	4.910438e-01	5.172437e-01	5.051434e-01	4.947884e-01	4.978782e-01	5.106987e-01	4.416167e-01	4.366984e-01	4.691113e-01	5.332700e-01	0.000000e+00	1	7.682166e-02
7.061188e-01	5.796804e-01	4.595057e-01	2.966786e-01	4.375989e-01	4.357618e-01	5.118084e-01	5.044029e-01	5.176808e-01	5.599025e-01	4.036285e-01	5.127081e-01	4.813909e-01	5.436774e-01	5.523825e-01	0.000000e+00	1	7.682135e-02
4.741325e-01	6.594279e-01	6.296831e-01	4.198467e-01	6.031516e-01	4.894744e-01	5.346595e-01	5.440326e-01	4.991455e-01	4.951108e-01	4.976659e-01	5.544339e-01	5.589409e-01	5.057116e-01	6.339391e-01	0.000000e+00	1	7.671504e-02
7.886702e-01	6.157192e-01	1.284187e-01	8.126423e-02	4.219928e-01	4.937450e-01	5.172845e-01	5.051434e-01	4.987322e-01	4.978229e-01	5.022382e-01	4.475023e-01	4.454087e-01	4.607077e-01	5.332700e-01	0.000000e+00	1	7.253472e-02
8.582147e-01	2.865483e-01	4.672008e-01	3.034470e-01	2.051509e-01	4.986178e-01	5.019661e-01	5.139564e-01	5.061290e-01	5.635318e-01	4.810860e-01	5.610291e-01	4.815905e-01	5.972223e-01	4.879830e-01	0.000000e+00	1	7.085507e-02
5.962682e-02	5.467448e-01	8.378225e-01	6.301911e-01	9.308449e-01	5.047904e-01	5.316753e-01	5.024506e-01	5.196273e-01	4.919069e-01	4.993132e-01	4.911975e-01	4.932291e-01	5.032073e-01	5.244197e-01	0.000000e+00	1	7.059223e-02
2.433902e-02	6.978978e-01	7.366131e-01	5.169841e-01	9.778070e-01	5.048512e-01	4.911580e-01	4.964758e-01	4.972171e-01	4.955208e-01	4.885286e-01	4.382819e-01	4.378598e-01	5.098017e-01	5.835072e-01	0.000000e+00	1	6.912872e-02
6.245513e-01	8.024174e-01	1.559365e-01	9.687465e-02	5.789450e-01	5.330273e-01	3.638962e-01	4.474476e-01	4.993007e-01	4.988087e-01	4.948626e-01	4.988867e-01	4.909548e-01	5.337958e-01	5.713059e-01	0.000000e+00	1	6.865913e-02
5.449459e-01	8.212785e-01	2.304650e-01	1.462306e-01	6.270487e-01	5.233820e-01	5.138494e-01	5.063809e-01	5.033840e-01	4.414511e-01	5.643291e-01	4.985192e-01	5.069593e-01	4.385485e-01	5.055520e-01	0.000000e+00	1	6.654961e-02
1.971867e-01	8.157122e-01	5.694193e-01	3.795299e-01	8.490031e-01	5.367632e-01	4.866642e-01	5.639196e-01	5.148611e-01	4.806412e-01	5.016832e-01	5.055712e-01	4.162818e-01	4.986375e-01	5.299722e-01	0.000000e+00	1	6.645254e-02
4.573775e-01	8.989917e-01	3.744953e-02	2.362574e-02	7.003833e-01	5.033727e-01	5.118280e-01	5.003042e-01	5.192928e-01	4.929246e-01	4.964825e-01	4.976579e-01	4.930270e-01	5.931646e-01	4.947213e-01	0.000000e+00	1	6.545738e-02
3.167800e-01	9.293034e-01	2.090754e-01	1.335721e-01	7.908538e-01	4.785542e-01	5.149898e-01	5.032115e-01	4.889938e-01	4.921931e-01	5.192497e-01	5.491676e-01	4.988469e-01	4.978140e-01	4.875497e-01	0.000000e+00	1	6.541329e-02
5.988347e-02	9.171069e-01	4.267367e-01	2.767369e-01	9.584902e-01	4.888329e-01	5.147139e-01	4.398637e-01	4.464861e-01	5.152284e-01	5.009689e-01	4.963365e-01	5.168195e-01	5.179069e-01	4.249793e-01	0.000000e+00	1	6.472540e-02
4.595893e-01	3.590049e-01	8.263812e-01	6.087660e-01	4.221657e-01	4.922512e-01	5.531912e-01	5.042246e-01	5.172455e-01	5.050421e-01	5.125249e-01	4.791367e-01	4.800890e-01	5.769537e-01	5.360613e-01	0.000000e+00	1	6.456046e-02
3.143281e-01	9.639353e-01	3.279711e-02	2.058606e-02	7.993273e-01	5.162760e-01	5.150472e-01	5.003042e-01	4.962693e-01	4.929246e-01	4.968949e-01	4.995074e-01	4.983819e-01	5.941692e-01	4.293965e-01	0.000000e+00	1	6.440656e-02
9.175253e-01	3.553109e-01	2.498888e-01	1.583364e-01	2.352095e-01	5.092114e-01	4.903708e-01	5.338388e-01	4.971749e-01	4.603006e-01	4.972639e-01	4.981762e-01	4.161693e-01	4.948217e-01	5.720052e-01	0.000000e+00	1	6.421372e-02
7.771131e-01	5.168789e-01	4.012856e-01	2.585082e-01	3.736550e-01	5.276499e-01	5.141223e-01	5.005933e-01	5.004059e-01	4.821967e-01	4.055024e-01	4.464889e-01	5.479320e-01	5.094957e-01	4.785456e-01	0.000000e+00	1	6.394889e-02
7.654371e-01	3.318443e-01	5.624008e-01	3.776074e-01	2.604272e-01	5.016160e-01	5.066629e-01	4.970051e-01	4.975103e-01	5.202303e-01	4.895484e-01	5.658324e-01	4.673237e-01	4.936247e-01	4.893778e-01	0.000000e+00	1	6.286178e-02
