1.617741e-15	1.894747e-23	1.001360e+00	1.000000e+00	7.456283e-09	5.033727e-01	5.118280e-01	4.964892e-01	4.994094e-01	4.926933e-01	4.964825e-01	4.984183e-01	4.924319e-01	5.324671e-01	4.960010e-01	0.000000e+00	1	1.000000e+14
1.001662e+00	1.075408e-07	4.367082e-17	2.775558e-17	6.834897e-08	5.045890e-01	5.022600e-01	4.914960e-01	5.136070e-01	4.925878e-01	4.958348e-01	5.256542e-01	4.914837e-01	5.230927e-01	4.934955e-01	0.000000e+00	1	1.000000e+14
1.251943e-15	1.053681e-15	1.012872e+00	1.000000e+00	4.453909e-01	5.033727e-01	4.844875e-01	5.282816e-01	4.933947e-01	4.938474e-01	5.263327e-01	4.984183e-01	4.923347e-01	6.047263e-01	4.960087e-01	0.000000e+00	1	1.000000e+14
3.617868e-11	1.015323e+00	2.520231e-04	1.580215e-04	1.000000e+00	5.326859e-01	5.105443e-01	4.959840e-01	4.972171e-01	4.955208e-01	4.349237e-01	5.053750e-01	4.445285e-01	5.086977e-01	5.817517e-01	0.000000e+00	1	1.000000e+14
2.166474e-01	9.763784e-01	4.360383e-17	2.775558e-17	8.609933e-01	5.031280e-01	5.051424e-01	5.030751e-01	4.993584e-01	4.991748e-01	4.917517e-01	4.976842e-01	4.985344e-01	5.009108e-01	4.984855e-01	0.000000e+00	1	1.000000e+14
2.588585e-26	1.616280e-15	1.000455e+00	1.000000e+00	1.000000e+00	5.164764e-01	4.907227e-01	4.987108e-01	4.989423e-01	4.977868e-01	4.972676e-01	4.984307e-01	4.987886e-01	4.940969e-01	5.066113e-01	0.000000e+00	1	1.000000e+14
8.344084e-01	5.836520e-01	1.293519e-01	8.043915e-02	3.885780e-01	5.322364e-01	3.638962e-01	5.598880e-01	4.974139e-01	5.236389e-01	4.948626e-01	4.988867e-01	4.909548e-01	5.332075e-01	5.391378e-01	0.000000e+00	1	1.374904e-01
4.341955e-01	3.317875e-01	8.407750e-01	6.330962e-01	4.153890e-01	5.023025e-01	5.081434e-01	5.018480e-01	5.109774e-01	4.928533e-01	4.959769e-01	5.001590e-01	5.438619e-01	5.230883e-01	4.943351e-01	0.000000e+00	1	1.339086e-01
6.125731e-01	6.071264e-01	5.187835e-01	3.447488e-01	4.971571e-01	4.937480e-01	4.974673e-01	4.958746e-01	4.867564e-01	4.874502e-01	5.075557e-01	4.646433e-01	4.606230e-01	5.389994e-01	5.411972e-01	0.000000e+00	1	1.311337e-01
5.736665e-01	7.444122e-01	3.677363e-01	2.374423e-01	5.820119e-01	5.019920e-01	4.934407e-01	4.759685e-01	5.071952e-01	4.559776e-01	4.644830e-01	5.132711e-01	4.826605e-01	4.374641e-01	5.305111e-01	0.000000e+00	1	1.265598e-01
9.122535e-01	3.532694e-01	2.444450e-01	1.558837e-01	2.352095e-01	5.092114e-01	4.901825e-01	5.338388e-01	4.962136e-01	4.928247e-01	4.960691e-01	4.981762e-01	4.844751e-01	5.388338e-01	5.720052e-01	0.000000e+00	1	1.231431e-01
3.061569e-01	9.490895e-01	9.566176e-02	6.088196e-02	8.013484e-01	4.594830e-01	5.051424e-01	5.030751e-01	4.993584e-01	4.921320e-01	4.917517e-01	4.985806e-01	4.988553e-01	5.009470e-01	5.036383e-01	0.000000e+00	1	1.167189e-01
9.862389e-01	1.441701e-01	1.716309e-01	1.085585e-01	9.240765e-02	5.014432e-01	4.691317e-01	4.591056e-01	4.973289e-01	4.978229e-01	4.965734e-01	4.198684e-01	5.006598e-01	5.347921e-01	5.332700e-01	0.000000e+00	1	1.164199e-01
2.658037e-02	7.621665e-01	6.769977e-01	4.621771e-01	9.778070e-01	4.742501e-01	5.327873e-01	4.988774e-01	4.972171e-01	4.955208e-01	4.746703e-01	4.296571e-01	4.429563e-01	5.098017e-01	5.951986e-01	0.000000e+00	1	1.106118e-01
7.183003e-01	4.170510e-01	5.896654e-01	3.930240e-01	3.348866e-01	5.026768e-01	5.019661e-01	4.953636e-01	5.071664e-01	5.635318e-01	4.810860e-01	5.610291e-01	4.798874e-01	5.993545e-01	4.879830e-01	0.000000e+00	1	1.069342e-01
3.436024e-01	2.669611e-01	9.077904e-01	7.154521e-01	4.205038e-01	4.944523e-01	5.042782e-01	4.766095e-01	5.140979e-01	4.930960e-01	5.023204e-01	5.659942e-01	4.886768e-01	4.632469e-01	5.015953e-01	0.000000e+00	1	1.039567e-01
3.572077e-01	3.768984e-02	9.381685e-01	7.672220e-01	6.692366e-02	5.021505e-01	4.837691e-01	4.504781e-01	5.126946e-01	4.955926e-01	4.966075e-01	4.827955e-01	4.927273e-01	4.638475e-01	4.968274e-01	0.000000e+00	1	1.003217e-01
5.422225e-01	4.000623e-01	7.490004e-01	5.335995e-01	4.046736e-01	4.687095e-01	5.182916e-01	4.935447e-01	4.880089e-01	4.959905e-01	4.972032e-01	4.480702e-01	4.636768e-01	5.262387e-01	5.356749e-01	0.000000e+00	1	9.616563e-02
7.019931e-01	8.847699e-02	7.184733e-01	5.048779e-01	7.981669e-02	5.147558e-01	5.326459e-01	4.911768e-01	5.029205e-01	4.927990e-01	4.965675e-01	5.715150e-01	4.987886e-01	5.389136e-01	4.822675e-01	0.000000e+00	1	9.592575e-02
4.595218e-02	9.233802e-01	4.023337e-01	2.613078e-01	9.683446e-01	5.056128e-01	4.897175e-01	4.973177e-01	4.971551e-01	4.949589e-01	4.970722e-01	4.976617e-01	4.123129e-01	4.940007e-01	4.811238e-01	0.000000e+00	1	9.427986e-02
1.894656e-01	8.199821e-01	5.581270e-01	3.727968e-01	8.554392e-01	5.373205e-01	4.996732e-01	4.685084e-01	4.979623e-01	5.049498e-01	4.963604e-01	4.612675e-01	4.235516e-01	4.940098e-01	5.056040e-01	0.000000e+00	1	9.099768e-02
1.046544e-02	6.594491e-01	7.619464e-01	5.457879e-01	9.898977e-01	5.044588e-01	4.529845e-01	5.024506e-01	5.196273e-01	5.696616e-01	4.993132e-01	4.838325e-01	4.989042e-01	4.981893e-01	4.986407e-01	0.000000e+00	1	8.990475e-02
9.301271e-01	2.898426e-01	2.865003e-01	1.820813e-01	1.923097e-01	4.703143e-01	5.025621e-01	5.139564e-01	5.061290e-01	5.635318e-01	5.996020e-01	4.964708e-01	4.828682e-01	5.099383e-01	4.965330e-01	0.000000e+00	1	8.875883e-02
9.234101e-01	3.083162e-01	2.862889e-01	1.820813e-01	2.051509e-01	4.986178e-01	5.019661e-01	5.139564e-01	5.061290e-01	5.635318e-01	5.996020e-01	4.964160e-01	4.828682e-01	5.099383e-01	4.879830e-01	0.000000e+00	1	8.821597e-02
7.964771e-01	7.327370e-02	6.460152e-01	4.325235e-01	5.840287e-02	4.882940e-01	5.351166e-01	5.047052e-01	4.910053e-01	4.819771e-01	6.334085e-01	5.576049e-01	4.887080e-01	5.091666e-01	5.708411e-01	0.000000e+00	1	8.729033e-02
4.877728e-01	1.032608e-01	8.766484e-01	6.707941e-01	1.328106e-01	5.039108e-01	5.326459e-01	4.911768e-01	4.583089e-01	4.927990e-01	4.965675e-01	5.601690e-01	4.925502e-01	5.406083e-01	5.150668e-01	0.000000e+00	1	8.578172e-02
1.394288e-01	8.461741e-01	5.459094e-01	3.608829e-01	8.960348e-01	4.887605e-01	6.051373e-01	4.917523e-01	4.889938e-01	5.015577e-01	4.968566e-01	5.464503e-01	4.905730e-01	5.414762e-01	5.353259e-01	0.000000e+00	1	8.535602e-02
9.427327e-01	6.689841e-02	3.446219e-01	2.225983e-01	4.510035e-02	5.019775e-01	4.934407e-01	4.764906e-01	5.051096e-01	4.558509e-01	5.002498e-01	4.917636e-01	4.585026e-01	4.624386e-01	5.141006e-01	0.000000e+00	1	8.508904e-02
6.467727e-02	4.408163e-01	9.023096e-01	7.080122e-01	9.072559e-01	5.164764e-01	5.392825e-01	4.980069e-01	5.135804e-01	4.975088e-01	5.018398e-01	4.994165e-01	5.546531e-01	4.644250e-01	5.068523e-01	0.000000e+00	1	8.449124e-02
3.819863e-01	2.072488e-02	9.276070e-01	7.509843e-01	3.450633e-02	5.144326e-01	4.837691e-01	4.842558e-01	5.104375e-01	4.928692e-01	4.966085e-01	4.827955e-01	4.927273e-01	5.452027e-01	4.895104e-01	0.000000e+00	1	8.339698e-02
7.258468e-01	5.273945e-01	4.717334e-01	3.081580e-01	4.000206e-01	5.824863e-01	4.809419e-01	5.065737e-01	5.036480e-01	4.820302e-01	5.691642e-01	5.347387e-01	4.998504e-01	5.099852e-01	4.940696e-01	0.000000e+00	1	8.328082e-02
2.951065e-01	2.270090e-01	9.373429e-01	7.592969e-01	4.174343e-01	4.647091e-01	5.052054e-01	4.939033e-01	4.987322e-01	4.974774e-01	5.236495e-01	4.481555e-01	4.535699e-01	5.274228e-01	5.332700e-01	0.000000e+00	1	8.201636e-02
4.492940e-01	4.619982e-01	7.971654e-01	5.671919e-01	5.088745e-01	5.601939e-01	5.700859e-01	5.306241e-01	4.977330e-01	4.961997e-01	5.041362e-01	4.429244e-01	4.207735e-01	5.562163e-01	5.535825e-01	0.000000e+00	1	8.119175e-02
6.376867e-01	7.715525e-01	8.524898e-02	5.408816e-02	5.602926e-01	4.563396e-01	5.325513e-01	4.963254e-01	4.960023e-01	4.978678e-01	4.972676e-01	5.120492e-01	4.987886e-01	4.980473e-01	5.378702e-01	0.000000e+00	1	8.030198e-02
8.044398e-01	5.559424e-01	3.200730e-01	2.013826e-01	3.849785e-01	4.993906e-01	3.729878e-01	5.681703e-01	4.972295e-01	5.315910e-01	4.968224e-01	5.086325e-01	4.864065e-01	5.390847e-01	5.729451e-01	0.000000e+00	1	7.980147e-02
1.726215e-01	6.951457e-01	6.985787e-01	4.920454e-01	8.450462e-01	5.156452e-01	5.004059e-01	4.916195e-01	5.010793e-01	4.919069e-01	4.969361e-01	5.083351e-01	4.994675e-01	5.037769e-01	4.934024e-01	0.000000e+00	1	7.872906e-02
4.748448e-01	6.346611e-01	6.401965e-01	4.325235e-01	5.910740e-01	4.921478e-01	5.368718e-01	4.983657e-01	4.962385e-01	4.965277e-01	6.148784e-01	4.926839e-01	4.363931e-01	5.091366e-01	5.073280e-01	0.000000e+00	1	7.870318e-02
1.326290e-01	8.944229e-01	4.855267e-01	3.137146e-01	9.062821e-01	4.882119e-01	5.363362e-01	4.315030e-01	4.931837e-01	4.032670e-01	5.017831e-01	5.576049e-01	4.887080e-01	5.065987e-01	5.852403e-01	0.000000e+00	1	7.870262e-02
6.806765e-01	7.365160e-01	7.860573e-02	4.979625e-02	5.250708e-01	5.461847e-01	4.938676e-01	5.040211e-01	4.897790e-01	4.919894e-01	5.592289e-01	5.031151e-01	4.987792e-01	4.936664e-01	5.067082e-01	0.000000e+00	1	7.863947e-02
1.601720e-01	9.720618e-01	2.021679e-01	1.288527e-01	8.960348e-01	4.785542e-01	5.149898e-01	5.032115e-01	4.889938e-01	4.918459e-01	5.471367e-01	5.482712e-01	4.985260e-01	4.978140e-01	4.839419e-01	0.000000e+00	1	7.707320e-02
5.306924e-01	3.865194e-01	7.882889e-01	5.578958e-01	4.007443e-01	5.882959e-01	5.169497e-01	4.641128e-01	4.920553e-01	4.607009e-01	4.962631e-01	3.932607e-01	4.608429e-01	5.262387e-01	5.356749e-01	0.000000e+00	1	7.704862e-02
3.311129e-01	2.122316e-01	9.374134e-01	7.471060e-01	3.628714e-01	5.128952e-01	5.326459e-01	5.630167e-01	4.566296e-01	4.927990e-01	4.965675e-01	5.810494e-01	4.926792e-01	5.385492e-01	5.362934e-01	0.000000e+00	1	7.701765e-02
5.163650e-01	3.948997e-01	7.805210e-01	5.578958e-01	4.156402e-01	5.882959e-01	5.182916e-01	4.641128e-01	4.885264e-01	4.959905e-01	4.962631e-01	4.480702e-01	4.608429e-01	5.262387e-01	5.356749e-01	0.000000e+00	1	7.689852e-02
2.275684e-01	1.748720e-01	9.791372e-01	8.184830e-01	4.171112e-01	3.783788e-01	4.995867e-01	4.612540e-01	4.994404e-01	4.868354e-01	4.888111e-01	5.006785e-01	4.554628e-01	5.035504e-01	5.417536e-01	0.000000e+00	1	7.616714e-02
4.085037e-01	5.248416e-01	7.966793e-01	5.571586e-01	5.789450e-01	5.330273e-01	3.638962e-01	4.892519e-01	4.992662e-01	4.984038e-01	4.970207e-01	5.979552e-01	4.217203e-01	5.337958e-01	5.345517e-01	0.000000e+00	1	7.598683e-02
6.223732e-01	7.996191e-01	1.553927e-01	9.687465e-02	5.789450e-01	5.330273e-01	3.638962e-01	4.474476e-01	4.993007e-01	4.988087e-01	4.948626e-01	4.988867e-01	4.909548e-01	5.337958e-01	5.386910e-01	0.000000e+00	1	7.577293e-02
2.741244e-01	8.621374e-01	4.857768e-01	3.137146e-01	8.040163e-01	4.882119e-01	5.363362e-01	4.274313e-01	4.991984e-01	4.032670e-01	5.017831e-01	5.576049e-01	4.887080e-01	5.065987e-01	5.852403e-01	0.000000e+00	1	7.523754e-02
9.658685e-01	1.728633e-01	2.334234e-01	1.486832e-01	1.127434e-01	4.770352e-01	4.691317e-01	4.591056e-01	4.987148e-01	4.973597e-01	4.965734e-01	5.554492e-01	5.006598e-01	5.352595e-01	5.332700e-01	0.000000e+00	1	7.503571e-02
2.686234e-01	8.287838e-01	5.243002e-01	3.448805e-01	8.004620e-01	4.942654e-01	5.028596e-01	4.958746e-01	5.091398e-01	4.874502e-01	4.776627e-01	3.823869e-01	4.784403e-01	5.389994e-01	4.855876e-01	0.000000e+00	1	7.357062e-02
9.621653e-01	3.212562e-01	4.347751e-03	2.728609e-03	2.051509e-01	4.986178e-01	5.019661e-01	5.139564e-01	5.059982e-01	5.635318e-01	5.996020e-01	4.964415e-01	4.987824e-01	5.033661e-01	4.869280e-01	0.000000e+00	1	7.337009e-02
2.316055e-01	1.654678e-01	9.710985e-01	8.184830e-01	3.949274e-01	4.391217e-01	4.986371e-01	4.612540e-01	4.972417e-01	4.611057e-01	4.848744e-01	4.645451e-01	4.554628e-01	5.035504e-01	5.417536e-01	0.000000e+00	1	7.336174e-02
1.678409e-01	8.809567e-01	4.616613e-01	3.026529e-01	8.801468e-01	4.951112e-01	5.175104e-01	4.922981e-01	4.959611e-01	5.644578e-01	4.972197e-01	5.482712e-01	4.843206e-01	4.994172e-01	5.388683e-01	0.000000e+00	1	7.249726e-02
8.140250e-01	5.895056e-01	1.851803e-01	1.159946e-01	3.990171e-01	5.461847e-01	4.219384e-01	5.032853e-01	4.971145e-01	4.913364e-01	5.291473e-01	5.606203e-01	4.866746e-01	5.559375e-01	5.763497e-01	0.000000e+00	1	7.209926e-02
4.930777e-01	5.202581e-02	8.739961e-01	6.714880e-01	6.692366e-02	5.021505e-01	5.149712e-01	4.475416e-01	5.126946e-01	4.955926e-01	4.966075e-01	4.827955e-01	4.927273e-01	4.638475e-01	4.967816e-01	0.000000e+00	1	7.156651e-02
8.688388e-01	2.259875e-01	4.799512e-01	3.125524e-01	1.619971e-01	4.981003e-01	4.947114e-01	5.139564e-01	4.837456e-01	5.635318e-01	4.977668e-01	5.416758e-01	4.620701e-01	5.993545e-01	5.202893e-01	0.000000e+00	1	7.114112e-02
8.414303e-02	5.051468e-01	8.596345e-01	6.579626e-01	8.949221e-01	5.048002e-01	5.004059e-01	4.916195e-01	5.010793e-01	4.919069e-01	4.969361e-01	4.969891e-01	4.932291e-01	5.037769e-01	5.193276e-01	0.000000e+00	1	7.084735e-02
