1.001165e+00	1.074873e-07	4.364913e-17	2.775558e-17	6.834897e-08	5.045890e-01	5.105203e-01	4.914960e-01	4.912717e-01	4.925878e-01	4.961604e-01	5.007536e-01	4.914837e-01	5.230927e-01	4.855665e-01	0.000000e+00	1	1.000000e+14
2.588585e-26	1.616280e-15	1.000455e+00	1.000000e+00	1.000000e+00	5.164764e-01	4.907227e-01	4.987108e-01	4.989423e-01	4.977868e-01	4.972676e-01	4.984307e-01	4.987886e-01	4.940969e-01	5.066113e-01	0.000000e+00	1	1.000000e+14
1.286260e-15	9.982243e-16	1.007811e+00	1.000000e+00	4.201540e-01	5.134637e-01	4.932851e-01	4.954186e-01	4.990961e-01	4.820519e-01	5.736747e-01	5.024204e-01	5.420698e-01	4.940939e-01	4.984924e-01	0.000000e+00	1	1.000000e+14
1.617217e-15	1.894133e-23	1.001035e+00	1.000000e+00	7.456283e-09	5.033727e-01	5.118280e-01	4.964892e-01	4.994094e-01	4.955722e-01	4.964825e-01	4.976204e-01	4.924319e-01	5.276764e-01	4.967948e-01	0.000000e+00	1	1.000000e+14
2.166474e-01	9.763784e-01	4.360383e-17	2.775558e-17	8.609933e-01	5.031280e-01	5.051424e-01	5.030751e-01	4.993584e-01	4.991748e-01	4.917517e-01	4.976842e-01	4.985344e-01	5.009108e-01	4.984855e-01	0.000000e+00	1	1.000000e+14
3.593551e-11	1.008499e+00	2.316038e-05	1.462010e-05	1.000000e+00	5.032781e-01	5.105443e-01	5.126596e-01	4.994981e-01	4.956183e-01	4.324827e-01	5.576675e-01	4.846372e-01	5.009040e-01	4.912607e-01	0.000000e+00	1	1.000000e+14
2.415066e-01	8.899029e-01	4.193997e-01	2.717524e-01	8.312941e-01	5.497556e-01	5.152932e-01	5.011900e-01	4.979623e-01	4.958835e-01	4.963616e-01	4.352210e-01	4.235516e-01	4.896197e-01	4.901836e-01	0.000000e+00	1	1.500986e-01
7.789267e-01	4.368985e-01	4.695627e-01	3.081580e-01	3.254220e-01	5.824863e-01	4.809419e-01	5.047569e-01	4.994917e-01	4.820302e-01	4.957295e-01	5.366243e-01	4.996300e-01	5.099801e-01	4.940696e-01	0.000000e+00	1	1.280756e-01
1.241486e-01	9.114271e-01	4.002974e-01	2.613078e-01	9.138142e-01	5.056128e-01	5.004812e-01	5.125736e-01	4.972805e-01	4.946513e-01	4.972330e-01	5.368632e-01	4.751560e-01	5.226139e-01	4.788084e-01	0.000000e+00	1	1.232053e-01
5.348035e-01	4.042174e-01	7.511581e-01	5.361377e-01	4.120319e-01	5.178539e-01	5.052054e-01	4.939033e-01	4.987224e-01	4.918879e-01	5.236495e-01	4.481555e-01	4.590472e-01	5.029245e-01	5.376307e-01	0.000000e+00	1	1.199834e-01
6.042161e-01	7.762910e-01	2.002318e-01	1.278348e-01	5.789450e-01	5.330273e-01	4.768310e-01	4.766338e-01	4.993007e-01	5.180968e-01	4.961884e-01	5.010015e-01	4.905283e-01	5.052167e-01	5.354575e-01	0.000000e+00	1	1.131010e-01
9.726584e-01	1.785450e-01	2.222023e-01	1.407078e-01	1.155738e-01	4.777702e-01	4.691317e-01	4.983136e-01	4.647686e-01	4.973597e-01	4.965734e-01	5.909523e-01	4.813053e-01	5.469464e-01	4.944598e-01	0.000000e+00	1	1.095782e-01
3.634613e-01	4.713689e-01	8.103274e-01	5.966767e-01	5.818338e-01	5.059240e-01	5.039250e-01	4.878067e-01	4.992662e-01	4.921119e-01	5.016598e-01	5.633846e-01	4.964133e-01	5.337662e-01	5.033865e-01	0.000000e+00	1	1.053656e-01
3.425594e-01	2.661508e-01	9.050349e-01	7.154521e-01	4.205038e-01	4.924406e-01	5.016184e-01	4.781977e-01	5.140979e-01	4.932466e-01	4.974525e-01	4.820127e-01	4.886768e-01	4.632469e-01	5.322582e-01	0.000000e+00	1	1.040935e-01
5.845237e-01	7.504698e-01	3.110867e-01	2.012145e-01	5.787310e-01	5.111324e-01	5.042782e-01	5.061264e-01	5.147072e-01	4.930960e-01	4.999655e-01	4.968901e-01	4.879330e-01	5.145140e-01	5.037258e-01	0.000000e+00	1	1.023284e-01
4.619615e-01	6.167445e-01	6.557107e-01	4.488419e-01	5.907290e-01	4.925740e-01	5.580457e-01	5.040997e-01	4.633029e-01	4.972200e-01	4.589174e-01	4.945032e-01	4.861762e-01	5.032496e-01	5.713051e-01	0.000000e+00	1	1.013607e-01
9.427327e-01	6.689841e-02	3.446219e-01	2.225983e-01	4.510035e-02	5.019775e-01	4.934407e-01	4.764906e-01	5.051096e-01	4.558509e-01	5.002498e-01	4.917636e-01	4.585026e-01	4.624386e-01	5.141006e-01	0.000000e+00	1	9.901979e-02
6.407092e-01	8.460613e-01	3.309581e-04	1.985275e-04	5.873768e-01	5.031280e-01	5.051424e-01	4.414561e-01	5.004168e-01	4.991659e-01	4.915750e-01	4.976842e-01	4.985344e-01	7.048170e-01	3.743296e-01	0.000000e+00	1	9.641499e-02
7.032246e-01	7.123925e-01	7.845912e-02	4.979625e-02	5.041229e-01	5.150526e-01	4.941435e-01	4.997187e-01	4.906570e-01	4.919894e-01	5.600951e-01	5.031151e-01	4.987213e-01	4.981600e-01	5.067082e-01	0.000000e+00	1	9.570087e-02
5.624732e-01	1.987952e-02	8.355590e-01	6.226242e-01	2.249073e-02	5.092114e-01	4.901825e-01	5.229690e-01	4.962136e-01	5.096493e-01	4.960691e-01	4.981762e-01	4.982725e-01	5.376113e-01	5.720052e-01	0.000000e+00	1	9.479389e-02
4.929251e-01	5.200971e-02	8.737257e-01	6.714880e-01	6.692366e-02	5.021505e-01	5.149712e-01	4.475416e-01	5.126946e-01	4.927138e-01	4.966075e-01	4.835934e-01	4.927273e-01	4.686382e-01	4.959878e-01	0.000000e+00	1	9.444668e-02
6.806765e-01	7.365160e-01	7.860573e-02	4.979625e-02	5.250708e-01	5.461847e-01	4.938676e-01	5.040211e-01	4.897790e-01	4.919894e-01	5.592289e-01	5.031151e-01	4.987792e-01	4.936664e-01	5.067082e-01	0.000000e+00	1	9.264799e-02
2.745614e-01	2.187258e-01	9.645821e-01	7.778041e-01	4.282459e-01	5.164829e-01	5.385342e-01	4.971731e-01	4.959023e-01	4.935997e-01	5.858818e-01	4.924172e-01	4.923347e-01	6.009097e-01	5.835129e-01	0.000000e+00	1	9.164656e-02
7.670880e-01	5.803869e-01	2.951546e-01	1.895356e-01	4.123504e-01	5.169804e-01	5.049670e-01	5.282816e-01	4.959023e-01	4.882809e-01	5.263327e-01	4.897270e-01	4.612392e-01	4.489646e-01	4.983964e-01	0.000000e+00	1	8.955106e-02
5.754635e-01	8.103578e-01	1.701041e-01	1.079107e-01	6.068901e-01	4.775229e-01	5.661577e-01	4.981591e-01	4.962140e-01	4.977746e-01	4.965111e-01	4.926839e-01	4.861459e-01	5.032050e-01	5.563845e-01	0.000000e+00	1	8.799965e-02
8.600396e-01	5.505007e-01	1.334670e-01	8.273995e-02	3.624756e-01	5.326142e-01	5.102684e-01	5.268018e-01	5.195107e-01	5.226408e-01	5.669679e-01	3.682956e-01	4.978989e-01	5.275535e-01	5.666822e-01	0.000000e+00	1	8.720916e-02
5.145987e-01	6.606931e-01	5.482530e-01	3.690162e-01	5.787310e-01	5.109949e-01	5.042782e-01	5.061264e-01	5.147072e-01	4.930960e-01	4.904810e-01	4.926275e-01	4.880158e-01	5.145140e-01	5.037258e-01	0.000000e+00	1	8.665426e-02
1.961584e-01	2.908447e-01	9.639708e-01	7.778041e-01	6.222505e-01	5.164829e-01	4.727430e-01	5.223467e-01	4.959023e-01	5.083323e-01	5.858818e-01	4.926448e-01	4.923347e-01	5.987812e-01	5.835129e-01	0.000000e+00	1	8.501527e-02
4.531532e-02	9.997206e-01	2.356123e-02	1.498558e-02	9.711630e-01	5.033727e-01	5.118280e-01	4.964892e-01	4.993578e-01	4.955722e-01	4.968757e-01	4.976204e-01	4.924319e-01	5.276764e-01	4.985507e-01	0.000000e+00	1	8.479099e-02
7.394550e-01	5.110319e-01	4.959251e-01	3.209637e-01	3.849785e-01	5.162495e-01	3.808920e-01	5.687697e-01	5.012129e-01	5.216811e-01	4.968152e-01	5.086325e-01	4.975270e-01	5.390847e-01	5.729451e-01	0.000000e+00	1	8.369704e-02
7.149122e-01	5.500401e-01	4.742596e-01	3.081580e-01	4.174890e-01	5.754365e-01	4.809419e-01	5.051722e-01	5.036480e-01	4.572658e-01	5.691642e-01	5.476358e-01	4.998504e-01	5.099852e-01	5.634641e-01	0.000000e+00	1	8.309996e-02
8.086888e-01	9.471607e-09	6.031711e-01	4.079766e-01	7.456283e-09	5.033727e-01	5.118280e-01	4.964892e-01	4.959871e-01	4.926933e-01	4.961204e-01	4.360456e-01	4.449842e-01	5.384217e-01	4.960010e-01	0.000000e+00	1	8.263006e-02
2.632268e-02	1.932458e-01	9.841228e-01	8.754505e-01	9.138142e-01	5.056128e-01	5.004812e-01	5.125736e-01	4.957171e-01	4.946513e-01	4.864861e-01	4.642400e-01	4.751560e-01	5.223042e-01	4.788084e-01	0.000000e+00	1	8.161168e-02
5.197675e-01	5.065199e-01	6.921873e-01	4.849317e-01	4.917828e-01	5.081823e-01	5.004059e-01	5.514361e-01	5.010793e-01	4.919069e-01	4.969361e-01	5.083351e-01	4.987563e-01	5.037769e-01	4.934024e-01	0.000000e+00	1	7.992108e-02
8.627915e-01	9.571527e-02	5.162467e-01	3.415533e-01	7.033691e-02	5.172616e-01	4.717735e-01	4.932424e-01	4.647686e-01	4.606925e-01	5.005132e-01	4.853089e-01	4.568983e-01	5.629947e-01	4.953273e-01	0.000000e+00	1	7.928878e-02
4.126818e-01	5.287527e-01	7.455536e-01	5.335995e-01	5.780958e-01	4.693260e-01	5.210976e-01	4.986489e-01	4.961998e-01	4.988612e-01	4.958156e-01	4.926358e-01	4.795650e-01	5.065669e-01	5.304602e-01	0.000000e+00	1	7.843020e-02
1.021271e-01	5.972432e-01	8.088047e-01	5.906830e-01	8.921824e-01	5.093592e-01	4.901825e-01	5.401872e-01	4.962136e-01	5.096493e-01	4.960691e-01	4.619689e-01	4.765606e-01	5.385837e-01	5.720052e-01	0.000000e+00	1	7.822835e-02
8.656467e-02	3.595191e-01	9.317178e-01	7.594682e-01	8.495785e-01	4.635048e-01	5.004059e-01	4.916195e-01	5.010891e-01	4.974964e-01	4.969361e-01	5.083351e-01	4.965898e-01	5.282751e-01	4.890417e-01	0.000000e+00	1	7.523379e-02
2.540610e-01	2.463598e-01	9.385290e-01	7.704439e-01	4.902036e-01	5.163418e-01	4.895400e-01	4.980598e-01	4.987387e-01	4.974750e-01	4.549458e-01	5.061949e-01	4.914912e-01	4.940969e-01	5.216808e-01	0.000000e+00	1	7.521796e-02
6.268333e-01	6.919574e-01	3.705232e-01	2.405068e-01	5.314118e-01	4.693260e-01	5.210976e-01	5.235765e-01	4.986009e-01	4.945582e-01	5.146440e-01	5.375010e-01	4.795650e-01	5.065669e-01	4.789940e-01	0.000000e+00	1	7.493984e-02
8.925247e-01	3.225773e-01	3.460534e-01	2.225983e-01	2.207881e-01	5.313997e-01	5.044663e-01	4.923590e-01	5.051096e-01	4.537688e-01	4.299584e-01	4.917636e-01	4.585026e-01	5.019475e-01	4.849679e-01	0.000000e+00	1	7.460765e-02
4.471653e-01	6.419779e-01	6.343714e-01	4.337391e-01	6.126792e-01	5.434212e-01	5.051655e-01	4.983739e-01	4.962140e-01	5.130315e-01	4.978748e-01	4.926839e-01	4.973510e-01	5.011381e-01	5.711919e-01	0.000000e+00	1	7.440476e-02
3.061569e-01	9.490895e-01	9.566176e-02	6.088196e-02	8.013484e-01	4.594830e-01	5.051424e-01	5.030751e-01	4.993584e-01	4.921320e-01	4.917517e-01	4.985806e-01	4.988553e-01	5.009470e-01	5.036383e-01	0.000000e+00	1	7.414602e-02
3.041227e-01	9.427835e-01	1.737603e-01	1.105420e-01	8.013484e-01	4.353661e-01	5.051424e-01	5.030751e-01	4.993584e-01	4.921320e-01	4.924279e-01	4.985806e-01	4.988553e-01	4.890055e-01	5.358920e-01	0.000000e+00	1	7.382961e-02
1.465893e-01	1.458690e-02	9.902987e-01	9.059882e-01	6.314131e-02	5.054650e-01	5.004812e-01	4.953323e-01	4.957171e-01	4.946513e-01	4.864861e-01	5.004473e-01	4.968678e-01	5.213318e-01	4.788084e-01	0.000000e+00	1	7.371421e-02
9.862389e-01	1.441701e-01	1.716309e-01	1.085585e-01	9.240765e-02	5.014432e-01	4.691317e-01	4.591056e-01	4.973289e-01	4.978229e-01	4.965734e-01	4.198684e-01	5.006598e-01	5.347921e-01	5.332700e-01	0.000000e+00	1	7.223944e-02
4.684073e-01	6.260570e-01	6.339880e-01	4.337391e-01	5.910740e-01	4.913623e-01	5.540317e-01	4.981591e-01	4.962140e-01	5.130315e-01	4.971174e-01	4.926839e-01	4.861459e-01	5.032050e-01	5.563845e-01	0.000000e+00	1	7.196349e-02
6.541504e-01	6.665498e-01	3.753293e-01	2.432729e-01	5.059767e-01	4.924406e-01	5.125815e-01	4.815771e-01	5.140979e-01	4.871363e-01	4.974525e-01	5.650027e-01	4.850265e-01	4.900111e-01	5.322582e-01	0.000000e+00	1	7.151122e-02
7.957596e-01	6.202123e-01	3.994373e-02	2.519127e-02	4.214747e-01	4.992497e-01	5.084548e-01	4.771477e-01	4.848479e-01	4.927491e-01	5.128014e-01	5.546056e-01	4.254513e-01	4.934500e-01	4.912503e-01	0.000000e+00	1	7.015733e-02
5.619315e-01	7.964800e-01	2.546882e-01	1.627013e-01	6.088480e-01	5.103937e-01	4.901825e-01	5.229690e-01	4.959260e-01	5.096493e-01	4.972708e-01	4.981762e-01	4.990103e-01	4.687931e-01	5.751762e-01	0.000000e+00	1	6.857175e-02
3.311129e-01	2.122316e-01	9.374134e-01	7.471060e-01	3.628714e-01	5.128952e-01	5.326459e-01	5.630167e-01	4.566296e-01	4.927990e-01	4.965675e-01	5.810494e-01	4.926792e-01	5.385492e-01	5.362934e-01	0.000000e+00	1	6.838378e-02
7.389831e-02	3.330422e-01	9.526452e-01	7.810839e-01	8.609933e-01	5.031280e-01	5.251839e-01	5.027922e-01	4.997196e-01	5.004164e-01	5.832222e-01	5.621864e-01	4.985344e-01	4.794925e-01	5.041199e-01	0.000000e+00	1	6.715142e-02
7.587196e-01	1.241968e-01	6.953772e-01	4.680955e-01	1.032938e-01	4.916095e-01	4.691317e-01	4.983136e-01	4.647686e-01	5.126166e-01	4.971797e-01	5.909523e-01	3.460454e-01	5.469464e-01	4.944598e-01	0.000000e+00	1	6.604355e-02
5.559050e-02	3.520790e-01	9.718342e-01	7.762047e-01	9.003058e-01	4.616653e-01	3.779605e-01	5.125736e-01	4.274716e-01	4.930690e-01	4.973627e-01	3.885391e-01	4.925571e-01	5.205706e-01	4.800066e-01	0.000000e+00	1	6.530183e-02
4.844227e-01	4.594737e-01	7.481224e-01	5.361377e-01	4.831769e-01	5.178539e-01	5.052054e-01	4.939033e-01	4.987224e-01	4.918879e-01	5.240316e-01	5.124093e-01	4.615759e-01	5.029245e-01	4.920256e-01	0.000000e+00	1	6.397835e-02
8.387677e-01	9.305015e-02	5.546607e-01	3.701651e-01	7.033691e-02	5.008260e-01	4.717735e-01	4.932424e-01	4.647686e-01	4.606925e-01	5.005132e-01	4.853089e-01	4.568983e-01	5.629947e-01	5.140964e-01	0.000000e+00	1	6.366716e-02
