2.588585e-26	1.616280e-15	1.000455e+00	1.000000e+00	1.000000e+00	5.164764e-01	4.907227e-01	4.987108e-01	4.989423e-01	4.977868e-01	4.972676e-01	4.984307e-01	4.987886e-01	4.940969e-01	5.066113e-01	0.000000e+00	1	1.000000e+14
3.592069e-11	1.008083e+00	2.315083e-05	1.462010e-05	1.000000e+00	5.032781e-01	5.105452e-01	5.126596e-01	4.915225e-01	4.953135e-01	4.359363e-01	5.576675e-01	4.926657e-01	5.009040e-01	4.850756e-01	0.000000e+00	1	1.000000e+14
1.000985e+00	1.074681e-07	4.364130e-17	2.775558e-17	6.834897e-08	5.045890e-01	4.921283e-01	4.914960e-01	4.959523e-01	4.925878e-01	4.961627e-01	5.007536e-01	5.011690e-01	5.230927e-01	4.855665e-01	0.000000e+00	1	1.000000e+14
1.290326e-15	1.037699e-15	1.024934e+00	1.000000e+00	4.311859e-01	5.110401e-01	5.058627e-01	4.954186e-01	4.492400e-01	3.721116e-01	5.760417e-01	5.024204e-01	4.996400e-01	4.940942e-01	4.988446e-01	0.000000e+00	1	1.000000e+14
1.616229e-15	1.892976e-23	1.000423e+00	1.000000e+00	7.456283e-09	5.033727e-01	5.129125e-01	4.964892e-01	5.006925e-01	4.960840e-01	5.112824e-01	4.966533e-01	4.924319e-01	5.033822e-01	4.968467e-01	0.000000e+00	1	1.000000e+14
2.166474e-01	9.763784e-01	4.360383e-17	2.775558e-17	8.609933e-01	5.031280e-01	5.051424e-01	5.030751e-01	4.993584e-01	4.991748e-01	4.917517e-01	4.976842e-01	4.985344e-01	5.009108e-01	4.984855e-01	0.000000e+00	1	1.000000e+14
9.419804e-01	6.684502e-02	3.443469e-01	2.225983e-01	4.510035e-02	5.019794e-01	4.936472e-01	4.939375e-01	4.999252e-01	4.588774e-01	5.002498e-01	4.917636e-01	4.585026e-01	4.624386e-01	5.141006e-01	0.000000e+00	1	1.659021e-01
6.311308e-01	7.910083e-01	1.285800e-01	8.045964e-02	5.712698e-01	5.275937e-01	5.054196e-01	5.059229e-01	4.700628e-01	4.951419e-01	5.826806e-01	4.458221e-01	5.392259e-01	5.150516e-01	5.824185e-01	0.000000e+00	1	1.410929e-01
9.704336e-01	1.781366e-01	2.405137e-01	1.522191e-01	1.155738e-01	5.455095e-01	4.691317e-01	4.983136e-01	4.647686e-01	4.973597e-01	4.965734e-01	5.942824e-01	4.886380e-01	5.469464e-01	4.944598e-01	0.000000e+00	1	1.372182e-01
8.656432e-02	3.595176e-01	9.317141e-01	7.594682e-01	8.495785e-01	4.635048e-01	5.004059e-01	4.918618e-01	5.010891e-01	4.974964e-01	4.969361e-01	5.083351e-01	4.965898e-01	5.282751e-01	4.890417e-01	0.000000e+00	1	1.168872e-01
1.472421e-02	3.390007e-01	9.606926e-01	7.838509e-01	9.723663e-01	5.164847e-01	4.897424e-01	4.987108e-01	4.989423e-01	4.350805e-01	4.952381e-01	4.984307e-01	4.987886e-01	6.192697e-01	5.032216e-01	0.000000e+00	1	1.151097e-01
7.425761e-01	5.269485e-02	6.771033e-01	4.698652e-01	4.510035e-02	4.923191e-01	4.704195e-01	4.939375e-01	4.999252e-01	4.607083e-01	4.973109e-01	4.917636e-01	4.585026e-01	5.427940e-01	5.130191e-01	0.000000e+00	1	1.144235e-01
1.239427e-01	9.099153e-01	4.037991e-01	2.637318e-01	9.138142e-01	5.053995e-01	5.004812e-01	5.125736e-01	4.971998e-01	4.946212e-01	4.972330e-01	5.369594e-01	4.751560e-01	5.226139e-01	4.788084e-01	0.000000e+00	1	1.136463e-01
7.960393e-01	6.066678e-01	1.740706e-01	1.096248e-01	4.145701e-01	5.326142e-01	5.319015e-01	5.462360e-01	5.167307e-01	4.943678e-01	5.031898e-01	4.601231e-01	4.978989e-01	4.271697e-01	5.666822e-01	0.000000e+00	1	1.089718e-01
8.155376e-01	5.553838e-01	2.008359e-01	1.278348e-01	3.806110e-01	5.297335e-01	4.768310e-01	5.134277e-01	4.993009e-01	4.785742e-01	5.658257e-01	4.878320e-01	4.905283e-01	5.052167e-01	4.838377e-01	0.000000e+00	1	1.084908e-01
2.540610e-01	2.463598e-01	9.385290e-01	7.704439e-01	4.902036e-01	5.163418e-01	4.895400e-01	4.980598e-01	4.987387e-01	4.974750e-01	4.549458e-01	5.061949e-01	4.914912e-01	4.940969e-01	5.216808e-01	0.000000e+00	1	1.072045e-01
9.043262e-01	3.018976e-02	4.381426e-01	2.870832e-01	2.124484e-02	5.108072e-01	4.917138e-01	5.029748e-01	5.004355e-01	4.897443e-01	4.683465e-01	5.366243e-01	5.505393e-01	5.099801e-01	4.943278e-01	0.000000e+00	1	1.057082e-01
8.756650e-01	5.016214e-01	4.027695e-02	2.539477e-02	3.311786e-01	5.033597e-01	5.103403e-01	5.126596e-01	4.897083e-01	4.929785e-01	4.286511e-01	4.354862e-01	4.926657e-01	5.022683e-01	4.850756e-01	0.000000e+00	1	1.027255e-01
6.782282e-01	7.338668e-01	7.832299e-02	4.979625e-02	5.250708e-01	5.461847e-01	5.056134e-01	4.970441e-01	4.951549e-01	4.921147e-01	4.948747e-01	5.031151e-01	4.988444e-01	5.005304e-01	5.067082e-01	0.000000e+00	1	9.927709e-02
8.387677e-01	9.305015e-02	5.546607e-01	3.701651e-01	7.033691e-02	5.008260e-01	4.717735e-01	4.932424e-01	4.647686e-01	4.606925e-01	5.005132e-01	4.853089e-01	4.568983e-01	5.629947e-01	5.140964e-01	0.000000e+00	1	9.902758e-02
1.961584e-01	2.908447e-01	9.639708e-01	7.778041e-01	6.222505e-01	5.164829e-01	4.727430e-01	5.223467e-01	4.959023e-01	5.083323e-01	5.858818e-01	4.926448e-01	4.923347e-01	5.987812e-01	5.835129e-01	0.000000e+00	1	9.814571e-02
7.149122e-01	5.500401e-01	4.742596e-01	3.081580e-01	4.174890e-01	5.754365e-01	4.809419e-01	5.051722e-01	5.036480e-01	4.572658e-01	5.691642e-01	5.476358e-01	4.998504e-01	5.099852e-01	5.634641e-01	0.000000e+00	1	9.380170e-02
4.226239e-01	6.876361e-01	6.244275e-01	4.191893e-01	6.491661e-01	4.999132e-01	4.907437e-01	4.892644e-01	4.962140e-01	6.001135e-01	4.978748e-01	4.902317e-01	5.022027e-01	4.535887e-01	5.893067e-01	0.000000e+00	1	9.379888e-02
3.417129e-01	2.654930e-01	9.027984e-01	7.154521e-01	4.205038e-01	4.931522e-01	4.914029e-01	4.791840e-01	5.064279e-01	4.932466e-01	5.123349e-01	4.896433e-01	4.959996e-01	5.019077e-01	4.848728e-01	0.000000e+00	1	9.314121e-02
1.192684e-01	5.160904e-01	8.528159e-01	6.461685e-01	8.554155e-01	5.472144e-01	4.930823e-01	4.883630e-01	4.962136e-01	5.105968e-01	4.958004e-01	4.644211e-01	4.995768e-01	5.078888e-01	4.935259e-01	0.000000e+00	1	9.250307e-02
1.661631e-01	6.552076e-01	7.432838e-01	5.301815e-01	8.418843e-01	5.029738e-01	4.914193e-01	4.988472e-01	4.647686e-01	5.280946e-01	4.965995e-01	4.976058e-01	4.817457e-01	5.469464e-01	4.969654e-01	0.000000e+00	1	9.120302e-02
2.632268e-02	1.932458e-01	9.841228e-01	8.754505e-01	9.138142e-01	5.056128e-01	5.004812e-01	5.125736e-01	4.957171e-01	4.946513e-01	4.864861e-01	4.642400e-01	4.751560e-01	5.223042e-01	4.788084e-01	0.000000e+00	1	9.002391e-02
1.581305e-01	8.369872e-01	5.482175e-01	3.640608e-01	8.811257e-01	5.109949e-01	5.039969e-01	5.058901e-01	5.388249e-01	4.919426e-01	4.871945e-01	4.926395e-01	4.578655e-01	5.159410e-01	5.947213e-01	0.000000e+00	1	8.937426e-02
2.382451e-01	9.394380e-01	2.671674e-01	1.712402e-01	8.418843e-01	4.777702e-01	4.914193e-01	4.986998e-01	4.647686e-01	5.277033e-01	4.965734e-01	4.877745e-01	4.813053e-01	5.469464e-01	4.941353e-01	0.000000e+00	1	8.610124e-02
2.241254e-01	9.308341e-01	2.970832e-01	1.915401e-01	8.495785e-01	4.635048e-01	5.002892e-01	4.916195e-01	5.010891e-01	4.971535e-01	4.918264e-01	5.083351e-01	4.990044e-01	5.282751e-01	4.890417e-01	0.000000e+00	1	8.525126e-02
1.869723e-01	8.974244e-01	4.100117e-01	2.677514e-01	8.692352e-01	5.053995e-01	5.017133e-01	5.125736e-01	4.967335e-01	4.953587e-01	4.531451e-01	5.084301e-01	4.752600e-01	5.207479e-01	4.739391e-01	0.000000e+00	1	8.449655e-02
6.833467e-01	4.653614e-01	5.724699e-01	3.855543e-01	3.806110e-01	5.319779e-01	4.768310e-01	4.519659e-01	4.993007e-01	4.693807e-01	4.996128e-01	4.879474e-01	4.832903e-01	4.987775e-01	5.193990e-01	0.000000e+00	1	8.368807e-02
3.674084e-01	4.764879e-01	8.044516e-01	5.911708e-01	5.818338e-01	4.581985e-01	5.215226e-01	4.878067e-01	5.010503e-01	4.921291e-01	4.994547e-01	5.304617e-01	5.047789e-01	5.337662e-01	4.921237e-01	0.000000e+00	1	8.287358e-02
2.745614e-01	2.187258e-01	9.645821e-01	7.778041e-01	4.282459e-01	5.164829e-01	5.385342e-01	4.971731e-01	4.959023e-01	4.935997e-01	5.858818e-01	4.924172e-01	4.923347e-01	6.009097e-01	5.835129e-01	0.000000e+00	1	8.198853e-02
8.924021e-01	2.979169e-02	4.694632e-01	3.081580e-01	2.124484e-02	5.824863e-01	4.807698e-01	5.047569e-01	4.992036e-01	4.897443e-01	4.957295e-01	5.366243e-01	4.996300e-01	5.099801e-01	4.943278e-01	0.000000e+00	1	7.945266e-02
5.377346e-02	8.821586e-01	4.855981e-01	3.198490e-01	9.612417e-01	5.830956e-01	5.104062e-01	5.012857e-01	4.994991e-01	4.960157e-01	4.957295e-01	5.364616e-01	4.996300e-01	4.989574e-01	4.940696e-01	0.000000e+00	1	7.917905e-02
4.685137e-01	5.886613e-01	6.694435e-01	4.629209e-01	5.720425e-01	4.975567e-01	5.051655e-01	4.940866e-01	4.962140e-01	5.130315e-01	4.978748e-01	4.926839e-01	4.593173e-01	4.942765e-01	5.711919e-01	0.000000e+00	1	7.840951e-02
4.091281e-01	5.274223e-01	7.457093e-01	5.351943e-01	5.799868e-01	5.033727e-01	5.115943e-01	4.988495e-01	4.991082e-01	4.954154e-01	4.958021e-01	4.969590e-01	4.912360e-01	5.232059e-01	4.968768e-01	0.000000e+00	1	7.825890e-02
9.174103e-01	1.016516e-01	4.094851e-01	2.658188e-01	7.025267e-02	5.240045e-01	5.044549e-01	4.935714e-01	4.678150e-01	4.556169e-01	4.398619e-01	4.992292e-01	4.520347e-01	5.019475e-01	4.853776e-01	0.000000e+00	1	7.707728e-02
4.471653e-01	6.419779e-01	6.343714e-01	4.337391e-01	6.126792e-01	5.434212e-01	5.051655e-01	4.983739e-01	4.962140e-01	5.130315e-01	4.978748e-01	4.926839e-01	4.973510e-01	5.011381e-01	5.711919e-01	0.000000e+00	1	7.557820e-02
4.878094e-01	4.889491e-01	7.266573e-01	5.161595e-01	5.007428e-01	5.144741e-01	4.964440e-01	4.942356e-01	5.227311e-01	4.735668e-01	5.216803e-01	4.939831e-01	4.927628e-01	5.052256e-01	5.216828e-01	0.000000e+00	1	7.380734e-02
2.824798e-01	4.491272e-01	8.787110e-01	6.541774e-01	6.425783e-01	4.999132e-01	4.907437e-01	4.892644e-01	4.959287e-01	6.265515e-01	4.978748e-01	4.900351e-01	5.022027e-01	4.535887e-01	5.893067e-01	0.000000e+00	1	7.256919e-02
5.279073e-01	3.990051e-01	7.612717e-01	5.444587e-01	4.120319e-01	5.178539e-01	5.052054e-01	4.941396e-01	5.164207e-01	4.930414e-01	5.156727e-01	4.467079e-01	4.891975e-01	4.309705e-01	5.030927e-01	0.000000e+00	1	7.160057e-02
4.531532e-02	9.997206e-01	2.356123e-02	1.498558e-02	9.711630e-01	5.033727e-01	5.118280e-01	4.964892e-01	4.993578e-01	4.955722e-01	4.968757e-01	4.976204e-01	4.924319e-01	5.276764e-01	4.985507e-01	0.000000e+00	1	7.159797e-02
7.789267e-01	4.368985e-01	4.695627e-01	3.081580e-01	3.254220e-01	5.824863e-01	4.809419e-01	5.047569e-01	4.994917e-01	4.820302e-01	4.957295e-01	5.366243e-01	4.996300e-01	5.099801e-01	4.940696e-01	0.000000e+00	1	7.157160e-02
5.290548e-01	7.115338e-01	4.891989e-01	3.209637e-01	5.929741e-01	5.089882e-01	3.965956e-01	4.946332e-01	5.370570e-01	5.179503e-01	4.968152e-01	4.897324e-01	4.973502e-01	5.008033e-01	5.068157e-01	0.000000e+00	1	7.142931e-02
5.213813e-01	6.949854e-01	5.166824e-01	3.415533e-01	5.902511e-01	5.172616e-01	4.720724e-01	4.932424e-01	4.647686e-01	4.606925e-01	4.959500e-01	4.853089e-01	4.572322e-01	5.696424e-01	4.953273e-01	0.000000e+00	1	7.127955e-02
7.788508e-01	1.311185e-01	6.461014e-01	4.364972e-01	1.061784e-01	5.021505e-01	5.149712e-01	5.042085e-01	3.707853e-01	4.551427e-01	4.966082e-01	4.837900e-01	4.927273e-01	4.665726e-01	4.960306e-01	0.000000e+00	1	7.124862e-02
1.496725e-01	7.922190e-01	5.983522e-01	4.064581e-01	8.811257e-01	5.109949e-01	5.042782e-01	5.058901e-01	5.270319e-01	4.919426e-01	4.871945e-01	4.940751e-01	4.578655e-01	5.159410e-01	4.714872e-01	0.000000e+00	1	7.085101e-02
4.526089e-01	6.239892e-01	6.559509e-01	4.488419e-01	6.004983e-01	4.925740e-01	5.580457e-01	5.040997e-01	4.633029e-01	4.918795e-01	5.578842e-01	4.506460e-01	4.786756e-01	5.000957e-01	4.672065e-01	0.000000e+00	1	6.906043e-02
4.905239e-01	5.362451e-01	6.986897e-01	4.874675e-01	5.283294e-01	4.925740e-01	5.511213e-01	5.040997e-01	4.633029e-01	4.918795e-01	4.787013e-01	4.506460e-01	4.913976e-01	5.000875e-01	4.672065e-01	0.000000e+00	1	6.839349e-02
4.835550e-01	7.053871e-01	5.356081e-01	3.562025e-01	6.174299e-01	5.824863e-01	4.747256e-01	5.047569e-01	4.992036e-01	4.929829e-01	4.915603e-01	5.366410e-01	4.996300e-01	5.112657e-01	4.937744e-01	0.000000e+00	1	6.646042e-02
3.295305e-01	2.617209e-01	9.098212e-01	7.242012e-01	4.273048e-01	4.924406e-01	5.016666e-01	4.963433e-01	5.140979e-01	4.932526e-01	5.126875e-01	4.897692e-01	4.944068e-01	4.595536e-01	4.866573e-01	0.000000e+00	1	6.494787e-02
9.996779e-01	6.528156e-02	5.371571e-02	3.410214e-02	4.151397e-02	4.668879e-01	5.111866e-01	4.980703e-01	4.960289e-01	4.893366e-01	4.959209e-01	5.431709e-01	4.988481e-01	4.996614e-01	5.031150e-01	0.000000e+00	1	6.332531e-02
3.634613e-01	4.713689e-01	8.103274e-01	5.966767e-01	5.818338e-01	5.059240e-01	5.039250e-01	4.878067e-01	4.992662e-01	4.921119e-01	5.016598e-01	5.633846e-01	4.964133e-01	5.337662e-01	5.033865e-01	0.000000e+00	1	6.286859e-02
4.136366e-03	6.168174e-01	8.316732e-01	5.937399e-01	9.957309e-01	5.177723e-01	5.054103e-01	4.941396e-01	5.182349e-01	4.953764e-01	5.229579e-01	5.688893e-01	4.891975e-01	4.296062e-01	3.438783e-01	0.000000e+00	1	6.221664e-02
