1.003222e+00	1.009311e-02	3.560066e-03	2.259006e-03	6.404622e-03	5.155948e-01	5.066944e-01	5.095046e-01	4.999611e-01	5.057104e-01	5.114590e-01	5.517049e-01	4.923058e-01	4.988063e-01	4.983957e-01	0.000000e+00	1	1.000000e+14
2.588445e-26	1.616193e-15	1.000401e+00	1.000000e+00	1.000000e+00	5.164764e-01	4.935651e-01	4.986691e-01	4.989423e-01	4.972750e-01	4.975009e-01	4.984307e-01	4.983558e-01	4.952115e-01	5.066113e-01	0.000000e+00	1	1.000000e+14
1.615843e-15	1.609611e-23	1.000185e+00	1.000000e+00	6.341644e-09	5.033727e-01	4.939765e-01	4.964892e-01	5.005829e-01	4.960840e-01	4.944866e-01	4.966471e-01	4.924319e-01	5.002333e-01	4.968467e-01	0.000000e+00	1	1.000000e+14
1.366402e-03	1.005454e+00	4.383616e-17	2.775558e-17	9.991348e-01	4.451299e-01	5.415984e-01	4.965245e-01	5.020957e-01	4.984853e-01	4.947143e-01	4.984076e-01	5.198586e-01	4.954339e-01	5.157775e-01	0.000000e+00	1	1.000000e+14
2.166398e-01	9.763443e-01	4.360230e-17	2.775558e-17	8.609933e-01	5.031280e-01	5.051424e-01	5.030751e-01	4.980982e-01	4.984853e-01	5.050414e-01	4.976842e-01	4.976221e-01	4.993907e-01	4.985523e-01	0.000000e+00	1	1.000000e+14
4.168200e-16	1.591594e-15	1.018399e+00	1.000000e+00	8.369387e-01	4.034817e-01	5.033218e-01	5.155756e-01	5.135351e-01	4.953308e-01	5.836783e-01	5.000847e-01	4.943732e-01	5.342258e-01	4.795231e-01	0.000000e+00	1	1.000000e+14
4.446231e-01	7.478585e-01	5.147933e-01	3.401349e-01	6.585257e-01	4.924672e-01	5.041039e-01	5.976919e-01	4.942718e-01	4.975327e-01	4.946419e-01	5.346374e-01	5.016913e-01	5.056741e-01	5.041900e-01	0.000000e+00	1	1.128790e-01
6.516434e-01	6.407001e-01	4.128608e-01	2.701379e-01	4.946093e-01	4.944675e-01	4.953362e-01	4.837693e-01	5.031077e-01	4.705535e-01	5.012671e-01	4.935917e-01	4.934989e-01	5.365461e-01	4.866618e-01	0.000000e+00	1	1.101832e-01
1.026749e-01	1.402957e-01	9.900554e-01	8.893380e-01	5.977956e-01	5.161197e-01	4.936240e-01	5.099711e-01	4.947492e-01	5.539823e-01	5.100928e-01	5.022932e-01	4.852945e-01	4.963171e-01	5.390545e-01	0.000000e+00	1	1.073673e-01
2.719619e-01	2.132831e-01	9.419452e-01	7.761205e-01	4.233880e-01	4.967877e-01	5.126152e-01	4.819452e-01	5.397693e-01	4.992008e-01	4.951697e-01	4.965827e-01	4.990785e-01	5.001478e-01	4.648188e-01	0.000000e+00	1	1.066854e-01
8.356249e-01	3.128333e-01	5.491570e-01	3.512317e-01	2.280491e-01	5.017671e-01	4.948152e-01	4.954876e-01	4.960467e-01	4.957151e-01	4.928954e-01	5.250635e-01	5.013129e-01	6.105534e-01	3.136446e-01	0.000000e+00	1	1.048498e-01
4.746727e-01	8.891058e-01	5.200335e-02	3.281840e-02	6.878143e-01	5.015832e-01	4.980220e-01	5.110202e-01	4.956760e-01	4.088527e-01	5.023449e-01	4.889662e-01	5.248128e-01	5.020067e-01	4.955308e-01	0.000000e+00	1	1.025869e-01
9.501615e-01	3.269057e-01	7.464670e-03	4.729248e-03	2.109547e-01	4.431673e-01	4.906594e-01	5.118928e-01	5.026524e-01	5.139608e-01	4.810740e-01	4.967698e-01	4.807699e-01	4.991578e-01	4.787053e-01	0.000000e+00	1	1.025041e-01
3.372816e-01	4.675942e-01	8.279544e-01	6.127629e-01	6.021846e-01	5.098622e-01	5.005307e-01	5.753291e-01	4.886458e-01	4.950674e-01	5.004933e-01	4.782815e-01	5.178972e-01	5.280763e-01	4.624460e-01	0.000000e+00	1	1.000028e-01
6.236364e-01	3.373867e-02	7.888564e-01	5.736762e-01	3.440753e-02	5.176074e-01	5.049632e-01	5.044092e-01	4.917676e-01	4.962444e-01	5.109238e-01	5.680864e-01	4.979489e-01	5.132102e-01	5.280854e-01	0.000000e+00	1	9.994353e-02
9.539931e-02	5.114299e-01	8.727580e-01	6.577868e-01	8.825977e-01	5.120256e-01	3.910487e-01	5.017253e-01	4.958659e-01	5.503134e-01	5.061697e-01	4.787470e-01	4.963702e-01	5.310943e-01	4.956574e-01	0.000000e+00	1	9.896011e-02
4.924083e-01	5.323658e-01	7.111875e-01	4.938005e-01	5.248102e-01	4.091390e-01	4.827426e-01	4.920229e-01	5.365429e-01	4.815320e-01	5.003391e-01	4.881571e-01	4.532813e-01	5.502562e-01	5.238283e-01	0.000000e+00	1	9.809747e-02
2.369681e-02	6.994646e-01	7.499706e-01	5.219921e-01	9.784405e-01	5.024161e-01	5.053796e-01	4.700223e-01	4.911542e-01	4.999388e-01	3.979520e-01	4.983313e-01	4.937151e-01	6.196367e-01	4.954667e-01	0.000000e+00	1	9.698202e-02
3.782831e-01	2.366073e-01	9.044309e-01	7.082376e-01	3.558336e-01	4.909409e-01	5.183618e-01	4.955009e-01	5.173447e-01	4.812407e-01	4.803435e-01	4.177933e-01	4.917781e-01	5.047841e-01	5.132313e-01	0.000000e+00	1	9.558725e-02
5.323317e-01	3.479341e-01	7.749221e-01	5.625049e-01	3.685421e-01	5.408241e-01	5.060945e-01	5.116491e-01	5.009464e-01	5.049152e-01	5.001994e-01	4.831602e-01	4.989142e-01	5.119264e-01	5.132343e-01	0.000000e+00	1	9.340667e-02
5.156582e-01	8.673399e-01	6.410112e-02	4.038777e-02	6.585257e-01	4.991506e-01	5.045752e-01	5.952964e-01	4.942718e-01	4.900051e-01	4.983353e-01	5.346374e-01	4.939042e-01	5.056741e-01	5.240070e-01	0.000000e+00	1	9.250730e-02
7.318023e-01	5.071498e-01	4.914216e-01	3.210663e-01	3.858059e-01	5.448893e-01	5.046019e-01	5.916253e-01	5.031632e-01	5.032715e-01	4.988496e-01	4.198483e-01	4.984841e-01	5.059653e-01	4.925347e-01	0.000000e+00	1	9.223647e-02
1.884468e-01	9.589674e-01	2.293002e-01	1.467128e-01	8.764718e-01	4.996564e-01	5.064235e-01	5.030915e-01	4.958659e-01	5.503134e-01	5.061697e-01	5.328592e-01	4.976229e-01	5.102716e-01	4.956574e-01	0.000000e+00	1	9.068542e-02
4.056882e-01	4.546677e-01	8.129883e-01	5.905313e-01	5.362033e-01	5.161739e-01	4.536594e-01	5.842100e-01	4.904590e-01	4.961611e-01	5.615492e-01	4.591586e-01	4.925067e-01	5.150429e-01	5.255916e-01	0.000000e+00	1	9.061404e-02
3.183246e-01	4.192877e-01	8.570890e-01	6.493475e-01	5.866012e-01	5.423007e-01	5.084393e-01	5.105164e-01	5.089592e-01	4.946676e-01	5.178426e-01	4.782815e-01	5.232835e-01	5.320574e-01	4.624460e-01	0.000000e+00	1	8.990486e-02
5.950287e-01	8.130514e-01	6.732112e-02	4.247462e-02	5.977956e-01	4.745132e-01	4.935651e-01	5.762939e-01	4.899176e-01	4.984097e-01	5.114859e-01	4.460632e-01	4.909695e-01	4.955013e-01	4.960848e-01	0.000000e+00	1	8.951617e-02
7.577031e-01	7.301961e-02	6.529291e-01	4.513474e-01	6.116198e-02	5.026792e-01	5.136867e-01	5.266510e-01	5.049606e-01	5.012157e-01	5.065946e-01	4.933250e-01	4.775550e-01	5.301703e-01	4.789270e-01	0.000000e+00	1	8.868984e-02
1.192626e-01	7.826041e-01	6.130133e-01	4.194750e-01	9.037250e-01	4.922496e-01	5.159720e-01	4.761668e-01	4.978084e-01	4.974244e-01	4.946124e-01	4.926301e-01	4.996651e-01	5.152957e-01	5.051173e-01	0.000000e+00	1	8.671376e-02
1.270256e-01	6.912694e-01	7.131856e-01	5.046495e-01	8.843073e-01	5.028209e-01	5.112416e-01	5.027765e-01	4.934137e-01	4.970298e-01	4.959225e-01	4.967715e-01	5.329976e-01	5.001478e-01	4.994867e-01	0.000000e+00	1	8.297156e-02
6.815205e-01	2.918053e-01	6.781872e-01	4.716861e-01	2.575452e-01	5.033727e-01	5.059034e-01	5.296126e-01	4.664811e-01	5.034356e-01	4.966030e-01	5.432878e-01	4.924319e-01	4.738182e-01	4.909845e-01	0.000000e+00	1	8.247914e-02
6.655713e-01	5.040124e-01	5.709830e-01	3.818759e-01	4.126144e-01	4.991506e-01	5.041585e-01	5.976919e-01	4.942718e-01	5.032310e-01	4.988496e-01	5.346374e-01	4.942460e-01	5.059653e-01	5.240280e-01	0.000000e+00	1	8.168078e-02
2.977506e-01	4.130564e-01	8.668777e-01	6.618986e-01	6.023795e-01	5.098622e-01	4.730953e-01	5.359309e-01	5.110053e-01	4.950674e-01	5.004933e-01	4.782815e-01	5.178972e-01	5.299915e-01	4.624460e-01	0.000000e+00	1	8.121223e-02
5.424420e-01	4.254040e-01	7.254942e-01	5.162570e-01	4.233880e-01	4.967877e-01	5.112416e-01	4.839807e-01	4.940140e-01	5.115909e-01	4.959225e-01	4.967715e-01	4.990865e-01	5.001478e-01	4.863919e-01	0.000000e+00	1	7.999224e-02
4.570844e-01	8.282529e-01	3.391517e-01	2.191467e-01	6.789689e-01	5.457529e-01	5.060896e-01	5.044268e-01	4.962061e-01	5.020088e-01	4.949189e-01	4.634854e-01	5.001137e-01	5.329787e-01	4.813185e-01	0.000000e+00	1	7.995096e-02
3.729623e-01	2.646691e-01	9.270216e-01	7.082376e-01	3.929005e-01	3.425678e-01	5.025177e-01	5.051975e-01	5.173447e-01	4.812995e-01	4.867838e-01	4.117776e-01	4.917781e-01	5.047841e-01	5.132313e-01	0.000000e+00	1	7.833448e-02
1.812801e-01	9.172671e-01	3.606495e-01	2.343613e-01	8.757851e-01	4.639406e-01	4.983752e-01	5.034886e-01	4.956288e-01	4.950821e-01	5.168349e-01	4.996426e-01	4.914144e-01	5.205999e-01	4.964773e-01	0.000000e+00	1	7.800589e-02
8.973565e-01	4.683440e-01	2.444081e-02	1.536864e-02	3.062305e-01	5.591827e-01	5.053157e-01	5.818120e-01	4.911516e-01	5.096190e-01	4.961876e-01	5.440140e-01	4.910175e-01	4.916920e-01	4.953797e-01	0.000000e+00	1	7.800146e-02
7.007133e-01	4.576252e-01	5.758045e-01	3.836492e-01	3.683105e-01	4.936718e-01	5.138939e-01	4.954876e-01	4.959179e-01	4.684966e-01	5.045308e-01	5.400461e-01	4.987099e-01	6.126691e-01	5.166370e-01	0.000000e+00	1	7.707894e-02
2.589003e-01	9.484918e-02	9.683789e-01	8.234077e-01	2.235613e-01	5.570549e-01	5.126152e-01	4.820519e-01	5.397693e-01	4.997600e-01	4.952046e-01	5.165814e-01	4.994486e-01	5.001478e-01	4.646212e-01	0.000000e+00	1	7.503014e-02
2.530360e-01	9.661978e-01	1.932310e-01	1.216617e-01	8.369387e-01	4.034817e-01	5.033218e-01	5.155756e-01	5.135351e-01	4.953308e-01	5.836783e-01	4.914050e-01	4.943732e-01	4.990858e-01	4.795231e-01	0.000000e+00	1	7.494404e-02
6.554957e-02	6.831089e-02	9.976146e-01	9.397651e-01	5.131305e-01	5.061103e-01	5.127172e-01	4.974758e-01	4.942718e-01	4.966929e-01	4.988496e-01	5.344858e-01	4.931656e-01	5.058268e-01	5.240070e-01	0.000000e+00	1	7.404963e-02
7.938905e-01	5.989594e-01	1.248752e-01	7.952214e-02	4.114792e-01	5.141275e-01	5.164540e-01	5.168035e-01	5.006584e-01	4.813275e-01	5.142901e-01	5.278702e-01	4.896000e-01	4.989775e-01	5.104703e-01	0.000000e+00	1	7.337182e-02
5.939565e-01	1.995314e-01	7.914171e-01	5.736762e-01	2.063229e-01	5.176074e-01	5.049632e-01	5.153991e-01	4.934801e-01	4.962444e-01	5.118236e-01	5.680864e-01	5.552975e-01	5.131939e-01	5.280854e-01	0.000000e+00	1	7.277740e-02
7.997321e-01	5.240892e-02	6.153236e-01	4.168422e-01	4.166009e-02	5.066147e-01	4.476375e-01	5.041227e-01	5.173905e-01	4.951341e-01	5.119142e-01	4.227750e-01	4.868999e-01	5.206432e-01	5.241728e-01	0.000000e+00	1	7.270968e-02
4.500136e-01	8.429170e-01	2.984934e-01	1.927575e-01	6.878143e-01	5.015832e-01	4.980220e-01	5.110202e-01	4.957297e-01	4.872961e-01	4.995690e-01	4.894952e-01	5.248128e-01	5.023526e-01	4.955308e-01	0.000000e+00	1	7.170924e-02
9.366636e-01	3.222617e-01	1.495177e-01	9.537395e-02	2.109547e-01	4.989044e-01	5.070891e-01	5.118928e-01	4.983789e-01	5.132756e-01	4.810740e-01	5.145574e-01	4.807699e-01	5.025883e-01	4.787053e-01	0.000000e+00	1	7.027733e-02
7.960215e-01	5.992204e-01	1.022096e-01	6.507931e-02	4.107922e-01	4.989044e-01	5.070891e-01	5.117861e-01	4.983789e-01	5.127163e-01	4.810390e-01	4.945587e-01	4.803997e-01	5.025883e-01	4.789030e-01	0.000000e+00	1	7.014575e-02
7.715070e-01	5.842336e-01	2.952588e-01	1.885195e-01	4.126144e-01	4.814542e-01	5.041585e-01	5.976919e-01	4.942718e-01	5.032310e-01	4.988496e-01	5.346374e-01	4.942460e-01	5.059653e-01	5.240280e-01	0.000000e+00	1	7.006820e-02
3.321822e-02	8.864974e-02	9.975646e-01	9.397651e-01	7.717596e-01	4.991506e-01	5.127172e-01	4.974758e-01	4.942718e-01	4.966929e-01	4.988496e-01	5.344858e-01	4.942460e-01	5.058268e-01	5.240070e-01	0.000000e+00	1	6.969131e-02
7.221523e-01	5.468591e-01	4.499739e-01	2.935067e-01	4.126144e-01	4.991506e-01	5.041585e-01	5.976919e-01	4.942718e-01	5.032310e-01	4.988496e-01	5.346374e-01	4.942460e-01	5.059653e-01	5.240280e-01	0.000000e+00	1	6.963717e-02
7.105381e-01	6.904883e-01	1.868045e-01	1.186378e-01	4.908901e-01	4.346239e-01	5.038852e-01	5.372645e-01	4.976463e-01	4.891119e-01	4.799540e-01	4.790915e-01	4.931617e-01	4.945589e-01	4.610629e-01	0.000000e+00	1	6.821058e-02
8.108406e-01	6.140194e-01	3.534285e-02	2.211289e-02	4.126144e-01	4.814542e-01	5.041585e-01	5.976919e-01	4.942181e-01	4.247875e-01	5.016256e-01	4.616730e-01	4.942460e-01	5.056194e-01	5.240280e-01	0.000000e+00	1	6.802463e-02
6.491360e-01	6.068106e-01	4.644615e-01	3.066197e-01	4.785540e-01	5.033727e-01	5.269429e-01	4.947463e-01	5.006925e-01	4.926696e-01	5.112824e-01	4.629859e-01	4.942987e-01	4.833755e-01	4.943697e-01	0.000000e+00	1	6.767150e-02
9.020487e-01	1.164547e-01	4.227814e-01	2.770060e-01	8.173565e-02	5.031300e-01	5.492822e-01	5.030751e-01	4.980982e-01	4.982840e-01	5.050414e-01	4.966602e-01	4.923726e-01	5.062790e-01	5.201387e-01	0.000000e+00	1	6.675778e-02
3.815050e-01	8.426585e-01	4.273732e-01	2.755354e-01	7.293539e-01	5.457529e-01	5.061166e-01	5.204583e-01	5.155466e-01	5.020140e-01	4.825563e-01	3.939649e-01	5.574623e-01	5.306603e-01	4.807831e-01	0.000000e+00	1	6.662728e-02
4.243452e-01	4.660951e-01	7.961567e-01	5.736762e-01	5.298272e-01	5.176074e-01	5.054916e-01	5.153991e-01	4.933952e-01	4.961612e-01	5.672418e-01	4.660510e-01	5.873234e-01	5.131190e-01	4.630853e-01	0.000000e+00	1	6.605554e-02
