1.047032e+00	2.157396e-02	1.326704e-04	8.064955e-05	1.311561e-02	5.066168e-01	4.919868e-01	5.749686e-01	3.016987e-01	5.057104e-01	5.096815e-01	5.397865e-01	4.921135e-01	5.140574e-01	5.152873e-01	0.000000e+00	1	1.000000e+14
6.125633e-04	1.002460e+00	4.370562e-17	2.775558e-17	9.996110e-01	4.548264e-01	4.906838e-01	5.025507e-01	5.007215e-01	4.978606e-01	5.008724e-01	4.976547e-01	5.121473e-01	4.994202e-01	5.129263e-01	0.000000e+00	1	1.000000e+14
1.555267e-15	5.676023e-16	1.024797e+00	1.000000e+00	2.227756e-01	5.033727e-01	4.998436e-01	4.964892e-01	3.795943e-01	5.069538e-01	5.339118e-01	5.375342e-01	5.851016e-01	5.004397e-01	4.793676e-01	0.000000e+00	1	1.000000e+14
1.615843e-15	1.609611e-23	1.000185e+00	1.000000e+00	6.341644e-09	5.033727e-01	4.939765e-01	4.964892e-01	5.005829e-01	4.960840e-01	4.944866e-01	4.966471e-01	4.924319e-01	5.002333e-01	4.968467e-01	0.000000e+00	1	1.000000e+14
2.166398e-01	9.763443e-01	4.360230e-17	2.775558e-17	8.609933e-01	5.031280e-01	5.051424e-01	5.030751e-01	4.980982e-01	4.984853e-01	5.050414e-01	4.976842e-01	4.976221e-01	4.993907e-01	4.985523e-01	0.000000e+00	1	1.000000e+14
2.403183e-27	1.623298e-15	1.004799e+00	1.000000e+00	1.000000e+00	4.931707e-01	4.935651e-01	5.102952e-01	4.989423e-01	5.326789e-01	4.974857e-01	5.561817e-01	4.833711e-01	4.934248e-01	5.073359e-01	0.000000e+00	1	1.000000e+14
3.646572e-01	4.070037e-01	8.433259e-01	6.339680e-01	5.349008e-01	5.024862e-01	4.552807e-01	4.837693e-01	5.172260e-01	4.705535e-01	5.009104e-01	4.935917e-01	4.934989e-01	5.293822e-01	5.228027e-01	0.000000e+00	1	1.355494e-01
9.384832e-01	3.228877e-01	1.584157e-01	1.007652e-01	2.109547e-01	4.593299e-01	4.944915e-01	4.968055e-01	4.938567e-01	5.117932e-01	4.945339e-01	5.486463e-01	5.119738e-01	5.031979e-01	4.751551e-01	0.000000e+00	1	1.348110e-01
2.094468e-01	9.308217e-01	3.288501e-01	2.113073e-01	8.590991e-01	4.684019e-01	4.808787e-01	5.762939e-01	4.589283e-01	4.988066e-01	5.147121e-01	4.996834e-01	4.910016e-01	4.988406e-01	5.023582e-01	0.000000e+00	1	1.310015e-01
2.027095e-01	8.818273e-01	4.549746e-01	2.966074e-01	8.561564e-01	4.979108e-01	5.171073e-01	4.835006e-01	4.990650e-01	4.963366e-01	5.836783e-01	5.706785e-01	5.032237e-01	5.004720e-01	4.864745e-01	0.000000e+00	1	1.242953e-01
1.319163e-01	9.872149e-01	2.423388e-01	1.519463e-01	9.154328e-01	5.141275e-01	5.164540e-01	4.844471e-01	5.006584e-01	4.813275e-01	5.142901e-01	3.825191e-01	4.001102e-01	4.989635e-01	4.987430e-01	0.000000e+00	1	1.209930e-01
5.307879e-01	8.036988e-01	3.680935e-01	2.323955e-01	6.284219e-01	5.141275e-01	4.954937e-01	4.759291e-01	4.640098e-01	4.964466e-01	5.139939e-01	3.617145e-01	4.016735e-01	4.989635e-01	4.987448e-01	0.000000e+00	1	1.097303e-01
9.201555e-01	1.074196e-01	3.908815e-01	2.541837e-01	7.398455e-02	4.832719e-01	4.989519e-01	4.844393e-01	5.008352e-01	4.764589e-01	5.051508e-01	4.418873e-01	4.815873e-01	5.221178e-01	5.134855e-01	0.000000e+00	1	1.067269e-01
2.565378e-01	2.092505e-01	9.542983e-01	7.874207e-01	4.355903e-01	4.814542e-01	4.873130e-01	5.088048e-01	5.531629e-01	5.066912e-01	4.988496e-01	4.224249e-01	4.931314e-01	5.014096e-01	5.238438e-01	0.000000e+00	1	1.029014e-01
6.047441e-01	5.945884e-01	5.437518e-01	3.629557e-01	4.946093e-01	4.948033e-01	4.962961e-01	4.852985e-01	5.421863e-01	4.705535e-01	4.972363e-01	4.364026e-01	4.993838e-01	4.862084e-01	4.831383e-01	0.000000e+00	1	9.969104e-02
1.564625e-01	7.318361e-01	6.847475e-01	4.717541e-01	8.659128e-01	5.027868e-01	5.359975e-01	5.021461e-01	5.930807e-01	5.019546e-01	5.452428e-01	5.467396e-01	4.905737e-01	5.002800e-01	4.915046e-01	0.000000e+00	1	9.949010e-02
6.143776e-01	1.992889e-04	7.998558e-01	5.830195e-01	2.065037e-04	4.421077e-01	5.049632e-01	5.015720e-01	4.917676e-01	5.059197e-01	5.109238e-01	5.656763e-01	5.035363e-01	5.132102e-01	4.781676e-01	0.000000e+00	1	9.906465e-02
1.002372e+00	5.316466e-02	1.505064e-02	9.544733e-03	3.373398e-02	4.986704e-01	5.051673e-01	4.961776e-01	5.007215e-01	4.962887e-01	5.044785e-01	5.412068e-01	4.558249e-01	4.994202e-01	5.128993e-01	0.000000e+00	1	9.885595e-02
9.611114e-02	1.395741e-01	9.867477e-01	8.917228e-01	6.160954e-01	5.057385e-01	5.065741e-01	5.115766e-01	5.011362e-01	4.981073e-01	5.099283e-01	4.896010e-01	4.817062e-01	5.010656e-01	4.791107e-01	0.000000e+00	1	9.789522e-02
5.551663e-01	7.585830e-01	3.648222e-01	2.356782e-01	5.977956e-01	4.779695e-01	5.078404e-01	5.762939e-01	4.584592e-01	4.988092e-01	4.887134e-01	4.996835e-01	4.909695e-01	4.952312e-01	4.960848e-01	0.000000e+00	1	9.720853e-02
5.471961e-01	8.406800e-01	1.133376e-01	7.162772e-02	6.326668e-01	4.922496e-01	5.035051e-01	4.948510e-01	4.942510e-01	5.039487e-01	4.946124e-01	4.981536e-01	5.260152e-01	5.181220e-01	5.909727e-01	0.000000e+00	1	9.346366e-02
5.132231e-01	5.492090e-01	6.600903e-01	4.587550e-01	5.215549e-01	4.949734e-01	5.037923e-01	4.978517e-01	5.024930e-01	5.066205e-01	4.917104e-01	5.141363e-01	5.016913e-01	4.996000e-01	5.028140e-01	0.000000e+00	1	9.341934e-02
2.305596e-01	1.889425e-01	9.579578e-01	8.079485e-01	4.370496e-01	4.967877e-01	5.062354e-01	4.811832e-01	5.390513e-01	4.960908e-01	4.946160e-01	4.982108e-01	4.928425e-01	5.001950e-01	4.648188e-01	0.000000e+00	1	9.273896e-02
2.985020e-02	7.978471e-02	9.971149e-01	9.457438e-01	7.720828e-01	5.182580e-01	4.956094e-01	4.986866e-01	4.942718e-01	4.976282e-01	5.060716e-01	5.157617e-01	4.941783e-01	5.058268e-01	5.010974e-01	0.000000e+00	1	9.219855e-02
4.081835e-01	2.635778e-01	8.758154e-01	6.775468e-01	3.650188e-01	5.132070e-01	5.074634e-01	4.993870e-01	5.239616e-01	4.961149e-01	4.977775e-01	5.207404e-01	5.033136e-01	4.987969e-01	4.826412e-01	0.000000e+00	1	9.108755e-02
1.213430e-02	7.199546e-01	7.741140e-01	5.230220e-01	9.892713e-01	5.178287e-01	5.092980e-01	5.021429e-01	3.016987e-01	5.103489e-01	5.291337e-01	4.978116e-01	4.921135e-01	6.274358e-01	5.153143e-01	0.000000e+00	1	9.071344e-02
7.471920e-01	6.014617e-01	2.933891e-01	1.889703e-01	4.314752e-01	4.814542e-01	5.052692e-01	5.278616e-01	4.942718e-01	5.066912e-01	4.988496e-01	5.344531e-01	4.942460e-01	5.059653e-01	5.240280e-01	0.000000e+00	1	9.006679e-02
8.964513e-01	2.658380e-01	3.807111e-01	2.461584e-01	1.835272e-01	4.645051e-01	5.030597e-01	4.965628e-01	4.941208e-01	5.114806e-01	5.369936e-01	5.397398e-01	4.862290e-01	5.003112e-01	4.293805e-01	0.000000e+00	1	8.624896e-02
5.091953e-01	6.981184e-01	5.087386e-01	3.387530e-01	5.988183e-01	4.923156e-01	5.051094e-01	4.724065e-01	4.973860e-01	4.583588e-01	5.074233e-01	5.074891e-01	5.016913e-01	5.021224e-01	5.047352e-01	0.000000e+00	1	8.601891e-02
8.761315e-01	4.724791e-01	1.215555e-01	7.735838e-02	3.148560e-01	4.972357e-01	5.059295e-01	5.140592e-01	4.981044e-01	5.175122e-01	5.248619e-01	5.087343e-01	4.914700e-01	4.803690e-01	5.331982e-01	0.000000e+00	1	8.601294e-02
9.743736e-01	2.360117e-01	6.734344e-02	4.269899e-02	1.512876e-01	4.832719e-01	4.989519e-01	4.853653e-01	5.008448e-01	4.934016e-01	5.060284e-01	4.418873e-01	4.815873e-01	5.199628e-01	5.108833e-01	0.000000e+00	1	8.601005e-02
8.560443e-01	3.665308e-01	4.212764e-01	2.704643e-01	2.575452e-01	5.033727e-01	4.869953e-01	5.967420e-01	4.899660e-01	5.115261e-01	4.974444e-01	5.310755e-01	3.963968e-01	4.773842e-01	4.909845e-01	0.000000e+00	1	8.545311e-02
7.010703e-01	5.339183e-01	5.026928e-01	3.300258e-01	4.143558e-01	4.967877e-01	4.864811e-01	4.819452e-01	5.389034e-01	4.991934e-01	5.024762e-01	5.255636e-01	3.964451e-01	4.677699e-01	4.914312e-01	0.000000e+00	1	8.448291e-02
2.818554e-01	7.506237e-01	6.027816e-01	4.103935e-01	7.713233e-01	5.033727e-01	5.059034e-01	4.896351e-01	4.654096e-01	4.935008e-01	4.966030e-01	4.639693e-01	4.807449e-01	4.944630e-01	4.981008e-01	0.000000e+00	1	8.420013e-02
8.660470e-01	4.925197e-01	1.965672e-01	1.240106e-01	3.291870e-01	5.770506e-01	4.873130e-01	5.088048e-01	4.371838e-01	5.066912e-01	4.988496e-01	5.338364e-01	4.950101e-01	5.600005e-01	5.238438e-01	0.000000e+00	1	8.413652e-02
3.185672e-01	2.426131e-01	9.200319e-01	7.386613e-01	4.143558e-01	4.967877e-01	5.126152e-01	4.819452e-01	5.397693e-01	4.992008e-01	4.951697e-01	4.965827e-01	5.034583e-01	5.058599e-01	4.648188e-01	0.000000e+00	1	8.222403e-02
4.324227e-01	6.481795e-01	6.443379e-01	4.398746e-01	6.254599e-01	5.061610e-01	5.036768e-01	5.859045e-01	5.024930e-01	5.045835e-01	4.951749e-01	4.468276e-01	5.016913e-01	5.221084e-01	5.169335e-01	0.000000e+00	1	7.941565e-02
7.940028e-01	5.867344e-01	1.947852e-01	1.240106e-01	4.051426e-01	4.814542e-01	4.873130e-01	5.088048e-01	4.371838e-01	5.066912e-01	4.988496e-01	5.336135e-01	4.950101e-01	5.014096e-01	5.238438e-01	0.000000e+00	1	7.937893e-02
8.256636e-01	4.467561e-01	4.766159e-01	2.990747e-01	3.157473e-01	4.871327e-01	4.956283e-01	4.965447e-01	4.967405e-01	4.957602e-01	5.073629e-01	5.250635e-01	4.984785e-01	6.117269e-01	3.013844e-01	0.000000e+00	1	7.846359e-02
8.494477e-01	3.637064e-01	4.282769e-01	2.763000e-01	2.575452e-01	5.033727e-01	5.059034e-01	6.177309e-01	4.655383e-01	5.034356e-01	4.966030e-01	5.384897e-01	4.916009e-01	4.738182e-01	5.332681e-01	0.000000e+00	1	7.791362e-02
7.346644e-01	6.101204e-01	3.047401e-01	1.966476e-01	4.412087e-01	5.052784e-01	5.052692e-01	5.278616e-01	5.011515e-01	5.164775e-01	4.922746e-01	5.348334e-01	5.025239e-01	5.059653e-01	4.999642e-01	0.000000e+00	1	7.772069e-02
6.562323e-02	2.963511e-01	9.550261e-01	8.040946e-01	8.612672e-01	4.909542e-01	4.983888e-01	4.938553e-01	5.248011e-01	4.991534e-01	5.048958e-01	4.965809e-01	4.893869e-01	4.952115e-01	4.654868e-01	0.000000e+00	1	7.759315e-02
3.890389e-01	2.962826e-01	8.998952e-01	6.831089e-01	4.143558e-01	4.967877e-01	5.126152e-01	5.703595e-01	5.369632e-01	4.992008e-01	3.731802e-01	4.967824e-01	5.034583e-01	4.812779e-01	4.648188e-01	0.000000e+00	1	7.731459e-02
3.956690e-01	4.254995e-01	8.303712e-01	6.113145e-01	5.231162e-01	5.257745e-01	4.518185e-01	5.842100e-01	4.869387e-01	4.963936e-01	5.085883e-01	5.388412e-01	4.912688e-01	5.299172e-01	5.255916e-01	0.000000e+00	1	7.599448e-02
4.582740e-01	6.872867e-01	5.789422e-01	3.891616e-01	6.256128e-01	5.068210e-01	5.036768e-01	5.837635e-01	5.024930e-01	5.371873e-01	4.917104e-01	5.141363e-01	5.016913e-01	4.996000e-01	5.008781e-01	0.000000e+00	1	7.365666e-02
7.789024e-01	1.703375e-01	6.225779e-01	4.220490e-01	1.370640e-01	5.240150e-01	4.959877e-01	5.950920e-01	5.024930e-01	5.117490e-01	4.925842e-01	5.418102e-01	5.016913e-01	5.003032e-01	5.008781e-01	0.000000e+00	1	7.353944e-02
8.282966e-01	4.481808e-01	4.474422e-01	2.823624e-01	3.157473e-01	4.957977e-01	5.068423e-01	4.960753e-01	4.968826e-01	4.956878e-01	5.076772e-01	5.493425e-01	5.241543e-01	5.054277e-01	3.013844e-01	0.000000e+00	1	7.063712e-02
1.821181e-01	8.207633e-01	5.499013e-01	3.687542e-01	8.609933e-01	5.031280e-01	5.051424e-01	5.030751e-01	4.980982e-01	5.400222e-01	5.045339e-01	4.976842e-01	4.460036e-01	4.996563e-01	4.985523e-01	0.000000e+00	1	6.922471e-02
7.489894e-01	1.520403e-01	7.316326e-01	4.861145e-01	1.274976e-01	4.945636e-01	5.092980e-01	4.957698e-01	3.016987e-01	5.094609e-01	4.852144e-01	5.413516e-01	4.921135e-01	6.274358e-01	5.152873e-01	0.000000e+00	1	6.808670e-02
6.814865e-01	2.917908e-01	6.781534e-01	4.716861e-01	2.575452e-01	5.033727e-01	5.059034e-01	4.896351e-01	4.654096e-01	5.034356e-01	4.966030e-01	5.384897e-01	4.916009e-01	4.738182e-01	5.332681e-01	0.000000e+00	1	6.673085e-02
4.944664e-01	8.609237e-01	2.176018e-01	1.373598e-01	6.681039e-01	5.032519e-01	5.051424e-01	5.855163e-01	5.227554e-01	4.984485e-01	5.059997e-01	4.976842e-01	5.871687e-01	5.295341e-01	4.985425e-01	0.000000e+00	1	6.563860e-02
6.816460e-01	5.153831e-01	5.588325e-01	3.686951e-01	4.121380e-01	4.969619e-01	4.864811e-01	4.819452e-01	5.362973e-01	4.991973e-01	5.078765e-01	5.261380e-01	3.959947e-01	4.677699e-01	5.813543e-01	0.000000e+00	1	6.542054e-02
4.410780e-01	6.614974e-01	6.208247e-01	4.220490e-01	6.256128e-01	5.068210e-01	5.036768e-01	5.837635e-01	5.024930e-01	5.371873e-01	4.917104e-01	5.141363e-01	5.016913e-01	4.996000e-01	5.008781e-01	0.000000e+00	1	6.357850e-02
4.045316e-01	4.418361e-02	9.349774e-01	7.386613e-01	6.925814e-02	4.941524e-01	5.298510e-01	4.948453e-01	5.247052e-01	4.992008e-01	4.951697e-01	4.969148e-01	5.034583e-01	6.310725e-01	4.698545e-01	0.000000e+00	1	6.276712e-02
7.662177e-01	6.771839e-01	1.399551e-01	8.659285e-02	4.607808e-01	4.347759e-01	5.052692e-01	5.278616e-01	4.968779e-01	4.988216e-01	5.029743e-01	6.623275e-01	4.921359e-01	5.059431e-01	5.242145e-01	0.000000e+00	1	6.199106e-02
7.545034e-01	1.531596e-01	7.253834e-01	4.810560e-01	1.274976e-01	4.945636e-01	5.092980e-01	4.957698e-01	3.016987e-01	4.958494e-01	4.901558e-01	5.413636e-01	4.943901e-01	6.274358e-01	5.152873e-01	0.000000e+00	1	6.190681e-02
