2.397788e-27	1.619654e-15	1.002543e+00	1.000000e+00	1.000000e+00	4.835470e-01	4.935651e-01	5.102952e-01	4.979300e-01	5.326789e-01	4.974857e-01	5.259661e-01	4.834006e-01	4.934248e-01	5.073359e-01	0.000000e+00	1	1.000000e+14
1.616287e-15	5.079556e-24	1.000460e+00	1.000000e+00	2.000725e-09	5.033727e-01	4.965058e-01	4.964892e-01	5.005829e-01	4.960840e-01	4.944866e-01	4.966471e-01	5.122201e-01	4.856007e-01	4.968467e-01	0.000000e+00	1	1.000000e+14
1.330598e-15	1.035833e-15	1.043766e+00	1.000000e+00	4.211084e-01	6.258365e-01	5.038119e-01	5.103371e-01	4.178744e-01	5.783401e-01	4.882630e-01	4.935341e-01	4.776004e-01	6.007872e-01	4.360572e-01	0.000000e+00	1	1.000000e+14
4.186395e-02	9.992118e-01	4.360221e-17	2.775558e-17	9.733431e-01	5.033129e-01	5.050979e-01	5.030751e-01	4.980982e-01	4.996129e-01	5.049815e-01	4.976842e-01	4.976221e-01	4.990847e-01	4.987656e-01	0.000000e+00	1	1.000000e+14
6.113569e-04	1.000486e+00	4.361955e-17	2.775558e-17	9.996110e-01	5.139041e-01	4.940491e-01	5.069510e-01	5.005709e-01	4.978606e-01	5.007364e-01	4.998768e-01	4.968559e-01	5.002954e-01	5.139115e-01	0.000000e+00	1	1.000000e+14
1.005769e+00	3.160861e-09	1.349493e-01	8.491151e-02	2.000725e-09	6.125876e-01	4.939765e-01	4.606090e-01	4.987032e-01	4.945764e-01	4.985070e-01	4.966471e-01	5.122201e-01	5.177228e-01	4.968467e-01	0.000000e+00	1	1.000000e+14
5.696828e-01	6.998298e-01	4.620640e-01	3.012731e-01	5.650373e-01	4.900461e-01	4.871770e-01	5.768210e-01	5.003709e-01	4.992491e-01	5.046586e-01	4.931656e-01	5.732405e-01	4.866553e-01	4.549433e-01	0.000000e+00	1	2.029131e-01
5.928698e-01	6.207068e-01	5.367140e-01	3.557448e-01	5.146002e-01	4.897320e-01	5.049612e-01	4.639398e-01	4.987641e-01	4.993395e-01	4.849589e-01	4.705626e-01	5.975837e-01	4.829020e-01	4.992589e-01	0.000000e+00	1	1.456431e-01
7.623801e-01	4.168383e-01	5.024172e-01	3.337512e-01	3.185337e-01	5.007966e-01	4.465388e-01	4.982542e-01	4.998165e-01	5.003469e-01	4.869047e-01	5.074891e-01	5.016913e-01	4.918167e-01	5.231117e-01	0.000000e+00	1	1.432864e-01
1.865764e-01	2.013871e-01	9.684905e-01	8.241546e-01	5.242915e-01	4.903770e-01	4.868398e-01	4.757985e-01	5.073335e-01	5.002964e-01	5.186066e-01	4.272998e-01	4.946582e-01	5.008910e-01	5.090756e-01	0.000000e+00	1	1.415207e-01
6.533983e-01	7.706421e-01	8.066932e-02	5.072171e-02	5.522961e-01	4.485513e-01	4.711297e-01	5.557728e-01	5.653953e-01	4.776735e-01	5.379164e-01	4.867527e-01	4.861687e-01	5.175158e-01	5.096743e-01	0.000000e+00	1	1.409778e-01
7.237494e-01	6.104856e-01	3.577111e-01	2.299589e-01	4.460863e-01	4.861594e-01	4.998665e-01	5.410878e-01	4.919370e-01	4.915938e-01	4.952310e-01	5.558395e-01	5.050890e-01	5.829106e-01	5.100665e-01	0.000000e+00	1	1.314727e-01
6.065534e-01	4.463573e-01	7.428403e-01	4.956389e-01	4.038780e-01	4.852119e-01	5.045828e-01	6.979746e-01	5.436430e-01	5.098788e-01	5.052054e-01	4.121624e-01	4.071214e-01	4.997826e-01	5.010070e-01	0.000000e+00	1	1.313157e-01
9.493146e-01	3.142724e-01	2.014328e-01	1.265448e-01	2.035247e-01	5.061129e-01	4.931800e-01	5.125468e-01	5.848303e-01	5.259378e-01	3.979146e-01	4.913569e-01	5.239952e-01	4.751803e-01	4.835454e-01	0.000000e+00	1	1.185565e-01
6.171588e-01	5.116781e-01	6.001526e-01	4.091003e-01	4.406852e-01	4.730020e-01	4.984292e-01	4.972885e-01	5.139121e-01	4.948690e-01	4.952519e-01	4.940176e-01	4.794503e-01	5.001182e-01	5.010067e-01	0.000000e+00	1	1.149314e-01
8.521317e-01	4.735152e-01	3.013965e-01	1.908894e-01	3.228909e-01	4.968317e-01	5.235971e-01	5.108930e-01	4.919899e-01	5.343766e-01	4.612161e-01	4.643358e-01	5.866277e-01	4.840585e-01	5.889868e-01	0.000000e+00	1	1.093107e-01
5.207338e-01	2.152784e-01	8.398761e-01	6.238006e-01	2.495651e-01	4.933174e-01	5.049612e-01	4.884798e-01	4.987641e-01	4.962210e-01	4.867275e-01	4.705626e-01	5.991563e-01	4.829020e-01	4.992589e-01	0.000000e+00	1	1.083559e-01
6.141909e-01	1.360635e-01	7.952870e-01	5.739509e-01	1.387907e-01	4.918347e-01	4.574502e-01	4.964892e-01	4.998423e-01	5.022687e-01	4.952648e-01	4.966471e-01	6.064734e-01	4.856007e-01	4.767154e-01	0.000000e+00	1	1.055582e-01
5.529204e-02	7.239219e-01	7.161506e-01	4.956389e-01	9.514702e-01	4.852119e-01	5.045828e-01	5.177456e-01	5.436430e-01	5.098788e-01	5.052048e-01	4.121624e-01	4.025508e-01	4.997826e-01	5.020116e-01	0.000000e+00	1	9.795257e-02
6.953233e-01	7.211965e-01	6.112268e-02	3.879398e-02	5.116268e-01	5.036007e-01	4.722459e-01	5.048306e-01	5.020917e-01	4.667114e-01	4.925861e-01	4.731891e-01	4.831292e-01	5.123855e-01	4.769819e-01	0.000000e+00	1	9.505693e-02
3.935303e-01	9.397094e-01	1.366956e-01	8.491151e-02	7.475233e-01	6.125876e-01	4.948321e-01	4.606090e-01	4.987032e-01	3.858430e-01	4.982987e-01	4.966471e-01	5.001281e-01	5.207211e-01	4.865125e-01	0.000000e+00	1	9.421223e-02
8.714131e-01	2.738617e-09	5.542568e-01	3.606461e-01	2.000725e-09	6.125876e-01	5.061607e-01	4.606090e-01	4.987032e-01	4.945764e-01	4.985070e-01	4.966471e-01	5.121314e-01	4.568412e-01	3.718414e-01	0.000000e+00	1	9.355117e-02
4.678325e-01	1.563437e-01	8.811227e-01	6.751030e-01	2.053220e-01	4.937698e-01	4.935651e-01	5.102788e-01	4.989423e-01	5.326789e-01	4.952933e-01	4.995994e-01	5.866277e-01	4.887390e-01	4.702084e-01	0.000000e+00	1	9.192208e-02
8.067961e-02	9.349096e-01	4.082761e-01	2.612566e-01	9.451976e-01	5.373659e-01	4.945964e-01	3.666460e-01	5.002871e-01	4.986738e-01	4.751630e-01	5.579799e-01	4.965952e-01	4.929063e-01	5.101778e-01	0.000000e+00	1	9.117959e-02
5.575191e-01	1.863158e-01	8.213541e-01	6.045492e-01	2.053220e-01	4.937698e-01	4.935651e-01	5.102952e-01	4.989423e-01	5.326789e-01	4.952933e-01	5.153436e-01	5.866277e-01	4.887390e-01	4.702084e-01	0.000000e+00	1	9.110366e-02
7.799685e-01	6.216232e-02	6.672974e-01	4.495429e-01	5.063063e-02	4.558116e-01	5.325785e-01	5.433604e-01	5.565917e-01	4.779525e-01	5.314812e-01	4.893096e-01	3.643223e-01	5.137483e-01	5.079338e-01	0.000000e+00	1	8.966432e-02
4.830909e-01	8.946422e-01	1.383393e-02	8.661412e-03	6.847971e-01	5.061475e-01	5.049416e-01	4.959502e-01	4.170618e-01	5.565274e-01	5.053597e-01	5.044910e-01	4.987166e-01	4.187069e-01	5.047844e-01	0.000000e+00	1	8.898001e-02
2.147043e-01	3.672335e-01	9.129338e-01	7.224032e-01	6.631907e-01	5.152045e-01	5.301693e-01	4.989520e-01	4.961869e-01	4.966036e-01	5.528535e-01	5.170947e-01	5.121300e-01	4.481377e-01	5.092931e-01	0.000000e+00	1	8.616407e-02
4.273880e-01	8.162417e-03	9.289761e-01	7.254511e-01	1.215693e-02	4.937698e-01	6.101603e-01	5.102485e-01	4.919899e-01	5.655205e-01	4.952149e-01	5.105617e-01	5.060878e-01	4.887390e-01	5.753114e-01	0.000000e+00	1	8.598461e-02
7.977244e-01	5.870384e-01	3.074439e-01	1.916098e-01	4.038780e-01	5.035322e-01	5.051500e-01	6.588849e-01	5.517323e-01	5.199120e-01	5.050831e-01	4.948545e-01	4.071214e-01	4.997390e-01	5.053135e-01	0.000000e+00	1	8.535101e-02
3.855046e-01	8.339183e-01	4.188592e-01	2.723241e-01	7.243311e-01	4.991766e-01	4.939667e-01	4.613900e-01	5.568792e-01	5.301970e-01	5.005569e-01	5.261453e-01	4.974409e-01	4.423736e-01	5.022684e-01	0.000000e+00	1	8.514130e-02
1.435823e-01	9.912604e-01	4.366834e-17	2.775558e-17	9.084236e-01	5.139041e-01	5.050961e-01	4.658355e-01	5.006166e-01	4.961709e-01	5.003583e-01	4.998768e-01	4.968559e-01	4.996959e-01	5.139115e-01	0.000000e+00	1	8.353494e-02
1.261201e-01	9.179386e-01	4.091835e-01	2.647440e-01	9.130759e-01	4.929976e-01	4.945964e-01	3.923520e-01	5.002871e-01	5.050676e-01	4.956888e-01	5.259572e-01	4.833887e-01	4.848443e-01	4.989123e-01	0.000000e+00	1	8.285744e-02
6.621138e-02	8.062356e-01	6.138416e-01	4.132411e-01	9.478352e-01	4.973530e-01	5.296111e-01	4.788394e-01	4.841845e-01	4.882076e-01	4.987656e-01	5.363555e-01	4.781998e-01	6.086679e-01	4.876383e-01	0.000000e+00	1	8.166323e-02
5.128137e-01	4.272455e-02	8.601200e-01	6.567652e-01	5.291711e-02	4.937698e-01	4.935651e-01	5.102952e-01	4.989423e-01	5.238825e-01	4.866858e-01	5.153436e-01	4.891627e-01	4.887390e-01	4.702084e-01	0.000000e+00	1	8.065221e-02
6.771404e-01	4.850917e-01	6.239182e-01	4.092708e-01	3.957462e-01	5.418106e-01	5.284452e-01	4.786096e-01	3.256139e-01	4.947476e-01	5.123040e-01	4.298206e-01	5.258844e-01	5.348020e-01	5.177092e-01	0.000000e+00	1	7.851354e-02
9.328610e-01	3.777314e-01	9.816418e-02	6.189792e-02	2.449319e-01	4.819896e-01	4.936786e-01	5.128814e-01	4.927776e-01	5.466134e-01	4.986125e-01	5.162880e-01	5.876972e-01	5.193118e-01	5.111535e-01	0.000000e+00	1	7.780714e-02
1.914398e-02	7.148539e-01	7.177811e-01	5.011867e-01	9.829552e-01	4.879439e-01	5.310452e-01	5.055628e-01	5.004234e-01	4.638320e-01	4.988752e-01	4.973312e-01	3.979631e-01	5.124377e-01	5.136343e-01	0.000000e+00	1	7.779900e-02
4.100460e-01	8.801507e-01	2.769539e-01	1.768867e-01	7.224451e-01	4.997393e-01	5.043627e-01	4.683642e-01	5.568792e-01	5.414480e-01	4.941549e-01	5.442375e-01	4.974409e-01	5.314826e-01	4.727202e-01	0.000000e+00	1	7.758852e-02
6.716281e-01	1.817612e-01	7.394794e-01	5.193733e-01	1.682566e-01	5.044112e-01	5.053642e-01	5.052617e-01	4.146707e-01	5.106086e-01	4.862859e-01	4.203353e-01	5.197578e-01	5.304061e-01	4.937803e-01	0.000000e+00	1	7.757195e-02
1.045025e-01	9.757751e-01	2.538043e-01	1.611163e-01	9.320789e-01	5.030607e-01	4.935651e-01	4.802620e-01	5.251492e-01	5.341870e-01	4.974857e-01	4.803410e-01	4.984916e-01	3.952662e-01	5.061860e-01	0.000000e+00	1	7.520416e-02
2.520155e-01	4.813087e-03	9.964150e-01	8.422644e-01	1.215693e-02	4.937698e-01	5.960301e-01	5.096661e-01	4.895947e-01	5.655205e-01	4.952149e-01	5.105617e-01	5.125466e-01	4.208386e-01	5.865379e-01	0.000000e+00	1	7.369154e-02
2.268157e-01	2.900010e-01	9.497434e-01	7.645700e-01	5.774479e-01	5.289599e-01	5.301693e-01	4.789158e-01	4.961869e-01	4.985723e-01	5.517533e-01	4.191203e-01	5.121300e-01	4.166769e-01	5.092931e-01	0.000000e+00	1	7.298853e-02
9.840771e-01	2.326876e-01	4.408721e-17	2.775558e-17	1.478155e-01	5.163932e-01	4.955824e-01	5.069510e-01	5.005709e-01	5.001831e-01	4.936001e-01	5.002599e-01	4.968559e-01	3.988785e-01	4.755186e-01	0.000000e+00	1	7.148101e-02
9.187662e-01	9.061608e-02	4.255295e-01	2.749530e-01	6.258613e-02	4.991766e-01	4.939667e-01	4.613900e-01	5.568792e-01	4.976662e-01	4.984749e-01	5.843614e-01	4.974409e-01	4.423736e-01	4.631668e-01	0.000000e+00	1	7.011494e-02
9.635463e-01	3.397203e-02	3.318319e-01	2.110226e-01	2.243619e-02	4.997393e-01	5.036905e-01	4.602609e-01	5.568792e-01	5.283095e-01	5.010165e-01	5.442375e-01	5.095329e-01	5.169757e-01	6.080941e-01	0.000000e+00	1	6.884744e-02
3.039913e-01	7.199939e-01	6.313872e-01	4.325997e-01	7.456651e-01	5.302737e-01	5.252549e-01	4.783771e-01	5.073335e-01	5.313742e-01	5.206886e-01	5.278686e-01	4.792226e-01	5.004555e-01	5.042595e-01	0.000000e+00	1	6.744151e-02
7.675917e-01	5.574307e-01	3.643435e-01	2.334463e-01	3.998603e-01	4.877486e-01	4.774423e-01	4.896237e-01	4.036287e-01	4.935306e-01	4.956742e-01	5.213608e-01	5.054911e-01	5.748486e-01	4.988011e-01	0.000000e+00	1	6.553020e-02
3.714484e-01	7.920081e-01	5.439749e-01	3.541656e-01	7.208180e-01	4.833431e-01	4.374967e-01	5.033497e-01	4.978475e-01	5.305729e-01	4.972302e-01	4.981346e-01	3.564476e-01	5.563229e-01	5.346493e-01	0.000000e+00	1	6.390039e-02
3.141477e-01	1.272038e-01	9.527248e-01	7.824155e-01	2.449319e-01	4.825182e-01	4.936786e-01	5.128814e-01	4.987942e-01	5.473849e-01	4.984332e-01	5.162880e-01	5.876972e-01	5.193118e-01	5.111535e-01	0.000000e+00	1	6.177940e-02
8.177393e-01	6.517260e-02	5.953182e-01	3.996504e-01	5.063063e-02	4.904330e-01	5.325785e-01	5.055628e-01	5.004234e-01	4.661545e-01	4.917390e-01	4.977143e-01	3.979631e-01	5.124377e-01	4.752414e-01	0.000000e+00	1	6.116586e-02
9.029375e-01	3.943405e-01	2.265129e-01	1.438556e-01	2.621374e-01	5.190037e-01	4.607648e-01	4.914200e-01	4.662055e-01	4.994378e-01	4.625697e-01	4.223256e-01	5.209276e-01	4.978173e-01	4.994995e-01	0.000000e+00	1	5.752693e-02
3.546571e-01	7.974752e-01	5.427287e-01	3.541656e-01	7.336010e-01	4.750428e-01	4.933198e-01	4.350024e-01	4.981263e-01	5.051144e-01	4.972302e-01	4.981346e-01	3.641321e-01	5.563229e-01	5.346493e-01	0.000000e+00	1	5.603360e-02
8.256779e-01	2.509571e-01	5.221840e-01	3.464230e-01	1.878462e-01	5.192854e-01	4.604896e-01	5.033327e-01	5.003311e-01	4.949474e-01	4.917390e-01	4.188425e-01	4.939667e-01	5.004076e-01	5.010806e-01	0.000000e+00	1	5.559996e-02
4.603505e-01	5.699779e-01	6.923933e-01	4.820143e-01	5.674827e-01	4.534624e-01	4.939975e-01	5.424508e-01	4.882460e-01	4.945079e-01	4.999874e-01	5.550886e-01	4.745519e-01	4.886693e-01	5.093511e-01	0.000000e+00	1	5.445921e-02
8.259366e-01	2.760176e-01	5.118558e-01	3.382881e-01	2.053220e-01	4.933518e-01	4.886142e-01	5.102952e-01	4.988425e-01	5.326789e-01	4.952933e-01	5.153436e-01	5.866277e-01	4.887390e-01	4.702084e-01	0.000000e+00	1	5.349109e-02
