1.043573e+00	1.907949e-04	3.082516e-03	1.880449e-03	1.163922e-04	3.464288e-01	4.916085e-01	5.069206e-01	4.873131e-01	5.332165e-01	3.706208e-01	5.259661e-01	4.795764e-01	4.959824e-01	5.276432e-01	0.000000e+00	1	1.000000e+14
2.131810e-27	1.620316e-15	1.002953e+00	1.000000e+00	1.000000e+00	4.868035e-01	5.052838e-01	5.061072e-01	5.088101e-01	5.142472e-01	4.928635e-01	5.359520e-01	4.828480e-01	4.937691e-01	4.724894e-01	0.000000e+00	1	1.000000e+14
1.619492e-15	2.925756e-24	1.002443e+00	1.000000e+00	1.150110e-09	5.070042e-01	5.053210e-01	4.961466e-01	4.978645e-01	5.040731e-01	5.120531e-01	5.267175e-01	4.693483e-01	4.774604e-01	4.951669e-01	0.000000e+00	1	1.000000e+14
1.267854e-12	1.017215e+00	1.325148e-03	8.293380e-04	1.000000e+00	4.059916e-01	5.175096e-01	5.061072e-01	4.228014e-01	5.160055e-01	5.070791e-01	4.998596e-01	4.691410e-01	4.923116e-01	4.724894e-01	0.000000e+00	1	1.000000e+14
1.862558e-01	9.825912e-01	4.360221e-17	2.775558e-17	8.807400e-01	5.033129e-01	5.050979e-01	5.030751e-01	4.980982e-01	4.996129e-01	5.049815e-01	4.976842e-01	4.976221e-01	4.990847e-01	4.987656e-01	0.000000e+00	1	1.000000e+14
1.316935e-15	9.972241e-16	1.022503e+00	1.000000e+00	4.126016e-01	5.342665e-01	4.270842e-01	5.134680e-01	4.795287e-01	6.018064e-01	5.041529e-01	5.521039e-01	4.757296e-01	5.355896e-01	4.785604e-01	0.000000e+00	1	1.000000e+14
8.057844e-01	5.762638e-01	1.584238e-01	1.009538e-01	3.952310e-01	5.033345e-01	5.051572e-01	4.900652e-01	4.981021e-01	5.278191e-01	5.466453e-01	4.906603e-01	4.984709e-01	4.952337e-01	5.051047e-01	0.000000e+00	1	1.401036e-01
8.727076e-01	4.052759e-02	5.024354e-01	3.322581e-01	2.954270e-02	4.836031e-01	4.868874e-01	4.813408e-01	4.978584e-01	5.633737e-01	4.931430e-01	5.062157e-01	5.084440e-01	5.533818e-01	5.020557e-01	0.000000e+00	1	1.264103e-01
7.515563e-01	1.262631e-01	6.616280e-01	4.551530e-01	1.059640e-01	4.730204e-01	4.983784e-01	5.100069e-01	4.887631e-01	5.809833e-01	5.088723e-01	5.301059e-01	4.753562e-01	4.959724e-01	4.900475e-01	0.000000e+00	1	1.240033e-01
9.782513e-01	2.623880e-01	1.220621e-01	7.635460e-02	1.668284e-01	5.203277e-01	4.923834e-01	4.813408e-01	5.988661e-01	5.631241e-01	5.331810e-01	5.611565e-01	5.052877e-01	4.734410e-01	5.022261e-01	0.000000e+00	1	1.184832e-01
4.624664e-01	5.365524e-01	7.127972e-01	5.019909e-01	5.471246e-01	5.019594e-01	5.023922e-01	5.023759e-01	4.680805e-01	5.384345e-01	5.290868e-01	4.982351e-01	4.933708e-01	5.167536e-01	4.650056e-01	0.000000e+00	1	1.153210e-01
1.736872e-01	1.690460e-01	9.736286e-01	8.446794e-01	4.913796e-01	5.034669e-01	5.024379e-01	4.694877e-01	4.979381e-01	4.997446e-01	5.466453e-01	4.926445e-01	4.929950e-01	4.952344e-01	4.906362e-01	0.000000e+00	1	1.105872e-01
5.240670e-01	8.570272e-01	1.855071e-02	1.175480e-02	6.506051e-01	4.674150e-01	4.954067e-01	4.955322e-01	5.004609e-01	4.740733e-01	5.455037e-01	5.274534e-01	4.923191e-01	5.002919e-01	4.914454e-01	0.000000e+00	1	1.066680e-01
3.096426e-01	2.344711e-01	9.366332e-01	7.497478e-01	4.126016e-01	5.334698e-01	4.980651e-01	5.134680e-01	4.795073e-01	6.018064e-01	5.041529e-01	5.290398e-01	4.757296e-01	5.135234e-01	4.842326e-01	0.000000e+00	1	1.033074e-01
2.328534e-01	9.032806e-01	4.076866e-01	2.623090e-01	8.393850e-01	6.083256e-01	5.046935e-01	5.098548e-01	4.717044e-01	5.083106e-01	5.504122e-01	5.107845e-01	4.674651e-01	5.344647e-01	5.195674e-01	0.000000e+00	1	9.872173e-02
4.009130e-02	9.342111e-01	3.769304e-01	2.439393e-01	9.726965e-01	4.744468e-01	4.936107e-01	5.192405e-01	4.907376e-01	4.934805e-01	4.910634e-01	5.248151e-01	5.688170e-01	5.368559e-01	5.141960e-01	0.000000e+00	1	9.634698e-02
8.292569e-01	1.056922e-01	5.534814e-01	3.723112e-01	8.070469e-02	5.029033e-01	4.975167e-01	4.666566e-01	4.966712e-01	4.990357e-01	4.938331e-01	4.955358e-01	5.108881e-01	5.166126e-01	5.315520e-01	0.000000e+00	1	9.144268e-02
6.667941e-01	6.675951e-01	3.450916e-01	2.232139e-01	5.003821e-01	4.837813e-01	4.983628e-01	5.341751e-01	4.809943e-01	4.936647e-01	5.417192e-01	5.247518e-01	4.795882e-01	4.951000e-01	5.072897e-01	0.000000e+00	1	9.137494e-02
9.975849e-01	5.166444e-02	6.834498e-02	4.348895e-02	3.294080e-02	4.808560e-01	4.930078e-01	5.099833e-01	4.885464e-01	4.986653e-01	4.907642e-01	4.931267e-01	5.216436e-01	4.989346e-01	5.026536e-01	0.000000e+00	1	9.134373e-02
3.821855e-01	4.830271e-01	8.089533e-01	5.857140e-01	5.738656e-01	5.252704e-01	4.888214e-01	5.130103e-01	4.745354e-01	5.288172e-01	5.025005e-01	5.079890e-01	4.588463e-01	5.371539e-01	6.058160e-01	0.000000e+00	1	9.092196e-02
7.820151e-01	1.322015e-01	6.435823e-01	4.339794e-01	1.066141e-01	6.083256e-01	5.041487e-01	5.099877e-01	4.699514e-01	5.775344e-01	4.997356e-01	5.261410e-01	4.754375e-01	5.344647e-01	5.119337e-01	0.000000e+00	1	8.984909e-02
6.028670e-01	7.547584e-01	3.046795e-01	1.945095e-01	5.709301e-01	4.793559e-01	4.960886e-01	5.004998e-01	4.885240e-01	6.025210e-01	4.914296e-01	5.217742e-01	5.343329e-01	4.913330e-01	5.009015e-01	0.000000e+00	1	8.954467e-02
6.224784e-01	7.036075e-01	3.563452e-01	2.308068e-01	5.388995e-01	4.837813e-01	4.983628e-01	5.341751e-01	4.809943e-01	4.941044e-01	5.417192e-01	5.263119e-01	4.795882e-01	4.951000e-01	5.069283e-01	0.000000e+00	1	8.861270e-02
3.403448e-02	5.175731e-01	8.649243e-01	6.561010e-01	9.581975e-01	4.829509e-01	4.888214e-01	5.234347e-01	5.065990e-01	5.063665e-01	5.025005e-01	4.970320e-01	4.588463e-01	5.117968e-01	5.750604e-01	0.000000e+00	1	8.718243e-02
6.987106e-01	6.829694e-01	2.622057e-01	1.669120e-01	4.927474e-01	4.361592e-01	4.983628e-01	5.766499e-01	4.815628e-01	5.313046e-01	5.005864e-01	5.159312e-01	4.949605e-01	4.951000e-01	5.072897e-01	0.000000e+00	1	8.700337e-02
6.106894e-03	1.995107e-01	9.871037e-01	8.729807e-01	9.805196e-01	4.837813e-01	4.986614e-01	5.418344e-01	4.809943e-01	5.424531e-01	5.417192e-01	5.260219e-01	4.795882e-01	4.951008e-01	5.067813e-01	0.000000e+00	1	8.694496e-02
4.424538e-02	8.246204e-01	5.690220e-01	3.840976e-01	9.658746e-01	5.029033e-01	4.861972e-01	4.666566e-01	4.966712e-01	4.997066e-01	4.938094e-01	4.953505e-01	4.988137e-01	5.139493e-01	5.359065e-01	0.000000e+00	1	8.577408e-02
3.502761e-01	8.957057e-01	3.765891e-01	2.375938e-01	7.626827e-01	5.827294e-01	5.017132e-01	5.099079e-01	6.008862e-01	6.144661e-01	5.005046e-01	5.261410e-01	4.754375e-01	5.346293e-01	5.122024e-01	0.000000e+00	1	8.433605e-02
8.302919e-01	5.432547e-01	1.434395e-01	9.139876e-02	3.688496e-01	5.033345e-01	5.060982e-01	4.900652e-01	4.897174e-01	5.119694e-01	5.447778e-01	4.906603e-01	4.984709e-01	4.952337e-01	5.051047e-01	0.000000e+00	1	8.175352e-02
4.330874e-01	8.279155e-02	9.077263e-01	7.121305e-01	1.202492e-01	5.020193e-01	4.977859e-01	5.129464e-01	4.784119e-01	5.204197e-01	5.659722e-01	5.163625e-01	4.836526e-01	5.566057e-01	4.996195e-01	0.000000e+00	1	8.074069e-02
3.967171e-01	4.750976e-01	7.904203e-01	5.770740e-01	5.570818e-01	5.259789e-01	4.854096e-01	5.004998e-01	4.671723e-01	5.209256e-01	4.902483e-01	5.261561e-01	5.131775e-01	4.913330e-01	4.777755e-01	0.000000e+00	1	8.063794e-02
9.531869e-01	1.449441e-03	3.225588e-01	2.077313e-01	9.680596e-04	5.013625e-01	4.983922e-01	4.962821e-01	5.005824e-01	5.004379e-01	5.120531e-01	5.539280e-01	5.425412e-01	4.704826e-01	5.230807e-01	0.000000e+00	1	8.062545e-02
7.838039e-02	6.251046e-01	7.874859e-01	5.704413e-01	9.205902e-01	5.363243e-01	4.944678e-01	4.665404e-01	4.820489e-01	5.379784e-01	5.290868e-01	4.953766e-01	5.045001e-01	5.461969e-01	4.650056e-01	0.000000e+00	1	7.990174e-02
2.846805e-01	3.329470e-01	9.018185e-01	7.121305e-01	5.496498e-01	5.020193e-01	4.977859e-01	5.098740e-01	4.784915e-01	5.204197e-01	4.941217e-01	5.290178e-01	4.825115e-01	5.115678e-01	5.167627e-01	0.000000e+00	1	7.809134e-02
7.089447e-01	7.184007e-01	4.558911e-02	2.873575e-02	5.042175e-01	4.882559e-01	4.808348e-01	4.482567e-01	5.568719e-01	5.032126e-01	5.014268e-01	5.100906e-01	4.444858e-01	4.757285e-01	5.116060e-01	0.000000e+00	1	7.776209e-02
3.577588e-01	9.185653e-01	2.220255e-01	1.410321e-01	7.635589e-01	5.605881e-01	5.058367e-01	5.100713e-01	5.249114e-01	5.614294e-01	4.899554e-01	5.122076e-01	4.978092e-01	5.335682e-01	4.702084e-01	0.000000e+00	1	7.658209e-02
1.347379e-01	7.334619e-01	6.744038e-01	4.680505e-01	8.843416e-01	5.020925e-01	5.024379e-01	5.081174e-01	4.997228e-01	5.326789e-01	4.932415e-01	5.258828e-01	4.406200e-01	4.934248e-01	4.948316e-01	0.000000e+00	1	7.596677e-02
2.188455e-01	7.906484e-01	6.089518e-01	4.065096e-01	8.280924e-01	4.739232e-01	4.757201e-01	5.099901e-01	4.675984e-01	3.699257e-01	5.316909e-01	5.115216e-01	4.910488e-01	5.321459e-01	5.098046e-01	0.000000e+00	1	7.513090e-02
5.795534e-02	9.864259e-01	1.652236e-01	1.054728e-01	9.626397e-01	5.029033e-01	4.861972e-01	5.136685e-01	4.894119e-01	4.997066e-01	4.938094e-01	4.985601e-01	4.988137e-01	4.959827e-01	5.359065e-01	0.000000e+00	1	7.510330e-02
6.856419e-01	4.632992e-01	5.838997e-01	3.911958e-01	3.783058e-01	5.202736e-01	4.923834e-01	4.813408e-01	5.561764e-01	5.631241e-01	5.332146e-01	5.542212e-01	5.081764e-01	4.756663e-01	5.101849e-01	0.000000e+00	1	7.493608e-02
5.221341e-01	6.180501e-01	6.048927e-01	4.086991e-01	5.534287e-01	5.378465e-01	4.904003e-01	4.980272e-01	5.453030e-01	5.186877e-01	5.314853e-01	5.237271e-01	4.731730e-01	5.623548e-01	5.104128e-01	0.000000e+00	1	7.294105e-02
8.367213e-01	3.799176e-01	4.439263e-01	2.864961e-01	2.713407e-01	4.396648e-01	6.085431e-01	4.790902e-01	5.093831e-01	5.340445e-01	4.858169e-01	4.876617e-01	4.845375e-01	4.524796e-01	4.757655e-01	0.000000e+00	1	7.231315e-02
5.920289e-01	7.802436e-01	2.665120e-01	1.691355e-01	5.867745e-01	4.361592e-01	4.983628e-01	5.860897e-01	5.326062e-01	4.936548e-01	5.416811e-01	5.153546e-01	4.800763e-01	4.951000e-01	5.072897e-01	0.000000e+00	1	7.121962e-02
5.770154e-01	7.148099e-01	4.421148e-01	2.855573e-01	5.676502e-01	6.091569e-01	4.982810e-01	5.407373e-01	4.836748e-01	4.776227e-01	4.432454e-01	5.217616e-01	5.370603e-01	4.910790e-01	4.996725e-01	0.000000e+00	1	7.070640e-02
3.249244e-01	4.111596e-01	8.738602e-01	6.561010e-01	5.742440e-01	4.829509e-01	4.888214e-01	5.130103e-01	5.473666e-01	5.428517e-01	5.025005e-01	4.971375e-01	4.588463e-01	5.371539e-01	6.058160e-01	0.000000e+00	1	6.878355e-02
8.983923e-01	4.414687e-01	1.924154e-01	1.208983e-01	2.907715e-01	5.547026e-01	6.085431e-01	5.110883e-01	5.255692e-01	5.340737e-01	4.970833e-01	5.421438e-01	4.845375e-01	4.966652e-01	4.759122e-01	0.000000e+00	1	6.855019e-02
5.625238e-01	9.193867e-02	8.315922e-01	6.174733e-01	1.031370e-01	4.836031e-01	5.043609e-01	4.813408e-01	5.495088e-01	5.631241e-01	5.324188e-01	5.065843e-01	5.033366e-01	5.001333e-01	5.022030e-01	0.000000e+00	1	6.800873e-02
2.498191e-01	2.501192e-01	9.402269e-01	7.710508e-01	5.003821e-01	5.079859e-01	4.982810e-01	5.341751e-01	4.809943e-01	4.936647e-01	5.426014e-01	5.247518e-01	4.795882e-01	5.027429e-01	4.996725e-01	0.000000e+00	1	6.759036e-02
9.103144e-01	1.322420e-01	4.485631e-01	2.888400e-01	9.183973e-02	5.029033e-01	4.874404e-01	4.666566e-01	5.122105e-01	4.997066e-01	3.754186e-01	4.955358e-01	5.718662e-01	4.952398e-01	5.354334e-01	0.000000e+00	1	6.754523e-02
4.483846e-01	5.202147e-01	7.392506e-01	5.234120e-01	5.471246e-01	5.363243e-01	4.944678e-01	5.144155e-01	4.820489e-01	5.379784e-01	5.290868e-01	4.976843e-01	5.045001e-01	4.398156e-01	4.650056e-01	0.000000e+00	1	6.605710e-02
9.970647e-01	1.072779e-01	1.815426e-01	1.140139e-01	6.823382e-02	4.927075e-01	4.054217e-01	4.513215e-01	5.638734e-01	5.440041e-01	4.935901e-01	5.058841e-01	4.707692e-01	4.717148e-01	5.022631e-01	0.000000e+00	1	6.534244e-02
1.862369e-01	9.824914e-01	4.233898e-02	2.693810e-02	8.807400e-01	4.861711e-01	5.049693e-01	5.030751e-01	4.974119e-01	4.998625e-01	4.907659e-01	5.236877e-01	5.014423e-01	4.992477e-01	4.987656e-01	0.000000e+00	1	6.399128e-02
3.727982e-01	4.377100e-01	8.376675e-01	6.170602e-01	5.508769e-01	5.020193e-01	4.982061e-01	5.090302e-01	5.484562e-01	5.845562e-01	4.926038e-01	4.278714e-01	4.825115e-01	4.761450e-01	5.167627e-01	0.000000e+00	1	6.362224e-02
5.135495e-01	6.517978e-01	5.717759e-01	3.840976e-01	5.751726e-01	5.029033e-01	4.861972e-01	4.562322e-01	5.374389e-01	5.361918e-01	4.938094e-01	4.954560e-01	4.988137e-01	5.393064e-01	5.359065e-01	0.000000e+00	1	6.351027e-02
6.084524e-01	2.998764e-01	7.575625e-01	5.350901e-01	2.915159e-01	4.938159e-01	4.868054e-01	6.011200e-01	5.092214e-01	5.320184e-01	4.824153e-01	4.876449e-01	4.772907e-01	5.614208e-01	4.759122e-01	0.000000e+00	1	6.203793e-02
1.500887e-01	3.647458e-01	9.198600e-01	7.421251e-01	7.514821e-01	5.019935e-01	4.972407e-01	5.136650e-01	4.974467e-01	4.996120e-01	5.037650e-01	5.240432e-01	4.958530e-01	5.020749e-01	5.059259e-01	0.000000e+00	1	6.146803e-02
