3.640952e-29	1.619083e-15	1.002190e+00	1.000000e+00	1.000000e+00	5.255037e-01	5.053221e-01	4.987341e-01	5.114721e-01	4.935763e-01	4.785296e-01	5.260250e-01	4.970147e-01	4.872131e-01	4.948495e-01	0.000000e+00	1	1.000000e+14
1.003702e+00	3.365249e-05	3.090576e-04	1.960265e-04	2.134482e-05	4.907156e-01	4.978295e-01	5.101026e-01	4.608576e-01	4.924711e-01	5.146826e-01	5.120037e-01	4.935686e-01	4.823127e-01	5.347334e-01	0.000000e+00	1	1.000000e+14
1.625815e-15	6.134288e-25	1.006357e+00	1.000000e+00	2.402001e-10	5.016313e-01	4.919730e-01	5.054298e-01	5.727051e-01	4.948831e-01	5.120531e-01	5.267175e-01	4.919723e-01	5.012397e-01	4.951669e-01	0.000000e+00	1	1.000000e+14
1.121650e-15	1.215113e-15	1.023595e+00	1.000000e+00	5.254492e-01	5.249301e-01	5.060390e-01	5.082029e-01	4.258672e-01	5.277900e-01	4.632216e-01	6.223590e-01	4.941539e-01	4.916563e-01	4.868413e-01	0.000000e+00	1	1.000000e+14
1.862558e-01	9.825912e-01	4.360221e-17	2.775558e-17	8.807400e-01	5.033129e-01	5.050979e-01	5.030751e-01	4.980982e-01	4.996129e-01	5.049815e-01	4.976842e-01	4.976221e-01	4.990847e-01	4.987656e-01	0.000000e+00	1	1.000000e+14
2.111210e-02	1.003281e+00	1.967263e-02	1.247867e-02	9.866055e-01	5.032361e-01	5.005428e-01	5.069112e-01	5.055266e-01	4.518974e-01	4.847368e-01	5.196062e-01	4.806607e-01	4.896398e-01	4.860761e-01	0.000000e+00	1	1.000000e+14
5.462344e-01	1.038377e-01	8.360477e-01	6.263774e-01	1.195928e-01	5.461471e-01	4.854096e-01	5.130425e-01	5.023385e-01	4.899473e-01	4.887412e-01	5.267140e-01	4.834332e-01	4.820568e-01	5.009722e-01	0.000000e+00	1	1.868685e-01
8.671463e-01	2.178596e-01	4.856033e-01	3.167488e-01	1.566995e-01	5.264327e-01	5.856226e-01	4.771983e-01	4.702573e-01	5.330670e-01	5.527682e-01	5.330582e-01	5.210292e-01	5.454942e-01	4.767943e-01	0.000000e+00	1	1.778373e-01
6.756549e-01	7.122967e-01	2.836408e-01	1.790487e-01	5.168028e-01	5.911902e-01	4.993626e-01	5.065147e-01	5.035544e-01	3.904698e-01	4.850704e-01	4.788220e-01	4.747780e-01	4.960308e-01	4.847535e-01	0.000000e+00	1	1.721150e-01
4.665059e-01	4.481151e-01	7.694470e-01	5.549624e-01	4.872009e-01	4.842525e-01	5.200452e-01	5.018198e-01	4.597478e-01	5.276994e-01	4.612499e-01	4.771892e-01	4.988692e-01	4.903620e-01	5.084515e-01	0.000000e+00	1	1.586998e-01
1.982002e-01	1.384560e-01	9.712187e-01	8.446794e-01	3.881875e-01	5.034669e-01	5.021784e-01	5.068519e-01	4.979727e-01	5.111341e-01	4.798826e-01	5.006537e-01	5.123259e-01	4.952344e-01	4.906362e-01	0.000000e+00	1	1.440923e-01
4.404878e-01	5.280518e-01	7.301471e-01	5.190745e-01	5.573996e-01	5.254294e-01	4.854096e-01	4.860789e-01	4.846720e-01	5.240579e-01	5.064519e-01	5.261561e-01	5.148296e-01	4.872619e-01	5.034690e-01	0.000000e+00	1	1.284410e-01
3.180096e-01	3.502761e-01	8.838809e-01	6.871328e-01	5.307137e-01	4.866602e-01	5.007228e-01	5.151405e-01	4.979949e-01	5.288739e-01	4.823204e-01	4.935841e-01	5.112927e-01	4.846105e-01	5.238277e-01	0.000000e+00	1	1.280299e-01
1.282228e-01	8.087397e-01	5.873487e-01	3.961288e-01	8.998994e-01	4.816225e-01	5.035376e-01	4.954881e-01	4.976604e-01	5.311771e-01	4.624354e-01	4.947530e-01	4.754760e-01	5.561512e-01	5.341894e-01	0.000000e+00	1	1.255445e-01
2.232281e-01	8.844007e-01	4.294297e-01	2.801201e-01	8.426009e-01	5.014036e-01	5.841639e-01	5.035645e-01	4.980937e-01	5.097227e-01	4.873409e-01	5.267337e-01	4.944047e-01	4.935935e-01	5.050500e-01	0.000000e+00	1	1.249530e-01
8.629192e-01	2.587712e-01	4.601577e-01	3.006361e-01	1.854764e-01	4.889333e-01	4.974081e-01	4.489507e-01	4.461750e-01	5.033842e-01	4.785886e-01	4.892682e-01	5.708156e-01	4.894544e-01	4.839432e-01	0.000000e+00	1	1.219486e-01
3.455292e-01	8.833770e-01	3.505278e-01	2.253482e-01	7.626362e-01	5.056437e-01	4.854096e-01	5.034497e-01	4.843651e-01	5.842278e-01	4.920966e-01	5.251285e-01	4.704798e-01	4.747032e-01	5.379951e-01	0.000000e+00	1	1.185679e-01
1.715214e-01	1.711126e-01	9.732581e-01	8.446794e-01	4.992405e-01	5.026217e-01	5.021784e-01	4.695017e-01	4.718024e-01	5.111341e-01	4.798826e-01	4.926445e-01	4.929950e-01	4.952344e-01	5.238613e-01	0.000000e+00	1	1.109360e-01
9.145709e-01	1.430053e-02	4.128775e-01	2.699320e-01	9.953582e-03	5.247808e-01	4.964004e-01	5.096652e-01	4.822105e-01	4.930165e-01	4.954402e-01	5.334942e-01	5.244828e-01	4.820390e-01	4.800124e-01	0.000000e+00	1	1.095625e-01
3.282058e-01	9.277043e-01	2.270124e-01	1.443379e-01	7.835233e-01	5.712210e-01	5.072889e-01	5.034665e-01	4.859641e-01	5.347590e-01	4.626972e-01	5.261313e-01	4.758998e-01	5.260175e-01	5.045437e-01	0.000000e+00	1	1.078386e-01
4.066507e-01	8.403718e-01	3.851684e-01	2.491048e-01	7.130883e-01	5.056437e-01	4.854096e-01	5.034497e-01	4.843651e-01	5.849658e-01	4.920966e-01	5.251285e-01	4.705542e-01	4.747032e-01	5.013056e-01	0.000000e+00	1	1.069808e-01
9.768750e-01	3.907943e-01	2.132072e-02	1.289875e-02	2.422628e-01	6.039366e-01	5.005059e-01	5.765647e-01	4.536156e-01	4.517610e-01	4.971802e-01	5.861587e-01	6.471587e-01	5.403133e-01	5.224307e-01	0.000000e+00	1	1.062213e-01
2.781528e-01	3.134674e-01	9.242203e-01	7.289812e-01	5.379557e-01	4.868450e-01	5.843099e-01	4.984106e-01	4.680107e-01	5.316086e-01	5.145417e-01	5.654440e-01	5.165474e-01	5.228817e-01	4.858749e-01	0.000000e+00	1	9.468605e-02
6.431910e-02	7.430449e-01	6.828806e-01	4.719712e-01	9.450302e-01	4.812219e-01	4.914160e-01	4.856536e-01	4.976417e-01	5.851095e-01	4.624354e-01	5.263764e-01	5.087106e-01	5.338655e-01	5.039229e-01	0.000000e+00	1	9.435810e-02
6.149763e-01	5.975213e-01	5.168278e-01	3.453260e-01	4.908360e-01	5.008242e-01	5.021784e-01	4.986467e-01	4.979381e-01	4.904874e-01	4.799162e-01	4.748099e-01	4.971275e-01	4.964231e-01	5.027681e-01	0.000000e+00	1	9.308584e-02
6.437229e-01	7.567888e-01	1.396706e-01	8.891312e-02	5.512843e-01	4.691850e-01	5.053210e-01	4.663566e-01	4.978589e-01	5.033692e-01	5.128625e-01	5.267175e-01	4.919723e-01	4.856304e-01	4.948275e-01	0.000000e+00	1	8.930586e-02
1.844937e-01	5.026374e-01	8.454111e-01	6.405838e-01	7.760475e-01	5.041060e-01	5.048519e-01	5.018475e-01	4.929075e-01	4.830701e-01	4.971029e-01	4.943352e-01	5.121152e-01	4.886157e-01	5.018002e-01	0.000000e+00	1	8.881826e-02
2.892783e-01	8.746822e-01	4.023654e-01	2.621465e-01	7.966635e-01	4.968101e-01	4.974680e-01	5.044537e-01	4.859641e-01	5.538353e-01	4.620963e-01	5.261313e-01	5.047914e-01	4.960645e-01	5.045437e-01	0.000000e+00	1	8.619265e-02
7.714890e-01	6.237705e-01	2.187275e-01	1.381436e-01	4.328501e-01	4.915453e-01	5.047919e-01	5.072640e-01	4.585922e-01	4.923410e-01	5.158478e-01	6.156715e-01	5.146964e-01	4.874769e-01	5.034690e-01	0.000000e+00	1	8.588204e-02
3.929664e-01	6.221904e-02	9.191871e-01	7.399453e-01	9.996725e-02	5.009419e-01	4.992529e-01	5.065147e-01	5.035544e-01	5.019637e-01	4.841964e-01	4.903503e-01	4.747780e-01	4.960308e-01	4.766994e-01	0.000000e+00	1	8.563071e-02
5.339010e-01	6.400344e-01	5.562422e-01	3.746442e-01	5.573996e-01	5.254294e-01	4.857325e-01	5.019936e-01	4.846720e-01	5.240579e-01	5.064519e-01	4.944613e-01	5.148296e-01	5.086919e-01	5.034690e-01	0.000000e+00	1	8.059151e-02
5.412484e-01	4.376145e-01	7.390395e-01	5.190745e-01	4.328501e-01	5.254959e-01	4.854096e-01	4.860789e-01	4.846720e-01	4.900606e-01	5.064519e-01	6.156715e-01	5.146964e-01	4.872619e-01	5.034690e-01	0.000000e+00	1	8.049467e-02
6.434411e-01	7.807856e-01	5.898714e-02	3.707421e-02	5.612028e-01	5.987031e-01	4.931550e-01	5.065147e-01	4.775407e-01	4.975891e-01	4.841964e-01	5.135186e-01	4.747780e-01	4.960308e-01	5.452120e-01	0.000000e+00	1	7.868271e-02
4.260508e-02	7.763458e-01	6.387163e-01	4.378067e-01	9.650980e-01	4.812219e-01	5.050869e-01	4.954709e-01	5.365056e-01	5.304391e-01	4.643114e-01	5.142425e-01	4.754016e-01	4.945469e-01	5.381360e-01	0.000000e+00	1	7.861112e-02
1.563086e-01	8.406867e-01	5.272025e-01	3.517291e-01	8.829699e-01	5.342571e-01	5.052656e-01	4.911784e-01	4.911076e-01	5.311771e-01	4.624354e-01	5.265731e-01	4.940874e-01	4.948097e-01	4.933072e-01	0.000000e+00	1	7.572026e-02
5.859425e-01	8.201826e-01	9.817405e-02	6.180966e-02	6.050866e-01	5.253329e-01	4.997629e-01	4.863376e-01	4.976377e-01	4.948004e-01	4.808903e-01	6.037340e-01	4.755465e-01	4.872619e-01	4.978566e-01	0.000000e+00	1	7.507660e-02
2.144051e-02	8.106296e-01	6.236818e-01	4.173807e-01	9.831658e-01	5.364987e-01	5.053210e-01	4.639520e-01	4.418753e-01	5.446609e-01	5.123997e-01	6.204408e-01	4.905796e-01	4.856304e-01	4.948275e-01	0.000000e+00	1	7.372986e-02
6.858151e-01	4.909778e-01	5.401792e-01	3.626361e-01	3.955448e-01	5.052633e-01	5.025932e-01	5.068519e-01	4.979727e-01	4.922482e-01	4.917257e-01	5.006537e-01	5.123259e-01	4.662041e-01	4.906362e-01	0.000000e+00	1	7.342399e-02
2.783840e-01	3.066299e-01	9.127823e-01	7.288352e-01	5.307137e-01	4.866602e-01	4.992529e-01	5.065147e-01	5.035544e-01	5.288739e-01	4.841964e-01	5.135186e-01	4.747780e-01	4.960308e-01	4.861751e-01	0.000000e+00	1	7.321782e-02
5.261404e-01	4.860149e-01	7.035960e-01	4.943202e-01	4.747753e-01	4.617379e-01	4.980013e-01	5.018198e-01	4.722957e-01	5.032292e-01	4.956787e-01	5.313860e-01	5.123586e-01	5.235680e-01	5.084515e-01	0.000000e+00	1	7.288635e-02
8.078955e-01	5.836638e-01	2.085093e-01	1.312906e-01	3.982913e-01	4.691850e-01	5.053210e-01	4.663566e-01	4.978589e-01	5.033692e-01	5.123997e-01	6.251091e-01	4.907329e-01	4.856304e-01	4.948275e-01	0.000000e+00	1	7.225038e-02
9.395092e-01	3.357417e-01	1.094330e-01	6.954996e-02	2.184976e-01	4.669433e-01	5.052656e-01	4.935830e-01	4.978283e-01	5.047594e-01	4.624354e-01	5.312414e-01	4.942406e-01	4.948097e-01	4.933072e-01	0.000000e+00	1	7.133594e-02
5.000086e-01	5.613619e-01	6.692958e-01	4.631002e-01	5.367594e-01	5.756521e-01	4.959816e-01	4.829931e-01	4.905710e-01	4.988329e-01	4.903397e-01	4.968968e-01	5.122647e-01	4.877134e-01	4.986583e-01	0.000000e+00	1	7.122783e-02
7.159830e-01	5.369297e-01	4.571237e-01	3.006361e-01	4.096328e-01	5.130854e-01	5.049075e-01	4.938925e-01	4.411930e-01	5.033645e-01	4.990194e-01	5.214256e-01	5.050561e-01	4.814482e-01	4.800124e-01	0.000000e+00	1	7.015694e-02
9.616134e-02	7.682107e-01	6.359988e-01	4.378067e-01	9.207230e-01	4.812219e-01	4.893888e-01	4.954709e-01	4.964211e-01	5.043891e-01	4.643114e-01	5.014573e-01	5.108592e-01	4.945469e-01	4.988192e-01	0.000000e+00	1	6.920284e-02
6.821545e-01	7.445820e-01	2.449364e-01	1.514893e-01	5.278378e-01	4.813850e-01	3.507270e-01	4.509817e-01	4.982085e-01	5.350248e-01	4.836087e-01	5.500726e-01	4.820085e-01	5.338339e-01	4.072909e-01	0.000000e+00	1	6.842335e-02
1.580180e-01	9.899054e-01	3.189249e-02	2.024718e-02	8.992270e-01	5.039831e-01	4.992529e-01	5.033765e-01	5.061643e-01	4.543617e-01	4.816764e-01	4.940895e-01	5.112927e-01	4.896640e-01	4.861556e-01	0.000000e+00	1	6.639999e-02
7.216211e-01	5.771805e-01	4.191310e-01	2.710893e-01	4.294908e-01	5.815302e-01	5.841639e-01	5.035645e-01	4.980406e-01	5.095879e-01	4.977086e-01	5.267337e-01	4.944047e-01	4.929953e-01	5.050500e-01	0.000000e+00	1	6.544594e-02
2.466249e-01	3.479351e-01	9.113914e-01	7.213689e-01	6.074450e-01	4.859132e-01	5.005428e-01	5.228634e-01	4.825384e-01	5.264096e-01	5.475616e-01	5.196062e-01	4.775469e-01	5.353252e-01	4.892012e-01	0.000000e+00	1	6.486382e-02
6.648718e-01	3.232173e-01	6.803631e-01	4.735979e-01	2.880667e-01	4.722261e-01	4.849894e-01	4.855776e-01	4.965194e-01	5.399996e-01	4.984525e-01	5.246655e-01	5.076412e-01	5.345880e-01	5.039531e-01	0.000000e+00	1	6.480055e-02
8.322263e-01	5.616794e-01	1.968304e-02	1.247867e-02	3.779542e-01	5.032361e-01	5.004520e-01	5.205102e-01	4.812431e-01	4.477487e-01	4.880133e-01	5.211893e-01	5.048398e-01	4.901760e-01	5.009853e-01	0.000000e+00	1	6.436038e-02
7.112968e-01	3.466143e-01	6.646445e-01	4.447760e-01	2.886659e-01	5.275742e-01	4.833029e-01	5.047606e-01	3.840205e-01	5.456864e-01	4.797751e-01	6.223590e-01	4.942800e-01	5.365128e-01	5.038715e-01	0.000000e+00	1	6.345991e-02
6.731588e-01	4.972040e-02	7.552382e-01	5.356813e-01	4.693635e-02	4.779703e-01	4.207409e-01	5.099430e-01	4.871334e-01	5.106244e-01	4.987610e-01	5.599544e-01	5.404432e-01	4.983869e-01	5.231834e-01	0.000000e+00	1	6.308483e-02
7.434471e-01	6.688445e-01	1.422418e-02	9.054485e-03	4.664026e-01	5.056484e-01	5.050979e-01	4.945409e-01	4.981043e-01	4.994877e-01	5.053082e-01	4.976842e-01	4.976221e-01	4.985299e-01	4.987656e-01	0.000000e+00	1	6.212141e-02
5.057813e-03	8.227862e-01	5.800928e-01	3.909406e-01	9.960866e-01	5.251499e-01	4.872605e-01	5.036281e-01	4.406591e-01	4.935763e-01	4.785296e-01	5.260589e-01	4.678770e-01	4.872131e-01	4.948495e-01	0.000000e+00	1	6.175680e-02
8.301820e-02	6.632131e-01	7.594825e-01	5.405593e-01	9.207230e-01	4.812219e-01	4.914160e-01	4.911784e-01	4.976417e-01	5.855430e-01	4.624354e-01	5.265082e-01	4.754760e-01	5.338655e-01	5.045520e-01	0.000000e+00	1	6.131191e-02
