5.446381e-15	1.010403e+00	7.848993e-02	4.935463e-02	1.000000e+00	5.253352e-01	4.841700e-01	5.125467e-01	5.112562e-01	4.906728e-01	4.882608e-01	4.952971e-01	5.161179e-01	4.734297e-01	6.051580e-01	0.000000e+00	1	1.000000e+14
8.735630e-30	1.620620e-15	1.003141e+00	1.000000e+00	1.000000e+00	5.253352e-01	4.841700e-01	5.157066e-01	5.112562e-01	4.906728e-01	4.885842e-01	5.260250e-01	5.155970e-01	4.734297e-01	4.943753e-01	0.000000e+00	1	1.000000e+14
2.874233e-01	9.578959e-01	4.360221e-17	2.775558e-17	8.144196e-01	5.033129e-01	5.050979e-01	5.030751e-01	4.980982e-01	4.996129e-01	5.049815e-01	4.976842e-01	4.976221e-01	4.990847e-01	4.987656e-01	0.000000e+00	1	1.000000e+14
1.302751e-15	9.841291e-16	1.010612e+00	1.000000e+00	4.118696e-01	5.106099e-01	4.849823e-01	5.863607e-01	4.968270e-01	4.906728e-01	4.885842e-01	5.258212e-01	4.576079e-01	4.903777e-01	4.943753e-01	0.000000e+00	1	1.000000e+14
1.624760e-15	6.130307e-25	1.005704e+00	1.000000e+00	2.402001e-10	5.021368e-01	4.919730e-01	5.054298e-01	5.727051e-01	4.948831e-01	5.120531e-01	4.946682e-01	4.928081e-01	5.066755e-01	4.951669e-01	0.000000e+00	1	1.000000e+14
1.000163e+00	1.247771e-02	4.360888e-17	2.775558e-17	7.941845e-03	5.033129e-01	5.069611e-01	5.107131e-01	4.980982e-01	4.949212e-01	5.050333e-01	4.976842e-01	4.978951e-01	4.990847e-01	4.987013e-01	0.000000e+00	1	1.000000e+14
5.470662e-01	5.495015e-01	6.534693e-01	4.458092e-01	5.014138e-01	5.006393e-01	5.232328e-01	4.715804e-01	4.555162e-01	5.304741e-01	5.575738e-01	5.280442e-01	4.268401e-01	4.840066e-01	5.080364e-01	0.000000e+00	1	1.720946e-01
5.841164e-01	3.624339e-01	7.356388e-01	5.215616e-01	3.535430e-01	5.092343e-01	4.938170e-01	5.023485e-01	4.983946e-01	5.370718e-01	4.982757e-01	5.723666e-01	4.977204e-01	4.938383e-01	4.932923e-01	0.000000e+00	1	1.610574e-01
7.784295e-01	5.821564e-01	2.627579e-01	1.680719e-01	4.087928e-01	5.362136e-01	5.004219e-01	5.020970e-01	5.329461e-01	5.439191e-01	4.881399e-01	5.414715e-01	5.077760e-01	4.750647e-01	4.927170e-01	0.000000e+00	1	1.184923e-01
6.272998e-01	5.285692e-01	5.805316e-01	3.920813e-01	4.457537e-01	5.095161e-01	5.232328e-01	5.074314e-01	4.503903e-01	5.090030e-01	4.946187e-01	5.358114e-01	4.824513e-01	4.945393e-01	5.080340e-01	0.000000e+00	1	1.160896e-01
3.486144e-01	8.985388e-01	3.474960e-01	2.202969e-01	7.643864e-01	4.640832e-01	5.869568e-01	4.575779e-01	5.328545e-01	5.077790e-01	5.577986e-01	5.842304e-01	5.075160e-01	4.855130e-01	5.451112e-01	0.000000e+00	1	1.100379e-01
7.599098e-01	2.270770e-01	6.185443e-01	4.216722e-01	1.848583e-01	5.035762e-01	4.454631e-01	5.043566e-01	5.115259e-01	5.436751e-01	5.037051e-01	5.233779e-01	5.092845e-01	4.948435e-01	4.912970e-01	0.000000e+00	1	1.079028e-01
2.536906e-01	1.921895e-01	9.550007e-01	7.952054e-01	4.127404e-01	4.370084e-01	5.005399e-01	5.185856e-01	4.838388e-01	5.084821e-01	4.881298e-01	5.263802e-01	5.202548e-01	5.268942e-01	5.046768e-01	0.000000e+00	1	1.066437e-01
8.552142e-01	1.309737e-01	5.091179e-01	3.386074e-01	9.674490e-02	5.032361e-01	4.998422e-01	5.065506e-01	4.627449e-01	4.862443e-01	4.878272e-01	4.878560e-01	4.565798e-01	4.943171e-01	5.046768e-01	0.000000e+00	1	1.049581e-01
5.286872e-01	8.093856e-01	3.080752e-01	1.963943e-01	6.316400e-01	5.536859e-01	5.154174e-01	4.755666e-01	4.969444e-01	5.014844e-01	4.989386e-01	4.756032e-01	4.953168e-01	5.465322e-01	4.097587e-01	0.000000e+00	1	1.046880e-01
2.568817e-01	7.431265e-02	9.670481e-01	8.282495e-01	1.792722e-01	5.036695e-01	5.006454e-01	5.052779e-01	4.966212e-01	5.300826e-01	5.069553e-01	5.262135e-01	4.988912e-01	4.869330e-01	5.384070e-01	0.000000e+00	1	1.014610e-01
8.156371e-01	4.772749e-01	3.898483e-01	2.490851e-01	3.370477e-01	5.006393e-01	4.314306e-01	4.674466e-01	5.801702e-01	4.825733e-01	5.575738e-01	5.280442e-01	4.268401e-01	4.838943e-01	5.080386e-01	0.000000e+00	1	9.895725e-02
4.614821e-01	4.024126e-01	7.946774e-01	5.820674e-01	4.565383e-01	4.676621e-01	5.008901e-01	5.130787e-01	4.985816e-01	4.958930e-01	5.139574e-01	5.264632e-01	4.900553e-01	5.272509e-01	5.151224e-01	0.000000e+00	1	9.820325e-02
8.974992e-02	4.542366e-01	8.896148e-01	6.944928e-01	8.758136e-01	5.021720e-01	4.896853e-01	4.894696e-01	5.106202e-01	4.959150e-01	4.855825e-01	5.261084e-01	4.933179e-01	5.399433e-01	4.961435e-01	0.000000e+00	1	9.764728e-02
9.728560e-01	2.729386e-01	2.820623e-02	1.776689e-02	1.741297e-01	4.936426e-01	5.045762e-01	4.833157e-01	4.980982e-01	4.949212e-01	5.050333e-01	4.979105e-01	4.518100e-01	4.869389e-01	5.889934e-01	0.000000e+00	1	9.700872e-02
5.355074e-02	5.044683e-01	8.660661e-01	6.626683e-01	9.326731e-01	5.278410e-01	4.883966e-01	4.989391e-01	4.821903e-01	4.917107e-01	4.800984e-01	5.045870e-01	5.155970e-01	4.635553e-01	4.794819e-01	0.000000e+00	1	9.547191e-02
3.106583e-01	8.007085e-01	5.600434e-01	3.678603e-01	7.643864e-01	4.274952e-01	5.869568e-01	4.229153e-01	5.469160e-01	4.883173e-01	5.577986e-01	5.246941e-01	5.042493e-01	4.855130e-01	5.069633e-01	0.000000e+00	1	9.158831e-02
1.512472e-01	8.436534e-01	5.284413e-01	3.517291e-01	8.870687e-01	4.658754e-01	5.594226e-01	4.914251e-01	4.932752e-01	4.933566e-01	4.767645e-01	5.289937e-01	4.940874e-01	5.241210e-01	4.923239e-01	0.000000e+00	1	9.081845e-02
6.976597e-01	6.989109e-01	2.152585e-01	1.366317e-01	5.005703e-01	5.006393e-01	5.232328e-01	4.692380e-01	4.555162e-01	5.304741e-01	5.256939e-01	5.006231e-01	4.269346e-01	4.840066e-01	5.080364e-01	0.000000e+00	1	9.019587e-02
9.527541e-01	9.227870e-02	3.329609e-01	2.131104e-01	6.146788e-02	4.640832e-01	5.869568e-01	4.805942e-01	4.815517e-01	5.300826e-01	4.920966e-01	5.251285e-01	5.075160e-01	4.855130e-01	5.451112e-01	0.000000e+00	1	8.916401e-02
4.234286e-01	2.353204e-02	9.174603e-01	7.243553e-01	3.534377e-02	4.790058e-01	4.919730e-01	4.922658e-01	5.627596e-01	4.948831e-01	5.076968e-01	4.946682e-01	5.738298e-01	4.745086e-01	4.963111e-01	0.000000e+00	1	8.738878e-02
5.144529e-01	3.807969e-01	7.793988e-01	5.622965e-01	4.056529e-01	5.128140e-01	5.008901e-01	5.042143e-01	4.985816e-01	4.999589e-01	4.751421e-01	5.710914e-01	5.510918e-01	4.990960e-01	4.921877e-01	0.000000e+00	1	8.435349e-02
8.854274e-01	2.621728e-01	4.313328e-01	2.781922e-01	1.832654e-01	4.490664e-01	5.869568e-01	4.813749e-01	4.646116e-01	5.300826e-01	4.421845e-01	5.245252e-01	4.521222e-01	4.855130e-01	5.095743e-01	0.000000e+00	1	8.323827e-02
6.667515e-01	7.212602e-01	2.056807e-01	1.314106e-01	5.249879e-01	5.184897e-01	4.940777e-01	5.079402e-01	5.134328e-01	5.063531e-01	4.855825e-01	5.261084e-01	5.194003e-01	5.393586e-01	5.075587e-01	0.000000e+00	1	8.319987e-02
2.053113e-01	7.497493e-01	6.306514e-01	4.339086e-01	8.298395e-01	5.145088e-01	5.055594e-01	5.073819e-01	4.980804e-01	4.998366e-01	5.113108e-01	4.976842e-01	4.992152e-01	5.232098e-01	5.051220e-01	0.000000e+00	1	8.311572e-02
6.841877e-01	6.718215e-01	3.409745e-01	2.175017e-01	4.941945e-01	4.644114e-01	5.055989e-01	5.763030e-01	4.955407e-01	5.100368e-01	5.128625e-01	5.853558e-01	5.299183e-01	4.902185e-01	5.449565e-01	0.000000e+00	1	8.241770e-02
7.285224e-01	6.791943e-01	1.634048e-01	1.035205e-01	4.777012e-01	5.095161e-01	5.235267e-01	5.079665e-01	4.559970e-01	5.090030e-01	5.250863e-01	5.018934e-01	4.235019e-01	4.923511e-01	5.079771e-01	0.000000e+00	1	8.188843e-02
6.229599e-01	6.294212e-01	4.951253e-01	3.245496e-01	5.032844e-01	4.278233e-01	5.055989e-01	5.893953e-01	4.975526e-01	5.088839e-01	5.128625e-01	5.256179e-01	5.123367e-01	4.902185e-01	5.143610e-01	0.000000e+00	1	7.955690e-02
3.316682e-01	3.235418e-01	8.902312e-01	6.944928e-01	4.921046e-01	4.812219e-01	4.896853e-01	4.890841e-01	5.134328e-01	4.959150e-01	4.855825e-01	5.261084e-01	5.180653e-01	5.399433e-01	5.020588e-01	0.000000e+00	1	7.808733e-02
6.478631e-01	6.361535e-01	4.537122e-01	2.950129e-01	4.941945e-01	4.278233e-01	5.055989e-01	5.893953e-01	4.975526e-01	5.100368e-01	5.128625e-01	5.258195e-01	5.266516e-01	4.902185e-01	5.068087e-01	0.000000e+00	1	7.747832e-02
6.137536e-01	4.730461e-01	6.464936e-01	4.426455e-01	4.180330e-01	5.246471e-01	4.863693e-01	5.054561e-01	4.985816e-01	4.999589e-01	4.751421e-01	5.710914e-01	5.510918e-01	4.990960e-01	4.922658e-01	0.000000e+00	1	7.719870e-02
5.694907e-01	7.717220e-01	3.014586e-01	1.938739e-01	5.952734e-01	4.421028e-01	5.015063e-01	4.757318e-01	4.805784e-01	5.042552e-01	4.881271e-01	5.267140e-01	5.103692e-01	4.926371e-01	4.974427e-01	0.000000e+00	1	7.649739e-02
9.286188e-01	1.158514e-02	3.718189e-01	2.424402e-01	7.941845e-03	5.033129e-01	5.069611e-01	5.104259e-01	4.980982e-01	4.949212e-01	5.109145e-01	4.976842e-01	5.057826e-01	4.990307e-01	4.987013e-01	0.000000e+00	1	7.621591e-02
9.755549e-01	2.434876e-01	1.060705e-02	6.715592e-03	1.557119e-01	5.045561e-01	5.253232e-01	5.245156e-01	5.065603e-01	5.441986e-01	4.889757e-01	4.873552e-01	4.950115e-01	4.854102e-01	5.419392e-01	0.000000e+00	1	7.598442e-02
4.829576e-01	7.393766e-01	5.148250e-01	3.360016e-01	6.316400e-01	5.536859e-01	5.154174e-01	4.759799e-01	4.552440e-01	4.987924e-01	5.091623e-01	4.956217e-01	4.286203e-01	5.565239e-01	4.097587e-01	0.000000e+00	1	7.556669e-02
2.821063e-01	9.421087e-01	1.965147e-01	1.255582e-01	8.147792e-01	4.841421e-01	5.184645e-01	5.024490e-01	4.942556e-01	4.713439e-01	5.067209e-01	4.911414e-01	4.694257e-01	4.993524e-01	4.807702e-01	0.000000e+00	1	7.527537e-02
4.350237e-01	3.286272e-01	8.492733e-01	6.366801e-01	4.118696e-01	5.106099e-01	4.849823e-01	5.801845e-01	4.824563e-01	4.906728e-01	4.885842e-01	5.258212e-01	5.334014e-01	4.903777e-01	4.934288e-01	0.000000e+00	1	7.426261e-02
2.155137e-01	9.297820e-01	3.521926e-01	2.250493e-01	8.549989e-01	4.640832e-01	5.869568e-01	4.782263e-01	4.832971e-01	5.300826e-01	4.918598e-01	5.267850e-01	5.602528e-01	4.873328e-01	4.525052e-01	0.000000e+00	1	7.206680e-02
2.863873e-01	9.544431e-01	8.483763e-02	5.406952e-02	8.144196e-01	5.033129e-01	5.050979e-01	5.030751e-01	4.980982e-01	4.996129e-01	5.049815e-01	4.976842e-01	4.976221e-01	4.990847e-01	4.987656e-01	0.000000e+00	1	7.127269e-02
3.964307e-01	4.897366e-02	9.195198e-01	7.391069e-01	7.824932e-02	5.033414e-01	5.332876e-01	5.279757e-01	4.961106e-01	4.949327e-01	4.855799e-01	4.951748e-01	4.895653e-01	5.066755e-01	5.143399e-01	0.000000e+00	1	6.914339e-02
9.355802e-01	3.388205e-01	2.780186e-01	1.734507e-01	2.211985e-01	5.042468e-01	5.050385e-01	5.794087e-01	5.050524e-01	5.935013e-01	4.748725e-01	5.213238e-01	4.270748e-01	5.604136e-01	5.893378e-01	0.000000e+00	1	6.913477e-02
2.687804e-01	5.938821e-01	7.656780e-01	5.510001e-01	7.294371e-01	5.268507e-01	4.385711e-01	5.005942e-01	4.987280e-01	5.012947e-01	4.978478e-01	4.766177e-01	5.072134e-01	4.850171e-01	5.160998e-01	0.000000e+00	1	6.863447e-02
1.650241e-01	8.420427e-01	5.290316e-01	3.517291e-01	8.767963e-01	5.065433e-01	5.541861e-01	5.255126e-01	4.962911e-01	4.949876e-01	4.849926e-01	4.948892e-01	4.940874e-01	4.373746e-01	5.127420e-01	0.000000e+00	1	6.846922e-02
6.365956e-01	6.349345e-01	4.607614e-01	3.014838e-01	4.991683e-01	5.061715e-01	5.056008e-01	5.893953e-01	4.978589e-01	5.100368e-01	5.128625e-01	5.334266e-01	5.268560e-01	4.902185e-01	4.945686e-01	0.000000e+00	1	6.820121e-02
4.083013e-02	5.003205e-01	8.803501e-01	6.700868e-01	9.481616e-01	4.722483e-01	5.188404e-01	4.884080e-01	4.555162e-01	4.985650e-01	5.575738e-01	5.280442e-01	4.235019e-01	4.854577e-01	5.026491e-01	0.000000e+00	1	6.800939e-02
5.440220e-15	1.009261e+00	1.342569e-01	8.419204e-02	1.000000e+00	5.253352e-01	5.933465e-01	5.130026e-01	5.112562e-01	5.118872e-01	4.882608e-01	4.946984e-01	5.156859e-01	4.733576e-01	5.850700e-01	0.000000e+00	1	6.765981e-02
5.274642e-15	9.785429e-01	2.491326e-01	1.587088e-01	1.000000e+00	5.255976e-01	4.841700e-01	4.704201e-01	5.112562e-01	4.906728e-01	4.915764e-01	5.260250e-01	4.207398e-01	4.734297e-01	4.947032e-01	0.000000e+00	1	6.651577e-02
1.306503e-01	7.846978e-01	6.291937e-01	4.260214e-01	8.949678e-01	4.998784e-01	5.949033e-01	5.042876e-01	4.773129e-01	5.311771e-01	4.816107e-01	4.947530e-01	5.125175e-01	5.561512e-01	5.079843e-01	0.000000e+00	1	6.538119e-02
8.377004e-01	3.033733e-01	5.235124e-01	3.382029e-01	2.211985e-01	5.042468e-01	5.050385e-01	5.798219e-01	4.633519e-01	5.871391e-01	4.778220e-01	5.228109e-01	4.270748e-01	5.608430e-01	5.893378e-01	0.000000e+00	1	6.375821e-02
4.089827e-01	3.566331e-01	8.447482e-01	6.364972e-01	4.565383e-01	4.676621e-01	5.008901e-01	4.990616e-01	4.985816e-01	5.158627e-01	4.751421e-01	5.264632e-01	5.206925e-01	5.272509e-01	5.151224e-01	0.000000e+00	1	6.355099e-02
5.595423e-01	1.157142e-01	8.270797e-01	6.151292e-01	1.298239e-01	5.461471e-01	4.850021e-01	5.130390e-01	5.061179e-01	4.943362e-01	4.606688e-01	5.267140e-01	4.800405e-01	5.011605e-01	5.009722e-01	0.000000e+00	1	6.330452e-02
