8.734707e-30	1.620448e-15	1.003035e+00	1.000000e+00	1.000000e+00	5.253352e-01	4.931458e-01	5.316136e-01	5.112562e-01	4.906728e-01	4.882541e-01	4.961844e-01	5.155970e-01	4.734297e-01	4.943753e-01	0.000000e+00	1	1.000000e+14
3.678727e-15	1.017925e+00	5.670527e-02	3.542738e-02	1.000000e+00	5.253352e-01	4.841700e-01	5.125467e-01	5.112562e-01	4.901253e-01	4.846416e-01	4.396010e-01	5.161179e-01	4.764158e-01	6.163163e-01	0.000000e+00	1	1.000000e+14
1.624760e-15	6.130307e-25	1.005704e+00	1.000000e+00	2.402001e-10	5.021368e-01	4.919730e-01	5.054298e-01	5.727051e-01	4.948831e-01	5.120531e-01	4.946682e-01	4.928081e-01	5.066755e-01	4.951669e-01	0.000000e+00	1	1.000000e+14
1.302751e-15	9.841291e-16	1.010612e+00	1.000000e+00	4.118696e-01	5.106099e-01	4.849823e-01	5.863607e-01	4.968270e-01	4.906728e-01	4.885842e-01	5.258212e-01	4.576079e-01	4.903777e-01	4.943753e-01	0.000000e+00	1	1.000000e+14
2.874233e-01	9.578959e-01	4.360221e-17	2.775558e-17	8.144196e-01	5.033129e-01	5.050979e-01	5.030751e-01	4.980982e-01	4.996129e-01	5.049815e-01	4.976842e-01	4.976221e-01	4.990847e-01	4.987656e-01	0.000000e+00	1	1.000000e+14
1.000163e+00	1.247771e-02	4.360888e-17	2.775558e-17	7.941845e-03	5.033129e-01	5.069611e-01	5.107131e-01	4.980982e-01	4.949212e-01	5.050333e-01	4.976842e-01	4.978951e-01	4.990847e-01	4.987013e-01	0.000000e+00	1	1.000000e+14
6.976597e-01	6.989109e-01	2.152585e-01	1.366317e-01	5.005703e-01	5.006393e-01	5.232328e-01	4.692380e-01	4.555162e-01	5.304741e-01	5.256939e-01	5.006231e-01	4.269346e-01	4.840066e-01	5.080364e-01	0.000000e+00	1	1.561591e-01
6.454567e-01	6.337906e-01	4.520270e-01	2.950129e-01	4.941945e-01	4.278233e-01	5.055989e-01	4.799032e-01	4.983620e-01	5.100368e-01	5.128625e-01	5.659276e-01	5.266516e-01	5.152945e-01	4.929938e-01	0.000000e+00	1	1.393323e-01
5.355074e-02	5.044683e-01	8.660661e-01	6.626683e-01	9.326731e-01	5.278410e-01	4.883966e-01	4.989391e-01	4.821903e-01	4.917107e-01	4.800984e-01	5.045870e-01	5.155970e-01	4.635553e-01	4.794819e-01	0.000000e+00	1	1.277905e-01
7.489886e-01	5.548471e-01	4.179698e-01	2.683549e-01	4.058985e-01	4.941400e-01	4.652540e-01	5.029145e-01	4.985562e-01	5.055072e-01	4.757746e-01	5.737663e-01	5.510918e-01	4.874417e-01	6.070425e-01	0.000000e+00	1	1.237670e-01
8.156371e-01	4.772749e-01	3.898483e-01	2.490851e-01	3.370477e-01	5.006393e-01	4.314306e-01	4.674466e-01	5.801702e-01	4.825733e-01	5.575738e-01	5.280442e-01	4.268401e-01	4.838943e-01	5.080386e-01	0.000000e+00	1	1.231120e-01
5.274059e-01	8.376925e-01	1.623999e-01	1.035205e-01	6.422860e-01	5.095161e-01	4.801286e-01	5.079665e-01	4.823026e-01	5.090030e-01	5.252655e-01	5.018934e-01	4.991268e-01	5.386313e-01	4.931711e-01	0.000000e+00	1	1.169921e-01
4.089827e-01	3.566331e-01	8.447482e-01	6.364972e-01	4.565383e-01	4.676621e-01	5.008901e-01	4.990616e-01	4.985816e-01	5.158627e-01	4.751421e-01	5.264632e-01	5.206925e-01	5.272509e-01	5.151224e-01	0.000000e+00	1	1.169669e-01
6.193016e-01	6.257249e-01	4.851084e-01	3.206195e-01	5.032844e-01	5.054897e-01	5.055989e-01	4.754050e-01	4.958549e-01	5.088839e-01	5.575484e-01	5.256179e-01	5.123367e-01	4.902185e-01	5.143610e-01	0.000000e+00	1	1.161201e-01
3.779219e-01	5.884461e-01	7.278011e-01	5.126886e-01	6.365546e-01	5.092349e-01	4.794280e-01	5.087627e-01	4.651644e-01	5.370718e-01	4.982757e-01	5.723666e-01	5.292301e-01	4.938383e-01	4.932923e-01	0.000000e+00	1	1.151976e-01
5.595423e-01	1.157142e-01	8.270797e-01	6.151292e-01	1.298239e-01	5.461471e-01	4.850021e-01	5.130390e-01	5.061179e-01	4.943362e-01	4.606688e-01	5.267140e-01	4.800405e-01	5.011605e-01	5.009722e-01	0.000000e+00	1	1.101508e-01
7.686762e-02	8.054541e-01	5.915235e-01	4.018849e-01	9.394283e-01	5.106099e-01	4.849823e-01	5.020919e-01	4.968270e-01	5.330354e-01	4.885842e-01	5.245460e-01	5.071073e-01	4.936465e-01	4.964948e-01	0.000000e+00	1	1.084292e-01
6.841877e-01	6.718215e-01	3.409745e-01	2.175017e-01	4.941945e-01	4.644114e-01	5.055989e-01	5.763030e-01	4.955407e-01	5.100368e-01	5.128625e-01	5.853558e-01	5.299183e-01	4.902185e-01	5.449565e-01	0.000000e+00	1	1.053243e-01
8.551889e-01	5.331639e-01	2.674129e-02	1.688872e-02	3.549034e-01	4.935269e-01	4.449981e-01	4.980162e-01	4.647056e-01	4.949212e-01	5.050333e-01	4.966557e-01	4.518100e-01	4.870510e-01	4.644842e-01	0.000000e+00	1	1.006338e-01
2.017860e-01	3.092776e-01	9.308793e-01	7.595731e-01	6.319761e-01	5.033129e-01	5.050979e-01	5.030751e-01	4.980982e-01	5.363598e-01	5.049815e-01	4.976842e-01	4.976221e-01	4.990847e-01	4.934105e-01	0.000000e+00	1	9.668542e-02
2.568817e-01	7.431265e-02	9.670481e-01	8.282495e-01	1.792722e-01	5.036695e-01	5.006454e-01	5.052779e-01	4.966212e-01	5.300826e-01	5.069553e-01	5.262135e-01	4.988912e-01	4.869330e-01	5.384070e-01	0.000000e+00	1	9.537092e-02
1.655517e-01	2.116195e-01	9.716325e-01	8.282495e-01	5.773738e-01	4.312635e-01	5.006454e-01	5.196187e-01	4.966212e-01	5.162225e-01	5.062024e-01	5.262135e-01	5.184677e-01	4.869330e-01	5.384070e-01	0.000000e+00	1	9.507664e-02
5.144529e-01	3.807969e-01	7.793988e-01	5.622965e-01	4.056529e-01	5.128140e-01	5.008901e-01	5.042143e-01	4.985816e-01	4.999589e-01	4.751421e-01	5.710914e-01	5.510918e-01	4.990960e-01	4.921877e-01	0.000000e+00	1	9.258499e-02
8.973787e-02	4.541756e-01	8.894953e-01	6.944928e-01	8.758136e-01	4.933051e-01	5.096587e-01	4.894696e-01	4.981507e-01	4.959150e-01	4.855825e-01	5.261084e-01	4.975697e-01	5.399433e-01	4.988525e-01	0.000000e+00	1	8.941862e-02
3.417635e-01	9.009935e-01	2.919655e-01	1.872883e-01	7.691926e-01	4.919682e-01	5.576249e-01	4.775267e-01	4.981507e-01	5.352484e-01	4.855825e-01	5.261084e-01	4.975697e-01	4.706550e-01	4.988525e-01	0.000000e+00	1	8.581615e-02
3.531909e-01	8.648808e-01	3.779179e-01	2.447194e-01	7.531822e-01	5.033129e-01	5.866406e-01	5.113964e-01	4.980982e-01	4.973255e-01	4.905753e-01	4.976842e-01	4.977599e-01	5.017476e-01	4.987013e-01	0.000000e+00	1	8.556487e-02
4.418372e-01	4.371407e-02	9.021144e-01	7.088326e-01	6.278097e-02	4.790058e-01	4.995370e-01	4.922309e-01	5.347947e-01	5.525454e-01	4.884385e-01	4.931071e-01	5.129491e-01	4.750936e-01	4.963111e-01	0.000000e+00	1	8.458273e-02
9.720698e-01	2.878274e-01	7.753073e-02	4.859177e-02	1.832654e-01	5.150878e-01	5.869568e-01	4.813749e-01	4.951834e-01	5.300826e-01	4.325225e-01	5.233252e-01	4.521222e-01	4.855130e-01	5.091525e-01	0.000000e+00	1	8.253779e-02
4.555250e-01	3.972180e-01	8.007381e-01	5.883877e-01	4.565383e-01	4.676621e-01	5.008901e-01	5.133120e-01	4.985816e-01	4.962121e-01	5.139574e-01	5.264632e-01	4.927230e-01	5.309817e-01	4.910469e-01	0.000000e+00	1	7.937943e-02
5.283432e-01	8.088589e-01	3.078747e-01	1.963943e-01	6.316400e-01	5.536859e-01	5.154174e-01	4.764662e-01	5.268451e-01	5.014844e-01	5.244101e-01	4.756032e-01	4.891565e-01	4.879016e-01	4.097587e-01	0.000000e+00	1	7.841083e-02
1.512472e-01	8.436534e-01	5.284413e-01	3.517291e-01	8.870687e-01	4.658754e-01	5.594226e-01	4.914251e-01	4.932752e-01	4.933566e-01	4.767645e-01	5.289937e-01	4.940874e-01	5.241210e-01	4.923239e-01	0.000000e+00	1	7.791658e-02
5.434844e-15	1.008263e+00	1.259971e-01	7.914460e-02	1.000000e+00	5.253352e-01	4.948093e-01	4.514888e-01	5.112562e-01	4.916073e-01	4.888768e-01	5.251402e-01	5.191298e-01	4.734297e-01	6.051580e-01	0.000000e+00	1	7.727461e-02
5.270471e-15	9.777689e-01	2.489356e-01	1.587088e-01	1.000000e+00	5.252719e-01	4.841700e-01	4.903609e-01	5.112562e-01	4.906728e-01	4.915764e-01	5.260250e-01	4.207398e-01	4.734297e-01	4.947032e-01	0.000000e+00	1	7.715082e-02
5.463212e-01	5.487532e-01	6.547202e-01	4.468370e-01	5.014138e-01	5.006393e-01	5.232328e-01	4.715804e-01	4.555162e-01	5.304741e-01	5.575738e-01	5.280442e-01	4.268401e-01	4.840066e-01	5.080364e-01	0.000000e+00	1	7.705828e-02
2.472397e-01	9.198617e-01	3.875306e-01	2.459897e-01	8.328404e-01	5.549166e-01	5.584832e-01	4.780756e-01	4.923777e-01	5.925831e-01	4.660661e-01	5.176218e-01	4.384291e-01	5.466310e-01	4.268468e-01	0.000000e+00	1	7.577272e-02
9.755549e-01	2.434876e-01	1.060705e-02	6.715592e-03	1.557119e-01	5.045561e-01	5.253232e-01	5.245156e-01	5.065603e-01	5.441986e-01	4.889757e-01	4.873552e-01	4.950115e-01	4.854102e-01	5.419392e-01	0.000000e+00	1	7.550198e-02
7.565310e-01	2.261551e-01	6.158137e-01	4.216722e-01	1.849261e-01	5.035762e-01	5.153195e-01	5.041322e-01	4.758708e-01	4.985113e-01	5.037051e-01	5.189632e-01	5.102978e-01	5.041068e-01	4.968750e-01	0.000000e+00	1	7.524050e-02
2.429054e-02	1.017287e+00	2.159946e-02	1.351109e-02	9.848018e-01	5.198416e-01	5.217119e-01	4.729608e-01	5.101470e-01	4.901253e-01	4.846416e-01	5.238215e-01	5.161179e-01	4.764158e-01	6.199596e-01	0.000000e+00	1	7.482798e-02
5.440096e-15	1.009238e+00	1.155478e-01	7.257073e-02	1.000000e+00	5.253352e-01	4.841700e-01	4.559738e-01	5.112562e-01	4.906728e-01	4.885908e-01	5.251377e-01	5.161179e-01	4.734297e-01	6.051580e-01	0.000000e+00	1	7.382634e-02
2.914523e-01	2.201699e-01	9.459072e-01	7.653969e-01	4.118696e-01	5.032747e-01	4.849823e-01	5.863607e-01	4.968270e-01	4.901674e-01	4.399315e-01	5.258402e-01	4.576079e-01	4.903777e-01	4.960954e-01	0.000000e+00	1	7.302440e-02
4.836522e-01	7.525907e-01	5.108195e-01	3.302940e-01	6.363687e-01	5.581733e-01	4.794280e-01	5.087627e-01	3.722305e-01	5.370718e-01	4.508928e-01	5.723666e-01	5.292301e-01	4.938383e-01	4.932923e-01	0.000000e+00	1	7.293718e-02
8.452019e-01	2.526621e-01	4.784327e-01	3.163653e-01	1.849261e-01	5.035762e-01	5.153195e-01	5.041322e-01	4.761894e-01	4.985113e-01	5.009439e-01	5.189632e-01	5.482079e-01	5.041068e-01	4.968750e-01	0.000000e+00	1	7.236651e-02
7.784295e-01	5.821564e-01	2.627579e-01	1.680719e-01	4.087928e-01	5.362136e-01	5.004219e-01	5.020970e-01	5.329461e-01	5.439191e-01	4.881399e-01	5.414715e-01	5.077760e-01	4.750647e-01	4.927170e-01	0.000000e+00	1	7.027966e-02
9.070235e-01	4.223591e-01	4.362187e-17	2.775558e-17	2.774359e-01	5.033129e-01	5.069611e-01	5.107131e-01	4.980982e-01	4.949212e-01	4.873387e-01	4.975023e-01	4.978951e-01	4.874847e-01	4.971627e-01	0.000000e+00	1	6.953360e-02
1.107529e-01	9.657656e-02	9.980361e-01	9.069356e-01	4.565383e-01	4.519727e-01	4.921492e-01	4.990616e-01	5.672316e-01	5.143111e-01	4.884220e-01	4.895450e-01	5.201111e-01	5.272509e-01	5.176486e-01	0.000000e+00	1	6.944424e-02
6.685739e-01	7.232316e-01	1.956507e-01	1.248378e-01	5.249879e-01	5.184897e-01	4.834383e-01	5.124252e-01	5.134328e-01	5.054185e-01	4.750639e-01	5.261059e-01	5.163884e-01	5.393586e-01	5.075587e-01	0.000000e+00	1	6.898734e-02
5.841164e-01	3.624339e-01	7.356388e-01	5.215616e-01	3.535430e-01	5.092343e-01	4.938170e-01	5.023485e-01	4.983946e-01	5.370718e-01	4.982757e-01	5.723666e-01	4.977204e-01	4.938383e-01	4.932923e-01	0.000000e+00	1	6.884286e-02
1.294252e-01	1.609152e-02	9.962233e-01	9.171275e-01	7.874727e-02	5.048028e-01	5.576108e-01	4.914251e-01	4.961232e-01	4.954581e-01	4.760129e-01	4.935207e-01	4.938058e-01	5.044270e-01	5.244455e-01	0.000000e+00	1	6.682866e-02
8.226818e-01	3.283527e-01	4.820180e-01	3.172626e-01	2.417574e-01	4.640832e-01	5.019246e-01	4.654438e-01	4.861681e-01	5.308673e-01	4.918598e-01	4.909283e-01	5.474207e-01	4.873328e-01	4.525052e-01	0.000000e+00	1	6.669150e-02
3.478116e-01	9.344798e-01	8.489084e-02	5.406952e-02	7.731648e-01	5.033129e-01	5.050979e-01	5.031671e-01	4.980982e-01	4.996129e-01	5.049815e-01	5.251273e-01	4.976221e-01	4.990847e-01	4.985188e-01	0.000000e+00	1	6.619051e-02
3.103829e-01	7.999986e-01	5.515956e-01	3.637037e-01	7.643864e-01	5.058361e-01	5.869568e-01	5.409558e-01	5.792253e-01	4.837865e-01	5.577986e-01	5.246941e-01	5.030109e-01	4.839193e-01	5.080021e-01	0.000000e+00	1	6.614987e-02
5.393501e-01	5.087744e-01	7.666606e-01	5.106407e-01	4.814339e-01	5.061330e-01	4.856910e-01	5.573509e-01	4.471547e-01	7.228863e-01	4.580540e-01	4.438238e-01	4.268401e-01	4.840066e-01	5.043931e-01	0.000000e+00	1	6.587029e-02
6.667515e-01	7.212602e-01	2.056807e-01	1.314106e-01	5.249879e-01	5.184897e-01	4.940777e-01	5.079402e-01	5.134328e-01	5.063531e-01	4.855825e-01	5.261084e-01	5.194003e-01	5.393586e-01	5.075587e-01	0.000000e+00	1	6.555279e-02
8.755207e-01	2.768555e-01	4.251529e-01	2.760474e-01	1.949767e-01	4.490664e-01	5.154381e-01	4.813749e-01	4.646116e-01	5.300826e-01	4.421845e-01	5.245252e-01	4.518651e-01	4.855130e-01	5.095743e-01	0.000000e+00	1	6.439504e-02
9.527541e-01	9.227870e-02	3.329609e-01	2.131104e-01	6.146788e-02	4.640832e-01	5.869568e-01	4.805942e-01	4.815517e-01	5.300826e-01	4.920966e-01	5.251285e-01	5.075160e-01	4.855130e-01	5.451112e-01	0.000000e+00	1	6.386105e-02
1.306503e-01	7.846978e-01	6.291937e-01	4.260214e-01	8.949678e-01	4.998784e-01	5.949033e-01	5.042876e-01	4.773129e-01	5.311771e-01	4.816107e-01	4.947530e-01	5.125175e-01	5.561512e-01	5.079843e-01	0.000000e+00	1	6.290711e-02
