1.001475e+00	1.050287e-03	4.366271e-17	2.775558e-17	6.676484e-04	5.006433e-01	5.089003e-01	5.085405e-01	4.740747e-01	5.068964e-01	4.992027e-01	4.976842e-01	5.243789e-01	4.990847e-01	4.984092e-01	0.000000e+00	1	1.000000e+14
8.732244e-30	1.619991e-15	1.002752e+00	1.000000e+00	1.000000e+00	5.252020e-01	4.918704e-01	5.316136e-01	5.112562e-01	4.964321e-01	4.767462e-01	4.961856e-01	5.155970e-01	5.090666e-01	4.943753e-01	0.000000e+00	1	1.000000e+14
3.643122e-15	1.008073e+00	1.766920e-02	1.115733e-02	1.000000e+00	5.040291e-01	4.754663e-01	5.123931e-01	4.977028e-01	4.947930e-01	5.043973e-01	4.242690e-01	4.894446e-01	5.394415e-01	4.984418e-01	0.000000e+00	1	1.000000e+14
2.874233e-01	9.578959e-01	4.360221e-17	2.775558e-17	8.144196e-01	5.033129e-01	5.050979e-01	5.030751e-01	4.980982e-01	4.996129e-01	5.049815e-01	4.976842e-01	4.976221e-01	4.990847e-01	4.987656e-01	0.000000e+00	1	1.000000e+14
1.616365e-15	6.098633e-25	1.000508e+00	1.000000e+00	2.402001e-10	5.114388e-01	4.919730e-01	5.004056e-01	5.076458e-01	4.965967e-01	5.103160e-01	4.963296e-01	4.925126e-01	5.065568e-01	4.951669e-01	0.000000e+00	1	1.000000e+14
1.392164e-15	8.628426e-16	1.013819e+00	1.000000e+00	3.532224e-01	4.999890e-01	4.854043e-01	5.639612e-01	5.057683e-01	4.815337e-01	4.868075e-01	5.258212e-01	5.067602e-01	4.779394e-01	5.881352e-01	0.000000e+00	1	1.000000e+14
6.626467e-01	7.259937e-01	2.437399e-01	1.547418e-01	5.290212e-01	4.941867e-01	5.043005e-01	5.069632e-01	4.011123e-01	5.046856e-01	4.751684e-01	5.226174e-01	5.147155e-01	4.798561e-01	4.675101e-01	0.000000e+00	1	1.884905e-01
1.227662e-01	9.987334e-01	5.019534e-02	3.173055e-02	9.221361e-01	5.136487e-01	4.577164e-01	4.270698e-01	5.093090e-01	4.965290e-01	5.049815e-01	5.019103e-01	4.977503e-01	5.086524e-01	4.987704e-01	0.000000e+00	1	1.464691e-01
1.671593e-01	9.324109e-01	4.532160e-01	2.840930e-01	8.870687e-01	4.658754e-01	5.030800e-01	7.194282e-01	4.931512e-01	4.933566e-01	5.047406e-01	5.010010e-01	4.940874e-01	5.241210e-01	4.923239e-01	0.000000e+00	1	1.442281e-01
8.575442e-01	4.318185e-01	3.160292e-01	2.024344e-01	2.969739e-01	4.426656e-01	5.007524e-01	5.343009e-01	4.981455e-01	4.911074e-01	5.123062e-01	5.270714e-01	5.184097e-01	5.186689e-01	5.684465e-01	0.000000e+00	1	1.363706e-01
9.649345e-01	1.834680e-01	2.362657e-01	1.502789e-01	1.196160e-01	4.941867e-01	4.320109e-01	5.065028e-01	4.979245e-01	5.046856e-01	4.750639e-01	5.226174e-01	5.147155e-01	4.442548e-01	4.675101e-01	0.000000e+00	1	1.346220e-01
9.470740e-01	3.169824e-01	1.162800e-01	7.378932e-02	2.056135e-01	4.788330e-01	4.878154e-01	5.055986e-01	5.212198e-01	5.275731e-01	5.025178e-01	5.257495e-01	5.539588e-01	4.937387e-01	4.992420e-01	0.000000e+00	1	1.277932e-01
3.421786e-01	6.456588e-01	6.858194e-01	4.798246e-01	6.897537e-01	5.232332e-01	4.879830e-01	5.077637e-01	4.992773e-01	5.125116e-01	4.938767e-01	5.308185e-01	4.937669e-01	5.054274e-01	4.860200e-01	0.000000e+00	1	1.268289e-01
4.453662e-01	9.145960e-01	1.122296e-02	7.023185e-03	7.115117e-01	5.041270e-01	5.031108e-01	5.143555e-01	4.813716e-01	5.413288e-01	4.472556e-01	5.726628e-01	5.100841e-01	4.173262e-01	4.933017e-01	0.000000e+00	1	1.257224e-01
5.615512e-02	8.557309e-01	5.198898e-01	3.469523e-01	9.582833e-01	5.258561e-01	4.879830e-01	5.077637e-01	4.992773e-01	5.125116e-01	4.846416e-01	5.308185e-01	4.966773e-01	4.792479e-01	4.860200e-01	0.000000e+00	1	1.250423e-01
7.741938e-01	5.529551e-01	3.627061e-01	2.318759e-01	3.948410e-01	4.961232e-01	4.591289e-01	4.705745e-01	5.881393e-01	4.954486e-01	5.575283e-01	4.906117e-01	4.367968e-01	4.977165e-01	4.789713e-01	0.000000e+00	1	1.246259e-01
4.714239e-01	5.626074e-02	8.925224e-01	6.887740e-01	7.561792e-02	5.124667e-01	4.919207e-01	5.033083e-01	5.250536e-01	5.413130e-01	5.151379e-01	5.813910e-01	4.927230e-01	5.368142e-01	4.893612e-01	0.000000e+00	1	1.206721e-01
6.524876e-02	5.361655e-01	8.534214e-01	6.407858e-01	9.229055e-01	5.307440e-01	4.868295e-01	5.043840e-01	5.146674e-01	4.890888e-01	4.917277e-01	5.264632e-01	5.856594e-01	4.827527e-01	4.898083e-01	0.000000e+00	1	1.206447e-01
5.959512e-01	8.050695e-01	7.610658e-02	4.827857e-02	5.943264e-01	5.330919e-01	5.322478e-01	5.178222e-01	5.349040e-01	4.996129e-01	4.778704e-01	4.976842e-01	5.164767e-01	4.940330e-01	4.922559e-01	0.000000e+00	1	1.200297e-01
4.864189e-01	4.623937e-01	7.595480e-01	5.392955e-01	4.838833e-01	5.006393e-01	4.835070e-01	4.682118e-01	4.311099e-01	5.304741e-01	4.996058e-01	5.013680e-01	5.676433e-01	5.443897e-01	5.080364e-01	0.000000e+00	1	1.158761e-01
4.146314e-01	8.648055e-02	9.163963e-01	7.243760e-01	1.309045e-01	5.036971e-01	5.549959e-01	4.922516e-01	4.699415e-01	4.975384e-01	4.839193e-01	5.258617e-01	4.527232e-01	5.046356e-01	5.485049e-01	0.000000e+00	1	1.151167e-01
3.502844e-15	9.692576e-01	2.920525e-01	1.863153e-01	1.000000e+00	5.040291e-01	5.081691e-01	5.066362e-01	4.312089e-01	4.947930e-01	5.062477e-01	4.270726e-01	4.907025e-01	4.733605e-01	5.355233e-01	0.000000e+00	1	1.118144e-01
2.163828e-01	3.381184e-02	9.993746e-01	8.626587e-01	9.867982e-02	5.040291e-01	4.398471e-01	5.123931e-01	4.327706e-01	4.046749e-01	5.043973e-01	4.299121e-01	4.927917e-01	4.733605e-01	4.984418e-01	0.000000e+00	1	1.109374e-01
6.794100e-01	7.716468e-01	1.783571e-01	1.093515e-01	5.404125e-01	4.946140e-01	5.074535e-01	5.892425e-01	4.019141e-01	4.990177e-01	4.768144e-01	5.307259e-01	3.484092e-01	4.791580e-01	4.697945e-01	0.000000e+00	1	1.048445e-01
5.132058e-01	6.122366e-01	6.754749e-01	4.468370e-01	5.558740e-01	5.657416e-01	3.908774e-01	4.691732e-01	4.925361e-01	5.378498e-01	4.496318e-01	5.290425e-01	3.523866e-01	4.907682e-01	5.474382e-01	0.000000e+00	1	9.783222e-02
3.871982e-01	7.951434e-01	5.037211e-01	3.296003e-01	7.115117e-01	5.037236e-01	4.745890e-01	5.060238e-01	4.813144e-01	5.413288e-01	4.472556e-01	5.726628e-01	5.101040e-01	4.173262e-01	4.933017e-01	0.000000e+00	1	9.380728e-02
9.984943e-01	2.102501e-01	1.696562e-01	1.048887e-01	1.321211e-01	4.946140e-01	4.351639e-01	5.262844e-01	4.987264e-01	4.990177e-01	4.767098e-01	5.307259e-01	3.454455e-01	4.435567e-01	4.697945e-01	0.000000e+00	1	9.255477e-02
8.681486e-01	2.745243e-01	4.499585e-01	2.921951e-01	1.949767e-01	4.511775e-01	5.089454e-01	5.105682e-01	4.811387e-01	5.300826e-01	4.414048e-01	5.245252e-01	4.993319e-01	5.876384e-01	5.089465e-01	0.000000e+00	1	9.198808e-02
7.211918e-01	5.986933e-01	4.073891e-01	2.610167e-01	4.410841e-01	5.240331e-01	4.591289e-01	5.153285e-01	6.022713e-01	4.955175e-01	5.573385e-01	5.238434e-01	4.367968e-01	4.672925e-01	5.115351e-01	0.000000e+00	1	9.156576e-02
8.088151e-01	4.732830e-01	4.001894e-01	2.569409e-01	3.370477e-01	4.994824e-01	5.048018e-01	4.797525e-01	5.860774e-01	5.100972e-01	5.575738e-01	5.475805e-01	4.324742e-01	4.704015e-01	5.050875e-01	0.000000e+00	1	9.115930e-02
9.096057e-01	1.108238e-01	4.246135e-01	2.762472e-01	7.718354e-02	5.252624e-01	4.400713e-01	4.809917e-01	4.839000e-01	5.006276e-01	4.992016e-01	5.264345e-01	5.585233e-01	4.766650e-01	4.797096e-01	0.000000e+00	1	8.912244e-02
5.249831e-01	3.254319e-01	8.146820e-01	5.870187e-01	3.532708e-01	5.051139e-01	4.922135e-01	5.015241e-01	4.854647e-01	6.100661e-01	4.982755e-01	5.264632e-01	4.977483e-01	5.460234e-01	5.843713e-01	0.000000e+00	1	8.863815e-02
4.838400e-01	5.056568e-01	7.822766e-01	5.353684e-01	5.140341e-01	5.092343e-01	5.400108e-01	5.023485e-01	4.981726e-01	5.370718e-01	4.982757e-01	5.727261e-01	2.988375e-01	4.814000e-01	5.216232e-01	0.000000e+00	1	8.430640e-02
6.855609e-01	7.786327e-01	1.525061e-01	9.291990e-02	5.404125e-01	4.946140e-01	4.293394e-01	5.892425e-01	4.019141e-01	5.046856e-01	4.768144e-01	5.307259e-01	3.484092e-01	4.791580e-01	4.675101e-01	0.000000e+00	1	8.325807e-02
6.867217e-01	7.523702e-01	8.340843e-03	5.212612e-03	5.290212e-01	4.941867e-01	4.398765e-01	5.127202e-01	4.026739e-01	5.046856e-01	4.454748e-01	5.254569e-01	5.137045e-01	4.798561e-01	4.658733e-01	0.000000e+00	1	8.286367e-02
7.402556e-01	3.514703e-01	5.750780e-01	3.895598e-01	2.822019e-01	5.100656e-01	4.938170e-01	5.024001e-01	4.983946e-01	4.851312e-01	4.831431e-01	5.162913e-01	4.979353e-01	4.880058e-01	4.932923e-01	0.000000e+00	1	8.137985e-02
3.156385e-01	7.336486e-02	9.691430e-01	7.945733e-01	1.453900e-01	5.037236e-01	5.367330e-01	5.641761e-01	4.896244e-01	5.406761e-01	4.472556e-01	5.726628e-01	4.974038e-01	4.192089e-01	4.933017e-01	0.000000e+00	1	7.994001e-02
5.368202e-01	5.739256e-01	6.644586e-01	4.468370e-01	5.212589e-01	5.001362e-01	5.252665e-01	4.691732e-01	4.925361e-01	4.889684e-01	5.575738e-01	5.290425e-01	3.487244e-01	4.840066e-01	5.069051e-01	0.000000e+00	1	7.990122e-02
5.841164e-01	3.624339e-01	7.356388e-01	5.215616e-01	3.535430e-01	5.092343e-01	4.938170e-01	5.023485e-01	4.983946e-01	5.370718e-01	4.982757e-01	5.723666e-01	4.977204e-01	4.938383e-01	4.932923e-01	0.000000e+00	1	7.852011e-02
2.468114e-01	1.444232e-01	9.789230e-01	8.190660e-01	3.370477e-01	4.993059e-01	5.393755e-01	5.666424e-01	4.869965e-01	5.100972e-01	4.418384e-01	5.748463e-01	4.392918e-01	4.704015e-01	5.050875e-01	0.000000e+00	1	7.813009e-02
2.901008e-01	9.565476e-01	3.257215e-02	2.073764e-02	8.125395e-01	5.033129e-01	5.050979e-01	5.030751e-01	4.980982e-01	5.028421e-01	5.045502e-01	4.962561e-01	4.975250e-01	4.990847e-01	4.987656e-01	0.000000e+00	1	7.659532e-02
6.136226e-01	5.350792e-01	5.860127e-01	3.971746e-01	4.565383e-01	4.679450e-01	5.050364e-01	5.196954e-01	4.982517e-01	4.887052e-01	4.984979e-01	5.264632e-01	4.925876e-01	5.259470e-01	4.890617e-01	0.000000e+00	1	7.636522e-02
8.130471e-01	1.695790e-01	5.727433e-01	3.843352e-01	1.309045e-01	5.036042e-01	5.572322e-01	4.922516e-01	4.970177e-01	4.987435e-01	4.839875e-01	5.256769e-01	4.509069e-01	5.039925e-01	5.466748e-01	0.000000e+00	1	7.611565e-02
4.786675e-01	2.800952e-01	8.513945e-01	6.324436e-01	3.370477e-01	4.994824e-01	5.057006e-01	4.788874e-01	5.875257e-01	5.100972e-01	5.149421e-01	5.475805e-01	4.324742e-01	4.720593e-01	5.050875e-01	0.000000e+00	1	7.303566e-02
3.506262e-01	8.378795e-01	4.228602e-01	2.773863e-01	7.476914e-01	5.176014e-01	4.777887e-01	5.067043e-01	4.840162e-01	5.007141e-01	4.992293e-01	5.244142e-01	5.127221e-01	4.956551e-01	4.964612e-01	0.000000e+00	1	7.192225e-02
6.182598e-01	5.113798e-01	6.195977e-01	4.186288e-01	4.399454e-01	5.051844e-01	4.749867e-01	5.117193e-01	4.777068e-01	5.466337e-01	4.975013e-01	4.421123e-01	5.593924e-01	5.573935e-01	4.903407e-01	0.000000e+00	1	7.180427e-02
1.389278e-01	3.889534e-01	9.213246e-01	7.317090e-01	7.816012e-01	5.019517e-01	4.995728e-01	4.799032e-01	4.893678e-01	5.100850e-01	5.419318e-01	5.659276e-01	4.481528e-01	5.152945e-01	4.959666e-01	0.000000e+00	1	7.165361e-02
3.153464e-02	1.330015e-01	9.936870e-01	9.129745e-01	8.517942e-01	5.364711e-01	4.873248e-01	5.033590e-01	4.977487e-01	5.080704e-01	4.908413e-01	4.961820e-01	5.216067e-01	4.975133e-01	5.300076e-01	0.000000e+00	1	7.137446e-02
5.463212e-01	5.487532e-01	6.547202e-01	4.468370e-01	5.014138e-01	5.006393e-01	5.232328e-01	4.715804e-01	4.555162e-01	5.304741e-01	5.575738e-01	5.280442e-01	4.268401e-01	4.840066e-01	5.080364e-01	0.000000e+00	1	7.116965e-02
3.820398e-01	3.665857e-02	9.320057e-01	7.513158e-01	6.090030e-02	5.128755e-01	5.231356e-01	4.917034e-01	4.895844e-01	4.953355e-01	5.041782e-01	5.712370e-01	4.987846e-01	5.386283e-01	4.788097e-01	0.000000e+00	1	6.798808e-02
6.724508e-01	2.971318e-01	6.915483e-01	4.805408e-01	2.648768e-01	4.188440e-01	5.006454e-01	5.069108e-01	4.966212e-01	5.162225e-01	5.058346e-01	5.263215e-01	5.082384e-01	4.883404e-01	5.384070e-01	0.000000e+00	1	6.724764e-02
5.688444e-01	5.259067e-01	6.550286e-01	4.468370e-01	4.750437e-01	5.006393e-01	5.238754e-01	4.717891e-01	4.288536e-01	5.304741e-01	5.058392e-01	5.013680e-01	4.269378e-01	5.413698e-01	5.080364e-01	0.000000e+00	1	6.712528e-02
3.130194e-02	8.447551e-01	5.389685e-01	3.613418e-01	9.764212e-01	5.060116e-01	4.701811e-01	5.024101e-01	5.076411e-01	4.993762e-01	5.028179e-01	5.238889e-01	4.962969e-01	4.789522e-01	4.774050e-01	0.000000e+00	1	6.689954e-02
9.332889e-01	7.391636e-03	3.812840e-01	2.469028e-01	5.041915e-03	5.109197e-01	4.400713e-01	4.805942e-01	4.840651e-01	4.965620e-01	5.027312e-01	4.953970e-01	4.924098e-01	4.766968e-01	5.566944e-01	0.000000e+00	1	6.647152e-02
2.605178e-01	7.351392e-01	6.284963e-01	4.318106e-01	7.831861e-01	5.176014e-01	4.751839e-01	5.067043e-01	4.827375e-01	4.867714e-01	5.020104e-01	4.976842e-01	5.127221e-01	4.940330e-01	4.987656e-01	0.000000e+00	1	6.381881e-02
8.285646e-01	1.769548e-01	5.440767e-01	3.634142e-01	1.339492e-01	5.036042e-01	5.572322e-01	4.922516e-01	4.970177e-01	4.987435e-01	4.770254e-01	5.256769e-01	5.127054e-01	5.039925e-01	5.466748e-01	0.000000e+00	1	6.267026e-02
