3.698578e-30	1.620990e-15	1.003371e+00	1.000000e+00	1.000000e+00	5.027134e-01	5.051907e-01	5.096648e-01	5.006727e-01	5.021444e-01	4.835890e-01	4.991877e-01	4.680723e-01	5.094816e-01	5.431135e-01	0.000000e+00	1	1.000000e+14
1.004941e+00	1.484242e-04	4.381377e-17	2.775558e-17	9.402519e-05	5.006606e-01	5.089003e-01	5.100904e-01	4.649672e-01	4.976609e-01	5.150211e-01	5.234089e-01	4.479473e-01	5.063923e-01	4.983972e-01	0.000000e+00	1	1.000000e+14
1.616167e-15	6.097884e-25	1.000385e+00	1.000000e+00	2.402001e-10	5.114388e-01	4.919730e-01	5.002246e-01	5.076458e-01	4.969495e-01	5.029940e-01	4.963296e-01	4.925126e-01	5.065614e-01	4.993681e-01	0.000000e+00	1	1.000000e+14
2.874233e-01	9.578959e-01	4.360221e-17	2.775558e-17	8.144196e-01	5.033129e-01	5.050979e-01	5.030751e-01	4.980982e-01	4.996129e-01	5.049815e-01	4.976842e-01	4.976221e-01	4.990847e-01	4.987656e-01	0.000000e+00	1	1.000000e+14
6.730557e-16	1.545731e-15	1.043554e+00	1.000000e+00	7.385589e-01	5.399349e-01	4.472576e-01	5.987809e-01	5.844707e-01	4.650989e-01	5.068418e-01	3.620575e-01	4.888979e-01	4.571335e-01	4.944339e-01	0.000000e+00	1	1.000000e+14
1.591062e-02	1.045962e+00	2.922223e-03	1.778387e-03	9.903168e-01	3.879167e-01	5.023469e-01	4.901224e-01	4.743230e-01	5.008846e-01	4.723443e-01	6.737112e-01	5.126934e-01	4.770181e-01	4.663639e-01	0.000000e+00	1	1.000000e+14
3.375982e-01	8.868183e-01	3.367405e-01	2.170933e-01	7.684326e-01	5.059875e-01	5.028393e-01	5.313215e-01	4.976644e-01	4.911074e-01	5.116148e-01	4.298458e-01	5.205547e-01	5.171577e-01	5.003159e-01	0.000000e+00	1	1.403350e-01
8.973636e-01	4.111025e-01	2.374270e-01	1.502789e-01	2.734842e-01	4.449220e-01	4.050628e-01	5.079093e-01	4.704204e-01	5.046856e-01	4.933428e-01	5.280504e-01	5.112118e-01	5.136024e-01	4.675101e-01	0.000000e+00	1	1.356703e-01
6.097437e-01	6.590820e-01	4.770091e-01	3.108908e-01	5.247425e-01	5.032468e-01	5.043005e-01	5.038355e-01	4.011123e-01	5.044676e-01	4.461299e-01	5.200581e-01	5.496895e-01	5.067754e-01	4.675101e-01	0.000000e+00	1	1.214118e-01
4.000568e-01	8.344070e-02	9.153470e-01	7.326794e-01	1.309045e-01	5.032385e-01	5.274568e-01	4.922516e-01	4.699415e-01	4.975384e-01	4.743157e-01	5.017024e-01	4.946906e-01	5.025037e-01	4.997666e-01	0.000000e+00	1	1.172053e-01
9.427175e-01	3.061730e-01	2.128944e-01	1.346910e-01	1.999179e-01	5.706456e-01	5.462014e-01	5.146960e-01	4.835925e-01	4.944577e-01	4.683292e-01	5.022968e-01	4.346890e-01	4.703457e-01	4.987736e-01	0.000000e+00	1	1.145502e-01
7.170931e-01	5.911290e-01	4.098303e-01	2.644138e-01	4.388905e-01	5.005712e-01	5.238754e-01	5.158343e-01	5.840305e-01	5.298363e-01	5.058392e-01	4.972437e-01	4.286186e-01	5.413698e-01	5.080364e-01	0.000000e+00	1	1.126498e-01
6.535100e-01	7.514741e-01	1.287681e-01	8.186081e-02	5.443173e-01	4.983853e-01	4.549084e-01	4.671026e-01	4.962956e-01	4.999651e-01	5.074106e-01	5.021536e-01	4.935285e-01	5.070187e-01	4.701050e-01	0.000000e+00	1	1.100525e-01
6.103752e-01	3.623653e-01	7.692410e-01	5.255554e-01	3.410734e-01	5.045751e-01	4.474168e-01	5.331121e-01	6.872224e-01	5.323074e-01	5.511991e-01	5.183854e-01	4.469650e-01	5.282729e-01	5.125890e-01	0.000000e+00	1	1.097807e-01
9.590076e-01	1.845032e-01	2.349122e-01	1.502789e-01	1.210007e-01	4.974110e-01	5.259158e-01	5.079093e-01	4.714725e-01	5.046856e-01	4.750639e-01	5.297601e-01	5.112118e-01	5.136024e-01	4.675101e-01	0.000000e+00	1	1.092855e-01
8.399819e-02	3.345646e-01	9.392259e-01	7.759257e-01	8.434025e-01	5.114388e-01	4.930558e-01	5.016167e-01	5.076458e-01	4.892685e-01	5.103160e-01	4.963296e-01	4.935320e-01	5.053282e-01	4.953517e-01	0.000000e+00	1	1.063414e-01
5.262340e-01	5.651820e-01	6.529467e-01	4.468370e-01	5.227086e-01	4.999747e-01	5.238754e-01	4.687278e-01	4.872260e-01	5.304741e-01	5.058392e-01	5.014342e-01	4.242092e-01	5.114444e-01	5.522620e-01	0.000000e+00	1	1.057893e-01
2.610670e-02	9.488950e-01	3.482122e-01	2.238268e-01	9.824893e-01	5.119288e-01	4.507698e-01	5.110307e-01	5.488652e-01	4.940059e-01	5.573385e-01	4.855721e-01	5.263431e-01	4.651760e-01	4.756692e-01	0.000000e+00	1	1.056500e-01
9.781775e-01	1.713203e-01	1.596286e-01	1.014643e-01	1.103795e-01	4.975395e-01	5.245192e-01	5.107195e-01	5.125934e-01	5.422565e-01	4.786932e-01	5.505238e-01	5.078226e-01	5.070032e-01	4.943892e-01	0.000000e+00	1	1.014720e-01
1.400021e-01	9.892609e-01	9.807247e-02	6.229042e-02	9.104987e-01	4.426656e-01	5.054571e-01	4.880039e-01	4.981160e-01	4.997496e-01	5.048996e-01	5.144248e-01	4.986003e-01	5.115293e-01	5.094211e-01	0.000000e+00	1	9.887159e-02
4.341883e-01	4.638403e-01	7.904742e-01	5.689913e-01	5.210128e-01	5.241009e-01	4.445551e-01	4.871986e-01	4.743230e-01	4.903658e-01	4.511806e-01	5.245031e-01	5.190300e-01	4.798561e-01	5.763907e-01	0.000000e+00	1	9.835407e-02
4.476275e-01	4.781972e-01	7.680295e-01	5.504534e-01	5.210128e-01	5.298635e-01	4.445551e-01	4.906662e-01	4.743230e-01	5.008846e-01	4.454748e-01	5.245031e-01	5.137045e-01	4.798561e-01	4.769415e-01	0.000000e+00	1	9.682508e-02
8.715173e-01	2.325796e-01	5.172300e-01	3.314510e-01	1.660240e-01	4.416105e-01	4.468270e-01	5.089770e-01	4.817290e-01	5.240411e-01	3.398714e-01	5.767137e-01	5.125422e-01	5.077159e-01	4.714071e-01	0.000000e+00	1	9.345552e-02
7.270592e-01	7.044378e-01	2.146866e-02	1.349865e-02	4.899406e-01	5.006617e-01	5.238754e-01	4.717891e-01	4.288536e-01	4.938616e-01	5.141725e-01	5.013680e-01	4.236982e-01	5.044895e-01	5.080364e-01	0.000000e+00	1	9.259436e-02
5.688444e-01	5.259067e-01	6.550286e-01	4.468370e-01	4.750437e-01	5.006393e-01	5.238754e-01	4.717891e-01	4.288536e-01	5.304741e-01	5.058392e-01	5.013680e-01	4.269378e-01	5.413698e-01	5.080364e-01	0.000000e+00	1	9.210131e-02
3.193967e-01	1.019848e-01	9.490813e-01	7.838125e-01	1.967613e-01	5.260071e-01	5.024260e-01	4.899808e-01	4.743230e-01	5.008846e-01	4.464988e-01	4.660278e-01	5.143338e-01	5.278081e-01	4.887895e-01	0.000000e+00	1	9.029329e-02
1.839110e-01	7.635491e-01	6.275622e-01	4.291844e-01	8.495278e-01	5.038414e-01	5.062968e-01	4.590299e-01	5.026230e-01	5.002507e-01	5.016672e-01	5.018085e-01	4.953259e-01	4.990847e-01	4.404213e-01	0.000000e+00	1	9.020939e-02
7.611343e-01	2.720943e-01	5.907801e-01	4.018059e-01	2.185691e-01	5.003527e-01	4.948099e-01	4.844483e-01	4.816749e-01	4.936006e-01	4.867977e-01	5.163328e-01	4.943431e-01	5.082567e-01	4.981778e-01	0.000000e+00	1	8.988350e-02
8.163373e-01	6.211508e-01	3.034158e-02	1.882502e-02	4.140833e-01	4.985442e-01	5.035310e-01	4.452166e-01	6.249746e-01	4.955168e-01	5.604653e-01	5.277475e-01	4.540591e-01	4.771782e-01	4.771581e-01	0.000000e+00	1	8.697176e-02
2.149171e-01	6.954074e-01	6.936493e-01	4.846816e-01	8.091792e-01	5.037759e-01	5.062968e-01	5.054540e-01	5.050258e-01	4.996129e-01	5.016672e-01	5.209525e-01	4.970067e-01	4.990847e-01	5.699257e-01	0.000000e+00	1	8.609010e-02
7.708539e-01	6.487205e-01	2.606291e-01	1.611538e-01	4.453628e-01	5.706456e-01	5.512311e-01	5.153285e-01	6.528396e-01	4.944577e-01	5.602533e-01	5.006238e-01	4.315748e-01	4.667013e-01	4.988545e-01	0.000000e+00	1	8.504924e-02
1.919333e-02	9.736050e-01	2.851284e-01	1.813345e-01	9.874515e-01	4.444813e-01	5.007524e-01	5.677490e-01	4.981845e-01	4.961065e-01	5.048996e-01	4.995455e-01	5.464506e-01	5.109905e-01	5.684465e-01	0.000000e+00	1	8.320590e-02
8.448492e-01	5.400125e-01	1.650237e-01	1.038448e-01	3.620665e-01	5.231925e-01	5.713291e-01	5.423768e-01	5.048376e-01	4.815871e-01	5.081063e-01	4.529841e-01	5.652344e-01	5.404447e-01	4.849697e-01	0.000000e+00	1	8.197942e-02
1.590009e-01	3.001286e-02	9.907002e-01	8.969324e-01	1.187703e-01	4.951111e-01	5.044560e-01	5.186127e-01	4.980080e-01	5.575431e-01	5.049150e-01	5.047403e-01	5.066422e-01	4.998516e-01	4.944339e-01	0.000000e+00	1	8.156938e-02
2.295618e-02	1.003711e+00	6.762670e-02	4.281742e-02	9.854422e-01	4.426656e-01	4.594401e-01	5.078177e-01	4.981160e-01	4.933569e-01	5.048996e-01	5.144248e-01	5.295325e-01	5.077896e-01	5.065157e-01	0.000000e+00	1	8.103492e-02
5.523576e-01	1.175752e-01	8.383786e-01	6.226195e-01	1.335186e-01	5.048286e-01	4.472888e-01	5.348351e-01	4.867602e-01	5.413288e-01	4.428723e-01	5.202862e-01	4.997875e-01	5.155870e-01	4.679797e-01	0.000000e+00	1	7.939141e-02
6.498922e-01	7.581853e-01	1.751031e-01	1.105068e-01	5.488652e-01	3.892012e-01	5.023469e-01	4.954661e-01	4.743230e-01	5.008846e-01	5.078219e-01	4.801564e-01	5.126922e-01	5.068557e-01	4.854511e-01	0.000000e+00	1	7.652491e-02
2.659945e-01	8.864800e-01	3.881787e-01	2.528206e-01	8.144196e-01	5.037732e-01	5.062968e-01	5.030751e-01	4.980982e-01	4.996129e-01	5.016672e-01	4.976842e-01	4.970067e-01	4.990847e-01	4.404213e-01	0.000000e+00	1	7.601991e-02
8.770005e-01	1.202782e-01	4.937215e-01	3.238931e-01	8.676933e-02	4.882166e-01	4.521760e-01	5.089770e-01	5.540245e-01	5.254166e-01	4.746792e-01	5.767137e-01	4.930503e-01	5.077159e-01	4.703123e-01	0.000000e+00	1	7.582537e-02
2.810091e-01	4.391031e-02	9.644736e-01	8.174382e-01	9.867982e-02	4.939709e-01	5.032361e-01	4.907052e-01	4.961597e-01	5.049752e-01	5.011897e-01	4.299121e-01	4.924359e-01	5.198185e-01	5.000964e-01	0.000000e+00	1	7.499138e-02
1.914275e-01	4.385325e-01	8.817727e-01	6.834844e-01	7.379761e-01	5.014805e-01	4.678825e-01	4.826240e-01	4.786191e-01	4.982347e-01	4.828284e-01	5.246483e-01	5.080487e-01	5.089949e-01	4.802524e-01	0.000000e+00	1	7.439839e-02
4.782631e-01	2.408305e-01	8.578840e-01	6.447590e-01	2.969739e-01	4.507754e-01	4.808674e-01	5.377686e-01	4.981209e-01	5.595606e-01	4.983514e-01	5.503754e-01	5.130842e-01	5.068135e-01	4.724018e-01	0.000000e+00	1	7.227512e-02
1.280160e-01	8.622158e-01	5.023405e-01	3.328308e-01	9.061645e-01	4.942379e-01	5.249155e-01	4.958878e-01	4.979746e-01	5.042179e-01	4.981279e-01	4.285057e-01	5.109538e-01	4.963938e-01	4.892309e-01	0.000000e+00	1	7.155096e-02
6.748257e-01	1.453175e-01	7.410447e-01	5.225627e-01	1.350283e-01	5.048286e-01	4.491870e-01	5.324795e-01	4.867602e-01	5.413288e-01	4.428723e-01	5.202862e-01	4.997875e-01	5.320672e-01	5.499884e-01	0.000000e+00	1	7.053072e-02
4.941094e-01	4.986988e-01	7.145585e-01	5.056307e-01	5.029429e-01	5.008977e-01	5.051907e-01	5.096648e-01	5.005136e-01	5.021444e-01	5.025733e-01	4.993094e-01	4.861348e-01	4.682860e-01	5.196620e-01	0.000000e+00	1	7.019395e-02
5.898838e-01	6.376150e-01	5.016191e-01	3.333971e-01	5.247425e-01	5.032468e-01	5.043005e-01	5.058023e-01	4.982620e-01	5.044676e-01	4.722537e-01	4.796560e-01	5.082478e-01	4.962922e-01	5.413865e-01	0.000000e+00	1	7.014969e-02
6.244019e-02	5.130868e-01	8.699981e-01	6.587239e-01	9.229055e-01	5.304525e-01	5.142236e-01	5.597920e-01	5.714388e-01	4.811276e-01	4.886977e-01	5.264950e-01	4.934818e-01	4.827527e-01	4.750758e-01	0.000000e+00	1	7.014172e-02
9.223391e-01	3.600999e-01	2.126692e-01	1.346910e-01	2.369631e-01	5.306268e-01	5.462014e-01	5.313186e-01	4.835925e-01	4.942818e-01	4.687224e-01	5.022968e-01	4.228134e-01	4.703457e-01	4.765964e-01	0.000000e+00	1	6.829358e-02
7.368202e-03	6.703000e-01	7.443340e-01	5.332676e-01	9.930023e-01	5.008977e-01	5.023795e-01	5.096648e-01	4.992925e-01	5.021344e-01	4.835890e-01	4.986579e-01	5.097723e-01	4.683175e-01	4.852369e-01	0.000000e+00	1	6.808036e-02
2.267202e-01	9.630879e-01	1.984058e-01	1.259894e-01	8.528134e-01	5.030671e-01	4.839002e-01	5.068260e-01	4.982790e-01	4.657435e-01	4.925853e-01	4.922284e-01	5.862118e-01	5.084492e-01	5.004097e-01	0.000000e+00	1	6.769522e-02
5.020656e-01	7.979515e-01	3.664165e-01	2.359921e-01	6.424687e-01	5.017294e-01	4.877152e-01	5.341731e-01	4.610435e-01	4.942950e-01	5.514352e-01	5.203293e-01	5.182087e-01	5.227133e-01	5.684465e-01	0.000000e+00	1	6.759794e-02
5.618788e-01	5.901331e-02	8.387301e-01	6.226195e-01	6.661901e-02	5.048286e-01	4.472888e-01	5.348351e-01	4.861506e-01	5.413288e-01	4.428723e-01	5.202862e-01	5.170710e-01	4.810558e-01	4.679797e-01	0.000000e+00	1	6.749737e-02
8.486469e-01	1.797679e-01	5.278788e-01	3.480156e-01	1.328900e-01	4.993446e-01	5.402375e-01	4.921027e-01	4.968310e-01	5.286762e-01	4.294103e-01	4.404152e-01	4.400405e-01	4.717761e-01	5.053114e-01	0.000000e+00	1	6.419569e-02
9.833435e-02	5.097557e-01	8.738383e-01	6.587239e-01	8.786831e-01	5.704712e-01	5.142236e-01	5.348543e-01	5.714388e-01	4.813035e-01	4.883046e-01	5.264950e-01	5.053574e-01	4.827527e-01	5.584877e-01	0.000000e+00	1	6.377447e-02
2.533902e-01	9.639753e-01	1.880423e-01	1.187098e-01	8.363602e-01	5.030671e-01	4.818311e-01	5.068260e-01	4.982790e-01	4.250078e-01	4.987937e-01	5.280543e-01	4.478563e-01	4.308667e-01	4.976974e-01	0.000000e+00	1	6.296766e-02
4.314017e-01	8.206403e-01	4.029614e-01	2.610167e-01	6.918843e-01	5.020287e-01	4.507698e-01	5.342203e-01	5.060124e-01	4.992249e-01	5.573385e-01	5.571776e-01	5.267116e-01	4.989332e-01	4.988545e-01	0.000000e+00	1	6.181404e-02
