3.698551e-30	1.620978e-15	1.003363e+00	1.000000e+00	1.000000e+00	5.027134e-01	5.051907e-01	4.979522e-01	5.090710e-01	5.021444e-01	4.835890e-01	4.991877e-01	4.680723e-01	5.094816e-01	5.431135e-01	0.000000e+00	1	1.000000e+14
1.551673e-02	1.020067e+00	2.849879e-03	1.778387e-03	9.903168e-01	3.879167e-01	4.625127e-01	4.901224e-01	4.741404e-01	4.679153e-01	4.604309e-01	4.665183e-01	4.843619e-01	4.809491e-01	4.663639e-01	0.000000e+00	1	1.000000e+14
1.012588e+00	6.412115e-06	4.414719e-17	2.775558e-17	4.031331e-06	5.006606e-01	5.240270e-01	5.141733e-01	4.529497e-01	5.320358e-01	4.274798e-01	5.234089e-01	4.479473e-01	5.071174e-01	4.983972e-01	0.000000e+00	1	1.000000e+14
1.616167e-15	6.097884e-25	1.000385e+00	1.000000e+00	2.402001e-10	5.114388e-01	4.919730e-01	5.002246e-01	5.076458e-01	4.969495e-01	5.029940e-01	4.963296e-01	4.925126e-01	5.065614e-01	4.993681e-01	0.000000e+00	1	1.000000e+14
2.557924e-01	9.668232e-01	4.360221e-17	2.775558e-17	8.353422e-01	5.033129e-01	5.050979e-01	5.030751e-01	4.980982e-01	4.996129e-01	5.049815e-01	4.976842e-01	4.976221e-01	4.990847e-01	4.987656e-01	0.000000e+00	1	1.000000e+14
7.259794e-16	1.524522e-15	1.045192e+00	1.000000e+00	7.170683e-01	5.399349e-01	4.476769e-01	5.987809e-01	5.835392e-01	4.926932e-01	5.067391e-01	3.620575e-01	4.888979e-01	4.357627e-01	4.726842e-01	0.000000e+00	1	1.000000e+14
3.638167e-01	7.834460e-02	9.353173e-01	7.589191e-01	1.350283e-01	5.051554e-01	4.551773e-01	4.812043e-01	4.867602e-01	5.581352e-01	5.110729e-01	5.207810e-01	4.928544e-01	4.995964e-01	4.906273e-01	0.000000e+00	1	1.291958e-01
9.165145e-01	3.578258e-01	2.113262e-01	1.346910e-01	2.369631e-01	5.230018e-01	5.462014e-01	5.313186e-01	4.982935e-01	4.942818e-01	4.687224e-01	5.022968e-01	4.845849e-01	4.703457e-01	4.765964e-01	0.000000e+00	1	1.260581e-01
7.810583e-01	5.429471e-01	4.194888e-01	2.644138e-01	3.867202e-01	5.050328e-01	4.535764e-01	5.059681e-01	6.712669e-01	5.298363e-01	5.007825e-01	4.968594e-01	4.254881e-01	5.394530e-01	5.080364e-01	0.000000e+00	1	1.226435e-01
4.538202e-02	7.093012e-01	7.089009e-01	4.991701e-01	9.593237e-01	5.037759e-01	4.504226e-01	5.054540e-01	5.157341e-01	4.942461e-01	5.013603e-01	4.883025e-01	4.970067e-01	5.018736e-01	4.697852e-01	0.000000e+00	1	1.213821e-01
6.124349e-01	8.089321e-01	3.097104e-02	1.942670e-02	5.874553e-01	5.006606e-01	5.057796e-01	5.141733e-01	4.522330e-01	5.060300e-01	4.323633e-01	4.808156e-01	4.479473e-01	5.071174e-01	4.304735e-01	0.000000e+00	1	1.206572e-01
1.300228e-01	7.293710e-01	6.804694e-01	4.729629e-01	8.876915e-01	5.030559e-01	5.192203e-01	5.038355e-01	5.007900e-01	4.959509e-01	4.419244e-01	4.705215e-01	5.158780e-01	5.069814e-01	4.684954e-01	0.000000e+00	1	1.205524e-01
3.614271e-01	9.356182e-01	2.624589e-01	1.629333e-01	7.653175e-01	5.680500e-01	4.483994e-01	6.121303e-01	4.953558e-01	4.926932e-01	4.696339e-01	3.836061e-01	4.888979e-01	5.462127e-01	5.100817e-01	0.000000e+00	1	1.175969e-01
8.457268e-01	1.760988e-01	5.080843e-01	3.384665e-01	1.306908e-01	5.032385e-01	5.233909e-01	4.922516e-01	4.699415e-01	4.975384e-01	4.751617e-01	5.017024e-01	4.946906e-01	5.054238e-01	4.997666e-01	0.000000e+00	1	1.163798e-01
7.790842e-01	2.785111e-01	5.642561e-01	3.810391e-01	2.185691e-01	5.003527e-01	4.993386e-01	4.831934e-01	4.835267e-01	4.936006e-01	4.765855e-01	5.010224e-01	4.934287e-01	5.080318e-01	4.855284e-01	0.000000e+00	1	1.113513e-01
8.520566e-02	6.542924e-01	7.769771e-01	5.517971e-01	9.175597e-01	5.111121e-01	4.930558e-01	5.004880e-01	5.333067e-01	4.785997e-01	5.103160e-01	3.856723e-01	5.005476e-01	5.377990e-01	5.547128e-01	0.000000e+00	1	1.082970e-01
4.590027e-01	8.759627e-01	1.825014e-01	1.161768e-01	6.927283e-01	4.902725e-01	5.118871e-01	4.855750e-01	4.820666e-01	4.994992e-01	5.540042e-01	4.801564e-01	5.362207e-01	5.059025e-01	4.854511e-01	0.000000e+00	1	1.056836e-01
1.733924e-01	5.041498e-01	8.541315e-01	6.447590e-01	7.891150e-01	4.354631e-01	5.013602e-01	5.377686e-01	4.976213e-01	4.939540e-01	4.986306e-01	5.156082e-01	5.131757e-01	5.068135e-01	4.724018e-01	0.000000e+00	1	1.056758e-01
9.714190e-01	2.079199e-01	1.273003e-01	8.113638e-02	1.342350e-01	5.031847e-01	4.991446e-01	4.979522e-01	4.697154e-01	5.021449e-01	4.781055e-01	5.018058e-01	4.964280e-01	5.053921e-01	4.908894e-01	0.000000e+00	1	1.020998e-01
6.809312e-01	4.390294e-01	5.921589e-01	4.018059e-01	3.645760e-01	5.094126e-01	4.948099e-01	4.831092e-01	4.816749e-01	4.936006e-01	4.867977e-01	4.663978e-01	4.943431e-01	5.375581e-01	4.981778e-01	0.000000e+00	1	1.017759e-01
7.646102e-01	6.781011e-01	6.432670e-02	4.001797e-02	4.618721e-01	4.196772e-01	4.921582e-01	4.234991e-01	5.172666e-01	5.222320e-01	4.003966e-01	5.167271e-01	5.078809e-01	5.076592e-01	4.770579e-01	0.000000e+00	1	1.015621e-01
2.943230e-01	3.887554e-01	8.951709e-01	6.824744e-01	5.874553e-01	5.108338e-01	5.096263e-01	5.141733e-01	4.512433e-01	5.060300e-01	4.308008e-01	4.736320e-01	4.254153e-01	5.071174e-01	4.262793e-01	0.000000e+00	1	1.005068e-01
4.807875e-01	5.228142e-01	7.502112e-01	5.174035e-01	5.266434e-01	5.032468e-01	5.043606e-01	5.038486e-01	5.007900e-01	5.040470e-01	4.681835e-01	4.704096e-01	5.110361e-01	5.067754e-01	6.760372e-01	0.000000e+00	1	9.991763e-02
5.908059e-01	1.272246e-01	8.049472e-01	5.900114e-01	1.350283e-01	5.048286e-01	4.551773e-01	5.012316e-01	4.867602e-01	5.080757e-01	5.110729e-01	5.207810e-01	4.998701e-01	5.320672e-01	5.520587e-01	0.000000e+00	1	9.809184e-02
8.638787e-01	5.773384e-01	4.530048e-17	2.775558e-17	3.750576e-01	5.006301e-01	3.836918e-01	5.141733e-01	6.456890e-01	5.320358e-01	4.973626e-01	4.815833e-01	4.479473e-01	5.009685e-01	4.980315e-01	0.000000e+00	1	9.574038e-02
6.721988e-01	6.798319e-01	3.392746e-01	2.170933e-01	5.035941e-01	5.690385e-01	5.084265e-01	5.352579e-01	5.001156e-01	5.025733e-01	5.116148e-01	4.370064e-01	5.205547e-01	4.665470e-01	5.522361e-01	0.000000e+00	1	9.135632e-02
1.400367e-01	9.895052e-01	9.242661e-02	5.871097e-02	9.104987e-01	4.923957e-01	4.792944e-01	5.000658e-01	4.976607e-01	4.981476e-01	4.741599e-01	5.033497e-01	5.175618e-01	5.453718e-01	5.094211e-01	0.000000e+00	1	8.964329e-02
4.142226e-01	7.907884e-01	4.533082e-01	2.991224e-01	6.928224e-01	5.014399e-01	5.051305e-01	5.089203e-01	4.965877e-01	5.000741e-01	5.095552e-01	4.922607e-01	4.861348e-01	5.188966e-01	5.196620e-01	0.000000e+00	1	8.942821e-02
6.308361e-01	7.755331e-01	1.060433e-01	6.727774e-02	5.652702e-01	5.144401e-01	4.514666e-01	5.033063e-01	4.592738e-01	4.935333e-01	4.884698e-01	4.762125e-01	5.125830e-01	5.132500e-01	4.981778e-01	0.000000e+00	1	8.608307e-02
5.495728e-01	1.251151e-01	8.367488e-01	6.226195e-01	1.425033e-01	5.048286e-01	4.516651e-01	5.025720e-01	5.054618e-01	5.394566e-01	4.458027e-01	5.202862e-01	4.944069e-01	5.227724e-01	4.679797e-01	0.000000e+00	1	8.469093e-02
9.648123e-01	2.454272e-01	1.275716e-01	8.113638e-02	1.585788e-01	5.033001e-01	5.031149e-01	4.979522e-01	4.853147e-01	5.021449e-01	4.516055e-01	5.057109e-01	4.700790e-01	5.097797e-01	4.917221e-01	0.000000e+00	1	8.430877e-02
1.874193e-01	8.547707e-01	5.014036e-01	3.312440e-01	8.625876e-01	5.117950e-01	4.477327e-01	5.091271e-01	5.077009e-01	4.973371e-01	4.984863e-01	5.598232e-01	5.438312e-01	4.954331e-01	4.986226e-01	0.000000e+00	1	8.226134e-02
4.334189e-01	9.101591e-01	1.678500e-01	1.050358e-01	7.170683e-01	5.300932e-01	4.476769e-01	5.987809e-01	5.835392e-01	4.926932e-01	5.067391e-01	5.222454e-01	4.891627e-01	4.705169e-01	4.975147e-01	0.000000e+00	1	8.199355e-02
5.630517e-01	2.921473e-02	8.370077e-01	6.226195e-01	3.300232e-02	5.048286e-01	4.537522e-01	5.102362e-01	5.054618e-01	5.413288e-01	4.458027e-01	5.202862e-01	5.170710e-01	5.227724e-01	4.679797e-01	0.000000e+00	1	8.132424e-02
1.527028e-01	6.082150e-01	7.889383e-01	5.724489e-01	8.434025e-01	5.111121e-01	5.090091e-01	5.005172e-01	5.076458e-01	5.492222e-01	5.048457e-01	4.678563e-01	4.977817e-01	5.325863e-01	5.547128e-01	0.000000e+00	1	8.092009e-02
8.961041e-01	1.899375e-01	4.399513e-01	2.850499e-01	1.329694e-01	5.383474e-01	4.465645e-01	5.022652e-01	4.951622e-01	5.286762e-01	4.611963e-01	4.496502e-01	4.214094e-01	5.273560e-01	5.066757e-01	0.000000e+00	1	8.077167e-02
9.383342e-01	3.354406e-01	1.057024e-01	6.727774e-02	2.185691e-01	5.144401e-01	4.948099e-01	5.101836e-01	4.726213e-01	4.932909e-01	4.905953e-01	4.762125e-01	4.893626e-01	5.132500e-01	4.981778e-01	0.000000e+00	1	7.928990e-02
3.439294e-01	9.034496e-01	2.959827e-01	1.891496e-01	7.684326e-01	4.458594e-01	4.195592e-01	5.082397e-01	4.976644e-01	5.154661e-01	4.932511e-01	5.153834e-01	5.270471e-01	5.162680e-01	5.019657e-01	0.000000e+00	1	7.922376e-02
4.797964e-01	1.018656e-01	8.896765e-01	6.792384e-01	1.331831e-01	5.383474e-01	4.506303e-01	5.022652e-01	4.951622e-01	5.286762e-01	4.603503e-01	4.496502e-01	4.214094e-01	5.289636e-01	5.066757e-01	0.000000e+00	1	7.653706e-02
8.896109e-01	2.914579e-01	3.970494e-01	2.553724e-01	2.015560e-01	3.848778e-01	4.981221e-01	5.075960e-01	5.079993e-01	5.006775e-01	5.094842e-01	5.571776e-01	4.890325e-01	4.998864e-01	4.988545e-01	0.000000e+00	1	7.649814e-02
1.169618e-01	1.344950e-01	9.880715e-01	8.863819e-01	5.443173e-01	4.983853e-01	4.561977e-01	4.671026e-01	4.979356e-01	5.039813e-01	5.074106e-01	5.019164e-01	4.935285e-01	4.988573e-01	4.701050e-01	0.000000e+00	1	7.625993e-02
2.335479e-01	9.316486e-01	2.905891e-01	1.870337e-01	8.436329e-01	5.012657e-01	4.892090e-01	5.018923e-01	5.086355e-01	5.420855e-01	5.152565e-01	4.678563e-01	5.141204e-01	5.053282e-01	4.967243e-01	0.000000e+00	1	7.602084e-02
5.576316e-01	5.482434e-02	8.318282e-01	6.226195e-01	6.238967e-02	5.012450e-01	4.956415e-01	4.890616e-01	4.812250e-01	5.289751e-01	5.069912e-01	4.983288e-01	4.994504e-01	5.227724e-01	4.677314e-01	0.000000e+00	1	7.533536e-02
1.839110e-01	7.635491e-01	6.275622e-01	4.291844e-01	8.495278e-01	5.038414e-01	5.062968e-01	4.590299e-01	5.026230e-01	5.002507e-01	5.016672e-01	5.018085e-01	4.953259e-01	4.990847e-01	4.404213e-01	0.000000e+00	1	7.216066e-02
5.020656e-01	7.979515e-01	3.664165e-01	2.359921e-01	6.424687e-01	5.017294e-01	4.877152e-01	5.341731e-01	4.610435e-01	4.942950e-01	5.514352e-01	5.203293e-01	5.182087e-01	5.227133e-01	5.684465e-01	0.000000e+00	1	7.174208e-02
7.221133e-01	2.581448e-01	6.438612e-01	4.446308e-01	2.185691e-01	5.003527e-01	4.956915e-01	4.831934e-01	4.816749e-01	4.936006e-01	4.765855e-01	5.010224e-01	4.934287e-01	5.050099e-01	4.949548e-01	0.000000e+00	1	7.114467e-02
4.377411e-01	8.439057e-01	3.373710e-01	2.170933e-01	6.953761e-01	4.937361e-01	5.084265e-01	4.928904e-01	4.961898e-01	5.043899e-01	5.116148e-01	4.299095e-01	5.205547e-01	5.193638e-01	5.522361e-01	0.000000e+00	1	7.083638e-02
7.983921e-02	3.179993e-01	9.541823e-01	7.892961e-01	8.434025e-01	5.114388e-01	4.930558e-01	5.016167e-01	5.076458e-01	5.864250e-01	5.103160e-01	4.678563e-01	4.935320e-01	5.053282e-01	4.953517e-01	0.000000e+00	1	7.080416e-02
2.810091e-01	4.391031e-02	9.644736e-01	8.174382e-01	9.867982e-02	4.939709e-01	5.032361e-01	4.907052e-01	4.961597e-01	5.049752e-01	5.011897e-01	4.299121e-01	4.924359e-01	5.198185e-01	5.000964e-01	0.000000e+00	1	7.057377e-02
7.552756e-01	2.374044e-01	6.207968e-01	4.233424e-01	1.938822e-01	5.003527e-01	4.948099e-01	4.613109e-01	5.044398e-01	4.826047e-01	4.875878e-01	5.163328e-01	4.940099e-01	5.073634e-01	4.390101e-01	0.000000e+00	1	7.022147e-02
4.927691e-01	1.630415e-01	8.657032e-01	6.561641e-01	2.034192e-01	5.129086e-01	4.366566e-01	4.834626e-01	5.078322e-01	4.981167e-01	4.418564e-01	5.198088e-01	4.945089e-01	5.057497e-01	4.679797e-01	0.000000e+00	1	6.987283e-02
8.214507e-01	5.201754e-06	5.968779e-01	4.000299e-01	4.031331e-06	5.038275e-01	5.240270e-01	5.141733e-01	4.519674e-01	4.980902e-01	4.274798e-01	5.020112e-01	4.479473e-01	4.346191e-01	4.927476e-01	0.000000e+00	1	6.956969e-02
2.506267e-01	9.183938e-01	3.492112e-01	2.238268e-01	8.303982e-01	5.009519e-01	5.079174e-01	5.109155e-01	5.497005e-01	4.993727e-01	5.576454e-01	5.132122e-01	5.263431e-01	4.623870e-01	5.758097e-01	0.000000e+00	1	6.900311e-02
3.375982e-01	8.868183e-01	3.367405e-01	2.170933e-01	7.684326e-01	5.059875e-01	5.028393e-01	5.313215e-01	4.976644e-01	4.911074e-01	5.116148e-01	4.298458e-01	5.205547e-01	5.171577e-01	5.003159e-01	0.000000e+00	1	6.804728e-02
7.342298e-01	1.856360e-01	6.600479e-01	4.563724e-01	1.576534e-01	5.054235e-01	4.749806e-01	5.368360e-01	4.793044e-01	5.349405e-01	4.805318e-01	5.014998e-01	4.933267e-01	5.220326e-01	4.949548e-01	0.000000e+00	1	6.646302e-02
6.941814e-01	3.875974e-02	7.644805e-01	5.301645e-01	3.550891e-02	5.032468e-01	5.226080e-01	5.038486e-01	5.015067e-01	5.040470e-01	4.648625e-01	5.201864e-01	5.110361e-01	5.067754e-01	6.760372e-01	0.000000e+00	1	6.629377e-02
