1.183731e-02	1.048537e+00	2.929265e-03	1.778387e-03	9.928133e-01	3.888973e-01	4.972213e-01	5.042795e-01	5.115183e-01	6.791462e-01	4.631675e-01	4.664748e-01	4.832833e-01	5.078170e-01	4.654953e-01	0.000000e+00	1	1.000000e+14
1.616167e-15	6.097884e-25	1.000385e+00	1.000000e+00	2.402001e-10	5.114388e-01	4.919730e-01	5.002246e-01	5.076458e-01	4.969495e-01	5.029940e-01	4.963296e-01	4.925126e-01	5.065614e-01	4.993681e-01	0.000000e+00	1	1.000000e+14
3.697712e-30	1.620610e-15	1.003136e+00	1.000000e+00	1.000000e+00	5.027134e-01	4.994605e-01	5.064964e-01	5.090776e-01	5.007266e-01	5.093999e-01	4.994298e-01	4.668988e-01	4.994746e-01	5.426405e-01	0.000000e+00	1	1.000000e+14
1.006757e+00	6.375186e-06	4.389294e-17	2.775558e-17	4.031331e-06	5.000787e-01	5.240270e-01	4.966324e-01	4.532307e-01	5.551183e-01	4.711047e-01	5.009168e-01	4.930686e-01	5.072437e-01	4.974841e-01	0.000000e+00	1	1.000000e+14
2.557924e-01	9.668232e-01	4.360221e-17	2.775558e-17	8.353422e-01	5.033129e-01	5.050979e-01	5.030751e-01	4.980982e-01	4.996129e-01	5.049815e-01	4.976842e-01	4.976221e-01	4.990847e-01	4.987656e-01	0.000000e+00	1	1.000000e+14
7.108331e-16	1.492716e-15	1.023386e+00	1.000000e+00	7.170683e-01	5.454651e-01	5.088510e-01	5.092498e-01	5.880739e-01	4.926932e-01	4.256552e-01	4.757453e-01	4.198290e-01	4.949574e-01	4.721443e-01	0.000000e+00	1	1.000000e+14
1.400367e-01	9.895052e-01	9.242661e-02	5.871097e-02	9.104987e-01	4.923957e-01	4.792944e-01	5.000658e-01	4.976607e-01	4.981476e-01	4.741599e-01	5.033497e-01	5.175618e-01	5.453718e-01	5.094211e-01	0.000000e+00	1	1.536849e-01
7.983921e-02	3.179993e-01	9.541823e-01	7.892961e-01	8.434025e-01	5.114388e-01	4.930558e-01	5.016167e-01	5.076458e-01	5.864250e-01	5.103160e-01	4.678563e-01	4.935320e-01	5.053282e-01	4.953517e-01	0.000000e+00	1	1.383562e-01
8.895585e-01	2.914408e-01	3.970260e-01	2.553724e-01	2.015560e-01	3.848778e-01	5.038473e-01	5.038693e-01	5.079927e-01	5.014314e-01	5.066635e-01	5.571776e-01	4.883080e-01	4.998864e-01	4.993275e-01	0.000000e+00	1	1.237109e-01
4.538202e-02	7.093012e-01	7.089009e-01	4.991701e-01	9.593237e-01	5.037759e-01	4.504226e-01	5.054540e-01	5.157341e-01	4.942461e-01	5.013603e-01	4.883025e-01	4.970067e-01	5.018736e-01	4.697852e-01	0.000000e+00	1	1.204313e-01
6.536275e-01	7.006305e-01	3.397543e-01	2.169290e-01	5.220867e-01	5.050328e-01	5.255812e-01	5.841712e-01	4.855031e-01	5.299215e-01	4.358133e-01	4.968594e-01	4.553910e-01	5.396635e-01	5.084389e-01	0.000000e+00	1	1.118433e-01
6.799887e-01	4.384217e-01	5.913393e-01	4.018059e-01	3.645760e-01	5.029028e-01	4.948099e-01	5.035089e-01	4.816749e-01	4.936006e-01	4.867977e-01	4.956840e-01	4.943431e-01	5.385379e-01	4.981778e-01	0.000000e+00	1	1.070840e-01
7.338023e-01	1.855280e-01	6.596636e-01	4.563724e-01	1.576534e-01	4.550905e-01	4.749806e-01	5.178689e-01	4.793044e-01	4.990240e-01	5.079187e-01	5.014998e-01	4.932245e-01	5.220326e-01	4.949548e-01	0.000000e+00	1	1.048934e-01
9.927681e-01	9.591780e-02	1.753573e-01	1.107956e-01	6.131767e-02	5.144401e-01	4.683489e-01	5.101836e-01	4.726213e-01	4.938676e-01	4.026843e-01	4.774404e-01	4.893626e-01	5.222156e-01	4.986721e-01	0.000000e+00	1	1.048841e-01
3.865895e-01	6.465410e-01	6.676793e-01	4.616853e-01	6.569258e-01	5.049507e-01	4.777446e-01	5.368360e-01	4.793044e-01	4.939343e-01	4.750844e-01	5.014998e-01	4.440215e-01	5.220326e-01	4.949548e-01	0.000000e+00	1	1.021073e-01
3.731647e-01	4.928930e-01	7.961682e-01	5.796765e-01	5.874553e-01	4.993546e-01	5.109439e-01	5.141733e-01	4.512433e-01	5.060300e-01	5.162333e-01	5.003184e-01	4.925916e-01	4.997820e-01	4.296132e-01	0.000000e+00	1	9.862248e-02
8.616472e-01	5.758471e-01	4.518346e-17	2.775558e-17	3.750576e-01	5.006301e-01	3.836918e-01	5.141733e-01	6.456890e-01	5.320358e-01	4.973626e-01	4.853376e-01	4.887009e-01	4.952003e-01	4.980315e-01	0.000000e+00	1	9.835891e-02
7.652530e-01	2.156884e-01	6.194922e-01	4.213844e-01	1.748958e-01	4.533199e-01	4.749806e-01	5.178689e-01	5.105071e-01	4.990240e-01	4.355139e-01	5.014998e-01	4.930208e-01	5.212201e-01	4.949548e-01	0.000000e+00	1	9.709103e-02
7.445333e-01	5.175570e-01	5.288048e-01	3.361132e-01	3.867202e-01	5.026447e-01	4.535764e-01	4.829617e-01	6.928894e-01	5.041247e-01	5.007825e-01	4.529225e-01	4.274189e-01	4.962060e-01	4.499438e-01	0.000000e+00	1	9.328897e-02
8.120767e-01	6.067460e-01	3.032797e-02	1.904057e-02	4.085042e-01	5.113205e-01	4.921582e-01	5.151100e-01	5.172666e-01	4.942199e-01	4.044332e-01	4.814487e-01	5.581945e-01	5.005042e-01	4.765338e-01	0.000000e+00	1	9.083530e-02
5.040227e-01	6.657364e-01	5.675296e-01	3.800295e-01	5.874553e-01	4.987355e-01	5.096263e-01	5.147820e-01	4.710297e-01	5.087814e-01	5.093096e-01	4.719825e-01	4.956418e-01	5.191457e-01	4.155358e-01	0.000000e+00	1	9.012132e-02
8.368159e-01	5.398635e-01	1.837770e-01	1.161768e-01	3.647520e-01	5.120720e-01	4.682031e-01	5.138019e-01	4.605999e-01	4.964907e-01	5.054502e-01	4.202079e-01	4.441330e-01	5.059025e-01	4.858889e-01	0.000000e+00	1	8.780808e-02
1.933741e-01	8.197102e-01	6.325647e-01	4.101040e-01	8.525144e-01	5.012880e-01	5.025750e-01	4.969771e-01	5.862631e-01	4.917989e-01	5.709169e-01	3.108546e-01	5.279513e-01	5.485633e-01	4.571453e-01	0.000000e+00	1	8.768597e-02
6.278663e-01	7.718822e-01	1.260009e-01	8.019120e-02	5.652702e-01	5.112799e-01	4.514666e-01	5.033063e-01	5.072290e-01	4.935333e-01	5.054997e-01	4.995072e-01	4.833475e-01	5.066423e-01	4.981941e-01	0.000000e+00	1	8.691419e-02
4.230193e-01	7.815870e-01	5.126283e-01	3.330783e-01	6.841818e-01	5.888988e-01	4.874629e-01	5.279781e-01	4.707288e-01	4.796083e-01	5.054688e-01	4.969818e-01	4.276859e-01	3.972678e-01	4.944605e-01	0.000000e+00	1	8.524612e-02
1.166895e-01	1.341818e-01	9.857707e-01	8.863819e-01	5.443173e-01	4.982672e-01	4.966811e-01	4.821049e-01	4.979514e-01	5.039813e-01	5.074106e-01	4.655283e-01	4.919598e-01	5.002063e-01	4.956510e-01	0.000000e+00	1	8.506091e-02
7.933203e-01	6.183771e-01	3.009299e-02	1.904057e-02	4.215077e-01	4.987381e-01	5.108329e-01	5.151100e-01	4.711979e-01	4.942199e-01	5.055951e-01	4.814487e-01	5.645750e-01	5.005042e-01	4.765338e-01	0.000000e+00	1	8.474202e-02
3.258790e-01	5.876402e-01	8.148964e-01	5.610171e-01	6.776578e-01	5.616701e-01	5.302005e-01	5.141733e-01	5.121176e-01	5.060300e-01	4.323633e-01	4.806602e-01	4.485587e-01	2.984842e-01	5.538947e-01	0.000000e+00	1	8.412332e-02
9.950363e-01	1.988173e-02	2.031831e-01	1.282078e-01	1.271855e-02	5.528387e-01	4.474540e-01	5.104350e-01	4.881274e-01	4.926788e-01	5.939451e-01	5.279141e-01	4.895537e-01	5.137824e-01	4.981754e-01	0.000000e+00	1	8.086631e-02
2.472635e-01	4.235276e-01	9.003480e-01	6.824744e-01	6.635866e-01	5.053037e-01	4.744240e-01	5.141733e-01	4.512433e-01	5.060300e-01	5.129657e-01	4.736320e-01	3.750598e-01	5.068564e-01	4.262793e-01	0.000000e+00	1	7.934000e-02
3.651290e-01	4.717949e-01	8.080841e-01	5.951420e-01	5.807021e-01	4.993546e-01	5.109439e-01	5.157682e-01	4.626501e-01	5.438763e-01	5.162333e-01	5.208115e-01	4.926747e-01	5.007460e-01	5.022509e-01	0.000000e+00	1	7.933377e-02
9.288465e-01	2.861555e-01	2.522508e-01	1.616596e-01	1.902535e-01	5.050625e-01	4.948708e-01	4.924753e-01	4.856720e-01	4.948388e-01	4.497840e-01	5.192852e-01	4.730517e-01	5.097797e-01	4.915607e-01	0.000000e+00	1	7.886854e-02
2.335479e-01	9.316486e-01	2.905891e-01	1.870337e-01	8.436329e-01	5.012657e-01	4.892090e-01	5.018923e-01	5.086355e-01	5.420855e-01	5.152565e-01	4.678563e-01	5.141204e-01	5.053282e-01	4.967243e-01	0.000000e+00	1	7.866386e-02
9.817921e-01	2.482275e-01	1.093312e-01	6.846534e-02	1.576534e-01	4.550905e-01	4.749806e-01	6.142097e-01	4.793044e-01	5.184650e-01	5.090069e-01	5.014998e-01	4.932245e-01	5.215183e-01	4.609836e-01	0.000000e+00	1	7.813401e-02
3.611890e-01	9.350020e-01	2.622861e-01	1.629333e-01	7.653175e-01	5.680500e-01	4.992057e-01	6.067369e-01	5.004644e-01	5.034488e-01	4.380938e-01	3.836061e-01	4.888979e-01	5.462127e-01	5.203426e-01	0.000000e+00	1	7.785746e-02
7.919250e-01	2.312074e-01	6.119724e-01	4.063102e-01	1.808388e-01	5.050328e-01	4.506768e-01	6.207439e-01	5.091903e-01	5.050214e-01	4.879981e-01	5.140782e-01	4.275155e-01	5.440204e-01	4.499438e-01	0.000000e+00	1	7.658455e-02
6.766769e-01	3.778237e-02	7.452033e-01	5.301645e-01	3.550891e-02	5.032468e-01	5.592603e-01	5.038486e-01	5.015067e-01	5.040470e-01	4.648625e-01	5.201864e-01	4.651441e-01	4.992407e-01	5.297245e-01	0.000000e+00	1	7.482732e-02
2.771508e-01	3.533041e-01	9.186770e-01	7.105680e-01	5.765271e-01	5.210992e-01	5.439655e-01	5.141733e-01	4.083831e-01	4.954783e-01	4.665501e-01	4.736320e-01	4.373231e-01	5.194245e-01	4.262793e-01	0.000000e+00	1	7.367850e-02
4.833579e-01	7.398145e-01	4.871020e-01	3.207038e-01	6.315711e-01	4.764033e-01	4.561977e-01	4.671026e-01	4.612013e-01	4.944343e-01	5.551210e-01	5.018512e-01	4.935285e-01	4.986534e-01	4.701050e-01	0.000000e+00	1	7.335793e-02
5.919543e-01	8.168221e-01	4.398053e-17	2.775558e-17	6.007667e-01	5.000787e-01	5.281769e-01	4.997930e-01	4.532307e-01	5.320358e-01	4.318226e-01	4.984511e-01	4.930185e-01	5.072437e-01	4.974841e-01	0.000000e+00	1	7.193469e-02
1.771842e-01	1.507003e-02	9.857733e-01	8.863819e-01	5.401636e-02	4.982672e-01	4.661108e-01	4.821049e-01	4.979514e-01	5.039813e-01	5.081456e-01	4.972831e-01	4.919598e-01	5.058709e-01	4.956203e-01	0.000000e+00	1	7.172747e-02
9.186331e-01	1.527414e-03	4.649348e-01	2.982740e-01	1.058508e-03	5.042944e-01	4.537522e-01	5.102279e-01	5.330427e-01	5.328393e-01	4.633892e-01	5.203973e-01	5.170710e-01	3.657377e-01	4.287071e-01	0.000000e+00	1	7.010986e-02
3.703340e-01	8.836458e-01	2.930616e-01	1.889725e-01	7.473506e-01	4.972082e-01	4.949487e-01	4.923294e-01	5.094298e-01	4.964907e-01	4.678698e-01	4.795940e-01	4.936244e-01	5.059025e-01	4.854511e-01	0.000000e+00	1	6.836100e-02
2.927352e-01	3.866581e-01	8.903417e-01	6.824744e-01	5.874553e-01	5.108338e-01	5.096263e-01	5.141299e-01	4.512433e-01	5.047981e-01	4.308008e-01	4.787503e-01	4.254153e-01	5.071185e-01	4.860797e-01	0.000000e+00	1	6.739107e-02
4.560804e-01	9.161089e-01	1.517613e-01	9.372579e-02	7.059312e-01	5.532025e-01	4.507122e-01	5.385551e-01	6.449277e-01	4.955075e-01	5.095010e-01	5.017524e-01	4.894706e-01	5.305459e-01	4.248769e-01	0.000000e+00	1	6.673218e-02
5.020656e-01	7.979515e-01	3.664165e-01	2.359921e-01	6.424687e-01	5.017294e-01	4.877152e-01	5.341731e-01	4.610435e-01	4.942950e-01	5.514352e-01	5.203293e-01	5.182087e-01	5.227133e-01	5.684465e-01	0.000000e+00	1	6.617346e-02
5.255166e-01	5.419126e-02	8.752283e-01	6.542675e-01	6.541699e-02	5.042944e-01	4.525756e-01	6.282565e-01	5.052532e-01	5.358751e-01	5.071086e-01	5.175486e-01	5.214213e-01	5.209998e-01	4.679797e-01	0.000000e+00	1	6.610626e-02
3.327943e-01	9.302442e-01	2.719813e-01	1.710189e-01	7.812818e-01	3.740626e-01	5.287561e-01	5.060881e-01	5.117099e-01	5.194736e-01	4.380938e-01	4.685979e-01	4.887885e-01	5.462127e-01	5.203426e-01	0.000000e+00	1	6.578672e-02
5.442547e-01	7.188766e-01	4.542433e-01	2.970914e-01	5.874553e-01	4.987355e-01	5.096263e-01	5.147820e-01	4.710297e-01	5.087814e-01	5.093096e-01	4.719825e-01	4.956418e-01	5.191457e-01	4.155358e-01	0.000000e+00	1	6.235959e-02
6.475445e-01	8.726706e-05	7.680619e-01	5.540681e-01	8.579477e-05	5.114388e-01	4.478905e-01	5.002246e-01	5.058971e-01	4.969495e-01	5.029940e-01	5.190634e-01	4.925126e-01	5.065614e-01	4.647296e-01	0.000000e+00	1	6.195140e-02
7.057240e-01	1.795208e-01	7.025243e-01	4.885768e-01	1.585788e-01	5.050625e-01	5.203129e-01	4.979522e-01	4.796102e-01	5.021449e-01	4.727035e-01	5.185530e-01	4.014051e-01	5.097797e-01	4.917221e-01	0.000000e+00	1	6.151504e-02
3.053290e-01	7.635787e-01	6.194738e-01	4.110025e-01	7.578358e-01	5.464959e-01	4.506768e-01	6.207439e-01	5.091903e-01	4.935295e-01	5.213283e-01	5.140782e-01	4.170384e-01	5.440204e-01	4.716795e-01	0.000000e+00	1	6.095295e-02
1.096350e-01	1.418585e-01	9.938814e-01	8.863819e-01	5.811270e-01	5.476718e-01	4.661108e-01	4.754205e-01	4.979514e-01	5.044997e-01	5.081456e-01	4.972831e-01	4.919598e-01	5.073897e-01	4.246338e-01	0.000000e+00	1	6.090464e-02
2.714779e-01	7.027688e-01	6.965733e-01	4.750703e-01	7.653175e-01	5.680500e-01	5.214503e-01	5.103960e-01	5.026987e-01	4.813335e-01	4.370056e-01	3.836061e-01	4.888979e-01	5.467270e-01	5.261262e-01	0.000000e+00	1	6.063753e-02
3.027019e-01	3.998226e-01	8.789692e-01	6.699294e-01	5.874553e-01	4.987355e-01	5.096263e-01	5.148134e-01	4.439165e-01	5.087814e-01	5.015237e-01	4.726404e-01	4.151880e-01	5.191457e-01	5.108824e-01	0.000000e+00	1	6.018624e-02
4.488068e-01	5.231841e-02	9.244190e-01	7.105680e-01	7.387874e-02	4.993615e-01	5.439655e-01	5.208577e-01	4.083831e-01	4.949598e-01	4.665501e-01	4.736320e-01	6.263033e-01	5.194245e-01	4.972658e-01	0.000000e+00	1	5.974502e-02
