1.548703e-02	1.018115e+00	2.844425e-03	1.778387e-03	9.903168e-01	3.888973e-01	4.972213e-01	4.900654e-01	4.740720e-01	4.679153e-01	4.604309e-01	4.665183e-01	4.843619e-01	5.047188e-01	4.663639e-01	0.000000e+00	1	1.000000e+14
1.616167e-15	6.097884e-25	1.000385e+00	1.000000e+00	2.402001e-10	5.114388e-01	4.919730e-01	5.002246e-01	5.076458e-01	4.969495e-01	5.029940e-01	4.963296e-01	4.925126e-01	5.065614e-01	4.993681e-01	0.000000e+00	1	1.000000e+14
1.012259e+00	6.410028e-06	4.413282e-17	2.775558e-17	4.031331e-06	5.000787e-01	5.240270e-01	5.145990e-01	4.529497e-01	5.320358e-01	4.318226e-01	5.285935e-01	4.479473e-01	5.071174e-01	4.983972e-01	0.000000e+00	1	1.000000e+14
3.697850e-30	1.620671e-15	1.003173e+00	1.000000e+00	1.000000e+00	5.027134e-01	5.051858e-01	5.027698e-01	5.090710e-01	5.014805e-01	5.065792e-01	4.994298e-01	4.661743e-01	4.994746e-01	5.431135e-01	0.000000e+00	1	1.000000e+14
2.557924e-01	9.668232e-01	4.360221e-17	2.775558e-17	8.353422e-01	5.033129e-01	5.050979e-01	5.030751e-01	4.980982e-01	4.996129e-01	5.049815e-01	4.976842e-01	4.976221e-01	4.990847e-01	4.987656e-01	0.000000e+00	1	1.000000e+14
7.259794e-16	1.524522e-15	1.045192e+00	1.000000e+00	7.170683e-01	5.399349e-01	4.476769e-01	5.987809e-01	5.835392e-01	4.926932e-01	5.067391e-01	3.620575e-01	4.888979e-01	4.357627e-01	4.726842e-01	0.000000e+00	1	1.000000e+14
3.254858e-01	7.009040e-02	9.539144e-01	7.862151e-01	1.350283e-01	5.133820e-01	4.617240e-01	5.012316e-01	4.881727e-01	5.794579e-01	5.103338e-01	4.672903e-01	4.937280e-01	5.320672e-01	4.975208e-01	0.000000e+00	1	1.663847e-01
7.342298e-01	1.856360e-01	6.600479e-01	4.563724e-01	1.576534e-01	5.054235e-01	4.749806e-01	5.368360e-01	4.793044e-01	5.349405e-01	4.805318e-01	5.014998e-01	4.933267e-01	5.220326e-01	4.949548e-01	0.000000e+00	1	1.615267e-01
2.943230e-01	3.887554e-01	8.951709e-01	6.824744e-01	5.874553e-01	5.108338e-01	5.096263e-01	5.141733e-01	4.512433e-01	5.060300e-01	4.308008e-01	4.736320e-01	4.254153e-01	5.071174e-01	4.262793e-01	0.000000e+00	1	1.409087e-01
7.552756e-01	2.374044e-01	6.207968e-01	4.233424e-01	1.938822e-01	5.003527e-01	4.948099e-01	4.613109e-01	5.044398e-01	4.826047e-01	4.875878e-01	5.163328e-01	4.940099e-01	5.073634e-01	4.390101e-01	0.000000e+00	1	1.235353e-01
1.169618e-01	1.344950e-01	9.880715e-01	8.863819e-01	5.443173e-01	4.983853e-01	4.561977e-01	4.671026e-01	4.979356e-01	5.039813e-01	5.074106e-01	5.019164e-01	4.935285e-01	4.988573e-01	4.701050e-01	0.000000e+00	1	1.200169e-01
9.165145e-01	3.578258e-01	2.113262e-01	1.346910e-01	2.369631e-01	5.230018e-01	5.462014e-01	5.313186e-01	4.982935e-01	4.942818e-01	4.687224e-01	5.022968e-01	4.845849e-01	4.703457e-01	4.765964e-01	0.000000e+00	1	1.190759e-01
4.538202e-02	7.093012e-01	7.089009e-01	4.991701e-01	9.593237e-01	5.037759e-01	4.504226e-01	5.054540e-01	5.157341e-01	4.942461e-01	5.013603e-01	4.883025e-01	4.970067e-01	5.018736e-01	4.697852e-01	0.000000e+00	1	1.100999e-01
5.020656e-01	7.979515e-01	3.664165e-01	2.359921e-01	6.424687e-01	5.017294e-01	4.877152e-01	5.341731e-01	4.610435e-01	4.942950e-01	5.514352e-01	5.203293e-01	5.182087e-01	5.227133e-01	5.684465e-01	0.000000e+00	1	1.077452e-01
6.809312e-01	4.390294e-01	5.921589e-01	4.018059e-01	3.645760e-01	5.094126e-01	4.948099e-01	4.831092e-01	4.816749e-01	4.936006e-01	4.867977e-01	4.663978e-01	4.943431e-01	5.375581e-01	4.981778e-01	0.000000e+00	1	1.077198e-01
6.941814e-01	3.875974e-02	7.644805e-01	5.301645e-01	3.550891e-02	5.032468e-01	5.226080e-01	5.038486e-01	5.015067e-01	5.040470e-01	4.648625e-01	5.201864e-01	5.110361e-01	5.067754e-01	6.760372e-01	0.000000e+00	1	1.073092e-01
6.308361e-01	7.755331e-01	1.060433e-01	6.727774e-02	5.652702e-01	5.144401e-01	4.514666e-01	5.033063e-01	4.592738e-01	4.935333e-01	4.884698e-01	4.762125e-01	5.125830e-01	5.132500e-01	4.981778e-01	0.000000e+00	1	1.071818e-01
4.142226e-01	7.907884e-01	4.533082e-01	2.991224e-01	6.928224e-01	5.014399e-01	5.051305e-01	5.089203e-01	4.965877e-01	5.000741e-01	5.095552e-01	4.922607e-01	4.861348e-01	5.188966e-01	5.196620e-01	0.000000e+00	1	1.054293e-01
4.037107e-01	2.568397e-01	9.111423e-01	6.921534e-01	3.607157e-01	5.730470e-01	3.932567e-01	5.296361e-01	4.951873e-01	4.945195e-01	4.603503e-01	4.496502e-01	4.220883e-01	5.297313e-01	4.795755e-01	0.000000e+00	1	1.032731e-01
5.386820e-01	8.561473e-01	7.121677e-02	4.474795e-02	6.424687e-01	5.017294e-01	4.573390e-01	5.346918e-01	4.610435e-01	4.942950e-01	5.514352e-01	5.047107e-01	5.158406e-01	5.235369e-01	5.772762e-01	0.000000e+00	1	1.022610e-01
9.714190e-01	2.079199e-01	1.273003e-01	8.113638e-02	1.342350e-01	5.031847e-01	4.991446e-01	4.979522e-01	4.697154e-01	5.021449e-01	4.781055e-01	5.018058e-01	4.964280e-01	5.053921e-01	4.908894e-01	0.000000e+00	1	9.762759e-02
3.848454e-01	8.991885e-01	2.394313e-01	1.528367e-01	7.425496e-01	5.528387e-01	4.476769e-01	5.081468e-01	4.881274e-01	4.926788e-01	5.095010e-01	5.279141e-01	4.895537e-01	5.137824e-01	4.981754e-01	0.000000e+00	1	9.403686e-02
4.173600e-01	7.526029e-01	5.239646e-01	3.481680e-01	6.776578e-01	4.959629e-01	5.256186e-01	5.141733e-01	4.522330e-01	5.041081e-01	5.225060e-01	4.803546e-01	4.461636e-01	5.077647e-01	4.772393e-01	0.000000e+00	1	9.362551e-02
8.408485e-01	2.754822e-01	5.136796e-01	3.348558e-01	2.015560e-01	3.781733e-01	4.494783e-01	5.074408e-01	5.372504e-01	5.006775e-01	5.094842e-01	5.169964e-01	4.375834e-01	4.998864e-01	4.965296e-01	0.000000e+00	1	9.247860e-02
7.983921e-02	3.179993e-01	9.541823e-01	7.892961e-01	8.434025e-01	5.114388e-01	4.930558e-01	5.016167e-01	5.076458e-01	5.864250e-01	5.103160e-01	4.678563e-01	4.935320e-01	5.053282e-01	4.953517e-01	0.000000e+00	1	9.023271e-02
5.630517e-01	2.921473e-02	8.370077e-01	6.226195e-01	3.300232e-02	5.048286e-01	4.537522e-01	5.102362e-01	5.054618e-01	5.413288e-01	4.458027e-01	5.202862e-01	5.170710e-01	5.227724e-01	4.679797e-01	0.000000e+00	1	9.006627e-02
8.896109e-01	2.914579e-01	3.970494e-01	2.553724e-01	2.015560e-01	3.848778e-01	4.981221e-01	5.075960e-01	5.079993e-01	5.006775e-01	5.094842e-01	5.571776e-01	4.890325e-01	4.998864e-01	4.988545e-01	0.000000e+00	1	8.844916e-02
7.790842e-01	2.785111e-01	5.642561e-01	3.810391e-01	2.185691e-01	5.003527e-01	4.993386e-01	4.831934e-01	4.835267e-01	4.936006e-01	4.765855e-01	5.010224e-01	4.934287e-01	5.080318e-01	4.855284e-01	0.000000e+00	1	8.630613e-02
9.067137e-01	4.241716e-01	8.661471e-02	5.494731e-02	2.785640e-01	5.030549e-01	5.232597e-01	5.043810e-01	4.726213e-01	4.965735e-01	4.490965e-01	4.762125e-01	4.905640e-01	5.136053e-01	4.981778e-01	0.000000e+00	1	8.528025e-02
1.750740e-01	6.568093e-01	7.368825e-01	5.256645e-01	8.341633e-01	5.094126e-01	4.948099e-01	4.831092e-01	4.805746e-01	4.936006e-01	4.825603e-01	4.638645e-01	4.962993e-01	4.914306e-01	4.981890e-01	0.000000e+00	1	8.310624e-02
3.611890e-01	9.350020e-01	2.622861e-01	1.629333e-01	7.653175e-01	5.680500e-01	4.992057e-01	6.067369e-01	5.004644e-01	5.034488e-01	4.380938e-01	3.836061e-01	4.888979e-01	5.462127e-01	5.203426e-01	0.000000e+00	1	8.294234e-02
3.855500e-01	4.820334e-01	7.989376e-01	5.812274e-01	5.705084e-01	4.664314e-01	5.090571e-01	5.005172e-01	5.076458e-01	5.057487e-01	5.048457e-01	5.649844e-01	5.021276e-01	5.325863e-01	5.547128e-01	0.000000e+00	1	8.188875e-02
4.927691e-01	1.630415e-01	8.657032e-01	6.561641e-01	2.034192e-01	5.129086e-01	4.366566e-01	4.834626e-01	5.078322e-01	4.981167e-01	4.418564e-01	5.198088e-01	4.945089e-01	5.057497e-01	4.679797e-01	0.000000e+00	1	8.171420e-02
3.964581e-01	9.263215e-01	1.677682e-01	1.050358e-01	7.425496e-01	5.528387e-01	4.476769e-01	5.850356e-01	5.835392e-01	4.926932e-01	5.095010e-01	5.222454e-01	4.895537e-01	4.687817e-01	4.975147e-01	0.000000e+00	1	8.150120e-02
4.589357e-01	8.758347e-01	1.824747e-01	1.161768e-01	6.927283e-01	5.120720e-01	5.118871e-01	4.855750e-01	5.094298e-01	4.964907e-01	5.540042e-01	4.795940e-01	5.362207e-01	5.059025e-01	4.854511e-01	0.000000e+00	1	8.029146e-02
1.867258e-01	8.320351e-01	5.404096e-01	3.596009e-01	8.594580e-01	5.111121e-01	5.384570e-01	5.005172e-01	4.477612e-01	5.492222e-01	5.048457e-01	4.675507e-01	4.953867e-01	5.325863e-01	4.747783e-01	0.000000e+00	1	7.841449e-02
6.702216e-01	7.184179e-01	3.483799e-01	2.169290e-01	5.220867e-01	5.050328e-01	5.047970e-01	5.841712e-01	6.639636e-01	5.298363e-01	5.007825e-01	4.968594e-01	4.254881e-01	5.436993e-01	5.080364e-01	0.000000e+00	1	7.798058e-02
5.732349e-01	9.531191e-04	8.510020e-01	6.226195e-01	1.058508e-03	5.042944e-01	4.537522e-01	5.102279e-01	5.054618e-01	5.328393e-01	4.458027e-01	5.202862e-01	5.170710e-01	3.657377e-01	4.679797e-01	0.000000e+00	1	7.786349e-02
7.892899e-01	5.486693e-01	4.010351e-01	2.516201e-01	3.867202e-01	5.050328e-01	4.535764e-01	6.071794e-01	6.276577e-01	5.041247e-01	5.007825e-01	4.529225e-01	4.275155e-01	5.400166e-01	4.499438e-01	0.000000e+00	1	7.530495e-02
9.383342e-01	3.354406e-01	1.057024e-01	6.727774e-02	2.185691e-01	5.144401e-01	4.948099e-01	5.101836e-01	4.726213e-01	4.932909e-01	4.905953e-01	4.762125e-01	4.893626e-01	5.132500e-01	4.981778e-01	0.000000e+00	1	7.522203e-02
2.013493e-01	9.392456e-01	2.906222e-01	1.870337e-01	8.655604e-01	5.012657e-01	4.980626e-01	5.018923e-01	4.844395e-01	5.420855e-01	5.152565e-01	4.666411e-01	5.133318e-01	5.053282e-01	4.965061e-01	0.000000e+00	1	7.520606e-02
1.198620e-01	9.204176e-01	4.283178e-01	2.752356e-01	9.175597e-01	5.012880e-01	4.930558e-01	4.969771e-01	5.333952e-01	4.783462e-01	5.478272e-01	3.811622e-01	5.006343e-01	5.485633e-01	4.571453e-01	0.000000e+00	1	7.457048e-02
4.377411e-01	8.439057e-01	3.373710e-01	2.170933e-01	6.953761e-01	4.937361e-01	5.084265e-01	4.928904e-01	4.961898e-01	5.043899e-01	5.116148e-01	4.299095e-01	5.205547e-01	5.193638e-01	5.522361e-01	0.000000e+00	1	7.358086e-02
2.335479e-01	9.316486e-01	2.905891e-01	1.870337e-01	8.436329e-01	5.012657e-01	4.892090e-01	5.018923e-01	5.086355e-01	5.420855e-01	5.152565e-01	4.678563e-01	5.141204e-01	5.053282e-01	4.967243e-01	0.000000e+00	1	7.244714e-02
6.206091e-01	6.204910e-01	5.028440e-01	3.312440e-01	4.999394e-01	5.026598e-01	5.202079e-01	5.091271e-01	5.077009e-01	5.305073e-01	4.984863e-01	5.598232e-01	4.203112e-01	4.954331e-01	4.986226e-01	0.000000e+00	1	7.191728e-02
3.579856e-01	4.728438e-01	8.273259e-01	6.040553e-01	5.874553e-01	5.199669e-01	5.109439e-01	5.141733e-01	4.512433e-01	5.060300e-01	4.024809e-01	5.154223e-01	4.925916e-01	5.071174e-01	4.296132e-01	0.000000e+00	1	7.174954e-02
8.638787e-01	5.773384e-01	4.530048e-17	2.775558e-17	3.750576e-01	5.006301e-01	3.836918e-01	5.141733e-01	6.456890e-01	5.320358e-01	4.973626e-01	4.815833e-01	4.479473e-01	5.009685e-01	4.980315e-01	0.000000e+00	1	7.061031e-02
3.527311e-01	5.192504e-01	7.838738e-01	5.701361e-01	6.201267e-01	5.047477e-01	4.948099e-01	4.999376e-01	5.118088e-01	4.939495e-01	4.825603e-01	4.888477e-01	4.962993e-01	4.914306e-01	5.591523e-01	0.000000e+00	1	7.054548e-02
2.933282e-03	2.917579e-01	9.625050e-01	8.126212e-01	9.935998e-01	5.114388e-01	4.499776e-01	5.016167e-01	5.076458e-01	4.954202e-01	5.091210e-01	4.658659e-01	4.917851e-01	5.117994e-01	4.601649e-01	0.000000e+00	1	6.975270e-02
9.558902e-01	3.417166e-01	5.156948e-02	3.231294e-02	2.185691e-01	5.144401e-01	4.948099e-01	5.870724e-01	5.806055e-01	4.933053e-01	4.905953e-01	4.705438e-01	4.893626e-01	4.682493e-01	4.975170e-01	0.000000e+00	1	6.844431e-02
3.258790e-01	5.876402e-01	8.148964e-01	5.610171e-01	6.776578e-01	5.616701e-01	5.302005e-01	5.141733e-01	5.121176e-01	5.060300e-01	4.323633e-01	4.806602e-01	4.485587e-01	2.984842e-01	5.538947e-01	0.000000e+00	1	6.815137e-02
5.850380e-01	8.122442e-01	1.000199e-02	6.360866e-03	6.026199e-01	5.006723e-01	5.057841e-01	5.089203e-01	4.965877e-01	5.000741e-01	5.095552e-01	4.927217e-01	4.879184e-01	5.182494e-01	5.174957e-01	0.000000e+00	1	6.693042e-02
9.648123e-01	2.454272e-01	1.275716e-01	8.113638e-02	1.585788e-01	5.033001e-01	5.031149e-01	4.979522e-01	4.853147e-01	5.021449e-01	4.516055e-01	5.057109e-01	4.700790e-01	5.097797e-01	4.917221e-01	0.000000e+00	1	6.672543e-02
7.679285e-01	5.338200e-01	4.124371e-01	2.644138e-01	3.867202e-01	5.145742e-01	4.535764e-01	3.948183e-01	5.143045e-01	5.365880e-01	5.042852e-01	4.968594e-01	4.329506e-01	5.394530e-01	5.330376e-01	0.000000e+00	1	6.640767e-02
1.400367e-01	9.895052e-01	9.242661e-02	5.871097e-02	9.104987e-01	4.923957e-01	4.792944e-01	5.000658e-01	4.976607e-01	4.981476e-01	4.741599e-01	5.033497e-01	5.175618e-01	5.453718e-01	5.094211e-01	0.000000e+00	1	6.581536e-02
8.122682e-01	6.068891e-01	4.061028e-02	2.548400e-02	4.085042e-01	5.247478e-01	4.921582e-01	5.170453e-01	5.172666e-01	4.942199e-01	4.044332e-01	4.833536e-01	5.591924e-01	5.014497e-01	4.765338e-01	0.000000e+00	1	6.567907e-02
