1.007882e+00	1.045578e-07	4.394200e-17	2.775558e-17	6.604303e-08	5.000787e-01	5.227730e-01	5.000767e-01	4.541462e-01	5.657077e-01	4.711047e-01	5.012196e-01	4.930686e-01	5.072437e-01	4.974841e-01	0.000000e+00	1	1.000000e+14
1.624378e-15	1.083235e-25	1.005468e+00	1.000000e+00	4.245372e-11	5.114388e-01	4.979289e-01	5.065801e-01	4.894590e-01	5.021295e-01	5.029940e-01	5.643647e-01	4.680428e-01	4.999170e-01	4.993681e-01	0.000000e+00	1	1.000000e+14
4.968841e-16	1.573711e-15	1.021508e+00	1.000000e+00	8.052999e-01	5.023672e-01	4.906001e-01	5.955184e-01	4.853748e-01	5.488071e-01	4.679973e-01	4.934452e-01	4.663150e-01	4.185688e-01	5.293426e-01	0.000000e+00	1	1.000000e+14
3.694394e-30	1.619156e-15	1.002236e+00	1.000000e+00	1.000000e+00	5.027134e-01	4.994605e-01	5.064964e-01	5.090776e-01	4.788076e-01	5.060376e-01	4.994298e-01	4.668988e-01	4.994746e-01	4.771656e-01	0.000000e+00	1	1.000000e+14
2.557924e-01	9.668232e-01	4.360221e-17	2.775558e-17	8.353422e-01	5.033129e-01	5.050979e-01	5.030751e-01	4.980982e-01	4.996129e-01	5.049815e-01	4.976842e-01	4.976221e-01	4.990847e-01	4.987656e-01	0.000000e+00	1	1.000000e+14
3.299562e-04	1.034464e+00	4.597135e-02	2.827263e-02	9.997969e-01	3.884538e-01	5.216797e-01	5.818741e-01	4.858142e-01	4.834134e-01	5.139491e-01	5.006811e-01	4.929041e-01	6.197935e-01	4.717675e-01	0.000000e+00	1	1.000000e+14
8.794296e-01	3.900618e-01	3.226675e-01	2.060132e-01	2.657687e-01	4.569347e-01	4.999009e-01	5.059236e-01	4.786205e-01	4.628792e-01	4.663063e-01	4.147482e-01	4.987967e-01	4.999131e-01	5.509093e-01	0.000000e+00	1	1.469877e-01
6.738006e-01	1.687393e-01	7.224314e-01	5.124983e-01	1.562153e-01	5.038131e-01	5.198646e-01	4.924395e-01	5.065821e-01	5.086895e-01	5.110361e-01	4.685685e-01	4.880421e-01	5.168782e-01	4.917221e-01	0.000000e+00	1	1.343367e-01
1.013299e-01	5.391235e-01	8.405835e-01	6.319066e-01	8.817252e-01	5.025385e-01	4.746651e-01	5.037103e-01	4.921260e-01	4.942461e-01	5.013603e-01	4.960160e-01	4.973704e-01	5.403566e-01	4.634787e-01	0.000000e+00	1	1.338102e-01
2.986367e-01	9.547829e-01	2.127061e-01	1.333730e-01	8.070153e-01	4.704962e-01	5.214692e-01	6.253524e-01	4.858142e-01	4.895574e-01	4.651131e-01	4.589704e-01	4.794227e-01	5.358348e-01	4.717675e-01	0.000000e+00	1	1.267145e-01
8.552896e-01	2.884460e-01	4.345827e-01	2.856594e-01	2.070739e-01	4.964888e-01	4.908200e-01	4.838933e-01	5.052910e-01	4.961114e-01	5.096513e-01	4.797004e-01	4.861667e-01	5.242952e-01	5.102064e-01	0.000000e+00	1	1.243451e-01
2.189606e-01	9.895133e-01	3.581771e-03	2.249956e-03	8.613621e-01	5.424774e-01	5.331674e-01	5.000767e-01	4.840486e-01	5.735289e-01	4.372394e-01	5.043007e-01	4.927188e-01	5.072437e-01	4.712281e-01	0.000000e+00	1	1.188987e-01
2.560209e-01	9.350721e-01	2.603326e-01	1.670092e-01	8.298644e-01	4.859689e-01	4.754868e-01	4.831475e-01	4.980982e-01	4.991439e-01	5.517256e-01	5.015144e-01	4.976359e-01	4.990847e-01	5.078782e-01	0.000000e+00	1	1.154230e-01
4.330789e-01	3.436281e-01	8.770223e-01	6.419340e-01	4.270042e-01	5.100664e-01	5.004975e-01	5.064905e-01	3.141710e-01	5.003748e-01	5.124966e-01	4.778292e-01	4.962096e-01	4.994205e-01	5.372783e-01	0.000000e+00	1	1.145421e-01
3.038934e-01	4.524101e-01	8.494938e-01	6.368601e-01	6.234435e-01	5.496799e-01	4.490354e-01	5.132313e-01	5.090774e-01	5.011021e-01	5.169174e-01	5.483390e-01	4.966482e-01	5.025110e-01	5.364040e-01	0.000000e+00	1	1.145216e-01
1.825183e-01	8.628280e-01	4.810754e-01	3.179093e-01	8.672890e-01	4.986229e-01	5.038387e-01	4.840619e-01	5.056901e-01	4.545706e-01	4.968840e-01	4.797131e-01	4.882563e-01	5.124834e-01	4.610526e-01	0.000000e+00	1	1.123407e-01
4.762067e-01	2.374384e-01	8.935617e-01	6.580677e-01	2.944557e-01	5.101503e-01	4.999009e-01	5.059236e-01	3.241718e-01	5.001989e-01	5.127257e-01	4.129263e-01	4.987628e-01	5.023201e-01	5.345939e-01	0.000000e+00	1	1.105181e-01
3.454574e-01	9.011283e-01	2.814630e-01	1.806582e-01	7.669458e-01	5.433273e-01	5.205009e-01	4.983305e-01	5.047481e-01	4.956848e-01	5.304700e-01	5.073998e-01	4.577756e-01	5.087550e-01	4.900503e-01	0.000000e+00	1	1.064461e-01
7.843243e-01	5.204267e-01	3.474887e-01	2.251381e-01	3.729519e-01	5.037706e-01	4.954299e-01	5.077185e-01	4.928612e-01	5.119586e-01	4.830996e-01	5.169624e-01	5.256598e-01	4.999722e-01	4.569602e-01	0.000000e+00	1	1.034568e-01
4.602206e-01	8.492438e-01	2.960632e-01	1.893404e-01	6.838437e-01	5.454651e-01	5.056894e-01	5.087000e-01	4.848277e-01	5.006137e-01	4.411502e-01	5.087032e-01	4.594284e-01	5.356988e-01	5.376515e-01	0.000000e+00	1	1.030928e-01
7.214618e-01	6.999106e-01	1.482814e-01	9.324018e-02	4.903482e-01	4.995194e-01	5.182881e-01	5.142718e-01	4.840772e-01	5.739194e-01	4.584141e-01	5.042409e-01	4.560838e-01	5.624422e-01	4.528328e-01	0.000000e+00	1	1.024068e-01
7.322739e-01	2.519536e-01	6.424345e-01	4.408724e-01	2.109646e-01	5.061900e-01	5.550312e-01	5.170549e-01	5.055628e-01	4.959558e-01	5.306683e-01	4.734955e-01	4.861667e-01	5.236298e-01	4.800743e-01	0.000000e+00	1	9.992372e-02
6.529377e-01	1.862999e-01	7.510403e-01	5.320455e-01	1.769423e-01	5.040890e-01	5.203129e-01	4.978736e-01	4.327837e-01	5.782039e-01	4.704704e-01	5.019134e-01	4.798455e-01	5.097797e-01	4.949549e-01	0.000000e+00	1	9.869601e-02
9.873741e-01	1.751033e-01	4.422675e-02	2.805937e-02	1.117380e-01	5.078025e-01	5.272322e-01	4.903260e-01	4.858376e-01	5.086895e-01	5.116168e-01	4.685685e-01	4.882334e-01	5.355949e-01	4.925963e-01	0.000000e+00	1	9.564308e-02
3.940031e-01	1.383098e-01	9.268679e-01	7.305268e-01	2.149220e-01	4.137175e-01	5.223010e-01	4.846736e-01	4.518572e-01	4.497478e-01	4.711660e-01	4.744366e-01	4.559100e-01	5.046313e-01	5.108751e-01	0.000000e+00	1	9.505619e-02
1.719621e-01	9.977680e-01	6.115265e-02	3.840453e-02	8.913481e-01	4.998074e-01	5.331674e-01	5.032610e-01	4.840486e-01	5.735289e-01	4.370135e-01	5.159591e-01	4.927188e-01	5.082717e-01	4.433598e-01	0.000000e+00	1	9.249721e-02
8.697257e-01	4.886259e-01	1.471615e-01	9.324018e-02	3.258664e-01	4.995194e-01	5.203592e-01	5.142718e-01	4.848618e-01	4.998384e-01	4.590739e-01	4.944660e-01	4.560838e-01	5.624422e-01	4.988416e-01	0.000000e+00	1	9.067651e-02
5.031261e-02	2.585559e-01	9.729658e-01	8.316861e-01	8.776486e-01	4.965077e-01	5.056287e-01	4.946219e-01	4.469632e-01	4.357792e-01	4.882667e-01	4.733720e-01	5.064367e-01	4.994471e-01	5.095968e-01	0.000000e+00	1	8.968652e-02
6.204701e-01	6.734817e-01	4.102754e-01	2.681540e-01	5.260669e-01	5.037706e-01	5.000013e-01	5.077185e-01	4.928612e-01	5.439290e-01	4.925030e-01	5.169624e-01	5.256598e-01	4.999722e-01	4.804914e-01	0.000000e+00	1	8.752237e-02
5.073475e-01	6.294391e-01	6.007608e-01	4.068449e-01	5.681123e-01	5.334688e-01	5.548878e-01	5.202947e-01	4.797298e-01	5.011286e-01	4.710530e-01	5.219671e-01	4.831408e-01	5.022041e-01	5.257253e-01	0.000000e+00	1	8.673370e-02
4.178534e-01	1.026929e-02	9.277682e-01	7.305268e-01	1.564261e-02	4.137175e-01	5.213111e-01	5.154981e-01	4.469384e-01	4.497478e-01	4.711660e-01	4.744366e-01	4.554487e-01	5.063689e-01	4.757978e-01	0.000000e+00	1	8.636315e-02
5.269164e-01	5.719350e-01	6.764099e-01	4.557434e-01	5.260669e-01	5.037706e-01	4.954299e-01	5.166716e-01	4.928612e-01	5.455415e-01	4.711560e-01	5.190716e-01	6.632980e-01	4.999722e-01	4.807615e-01	0.000000e+00	1	8.625841e-02
9.189664e-01	4.326337e-01	1.299955e-01	8.103696e-02	2.801139e-01	5.407962e-01	5.320948e-01	5.022609e-01	6.379730e-01	4.880410e-01	4.660377e-01	5.131786e-01	4.970367e-01	5.062187e-01	4.727337e-01	0.000000e+00	1	8.608755e-02
6.976152e-01	4.661457e-01	5.777073e-01	3.838809e-01	3.750089e-01	5.013829e-01	4.953585e-01	4.914745e-01	4.854263e-01	4.979477e-01	4.592950e-01	5.238628e-01	4.508850e-01	3.838590e-01	4.845808e-01	0.000000e+00	1	8.538956e-02
6.107094e-01	7.576747e-01	2.514756e-01	1.609883e-01	5.681123e-01	5.045969e-01	5.501326e-01	5.209757e-01	4.848544e-01	5.011286e-01	4.710530e-01	5.093628e-01	4.824676e-01	5.050524e-01	5.257253e-01	0.000000e+00	1	8.509496e-02
4.786627e-01	8.832751e-01	8.099531e-02	5.121452e-02	6.838437e-01	5.353217e-01	5.210386e-01	5.086296e-01	4.899546e-01	5.451858e-01	4.658560e-01	5.087625e-01	4.925302e-01	5.356988e-01	5.376192e-01	0.000000e+00	1	8.383194e-02
5.677843e-01	3.345417e-01	7.727498e-01	5.504664e-01	3.389648e-01	5.040240e-01	5.172203e-01	5.038408e-01	5.058849e-01	5.663226e-01	4.475033e-01	4.976940e-01	5.156315e-01	4.116043e-01	4.957725e-01	0.000000e+00	1	8.148426e-02
4.426057e-01	7.346553e-01	5.415025e-01	3.585167e-01	6.548046e-01	5.410291e-01	5.271696e-01	5.170978e-01	4.042459e-01	5.479129e-01	4.972803e-01	5.034162e-01	4.904020e-01	4.980041e-01	4.949548e-01	0.000000e+00	1	8.100566e-02
5.785627e-01	7.959973e-01	2.128203e-01	1.355939e-01	5.998761e-01	5.028786e-01	4.948502e-01	5.133186e-01	4.459485e-01	5.159731e-01	5.090244e-01	4.601766e-01	4.943517e-01	5.276642e-01	4.692926e-01	0.000000e+00	1	8.070276e-02
3.764717e-03	5.982175e-01	8.082236e-01	5.943552e-01	9.959937e-01	5.301483e-01	5.061733e-01	5.436897e-01	5.095596e-01	4.737384e-01	5.061822e-01	4.655833e-01	5.163482e-01	4.997149e-01	5.202391e-01	0.000000e+00	1	8.014864e-02
2.681726e-02	8.979054e-01	4.453983e-01	2.930350e-01	9.809921e-01	5.116794e-01	5.005035e-01	5.064905e-01	5.112261e-01	4.968342e-01	5.124966e-01	5.105255e-01	4.963494e-01	4.984637e-01	4.545528e-01	0.000000e+00	1	7.851029e-02
3.527338e-01	2.584991e-02	9.499835e-01	7.731073e-01	4.657109e-02	4.993879e-01	5.213111e-01	5.117391e-01	4.472602e-01	4.178506e-01	4.682710e-01	4.732340e-01	4.640035e-01	5.063689e-01	5.224407e-01	0.000000e+00	1	7.674632e-02
1.449883e-01	5.545868e-01	8.309583e-01	6.155626e-01	8.372090e-01	5.301483e-01	4.956245e-01	5.433672e-01	5.095849e-01	5.613725e-01	5.360880e-01	4.655833e-01	5.182584e-01	5.021787e-01	4.983886e-01	0.000000e+00	1	7.642352e-02
6.209528e-01	2.070330e-01	7.675259e-01	5.504664e-01	2.048777e-01	5.040240e-01	4.897189e-01	5.039512e-01	4.818048e-01	5.663226e-01	4.475033e-01	4.986499e-01	5.156315e-01	5.290721e-01	4.957725e-01	0.000000e+00	1	7.313194e-02
9.635974e-01	1.102857e-01	2.828662e-01	1.806582e-01	7.254674e-02	5.035137e-01	5.847153e-01	5.160566e-01	4.887989e-01	4.956848e-01	5.230721e-01	5.159083e-01	4.577756e-01	5.115234e-01	5.017507e-01	0.000000e+00	1	7.220986e-02
3.940279e-01	7.306839e-01	5.603237e-01	3.779766e-01	6.851537e-01	4.983591e-01	5.052883e-01	5.202821e-01	4.723929e-01	4.999947e-01	4.970544e-01	5.150746e-01	4.904020e-01	4.990321e-01	4.949548e-01	0.000000e+00	1	7.106424e-02
5.245838e-01	8.284237e-01	2.258566e-01	1.441235e-01	6.406303e-01	5.095443e-01	5.567850e-01	4.928472e-01	4.859116e-01	5.089014e-01	5.168695e-01	4.537274e-01	4.881378e-01	4.999845e-01	5.034987e-01	0.000000e+00	1	6.807938e-02
2.497919e-01	9.739353e-01	1.286831e-01	8.103696e-02	8.401669e-01	4.946034e-01	5.388283e-01	5.818741e-01	4.858142e-01	4.878309e-01	4.636623e-01	4.794499e-01	4.858137e-01	5.510299e-01	5.228434e-01	0.000000e+00	1	6.787467e-02
9.391123e-01	4.513913e-02	3.589244e-01	2.321621e-01	3.057607e-02	4.991898e-01	4.729342e-01	5.146734e-01	4.845005e-01	5.060300e-01	5.101067e-01	4.977000e-01	4.298879e-01	5.018526e-01	5.112273e-01	0.000000e+00	1	6.784116e-02
5.121160e-02	2.565559e-01	9.663599e-01	8.316861e-01	8.745717e-01	4.965077e-01	5.056287e-01	4.946219e-01	4.877062e-01	4.940225e-01	4.882667e-01	4.727489e-01	4.978202e-01	4.990925e-01	4.988690e-01	0.000000e+00	1	6.742969e-02
7.521939e-01	7.803270e-08	6.753772e-01	4.657769e-01	6.604303e-08	5.377338e-01	5.240270e-01	5.012279e-01	4.496828e-01	5.739964e-01	4.711047e-01	5.012196e-01	4.930686e-01	5.021964e-01	4.974841e-01	0.000000e+00	1	6.732078e-02
7.666031e-01	6.420930e-01	1.475150e-01	9.324018e-02	4.438771e-01	4.995194e-01	5.203592e-01	5.142718e-01	4.848618e-01	4.859209e-01	4.590739e-01	4.944660e-01	4.560838e-01	5.624422e-01	4.528328e-01	0.000000e+00	1	6.511573e-02
9.418564e-01	3.573503e-02	3.703413e-01	2.383433e-01	2.414245e-02	4.206310e-01	4.729342e-01	5.146734e-01	4.843755e-01	5.060300e-01	5.101067e-01	4.977530e-01	4.298879e-01	5.021064e-01	5.112273e-01	0.000000e+00	1	6.406433e-02
8.145806e-01	6.072599e-01	1.195019e-01	7.453497e-02	4.078231e-01	3.884538e-01	5.328486e-01	5.752338e-01	4.738621e-01	4.961268e-01	5.249576e-01	4.850922e-01	4.924118e-01	5.364148e-01	4.696741e-01	0.000000e+00	1	6.372239e-02
9.170697e-01	9.513694e-08	4.198358e-01	2.733153e-01	6.604303e-08	5.003999e-01	5.221605e-01	5.000767e-01	4.539510e-01	5.676105e-01	4.711047e-01	5.004484e-01	4.930686e-01	5.071938e-01	4.779865e-01	0.000000e+00	1	6.302318e-02
8.228068e-01	6.120362e-01	4.526607e-02	2.808316e-02	4.071481e-01	3.813225e-01	5.979796e-01	4.903260e-01	4.858376e-01	4.976209e-01	5.116168e-01	4.700943e-01	4.882334e-01	5.355949e-01	4.925963e-01	0.000000e+00	1	6.300023e-02
