3.299562e-04	1.034464e+00	4.597135e-02	2.827263e-02	9.997969e-01	3.884538e-01	5.216797e-01	5.818741e-01	4.858142e-01	4.834134e-01	5.139491e-01	5.006811e-01	4.929041e-01	6.197935e-01	4.717675e-01	0.000000e+00	1	1.000000e+14
1.007941e+00	1.045639e-07	4.394456e-17	2.775558e-17	6.604303e-08	5.000787e-01	5.240270e-01	5.000767e-01	4.541462e-01	5.657077e-01	4.711047e-01	5.012196e-01	4.930686e-01	5.072437e-01	4.974841e-01	0.000000e+00	1	1.000000e+14
2.557924e-01	9.668232e-01	4.360221e-17	2.775558e-17	8.353422e-01	5.033129e-01	5.050979e-01	5.030751e-01	4.980982e-01	4.996129e-01	5.049815e-01	4.976842e-01	4.976221e-01	4.990847e-01	4.987656e-01	0.000000e+00	1	1.000000e+14
3.694394e-30	1.619156e-15	1.002236e+00	1.000000e+00	1.000000e+00	5.027134e-01	4.994605e-01	5.064964e-01	5.090776e-01	4.788076e-01	5.060376e-01	4.994298e-01	4.668988e-01	4.994746e-01	4.771656e-01	0.000000e+00	1	1.000000e+14
1.325528e-15	9.794429e-16	1.020170e+00	1.000000e+00	4.051220e-01	5.023672e-01	4.895509e-01	5.945544e-01	5.042940e-01	5.488071e-01	4.679973e-01	4.934452e-01	4.659699e-01	4.214274e-01	4.822455e-01	0.000000e+00	1	1.000000e+14
1.624378e-15	1.083235e-25	1.005468e+00	1.000000e+00	4.245372e-11	5.114388e-01	4.979289e-01	5.065801e-01	4.894590e-01	5.021295e-01	5.029940e-01	5.643647e-01	4.680428e-01	4.999170e-01	4.993681e-01	0.000000e+00	1	1.000000e+14
3.940279e-01	7.306839e-01	5.603237e-01	3.779766e-01	6.851537e-01	4.983591e-01	5.052883e-01	5.202821e-01	4.723929e-01	4.999947e-01	4.970544e-01	5.150746e-01	4.904020e-01	4.990321e-01	4.949548e-01	0.000000e+00	1	1.419062e-01
9.418564e-01	3.573503e-02	3.703413e-01	2.383433e-01	2.414245e-02	4.206310e-01	4.729342e-01	5.146734e-01	4.843755e-01	5.060300e-01	5.101067e-01	4.977530e-01	4.298879e-01	5.021064e-01	5.112273e-01	0.000000e+00	1	1.352371e-01
7.322739e-01	2.519536e-01	6.424345e-01	4.408724e-01	2.109646e-01	5.061900e-01	5.550312e-01	5.170549e-01	5.055628e-01	4.959558e-01	5.306683e-01	4.734955e-01	4.861667e-01	5.236298e-01	4.800743e-01	0.000000e+00	1	1.335594e-01
4.330789e-01	3.436281e-01	8.770223e-01	6.419340e-01	4.270042e-01	5.100664e-01	5.004975e-01	5.064905e-01	3.141710e-01	5.003748e-01	5.124966e-01	4.778292e-01	4.962096e-01	4.994205e-01	5.372783e-01	0.000000e+00	1	1.273793e-01
8.552896e-01	2.884460e-01	4.345827e-01	2.856594e-01	2.070739e-01	4.964888e-01	4.908200e-01	4.838933e-01	5.052910e-01	4.961114e-01	5.096513e-01	4.797004e-01	4.861667e-01	5.242952e-01	5.102064e-01	0.000000e+00	1	1.265022e-01
8.046626e-01	6.816004e-02	6.151905e-01	4.144478e-01	5.379732e-02	5.036059e-01	5.596119e-01	5.696268e-01	5.291153e-01	4.968573e-01	5.295903e-01	5.113476e-01	4.334439e-01	5.069761e-01	4.794205e-01	0.000000e+00	1	1.238599e-01
7.999855e-02	2.664870e-01	9.686623e-01	8.219331e-01	8.143379e-01	4.942009e-01	4.808476e-01	4.964862e-01	5.078732e-01	4.912547e-01	4.665501e-01	5.741965e-01	4.889197e-01	5.195084e-01	5.123107e-01	0.000000e+00	1	1.238137e-01
9.689203e-01	1.114867e-01	2.844484e-01	1.806582e-01	7.293053e-02	5.092453e-01	5.550312e-01	5.160566e-01	4.864043e-01	4.956848e-01	5.328509e-01	5.159083e-01	4.577756e-01	5.278859e-01	4.079223e-01	0.000000e+00	1	1.206287e-01
5.483449e-01	8.163285e-01	2.248661e-01	1.431104e-01	6.234435e-01	5.528387e-01	5.567850e-01	5.142087e-01	5.090774e-01	4.935513e-01	5.168695e-01	4.537274e-01	4.991563e-01	4.999857e-01	5.034987e-01	0.000000e+00	1	1.167611e-01
3.038934e-01	4.524101e-01	8.494938e-01	6.368601e-01	6.234435e-01	5.496799e-01	4.490354e-01	5.132313e-01	5.090774e-01	5.011021e-01	5.169174e-01	5.483390e-01	4.966482e-01	5.025110e-01	5.364040e-01	0.000000e+00	1	1.164966e-01
4.602206e-01	8.492438e-01	2.960632e-01	1.893404e-01	6.838437e-01	5.454651e-01	5.056894e-01	5.087000e-01	4.848277e-01	5.006137e-01	4.411502e-01	5.087032e-01	4.594284e-01	5.356988e-01	5.376515e-01	0.000000e+00	1	1.159461e-01
6.204701e-01	6.734817e-01	4.102754e-01	2.681540e-01	5.260669e-01	5.037706e-01	5.000013e-01	5.077185e-01	4.928612e-01	5.439290e-01	4.925030e-01	5.169624e-01	5.256598e-01	4.999722e-01	4.804914e-01	0.000000e+00	1	1.135641e-01
2.560209e-01	9.350721e-01	2.603326e-01	1.670092e-01	8.298644e-01	4.859689e-01	4.754868e-01	4.831475e-01	4.980982e-01	4.991439e-01	5.517256e-01	5.015144e-01	4.976359e-01	4.990847e-01	5.078782e-01	0.000000e+00	1	1.127636e-01
8.145806e-01	6.072599e-01	1.195019e-01	7.453497e-02	4.078231e-01	3.884538e-01	5.328486e-01	5.752338e-01	4.738621e-01	4.961268e-01	5.249576e-01	4.850922e-01	4.924118e-01	5.364148e-01	4.696741e-01	0.000000e+00	1	1.072825e-01
6.113570e-01	7.584781e-01	2.517423e-01	1.609883e-01	5.681123e-01	5.077343e-01	5.548878e-01	5.202947e-01	4.797298e-01	5.011286e-01	4.710530e-01	5.219671e-01	4.824676e-01	5.022301e-01	5.257253e-01	0.000000e+00	1	1.051464e-01
5.073475e-01	6.294391e-01	6.007608e-01	4.068449e-01	5.681123e-01	5.334688e-01	5.548878e-01	5.202947e-01	4.797298e-01	5.011286e-01	4.710530e-01	5.219671e-01	4.831408e-01	5.022041e-01	5.257253e-01	0.000000e+00	1	1.028655e-01
9.189664e-01	4.326337e-01	1.299955e-01	8.103696e-02	2.801139e-01	5.407962e-01	5.320948e-01	5.022609e-01	6.379730e-01	4.880410e-01	4.660377e-01	5.131786e-01	4.970367e-01	5.062187e-01	4.727337e-01	0.000000e+00	1	1.026875e-01
2.986367e-01	9.547829e-01	2.127061e-01	1.333730e-01	8.070153e-01	4.704962e-01	5.214692e-01	6.253524e-01	4.858142e-01	4.895574e-01	4.651131e-01	4.589704e-01	4.794227e-01	5.358348e-01	4.717675e-01	0.000000e+00	1	1.023593e-01
1.481461e-01	5.666657e-01	8.220984e-01	6.059079e-01	8.372090e-01	5.301483e-01	5.329459e-01	5.436897e-01	5.095849e-01	5.613725e-01	4.902218e-01	4.655833e-01	5.163482e-01	5.021787e-01	5.096719e-01	0.000000e+00	1	1.001704e-01
2.681726e-02	8.979054e-01	4.453983e-01	2.930350e-01	9.809921e-01	5.116794e-01	5.005035e-01	5.064905e-01	5.112261e-01	4.968342e-01	5.124966e-01	5.105255e-01	4.963494e-01	4.984637e-01	4.545528e-01	0.000000e+00	1	9.923108e-02
5.031261e-02	2.585559e-01	9.729658e-01	8.316861e-01	8.776486e-01	4.965077e-01	5.056287e-01	4.946219e-01	4.469632e-01	4.357792e-01	4.882667e-01	4.733720e-01	5.064367e-01	4.994471e-01	5.095968e-01	0.000000e+00	1	9.876996e-02
4.762067e-01	2.374384e-01	8.935617e-01	6.580677e-01	2.944557e-01	5.101503e-01	4.999009e-01	5.059236e-01	3.241718e-01	5.001989e-01	5.127257e-01	4.129263e-01	4.987628e-01	5.023201e-01	5.345939e-01	0.000000e+00	1	9.838115e-02
7.843243e-01	5.204267e-01	3.474887e-01	2.251381e-01	3.729519e-01	5.037706e-01	4.954299e-01	5.077185e-01	4.928612e-01	5.119586e-01	4.830996e-01	5.169624e-01	5.256598e-01	4.999722e-01	4.569602e-01	0.000000e+00	1	9.589606e-02
6.380743e-01	6.925900e-01	3.476477e-01	2.251381e-01	5.260669e-01	5.037706e-01	4.954299e-01	5.077185e-01	4.928612e-01	5.455415e-01	4.830996e-01	5.169624e-01	5.256598e-01	4.999722e-01	4.804914e-01	0.000000e+00	1	9.573111e-02
3.474037e-01	9.126926e-01	2.848162e-01	1.806582e-01	7.684597e-01	5.433273e-01	5.550312e-01	5.170549e-01	5.047481e-01	4.956848e-01	5.304700e-01	5.073998e-01	4.577756e-01	5.278859e-01	4.079223e-01	0.000000e+00	1	9.412650e-02
3.660700e-01	7.474424e-01	5.862462e-01	3.906730e-01	7.100675e-01	4.983591e-01	5.100051e-01	5.284124e-01	4.742490e-01	5.624788e-01	4.323721e-01	4.295798e-01	4.898458e-01	5.088425e-01	4.468210e-01	0.000000e+00	1	9.205280e-02
6.529377e-01	1.862999e-01	7.510403e-01	5.320455e-01	1.769423e-01	5.040890e-01	5.203129e-01	4.978736e-01	4.327837e-01	5.782039e-01	4.704704e-01	5.019134e-01	4.798455e-01	5.097797e-01	4.949549e-01	0.000000e+00	1	9.072238e-02
4.178534e-01	1.026929e-02	9.277682e-01	7.305268e-01	1.564261e-02	4.137175e-01	5.213111e-01	5.154981e-01	4.469384e-01	4.497478e-01	4.711660e-01	4.744366e-01	4.554487e-01	5.063689e-01	4.757978e-01	0.000000e+00	1	8.951491e-02
9.873741e-01	1.751033e-01	4.422675e-02	2.805937e-02	1.117380e-01	5.078025e-01	5.272322e-01	4.903260e-01	4.858376e-01	5.086895e-01	5.116168e-01	4.685685e-01	4.882334e-01	5.355949e-01	4.925963e-01	0.000000e+00	1	8.927525e-02
3.940031e-01	1.383098e-01	9.268679e-01	7.305268e-01	2.149220e-01	4.137175e-01	5.223010e-01	4.846736e-01	4.518572e-01	4.497478e-01	4.711660e-01	4.744366e-01	4.559100e-01	5.046313e-01	5.108751e-01	0.000000e+00	1	8.847271e-02
7.521939e-01	7.803270e-08	6.753772e-01	4.657769e-01	6.604303e-08	5.377338e-01	5.240270e-01	5.012279e-01	4.496828e-01	5.739964e-01	4.711047e-01	5.012196e-01	4.930686e-01	5.021964e-01	4.974841e-01	0.000000e+00	1	8.374047e-02
7.666031e-01	6.420930e-01	1.475150e-01	9.324018e-02	4.438771e-01	4.995194e-01	5.203592e-01	5.142718e-01	4.848618e-01	4.859209e-01	4.590739e-01	4.944660e-01	4.560838e-01	5.624422e-01	4.528328e-01	0.000000e+00	1	8.271142e-02
8.794296e-01	3.900618e-01	3.226675e-01	2.060132e-01	2.657687e-01	4.569347e-01	4.999009e-01	5.059236e-01	4.786205e-01	4.628792e-01	4.663063e-01	4.147482e-01	4.987967e-01	4.999131e-01	5.509093e-01	0.000000e+00	1	8.059234e-02
6.209528e-01	2.070330e-01	7.675259e-01	5.504664e-01	2.048777e-01	5.040240e-01	4.897189e-01	5.039512e-01	4.818048e-01	5.663226e-01	4.475033e-01	4.986499e-01	5.156315e-01	5.290721e-01	4.957725e-01	0.000000e+00	1	7.995208e-02
1.825860e-01	8.631478e-01	4.812537e-01	3.179093e-01	8.672890e-01	4.986229e-01	5.038387e-01	4.840619e-01	5.056901e-01	4.545706e-01	5.195452e-01	4.797131e-01	4.882563e-01	5.124834e-01	4.610526e-01	0.000000e+00	1	7.840141e-02
8.023943e-01	3.159415e-01	5.099286e-01	3.399636e-01	2.387996e-01	4.986229e-01	4.856267e-01	4.840619e-01	5.056901e-01	4.964646e-01	5.195452e-01	4.797131e-01	4.882563e-01	5.127737e-01	4.845838e-01	0.000000e+00	1	7.768971e-02
6.976152e-01	4.661457e-01	5.777073e-01	3.838809e-01	3.750089e-01	5.013829e-01	4.953585e-01	4.914745e-01	4.854263e-01	4.979477e-01	4.592950e-01	5.238628e-01	4.508850e-01	3.838590e-01	4.845808e-01	0.000000e+00	1	7.699924e-02
2.189606e-01	9.895133e-01	3.581771e-03	2.249956e-03	8.613621e-01	5.424774e-01	5.331674e-01	5.000767e-01	4.840486e-01	5.735289e-01	4.372394e-01	5.043007e-01	4.927188e-01	5.072437e-01	4.712281e-01	0.000000e+00	1	7.440008e-02
6.962609e-01	5.524510e-01	4.598526e-01	3.039575e-01	4.270042e-01	5.116794e-01	5.005035e-01	5.064905e-01	5.112261e-01	4.968342e-01	5.124966e-01	4.888185e-01	4.960545e-01	4.990438e-01	5.104947e-01	0.000000e+00	1	7.438579e-02
5.785627e-01	7.959973e-01	2.128203e-01	1.355939e-01	5.998761e-01	5.028786e-01	4.948502e-01	5.133186e-01	4.459485e-01	5.159731e-01	5.090244e-01	4.601766e-01	4.943517e-01	5.276642e-01	4.692926e-01	0.000000e+00	1	7.134608e-02
7.970283e-01	3.347173e-01	5.111730e-01	3.399636e-01	2.531143e-01	4.986229e-01	4.856267e-01	4.840619e-01	5.058458e-01	4.856620e-01	4.491652e-01	4.797131e-01	4.882563e-01	5.127737e-01	4.831025e-01	0.000000e+00	1	7.109736e-02
5.677843e-01	3.345417e-01	7.727498e-01	5.504664e-01	3.389648e-01	5.040240e-01	5.172203e-01	5.038408e-01	5.058849e-01	5.663226e-01	4.475033e-01	4.976940e-01	5.156315e-01	4.116043e-01	4.957725e-01	0.000000e+00	1	6.989908e-02
5.908632e-01	8.258501e-01	6.206092e-02	3.885958e-02	6.046419e-01	5.000787e-01	5.240270e-01	4.128335e-01	4.394991e-01	5.657077e-01	4.669726e-01	5.012196e-01	4.930686e-01	5.072437e-01	4.982298e-01	0.000000e+00	1	6.780059e-02
4.786627e-01	8.832751e-01	8.099531e-02	5.121452e-02	6.838437e-01	5.353217e-01	5.210386e-01	5.086296e-01	4.899546e-01	5.451858e-01	4.658560e-01	5.087625e-01	4.925302e-01	5.356988e-01	5.376192e-01	0.000000e+00	1	6.756228e-02
1.013299e-01	5.391235e-01	8.405835e-01	6.319066e-01	8.817252e-01	5.025385e-01	4.746651e-01	5.037103e-01	4.921260e-01	4.942461e-01	5.013603e-01	4.960160e-01	4.973704e-01	5.403566e-01	4.634787e-01	0.000000e+00	1	6.619378e-02
6.738006e-01	1.687393e-01	7.224314e-01	5.124983e-01	1.562153e-01	5.038131e-01	5.198646e-01	4.924395e-01	5.065821e-01	5.086895e-01	5.110361e-01	4.685685e-01	4.880421e-01	5.168782e-01	4.917221e-01	0.000000e+00	1	6.430338e-02
9.416052e-01	4.046924e-01	4.468345e-17	2.775558e-17	2.584171e-01	5.022679e-01	5.335532e-01	5.008101e-01	4.536939e-01	5.842748e-01	6.196917e-01	5.070327e-01	4.927188e-01	5.049095e-01	4.924065e-01	0.000000e+00	1	6.396714e-02
2.497919e-01	9.739353e-01	1.286831e-01	8.103696e-02	8.401669e-01	4.946034e-01	5.388283e-01	5.818741e-01	4.858142e-01	4.878309e-01	4.636623e-01	4.794499e-01	4.858137e-01	5.510299e-01	5.228434e-01	0.000000e+00	1	6.324815e-02
8.697257e-01	4.886259e-01	1.471615e-01	9.324018e-02	3.258664e-01	4.995194e-01	5.203592e-01	5.142718e-01	4.848618e-01	4.998384e-01	4.590739e-01	4.944660e-01	4.560838e-01	5.624422e-01	4.988416e-01	0.000000e+00	1	6.282452e-02
3.764717e-03	5.982175e-01	8.082236e-01	5.943552e-01	9.959937e-01	5.301483e-01	5.061733e-01	5.436897e-01	5.095596e-01	4.737384e-01	5.061822e-01	4.655833e-01	5.163482e-01	4.997149e-01	5.202391e-01	0.000000e+00	1	6.128844e-02
