1.773358e-02	1.003845e+00	4.377282e-17	2.775558e-17	9.887549e-01	5.038152e-01	4.994445e-01	5.072848e-01	4.904459e-01	4.499389e-01	4.971261e-01	5.022718e-01	5.082495e-01	5.049906e-01	4.649293e-01	0.000000e+00	1	1.000000e+14
2.976797e-30	1.619947e-15	1.002725e+00	1.000000e+00	1.000000e+00	5.026961e-01	4.966659e-01	5.043014e-01	4.861353e-01	4.999648e-01	5.392743e-01	4.994298e-01	4.825884e-01	5.157737e-01	5.200318e-01	0.000000e+00	1	1.000000e+14
1.027237e+00	4.442548e-06	3.857407e-02	2.389466e-02	2.753224e-06	4.989602e-01	4.073942e-01	4.800912e-01	4.959111e-01	4.774141e-01	4.779096e-01	5.799006e-01	5.507639e-01	5.947333e-01	5.061403e-01	0.000000e+00	1	1.000000e+14
3.326934e-16	1.596867e-15	1.009663e+00	1.000000e+00	8.692363e-01	5.048836e-01	4.321291e-01	5.030642e-01	4.862874e-01	4.329696e-01	5.056902e-01	4.994771e-01	5.115530e-01	5.128350e-01	4.966502e-01	0.000000e+00	1	1.000000e+14
1.616366e-15	1.077892e-25	1.000508e+00	1.000000e+00	4.245372e-11	5.048836e-01	4.986682e-01	5.030642e-01	4.903164e-01	5.018878e-01	5.080245e-01	4.999362e-01	5.115530e-01	5.129229e-01	4.966502e-01	0.000000e+00	1	1.000000e+14
2.557791e-01	9.667728e-01	4.359994e-17	2.775558e-17	8.353422e-01	5.033129e-01	5.008937e-01	4.990736e-01	4.975967e-01	4.996129e-01	4.978796e-01	5.029323e-01	4.980347e-01	4.996489e-01	4.992026e-01	0.000000e+00	1	1.000000e+14
7.755571e-01	6.536145e-01	3.446301e-02	2.162329e-02	4.458123e-01	3.929189e-01	4.830456e-01	4.835681e-01	4.975967e-01	4.994460e-01	4.499289e-01	5.021746e-01	4.980347e-01	4.830121e-01	4.999121e-01	0.000000e+00	1	1.425136e-01
8.921538e-02	4.128280e-01	9.097366e-01	7.232917e-01	8.645051e-01	5.057698e-01	5.122057e-01	5.067562e-01	4.920486e-01	4.907335e-01	4.662358e-01	4.726886e-01	5.051553e-01	5.266185e-01	5.009586e-01	0.000000e+00	1	1.345020e-01
8.235186e-01	4.453789e-01	3.739429e-01	2.419136e-01	3.156178e-01	5.256229e-01	5.503837e-01	5.054474e-01	5.094617e-01	4.385277e-01	5.126578e-01	5.036946e-01	5.180671e-01	5.143910e-01	4.811436e-01	0.000000e+00	1	1.315239e-01
8.755065e-01	6.146329e-02	4.876625e-01	3.228693e-01	4.461949e-02	5.050972e-01	5.088973e-01	5.381557e-01	4.833295e-01	4.604186e-01	5.012303e-01	5.003641e-01	4.832640e-01	4.814765e-01	4.963431e-01	0.000000e+00	1	1.307937e-01
9.709752e-01	2.708634e-01	8.836260e-02	5.566202e-02	1.731887e-01	5.046623e-01	4.969716e-01	5.052080e-01	4.203950e-01	5.470415e-01	5.547379e-01	4.896547e-01	4.963704e-01	5.079607e-01	5.111907e-01	0.000000e+00	1	1.264472e-01
2.449287e-01	9.490591e-01	2.108854e-01	1.349153e-01	8.392125e-01	5.068724e-01	4.893069e-01	4.963696e-01	4.986177e-01	5.420211e-01	5.116192e-01	5.095967e-01	5.088461e-01	4.817106e-01	4.984741e-01	0.000000e+00	1	1.251578e-01
4.094020e-01	9.103645e-01	1.336793e-01	8.475331e-02	7.309552e-01	4.731820e-01	4.748413e-01	4.819777e-01	4.269782e-01	4.995636e-01	4.978347e-01	4.983716e-01	4.941551e-01	4.998166e-01	4.932358e-01	0.000000e+00	1	1.086482e-01
6.589473e-01	3.856466e-01	6.537459e-01	4.507965e-01	3.370906e-01	4.937191e-01	4.975883e-01	5.170159e-01	4.493535e-01	5.122091e-01	4.618890e-01	5.028812e-01	5.173304e-01	5.031782e-01	5.180516e-01	0.000000e+00	1	1.051456e-01
8.496016e-01	5.214168e-01	1.380172e-01	8.758583e-02	3.504249e-01	4.949308e-01	4.958517e-01	4.999286e-01	4.254047e-01	5.119395e-01	4.975084e-01	4.976384e-01	5.024264e-01	4.760064e-01	4.968325e-01	0.000000e+00	1	1.018110e-01
9.379173e-01	2.867238e-01	2.272850e-01	1.449729e-01	1.888726e-01	4.940163e-01	5.314286e-01	4.933714e-01	4.893470e-01	5.019195e-01	4.266441e-01	5.033107e-01	4.998889e-01	5.129800e-01	4.967016e-01	0.000000e+00	1	9.905783e-02
1.002034e+00	7.000872e-02	5.451278e-02	3.451540e-02	4.440632e-02	4.753371e-01	4.673363e-01	5.381557e-01	4.833295e-01	4.872654e-01	5.012303e-01	5.003641e-01	5.006396e-01	5.486603e-01	4.963431e-01	0.000000e+00	1	9.824789e-02
4.464069e-01	6.840350e-01	5.979024e-01	4.022658e-01	6.319023e-01	5.085196e-01	5.086488e-01	5.353509e-01	5.613030e-01	5.019158e-01	5.072858e-01	5.036975e-01	4.659823e-01	5.731344e-01	5.229911e-01	0.000000e+00	1	9.750135e-02
1.648211e-01	8.484528e-02	9.925238e-01	8.824507e-01	3.026461e-01	5.097911e-01	4.994338e-01	5.043014e-01	4.828273e-01	4.999648e-01	5.867724e-01	5.044076e-01	4.825884e-01	5.324599e-01	5.192856e-01	0.000000e+00	1	9.477620e-02
6.766260e-01	4.061759e-01	6.316785e-01	4.297188e-01	3.441803e-01	4.937191e-01	4.975728e-01	5.170159e-01	4.493535e-01	5.110683e-01	5.087745e-01	5.028401e-01	5.158599e-01	5.846697e-01	5.179667e-01	0.000000e+00	1	9.224010e-02
7.232657e-01	3.303818e-01	6.364598e-01	4.297188e-01	2.727837e-01	4.938772e-01	4.933053e-01	5.170159e-01	5.140715e-01	5.146799e-01	3.925727e-01	5.062242e-01	5.158599e-01	5.745118e-01	5.182727e-01	0.000000e+00	1	9.147810e-02
8.420315e-01	4.930434e-01	3.046603e-01	1.926651e-01	3.372299e-01	5.103648e-01	4.992079e-01	4.996730e-01	4.475342e-01	5.175453e-01	4.653751e-01	5.032212e-01	4.981009e-01	5.338307e-01	3.708080e-01	0.000000e+00	1	9.093888e-02
2.051263e-01	9.491849e-01	2.557224e-01	1.639220e-01	8.645051e-01	5.489818e-01	5.122057e-01	5.067562e-01	4.920486e-01	4.922708e-01	4.980519e-01	4.726886e-01	5.051553e-01	5.266185e-01	5.009586e-01	0.000000e+00	1	9.077349e-02
3.629493e-01	7.456865e-01	5.607792e-01	3.785117e-01	7.116260e-01	5.019764e-01	5.008944e-01	5.101516e-01	4.910262e-01	4.957603e-01	5.162989e-01	4.929343e-01	4.951627e-01	5.235561e-01	5.051140e-01	0.000000e+00	1	8.971714e-02
3.729544e-01	2.179490e-02	9.300340e-01	7.568320e-01	3.716085e-02	4.869533e-01	4.789154e-01	4.966318e-01	4.959111e-01	4.942575e-01	4.979340e-01	4.868962e-01	5.350292e-01	5.135928e-01	4.992998e-01	0.000000e+00	1	8.948259e-02
5.044452e-01	7.729680e-01	4.238232e-01	2.740383e-01	6.319023e-01	5.543666e-01	5.248566e-01	5.353509e-01	5.613030e-01	5.019158e-01	5.085120e-01	5.036975e-01	4.659823e-01	5.731344e-01	4.779620e-01	0.000000e+00	1	8.894189e-02
7.040165e-01	1.306538e-01	7.000994e-01	4.928354e-01	1.168171e-01	5.013024e-01	4.811069e-01	5.045143e-01	4.880239e-01	5.019156e-01	5.257294e-01	4.857533e-01	4.975365e-01	5.012214e-01	4.950285e-01	0.000000e+00	1	8.828955e-02
1.001730e-02	8.220686e-01	5.739451e-01	3.879963e-01	9.922429e-01	5.019037e-01	5.019578e-01	5.103005e-01	5.184810e-01	4.952906e-01	5.085587e-01	4.986899e-01	4.807449e-01	4.644202e-01	5.215084e-01	0.000000e+00	1	8.790730e-02
5.894144e-01	1.540085e-01	8.005047e-01	5.858669e-01	1.627051e-01	5.219579e-01	4.984731e-01	5.034424e-01	4.903164e-01	4.521168e-01	5.375410e-01	4.682280e-01	4.848409e-01	4.839949e-01	4.872521e-01	0.000000e+00	1	8.509203e-02
6.482555e-01	2.369402e-01	7.369724e-01	5.208564e-01	2.230842e-01	4.999223e-01	5.005135e-01	4.827874e-01	4.855359e-01	5.407003e-01	4.983413e-01	4.140420e-01	4.944056e-01	5.070910e-01	4.916545e-01	0.000000e+00	1	8.299773e-02
5.212208e-02	2.405326e-01	9.719201e-01	8.421105e-01	8.641484e-01	5.019065e-01	5.158409e-01	5.042958e-01	5.163904e-01	4.955215e-01	4.976231e-01	4.730430e-01	5.352138e-01	5.067510e-01	5.042015e-01	0.000000e+00	1	8.299201e-02
7.324352e-01	4.396780e-01	5.380003e-01	3.577977e-01	3.441803e-01	4.937191e-01	4.975883e-01	5.170159e-01	4.493535e-01	5.110683e-01	5.088040e-01	5.028401e-01	5.158599e-01	5.766821e-01	5.180516e-01	0.000000e+00	1	8.255168e-02
5.766058e-01	7.162035e-01	4.040497e-01	2.635837e-01	5.684770e-01	5.015760e-01	5.098936e-01	5.003657e-01	4.904444e-01	4.959739e-01	4.732382e-01	5.416998e-01	4.680911e-01	5.250709e-01	5.044407e-01	0.000000e+00	1	8.157614e-02
2.643076e-01	5.414017e-01	8.289160e-01	5.998840e-01	7.108752e-01	4.731820e-01	3.636795e-01	5.031615e-01	4.269782e-01	4.995636e-01	4.978347e-01	4.983716e-01	4.941551e-01	4.998166e-01	4.932358e-01	0.000000e+00	1	8.087230e-02
5.481109e-01	2.638402e-01	7.993275e-01	5.858669e-01	2.856048e-01	5.198341e-01	4.984731e-01	4.931936e-01	4.903164e-01	4.520596e-01	5.086666e-01	4.682280e-01	5.115530e-01	4.839949e-01	4.872521e-01	0.000000e+00	1	8.066389e-02
4.558745e-01	3.617235e-01	8.644434e-01	6.227919e-01	4.270112e-01	4.978437e-01	5.022027e-01	4.216763e-01	5.110667e-01	5.004808e-01	4.551235e-01	4.842591e-01	3.170222e-01	4.987204e-01	4.917766e-01	0.000000e+00	1	7.906774e-02
2.394784e-01	9.279402e-01	2.872305e-01	1.853810e-01	8.392125e-01	5.087571e-01	4.921709e-01	4.963696e-01	4.986177e-01	5.000611e-01	5.116192e-01	5.095967e-01	5.088461e-01	5.019002e-01	5.000516e-01	0.000000e+00	1	7.843422e-02
1.038639e-01	6.926281e-12	9.986571e-01	9.340265e-01	4.245372e-11	5.053550e-01	4.986682e-01	5.030642e-01	4.903164e-01	5.018878e-01	4.653264e-01	4.999362e-01	5.502595e-01	5.129229e-01	4.966502e-01	0.000000e+00	1	7.724167e-02
7.065121e-01	5.493222e-01	4.513894e-01	2.973943e-01	4.207280e-01	4.927346e-01	4.828274e-01	5.206500e-01	4.975967e-01	5.108893e-01	4.651200e-01	5.039705e-01	5.092850e-01	5.106534e-01	4.999121e-01	0.000000e+00	1	7.589936e-02
3.404032e-01	1.989266e-02	9.437236e-01	7.792702e-01	3.716085e-02	4.869533e-01	4.825857e-01	4.966318e-01	4.959111e-01	4.942575e-01	4.684325e-01	4.859722e-01	5.252273e-01	5.327347e-01	4.993188e-01	0.000000e+00	1	7.474503e-02
5.838822e-01	2.313395e-01	7.810418e-01	5.688552e-01	2.401548e-01	5.008248e-01	4.986556e-01	5.045254e-01	5.092068e-01	5.407003e-01	5.092211e-01	4.855745e-01	5.098431e-01	5.070910e-01	4.950649e-01	0.000000e+00	1	7.046827e-02
3.914505e-01	7.592900e-01	5.361165e-01	3.567962e-01	6.969635e-01	5.019764e-01	5.008290e-01	5.101516e-01	4.910262e-01	4.957603e-01	5.877212e-01	4.929343e-01	4.951627e-01	5.235561e-01	5.046795e-01	0.000000e+00	1	7.036382e-02
1.114115e-03	1.852124e-01	9.916596e-01	8.824507e-01	9.961706e-01	5.026961e-01	5.132351e-01	5.043014e-01	4.828273e-01	4.999648e-01	5.867724e-01	5.044076e-01	4.825884e-01	5.076754e-01	5.200318e-01	0.000000e+00	1	7.024400e-02
3.777512e-01	4.863589e-01	7.930734e-01	5.796720e-01	5.795976e-01	5.053764e-01	5.018941e-01	4.489853e-01	4.881712e-01	5.038738e-01	4.656484e-01	5.070831e-01	4.975365e-01	5.018527e-01	4.919290e-01	0.000000e+00	1	6.976196e-02
5.596734e-02	8.626651e-01	5.174129e-01	3.433513e-01	9.587557e-01	5.164079e-01	5.160047e-01	5.066859e-01	5.100758e-01	4.862605e-01	4.982178e-01	5.416980e-01	5.697353e-01	4.999903e-01	5.051403e-01	0.000000e+00	1	6.881313e-02
8.956767e-01	1.767160e-01	4.305467e-01	2.805411e-01	1.240116e-01	5.027976e-01	5.284445e-01	4.825374e-01	4.894713e-01	4.497478e-01	4.665561e-01	5.438986e-01	4.680030e-01	5.393106e-01	5.010938e-01	0.000000e+00	1	6.828713e-02
5.493709e-01	4.291766e-01	7.666748e-01	5.302194e-01	4.221942e-01	4.999223e-01	5.089486e-01	4.840036e-01	5.092068e-01	4.984042e-01	4.551235e-01	4.857533e-01	3.170222e-01	5.070910e-01	4.917766e-01	0.000000e+00	1	6.651292e-02
6.064739e-01	5.703001e-01	5.912350e-01	3.931349e-01	4.804366e-01	4.954275e-01	4.958275e-01	5.159533e-01	4.806046e-01	6.380136e-01	4.690343e-01	5.028920e-01	5.024264e-01	5.044953e-01	5.193251e-01	0.000000e+00	1	6.618953e-02
4.242507e-01	5.809044e-01	7.141811e-01	4.977125e-01	5.984256e-01	5.089737e-01	5.028673e-01	5.353509e-01	5.646111e-01	5.019158e-01	5.075034e-01	4.987197e-01	4.659823e-01	5.812327e-01	5.179667e-01	0.000000e+00	1	6.507268e-02
9.068580e-01	3.738036e-03	4.951991e-01	3.181889e-01	2.624109e-03	6.327057e-01	5.073319e-01	4.800912e-01	4.959111e-01	4.553573e-01	4.779096e-01	4.659332e-01	4.808700e-01	4.607035e-01	4.018608e-01	0.000000e+00	1	6.418425e-02
8.203992e-01	6.229020e-01	3.973985e-02	2.454826e-02	4.134245e-01	4.979746e-01	4.070911e-01	4.800912e-01	4.959111e-01	4.563334e-01	4.545900e-01	5.799006e-01	5.414306e-01	5.097344e-01	4.018608e-01	0.000000e+00	1	6.369531e-02
2.846721e-01	7.635318e-02	9.587434e-01	8.101299e-01	1.668242e-01	5.111927e-01	5.298523e-01	4.991738e-01	4.936970e-01	4.995586e-01	5.002402e-01	4.655695e-01	5.279172e-01	4.990437e-01	5.010472e-01	0.000000e+00	1	6.314972e-02
6.634077e-01	1.231175e-01	7.420378e-01	5.302194e-01	1.168171e-01	5.013024e-01	5.442427e-01	5.045143e-01	4.880239e-01	5.032685e-01	5.238495e-01	4.857533e-01	4.975365e-01	5.018527e-01	4.950285e-01	0.000000e+00	1	6.309529e-02
1.914551e-01	8.859237e-01	4.376029e-01	2.863501e-01	8.645051e-01	5.469031e-01	5.122057e-01	5.067562e-01	4.920486e-01	4.497478e-01	4.980519e-01	4.726886e-01	5.051553e-01	5.269212e-01	5.009586e-01	0.000000e+00	1	6.287482e-02
2.210645e-01	8.355613e-01	5.238948e-01	3.469091e-01	8.353422e-01	5.019973e-01	5.008937e-01	4.990736e-01	4.969304e-01	4.996129e-01	5.162635e-01	4.940513e-01	6.018621e-01	4.996168e-01	4.992026e-01	0.000000e+00	1	6.246243e-02
5.666891e-01	2.989512e-01	7.761620e-01	5.606764e-01	3.090383e-01	5.469031e-01	5.122057e-01	5.067562e-01	5.088301e-01	4.497478e-01	4.980444e-01	4.750062e-01	5.097519e-01	5.269212e-01	5.009947e-01	0.000000e+00	1	6.154349e-02
