1.845094e-15	1.004084e+00	5.770709e-03	3.658765e-03	1.000000e+00	5.026961e-01	4.966659e-01	5.043014e-01	4.907308e-01	4.956421e-01	5.382545e-01	5.268836e-01	4.665569e-01	5.157737e-01	5.201294e-01	0.000000e+00	1	1.000000e+14
1.310621e-15	9.517591e-16	1.002600e+00	1.000000e+00	3.998529e-01	5.262043e-01	4.834134e-01	5.147082e-01	4.959313e-01	5.024198e-01	4.921994e-01	5.340621e-01	4.997632e-01	5.129229e-01	4.966975e-01	0.000000e+00	1	1.000000e+14
1.616673e-15	5.511197e-26	1.000698e+00	1.000000e+00	2.170221e-11	5.075926e-01	4.838794e-01	5.090996e-01	5.017879e-01	5.024198e-01	4.905414e-01	5.031563e-01	4.966086e-01	5.129229e-01	4.966851e-01	0.000000e+00	1	1.000000e+14
2.976294e-30	1.619673e-15	1.002556e+00	1.000000e+00	1.000000e+00	5.026961e-01	4.967991e-01	4.865680e-01	4.859972e-01	4.994320e-01	5.388740e-01	4.994298e-01	4.945245e-01	5.157773e-01	5.192589e-01	0.000000e+00	1	1.000000e+14
1.007426e+00	6.718136e-11	5.484158e-04	3.465587e-04	4.245372e-11	5.028022e-01	4.959266e-01	5.044990e-01	4.924166e-01	4.740604e-01	5.458180e-01	5.007631e-01	5.115530e-01	5.636499e-01	5.191441e-01	0.000000e+00	1	1.000000e+14
2.557791e-01	9.667728e-01	4.359994e-17	2.775558e-17	8.353422e-01	5.033129e-01	5.008937e-01	4.990736e-01	4.975967e-01	4.996129e-01	4.978796e-01	5.029323e-01	4.980347e-01	4.996489e-01	4.992026e-01	0.000000e+00	1	1.000000e+14
6.693149e-02	9.409559e-01	3.455644e-01	2.235437e-01	9.547925e-01	5.150852e-01	4.881619e-01	5.007879e-01	4.995404e-01	5.406450e-01	5.392743e-01	4.985500e-01	5.182496e-01	5.178587e-01	5.204555e-01	0.000000e+00	1	1.657466e-01
2.336651e-01	8.962465e-02	9.836513e-01	8.413942e-01	2.331648e-01	4.920219e-01	4.345068e-01	5.546459e-01	5.164901e-01	4.962692e-01	5.018770e-01	4.236371e-01	5.302234e-01	5.212131e-01	5.128581e-01	0.000000e+00	1	1.345201e-01
7.278404e-01	5.004976e-01	4.892444e-01	3.220091e-01	3.834918e-01	4.884130e-01	4.789706e-01	5.035555e-01	5.181449e-01	4.750649e-01	4.148697e-01	5.030398e-01	4.980347e-01	5.259601e-01	5.168191e-01	0.000000e+00	1	1.258613e-01
1.171513e-01	4.770707e-02	9.992178e-01	9.198357e-01	2.461938e-01	4.599808e-01	4.734998e-01	5.546459e-01	5.164901e-01	5.180750e-01	5.019935e-01	4.994683e-01	5.178013e-01	5.285891e-01	5.128602e-01	0.000000e+00	1	1.229199e-01
6.511691e-01	7.769249e-01	1.263688e-01	7.895258e-02	5.559155e-01	5.049814e-01	4.967029e-01	5.028616e-01	4.899379e-01	4.834804e-01	5.405864e-01	6.382775e-01	5.020794e-01	4.811322e-01	4.952622e-01	0.000000e+00	1	1.205637e-01
6.366258e-01	8.155322e-01	3.560093e-02	2.189778e-02	5.780385e-01	5.021662e-01	5.074012e-01	4.995741e-01	4.189563e-01	5.119915e-01	4.999074e-01	4.875993e-01	3.342038e-01	4.857187e-01	5.242669e-01	0.000000e+00	1	1.201175e-01
3.172955e-01	1.379905e-01	9.404542e-01	7.755658e-01	2.611558e-01	5.028103e-01	5.000474e-01	4.907859e-01	4.901749e-01	4.999617e-01	4.710156e-01	5.055766e-01	5.257400e-01	5.123617e-01	4.855796e-01	0.000000e+00	1	1.053370e-01
7.989928e-01	2.388162e-02	6.261523e-01	4.230285e-01	1.902268e-02	5.207467e-01	4.527843e-01	5.028748e-01	5.817439e-01	4.907623e-01	4.909849e-01	5.035213e-01	5.144786e-01	5.747354e-01	4.915959e-01	0.000000e+00	1	1.052150e-01
1.623664e-01	8.258222e-01	6.066799e-01	3.976162e-01	8.764094e-01	5.026961e-01	3.340056e-01	5.043014e-01	5.596848e-01	4.998997e-01	5.382411e-01	5.254861e-01	4.825884e-01	4.404894e-01	5.200231e-01	0.000000e+00	1	1.027831e-01
9.205287e-01	1.419264e-01	4.206325e-01	2.700493e-01	9.738670e-02	4.992633e-01	4.326944e-01	5.101140e-01	4.794478e-01	4.283389e-01	5.212570e-01	4.097565e-01	4.699558e-01	5.010044e-01	5.478786e-01	0.000000e+00	1	1.022623e-01
4.444796e-01	1.916255e-01	8.870953e-01	6.820191e-01	2.591333e-01	4.906645e-01	4.807607e-01	5.275822e-01	4.685088e-01	5.036704e-01	4.190434e-01	5.187097e-01	5.272030e-01	4.742832e-01	4.949109e-01	0.000000e+00	1	9.972014e-02
3.965018e-01	8.713025e-01	3.060189e-01	1.969759e-01	7.281249e-01	5.015716e-01	4.734303e-01	5.019280e-01	4.885192e-01	4.529391e-01	5.041507e-01	5.009453e-01	4.690678e-01	5.279578e-01	5.136706e-01	0.000000e+00	1	9.788337e-02
9.025790e-01	6.950355e-03	5.566946e-01	3.518309e-01	4.902226e-03	5.181283e-01	4.335393e-01	6.253684e-01	4.930435e-01	5.041272e-01	3.101090e-01	4.998232e-01	5.115530e-01	5.601909e-01	5.114500e-01	0.000000e+00	1	9.606793e-02
6.119260e-03	6.406910e-01	7.753208e-01	5.603321e-01	9.939198e-01	4.991653e-01	5.006856e-01	5.573630e-01	4.621255e-01	4.968945e-01	4.982096e-01	5.265164e-01	4.855411e-01	5.023919e-01	4.878073e-01	0.000000e+00	1	9.591559e-02
1.865726e-01	7.418992e-01	6.612230e-01	4.537591e-01	8.431555e-01	5.027885e-01	5.428707e-01	5.043014e-01	5.544802e-01	4.976277e-01	5.455387e-01	4.994600e-01	4.825884e-01	4.404894e-01	5.200231e-01	0.000000e+00	1	9.502033e-02
7.855457e-01	5.879122e-01	2.000299e-01	1.280305e-01	4.090182e-01	5.030596e-01	4.881619e-01	5.010895e-01	4.995404e-01	5.037356e-01	5.119452e-01	5.099379e-01	5.149254e-01	5.178587e-01	5.204555e-01	0.000000e+00	1	9.373611e-02
8.606813e-01	3.743067e-01	3.709174e-01	2.396004e-01	2.611558e-01	4.724063e-01	4.298461e-01	5.029624e-01	4.966190e-01	4.598923e-01	4.715215e-01	5.050627e-01	5.257400e-01	5.129458e-01	4.855796e-01	0.000000e+00	1	9.292477e-02
8.224313e-01	5.693331e-01	1.542105e-02	9.813951e-03	3.854795e-01	5.034772e-01	5.168541e-01	5.081097e-01	4.975967e-01	4.996129e-01	4.978796e-01	5.029323e-01	4.980347e-01	4.996489e-01	4.992026e-01	0.000000e+00	1	9.147375e-02
4.691783e-01	7.274729e-01	5.131470e-01	3.406560e-01	6.353367e-01	4.949510e-01	5.086488e-01	5.044689e-01	4.971095e-01	5.041818e-01	4.891809e-01	5.251071e-01	4.851050e-01	5.699442e-01	4.825352e-01	0.000000e+00	1	9.133277e-02
5.933020e-01	7.608110e-01	3.630442e-01	2.291198e-01	5.783543e-01	5.021662e-01	3.891317e-01	4.996031e-01	4.294884e-01	4.566570e-01	4.170839e-01	4.999662e-01	4.575377e-01	5.538908e-01	5.107559e-01	0.000000e+00	1	9.099853e-02
7.669896e-01	5.907093e-01	2.792044e-01	1.787540e-01	4.178027e-01	5.071249e-01	4.331381e-01	5.358636e-01	4.927165e-01	4.976752e-01	4.835505e-01	4.998202e-01	4.644611e-01	4.944579e-01	4.888639e-01	0.000000e+00	1	9.046516e-02
4.869450e-01	1.982968e-01	8.559885e-01	6.493395e-01	2.461938e-01	4.910217e-01	4.958126e-01	5.446092e-01	4.905440e-01	4.933295e-01	5.157766e-01	4.666926e-01	5.244300e-01	5.149567e-01	5.128602e-01	0.000000e+00	1	8.893426e-02
4.391008e-01	6.896506e-01	5.863524e-01	3.960839e-01	6.390564e-01	5.106684e-01	5.086488e-01	5.044689e-01	4.971095e-01	5.001288e-01	4.891809e-01	4.810458e-01	4.851050e-01	5.699442e-01	5.170996e-01	0.000000e+00	1	8.682087e-02
3.717553e-01	9.082003e-01	2.142743e-01	1.368570e-01	7.526572e-01	5.132286e-01	4.970098e-01	5.020004e-01	4.884256e-01	4.529391e-01	5.033940e-01	5.009453e-01	4.692732e-01	5.279578e-01	5.136706e-01	0.000000e+00	1	8.615760e-02
9.606661e-01	3.258842e-01	7.086049e-02	4.439712e-02	2.082038e-01	3.976813e-01	4.324746e-01	5.169601e-01	4.970416e-01	5.028457e-01	5.218720e-01	5.059711e-01	4.764906e-01	5.197972e-01	5.107558e-01	0.000000e+00	1	8.546904e-02
3.417510e-01	2.541082e-01	9.227739e-01	7.247356e-01	4.070286e-01	4.843035e-01	4.807607e-01	5.395244e-01	4.991374e-01	4.968824e-01	4.656783e-01	3.896691e-01	5.269278e-01	5.042424e-01	4.953061e-01	0.000000e+00	1	8.486026e-02
6.848298e-01	4.947427e-01	5.598096e-01	3.725466e-01	3.982837e-01	4.910955e-01	4.865309e-01	4.987004e-01	4.650436e-01	5.051809e-01	5.159632e-01	3.953559e-01	5.192849e-01	5.144356e-01	5.136706e-01	0.000000e+00	1	8.436073e-02
7.461118e-01	1.150349e-01	6.973657e-01	4.747806e-01	9.738670e-02	4.027245e-01	4.298176e-01	5.101140e-01	4.188934e-01	4.283389e-01	5.197980e-01	5.063849e-01	4.843744e-01	5.010335e-01	5.291697e-01	0.000000e+00	1	8.403795e-02
3.084394e-01	1.720809e-01	9.380442e-01	7.707500e-01	3.239723e-01	4.906645e-01	4.829312e-01	5.054818e-01	4.979488e-01	5.108893e-01	4.716626e-01	5.039705e-01	5.257400e-01	5.106534e-01	4.855796e-01	0.000000e+00	1	8.297103e-02
9.987965e-01	5.233811e-02	2.546423e-01	1.587113e-01	3.332914e-02	3.870572e-01	4.354758e-01	4.680811e-01	4.238820e-01	4.283389e-01	5.256134e-01	4.571655e-01	5.214830e-01	5.116245e-01	4.890996e-01	0.000000e+00	1	8.236303e-02
5.361899e-01	2.991447e-01	8.002646e-01	5.833693e-01	3.239723e-01	4.906645e-01	4.829312e-01	5.312370e-01	4.990114e-01	5.714027e-01	4.678781e-01	4.897551e-01	5.240390e-01	5.222198e-01	4.975901e-01	0.000000e+00	1	8.072812e-02
5.898790e-01	3.907621e-01	7.483218e-01	5.178159e-01	3.724696e-01	4.317278e-01	4.344664e-01	5.324448e-01	4.524442e-01	4.577862e-01	4.141445e-01	5.189288e-01	4.690110e-01	5.838729e-01	4.901897e-01	0.000000e+00	1	8.022195e-02
7.763671e-01	5.338669e-01	3.706228e-01	2.385826e-01	3.834918e-01	4.886539e-01	4.453889e-01	5.035555e-01	5.181449e-01	4.750649e-01	4.148697e-01	5.141420e-01	4.980347e-01	5.259601e-01	5.168191e-01	0.000000e+00	1	7.959120e-02
4.679835e-01	4.234208e-01	8.185002e-01	5.818439e-01	4.682009e-01	4.968488e-01	5.008880e-01	4.897569e-01	4.992954e-01	4.956956e-01	3.921700e-01	6.106737e-01	5.245263e-01	4.055769e-01	4.947755e-01	0.000000e+00	1	7.954776e-02
5.006773e-01	8.799320e-01	9.028562e-02	5.662371e-02	6.706703e-01	5.180908e-01	4.429995e-01	4.194682e-01	4.970416e-01	5.028457e-01	4.802496e-01	5.127976e-01	4.861986e-01	5.708757e-01	5.239523e-01	0.000000e+00	1	7.939353e-02
2.300069e-01	8.929485e-01	4.575752e-01	2.932463e-01	8.395074e-01	5.155029e-01	5.172698e-01	6.268062e-01	5.181449e-01	4.750649e-01	4.148697e-01	5.029823e-01	5.013589e-01	5.674030e-01	4.960821e-01	0.000000e+00	1	7.844161e-02
6.589839e-01	2.555569e-01	7.276261e-01	5.092414e-01	2.355168e-01	5.176780e-01	4.343871e-01	5.327252e-01	4.967770e-01	4.967035e-01	4.141445e-01	5.024729e-01	4.667276e-01	5.140216e-01	4.968279e-01	0.000000e+00	1	7.710297e-02
9.488727e-01	2.730648e-01	2.224952e-01	1.410982e-01	1.783851e-01	5.147030e-01	4.310569e-01	5.010826e-01	4.885192e-01	5.010186e-01	5.053111e-01	5.684142e-01	4.690559e-01	5.344063e-01	5.136706e-01	0.000000e+00	1	7.514554e-02
2.917250e-01	6.460033e-01	7.075403e-01	4.994254e-01	7.299645e-01	5.132286e-01	4.986682e-01	5.016926e-01	4.903164e-01	4.998543e-01	5.196429e-01	5.109850e-01	5.151503e-01	5.180371e-01	5.135089e-01	0.000000e+00	1	7.504241e-02
8.316225e-01	4.673331e-01	3.410299e-01	2.185759e-01	3.259329e-01	4.507490e-01	4.801498e-01	5.054832e-01	4.881714e-01	5.076654e-01	4.664665e-01	4.186148e-01	5.027199e-01	5.452947e-01	4.855796e-01	0.000000e+00	1	7.488951e-02
5.123904e-01	2.128482e-01	8.468881e-01	6.307677e-01	2.506457e-01	5.083894e-01	5.004105e-01	5.031045e-01	4.903164e-01	5.645064e-01	4.163174e-01	4.873807e-01	5.273078e-01	4.861772e-01	4.952622e-01	0.000000e+00	1	7.213157e-02
7.450945e-01	5.157962e-01	4.390210e-01	2.872036e-01	3.854795e-01	5.007228e-01	4.820663e-01	5.081097e-01	5.181449e-01	4.765034e-01	4.665957e-01	5.029323e-01	4.980347e-01	5.674030e-01	4.967348e-01	0.000000e+00	1	7.193011e-02
8.509328e-01	4.781846e-01	2.499119e-01	1.595687e-01	3.259329e-01	4.515146e-01	4.829312e-01	5.054818e-01	4.881714e-01	5.076654e-01	4.716626e-01	5.039705e-01	5.257400e-01	5.548881e-01	4.855796e-01	0.000000e+00	1	7.186167e-02
5.335757e-01	7.987436e-01	3.050621e-01	1.957671e-01	6.250704e-01	5.020482e-01	4.838041e-01	5.117006e-01	5.210398e-01	4.534776e-01	4.372003e-01	4.916744e-01	5.087617e-01	5.268397e-01	4.947862e-01	0.000000e+00	1	7.120245e-02
2.725373e-01	9.611594e-01	1.219267e-01	7.731232e-02	8.241031e-01	5.083894e-01	5.005198e-01	4.986712e-01	4.903164e-01	4.895670e-01	5.709261e-01	4.873807e-01	5.273078e-01	4.892007e-01	4.882940e-01	0.000000e+00	1	6.867996e-02
1.500427e-01	7.631419e-01	6.722459e-01	4.537591e-01	8.764094e-01	5.026723e-01	3.572787e-01	5.043014e-01	5.596848e-01	4.998997e-01	5.523013e-01	5.254861e-01	4.957621e-01	5.185686e-01	5.175815e-01	0.000000e+00	1	6.746529e-02
5.773194e-01	7.138634e-01	4.080399e-01	2.662485e-01	5.670740e-01	4.737537e-01	4.996238e-01	5.052668e-01	4.975538e-01	4.937069e-01	5.013386e-01	5.053224e-01	4.840570e-01	5.572497e-01	4.809618e-01	0.000000e+00	1	6.569151e-02
8.298012e-01	2.326827e-01	5.108705e-01	3.406560e-01	1.740435e-01	4.949510e-01	5.086488e-01	5.044689e-01	4.809231e-01	5.041818e-01	4.891809e-01	5.230058e-01	4.937303e-01	5.188657e-01	4.825352e-01	0.000000e+00	1	6.497425e-02
6.755595e-01	4.880455e-01	5.784677e-01	3.862719e-01	3.982837e-01	4.910955e-01	4.946311e-01	4.987004e-01	4.941330e-01	4.529391e-01	5.159632e-01	3.953559e-01	4.773857e-01	5.151504e-01	5.136706e-01	0.000000e+00	1	6.345709e-02
5.356564e-01	6.201508e-01	5.906972e-01	3.976162e-01	5.464570e-01	5.026961e-01	4.699794e-01	4.985792e-01	5.596848e-01	5.013638e-01	5.382411e-01	5.215008e-01	4.825884e-01	4.426603e-01	5.133035e-01	0.000000e+00	1	6.322818e-02
