1.841106e-15	1.001914e+00	5.758237e-03	3.658765e-03	1.000000e+00	5.026352e-01	4.966659e-01	5.040119e-01	4.908791e-01	4.956421e-01	4.999818e-01	5.046286e-01	4.665569e-01	5.157737e-01	5.201294e-01	0.000000e+00	1	1.000000e+14
2.973535e-30	1.618172e-15	1.001626e+00	1.000000e+00	1.000000e+00	4.938256e-01	4.967991e-01	4.865680e-01	4.859972e-01	4.994320e-01	4.765286e-01	4.994298e-01	4.945245e-01	5.157773e-01	5.192589e-01	0.000000e+00	1	1.000000e+14
1.005047e+00	6.702269e-11	5.471205e-04	3.465587e-04	4.245372e-11	5.028022e-01	4.959266e-01	5.035395e-01	5.177247e-01	4.740604e-01	5.389811e-01	4.999145e-01	5.410249e-01	5.256398e-01	5.127626e-01	0.000000e+00	1	1.000000e+14
1.131010e-15	1.204320e-15	1.022653e+00	1.000000e+00	5.199779e-01	4.892344e-01	4.387193e-01	5.480129e-01	4.893012e-01	4.993746e-01	6.023792e-01	4.281110e-01	4.931100e-01	5.210753e-01	5.148496e-01	0.000000e+00	1	1.000000e+14
2.557791e-01	9.667728e-01	4.359994e-17	2.775558e-17	8.353422e-01	5.033129e-01	5.008937e-01	4.990736e-01	4.975967e-01	4.996129e-01	4.978796e-01	5.029323e-01	4.980347e-01	4.996489e-01	4.992026e-01	0.000000e+00	1	1.000000e+14
1.616673e-15	5.511197e-26	1.000698e+00	1.000000e+00	2.170221e-11	5.075926e-01	4.838794e-01	5.090996e-01	5.017879e-01	5.024198e-01	4.905414e-01	5.031563e-01	4.966086e-01	5.129229e-01	4.966851e-01	0.000000e+00	1	1.000000e+14
1.828394e-01	6.487232e-01	7.537334e-01	5.355173e-01	8.251086e-01	5.027885e-01	5.428707e-01	5.043014e-01	4.844365e-01	4.106474e-01	5.201803e-01	4.995862e-01	4.810313e-01	4.849331e-01	4.931786e-01	0.000000e+00	1	1.692553e-01
3.083577e-01	1.720353e-01	9.377957e-01	7.707500e-01	3.239723e-01	4.906645e-01	4.829312e-01	5.054818e-01	4.979488e-01	5.108893e-01	5.231845e-01	5.039705e-01	5.257400e-01	5.106534e-01	4.855796e-01	0.000000e+00	1	1.477099e-01
6.511691e-01	7.769249e-01	1.263688e-01	7.895258e-02	5.559155e-01	5.049814e-01	4.967029e-01	5.028616e-01	4.899379e-01	4.834804e-01	5.405864e-01	6.382775e-01	5.020794e-01	4.811322e-01	4.952622e-01	0.000000e+00	1	1.319430e-01
2.789969e-01	1.557376e-01	9.677023e-01	7.969728e-01	3.241166e-01	4.428465e-01	4.377680e-01	5.095286e-01	4.207715e-01	4.522158e-01	5.454752e-01	5.039492e-01	4.868059e-01	5.010335e-01	5.322342e-01	0.000000e+00	1	1.230610e-01
5.871973e-01	4.099343e-01	7.372322e-01	5.092414e-01	3.879964e-01	5.176780e-01	4.262675e-01	5.327252e-01	4.679183e-01	4.996089e-01	3.595551e-01	5.024223e-01	4.971191e-01	5.139452e-01	4.968279e-01	0.000000e+00	1	1.159238e-01
1.202405e-01	7.520970e-01	6.583264e-01	4.537591e-01	8.990754e-01	5.026751e-01	4.478942e-01	5.043014e-01	5.121313e-01	4.752041e-01	5.521907e-01	5.030469e-01	4.963376e-01	4.819853e-01	5.124213e-01	0.000000e+00	1	1.153450e-01
8.724045e-01	4.928229e-01	1.513832e-01	9.546114e-02	3.273576e-01	4.469062e-01	4.760250e-01	5.095286e-01	4.319268e-01	5.484197e-01	5.454752e-01	5.030783e-01	4.843744e-01	5.010335e-01	5.237847e-01	0.000000e+00	1	1.118011e-01
9.340338e-01	3.803631e-01	7.741670e-02	4.877341e-02	2.461938e-01	4.971298e-01	4.716342e-01	5.485362e-01	4.885578e-01	5.459750e-01	5.378507e-01	5.200696e-01	4.663962e-01	4.551710e-01	4.669717e-01	0.000000e+00	1	1.096123e-01
6.356605e-01	4.862709e-01	7.084705e-01	4.612899e-01	4.157273e-01	5.176780e-01	4.248032e-01	6.960001e-01	4.505075e-01	4.987704e-01	3.523390e-01	4.976100e-01	4.971191e-01	5.139452e-01	4.968279e-01	0.000000e+00	1	1.067655e-01
3.565847e-01	2.669594e-01	9.017625e-01	7.079112e-01	4.091177e-01	4.843035e-01	4.807607e-01	5.393256e-01	4.991374e-01	4.677417e-01	4.669224e-01	5.070426e-01	5.149634e-01	4.701960e-01	5.179095e-01	0.000000e+00	1	1.020017e-01
5.073018e-01	8.248707e-01	2.575845e-01	1.655049e-01	6.489796e-01	4.952842e-01	5.118006e-01	5.019330e-01	4.891867e-01	5.051942e-01	5.188110e-01	4.984942e-01	5.138938e-01	5.302502e-01	5.168164e-01	0.000000e+00	1	1.003106e-01
4.866571e-01	1.981796e-01	8.554824e-01	6.493395e-01	2.461938e-01	4.906751e-01	4.958126e-01	5.446092e-01	4.905440e-01	4.995912e-01	5.157766e-01	4.999263e-01	5.244300e-01	5.278769e-01	5.128602e-01	0.000000e+00	1	9.984973e-02
8.527231e-01	5.087893e-01	2.123151e-01	1.341007e-01	3.424779e-01	4.951677e-01	4.478676e-01	5.095286e-01	4.926784e-01	4.116402e-01	5.448905e-01	5.024360e-01	5.437085e-01	5.010335e-01	5.282126e-01	0.000000e+00	1	9.915496e-02
8.685864e-01	1.842726e-02	4.964355e-01	3.304925e-01	1.350401e-02	4.846995e-01	4.997827e-01	5.090996e-01	5.017879e-01	4.969403e-01	5.092774e-01	5.031381e-01	4.966086e-01	5.129229e-01	4.966851e-01	0.000000e+00	1	9.813205e-02
2.658584e-02	9.457874e-01	3.463649e-01	2.234040e-01	9.821095e-01	5.277623e-01	4.323028e-01	4.930443e-01	4.992112e-01	5.087901e-01	5.342485e-01	4.974247e-01	5.194125e-01	5.156377e-01	4.831141e-01	0.000000e+00	1	9.604996e-02
4.746590e-01	1.301234e-01	9.029044e-01	6.822806e-01	1.703385e-01	4.907768e-01	4.138228e-01	5.446092e-01	4.907003e-01	4.995912e-01	5.158040e-01	3.697842e-01	5.244300e-01	5.278769e-01	5.128602e-01	0.000000e+00	1	9.447395e-02
9.631895e-01	3.153943e-01	9.669720e-02	6.055532e-02	2.014547e-01	3.962280e-01	5.491642e-01	5.552051e-01	5.173735e-01	5.180750e-01	5.021142e-01	4.994683e-01	5.178013e-01	5.285891e-01	5.106799e-01	0.000000e+00	1	9.119734e-02
7.924334e-01	8.528125e-02	6.410406e-01	4.312221e-01	6.824999e-02	5.169205e-01	4.896429e-01	4.987004e-01	4.941330e-01	4.136045e-01	4.809894e-01	3.953559e-01	4.773857e-01	5.290377e-01	5.475155e-01	0.000000e+00	1	8.986570e-02
7.267336e-01	5.328089e-01	4.499136e-01	2.948003e-01	4.027469e-01	4.887493e-01	4.816988e-01	5.035555e-01	5.019418e-01	4.752681e-01	4.280542e-01	5.030398e-01	4.980347e-01	5.250536e-01	5.170930e-01	0.000000e+00	1	8.986107e-02
3.959822e-01	8.701605e-01	3.056178e-01	1.969759e-01	7.281249e-01	5.015716e-01	5.018982e-01	5.019330e-01	4.885192e-01	5.051942e-01	5.041507e-01	5.469479e-01	5.138938e-01	5.302502e-01	5.136706e-01	0.000000e+00	1	8.842766e-02
3.407227e-01	7.167344e-01	7.025149e-01	4.612899e-01	7.174935e-01	5.176780e-01	4.248032e-01	6.705892e-01	4.505075e-01	4.970904e-01	3.523390e-01	5.009742e-01	4.971191e-01	5.139452e-01	5.183883e-01	0.000000e+00	1	8.722487e-02
4.969234e-01	3.720249e-01	8.095655e-01	5.835549e-01	4.091177e-01	4.843035e-01	4.807607e-01	5.393256e-01	4.991374e-01	4.968824e-01	4.660457e-01	3.896691e-01	4.633877e-01	4.701960e-01	5.493404e-01	0.000000e+00	1	8.689071e-02
8.185186e-01	5.932321e-01	2.656276e-02	1.672437e-02	3.992580e-01	5.026961e-01	4.966659e-01	5.043014e-01	4.907308e-01	4.956421e-01	5.382545e-01	4.112055e-01	4.637058e-01	5.157160e-01	5.135722e-01	0.000000e+00	1	8.527809e-02
7.927159e-01	4.417906e-01	4.461061e-01	2.908597e-01	3.236830e-01	4.881065e-01	5.203748e-01	4.912945e-01	4.789983e-01	5.236050e-01	4.033118e-01	5.025235e-01	5.156390e-01	4.996489e-01	4.992026e-01	0.000000e+00	1	8.480262e-02
5.244052e-01	2.135516e-01	8.300310e-01	6.188830e-01	2.461938e-01	4.987326e-01	4.857130e-01	5.446092e-01	4.888812e-01	4.956321e-01	5.163613e-01	4.999263e-01	4.650959e-01	5.278769e-01	5.128602e-01	0.000000e+00	1	8.317489e-02
1.839905e-01	7.492577e-02	9.919608e-01	8.741679e-01	2.461938e-01	4.985036e-01	4.731359e-01	5.546459e-01	5.164901e-01	5.180750e-01	5.019935e-01	4.980190e-01	5.014804e-01	5.323048e-01	4.206529e-01	0.000000e+00	1	8.283456e-02
6.673233e-02	9.381559e-01	3.665172e-01	2.365617e-01	9.547925e-01	5.193380e-01	4.365406e-01	5.165675e-01	5.147064e-01	4.921437e-01	5.460121e-01	5.006820e-01	5.209243e-01	4.577378e-01	5.110875e-01	0.000000e+00	1	8.221765e-02
4.573992e-01	2.551794e-01	8.671126e-01	6.540732e-01	3.239645e-01	4.433611e-01	4.829312e-01	5.312370e-01	4.462029e-01	4.574790e-01	5.296949e-01	4.892431e-01	4.529705e-01	5.232891e-01	4.903202e-01	0.000000e+00	1	8.194449e-02
7.690409e-01	5.882787e-01	2.792469e-01	1.787540e-01	4.157136e-01	4.943391e-01	4.331381e-01	5.360624e-01	4.927165e-01	4.976752e-01	4.831831e-01	5.194246e-01	5.280012e-01	4.944579e-01	4.807335e-01	0.000000e+00	1	8.159663e-02
6.848046e-02	9.627319e-01	3.329687e-01	2.114860e-01	9.547925e-01	3.877086e-01	4.373255e-01	5.165675e-01	5.147064e-01	4.930566e-01	5.460121e-01	5.302017e-01	5.209243e-01	5.178501e-01	5.110875e-01	0.000000e+00	1	8.067444e-02
9.043872e-01	3.689777e-01	2.500842e-01	1.595687e-01	2.466088e-01	4.957292e-01	4.742333e-01	5.572852e-01	4.877689e-01	5.076654e-01	4.775738e-01	5.041551e-01	5.183891e-01	5.550346e-01	4.855796e-01	0.000000e+00	1	8.045168e-02
4.086637e-01	8.980278e-01	2.139732e-01	1.359586e-01	7.281249e-01	5.114979e-01	4.734303e-01	5.295605e-01	4.884313e-01	4.972407e-01	4.818179e-01	4.267365e-01	4.692637e-01	5.298862e-01	5.136706e-01	0.000000e+00	1	7.642473e-02
5.465817e-01	6.738634e-01	5.378846e-01	3.532852e-01	5.661547e-01	5.169205e-01	4.896429e-01	4.987230e-01	4.941330e-01	4.994295e-01	4.095340e-01	3.953559e-01	4.773857e-01	5.278046e-01	4.961239e-01	0.000000e+00	1	7.619101e-02
9.568731e-01	3.377695e-01	5.523965e-04	3.465587e-04	2.160297e-01	4.922561e-01	5.328582e-01	5.054963e-01	5.234179e-01	5.340992e-01	5.390210e-01	4.998371e-01	5.410249e-01	4.078635e-01	5.127626e-01	0.000000e+00	1	7.474052e-02
9.205287e-01	1.419264e-01	4.206325e-01	2.700493e-01	9.738670e-02	4.992633e-01	4.326944e-01	5.101140e-01	4.794478e-01	4.283389e-01	5.212570e-01	4.097565e-01	4.699558e-01	5.010044e-01	5.478786e-01	0.000000e+00	1	7.340610e-02
8.811528e-01	3.203035e-01	3.772925e-01	2.435640e-01	2.219607e-01	4.627308e-01	4.403134e-01	5.543103e-01	4.689451e-01	5.199110e-01	5.002763e-01	5.233161e-01	4.980347e-01	4.744300e-01	5.129340e-01	0.000000e+00	1	7.194464e-02
6.755595e-01	4.880455e-01	5.784677e-01	3.862719e-01	3.982837e-01	4.910955e-01	4.946311e-01	4.987004e-01	4.941330e-01	4.529391e-01	5.159632e-01	3.953559e-01	4.773857e-01	5.151504e-01	5.136706e-01	0.000000e+00	1	7.088893e-02
4.691783e-01	7.274729e-01	5.131470e-01	3.406560e-01	6.353367e-01	4.949510e-01	5.086488e-01	5.044689e-01	4.971095e-01	5.041818e-01	4.891809e-01	5.251071e-01	4.851050e-01	5.699442e-01	4.825352e-01	0.000000e+00	1	6.913062e-02
4.451949e-01	6.546433e-01	6.210404e-01	4.234749e-01	6.198006e-01	5.106684e-01	5.086488e-01	5.044689e-01	4.971095e-01	4.999256e-01	4.847942e-01	4.810458e-01	4.851050e-01	5.699442e-01	5.168257e-01	0.000000e+00	1	6.798707e-02
5.540968e-01	6.961118e-01	4.687686e-01	3.087066e-01	5.720069e-01	4.857972e-01	4.996238e-01	5.052668e-01	4.975538e-01	4.970527e-01	5.013386e-01	5.053224e-01	5.001279e-01	5.712697e-01	4.826883e-01	0.000000e+00	1	6.787775e-02
8.101535e-01	5.652746e-01	2.688750e-01	1.691752e-01	3.878326e-01	4.882610e-01	4.478676e-01	5.095286e-01	4.928620e-01	4.116402e-01	3.988333e-01	5.076577e-01	5.437085e-01	5.010335e-01	5.282126e-01	0.000000e+00	1	6.697007e-02
2.139688e-01	9.883020e-01	4.494719e-03	2.829718e-03	8.642658e-01	5.104495e-01	4.324746e-01	5.189916e-01	4.976042e-01	4.719924e-01	4.311745e-01	5.059711e-01	4.764906e-01	5.027988e-01	5.074953e-01	0.000000e+00	1	6.693100e-02
3.417510e-01	2.541082e-01	9.227739e-01	7.247356e-01	4.070286e-01	4.843035e-01	4.807607e-01	5.395244e-01	4.991374e-01	4.968824e-01	4.656783e-01	3.896691e-01	5.269278e-01	5.042424e-01	4.953061e-01	0.000000e+00	1	6.632882e-02
2.144420e-01	7.320959e-01	6.593708e-01	4.537591e-01	8.185988e-01	5.026751e-01	5.377647e-01	5.043014e-01	5.605359e-01	4.998754e-01	5.521979e-01	5.030469e-01	4.957621e-01	4.878431e-01	5.175815e-01	0.000000e+00	1	6.511116e-02
6.978559e-01	6.194818e-01	4.164370e-01	2.672210e-01	4.621693e-01	4.982116e-01	6.111434e-01	4.986233e-01	4.814675e-01	5.070056e-01	5.159632e-01	4.103527e-01	4.773857e-01	5.151504e-01	5.082804e-01	0.000000e+00	1	6.486259e-02
6.634524e-01	7.424863e-01	2.324990e-01	1.460335e-01	5.357495e-01	4.883480e-01	4.843010e-01	5.480129e-01	4.893012e-01	4.993746e-01	5.992504e-01	4.209851e-01	4.931100e-01	5.555121e-01	5.218365e-01	0.000000e+00	1	6.420060e-02
3.891085e-02	9.983750e-01	1.190102e-01	7.547436e-02	9.752008e-01	5.083894e-01	5.005198e-01	4.986916e-01	4.903164e-01	4.898647e-01	5.706258e-01	4.873807e-01	5.031252e-01	4.747635e-01	4.884628e-01	0.000000e+00	1	6.289724e-02
8.986871e-01	4.644126e-01	4.041829e-02	2.542271e-02	3.036496e-01	5.063140e-01	4.966659e-01	5.081466e-01	4.920377e-01	4.318340e-01	5.805148e-01	5.258823e-01	4.982549e-01	5.005214e-01	5.203849e-01	0.000000e+00	1	6.205402e-02
8.361060e-01	5.556807e-01	9.868254e-02	6.237759e-02	3.734248e-01	5.104495e-01	4.324746e-01	5.328512e-01	4.970416e-01	4.667308e-01	5.285904e-01	5.059711e-01	4.764906e-01	5.197972e-01	5.098269e-01	0.000000e+00	1	6.202297e-02
6.680817e-01	2.387199e-01	7.244438e-01	5.066564e-01	2.184766e-01	4.971298e-01	4.730985e-01	5.475156e-01	5.684687e-01	5.468134e-01	5.100736e-01	5.026397e-01	4.638351e-01	4.497975e-01	5.128925e-01	0.000000e+00	1	6.113469e-02
