1.616216e-15	5.509640e-26	1.000416e+00	1.000000e+00	2.170221e-11	5.075926e-01	4.949719e-01	5.035183e-01	5.008601e-01	5.024198e-01	4.905390e-01	5.031813e-01	4.939901e-01	5.129229e-01	4.966851e-01	0.000000e+00	1	1.000000e+14
5.750366e-03	1.006887e+00	2.831045e-03	1.789937e-03	9.963643e-01	5.028588e-01	4.968772e-01	5.146945e-01	4.738506e-01	4.738919e-01	5.706258e-01	4.987110e-01	5.003424e-01	5.126280e-01	4.873771e-01	0.000000e+00	1	1.000000e+14
1.373798e-15	9.683323e-16	1.040374e+00	1.000000e+00	3.908711e-01	4.882124e-01	4.380581e-01	5.058484e-01	6.079996e-01	4.996086e-01	6.023792e-01	4.831304e-01	5.216068e-01	3.840524e-01	4.952104e-01	0.000000e+00	1	1.000000e+14
1.005047e+00	6.702269e-11	5.471205e-04	3.465587e-04	4.245372e-11	5.028022e-01	4.959266e-01	5.035395e-01	5.177247e-01	4.740604e-01	5.389811e-01	4.999145e-01	5.410249e-01	5.256398e-01	5.127626e-01	0.000000e+00	1	1.000000e+14
2.557791e-01	9.667728e-01	4.359994e-17	2.775558e-17	8.353422e-01	5.033129e-01	5.008937e-01	4.990736e-01	4.975967e-01	4.996129e-01	4.978796e-01	5.029323e-01	4.980347e-01	4.996489e-01	4.992026e-01	0.000000e+00	1	1.000000e+14
2.972277e-30	1.617487e-15	1.001202e+00	1.000000e+00	1.000000e+00	4.882031e-01	4.975544e-01	4.865680e-01	4.846694e-01	4.994320e-01	4.888260e-01	5.027940e-01	4.945230e-01	5.130129e-01	5.175895e-01	0.000000e+00	1	1.000000e+14
2.377386e-01	1.186245e-01	9.680250e-01	8.294686e-01	2.946426e-01	5.385867e-01	4.829312e-01	5.054818e-01	4.939164e-01	4.986902e-01	5.386521e-01	5.067606e-01	5.152135e-01	5.106534e-01	4.904671e-01	0.000000e+00	1	1.390067e-01
8.765859e-01	4.795284e-01	1.004288e-01	6.377357e-02	3.186719e-01	5.020234e-01	5.078068e-01	5.019288e-01	4.975967e-01	4.361957e-01	4.999786e-01	4.936944e-01	4.979575e-01	4.996489e-01	5.044351e-01	0.000000e+00	1	1.312622e-01
9.046743e-01	5.359151e-02	4.408181e-01	2.882106e-01	3.766835e-02	4.698408e-01	4.736679e-01	5.069679e-01	5.157889e-01	4.841128e-01	5.015958e-01	5.023652e-01	5.014804e-01	5.323048e-01	4.323487e-01	0.000000e+00	1	1.300503e-01
9.497231e-01	3.359880e-01	1.161356e-03	7.339082e-04	2.164721e-01	5.027896e-01	4.965182e-01	5.030848e-01	5.238516e-01	4.738982e-01	5.706258e-01	4.867593e-01	5.270289e-01	5.091876e-01	5.120943e-01	0.000000e+00	1	1.246275e-01
4.506084e-01	7.850022e-01	5.365573e-01	3.406560e-01	6.682581e-01	4.989829e-01	5.094276e-01	5.103721e-01	4.971095e-01	5.041818e-01	7.108076e-01	5.191629e-01	4.701657e-01	5.699442e-01	5.375341e-01	0.000000e+00	1	1.191161e-01
8.390815e-01	5.189815e-01	1.910037e-01	1.217410e-01	3.526363e-01	4.864640e-01	5.185273e-01	5.052553e-01	4.801228e-01	5.014588e-01	5.454752e-01	5.081257e-01	5.305564e-01	5.093097e-01	5.286897e-01	0.000000e+00	1	1.179426e-01
1.015093e-01	9.601153e-01	2.836724e-01	1.819310e-01	9.329418e-01	5.277623e-01	4.921397e-01	4.930443e-01	4.992112e-01	5.505450e-01	5.456551e-01	5.032719e-01	5.147291e-01	5.156377e-01	4.831141e-01	0.000000e+00	1	1.145438e-01
7.641223e-01	5.618160e-01	3.690389e-01	2.362362e-01	4.036105e-01	5.176780e-01	4.248032e-01	5.152164e-01	5.038021e-01	4.987704e-01	3.942591e-01	5.000268e-01	4.969500e-01	5.132277e-01	5.108767e-01	0.000000e+00	1	1.141124e-01
6.029751e-02	8.907170e-01	4.685717e-01	3.077021e-01	9.569694e-01	4.978548e-01	4.472087e-01	4.582439e-01	4.764844e-01	4.931622e-01	5.089034e-01	5.304531e-01	5.431975e-01	4.925278e-01	5.137337e-01	0.000000e+00	1	1.119878e-01
6.307328e-01	5.338791e-01	5.815779e-01	3.904179e-01	4.471778e-01	5.188897e-01	5.190344e-01	5.161988e-01	4.987270e-01	5.014168e-01	5.951331e-01	5.031751e-01	5.152360e-01	5.024817e-01	5.142484e-01	0.000000e+00	1	1.103954e-01
5.752597e-01	4.869243e-01	6.743560e-01	4.646777e-01	4.471778e-01	5.190145e-01	5.604553e-01	4.776885e-01	5.025372e-01	4.652333e-01	5.728721e-01	4.981553e-01	4.854969e-01	5.025212e-01	5.079709e-01	0.000000e+00	1	1.093400e-01
2.269699e-01	8.568518e-01	5.072208e-01	3.308801e-01	8.351529e-01	4.976766e-01	4.474951e-01	4.928908e-01	5.066432e-01	4.996129e-01	5.595409e-01	4.927712e-01	4.977894e-01	3.805001e-01	5.229364e-01	0.000000e+00	1	1.083747e-01
3.456890e-01	2.728857e-01	9.098520e-01	7.130057e-01	4.254160e-01	4.850789e-01	4.426741e-01	5.645479e-01	4.906731e-01	4.746270e-01	4.816378e-01	4.999250e-01	5.298050e-01	5.326146e-01	5.120408e-01	0.000000e+00	1	1.082709e-01
1.351981e-01	3.857837e-01	9.270929e-01	7.356181e-01	7.854107e-01	5.040306e-01	4.426741e-01	5.645479e-01	4.505705e-01	4.663537e-01	4.819296e-01	4.999263e-01	5.277363e-01	5.321630e-01	4.934847e-01	0.000000e+00	1	1.061729e-01
6.845989e-01	6.071776e-01	4.180578e-01	2.728208e-01	4.618904e-01	4.983761e-01	4.688497e-01	5.045671e-01	4.505705e-01	4.639580e-01	5.134787e-01	4.975684e-01	5.291134e-01	5.148016e-01	5.069042e-01	0.000000e+00	1	9.940162e-02
4.411327e-01	4.306351e-01	8.077288e-01	5.849808e-01	4.923344e-01	4.843035e-01	4.877809e-01	5.409596e-01	5.240685e-01	4.975320e-01	4.924991e-01	3.896691e-01	4.774854e-01	4.735208e-01	4.969156e-01	0.000000e+00	1	9.936689e-02
4.250032e-01	2.372392e-01	8.878831e-01	6.807623e-01	3.241166e-01	4.427826e-01	4.768518e-01	5.102121e-01	4.487830e-01	4.519074e-01	5.454752e-01	5.016672e-01	4.868059e-01	5.202640e-01	5.322342e-01	0.000000e+00	1	9.618709e-02
1.265017e-03	8.093299e-01	6.269653e-01	4.195990e-01	9.990049e-01	4.897624e-01	4.104685e-01	4.947418e-01	5.131590e-01	3.865631e-01	4.891146e-01	4.918856e-01	5.403573e-01	4.830636e-01	5.218897e-01	0.000000e+00	1	9.481312e-02
3.763165e-01	2.100620e-01	9.128211e-01	7.191812e-01	3.241166e-01	4.517944e-01	4.768518e-01	5.017594e-01	4.487830e-01	4.531988e-01	4.879565e-01	5.013030e-01	4.868059e-01	5.202608e-01	5.322342e-01	0.000000e+00	1	9.430252e-02
2.807179e-01	9.304709e-01	3.143381e-01	1.991408e-01	8.134637e-01	5.934732e-01	4.892870e-01	4.963559e-01	4.205337e-01	5.390791e-01	5.204585e-01	5.024360e-01	4.959311e-01	4.350981e-01	4.898729e-01	0.000000e+00	1	9.309232e-02
5.936625e-01	7.708910e-01	2.491186e-01	1.595687e-01	5.822240e-01	4.873921e-01	4.956440e-01	4.814012e-01	4.966092e-01	4.652666e-01	4.840367e-01	5.013943e-01	5.013588e-01	5.171832e-01	4.544050e-01	0.000000e+00	1	9.221278e-02
5.665757e-01	4.256670e-01	7.278302e-01	5.084949e-01	4.101939e-01	5.169234e-01	4.979278e-01	5.173325e-01	4.409318e-01	4.844469e-01	4.192444e-01	5.534182e-01	4.616883e-01	5.205397e-01	4.839875e-01	0.000000e+00	1	9.156198e-02
8.444494e-01	5.223016e-01	1.700035e-01	1.079524e-01	3.526363e-01	4.864640e-01	5.185273e-01	5.085473e-01	4.801228e-01	5.489051e-01	5.454752e-01	5.024566e-01	5.305564e-01	5.125581e-01	5.286098e-01	0.000000e+00	1	9.085308e-02
6.598429e-01	7.430024e-01	2.651736e-01	1.660160e-01	5.376942e-01	4.954204e-01	4.894491e-01	5.598161e-01	4.868653e-01	4.865216e-01	3.922655e-01	4.090368e-01	4.911071e-01	5.533306e-01	5.400869e-01	0.000000e+00	1	9.073708e-02
9.787066e-01	3.387185e-02	2.913587e-01	1.840974e-01	2.202385e-02	5.104611e-01	4.894491e-01	4.990361e-01	4.957056e-01	4.709613e-01	3.970953e-01	4.062760e-01	4.683050e-01	5.154792e-01	4.961239e-01	0.000000e+00	1	8.834185e-02
6.125968e-01	4.057796e-01	6.894366e-01	4.797296e-01	3.724466e-01	5.012951e-01	5.016714e-01	5.025678e-01	4.993424e-01	5.001265e-01	4.239737e-01	4.936944e-01	4.610916e-01	4.919168e-01	4.862877e-01	0.000000e+00	1	8.813368e-02
3.059060e-01	1.892361e-01	9.440937e-01	7.682533e-01	3.526811e-01	4.608427e-01	5.168011e-01	5.041727e-01	4.501495e-01	5.545392e-01	5.073332e-01	5.024408e-01	4.667164e-01	5.101019e-01	4.583388e-01	0.000000e+00	1	8.628518e-02
1.756187e-01	9.927470e-01	1.978963e-02	1.249488e-02	8.885341e-01	5.869521e-01	5.016714e-01	5.019288e-01	4.975967e-01	4.997238e-01	4.977809e-01	5.273952e-01	4.979575e-01	4.996489e-01	5.047345e-01	0.000000e+00	1	8.574960e-02
1.284782e-03	8.219757e-01	6.152479e-01	4.090531e-01	9.990049e-01	5.193380e-01	4.104685e-01	5.168429e-01	5.147064e-01	3.761459e-01	4.891146e-01	5.168284e-01	5.403573e-01	4.810542e-01	5.105625e-01	0.000000e+00	1	8.292528e-02
3.735169e-01	3.119532e-01	8.877322e-01	6.807623e-01	4.429767e-01	4.427826e-01	4.768518e-01	5.102121e-01	4.505052e-01	4.519074e-01	5.454752e-01	4.979442e-01	4.868059e-01	5.202640e-01	5.322342e-01	0.000000e+00	1	8.265778e-02
7.090919e-01	6.665894e-01	3.147661e-01	1.991408e-01	4.803375e-01	5.934732e-01	4.892870e-01	4.970023e-01	4.205337e-01	4.461990e-01	5.204585e-01	5.003316e-01	4.929181e-01	4.350981e-01	4.898729e-01	0.000000e+00	1	8.106242e-02
7.093880e-01	6.925068e-01	2.269519e-01	1.432722e-01	4.923344e-01	4.843035e-01	4.870602e-01	5.341872e-01	4.420707e-01	4.979258e-01	5.716647e-01	4.251507e-01	4.751836e-01	4.735208e-01	4.969156e-01	0.000000e+00	1	7.951856e-02
5.344431e-01	4.015258e-01	7.704149e-01	5.450291e-01	4.101939e-01	5.169176e-01	4.979278e-01	5.165064e-01	4.733535e-01	4.844469e-01	4.192444e-01	5.534182e-01	4.616883e-01	5.205397e-01	4.150511e-01	0.000000e+00	1	7.778427e-02
5.432882e-01	3.292501e-02	8.518516e-01	6.380414e-01	3.853407e-02	4.504507e-01	4.914165e-01	5.009718e-01	4.505052e-01	4.529866e-01	5.454752e-01	5.027977e-01	4.868059e-01	5.202640e-01	5.322342e-01	0.000000e+00	1	7.774905e-02
9.956155e-01	4.432684e-03	1.259074e-01	8.008222e-02	2.834343e-03	4.868374e-01	4.977680e-01	4.861841e-01	4.844210e-01	4.900332e-01	5.303363e-01	4.995293e-01	5.351843e-01	5.258259e-01	5.042838e-01	0.000000e+00	1	7.741915e-02
2.450616e-02	6.287791e-01	7.789225e-01	5.674090e-01	9.752008e-01	5.083894e-01	5.012406e-01	5.050086e-01	4.903164e-01	4.894709e-01	4.914602e-01	4.873807e-01	5.238212e-01	5.103311e-01	4.884628e-01	0.000000e+00	1	7.668589e-02
6.498083e-01	7.317032e-01	2.911499e-01	1.840974e-01	5.376942e-01	4.870834e-01	4.894491e-01	4.990361e-01	4.957056e-01	4.687051e-01	3.970953e-01	4.062760e-01	4.911071e-01	5.154792e-01	4.961239e-01	0.000000e+00	1	7.568898e-02
6.404411e-02	3.678308e-01	9.489199e-01	7.613579e-01	8.902564e-01	4.900266e-01	5.982524e-01	5.050413e-01	4.979488e-01	5.108893e-01	5.209867e-01	4.149016e-01	5.257400e-01	5.377419e-01	5.077469e-01	0.000000e+00	1	7.541661e-02
4.834130e-01	2.665278e-01	8.597078e-01	6.366160e-01	3.207774e-01	4.977582e-01	4.393673e-01	5.007624e-01	4.889710e-01	4.102455e-01	5.948349e-01	4.912173e-01	5.216068e-01	5.107175e-01	5.128242e-01	0.000000e+00	1	7.440997e-02
4.751726e-01	3.610609e-01	8.157681e-01	5.979128e-01	4.136607e-01	5.145007e-01	4.446999e-01	4.907846e-01	4.433323e-01	4.663537e-01	5.468088e-01	5.001634e-01	5.269459e-01	5.104523e-01	4.940941e-01	0.000000e+00	1	7.398242e-02
2.296873e-01	8.671105e-01	4.977960e-01	3.225328e-01	8.351529e-01	4.976766e-01	4.474951e-01	4.932921e-01	5.066432e-01	4.996129e-01	5.595409e-01	4.937489e-01	4.977894e-01	3.624599e-01	5.229364e-01	0.000000e+00	1	7.226413e-02
4.330252e-01	2.443940e-01	8.750590e-01	6.710402e-01	3.271094e-01	4.425585e-01	4.838544e-01	5.090996e-01	5.017879e-01	4.530367e-01	5.202972e-01	5.030962e-01	4.966086e-01	5.129229e-01	4.966851e-01	0.000000e+00	1	7.207363e-02
8.162388e-01	5.764122e-01	1.004362e-01	6.377357e-02	3.914334e-01	5.039162e-01	5.078068e-01	5.030682e-01	4.975967e-01	4.361957e-01	4.999786e-01	4.936944e-01	4.979575e-01	4.996489e-01	5.087454e-01	0.000000e+00	1	7.056625e-02
8.115622e-01	4.060924e-01	4.321237e-01	2.829169e-01	2.953625e-01	5.227126e-01	5.137811e-01	5.214961e-01	4.982965e-01	4.795656e-01	4.972793e-01	5.084125e-01	5.044794e-01	5.123580e-01	4.426837e-01	0.000000e+00	1	6.986139e-02
6.811644e-01	5.989838e-01	4.319196e-01	2.829169e-01	4.591874e-01	4.439453e-01	5.137811e-01	5.214961e-01	5.034468e-01	4.784641e-01	4.972793e-01	5.084125e-01	5.044794e-01	5.123580e-01	5.113566e-01	0.000000e+00	1	6.870671e-02
7.098605e-01	6.301382e-01	3.510681e-01	2.255256e-01	4.621693e-01	4.983963e-01	5.563841e-01	4.986233e-01	4.820136e-01	5.302961e-01	5.749061e-01	5.032073e-01	4.773857e-01	5.376000e-01	5.082804e-01	0.000000e+00	1	6.634191e-02
7.639830e-01	6.466677e-01	1.506983e-01	9.513441e-02	4.471778e-01	5.188897e-01	5.178969e-01	5.759969e-01	4.991650e-01	5.169905e-01	5.696303e-01	4.981553e-01	4.827577e-01	5.025212e-01	4.824616e-01	0.000000e+00	1	6.334741e-02
8.976358e-01	1.981372e-01	4.471332e-01	2.882106e-01	1.383048e-01	4.985078e-01	4.736679e-01	5.069679e-01	5.157889e-01	4.934437e-01	5.015958e-01	5.342994e-01	4.996137e-01	6.230077e-01	4.301800e-01	0.000000e+00	1	6.179894e-02
3.890794e-02	9.983002e-01	1.190012e-01	7.547436e-02	9.752008e-01	5.083894e-01	5.005198e-01	4.982362e-01	4.903164e-01	4.898647e-01	5.706258e-01	4.873807e-01	5.215194e-01	5.103311e-01	4.884628e-01	0.000000e+00	1	6.176449e-02
3.291005e-02	8.444062e-01	5.586803e-01	3.718846e-01	9.752008e-01	5.083894e-01	4.488845e-01	4.982362e-01	4.903164e-01	4.905473e-01	5.961286e-01	4.873807e-01	5.155963e-01	5.103311e-01	5.202497e-01	0.000000e+00	1	6.169797e-02
