2.972277e-30	1.617487e-15	1.001202e+00	1.000000e+00	1.000000e+00	4.882031e-01	4.975544e-01	4.865680e-01	4.846694e-01	4.994320e-01	4.888260e-01	5.027940e-01	4.945230e-01	5.130129e-01	5.175895e-01	0.000000e+00	1	1.000000e+14
1.004829e+00	6.700818e-11	3.894090e-06	2.467141e-06	4.245372e-11	5.032017e-01	4.962110e-01	4.988749e-01	5.184732e-01	5.084029e-01	4.698516e-01	5.024617e-01	4.484637e-01	5.256398e-01	5.127626e-01	0.000000e+00	1	1.000000e+14
9.449068e-02	1.014185e+00	1.183349e-02	7.395701e-03	9.408575e-01	4.882031e-01	4.976548e-01	5.047439e-01	4.583684e-01	4.996153e-01	4.897247e-01	4.034309e-01	5.784874e-01	5.130129e-01	4.686208e-01	0.000000e+00	1	1.000000e+14
1.620372e-15	2.142005e-26	1.002988e+00	1.000000e+00	8.415615e-12	5.075926e-01	4.949719e-01	5.035183e-01	5.008601e-01	5.024198e-01	4.905390e-01	5.031813e-01	4.489275e-01	5.129229e-01	4.966851e-01	0.000000e+00	1	1.000000e+14
2.557791e-01	9.667728e-01	4.359994e-17	2.775558e-17	8.353422e-01	5.033129e-01	5.008937e-01	4.990736e-01	4.975967e-01	4.996129e-01	4.978796e-01	5.029323e-01	4.980347e-01	4.996489e-01	4.992026e-01	0.000000e+00	1	1.000000e+14
4.668949e-16	1.560379e-15	1.008164e+00	1.000000e+00	8.149092e-01	5.075926e-01	4.885832e-01	5.035183e-01	4.232022e-01	5.403879e-01	4.896459e-01	5.022588e-01	4.933072e-01	5.129229e-01	4.894834e-01	0.000000e+00	1	1.000000e+14
6.838305e-02	7.573043e-01	6.809188e-01	4.649353e-01	9.426700e-01	5.528908e-01	5.540976e-01	4.769529e-01	5.025372e-01	4.646797e-01	5.743604e-01	5.071499e-01	4.404537e-01	4.367733e-01	5.084147e-01	0.000000e+00	1	1.536784e-01
3.153976e-01	1.741078e-01	9.455533e-01	7.682533e-01	3.211096e-01	4.432764e-01	5.168011e-01	5.041727e-01	4.502548e-01	5.545392e-01	5.073332e-01	5.015888e-01	4.668838e-01	4.978088e-01	4.583388e-01	0.000000e+00	1	1.533400e-01
5.642075e-01	4.276609e-01	7.271224e-01	5.084949e-01	4.129066e-01	5.143495e-01	5.475915e-01	4.829374e-01	5.048055e-01	5.280741e-01	4.192444e-01	5.534182e-01	4.616883e-01	5.142429e-01	4.846303e-01	0.000000e+00	1	1.512665e-01
6.602565e-01	7.423339e-01	2.628651e-01	1.646702e-01	5.372116e-01	4.961940e-01	4.894491e-01	5.634496e-01	4.868653e-01	4.865216e-01	3.922655e-01	4.090368e-01	4.888602e-01	5.393383e-01	5.400869e-01	0.000000e+00	1	1.414716e-01
9.220804e-01	5.231736e-02	4.380176e-01	2.819282e-01	3.608209e-02	5.867239e-01	4.762013e-01	5.194169e-01	5.155854e-01	4.902241e-01	5.733657e-01	5.014732e-01	5.033129e-01	5.325804e-01	5.831180e-01	0.000000e+00	1	1.377473e-01
3.874517e-02	9.941238e-01	1.289249e-01	8.204145e-02	9.752008e-01	5.096440e-01	5.005198e-01	4.992060e-01	4.903164e-01	4.821405e-01	4.978014e-01	4.873807e-01	4.543622e-01	5.176276e-01	4.884628e-01	0.000000e+00	1	1.335214e-01
3.524703e-01	2.021819e-01	9.201354e-01	7.352587e-01	3.315465e-01	4.868004e-01	5.194697e-01	5.047539e-01	5.190079e-01	4.769713e-01	5.041536e-01	5.423183e-01	4.767065e-01	5.115738e-01	4.562771e-01	0.000000e+00	1	1.284943e-01
3.803374e-01	3.703284e-01	8.561833e-01	6.466710e-01	4.915122e-01	4.822210e-01	4.903468e-01	5.192738e-01	4.505052e-01	4.519074e-01	5.196167e-01	4.979442e-01	4.872666e-01	5.202640e-01	5.298691e-01	0.000000e+00	1	1.268092e-01
9.646198e-01	6.048899e-02	3.125981e-01	1.991408e-01	3.986869e-02	5.934732e-01	4.956757e-01	4.963559e-01	4.981915e-01	5.011110e-01	5.213515e-01	5.033585e-01	4.515514e-01	4.350981e-01	4.970746e-01	0.000000e+00	1	1.164252e-01
5.261101e-01	4.123150e-01	7.703659e-01	5.450291e-01	4.231774e-01	5.169176e-01	5.017934e-01	5.154347e-01	5.028433e-01	5.043426e-01	4.601914e-01	5.027027e-01	4.588106e-01	4.988295e-01	3.731681e-01	0.000000e+00	1	1.105818e-01
9.679570e-01	3.349982e-02	2.881585e-01	1.840974e-01	2.202385e-02	5.145234e-01	5.007298e-01	4.990365e-01	4.972255e-01	5.099476e-01	4.923827e-01	4.062760e-01	4.683050e-01	5.176980e-01	4.961239e-01	0.000000e+00	1	1.097940e-01
8.584631e-01	1.465364e-01	5.093742e-01	3.369244e-01	1.076312e-01	5.018002e-01	4.736679e-01	5.581211e-01	5.155141e-01	4.901179e-01	4.995383e-01	5.023652e-01	4.969701e-01	5.325694e-01	4.415321e-01	0.000000e+00	1	1.090473e-01
7.661442e-01	5.138880e-01	4.204779e-01	2.722552e-01	3.761285e-01	5.017325e-01	5.016714e-01	4.606570e-01	4.392194e-01	5.002026e-01	4.109819e-01	4.936944e-01	4.779240e-01	4.915781e-01	4.920136e-01	0.000000e+00	1	1.072513e-01
2.350175e-01	8.520470e-01	5.180092e-01	3.374823e-01	8.286634e-01	5.182494e-01	5.190344e-01	5.161988e-01	4.976913e-01	3.791775e-01	5.918247e-01	5.031678e-01	5.170537e-01	4.993628e-01	5.134806e-01	0.000000e+00	1	1.050744e-01
2.101059e-01	1.596494e-01	9.730200e-01	8.314062e-01	4.136607e-01	5.144255e-01	4.446999e-01	4.907846e-01	4.505926e-01	5.037223e-01	5.384114e-01	5.002272e-01	5.292184e-01	5.001403e-01	5.056149e-01	0.000000e+00	1	1.047774e-01
4.086078e-01	2.727745e-01	8.926989e-01	6.797125e-01	3.747322e-01	5.014057e-01	5.016944e-01	5.160956e-01	5.032929e-01	4.226240e-01	5.142315e-01	4.936944e-01	3.896233e-01	5.025602e-01	5.162907e-01	0.000000e+00	1	1.020503e-01
7.895205e-01	2.357706e-01	6.167417e-01	4.090531e-01	1.847438e-01	5.193380e-01	4.938398e-01	5.193200e-01	5.147064e-01	3.729807e-01	4.918997e-01	5.013132e-01	3.925284e-01	4.810542e-01	5.105625e-01	0.000000e+00	1	1.018539e-01
8.444494e-01	5.223016e-01	1.700035e-01	1.079524e-01	3.526363e-01	4.864640e-01	5.185273e-01	5.085473e-01	4.801228e-01	5.489051e-01	5.454752e-01	5.024566e-01	5.305564e-01	5.125581e-01	5.286098e-01	0.000000e+00	1	9.054415e-02
1.280525e-01	8.335209e-01	5.575250e-01	3.718846e-01	9.029558e-01	4.884121e-01	4.488845e-01	4.990578e-01	5.238139e-01	4.905473e-01	5.745897e-01	5.015088e-01	5.378328e-01	5.103311e-01	5.206439e-01	0.000000e+00	1	8.834226e-02
8.357246e-01	4.663620e-01	3.295310e-01	2.111082e-01	3.240329e-01	4.868004e-01	5.191048e-01	5.047539e-01	4.966141e-01	4.769713e-01	5.006553e-01	4.108012e-01	4.667164e-01	5.101019e-01	4.562352e-01	0.000000e+00	1	8.818828e-02
1.656926e-01	9.366366e-01	3.348641e-01	2.154966e-01	8.885341e-01	5.869521e-01	5.016714e-01	5.035197e-01	4.975967e-01	4.997238e-01	4.977809e-01	5.273952e-01	4.934340e-01	4.996489e-01	5.047345e-01	0.000000e+00	1	8.758792e-02
7.976039e-01	6.179436e-01	1.381243e-01	8.661230e-02	4.196304e-01	5.169176e-01	5.005085e-01	5.154347e-01	5.028433e-01	5.043426e-01	4.957254e-01	5.027027e-01	4.585465e-01	4.988295e-01	3.731681e-01	0.000000e+00	1	8.719699e-02
6.115524e-01	5.588735e-01	5.763014e-01	3.869313e-01	4.713661e-01	5.018427e-01	4.472087e-01	4.582439e-01	4.764844e-01	4.722486e-01	5.137426e-01	5.322305e-01	5.430749e-01	4.923414e-01	5.137337e-01	0.000000e+00	1	8.479863e-02
5.119782e-01	3.417815e-01	8.003088e-01	5.825933e-01	3.747322e-01	5.014057e-01	5.167612e-01	5.160956e-01	4.984644e-01	5.001559e-01	5.911587e-01	4.936944e-01	4.775142e-01	5.025602e-01	5.161961e-01	0.000000e+00	1	8.376560e-02
4.378613e-01	3.456462e-01	8.403634e-01	6.269236e-01	4.254160e-01	4.850789e-01	4.782375e-01	5.520989e-01	4.906731e-01	4.746270e-01	4.816378e-01	4.999250e-01	5.297298e-01	5.561902e-01	5.120408e-01	0.000000e+00	1	8.252393e-02
9.837716e-01	1.285630e-01	2.616850e-01	1.641752e-01	8.272707e-02	5.863914e-01	4.791003e-01	5.114193e-01	5.143108e-01	4.682142e-01	5.721506e-01	4.000105e-01	5.033129e-01	5.172573e-01	5.361808e-01	0.000000e+00	1	8.142849e-02
7.493263e-01	6.607959e-01	6.136512e-02	3.905354e-02	4.600841e-01	5.118392e-01	5.008937e-01	4.990736e-01	4.901385e-01	4.896364e-01	5.111989e-01	5.051115e-01	5.213214e-01	4.997390e-01	4.994542e-01	0.000000e+00	1	8.139826e-02
2.480173e-01	2.172780e-01	9.585405e-01	7.890797e-01	4.580034e-01	4.983963e-01	5.578746e-01	5.055011e-01	5.274133e-01	5.302961e-01	5.829948e-01	5.238844e-01	4.773857e-01	4.755299e-01	5.068729e-01	0.000000e+00	1	8.102497e-02
7.958679e-01	5.965928e-01	1.925602e-01	1.217410e-01	4.095078e-01	5.064413e-01	5.185273e-01	5.044338e-01	4.801228e-01	5.014588e-01	4.073730e-01	4.564889e-01	5.305564e-01	5.093097e-01	5.286897e-01	0.000000e+00	1	7.801385e-02
4.506084e-01	7.850022e-01	5.365573e-01	3.406560e-01	6.682581e-01	4.989829e-01	5.094276e-01	5.103721e-01	4.971095e-01	5.041818e-01	7.108076e-01	5.191629e-01	4.701657e-01	5.699442e-01	5.375341e-01	0.000000e+00	1	7.792676e-02
1.847130e-15	1.005192e+00	8.062432e-02	5.095285e-02	1.000000e+00	4.882031e-01	4.761813e-01	4.980242e-01	5.835961e-01	4.996153e-01	4.845673e-01	5.027940e-01	5.174861e-01	5.130129e-01	5.004012e-01	0.000000e+00	1	7.783815e-02
7.828052e-01	5.885105e-01	2.231602e-01	1.426283e-01	4.103970e-01	4.864067e-01	5.194909e-01	5.047539e-01	5.190079e-01	4.769713e-01	5.041536e-01	5.423183e-01	4.767065e-01	5.092227e-01	5.232367e-01	0.000000e+00	1	7.726402e-02
1.019358e-01	9.462301e-01	3.294615e-01	2.121650e-01	9.316815e-01	5.188897e-01	4.968674e-01	5.161111e-01	5.010394e-01	4.769780e-01	5.216331e-01	5.082976e-01	4.742995e-01	4.313336e-01	4.930322e-01	0.000000e+00	1	7.662960e-02
1.434147e-01	6.766560e-01	7.290139e-01	5.167224e-01	8.670384e-01	5.132436e-01	4.838760e-01	5.155797e-01	4.505705e-01	4.990269e-01	5.059432e-01	4.999263e-01	5.214374e-01	5.321630e-01	4.831967e-01	0.000000e+00	1	7.656884e-02
1.963170e-01	8.053093e-01	5.766067e-01	3.869313e-01	8.477750e-01	5.018427e-01	4.472087e-01	4.582439e-01	4.747071e-01	4.722486e-01	5.275997e-01	5.322305e-01	5.430749e-01	5.000988e-01	5.110613e-01	0.000000e+00	1	7.603540e-02
7.018572e-01	6.935707e-01	2.258926e-01	1.432722e-01	4.962196e-01	4.842884e-01	4.870602e-01	5.526390e-01	4.899463e-01	5.467039e-01	5.347497e-01	4.982697e-01	5.257547e-01	4.738812e-01	5.650918e-01	0.000000e+00	1	7.437992e-02
6.307328e-01	5.338791e-01	5.815779e-01	3.904179e-01	4.471778e-01	5.188897e-01	5.190344e-01	5.161988e-01	4.987270e-01	5.014168e-01	5.951331e-01	5.031751e-01	5.152360e-01	5.024817e-01	5.142484e-01	0.000000e+00	1	7.433899e-02
6.833560e-01	6.493612e-01	3.628759e-01	2.339305e-01	4.837647e-01	5.498328e-01	4.769860e-01	4.992661e-01	4.812500e-01	4.892247e-01	5.772608e-01	4.829423e-01	5.152135e-01	5.051869e-01	4.894481e-01	0.000000e+00	1	7.432488e-02
2.788080e-01	9.241403e-01	3.119642e-01	1.990004e-01	8.134637e-01	5.414355e-01	4.892870e-01	4.966451e-01	4.205337e-01	5.390791e-01	5.204585e-01	5.024360e-01	4.959311e-01	4.350981e-01	4.898576e-01	0.000000e+00	1	7.420669e-02
9.995605e-01	1.064886e-01	3.895593e-06	2.467141e-06	6.756768e-02	5.194611e-01	4.984656e-01	5.199494e-01	5.164772e-01	5.084029e-01	4.844693e-01	5.032246e-01	4.450872e-01	5.258041e-01	5.127626e-01	0.000000e+00	1	7.402639e-02
4.564072e-01	7.951041e-01	4.987589e-01	3.171943e-01	6.682581e-01	5.066683e-01	5.094478e-01	3.968302e-01	4.969864e-01	5.014425e-01	3.406417e-01	5.173315e-01	4.701657e-01	5.699442e-01	5.375341e-01	0.000000e+00	1	7.377213e-02
3.715846e-01	3.103394e-01	8.831397e-01	6.807623e-01	4.429767e-01	4.822210e-01	4.902611e-01	5.103792e-01	4.505052e-01	4.519074e-01	5.196167e-01	4.979442e-01	4.872666e-01	5.202640e-01	5.298691e-01	0.000000e+00	1	7.098144e-02
5.970207e-02	8.819210e-01	5.058586e-01	3.309059e-01	9.569694e-01	4.978548e-01	3.861252e-01	4.582439e-01	4.765733e-01	4.734770e-01	4.936197e-01	5.304531e-01	5.357692e-01	4.931666e-01	5.137337e-01	0.000000e+00	1	6.967103e-02
5.321512e-01	6.345680e-01	5.793783e-01	3.886253e-01	5.557408e-01	5.193533e-01	5.190344e-01	5.161988e-01	5.144889e-01	5.014168e-01	5.951331e-01	5.031751e-01	5.152360e-01	5.024817e-01	5.142484e-01	0.000000e+00	1	6.767297e-02
5.826637e-01	3.198649e-01	7.660563e-01	5.450291e-01	3.196163e-01	5.169176e-01	5.017934e-01	5.156134e-01	4.733535e-01	5.042480e-01	4.580969e-01	5.568568e-01	4.616883e-01	5.201034e-01	4.218757e-01	0.000000e+00	1	6.456568e-02
9.651108e-02	8.958747e-01	4.572178e-01	2.989366e-01	9.316815e-01	5.187791e-01	5.039446e-01	5.026710e-01	4.390431e-01	5.014634e-01	4.231089e-01	5.031751e-01	5.156458e-01	4.920246e-01	4.900659e-01	0.000000e+00	1	6.445698e-02
7.943986e-01	4.859358e-01	3.733294e-01	2.427296e-01	3.494916e-01	4.868004e-01	5.191048e-01	4.980341e-01	4.966141e-01	4.769713e-01	5.006553e-01	5.101643e-01	4.912046e-01	5.101019e-01	4.562352e-01	0.000000e+00	1	6.438432e-02
4.122758e-01	2.577379e-01	8.869268e-01	6.807623e-01	3.556882e-01	4.603489e-01	4.760459e-01	5.097701e-01	4.486777e-01	4.523314e-01	5.454752e-01	5.206333e-01	4.866384e-01	5.243935e-01	5.322342e-01	0.000000e+00	1	6.365087e-02
8.392717e-01	1.096792e-01	5.834698e-01	3.842263e-01	8.272707e-02	5.863914e-01	4.791003e-01	5.187548e-01	5.155854e-01	5.122597e-01	5.721506e-01	3.979919e-01	5.033129e-01	5.229889e-01	5.568591e-01	0.000000e+00	1	6.237812e-02
7.858834e-01	2.473627e-01	6.166829e-01	4.090531e-01	1.941310e-01	5.193380e-01	4.908276e-01	5.168429e-01	5.147064e-01	3.761459e-01	4.918997e-01	5.168284e-01	3.904188e-01	4.810542e-01	5.105625e-01	0.000000e+00	1	6.134553e-02
