1.003761e+00	6.693696e-11	3.889951e-06	2.467141e-06	4.245372e-11	5.024399e-01	4.962110e-01	5.049788e-01	4.983064e-01	5.084029e-01	4.695163e-01	5.024617e-01	4.484637e-01	5.027282e-01	4.933885e-01	0.000000e+00	1	1.000000e+14
2.557791e-01	9.667728e-01	4.359994e-17	2.775558e-17	8.353422e-01	5.033129e-01	5.008937e-01	4.990736e-01	4.975967e-01	4.996129e-01	4.978796e-01	5.029323e-01	4.980347e-01	4.996489e-01	4.992026e-01	0.000000e+00	1	1.000000e+14
3.605619e-16	1.598894e-15	1.014546e+00	1.000000e+00	8.587997e-01	4.881592e-01	4.997547e-01	5.076649e-01	4.247951e-01	4.741890e-01	4.892641e-01	4.971117e-01	4.945230e-01	4.976252e-01	5.886909e-01	0.000000e+00	1	1.000000e+14
2.972277e-30	1.617487e-15	1.001202e+00	1.000000e+00	1.000000e+00	4.882031e-01	4.975544e-01	4.865680e-01	4.846694e-01	4.994320e-01	4.888260e-01	5.027940e-01	4.945230e-01	5.130129e-01	5.175895e-01	0.000000e+00	1	1.000000e+14
1.841702e-15	1.002238e+00	3.192493e-02	2.027180e-02	1.000000e+00	4.882031e-01	4.974330e-01	4.861537e-01	4.560034e-01	4.994320e-01	4.888260e-01	5.028503e-01	4.945230e-01	5.007695e-01	5.175895e-01	0.000000e+00	1	1.000000e+14
1.619684e-15	2.141096e-26	1.002562e+00	1.000000e+00	8.415615e-12	5.075926e-01	4.999172e-01	5.035183e-01	4.975965e-01	4.959740e-01	5.024757e-01	5.029289e-01	4.504542e-01	4.993828e-01	4.993554e-01	0.000000e+00	1	1.000000e+14
5.554639e-01	3.823498e-01	7.422204e-01	5.304840e-01	3.837924e-01	5.131869e-01	5.170705e-01	5.161988e-01	4.987270e-01	4.959837e-01	4.720644e-01	5.110798e-01	5.053079e-01	4.664151e-01	4.983822e-01	0.000000e+00	1	1.898435e-01
1.411151e-01	8.164328e-01	5.670381e-01	3.820788e-01	8.910409e-01	5.057849e-01	5.207266e-01	5.378018e-01	4.956046e-01	5.252376e-01	4.693394e-01	5.026949e-01	4.964955e-01	5.134055e-01	5.175652e-01	0.000000e+00	1	1.465424e-01
8.094324e-01	5.826869e-01	1.142716e-01	7.262422e-02	3.972113e-01	5.015234e-01	5.177720e-01	5.210074e-01	4.977676e-01	4.989178e-01	4.709168e-01	4.796773e-01	5.311921e-01	5.101752e-01	5.278014e-01	0.000000e+00	1	1.441537e-01
1.792111e-01	5.691325e-01	8.062910e-01	5.944153e-01	8.057954e-01	4.992715e-01	5.168011e-01	4.698592e-01	4.905155e-01	4.890191e-01	5.194711e-01	5.015412e-01	5.355351e-01	4.961826e-01	4.987752e-01	0.000000e+00	1	1.358214e-01
9.469872e-01	9.455297e-02	3.593833e-01	2.298638e-01	6.335402e-02	5.218964e-01	4.604721e-01	4.836820e-01	4.568328e-01	4.728543e-01	4.770378e-01	3.992281e-01	4.739554e-01	4.990355e-01	5.319571e-01	0.000000e+00	1	1.338707e-01
3.001240e-01	9.423829e-01	1.840282e-01	1.171173e-01	8.037189e-01	5.358830e-01	5.011037e-01	4.895068e-01	4.841632e-01	5.544254e-01	4.659141e-01	4.995267e-01	4.952542e-01	5.097935e-01	4.898576e-01	0.000000e+00	1	1.325165e-01
8.607619e-01	4.859241e-01	1.774855e-01	1.131058e-01	3.271771e-01	5.076560e-01	4.985766e-01	5.193839e-01	5.024192e-01	4.986366e-01	5.079543e-01	4.807062e-01	5.095631e-01	4.494436e-01	5.270388e-01	0.000000e+00	1	1.309353e-01
2.693999e-01	1.787516e-01	9.675279e-01	7.946940e-01	3.729442e-01	5.526964e-01	5.203826e-01	5.161988e-01	5.013939e-01	4.968025e-01	6.287480e-01	5.046959e-01	5.054107e-01	4.955194e-01	4.983849e-01	0.000000e+00	1	1.281491e-01
3.493273e-01	1.658101e-01	9.307288e-01	7.493225e-01	2.821290e-01	4.995585e-01	5.168011e-01	5.651139e-01	4.938733e-01	5.303635e-01	5.198417e-01	5.015888e-01	5.355351e-01	4.961826e-01	4.734834e-01	0.000000e+00	1	1.242381e-01
2.228090e-01	2.802887e-01	9.389260e-01	7.680636e-01	5.724208e-01	5.054028e-01	5.168011e-01	4.841687e-01	4.702905e-01	5.328853e-01	5.345113e-01	5.015888e-01	4.882926e-01	4.963226e-01	5.318054e-01	0.000000e+00	1	1.141528e-01
5.394887e-01	2.560712e-01	8.069612e-01	5.944153e-01	2.821290e-01	4.989224e-01	5.168011e-01	4.698592e-01	4.905155e-01	4.845893e-01	5.198417e-01	5.015376e-01	5.355351e-01	4.961826e-01	4.734834e-01	0.000000e+00	1	1.086083e-01
5.840915e-01	4.010378e-01	7.118245e-01	5.014831e-01	3.830393e-01	5.131869e-01	4.978752e-01	4.581351e-01	4.987270e-01	4.959837e-01	4.720644e-01	5.110798e-01	5.053079e-01	4.619346e-01	4.976196e-01	0.000000e+00	1	1.081033e-01
7.842577e-01	4.591299e-01	4.411278e-01	2.876947e-01	3.371788e-01	4.995585e-01	5.157325e-01	5.755197e-01	5.175608e-01	5.384306e-01	5.198417e-01	5.013757e-01	5.355351e-01	4.961826e-01	4.723207e-01	0.000000e+00	1	1.078785e-01
8.075775e-02	6.952710e-01	7.195083e-01	5.087733e-01	9.263846e-01	5.127232e-01	4.975544e-01	4.865680e-01	4.846694e-01	4.994320e-01	4.948580e-01	5.016053e-01	5.244729e-01	5.477459e-01	5.175895e-01	0.000000e+00	1	1.057457e-01
6.881472e-01	5.272982e-01	5.209880e-01	3.444856e-01	4.162380e-01	5.172601e-01	4.979615e-01	4.899001e-01	5.163594e-01	4.571545e-01	5.878051e-01	5.028442e-01	4.873553e-01	5.296544e-01	5.133866e-01	0.000000e+00	1	1.056390e-01
1.575444e-01	9.062335e-01	4.020679e-01	2.623419e-01	8.904218e-01	5.035556e-01	4.963840e-01	5.003171e-01	5.046581e-01	4.769780e-01	4.722955e-01	5.027982e-01	4.884735e-01	5.388283e-01	4.705363e-01	0.000000e+00	1	1.045427e-01
1.623773e-02	9.892372e-01	1.569269e-01	1.001419e-01	9.895512e-01	5.032729e-01	4.974168e-01	4.850384e-01	5.083284e-01	4.904310e-01	4.730560e-01	5.023057e-01	5.191569e-01	4.999108e-01	4.845707e-01	0.000000e+00	1	1.034757e-01
7.417400e-01	6.194852e-01	2.809922e-01	1.801369e-01	4.429767e-01	4.840621e-01	4.902611e-01	5.103792e-01	4.574389e-01	4.519074e-01	5.196167e-01	4.973349e-01	4.876685e-01	5.202640e-01	5.298691e-01	0.000000e+00	1	9.982726e-02
3.284158e-01	3.256547e-02	9.494691e-01	7.870337e-01	6.292107e-02	5.241116e-01	5.157818e-01	4.838511e-01	4.530336e-01	5.252810e-01	5.178322e-01	5.027982e-01	5.018308e-01	4.924100e-01	4.705363e-01	0.000000e+00	1	9.825460e-02
9.585947e-01	2.328499e-01	2.150735e-01	1.366594e-01	1.517017e-01	5.024272e-01	5.190562e-01	5.044338e-01	4.994412e-01	5.014588e-01	4.161385e-01	4.564889e-01	5.154480e-01	5.092957e-01	5.010377e-01	0.000000e+00	1	9.674360e-02
6.547308e-01	4.375801e-01	6.291428e-01	4.291325e-01	3.750692e-01	5.131869e-01	5.158724e-01	5.096922e-01	5.022682e-01	4.778595e-01	5.612941e-01	5.104059e-01	5.398676e-01	5.359080e-01	4.860741e-01	0.000000e+00	1	9.592135e-02
3.858226e-01	2.937669e-01	8.845939e-01	6.807623e-01	4.142866e-01	5.271620e-01	4.733009e-01	5.103792e-01	4.505052e-01	4.519074e-01	4.673658e-01	4.979442e-01	4.872666e-01	5.186829e-01	5.298691e-01	0.000000e+00	1	9.574108e-02
4.289215e-01	2.035899e-01	8.832201e-01	6.859906e-01	2.821290e-01	4.841082e-01	4.873590e-01	5.104122e-01	4.702905e-01	5.072585e-01	5.006410e-01	5.065976e-01	5.173790e-01	5.296537e-01	5.080611e-01	0.000000e+00	1	9.467228e-02
8.460525e-01	5.400979e-01	5.417323e-02	3.432566e-02	3.617011e-01	5.060448e-01	4.989227e-01	4.881711e-01	4.751202e-01	5.494460e-01	5.079543e-01	4.803546e-01	4.797477e-01	5.056947e-01	5.327990e-01	0.000000e+00	1	9.452597e-02
7.586711e-01	6.515336e-01	2.608802e-02	1.660373e-02	4.517268e-01	5.033129e-01	5.145788e-01	4.990736e-01	4.975967e-01	4.961369e-01	4.978796e-01	5.111707e-01	4.980347e-01	4.993598e-01	4.992925e-01	0.000000e+00	1	9.402251e-02
6.871995e-01	7.201739e-01	1.104977e-01	7.037937e-02	5.149131e-01	5.032187e-01	4.974467e-01	5.027088e-01	4.893121e-01	4.896658e-01	4.740058e-01	5.024003e-01	5.193364e-01	4.965642e-01	4.845707e-01	0.000000e+00	1	9.301959e-02
3.970816e-01	8.952674e-01	2.256400e-01	1.441563e-01	7.342343e-01	5.321555e-01	4.947723e-01	4.851530e-01	4.846694e-01	4.994320e-01	4.888260e-01	5.028133e-01	4.945230e-01	4.434791e-01	4.874187e-01	0.000000e+00	1	9.301202e-02
1.291291e-01	7.862253e-01	6.131655e-01	4.175664e-01	8.963672e-01	4.512003e-01	4.979615e-01	4.985981e-01	5.524299e-01	5.026367e-01	4.937805e-01	5.028442e-01	4.873553e-01	4.966684e-01	5.047567e-01	0.000000e+00	1	9.201837e-02
9.921032e-01	1.229222e-01	7.098033e-02	4.512580e-02	7.847763e-02	5.031698e-01	5.009681e-01	5.086566e-01	4.977482e-01	4.581637e-01	5.103083e-01	5.091532e-01	4.890375e-01	5.032160e-01	4.933555e-01	0.000000e+00	1	8.933339e-02
3.715846e-01	3.103394e-01	8.831397e-01	6.807623e-01	4.429767e-01	4.822210e-01	4.902611e-01	5.103792e-01	4.505052e-01	4.519074e-01	5.196167e-01	4.979442e-01	4.872666e-01	5.202640e-01	5.298691e-01	0.000000e+00	1	8.891919e-02
4.753664e-01	6.628732e-01	5.854664e-01	3.963181e-01	6.039394e-01	5.057347e-01	5.170948e-01	4.841687e-01	4.702905e-01	5.328853e-01	5.190607e-01	4.984818e-01	4.882926e-01	4.959143e-01	5.317022e-01	0.000000e+00	1	8.594240e-02
4.364907e-01	3.410345e-01	8.537752e-01	6.336097e-01	4.222318e-01	5.032365e-01	5.340342e-01	5.838263e-01	4.947949e-01	5.183293e-01	5.899558e-01	4.966733e-01	4.701585e-01	4.990858e-01	5.130445e-01	0.000000e+00	1	8.520344e-02
7.295199e-01	6.133793e-02	6.876950e-01	4.800984e-01	5.340130e-02	4.992059e-01	4.512257e-01	5.068388e-01	4.969048e-01	4.890460e-01	4.808047e-01	5.088909e-01	4.883731e-01	5.353052e-01	4.930597e-01	0.000000e+00	1	8.377024e-02
5.872614e-02	5.451318e-01	8.443957e-01	6.333710e-01	9.316815e-01	5.082670e-01	5.120636e-01	4.682760e-01	4.990413e-01	5.075371e-01	5.112738e-01	5.092965e-01	5.157005e-01	4.289459e-01	4.989852e-01	0.000000e+00	1	8.271792e-02
6.248201e-01	7.601698e-01	2.603577e-01	1.646702e-01	5.620175e-01	5.111649e-01	4.937731e-01	4.299697e-01	4.831227e-01	5.474330e-01	5.118522e-01	4.090368e-01	5.166729e-01	5.395810e-01	5.009080e-01	0.000000e+00	1	8.170567e-02
6.466782e-02	8.868116e-01	4.788401e-01	3.144851e-01	9.536586e-01	4.995585e-01	4.907619e-01	5.755197e-01	5.175608e-01	5.392314e-01	4.851117e-01	5.013757e-01	5.355351e-01	4.961826e-01	4.723207e-01	0.000000e+00	1	7.935026e-02
2.420545e-01	9.707362e-01	2.300976e-03	1.464172e-03	8.444304e-01	5.033129e-01	5.008937e-01	4.793661e-01	4.975967e-01	4.996129e-01	4.982875e-01	5.027971e-01	4.980347e-01	4.996489e-01	5.019874e-01	0.000000e+00	1	7.674397e-02
1.495881e-01	8.489716e-01	5.180474e-01	3.444856e-01	8.889678e-01	5.172601e-01	4.979615e-01	4.855881e-01	5.163594e-01	4.507669e-01	4.678938e-01	5.028442e-01	4.873553e-01	5.339930e-01	5.133866e-01	0.000000e+00	1	7.673888e-02
6.462615e-01	4.738711e-01	5.990718e-01	4.086667e-01	4.027858e-01	5.109034e-01	4.987834e-01	5.007841e-01	5.055367e-01	4.890609e-01	5.053017e-01	4.843769e-01	5.008369e-01	5.016735e-01	4.994542e-01	0.000000e+00	1	7.549898e-02
5.071044e-01	7.071302e-01	5.036903e-01	3.340462e-01	6.039394e-01	5.054028e-01	5.396123e-01	4.841687e-01	4.703033e-01	5.331275e-01	4.790775e-01	5.017341e-01	4.882926e-01	4.963226e-01	5.318054e-01	0.000000e+00	1	7.520878e-02
9.599877e-01	6.949926e-02	3.337029e-01	2.124628e-01	4.600845e-02	5.568919e-01	4.961475e-01	4.836820e-01	4.559391e-01	4.720190e-01	4.746273e-01	3.992281e-01	4.739554e-01	4.990355e-01	5.314166e-01	0.000000e+00	1	7.506832e-02
1.247564e-01	7.596017e-01	6.545323e-01	4.486007e-01	8.963672e-01	5.174739e-01	4.979615e-01	4.832479e-01	5.524299e-01	5.026367e-01	4.649924e-01	5.028442e-01	4.873553e-01	5.380146e-01	4.348330e-01	0.000000e+00	1	7.492419e-02
2.329088e-02	1.321850e-01	9.964171e-01	9.147580e-01	8.889678e-01	5.031698e-01	5.009681e-01	5.086009e-01	4.977482e-01	4.522600e-01	5.103083e-01	5.091532e-01	4.883531e-01	5.521679e-01	4.995175e-01	0.000000e+00	1	7.293673e-02
7.378390e-01	6.162272e-01	3.247193e-01	2.073792e-01	4.429767e-01	4.852241e-01	4.969652e-01	5.201697e-01	4.574389e-01	4.519074e-01	4.818404e-01	4.096358e-01	4.876685e-01	5.196546e-01	5.298691e-01	0.000000e+00	1	6.969891e-02
1.073276e-01	8.633117e-01	5.035700e-01	3.340462e-01	9.212589e-01	5.030153e-01	5.396123e-01	4.841687e-01	4.713350e-01	5.331275e-01	4.790775e-01	5.028239e-01	4.960046e-01	4.990486e-01	5.313133e-01	0.000000e+00	1	6.930992e-02
6.974104e-01	4.099879e-01	6.189403e-01	4.157629e-01	3.383341e-01	5.762308e-01	4.858911e-01	5.106446e-01	4.527486e-01	4.994538e-01	5.857826e-01	5.069063e-01	5.035222e-01	5.470558e-01	4.751681e-01	0.000000e+00	1	6.606867e-02
1.686659e-01	9.572458e-01	2.802358e-01	1.786983e-01	8.889678e-01	5.172601e-01	4.294520e-01	5.125984e-01	5.197929e-01	4.507669e-01	4.667165e-01	5.028442e-01	4.873553e-01	5.339930e-01	5.300374e-01	0.000000e+00	1	6.565556e-02
3.918336e-02	3.274440e-01	9.487605e-01	7.870337e-01	9.241799e-01	5.048127e-01	4.939689e-01	5.009380e-01	4.612763e-01	4.975233e-01	4.806700e-01	5.027982e-01	5.013003e-01	5.402921e-01	4.705363e-01	0.000000e+00	1	6.205537e-02
9.058661e-01	1.185205e-01	4.559163e-01	2.946782e-01	8.282276e-02	5.408455e-01	4.787658e-01	6.297019e-01	4.956189e-01	5.290463e-01	4.829904e-01	5.120378e-01	4.953677e-01	4.723039e-01	4.987678e-01	0.000000e+00	1	6.161243e-02
6.086270e-01	4.101609e-01	6.894232e-01	4.800984e-01	3.775166e-01	5.002701e-01	4.603954e-01	5.320362e-01	4.973162e-01	4.898789e-01	4.577919e-01	5.088909e-01	4.670054e-01	5.353052e-01	5.075602e-01	0.000000e+00	1	6.054121e-02
