2.610963e-30	1.616151e-15	1.000375e+00	1.000000e+00	1.000000e+00	5.089992e-01	5.030381e-01	4.993375e-01	5.035284e-01	4.959912e-01	4.870253e-01	4.910088e-01	4.974657e-01	4.994666e-01	5.002767e-01	0.000000e+00	1	1.000000e+14
1.618772e-15	9.421901e-27	1.001998e+00	1.000000e+00	3.705383e-12	5.090009e-01	5.367522e-01	4.992076e-01	4.987083e-01	4.859454e-01	4.821109e-01	5.061923e-01	4.974641e-01	4.990083e-01	4.996070e-01	0.000000e+00	1	1.000000e+14
2.185074e-02	1.055644e+00	4.603419e-17	2.775558e-17	9.868245e-01	5.033129e-01	5.082726e-01	4.990736e-01	4.736626e-01	4.993215e-01	2.661316e-01	5.057621e-01	4.989042e-01	4.996489e-01	4.808564e-01	0.000000e+00	1	1.000000e+14
6.612608e-16	1.493486e-15	1.011009e+00	1.000000e+00	7.346444e-01	5.343193e-01	5.115582e-01	4.970903e-01	4.963510e-01	5.910938e-01	4.839895e-01	4.844047e-01	4.925549e-01	5.021086e-01	5.286020e-01	0.000000e+00	1	1.000000e+14
5.628163e-02	9.984444e-01	4.359964e-17	2.775558e-17	9.641521e-01	5.033129e-01	5.008937e-01	4.990736e-01	4.996092e-01	4.993215e-01	4.978796e-01	5.030733e-01	4.987984e-01	4.996489e-01	4.992026e-01	0.000000e+00	1	1.000000e+14
1.066117e+00	1.500727e-02	1.297865e-02	7.748900e-03	8.960829e-03	2.565381e-01	4.757451e-01	4.835617e-01	5.054672e-01	5.068008e-01	4.850436e-01	4.355244e-01	4.667817e-01	4.998985e-01	4.753150e-01	0.000000e+00	1	1.000000e+14
5.463994e-01	7.968495e-01	3.015917e-01	1.926169e-01	6.173509e-01	4.930806e-01	4.936160e-01	4.853811e-01	5.273260e-01	5.942192e-01	5.249879e-01	5.106132e-01	4.976741e-01	5.385313e-01	5.034774e-01	0.000000e+00	1	1.709786e-01
3.102112e-01	8.488942e-01	4.749440e-01	3.080201e-01	7.769577e-01	3.687881e-01	5.215520e-01	4.796160e-01	4.893373e-01	5.452273e-01	4.846653e-01	5.003384e-01	5.204385e-01	5.028113e-01	5.086637e-01	0.000000e+00	1	1.325947e-01
5.009634e-01	6.414323e-01	5.836065e-01	3.960342e-01	5.778877e-01	5.156523e-01	5.116471e-01	4.983154e-01	4.977834e-01	4.845287e-01	5.165696e-01	5.080545e-01	4.985929e-01	5.025832e-01	5.228295e-01	0.000000e+00	1	1.301591e-01
3.307257e-01	9.570632e-01	1.884536e-01	1.171408e-01	7.881860e-01	3.866549e-01	5.061522e-01	4.997994e-01	5.376875e-01	5.910938e-01	4.909078e-01	4.906963e-01	5.449618e-01	4.279876e-01	5.016231e-01	0.000000e+00	1	1.293573e-01
1.120502e-01	9.833021e-01	1.578591e-01	1.006973e-01	9.277669e-01	5.146742e-01	5.222867e-01	4.793141e-01	4.968598e-01	5.155758e-01	4.845593e-01	4.965646e-01	4.976887e-01	4.900505e-01	4.792732e-01	0.000000e+00	1	1.278975e-01
1.841624e-01	1.363541e-01	9.763015e-01	8.532361e-01	4.057366e-01	5.137283e-01	5.158947e-01	4.998679e-01	4.924516e-01	4.844901e-01	4.989401e-01	4.986571e-01	4.667151e-01	4.743524e-01	5.180308e-01	0.000000e+00	1	1.277317e-01
3.925201e-02	6.963364e-01	7.334848e-01	5.160322e-01	9.641521e-01	5.725857e-01	5.800121e-01	4.990736e-01	4.996092e-01	4.993215e-01	5.075437e-01	5.030733e-01	4.987984e-01	4.971195e-01	5.197655e-01	0.000000e+00	1	1.242390e-01
8.052707e-01	5.880637e-01	1.062176e-01	6.755971e-02	4.015497e-01	5.049005e-01	5.217785e-01	4.999368e-01	4.921234e-01	5.102719e-01	4.989401e-01	4.986571e-01	4.656403e-01	4.743524e-01	5.164302e-01	0.000000e+00	1	1.181639e-01
2.886005e-01	8.734453e-01	4.224329e-01	2.740622e-01	7.968401e-01	5.122289e-01	5.348320e-01	4.383257e-01	5.081907e-01	4.325385e-01	5.142222e-01	4.933964e-01	5.455171e-01	5.120021e-01	5.013429e-01	0.000000e+00	1	1.142968e-01
3.596570e-01	5.245110e-01	7.867573e-01	5.672183e-01	6.173509e-01	4.940151e-01	4.985924e-01	4.853811e-01	5.346933e-01	5.890550e-01	5.249879e-01	5.106132e-01	5.061907e-01	5.385313e-01	5.034774e-01	0.000000e+00	1	1.114520e-01
4.000387e-01	1.143864e-03	9.241161e-01	7.399190e-01	1.820335e-03	4.900907e-01	4.723987e-01	5.034080e-01	5.053104e-01	4.813662e-01	5.080224e-01	4.355244e-01	4.775738e-01	4.998985e-01	4.681320e-01	0.000000e+00	1	1.108171e-01
6.716424e-01	4.459523e-01	6.017405e-01	4.081882e-01	3.731453e-01	5.380902e-01	4.841039e-01	4.740173e-01	4.765641e-01	4.682102e-01	4.931232e-01	4.696764e-01	4.799414e-01	4.740501e-01	5.059290e-01	0.000000e+00	1	1.071043e-01
8.979996e-02	3.127495e-01	9.486165e-01	7.896383e-01	8.219956e-01	5.137283e-01	5.158947e-01	5.030842e-01	4.924516e-01	4.844901e-01	5.085350e-01	4.994968e-01	4.716225e-01	4.695104e-01	5.177330e-01	0.000000e+00	1	1.069758e-01
7.130627e-01	2.799055e-01	6.546144e-01	4.501734e-01	2.381332e-01	5.817749e-01	5.218646e-01	5.047592e-01	4.968596e-01	4.975112e-01	4.869359e-01	4.927463e-01	4.991972e-01	5.033863e-01	4.860607e-01	0.000000e+00	1	1.046330e-01
7.570092e-01	2.675159e-01	6.067772e-01	4.119994e-01	2.162517e-01	5.082647e-01	5.094006e-01	4.547713e-01	4.924225e-01	5.004528e-01	5.559655e-01	4.964866e-01	4.960312e-01	4.984474e-01	5.309874e-01	0.000000e+00	1	1.042572e-01
6.015226e-01	4.276021e-01	7.141496e-01	4.895365e-01	3.934193e-01	5.947875e-01	5.015627e-01	5.003886e-01	4.922162e-01	4.993215e-01	4.991784e-01	5.030733e-01	4.633475e-01	6.204673e-01	5.454231e-01	0.000000e+00	1	1.025060e-01
9.339620e-01	1.597638e-01	3.698105e-01	2.368910e-01	1.078564e-01	5.774556e-01	6.039810e-01	5.029695e-01	4.905256e-01	4.994834e-01	5.035451e-01	5.019183e-01	4.917412e-01	4.984203e-01	4.881437e-01	0.000000e+00	1	1.007849e-01
2.361669e-01	2.224634e-01	9.556801e-01	7.916454e-01	4.809840e-01	5.563314e-01	5.153602e-01	5.030842e-01	4.924516e-01	4.721302e-01	4.456901e-01	4.994968e-01	4.716225e-01	4.695057e-01	5.177330e-01	0.000000e+00	1	9.850853e-02
2.854077e-01	5.615175e-01	7.792270e-01	5.672183e-01	7.006301e-01	4.940151e-01	5.031033e-01	4.853811e-01	4.716593e-01	4.833078e-01	4.787714e-01	5.106132e-01	5.064882e-01	5.040803e-01	5.034774e-01	0.000000e+00	1	9.604031e-02
4.696968e-01	6.013986e-01	6.698590e-01	4.586413e-01	5.778877e-01	5.122396e-01	6.115399e-01	4.979444e-01	4.907733e-01	4.845287e-01	5.124456e-01	5.063545e-01	4.985929e-01	5.025832e-01	5.475530e-01	0.000000e+00	1	9.433558e-02
7.366406e-01	2.603179e-01	6.294989e-01	4.317690e-01	2.162517e-01	5.082647e-01	5.094006e-01	4.697680e-01	4.924225e-01	4.684719e-01	5.150551e-01	4.979751e-01	4.960312e-01	4.984221e-01	5.309874e-01	0.000000e+00	1	9.408843e-02
1.409765e-01	7.437653e-01	6.628631e-01	4.578504e-01	8.807471e-01	5.086922e-01	5.094006e-01	4.949154e-01	4.924225e-01	4.731221e-01	5.651709e-01	4.980420e-01	5.041431e-01	5.000317e-01	5.311008e-01	0.000000e+00	1	8.877035e-02
4.555352e-01	4.185081e-01	7.918423e-01	5.778071e-01	4.730470e-01	4.940151e-01	4.999411e-01	4.797838e-01	5.345665e-01	5.159063e-01	5.277914e-01	4.806619e-01	5.051839e-01	5.400545e-01	4.875012e-01	0.000000e+00	1	8.735718e-02
8.554252e-01	2.545025e-02	5.237884e-01	3.496490e-01	1.893486e-02	5.060333e-01	5.367522e-01	5.139547e-01	4.987083e-01	4.976743e-01	4.604423e-01	5.061923e-01	5.086006e-01	5.102566e-01	4.996070e-01	0.000000e+00	1	8.629934e-02
4.413163e-01	1.925619e-01	8.907987e-01	6.845303e-01	2.619260e-01	5.060993e-01	5.924495e-01	5.026059e-01	4.736288e-01	4.988633e-01	4.836165e-01	5.105359e-01	5.526912e-01	5.107892e-01	5.064774e-01	0.000000e+00	1	8.553110e-02
9.193535e-01	1.676931e-01	3.647345e-01	2.368910e-01	1.148588e-01	5.358963e-01	4.996004e-01	4.958499e-01	4.895781e-01	4.994834e-01	5.035451e-01	4.723907e-01	4.917412e-01	4.988628e-01	5.302881e-01	0.000000e+00	1	8.540438e-02
4.260474e-01	9.160236e-01	2.641954e-01	1.628379e-01	7.228513e-01	3.349889e-01	5.367522e-01	4.398016e-01	5.376875e-01	5.910938e-01	5.153884e-01	4.931404e-01	5.449618e-01	5.000650e-01	5.014994e-01	0.000000e+00	1	8.524199e-02
9.841985e-01	3.546265e-01	9.626934e-03	5.858231e-03	2.201679e-01	5.680011e-01	5.280953e-01	4.994057e-01	4.961840e-01	4.606273e-01	3.055636e-01	4.979501e-01	4.949467e-01	5.008002e-01	5.369959e-01	0.000000e+00	1	8.468545e-02
7.039756e-01	5.140911e-01	5.020105e-01	3.326377e-01	4.015497e-01	5.049005e-01	5.230449e-01	4.820626e-01	4.920238e-01	4.602070e-01	4.989401e-01	4.986571e-01	4.656403e-01	4.743524e-01	5.394980e-01	0.000000e+00	1	8.460889e-02
6.312655e-01	5.609077e-02	8.128792e-01	5.784291e-01	5.641836e-02	5.081779e-01	5.184328e-01	4.822685e-01	4.896222e-01	5.161973e-01	4.852854e-01	6.714170e-01	5.000084e-01	4.992400e-01	4.934325e-01	0.000000e+00	1	8.382178e-02
9.501299e-01	1.024751e-01	3.272608e-01	2.100430e-01	6.839748e-02	5.680011e-01	4.547957e-01	4.994057e-01	5.011372e-01	4.606273e-01	4.819121e-01	4.979501e-01	4.949467e-01	5.055703e-01	5.389257e-01	0.000000e+00	1	8.293132e-02
1.028753e+00	2.236843e-03	2.072988e-02	1.282643e-02	1.384215e-03	3.359310e-01	4.757451e-01	4.815908e-01	4.994679e-01	4.812135e-01	4.763440e-01	5.064570e-01	5.088967e-01	4.990293e-01	4.908399e-01	0.000000e+00	1	8.270387e-02
2.760033e-01	3.898306e-01	8.830328e-01	6.843373e-01	6.077910e-01	5.119895e-01	4.975634e-01	4.528497e-01	4.735956e-01	5.140452e-01	5.108798e-01	5.087040e-01	4.784625e-01	5.002837e-01	5.036298e-01	0.000000e+00	1	7.993639e-02
4.313248e-02	1.005013e+00	4.076784e-02	2.578629e-02	9.726947e-01	5.145226e-01	5.096728e-01	4.966638e-01	5.010692e-01	4.691838e-01	5.120424e-01	5.153964e-01	5.001412e-01	4.605241e-01	5.596429e-01	0.000000e+00	1	7.892485e-02
1.076383e-01	8.908961e-01	4.542208e-01	2.982999e-01	9.234544e-01	4.738011e-01	4.794892e-01	4.803204e-01	5.006719e-01	4.986887e-01	5.013000e-01	5.005905e-01	5.214504e-01	5.029631e-01	4.382342e-01	0.000000e+00	1	7.872837e-02
4.877681e-02	8.661329e-01	5.448357e-01	3.570092e-01	9.641862e-01	5.745185e-01	6.288605e-01	5.155826e-01	4.641535e-01	4.994061e-01	4.873536e-01	5.003835e-01	5.217601e-01	5.028113e-01	4.910509e-01	0.000000e+00	1	7.789209e-02
1.688444e-01	9.497597e-01	3.490759e-01	2.210394e-01	8.879945e-01	5.157140e-01	4.934141e-01	3.430102e-01	4.967146e-01	4.987742e-01	4.937600e-01	4.965646e-01	4.976913e-01	4.900505e-01	5.276570e-01	0.000000e+00	1	7.673780e-02
1.038140e-01	5.499403e-01	8.493330e-01	6.290868e-01	8.812210e-01	5.112706e-01	3.960157e-01	4.956199e-01	4.967402e-01	5.609853e-01	5.226009e-01	5.067470e-01	5.013523e-01	5.424749e-01	4.904552e-01	0.000000e+00	1	7.659667e-02
9.534975e-02	9.198209e-01	4.381281e-01	2.816741e-01	9.342421e-01	5.745185e-01	6.288605e-01	5.155826e-01	4.890468e-01	5.005213e-01	4.873536e-01	5.003835e-01	5.226618e-01	5.028113e-01	4.907625e-01	0.000000e+00	1	7.654447e-02
6.756850e-01	4.731771e-01	5.673502e-01	3.835522e-01	3.889251e-01	5.089992e-01	5.030381e-01	5.030777e-01	5.007461e-01	4.959912e-01	4.870253e-01	4.910088e-01	5.098640e-01	4.734866e-01	5.002767e-01	0.000000e+00	1	7.341812e-02
4.422559e-01	9.508727e-01	2.274077e-01	1.359458e-01	7.228513e-01	3.349889e-01	5.208689e-01	4.505487e-01	5.247183e-01	6.787484e-01	5.107178e-01	5.092849e-01	5.449618e-01	4.776222e-01	5.875649e-01	0.000000e+00	1	7.272457e-02
4.065877e-02	7.212926e-01	6.990716e-01	4.895365e-01	9.641521e-01	5.725857e-01	5.008937e-01	4.990736e-01	4.996092e-01	4.993215e-01	4.978796e-01	5.030733e-01	4.987984e-01	4.998212e-01	4.971296e-01	0.000000e+00	1	6.910148e-02
2.276834e-01	2.330225e-01	9.497938e-01	7.896383e-01	5.073775e-01	5.137283e-01	5.158947e-01	5.002849e-01	4.924516e-01	4.844901e-01	5.085350e-01	4.735930e-01	4.667151e-01	4.657446e-01	5.180308e-01	0.000000e+00	1	6.706898e-02
8.384073e-02	9.956378e-01	1.245549e-01	7.895337e-02	9.465177e-01	5.725857e-01	5.008937e-01	5.398473e-01	4.996092e-01	4.967997e-01	4.978796e-01	5.030733e-01	4.987984e-01	4.996387e-01	4.965438e-01	0.000000e+00	1	6.703861e-02
8.730756e-01	1.131582e-01	4.933546e-01	3.251756e-01	8.205407e-02	4.739116e-01	5.166813e-01	4.803204e-01	5.233659e-01	4.986887e-01	5.013000e-01	5.005905e-01	5.378454e-01	4.835859e-01	4.252172e-01	0.000000e+00	1	6.624271e-02
4.992633e-01	6.397156e-01	6.061185e-01	4.084127e-01	5.781099e-01	5.006743e-01	5.226906e-01	5.235874e-01	4.620467e-01	4.578119e-01	5.070353e-01	5.178907e-01	5.796203e-01	5.025609e-01	5.430071e-01	0.000000e+00	1	6.530429e-02
8.775442e-01	4.969986e-01	2.637389e-01	1.628379e-01	3.280569e-01	3.349889e-01	4.860240e-01	5.000864e-01	5.376875e-01	5.910938e-01	5.153884e-01	5.022123e-01	5.449618e-01	4.993881e-01	4.450563e-01	0.000000e+00	1	6.334212e-02
4.397049e-02	7.800430e-01	6.276816e-01	4.308712e-01	9.641521e-01	5.033129e-01	5.227353e-01	4.990736e-01	5.405623e-01	4.993215e-01	4.978796e-01	5.030733e-01	4.987984e-01	4.998314e-01	4.997884e-01	0.000000e+00	1	6.281960e-02
1.001891e+00	1.298538e-01	7.084748e-02	4.457139e-02	8.205407e-02	4.739116e-01	5.154149e-01	4.981945e-01	5.234655e-01	4.986887e-01	5.013000e-01	5.005905e-01	5.378454e-01	4.835859e-01	4.021494e-01	0.000000e+00	1	6.250458e-02
9.821305e-01	2.398287e-01	3.667505e-02	2.308417e-02	1.524737e-01	5.725857e-01	4.793955e-01	4.990736e-01	5.056354e-01	4.993215e-01	4.874955e-01	5.030733e-01	4.987984e-01	4.971195e-01	5.758405e-01	0.000000e+00	1	6.198160e-02
