1.036007e+00	1.412143e-02	2.582628e-02	1.586533e-02	8.676992e-03	4.640510e-01	5.440196e-01	4.943657e-01	6.454190e-01	3.972925e-01	4.699197e-01	5.057235e-01	4.991155e-01	4.883070e-01	4.801904e-01	0.000000e+00	1	1.000000e+14
1.643677e-15	1.743991e-27	1.017413e+00	1.000000e+00	6.754731e-13	5.003095e-01	5.048817e-01	4.993363e-01	6.223839e-01	4.884215e-01	5.073329e-01	4.868513e-01	4.700073e-01	5.011831e-01	4.660953e-01	0.000000e+00	1	1.000000e+14
3.444161e-03	1.004444e+00	4.379236e-17	2.775558e-17	9.978171e-01	4.647959e-01	5.019172e-01	4.577539e-01	5.026244e-01	5.165488e-01	5.087454e-01	5.055671e-01	4.751968e-01	4.990973e-01	4.795596e-01	0.000000e+00	1	1.000000e+14
1.603624e-15	4.331030e-16	1.028186e+00	1.000000e+00	1.679302e-01	4.855165e-01	5.048817e-01	5.946194e-01	6.265726e-01	4.518656e-01	4.800218e-01	5.017322e-01	4.971483e-01	5.068430e-01	4.856791e-01	0.000000e+00	1	1.000000e+14
5.628105e-02	9.984342e-01	4.359919e-17	2.775558e-17	9.641521e-01	5.012173e-01	5.008937e-01	4.983926e-01	4.997202e-01	4.976594e-01	4.980392e-01	5.016421e-01	4.987984e-01	4.996489e-01	4.992026e-01	0.000000e+00	1	1.000000e+14
2.610963e-30	1.616151e-15	1.000375e+00	1.000000e+00	1.000000e+00	5.089992e-01	5.030381e-01	4.993375e-01	5.035284e-01	4.959912e-01	4.870253e-01	4.910088e-01	4.974657e-01	4.994666e-01	5.002767e-01	0.000000e+00	1	1.000000e+14
8.606140e-01	4.175488e-01	3.662661e-01	2.327983e-01	2.875725e-01	5.644435e-01	4.652872e-01	4.984268e-01	5.138535e-01	5.393644e-01	5.627661e-01	5.349373e-01	6.016980e-01	4.817343e-01	4.633381e-01	0.000000e+00	1	1.459605e-01
2.341067e-01	9.608837e-01	2.148370e-01	1.361763e-01	8.478600e-01	5.790933e-01	4.874558e-01	4.575520e-01	5.058395e-01	4.500810e-01	5.166144e-01	5.074322e-01	5.247829e-01	4.820745e-01	5.069864e-01	0.000000e+00	1	1.450476e-01
7.403113e-01	3.032331e-01	6.129216e-01	4.161929e-01	2.474901e-01	5.244269e-01	5.144551e-01	4.953002e-01	4.627968e-01	5.226366e-01	5.095190e-01	5.444644e-01	4.994595e-01	4.802013e-01	4.487421e-01	0.000000e+00	1	1.369352e-01
9.618745e-01	2.475448e-01	1.625746e-01	1.032890e-01	1.603584e-01	5.247960e-01	4.869164e-01	4.948378e-01	4.887642e-01	5.066425e-01	4.761068e-01	5.604425e-01	5.308472e-01	5.161441e-01	5.039582e-01	0.000000e+00	1	1.238740e-01
9.943587e-01	3.752653e-02	2.038219e-01	1.286212e-01	2.401427e-02	5.084870e-01	4.880870e-01	5.937631e-01	5.426685e-01	4.877615e-01	5.416641e-01	4.794593e-01	5.364559e-01	5.112361e-01	4.662691e-01	0.000000e+00	1	1.224386e-01
5.731038e-01	8.244313e-01	4.663902e-02	2.955004e-02	6.132765e-01	5.164561e-01	5.214731e-01	4.946037e-01	4.869759e-01	4.940507e-01	5.004250e-01	5.305665e-01	5.526431e-01	4.954464e-01	4.788044e-01	0.000000e+00	1	1.183701e-01
3.464017e-01	4.983119e-01	8.191698e-01	5.940776e-01	6.132765e-01	4.217350e-01	6.014971e-01	4.992855e-01	5.143714e-01	4.635052e-01	5.071028e-01	4.997058e-01	4.883162e-01	4.842299e-01	4.670991e-01	0.000000e+00	1	1.146653e-01
1.069364e-01	9.946966e-01	6.254321e-02	3.974747e-02	9.318210e-01	4.888025e-01	5.205132e-01	4.995780e-01	5.018774e-01	4.937271e-01	4.992608e-01	5.102684e-01	5.261325e-01	4.868483e-01	4.711851e-01	0.000000e+00	1	1.129818e-01
2.157194e-01	6.599320e-01	7.362641e-01	5.186717e-01	7.988711e-01	5.052298e-01	5.132972e-01	4.462632e-01	5.039898e-01	4.807821e-01	4.599489e-01	4.851166e-01	5.253870e-01	5.392769e-01	4.328941e-01	0.000000e+00	1	1.119601e-01
8.311895e-01	5.206595e-01	2.673650e-01	1.694258e-01	3.562572e-01	5.041565e-01	4.880870e-01	5.937631e-01	5.426685e-01	4.877615e-01	5.431535e-01	4.892250e-01	5.389834e-01	5.141341e-01	4.556522e-01	0.000000e+00	1	1.112130e-01
9.079534e-01	3.218239e-01	3.003729e-01	1.924257e-01	2.168540e-01	5.097079e-01	4.966039e-01	4.869401e-01	5.086351e-01	4.770927e-01	4.941446e-01	5.787130e-01	4.976370e-01	5.332489e-01	4.712033e-01	0.000000e+00	1	1.105447e-01
4.557604e-01	8.999867e-01	5.628106e-03	3.551643e-03	7.015776e-01	5.109360e-01	5.092373e-01	4.970668e-01	5.479457e-01	5.294053e-01	5.442477e-01	4.751722e-01	4.989677e-01	4.988588e-01	4.464267e-01	0.000000e+00	1	1.089982e-01
4.226341e-01	4.786879e-02	9.147374e-01	7.229158e-01	7.179944e-02	4.973109e-01	4.860445e-01	4.561061e-01	5.343428e-01	4.453816e-01	5.181245e-01	5.017419e-01	5.249878e-01	4.854116e-01	4.635427e-01	0.000000e+00	1	1.080968e-01
2.806538e-01	9.444148e-01	2.783915e-01	1.753153e-01	8.161057e-01	5.680877e-01	4.348344e-01	4.886091e-01	4.180603e-01	5.101894e-01	5.627661e-01	5.342897e-01	5.057636e-01	4.829649e-01	4.495879e-01	0.000000e+00	1	1.069549e-01
7.106860e-01	2.665031e-01	6.730157e-01	4.618157e-01	2.283972e-01	5.167324e-01	5.042489e-01	4.919387e-01	5.016248e-01	4.948011e-01	5.160128e-01	5.030733e-01	5.123461e-01	6.166078e-01	4.965438e-01	0.000000e+00	1	1.066555e-01
5.116371e-01	7.408975e-01	4.950352e-01	3.200227e-01	6.152494e-01	5.221249e-01	5.971158e-01	4.990384e-01	4.803800e-01	5.325712e-01	5.143362e-01	3.923131e-01	5.389639e-01	4.709587e-01	5.443988e-01	0.000000e+00	1	1.059601e-01
2.922380e-01	7.524495e-02	9.585156e-01	8.058270e-01	1.604311e-01	4.664973e-01	4.869164e-01	4.942559e-01	4.887642e-01	5.260484e-01	4.983452e-01	4.751722e-01	5.391158e-01	4.754986e-01	5.039582e-01	0.000000e+00	1	1.042365e-01
3.797742e-01	5.463194e-01	7.686607e-01	5.457841e-01	6.132765e-01	4.211449e-01	5.011195e-01	4.993215e-01	5.062120e-01	4.155879e-01	5.071028e-01	4.648178e-01	5.042585e-01	4.863235e-01	5.418425e-01	0.000000e+00	1	1.004335e-01
1.378898e-01	1.512061e-01	9.928595e-01	8.705983e-01	5.293031e-01	5.308270e-01	6.005365e-01	4.992855e-01	5.024442e-01	4.939463e-01	5.203894e-01	4.888214e-01	5.233169e-01	4.868483e-01	4.629757e-01	0.000000e+00	1	1.003069e-01
7.334665e-01	3.423091e-01	6.071723e-01	4.097224e-01	2.779831e-01	5.798702e-01	5.169524e-01	4.859383e-01	5.034330e-01	4.497320e-01	5.093960e-01	5.015133e-01	4.840248e-01	4.719610e-01	4.639659e-01	0.000000e+00	1	9.911599e-02
1.636885e-01	6.871645e-01	7.499422e-01	5.190320e-01	8.511262e-01	5.052298e-01	5.132972e-01	4.513132e-01	5.039898e-01	4.807821e-01	4.629773e-01	4.851166e-01	6.424616e-01	4.701129e-01	4.328941e-01	0.000000e+00	1	9.831635e-02
6.158955e-01	6.214230e-01	5.202939e-01	3.415421e-01	5.028440e-01	4.997934e-01	5.176769e-01	5.618657e-01	5.012621e-01	4.948011e-01	4.983796e-01	5.030733e-01	5.122042e-01	6.166078e-01	4.965438e-01	0.000000e+00	1	9.769970e-02
9.517084e-01	2.258493e-01	2.454811e-01	1.565378e-01	1.483320e-01	5.108377e-01	4.355828e-01	4.886709e-01	4.905395e-01	5.006123e-01	4.873703e-01	4.889763e-01	5.242094e-01	5.442946e-01	5.340381e-01	0.000000e+00	1	9.753868e-02
7.927894e-02	1.148032e-01	9.963452e-01	9.114310e-01	6.152494e-01	5.059490e-01	5.234120e-01	4.989505e-01	4.803800e-01	5.270395e-01	5.080658e-01	4.560885e-01	5.389639e-01	4.709587e-01	5.032213e-01	0.000000e+00	1	9.599094e-02
3.671751e-01	8.895302e-01	3.429852e-01	2.179624e-01	7.507825e-01	4.723034e-01	5.066445e-01	6.205171e-01	5.013924e-01	4.667551e-01	4.833258e-01	5.210486e-01	5.247880e-01	5.582762e-01	4.787404e-01	0.000000e+00	1	9.021144e-02
7.357285e-02	7.577482e-01	6.812503e-01	4.647042e-01	9.383812e-01	5.047223e-01	5.132972e-01	6.159196e-01	5.039548e-01	4.802600e-01	4.670689e-01	4.842297e-01	4.692906e-01	4.718253e-01	4.328941e-01	0.000000e+00	1	9.012660e-02
6.501220e-01	6.326762e-01	4.567163e-01	2.969258e-01	4.913426e-01	5.097079e-01	4.119829e-01	4.869401e-01	5.082681e-01	4.770927e-01	4.976128e-01	5.787130e-01	4.977940e-01	4.987431e-01	4.712135e-01	0.000000e+00	1	8.781500e-02
4.045779e-01	8.030212e-03	9.486679e-01	7.433240e-01	1.263421e-02	4.575977e-01	5.011548e-01	4.942990e-01	6.489753e-01	4.478457e-01	4.976931e-01	4.774377e-01	5.074482e-01	4.725318e-01	4.425766e-01	0.000000e+00	1	8.648353e-02
7.869298e-01	2.789272e-01	5.831946e-01	3.881674e-01	2.168540e-01	5.097079e-01	3.985549e-01	4.869401e-01	5.086308e-01	4.770927e-01	5.152460e-01	5.787130e-01	4.979358e-01	4.987431e-01	4.712135e-01	0.000000e+00	1	8.490686e-02
7.937789e-01	5.795499e-01	2.566740e-01	1.626255e-01	4.014860e-01	5.372470e-01	4.880870e-01	5.937631e-01	5.377833e-01	4.886675e-01	5.417940e-01	4.892250e-01	4.974155e-01	5.091945e-01	4.556522e-01	0.000000e+00	1	8.412809e-02
3.102034e-01	8.728929e-01	4.536744e-01	2.899161e-01	7.826235e-01	5.672305e-01	4.582360e-01	4.957374e-01	4.180603e-01	5.101894e-01	5.627661e-01	5.342897e-01	6.016980e-01	4.800323e-01	4.495879e-01	0.000000e+00	1	8.377408e-02
5.559490e-01	8.432440e-01	3.230901e-02	2.035757e-02	6.289247e-01	5.109360e-01	5.092373e-01	4.970668e-01	5.675845e-01	5.294053e-01	5.442477e-01	5.075902e-01	4.989677e-01	4.980629e-01	4.464267e-01	0.000000e+00	1	8.316951e-02
6.140019e-01	8.053691e-01	1.176579e-01	7.363185e-02	5.853180e-01	5.678384e-01	5.802747e-01	4.837255e-01	5.133036e-01	5.402465e-01	5.203894e-01	5.090709e-01	5.288504e-01	4.868483e-01	5.702043e-01	0.000000e+00	1	8.279739e-02
1.214256e-02	2.154108e-01	9.790523e-01	8.619158e-01	9.641521e-01	5.012173e-01	5.008937e-01	4.983926e-01	4.997202e-01	4.976594e-01	4.948220e-01	5.095110e-01	4.975919e-01	5.490812e-01	4.992026e-01	0.000000e+00	1	8.213852e-02
5.282116e-01	1.710815e-01	8.493226e-01	6.314023e-01	1.994059e-01	5.090002e-01	5.015940e-01	4.993825e-01	5.315560e-01	5.872112e-01	5.467297e-01	5.087109e-01	5.450298e-01	5.044928e-01	4.586287e-01	0.000000e+00	1	8.200622e-02
3.306181e-01	4.039741e-01	8.741137e-01	6.572717e-01	5.633625e-01	4.459185e-01	3.993797e-01	4.606150e-01	5.058395e-01	4.536900e-01	5.157768e-01	5.068723e-01	5.247829e-01	4.806542e-01	5.078173e-01	0.000000e+00	1	8.111121e-02
1.791564e-01	7.520986e-01	6.883287e-01	4.630963e-01	8.511262e-01	5.872625e-01	5.132972e-01	4.943052e-01	5.039728e-01	4.802600e-01	4.670689e-01	4.842297e-01	6.424616e-01	4.718253e-01	4.328941e-01	0.000000e+00	1	8.058246e-02
5.071649e-01	6.912978e-03	8.920930e-01	6.708777e-01	8.676992e-03	4.640510e-01	5.440196e-01	4.943657e-01	6.454190e-01	5.204295e-01	5.032780e-01	5.057235e-01	4.872187e-01	4.883070e-01	4.678402e-01	0.000000e+00	1	7.914682e-02
6.090520e-01	3.636170e-01	7.147546e-01	5.024210e-01	3.426455e-01	4.815846e-01	5.169524e-01	4.583781e-01	5.034782e-01	4.536508e-01	5.053044e-01	5.026958e-01	4.840248e-01	4.702487e-01	4.639659e-01	0.000000e+00	1	7.791995e-02
3.326844e-02	5.561956e-01	8.523257e-01	6.314023e-01	9.619664e-01	5.090002e-01	5.033019e-01	4.993825e-01	5.315560e-01	5.872112e-01	4.252454e-01	5.090157e-01	5.509646e-01	4.977328e-01	4.635789e-01	0.000000e+00	1	7.761599e-02
5.240048e-01	8.502841e-01	1.291565e-01	8.186958e-02	6.483967e-01	5.023546e-01	4.643691e-01	4.870047e-01	5.201975e-01	4.997504e-01	4.939880e-01	5.024584e-01	4.976706e-01	4.999523e-01	4.279029e-01	0.000000e+00	1	7.724941e-02
9.263282e-01	3.794259e-01	7.564270e-02	4.801515e-02	2.474901e-01	5.092405e-01	5.071695e-01	4.950196e-01	5.213694e-01	5.114667e-01	5.042564e-01	4.878257e-01	4.994595e-01	4.817343e-01	4.487421e-01	0.000000e+00	1	7.701016e-02
2.242214e-01	8.942371e-01	4.049831e-01	2.635006e-01	8.435982e-01	5.156219e-01	5.414165e-01	4.889154e-01	4.976494e-01	5.112468e-01	4.818272e-01	5.066448e-01	5.226362e-01	5.582762e-01	4.787404e-01	0.000000e+00	1	7.598046e-02
8.167953e-01	4.833913e-01	4.263672e-01	2.687870e-01	3.401962e-01	5.749048e-01	5.974021e-01	4.515731e-01	5.731561e-01	4.978455e-01	4.243127e-01	5.041782e-01	4.977575e-01	4.146354e-01	4.318231e-01	0.000000e+00	1	7.594443e-02
8.156822e-01	2.734775e-01	5.477396e-01	3.609342e-01	2.059443e-01	5.839717e-01	5.159140e-01	4.859383e-01	5.100299e-01	4.310738e-01	4.761294e-01	4.857822e-01	5.362022e-01	4.268101e-01	5.090870e-01	0.000000e+00	1	7.519271e-02
6.755742e-01	9.459295e-03	7.941446e-01	5.512179e-01	8.913278e-03	4.211753e-01	5.011548e-01	4.993193e-01	6.489753e-01	4.284398e-01	4.820123e-01	4.359475e-01	5.050676e-01	4.316295e-01	5.033775e-01	0.000000e+00	1	7.320816e-02
9.838253e-01	2.653344e-02	2.832490e-01	1.783986e-01	1.716526e-02	5.372470e-01	4.866571e-01	6.120945e-01	5.377833e-01	4.886675e-01	5.409925e-01	5.004548e-01	4.974155e-01	5.692200e-01	4.556522e-01	0.000000e+00	1	7.251435e-02
4.333321e-01	9.253311e-01	1.290567e-01	7.998594e-02	7.211814e-01	4.978382e-01	6.256745e-01	4.513685e-01	4.993016e-01	4.941891e-01	5.050515e-01	5.101295e-01	5.737813e-01	5.726480e-01	4.710046e-01	0.000000e+00	1	7.181815e-02
7.016003e-01	7.142842e-01	2.051985e-02	1.304557e-02	5.057028e-01	5.109028e-01	5.020525e-01	4.888506e-01	4.881706e-01	4.722799e-01	4.954189e-01	4.901574e-01	4.972989e-01	4.974763e-01	5.120284e-01	0.000000e+00	1	7.144026e-02
3.333089e-01	5.914426e-01	7.392001e-01	5.270560e-01	6.732940e-01	4.763359e-01	4.958801e-01	4.522661e-01	4.987344e-01	5.006565e-01	5.075412e-01	5.100751e-01	5.222582e-01	4.881770e-01	5.004074e-01	0.000000e+00	1	7.022602e-02
