1.042984e+00	1.106638e-12	6.562109e-02	4.000127e-02	6.754731e-13	5.274219e-01	5.149183e-01	4.622984e-01	5.130560e-01	4.973765e-01	5.194818e-01	4.142881e-01	3.234904e-01	5.023369e-01	4.401167e-01	0.000000e+00	1	1.000000e+14
3.443163e-03	1.004153e+00	4.377967e-17	2.775558e-17	9.978171e-01	4.694505e-01	5.019688e-01	4.612729e-01	5.027972e-01	5.165488e-01	5.087454e-01	5.055671e-01	4.751968e-01	4.826903e-01	4.795596e-01	0.000000e+00	1	1.000000e+14
2.610558e-30	1.615900e-15	1.000220e+00	1.000000e+00	1.000000e+00	5.007272e-01	5.030381e-01	4.993375e-01	5.035284e-01	4.959912e-01	4.870253e-01	5.023271e-01	4.974657e-01	4.994686e-01	4.992029e-01	0.000000e+00	1	1.000000e+14
1.621627e-15	1.720596e-27	1.003765e+00	1.000000e+00	6.754731e-13	5.010258e-01	5.180719e-01	4.993345e-01	4.693329e-01	4.884215e-01	5.117928e-01	4.868513e-01	4.700073e-01	5.011831e-01	4.660953e-01	0.000000e+00	1	1.000000e+14
5.628105e-02	9.984342e-01	4.359919e-17	2.775558e-17	9.641521e-01	5.012173e-01	5.008937e-01	4.983926e-01	4.997202e-01	4.976594e-01	4.980392e-01	5.016421e-01	4.987984e-01	4.996489e-01	4.992026e-01	0.000000e+00	1	1.000000e+14
1.492160e-15	6.839341e-16	1.016026e+00	1.000000e+00	2.736048e-01	5.207939e-01	5.106442e-01	4.918399e-01	5.879060e-01	5.364366e-01	4.862840e-01	4.251043e-01	4.981573e-01	4.841008e-01	4.825472e-01	0.000000e+00	1	1.000000e+14
5.712566e-01	6.900431e-01	5.356460e-01	3.430762e-01	5.597792e-01	6.098177e-01	4.254735e-01	5.606674e-01	4.983430e-01	6.348540e-01	4.825300e-01	5.488643e-01	5.012444e-01	4.773753e-01	4.674615e-01	0.000000e+00	1	1.557713e-01
9.980330e-01	1.495941e-01	2.834814e-02	1.787809e-02	9.471714e-02	5.263891e-01	4.588019e-01	4.559059e-01	5.314162e-01	5.405766e-01	5.215420e-01	5.119877e-01	5.233169e-01	4.907032e-01	4.629757e-01	0.000000e+00	1	1.538050e-01
9.293086e-01	9.096262e-03	3.912890e-01	2.536970e-01	6.231165e-03	4.948880e-01	4.905888e-01	4.428949e-01	5.123327e-01	5.398656e-01	4.649583e-01	5.107231e-01	5.201155e-01	4.886405e-01	5.370602e-01	0.000000e+00	1	1.347013e-01
9.618294e-01	3.068217e-01	6.625608e-02	4.171978e-02	1.965842e-01	5.247186e-01	5.116522e-01	4.434474e-01	5.727748e-01	4.940456e-01	5.215420e-01	5.023559e-01	5.228322e-01	4.892666e-01	4.629757e-01	0.000000e+00	1	1.321742e-01
7.846120e-01	3.028307e-02	6.247471e-01	4.278641e-01	2.455894e-02	5.091781e-01	5.060809e-01	4.954201e-01	4.918259e-01	5.294053e-01	5.075307e-01	4.958007e-01	4.692228e-01	5.009476e-01	4.636814e-01	0.000000e+00	1	1.164202e-01
2.686375e-01	9.462000e-01	2.433133e-01	1.543822e-01	8.238902e-01	4.812208e-01	4.487959e-01	4.821786e-01	5.144925e-01	5.386187e-01	4.990066e-01	5.444328e-01	4.689592e-01	4.502246e-01	4.467711e-01	0.000000e+00	1	1.141864e-01
9.151594e-02	7.664633e-01	6.868197e-01	4.629079e-01	9.243456e-01	4.982176e-01	5.384187e-01	4.992446e-01	4.999215e-01	5.509372e-01	5.223873e-01	5.020877e-01	4.763966e-01	5.017371e-01	6.675979e-01	0.000000e+00	1	1.136953e-01
3.029277e-01	9.180315e-02	9.487678e-01	7.950000e-01	1.873288e-01	5.012214e-01	5.008937e-01	4.983926e-01	5.005350e-01	4.976594e-01	5.126924e-01	5.016421e-01	4.987984e-01	4.996489e-01	4.992026e-01	0.000000e+00	1	1.126630e-01
7.222914e-01	2.505875e-01	6.460981e-01	4.466784e-01	2.125934e-01	4.942810e-01	4.872113e-01	4.992446e-01	4.840875e-01	5.076976e-01	5.122586e-01	5.026525e-01	4.929590e-01	5.001756e-01	5.159436e-01	0.000000e+00	1	1.104045e-01
6.163599e-01	6.386731e-01	4.921732e-01	3.223200e-01	5.113173e-01	5.618945e-01	5.256970e-01	4.860131e-01	5.754804e-01	4.461500e-01	4.763421e-01	5.078249e-01	4.942363e-01	5.218814e-01	5.221498e-01	0.000000e+00	1	1.034815e-01
8.782119e-01	4.098618e-01	3.129100e-01	1.988202e-01	2.779831e-01	6.102219e-01	5.050341e-01	4.932475e-01	5.289827e-01	4.583388e-01	5.459465e-01	5.073632e-01	5.247529e-01	4.994690e-01	4.711111e-01	0.000000e+00	1	9.758357e-02
8.413304e-01	4.488602e-01	3.266575e-01	2.101043e-01	3.120053e-01	4.948880e-01	4.905888e-01	4.445239e-01	4.803817e-01	5.349748e-01	4.649583e-01	5.032639e-01	5.201155e-01	4.886405e-01	5.374726e-01	0.000000e+00	1	9.389345e-02
5.684884e-01	1.732108e-01	8.168884e-01	5.995991e-01	1.882808e-01	4.874461e-01	4.415461e-01	5.007851e-01	5.180546e-01	4.874982e-01	4.654322e-01	4.948762e-01	4.317346e-01	4.844664e-01	4.965474e-01	0.000000e+00	1	9.314445e-02
3.590758e-01	9.051664e-01	2.909881e-01	1.848583e-01	7.595775e-01	4.812208e-01	4.487959e-01	4.873390e-01	5.144925e-01	4.615367e-01	5.556885e-01	5.427426e-01	4.388012e-01	5.018472e-01	4.467711e-01	0.000000e+00	1	9.274003e-02
3.156720e-01	9.312060e-01	2.014692e-01	1.286625e-01	7.919302e-01	5.010217e-01	5.180719e-01	4.993345e-01	4.685181e-01	4.884215e-01	4.971396e-01	4.868513e-01	4.700073e-01	5.011831e-01	4.660953e-01	0.000000e+00	1	9.265647e-02
4.177287e-01	8.344388e-01	3.934120e-01	2.539987e-01	7.045220e-01	4.946789e-01	4.860445e-01	5.173940e-01	5.916100e-01	4.494318e-01	5.188259e-01	5.027766e-01	4.783932e-01	4.998925e-01	4.801399e-01	0.000000e+00	1	9.156440e-02
5.000631e-01	7.238279e-01	5.506886e-01	3.560493e-01	6.151221e-01	5.323497e-01	4.254735e-01	5.659085e-01	5.733175e-01	6.304023e-01	5.292813e-01	5.488643e-01	4.950070e-01	4.773753e-01	4.717380e-01	0.000000e+00	1	9.062760e-02
1.168232e-01	9.886850e-01	1.543790e-01	9.793871e-02	9.251241e-01	4.694505e-01	5.309426e-01	4.964367e-01	5.027972e-01	5.161909e-01	5.649688e-01	5.055671e-01	4.751968e-01	4.982227e-01	4.795596e-01	0.000000e+00	1	9.060455e-02
8.303734e-01	5.901026e-01	2.797466e-01	1.706179e-01	3.933267e-01	5.274219e-01	5.111386e-01	4.622984e-01	5.130560e-01	5.005369e-01	5.171498e-01	4.142881e-01	2.854234e-01	5.011859e-01	5.159787e-01	0.000000e+00	1	8.825018e-02
3.417730e-01	4.974180e-01	8.465455e-01	6.057138e-01	6.167475e-01	5.005421e-01	4.253248e-01	6.686125e-01	5.095436e-01	5.509683e-01	4.759134e-01	4.984463e-01	5.376888e-01	4.875910e-01	4.717590e-01	0.000000e+00	1	8.623427e-02
7.569921e-01	7.516534e-02	6.702452e-01	4.598045e-01	6.300647e-02	5.725803e-01	5.167204e-01	5.710531e-01	5.304284e-01	5.223211e-01	5.147818e-01	4.818195e-01	5.301247e-01	5.196206e-01	4.997433e-01	0.000000e+00	1	8.604204e-02
2.384361e-01	4.836586e-01	8.524486e-01	6.409286e-01	7.084158e-01	5.089841e-01	5.260080e-01	4.963411e-01	5.095436e-01	5.429716e-01	5.652990e-01	4.954088e-01	5.358296e-01	4.873893e-01	4.842101e-01	0.000000e+00	1	8.541272e-02
5.824397e-01	8.160018e-01	1.082930e-01	6.850089e-02	6.053533e-01	5.263875e-01	4.660040e-01	4.993191e-01	5.047005e-01	5.341837e-01	5.191918e-01	5.378283e-01	5.209798e-01	4.878631e-01	4.457210e-01	0.000000e+00	1	8.178827e-02
8.389513e-01	3.375050e-01	4.633813e-01	3.014627e-01	2.434958e-01	5.758442e-01	5.049229e-01	5.034287e-01	5.843425e-01	5.364366e-01	4.862840e-01	4.760108e-01	4.831508e-01	4.771051e-01	4.825472e-01	0.000000e+00	1	8.160835e-02
4.681681e-01	5.325849e-01	7.164141e-01	5.032647e-01	5.409217e-01	5.798805e-01	5.012023e-01	4.918296e-01	4.945847e-01	4.957136e-01	5.138214e-01	5.033650e-01	4.740302e-01	4.972000e-01	4.749975e-01	0.000000e+00	1	8.148604e-02
1.516226e-01	7.439138e-01	6.994742e-01	4.739445e-01	8.719991e-01	4.982176e-01	5.384187e-01	4.992446e-01	6.641180e-01	4.585533e-01	5.118642e-01	5.018616e-01	5.395582e-01	4.833229e-01	5.137556e-01	0.000000e+00	1	8.018906e-02
8.808429e-01	5.052779e-01	1.201483e-02	7.531961e-03	3.315542e-01	5.263891e-01	4.588019e-01	4.448259e-01	5.349670e-01	5.356859e-01	5.215420e-01	5.045285e-01	5.233169e-01	4.275872e-01	4.633881e-01	0.000000e+00	1	8.006366e-02
4.133993e-01	4.702803e-01	7.850405e-01	5.713790e-01	5.409217e-01	5.069808e-01	5.012023e-01	4.917969e-01	5.051556e-01	5.365633e-01	5.138214e-01	5.374812e-01	4.738160e-01	4.998898e-01	4.798896e-01	0.000000e+00	1	7.907662e-02
5.518120e-02	8.764235e-01	4.863341e-01	3.219796e-01	9.599701e-01	4.987065e-01	5.275762e-01	4.587072e-01	5.019307e-01	4.973832e-01	4.957127e-01	4.651688e-01	5.074880e-01	4.930536e-01	5.045788e-01	0.000000e+00	1	7.837156e-02
2.745633e-01	9.715610e-01	4.741432e-02	2.987558e-02	8.246633e-01	5.266822e-01	4.588019e-01	4.431050e-01	5.317354e-01	5.405766e-01	5.204384e-01	5.024025e-01	5.233169e-01	4.906922e-01	4.629757e-01	0.000000e+00	1	7.749827e-02
5.441839e-01	6.112724e-01	5.826982e-01	3.938946e-01	5.369222e-01	4.723175e-01	5.033296e-01	5.060978e-01	4.946993e-01	4.964589e-01	5.372973e-01	4.941683e-01	4.555666e-01	5.197670e-01	5.027247e-01	0.000000e+00	1	7.702236e-02
4.941580e-01	4.063324e-02	8.763083e-01	6.722033e-01	5.222997e-02	4.707786e-01	5.008937e-01	4.469930e-01	5.005279e-01	4.485089e-01	5.132269e-01	5.055679e-01	4.950833e-01	4.823920e-01	5.001734e-01	0.000000e+00	1	7.548245e-02
9.348496e-01	3.412357e-01	1.904852e-01	1.203976e-01	2.228103e-01	5.250435e-01	4.588019e-01	4.431969e-01	5.600121e-01	5.405766e-01	5.215420e-01	5.023559e-01	5.228322e-01	4.906922e-01	4.629757e-01	0.000000e+00	1	7.436489e-02
8.611360e-01	3.560798e-01	4.186116e-01	2.687870e-01	2.496122e-01	4.683502e-01	4.145512e-01	4.957090e-01	5.825157e-01	4.564070e-01	5.485736e-01	5.041782e-01	4.951217e-01	4.825641e-01	4.572923e-01	0.000000e+00	1	7.327818e-02
6.396016e-01	3.035620e-01	7.384599e-01	5.134117e-01	2.821059e-01	5.798702e-01	5.048451e-01	4.866152e-01	5.034193e-01	4.963031e-01	5.299183e-01	6.165878e-01	4.747461e-01	5.218814e-01	4.716263e-01	0.000000e+00	1	7.214193e-02
2.012825e-01	1.953901e-01	9.838179e-01	8.231700e-01	4.905440e-01	4.627179e-01	4.597149e-01	4.924141e-01	5.546589e-01	5.181175e-01	6.009892e-01	4.891175e-01	5.453002e-01	5.462442e-01	4.537886e-01	0.000000e+00	1	7.195619e-02
5.137891e-01	6.351385e-01	5.816491e-01	3.938946e-01	5.669912e-01	4.723175e-01	5.109601e-01	4.938670e-01	4.923940e-01	4.964589e-01	5.372973e-01	4.941683e-01	4.948823e-01	5.197670e-01	5.027247e-01	0.000000e+00	1	7.131085e-02
5.875710e-01	5.968819e-01	5.911357e-01	3.912642e-01	5.050043e-01	5.305697e-01	5.261567e-01	4.753758e-01	5.733175e-01	6.224057e-01	5.292813e-01	5.100017e-01	4.931478e-01	4.636670e-01	4.841892e-01	0.000000e+00	1	6.863876e-02
4.313553e-01	4.676338e-01	7.976405e-01	5.713790e-01	5.256767e-01	5.069808e-01	3.876845e-01	4.958709e-01	5.056569e-01	4.625446e-01	5.491058e-01	5.371814e-01	4.738160e-01	4.996313e-01	4.589048e-01	0.000000e+00	1	6.800446e-02
2.361871e-02	9.983165e-01	1.142475e-01	7.251919e-02	9.849413e-01	5.009556e-01	5.019688e-01	4.610710e-01	5.028043e-01	5.165488e-01	5.084204e-01	4.543504e-01	4.751968e-01	4.910753e-01	4.785888e-01	0.000000e+00	1	6.788809e-02
6.141730e-01	7.887871e-01	1.231387e-01	7.802330e-02	5.788291e-01	4.836520e-01	5.005998e-01	4.445239e-01	4.740469e-01	4.668750e-01	5.182101e-01	4.955915e-01	5.355704e-01	4.881346e-01	4.805340e-01	0.000000e+00	1	6.767972e-02
8.431198e-01	3.725530e-01	4.140793e-01	2.687870e-01	2.648823e-01	4.683502e-01	5.280691e-01	4.916350e-01	5.820144e-01	5.304257e-01	5.132891e-01	5.044780e-01	4.951217e-01	4.828225e-01	4.782771e-01	0.000000e+00	1	6.731336e-02
5.314163e-01	5.586336e-01	6.515884e-01	4.466784e-01	5.158924e-01	4.983768e-01	5.171924e-01	5.007198e-01	4.859701e-01	5.048889e-01	5.122586e-01	5.024761e-01	4.937814e-01	4.142618e-01	5.375588e-01	0.000000e+00	1	6.653919e-02
1.788048e-01	9.784034e-01	1.542309e-01	9.793871e-02	8.849265e-01	4.694505e-01	5.309901e-01	5.029178e-01	5.049450e-01	5.161909e-01	5.619155e-01	5.055671e-01	4.954817e-01	4.982227e-01	4.795596e-01	0.000000e+00	1	6.633066e-02
6.575391e-01	7.732504e-01	1.473364e-02	9.240241e-03	5.513731e-01	4.864079e-01	5.253498e-01	4.466043e-01	5.588340e-01	5.349076e-01	5.191918e-01	4.955915e-01	5.214980e-01	5.672715e-01	5.373784e-01	0.000000e+00	1	6.497198e-02
9.392372e-01	2.991634e-01	2.052666e-01	1.307006e-01	1.963065e-01	5.253268e-01	4.588019e-01	4.947983e-01	4.833826e-01	5.405766e-01	5.213325e-01	5.055652e-01	5.270320e-01	4.995641e-01	4.629757e-01	0.000000e+00	1	6.325294e-02
8.000221e-01	3.796993e-01	4.910487e-01	3.223200e-01	2.821059e-01	5.618945e-01	5.048451e-01	4.860131e-01	5.728877e-01	5.270295e-01	5.299183e-01	5.078249e-01	4.840248e-01	5.218814e-01	4.716263e-01	0.000000e+00	1	6.085809e-02
4.449856e-01	1.729025e-02	9.120097e-01	7.108267e-01	2.472390e-02	5.022837e-01	5.008937e-01	4.500576e-01	5.005350e-01	5.899934e-01	5.128342e-01	5.080647e-01	4.956717e-01	4.907770e-01	4.368165e-01	0.000000e+00	1	6.047462e-02
8.370009e-01	5.141587e-01	2.312370e-01	1.471818e-01	3.506874e-01	5.206615e-01	5.061565e-01	4.860131e-01	5.723054e-01	5.272548e-01	5.304073e-01	5.078249e-01	4.840248e-01	5.218814e-01	4.715908e-01	0.000000e+00	1	6.026441e-02
6.528337e-01	2.783720e-01	7.170227e-01	5.032647e-01	2.565964e-01	5.798805e-01	4.990219e-01	4.918296e-01	4.942353e-01	4.957136e-01	5.138214e-01	5.033650e-01	5.190856e-01	4.972000e-01	5.422884e-01	0.000000e+00	1	5.929584e-02
