1.013289e+00	2.943074e-03	7.365198e-04	4.627318e-04	1.849042e-03	4.857864e-01	4.793730e-01	4.634539e-01	5.102238e-01	5.278255e-01	5.219919e-01	5.899572e-01	5.157592e-01	4.753464e-01	5.319313e-01	0.000000e+00	1	1.000000e+14
2.763988e-03	1.009548e+00	4.401481e-17	2.775558e-17	9.982570e-01	4.993475e-01	5.019844e-01	4.939229e-01	5.898543e-01	5.166762e-01	4.937279e-01	5.222293e-01	4.751968e-01	5.001589e-01	4.968167e-01	0.000000e+00	1	1.000000e+14
1.626973e-15	1.090989e-27	1.007074e+00	1.000000e+00	4.268941e-13	5.063722e-01	5.492291e-01	5.142015e-01	4.976772e-01	4.964867e-01	4.882787e-01	5.507967e-01	5.156468e-01	5.050884e-01	4.625523e-01	0.000000e+00	1	1.000000e+14
5.628105e-02	9.984342e-01	4.359919e-17	2.775558e-17	9.641521e-01	5.012173e-01	5.008937e-01	4.983926e-01	4.997202e-01	4.976594e-01	4.980392e-01	5.016421e-01	4.987984e-01	4.996489e-01	4.992026e-01	0.000000e+00	1	1.000000e+14
1.626973e-15	1.090989e-27	1.007074e+00	1.000000e+00	4.268941e-13	5.063722e-01	5.492291e-01	5.142015e-01	4.976772e-01	4.964867e-01	4.882787e-01	5.507967e-01	5.156468e-01	5.050884e-01	4.625523e-01	0.000000e+00	1	1.000000e+14
2.610540e-30	1.615889e-15	1.000213e+00	1.000000e+00	1.000000e+00	5.012296e-01	5.030381e-01	4.993375e-01	5.035284e-01	4.959912e-01	4.870253e-01	5.016313e-01	4.988431e-01	4.994686e-01	4.992029e-01	0.000000e+00	1	1.000000e+14
9.628033e-01	9.345560e-02	2.741140e-01	1.757917e-01	6.160124e-02	5.025654e-01	5.246666e-01	4.918098e-01	4.983763e-01	5.483259e-01	5.285406e-01	5.175913e-01	4.688796e-01	4.992961e-01	5.174223e-01	0.000000e+00	1	1.402659e-01
1.903339e-01	9.571342e-01	2.269813e-01	1.454862e-01	8.750332e-01	4.977629e-01	5.400037e-01	4.956052e-01	5.035284e-01	4.964334e-01	4.867673e-01	5.016313e-01	4.994732e-01	4.996776e-01	4.901544e-01	0.000000e+00	1	1.290895e-01
3.959198e-01	6.546011e-02	9.284135e-01	7.402689e-01	1.043130e-01	5.216529e-01	4.213552e-01	4.982443e-01	4.918273e-01	4.837328e-01	4.813859e-01	5.378468e-01	4.996561e-01	4.697372e-01	4.582134e-01	0.000000e+00	1	1.237740e-01
7.165147e-01	3.966004e-01	5.803673e-01	3.924892e-01	3.218345e-01	5.284709e-01	4.863236e-01	5.007198e-01	5.179377e-01	5.034172e-01	4.884172e-01	4.770312e-01	4.929128e-01	5.036636e-01	5.411304e-01	0.000000e+00	1	1.156108e-01
3.251840e-01	5.376487e-02	9.495625e-01	7.873090e-01	1.043130e-01	5.216529e-01	5.011700e-01	4.882498e-01	4.918273e-01	4.837328e-01	4.813859e-01	5.378468e-01	4.996561e-01	4.697372e-01	4.612138e-01	0.000000e+00	1	1.145766e-01
2.312218e-01	8.384369e-02	9.786381e-01	8.432496e-01	2.214581e-01	5.003727e-01	5.216577e-01	4.965909e-01	5.101377e-01	4.217441e-01	4.880378e-01	4.805282e-01	4.618495e-01	4.806861e-01	4.963369e-01	0.000000e+00	1	1.124394e-01
9.873790e-01	1.437847e-01	1.499566e-01	9.496576e-02	9.205912e-02	5.229770e-01	4.822438e-01	5.116398e-01	4.965992e-01	5.384354e-01	4.884280e-01	5.235074e-01	4.333131e-01	5.013050e-01	4.626396e-01	0.000000e+00	1	1.115367e-01
7.332216e-01	2.192032e-01	6.516403e-01	4.490481e-01	1.849390e-01	5.236115e-01	5.070036e-01	4.869800e-01	4.979184e-01	5.628877e-01	4.820832e-01	4.934025e-01	5.042593e-01	4.957792e-01	4.992778e-01	0.000000e+00	1	1.093938e-01
8.642539e-01	3.047485e-01	4.116272e-01	2.687596e-01	2.158155e-01	4.982078e-01	5.540538e-01	5.227308e-01	5.037782e-01	4.919090e-01	4.880697e-01	5.034124e-01	5.135194e-01	5.044560e-01	5.270740e-01	0.000000e+00	1	1.043645e-01
8.161024e-01	3.159829e-02	6.202537e-01	4.134985e-01	2.463668e-02	5.030707e-01	5.462180e-01	5.519787e-01	5.089849e-01	4.086830e-01	4.188017e-01	5.344008e-01	4.606333e-01	4.473861e-01	5.134352e-01	0.000000e+00	1	1.016650e-01
6.160492e-01	7.386258e-01	3.159642e-01	2.020646e-01	5.574475e-01	5.238853e-01	4.263260e-01	4.963886e-01	5.116305e-01	4.950545e-01	5.206476e-01	5.486256e-01	4.542865e-01	4.803862e-01	4.692423e-01	0.000000e+00	1	1.002679e-01
5.529286e-01	7.494964e-01	4.457867e-01	2.841901e-01	5.953618e-01	4.455780e-01	3.933508e-01	5.519787e-01	5.089849e-01	4.086830e-01	4.930126e-01	5.344008e-01	4.458529e-01	4.473861e-01	5.134352e-01	0.000000e+00	1	9.994917e-02
8.407803e-01	5.116575e-01	2.479145e-01	1.570885e-01	3.480293e-01	5.623218e-01	5.382247e-01	4.918098e-01	4.969368e-01	5.483259e-01	5.272368e-01	5.597273e-01	5.086144e-01	4.483624e-01	4.871817e-01	0.000000e+00	1	9.885397e-02
3.623316e-02	4.770785e-01	8.905086e-01	6.861306e-01	9.517426e-01	5.024904e-01	5.020597e-01	4.939229e-01	5.898543e-01	5.452477e-01	4.868444e-01	5.222293e-01	5.079631e-01	5.001589e-01	4.984014e-01	0.000000e+00	1	9.767840e-02
3.330366e-01	1.249602e-01	9.369572e-01	7.690126e-01	2.285203e-01	4.982078e-01	4.897585e-01	5.227308e-01	5.003219e-01	4.919090e-01	5.237406e-01	5.034124e-01	5.142936e-01	5.018046e-01	5.270740e-01	0.000000e+00	1	9.665407e-02
3.513274e-01	9.727701e-01	9.132251e-02	5.606600e-02	7.793579e-01	6.110375e-01	4.150896e-01	4.211668e-01	5.981162e-01	5.302806e-01	5.168446e-01	5.056938e-01	5.243959e-01	5.001239e-01	4.670729e-01	0.000000e+00	1	9.527632e-02
1.034840e-01	7.925433e-01	6.335636e-01	4.267006e-01	9.173428e-01	4.340121e-01	5.073547e-01	4.898860e-01	5.056055e-01	3.916805e-01	4.930546e-01	5.401098e-01	4.735650e-01	4.986261e-01	4.641275e-01	0.000000e+00	1	9.350467e-02
2.522279e-01	6.126314e-01	7.692877e-01	5.473829e-01	7.513604e-01	5.275302e-01	5.427496e-01	4.362131e-01	5.294786e-01	4.265528e-01	4.669717e-01	4.956055e-01	4.918910e-01	4.943914e-01	5.335926e-01	0.000000e+00	1	9.321764e-02
8.964784e-01	2.797772e-01	3.616753e-01	2.340305e-01	1.925816e-01	5.242004e-01	5.038302e-01	4.869800e-01	4.991170e-01	5.711270e-01	5.214099e-01	5.047041e-01	4.985377e-01	4.957792e-01	5.053429e-01	0.000000e+00	1	9.288638e-02
5.290805e-01	3.691229e-01	7.879688e-01	5.632494e-01	3.878030e-01	5.295750e-01	4.875572e-01	5.014812e-01	6.226421e-01	5.162430e-01	4.867197e-01	4.781541e-01	4.888469e-01	4.998738e-01	5.353982e-01	0.000000e+00	1	9.245637e-02
4.308150e-01	9.191204e-01	7.553307e-02	4.728443e-02	7.209592e-01	5.471981e-01	4.111205e-01	4.277723e-01	4.993856e-01	5.302806e-01	4.858137e-01	5.056938e-01	5.157948e-01	5.007387e-01	4.662429e-01	0.000000e+00	1	9.209634e-02
4.684179e-01	8.921131e-01	1.125951e-01	7.084490e-02	6.921953e-01	5.228997e-01	5.012481e-01	5.046106e-01	5.787061e-01	5.095466e-01	4.892904e-01	5.487139e-01	5.143295e-01	4.515720e-01	4.551481e-01	0.000000e+00	1	9.174671e-02
5.472612e-01	4.258585e-01	7.453284e-01	5.229523e-01	4.209860e-01	5.010812e-01	5.012923e-01	4.983592e-01	5.051471e-01	6.303355e-01	4.978310e-01	5.068342e-01	4.939051e-01	4.887852e-01	4.719581e-01	0.000000e+00	1	9.072257e-02
6.635132e-01	1.592954e-01	7.533278e-01	5.314400e-01	1.499999e-01	4.758501e-01	5.195471e-01	5.005645e-01	4.607992e-01	5.528590e-01	5.822981e-01	4.980231e-01	5.514776e-01	5.035633e-01	5.411453e-01	0.000000e+00	1	9.017614e-02
7.617091e-02	4.751863e-01	8.957202e-01	6.861306e-01	8.988126e-01	5.012266e-01	5.018262e-01	4.977942e-01	6.186900e-01	5.452477e-01	4.872850e-01	5.222293e-01	4.961082e-01	5.001589e-01	4.984014e-01	0.000000e+00	1	8.952926e-02
9.007375e-01	2.692836e-01	3.620632e-01	2.340305e-01	1.849390e-01	5.242004e-01	5.038302e-01	4.869800e-01	4.667053e-01	5.711270e-01	5.214099e-01	5.047041e-01	4.985377e-01	4.957792e-01	4.996152e-01	0.000000e+00	1	8.897338e-02
2.928628e-01	8.895051e-01	3.710628e-01	2.401678e-01	7.975140e-01	5.222981e-01	4.464011e-01	4.889186e-01	5.100883e-01	5.174494e-01	4.425494e-01	4.922181e-01	5.015295e-01	5.054651e-01	4.956862e-01	0.000000e+00	1	8.759056e-02
1.280883e-01	7.233003e-01	6.828351e-01	4.767807e-01	8.884187e-01	5.222981e-01	5.413939e-01	4.957410e-01	5.100883e-01	5.174494e-01	5.107014e-01	4.922181e-01	4.926503e-01	5.054651e-01	4.956862e-01	0.000000e+00	1	8.564123e-02
8.320323e-01	5.063339e-01	3.132073e-01	1.980705e-01	3.480293e-01	5.623218e-01	5.382247e-01	4.918098e-01	4.987605e-01	5.483259e-01	5.285406e-01	3.841928e-01	4.688796e-01	4.992961e-01	4.871817e-01	0.000000e+00	1	8.550470e-02
6.402735e-01	4.100950e-01	6.529881e-01	4.517341e-01	3.626617e-01	4.928834e-01	4.909229e-01	5.107641e-01	4.918259e-01	5.162920e-01	4.855563e-01	4.959693e-01	5.036156e-01	4.917494e-01	5.370276e-01	0.000000e+00	1	8.537808e-02
4.976030e-01	5.605374e-01	6.978016e-01	4.772521e-01	5.378193e-01	5.267096e-01	5.012923e-01	4.983592e-01	5.051471e-01	6.409529e-01	4.981943e-01	5.403880e-01	4.709870e-01	4.986261e-01	4.685514e-01	0.000000e+00	1	8.440896e-02
8.922945e-03	9.388953e-01	4.046640e-01	2.590567e-01	9.939500e-01	5.008314e-01	3.830063e-01	4.965482e-01	4.994410e-01	4.964286e-01	4.881152e-01	5.203206e-01	5.838849e-01	5.009748e-01	4.665031e-01	0.000000e+00	1	8.194980e-02
9.282594e-01	1.552270e-02	4.001178e-01	2.590567e-01	1.064480e-02	5.007348e-01	4.103406e-01	5.312046e-01	4.991362e-01	4.964867e-01	4.881152e-01	5.201446e-01	5.156468e-01	5.006817e-01	4.665031e-01	0.000000e+00	1	8.037948e-02
2.897108e-01	5.326381e-01	8.501432e-01	6.055911e-01	6.828610e-01	5.723179e-01	4.405134e-01	5.070958e-01	4.971068e-01	6.326608e-01	4.481644e-01	5.895027e-01	4.937630e-01	4.631199e-01	5.754280e-01	0.000000e+00	1	8.012232e-02
1.219230e-01	5.953005e-01	8.520052e-01	6.055911e-01	8.713930e-01	5.723179e-01	4.405134e-01	4.959898e-01	4.971068e-01	6.326608e-01	4.481644e-01	5.895027e-01	4.993104e-01	4.631199e-01	5.897172e-01	0.000000e+00	1	7.964130e-02
5.721162e-01	8.343629e-01	6.866308e-02	4.314182e-02	6.173541e-01	5.340494e-01	4.978952e-01	4.277723e-01	5.021831e-01	5.302806e-01	5.115027e-01	5.384021e-01	4.789664e-01	4.969366e-01	5.680984e-01	0.000000e+00	1	7.864876e-02
7.465486e-01	6.623925e-01	2.001474e-01	1.259958e-01	4.620198e-01	4.508141e-01	4.017392e-01	5.023324e-01	5.138835e-01	4.952988e-01	4.925987e-01	5.015113e-01	4.988434e-01	4.721489e-01	4.307941e-01	0.000000e+00	1	7.846168e-02
4.923336e-01	3.324788e-01	8.090586e-01	5.967841e-01	3.781292e-01	5.321866e-01	4.875572e-01	5.014812e-01	5.179377e-01	5.166221e-01	4.867197e-01	4.781541e-01	4.928960e-01	4.998700e-01	5.353982e-01	0.000000e+00	1	7.842237e-02
4.553029e-01	8.229221e-02	8.957292e-01	6.964649e-01	1.138348e-01	4.982078e-01	5.068456e-01	4.954209e-01	5.003219e-01	4.958078e-01	5.843622e-01	5.034608e-01	5.142936e-01	5.036668e-01	5.270740e-01	0.000000e+00	1	7.697299e-02
1.592254e-01	1.847104e-01	9.901469e-01	8.462649e-01	5.470864e-01	4.488795e-01	3.963619e-01	5.142015e-01	4.976772e-01	4.964867e-01	4.882787e-01	5.507967e-01	4.726045e-01	5.480903e-01	4.804665e-01	0.000000e+00	1	7.636620e-02
7.514766e-01	1.888974e-01	6.654468e-01	4.517341e-01	1.567778e-01	4.928834e-01	5.075874e-01	5.107641e-01	4.918259e-01	5.182922e-01	4.855563e-01	3.618172e-01	5.036156e-01	4.917494e-01	5.370276e-01	0.000000e+00	1	7.536501e-02
7.735454e-01	6.370115e-01	7.634238e-02	4.840688e-02	4.385702e-01	5.480394e-01	4.980154e-01	5.005284e-01	4.911237e-01	5.094765e-01	4.837403e-01	5.222293e-01	4.584799e-01	5.007738e-01	4.959868e-01	0.000000e+00	1	7.509083e-02
6.083249e-01	6.912280e-01	4.265098e-01	2.761506e-01	5.405573e-01	5.033911e-01	4.413838e-01	4.990032e-01	4.817046e-01	5.311281e-01	5.178430e-01	5.398839e-01	4.283368e-01	4.783280e-01	5.500745e-01	0.000000e+00	1	7.398654e-02
6.951457e-01	5.409368e-01	4.800719e-01	3.176855e-01	4.209860e-01	5.010812e-01	5.032738e-01	4.981930e-01	5.052080e-01	4.950943e-01	4.978310e-01	5.403880e-01	4.939051e-01	4.987745e-01	5.375336e-01	0.000000e+00	1	7.271142e-02
1.005835e+00	9.590366e-03	1.850721e-01	1.158362e-01	6.069812e-03	5.728318e-01	5.714567e-01	4.586028e-01	5.102238e-01	4.681391e-01	5.227949e-01	5.877373e-01	5.157592e-01	5.075136e-01	5.316041e-01	0.000000e+00	1	7.138493e-02
1.458723e-01	2.039776e-01	9.978014e-01	8.432496e-01	6.047773e-01	5.057689e-01	5.216577e-01	5.051231e-01	4.320599e-01	4.921152e-01	4.880378e-01	4.810311e-01	4.937708e-01	6.518855e-01	4.963369e-01	0.000000e+00	1	7.074329e-02
5.823200e-01	1.615536e-01	8.229927e-01	5.967841e-01	1.722852e-01	5.321866e-01	5.042217e-01	5.014812e-01	5.179377e-01	5.186223e-01	4.867197e-01	3.664675e-01	4.928960e-01	4.998700e-01	5.353982e-01	0.000000e+00	1	6.930724e-02
3.516497e-01	4.837190e-01	8.385080e-01	6.055911e-01	5.998215e-01	5.194536e-01	4.400978e-01	4.991867e-01	4.971068e-01	6.326608e-01	4.695337e-01	5.181595e-01	4.937630e-01	4.631199e-01	5.754280e-01	0.000000e+00	1	6.910142e-02
7.949611e-01	2.876423e-01	5.514498e-01	3.679577e-01	2.210193e-01	5.181975e-01	5.263276e-01	5.091349e-01	5.475203e-01	5.470362e-01	5.211886e-01	5.172637e-01	4.995844e-01	5.036544e-01	5.549224e-01	0.000000e+00	1	6.848757e-02
7.872734e-01	3.681998e-01	5.333763e-01	3.504144e-01	2.785002e-01	4.754844e-01	5.101883e-01	4.957090e-01	4.943669e-01	4.216949e-01	4.880650e-01	3.923601e-01	4.954318e-01	4.701213e-01	4.856264e-01	0.000000e+00	1	6.607738e-02
