1.061069e+00	7.124827e-04	2.903710e-02	1.741731e-02	4.274750e-04	5.003918e-01	3.588377e-01	4.961850e-01	5.017664e-01	4.959765e-01	2.994579e-01	5.052413e-01	5.054184e-01	4.972883e-01	5.349924e-01	0.000000e+00	1	1.000000e+14
1.006964e-02	1.005972e+00	1.721108e-01	1.078689e-01	9.936277e-01	5.011060e-01	5.069167e-01	5.369141e-01	5.019277e-01	5.430018e-01	6.309327e-01	5.021960e-01	4.963590e-01	5.086927e-01	4.882864e-01	0.000000e+00	1	1.000000e+14
1.621901e-15	4.958682e-28	1.003935e+00	1.000000e+00	1.946355e-13	5.003936e-01	4.849211e-01	4.961850e-01	4.975669e-01	4.959765e-01	5.486682e-01	5.052413e-01	5.054184e-01	4.972883e-01	5.351805e-01	0.000000e+00	1	1.000000e+14
2.610540e-30	1.615889e-15	1.000213e+00	1.000000e+00	1.000000e+00	5.012296e-01	5.030381e-01	4.993375e-01	5.035284e-01	4.959912e-01	4.870253e-01	5.016313e-01	4.988431e-01	4.994686e-01	4.992029e-01	0.000000e+00	1	1.000000e+14
1.269612e-15	1.032271e-15	1.012851e+00	1.000000e+00	4.345912e-01	5.011047e-01	5.042680e-01	4.993375e-01	4.651050e-01	4.920903e-01	4.870253e-01	6.055722e-01	5.034617e-01	4.994686e-01	4.850015e-01	0.000000e+00	1	1.000000e+14
5.628105e-02	9.984342e-01	4.359919e-17	2.775558e-17	9.641521e-01	5.012173e-01	5.008937e-01	4.983926e-01	4.997202e-01	4.976594e-01	4.980392e-01	5.016421e-01	4.987984e-01	4.996489e-01	4.992026e-01	0.000000e+00	1	1.000000e+14
7.370068e-01	1.625598e-01	6.607570e-01	4.578008e-01	1.382048e-01	4.721144e-01	5.127894e-01	5.005783e-01	4.665413e-01	4.756153e-01	4.791095e-01	5.017247e-01	4.987984e-01	4.994120e-01	4.992026e-01	0.000000e+00	1	1.465851e-01
6.878590e-01	5.568270e-01	5.637528e-01	3.610867e-01	4.332270e-01	4.757139e-01	5.081191e-01	5.005586e-01	5.004420e-01	4.779459e-01	6.279096e-01	5.022665e-01	4.984049e-01	3.219045e-01	4.917817e-01	0.000000e+00	1	1.337218e-01
1.693718e-01	6.119089e-01	8.107760e-01	5.770621e-01	8.280923e-01	5.242760e-01	5.374697e-01	5.097295e-01	5.607483e-01	4.363913e-01	5.571065e-01	6.145404e-01	5.512795e-01	5.027538e-01	5.308618e-01	0.000000e+00	1	1.322754e-01
5.348905e-01	8.418956e-01	1.241645e-01	7.884249e-02	6.396728e-01	5.193472e-01	5.066135e-01	4.967227e-01	5.022564e-01	4.427548e-01	5.012021e-01	5.057275e-01	4.963590e-01	5.069389e-01	5.365602e-01	0.000000e+00	1	1.296321e-01
1.033034e-01	7.734371e-01	6.428218e-01	4.386885e-01	9.154707e-01	5.433512e-01	4.665674e-01	4.984454e-01	4.288533e-01	4.886809e-01	5.344750e-01	5.164286e-01	5.005497e-01	4.973214e-01	5.365029e-01	0.000000e+00	1	1.228481e-01
6.492263e-01	3.696157e-01	6.794085e-01	4.698270e-01	3.294845e-01	4.994250e-01	5.322955e-01	4.973291e-01	5.191214e-01	5.896424e-01	5.004392e-01	5.185535e-01	4.977133e-01	4.981691e-01	4.994867e-01	0.000000e+00	1	1.178751e-01
4.627251e-01	8.248376e-01	3.578413e-01	2.302747e-01	6.745338e-01	5.093115e-01	5.007558e-01	5.076339e-01	4.471143e-01	4.289589e-01	5.131149e-01	5.359897e-01	4.977080e-01	4.946056e-01	5.413210e-01	0.000000e+00	1	1.160389e-01
8.149964e-01	3.345235e-01	5.072919e-01	3.326056e-01	2.479577e-01	5.196040e-01	4.658339e-01	4.276235e-01	4.410723e-01	4.332916e-01	5.341230e-01	5.164381e-01	5.005505e-01	4.978013e-01	4.789010e-01	0.000000e+00	1	1.112203e-01
8.304331e-01	3.748365e-01	4.826074e-01	3.101089e-01	2.699246e-01	4.766125e-01	4.917444e-01	5.414307e-01	5.597113e-01	4.654939e-01	5.303768e-01	5.934165e-01	5.517874e-01	6.077612e-01	4.983884e-01	0.000000e+00	1	1.095926e-01
3.114696e-01	1.370400e-01	9.447091e-01	7.798998e-01	2.638720e-01	5.140590e-01	5.052424e-01	4.873905e-01	5.120429e-01	4.779681e-01	4.711747e-01	5.231946e-01	5.417324e-01	5.003311e-01	4.992430e-01	0.000000e+00	1	1.056554e-01
6.692731e-01	5.998547e-01	4.590193e-01	3.006088e-01	4.652130e-01	5.226019e-01	5.283457e-01	4.641471e-01	5.134908e-01	4.916657e-01	4.557059e-01	5.334940e-01	5.459033e-01	5.337758e-01	4.994716e-01	0.000000e+00	1	1.043619e-01
4.394340e-01	5.423835e-01	7.287733e-01	5.137033e-01	5.665104e-01	4.721764e-01	5.035023e-01	5.834230e-01	5.031298e-01	4.810898e-01	4.901886e-01	4.964722e-01	4.960068e-01	4.697372e-01	4.991497e-01	0.000000e+00	1	1.033638e-01
4.259725e-01	6.896085e-01	5.898406e-01	4.004789e-01	6.477366e-01	4.721764e-01	5.035023e-01	5.005586e-01	5.029978e-01	4.810898e-01	4.806456e-01	4.965204e-01	4.984049e-01	4.697372e-01	4.991497e-01	0.000000e+00	1	1.008740e-01
8.025213e-01	4.653270e-01	4.331644e-01	2.781076e-01	3.345167e-01	5.244924e-01	5.376243e-01	4.985389e-01	4.997202e-01	4.863619e-01	5.643577e-01	6.209966e-01	5.500523e-01	5.013078e-01	4.819943e-01	0.000000e+00	1	1.005933e-01
9.826052e-01	3.312445e-02	2.096871e-01	1.337727e-01	2.145286e-02	5.012173e-01	5.037945e-01	4.983926e-01	4.499498e-01	4.976594e-01	4.866286e-01	5.051468e-01	4.981466e-01	4.996489e-01	4.496241e-01	0.000000e+00	1	9.854268e-02
3.809062e-01	5.651489e-01	7.593906e-01	5.343667e-01	6.224480e-01	4.294470e-01	5.027384e-01	4.963860e-01	5.011165e-01	5.628274e-01	4.980642e-01	6.005834e-01	4.973489e-01	5.017827e-01	5.359609e-01	0.000000e+00	1	9.456302e-02
7.696304e-01	4.129003e-01	5.355584e-01	3.501810e-01	3.134799e-01	4.721764e-01	4.913521e-01	5.422224e-01	5.597113e-01	4.813929e-01	5.303768e-01	5.704370e-01	5.512268e-01	5.973006e-01	4.992648e-01	0.000000e+00	1	9.231683e-02
5.009847e-01	2.981038e-01	8.301700e-01	6.102492e-01	3.417128e-01	5.213353e-01	5.496755e-01	4.859601e-01	4.669497e-01	5.270070e-01	5.176052e-01	4.044331e-01	4.993977e-01	4.951985e-01	5.022270e-01	0.000000e+00	1	9.119731e-02
1.434753e-01	8.572167e-01	5.959036e-01	3.826162e-01	8.944253e-01	4.758005e-01	5.029776e-01	5.666122e-01	5.004420e-01	4.750277e-01	6.279096e-01	5.016345e-01	4.988589e-01	3.219045e-01	4.917817e-01	0.000000e+00	1	9.107886e-02
6.389197e-01	7.872348e-01	1.143896e-01	7.152313e-02	5.659691e-01	5.190699e-01	5.854052e-01	5.832633e-01	5.022564e-01	4.413166e-01	4.702245e-01	5.057275e-01	4.963590e-01	4.975375e-01	5.365602e-01	0.000000e+00	1	9.026760e-02
4.738822e-01	8.447259e-01	3.204884e-01	2.034309e-01	6.745338e-01	5.003560e-01	5.072776e-01	5.362786e-01	4.471143e-01	4.289589e-01	4.777988e-01	4.977520e-01	4.977195e-01	4.062361e-01	5.413210e-01	0.000000e+00	1	8.909354e-02
3.995838e-01	9.430737e-01	1.747215e-01	1.075640e-01	7.448605e-01	6.253625e-01	5.007558e-01	6.080380e-01	4.471143e-01	4.981296e-01	4.771444e-01	4.989230e-01	4.977195e-01	4.133259e-01	4.717215e-01	0.000000e+00	1	8.854555e-02
8.995529e-01	2.411500e-01	3.909532e-01	2.530220e-01	1.667429e-01	4.744111e-01	4.280418e-01	4.977711e-01	4.789006e-01	4.861744e-01	5.321977e-01	5.188623e-01	5.207342e-01	5.001139e-01	4.581710e-01	0.000000e+00	1	8.725614e-02
5.787412e-01	5.187129e-01	6.389493e-01	4.380558e-01	4.652130e-01	5.226019e-01	4.736500e-01	4.641471e-01	5.134908e-01	4.916657e-01	4.557059e-01	5.163258e-01	4.998320e-01	5.337758e-01	4.994716e-01	0.000000e+00	1	8.627382e-02
2.085109e-01	4.590033e-01	8.728762e-01	6.665637e-01	7.285465e-01	5.089059e-01	5.428376e-01	5.171575e-01	5.285177e-01	5.028637e-01	5.314329e-01	4.938486e-01	5.626610e-01	4.964280e-01	5.030864e-01	0.000000e+00	1	8.542927e-02
2.912041e-01	7.268867e-01	6.403336e-01	4.363824e-01	7.574229e-01	5.594862e-01	5.086965e-01	4.984454e-01	4.288533e-01	4.886809e-01	5.331905e-01	5.167706e-01	4.998918e-01	4.973221e-01	5.365029e-01	0.000000e+00	1	8.391508e-02
9.340071e-01	2.766440e-01	2.706706e-01	1.725405e-01	1.833199e-01	4.749030e-01	4.071653e-01	4.979349e-01	4.808712e-01	4.920016e-01	5.312280e-01	5.179781e-01	5.051531e-01	5.028763e-01	5.023664e-01	0.000000e+00	1	8.350127e-02
3.827783e-01	1.137662e-01	9.199505e-01	7.392842e-01	1.839175e-01	5.004405e-01	4.618558e-01	4.982483e-01	5.017664e-01	4.959986e-01	4.969143e-01	5.050328e-01	5.054184e-01	4.973119e-01	5.365029e-01	0.000000e+00	1	8.343433e-02
8.783734e-01	4.760028e-01	9.113986e-02	5.791580e-02	3.161542e-01	5.132455e-01	5.047065e-01	4.864744e-01	5.301984e-01	5.243108e-01	4.709271e-01	5.216874e-01	4.974327e-01	5.010230e-01	4.992411e-01	0.000000e+00	1	8.247724e-02
2.216166e-01	5.230462e-01	8.576895e-01	6.275884e-01	7.448605e-01	5.093115e-01	5.007558e-01	6.235426e-01	4.471143e-01	4.992925e-01	4.771444e-01	5.001650e-01	4.977195e-01	4.133259e-01	4.493981e-01	0.000000e+00	1	8.199760e-02
2.472252e-01	4.474955e-01	9.043078e-01	6.724285e-01	6.786769e-01	5.242760e-01	5.374697e-01	5.097295e-01	5.574241e-01	4.608392e-01	5.491998e-01	6.585055e-01	5.512795e-01	5.027538e-01	5.414524e-01	0.000000e+00	1	8.174482e-02
2.957395e-01	8.911339e-01	3.799632e-01	2.448014e-01	7.960068e-01	5.027812e-01	5.742465e-01	5.064982e-01	5.285124e-01	4.974868e-01	4.549296e-01	5.207422e-01	5.019971e-01	5.499349e-01	5.394058e-01	0.000000e+00	1	8.093222e-02
4.557269e-01	1.951848e-01	8.883110e-01	6.759347e-01	2.576125e-01	5.196995e-01	5.266953e-01	4.869182e-01	5.285177e-01	5.026881e-01	4.811601e-01	4.938486e-01	5.199199e-01	4.936078e-01	6.198665e-01	0.000000e+00	1	7.566411e-02
2.314146e-01	9.746558e-01	1.364204e-02	8.669068e-03	8.515940e-01	5.012173e-01	4.575106e-01	4.983926e-01	4.997202e-01	4.976594e-01	4.971714e-01	5.044180e-01	4.987984e-01	4.996489e-01	4.992026e-01	0.000000e+00	1	7.469937e-02
2.793371e-01	6.462559e-01	7.346674e-01	5.135492e-01	7.402679e-01	4.866639e-01	5.035023e-01	5.805717e-01	5.031298e-01	4.810898e-01	4.901886e-01	4.930729e-01	6.010204e-01	5.123538e-01	4.991497e-01	0.000000e+00	1	7.264393e-02
2.638661e-01	9.296924e-01	3.656535e-01	2.302747e-01	8.239439e-01	5.093115e-01	5.007558e-01	5.076339e-01	4.504385e-01	3.559236e-01	4.850511e-01	5.350574e-01	4.977195e-01	4.133259e-01	5.307303e-01	0.000000e+00	1	7.239051e-02
7.804248e-01	4.229231e-01	4.680180e-01	3.088956e-01	3.161542e-01	5.216038e-01	5.047065e-01	4.863504e-01	5.301984e-01	5.243108e-01	4.709271e-01	5.210017e-01	4.965845e-01	5.010230e-01	4.992411e-01	0.000000e+00	1	7.177870e-02
7.774002e-01	6.305893e-01	1.514403e-01	9.558905e-02	4.338587e-01	5.008668e-01	5.223720e-01	4.983926e-01	4.473918e-01	4.685934e-01	5.674886e-01	5.050730e-01	4.987984e-01	5.235204e-01	5.547209e-01	0.000000e+00	1	7.104182e-02
4.520640e-01	6.693871e-01	6.189213e-01	4.162309e-01	6.218584e-01	5.006383e-01	3.750758e-01	4.983925e-01	5.147766e-01	4.868784e-01	4.980953e-01	5.050126e-01	4.938190e-01	5.016354e-01	5.390926e-01	0.000000e+00	1	6.889388e-02
3.439128e-01	7.011501e-01	6.433552e-01	4.386885e-01	7.096904e-01	5.433512e-01	4.665674e-01	4.990587e-01	4.274164e-01	5.095445e-01	5.391131e-01	4.909809e-01	4.772292e-01	4.973214e-01	5.365029e-01	0.000000e+00	1	6.844608e-02
3.583531e-01	9.702517e-02	9.456479e-01	7.618369e-01	1.683309e-01	5.006383e-01	3.750758e-01	4.983925e-01	5.147766e-01	4.954118e-01	4.980953e-01	5.050126e-01	4.941791e-01	5.016354e-01	5.000238e-01	0.000000e+00	1	6.809103e-02
6.272477e-01	2.245589e-01	7.638086e-01	5.433711e-01	2.188635e-01	5.153281e-01	4.917484e-01	4.738760e-01	4.978952e-01	4.485939e-01	5.285086e-01	5.605364e-01	5.464283e-01	4.456020e-01	4.821506e-01	0.000000e+00	1	6.798723e-02
7.442971e-01	6.670970e-01	9.810588e-02	6.228798e-02	4.652130e-01	5.212104e-01	5.228567e-01	4.926141e-01	5.112038e-01	4.916657e-01	4.640536e-01	5.334940e-01	4.989047e-01	5.257704e-01	4.994625e-01	0.000000e+00	1	6.788681e-02
5.861018e-01	2.510235e-01	7.844966e-01	5.655299e-01	2.576125e-01	5.189925e-01	5.086842e-01	5.040784e-01	5.017983e-01	4.755238e-01	5.477926e-01	4.253436e-01	4.940062e-01	4.829893e-01	5.410341e-01	0.000000e+00	1	6.692671e-02
4.896419e-01	3.895609e-01	7.852162e-01	5.716685e-01	4.278432e-01	5.090122e-01	5.078281e-01	4.636902e-01	4.792045e-01	4.988673e-01	5.407856e-01	5.192363e-01	5.066014e-01	5.069182e-01	4.971711e-01	0.000000e+00	1	6.677770e-02
9.484248e-01	3.525890e-01	1.822494e-02	1.146531e-02	2.265918e-01	5.224118e-01	5.282724e-01	4.974088e-01	5.893974e-01	5.219435e-01	4.966376e-01	5.016306e-01	5.470201e-01	5.010230e-01	4.992029e-01	0.000000e+00	1	6.666733e-02
3.926791e-01	8.949746e-01	2.411950e-01	1.540331e-01	7.367784e-01	5.044719e-01	5.263159e-01	4.661525e-01	5.053763e-01	4.973557e-01	5.262792e-01	5.374573e-01	4.971015e-01	4.992385e-01	4.484555e-01	0.000000e+00	1	6.524648e-02
1.302304e-01	9.581799e-01	2.694487e-01	1.730037e-01	9.140012e-01	5.017215e-01	4.921703e-01	5.008381e-01	4.603954e-01	5.128553e-01	5.312280e-01	4.681587e-01	5.051531e-01	5.028810e-01	5.023664e-01	0.000000e+00	1	6.521246e-02
3.294604e-01	7.964592e-02	9.801344e-01	7.880395e-01	1.510035e-01	4.722425e-01	3.711669e-01	4.857672e-01	4.601888e-01	4.812796e-01	4.856057e-01	5.581178e-01	5.459724e-01	6.077612e-01	4.835499e-01	0.000000e+00	1	6.514003e-02
8.242693e-01	2.890218e-01	5.356061e-01	3.501810e-01	2.146967e-01	4.721764e-01	4.917444e-01	4.857672e-01	5.597113e-01	4.813929e-01	5.303768e-01	5.704370e-01	5.464283e-01	6.077612e-01	4.985634e-01	0.000000e+00	1	6.371723e-02
