1.031233e+00	5.439804e-04	2.822061e-02	1.741731e-02	3.358199e-04	5.003918e-01	3.588377e-01	4.961850e-01	5.017664e-01	4.986627e-01	5.704739e-01	4.256993e-01	4.952349e-01	4.979384e-01	5.340429e-01	0.000000e+00	1	1.000000e+14
1.618472e-15	4.948199e-28	1.001812e+00	1.000000e+00	1.946355e-13	5.003938e-01	5.075573e-01	4.954197e-01	4.975669e-01	4.959765e-01	4.782256e-01	5.045905e-01	5.048110e-01	4.972883e-01	5.344403e-01	0.000000e+00	1	1.000000e+14
2.610540e-30	1.615889e-15	1.000213e+00	1.000000e+00	1.000000e+00	5.012296e-01	5.030381e-01	4.993375e-01	5.035284e-01	4.959912e-01	4.870253e-01	5.016313e-01	4.988431e-01	4.994686e-01	4.992029e-01	0.000000e+00	1	1.000000e+14
1.006964e-02	1.005972e+00	1.721108e-01	1.078689e-01	9.936277e-01	5.011060e-01	5.069167e-01	5.369141e-01	5.019277e-01	5.430018e-01	6.309327e-01	5.021960e-01	4.963590e-01	5.086927e-01	4.882864e-01	0.000000e+00	1	1.000000e+14
5.628105e-02	9.984342e-01	4.359919e-17	2.775558e-17	9.641521e-01	5.012173e-01	5.008937e-01	4.983926e-01	4.997202e-01	4.976594e-01	4.980392e-01	5.016421e-01	4.987984e-01	4.996489e-01	4.992026e-01	0.000000e+00	1	1.000000e+14
1.268109e-15	1.031049e-15	1.011652e+00	1.000000e+00	4.345912e-01	5.015543e-01	5.040685e-01	4.993375e-01	4.983755e-01	4.920903e-01	4.848367e-01	6.055722e-01	5.034617e-01	4.994686e-01	4.865889e-01	0.000000e+00	1	1.000000e+14
6.272477e-01	2.245589e-01	7.638086e-01	5.433711e-01	2.188635e-01	5.153281e-01	4.917484e-01	4.738760e-01	4.978952e-01	4.485939e-01	5.285086e-01	5.605364e-01	5.464283e-01	4.456020e-01	4.821506e-01	0.000000e+00	1	1.329755e-01
9.945064e-01	1.454610e-01	1.370876e-01	8.629837e-02	9.245927e-02	4.995391e-01	5.360916e-01	4.961442e-01	4.987776e-01	4.642845e-01	5.515502e-01	5.671545e-01	4.702229e-01	4.972883e-01	5.611382e-01	0.000000e+00	1	1.315171e-01
7.159221e-01	5.307669e-01	5.677163e-01	3.610867e-01	4.061369e-01	4.765769e-01	5.127476e-01	5.843810e-01	5.004420e-01	4.779459e-01	6.279096e-01	5.219133e-01	4.902377e-01	3.229348e-01	4.917817e-01	0.000000e+00	1	1.314757e-01
1.033034e-01	7.734371e-01	6.428218e-01	4.386885e-01	9.154707e-01	5.433512e-01	4.665674e-01	4.984454e-01	4.288533e-01	4.886809e-01	5.344750e-01	5.164286e-01	5.005497e-01	4.973214e-01	5.365029e-01	0.000000e+00	1	1.212506e-01
2.912041e-01	7.268867e-01	6.403336e-01	4.363824e-01	7.574229e-01	5.594862e-01	5.086965e-01	4.984454e-01	4.288533e-01	4.886809e-01	5.331905e-01	5.167706e-01	4.998918e-01	4.973221e-01	5.365029e-01	0.000000e+00	1	1.134282e-01
5.009847e-01	2.981038e-01	8.301700e-01	6.102492e-01	3.417128e-01	5.213353e-01	5.496755e-01	4.859601e-01	4.669497e-01	5.270070e-01	5.176052e-01	4.044331e-01	4.993977e-01	4.951985e-01	5.022270e-01	0.000000e+00	1	1.116074e-01
1.008402e+00	1.395160e-01	5.345975e-02	3.340082e-02	8.752292e-02	5.012179e-01	5.007634e-01	4.993192e-01	4.473394e-01	4.920903e-01	4.279073e-01	6.055722e-01	4.991347e-01	5.019742e-01	4.850015e-01	0.000000e+00	1	1.088975e-01
3.175372e-01	6.875212e-02	9.624897e-01	7.927504e-01	1.357435e-01	4.776562e-01	5.266953e-01	4.869182e-01	5.285201e-01	5.026881e-01	4.859495e-01	4.834346e-01	5.268753e-01	6.053153e-01	5.368376e-01	0.000000e+00	1	1.078276e-01
2.733123e-01	9.599041e-01	1.681701e-01	1.062707e-01	8.234091e-01	5.013423e-01	4.277278e-01	4.874489e-01	4.789006e-01	4.279177e-01	5.251217e-01	4.985026e-01	5.207342e-01	5.001139e-01	4.938411e-01	0.000000e+00	1	1.066233e-01
1.945112e-01	7.027329e-01	7.227429e-01	4.971881e-01	8.280923e-01	5.242760e-01	5.374697e-01	4.968010e-01	5.335279e-01	4.172306e-01	5.568602e-01	5.995696e-01	5.512431e-01	5.027538e-01	5.299721e-01	0.000000e+00	1	1.030526e-01
6.564559e-01	5.314060e-01	5.380155e-01	3.610867e-01	4.332270e-01	4.755350e-01	4.960521e-01	4.984961e-01	4.917737e-01	4.977520e-01	5.139499e-01	5.051588e-01	4.984049e-01	4.796951e-01	4.917817e-01	0.000000e+00	1	1.009310e-01
2.101740e-01	5.543831e-01	8.252875e-01	6.034062e-01	7.693068e-01	4.864039e-01	5.259282e-01	5.239492e-01	5.285201e-01	5.026881e-01	4.860914e-01	4.841859e-01	5.486156e-01	6.053153e-01	4.948844e-01	0.000000e+00	1	9.393721e-02
2.463498e-01	4.459110e-01	8.932766e-01	6.700431e-01	6.786769e-01	5.242760e-01	5.053751e-01	4.931952e-01	5.081405e-01	4.629656e-01	4.799236e-01	6.485268e-01	5.512795e-01	5.027538e-01	5.336125e-01	0.000000e+00	1	9.168759e-02
8.905036e-01	1.232042e-01	4.832695e-01	3.140135e-01	8.752292e-02	5.012179e-01	5.007634e-01	4.993143e-01	4.473394e-01	4.920903e-01	4.279073e-01	6.027134e-01	5.273035e-01	5.330668e-01	4.850015e-01	0.000000e+00	1	9.165542e-02
9.275762e-01	2.747393e-01	2.688070e-01	1.725405e-01	1.833199e-01	5.029169e-01	4.598991e-01	4.979393e-01	4.808712e-01	4.920016e-01	5.392270e-01	5.208354e-01	5.051531e-01	5.020595e-01	5.023664e-01	0.000000e+00	1	9.135444e-02
9.826052e-01	3.312445e-02	2.096871e-01	1.337727e-01	2.145286e-02	5.012173e-01	5.037945e-01	4.983926e-01	4.499498e-01	4.976594e-01	4.866286e-01	5.051468e-01	4.981466e-01	4.996489e-01	4.496241e-01	0.000000e+00	1	8.997573e-02
4.442523e-01	6.578199e-01	6.138419e-01	4.190589e-01	6.218584e-01	5.039207e-01	4.616721e-01	4.983925e-01	5.159281e-01	5.098868e-01	4.980953e-01	5.062695e-01	4.917063e-01	5.016354e-01	5.385454e-01	0.000000e+00	1	8.977397e-02
6.692731e-01	5.998547e-01	4.590193e-01	3.006088e-01	4.652130e-01	5.226019e-01	5.283457e-01	4.641471e-01	5.134908e-01	4.916657e-01	4.557059e-01	5.334940e-01	5.459033e-01	5.337758e-01	4.994716e-01	0.000000e+00	1	8.663099e-02
2.187886e-01	5.163717e-01	8.467447e-01	6.275884e-01	7.448605e-01	5.004092e-01	5.078374e-01	4.892501e-01	4.471143e-01	4.969125e-01	4.768577e-01	5.000522e-01	4.543055e-01	4.133259e-01	4.499917e-01	0.000000e+00	1	8.394961e-02
5.861018e-01	2.510235e-01	7.844966e-01	5.655299e-01	2.576125e-01	5.189925e-01	5.086842e-01	5.040784e-01	5.017983e-01	4.755238e-01	5.477926e-01	4.253436e-01	4.940062e-01	4.829893e-01	5.410341e-01	0.000000e+00	1	8.374869e-02
4.516397e-01	8.040056e-02	9.104742e-01	7.028762e-01	1.121557e-01	4.779162e-01	5.042695e-01	5.805717e-01	5.031298e-01	4.810898e-01	4.900467e-01	4.923216e-01	6.010204e-01	4.902584e-01	5.411029e-01	0.000000e+00	1	8.238624e-02
2.077965e-03	3.663442e-01	9.331524e-01	7.618369e-01	9.963890e-01	5.012205e-01	4.976922e-01	4.984137e-01	5.488848e-01	4.954118e-01	4.980171e-01	5.050126e-01	4.938439e-01	5.016354e-01	5.000111e-01	0.000000e+00	1	8.128563e-02
8.974514e-01	2.405866e-01	3.938521e-01	2.552394e-01	1.667429e-01	4.979717e-01	4.277278e-01	4.874489e-01	4.789006e-01	4.861744e-01	5.251217e-01	5.183369e-01	5.207342e-01	5.001139e-01	4.581710e-01	0.000000e+00	1	8.093012e-02
5.273714e-01	7.810866e-01	3.565880e-01	2.302747e-01	6.219300e-01	5.027146e-01	4.553867e-01	5.076339e-01	5.003065e-01	4.926663e-01	4.996025e-01	5.217145e-01	4.968407e-01	5.578897e-01	5.413982e-01	0.000000e+00	1	8.004244e-02
6.638460e-01	4.921590e-01	6.604970e-01	4.292663e-01	4.061369e-01	5.025293e-01	5.127476e-01	5.843810e-01	4.977396e-01	4.779459e-01	6.279096e-01	5.219133e-01	4.567993e-01	3.229348e-01	4.917817e-01	0.000000e+00	1	7.882255e-02
4.641598e-01	8.273950e-01	3.451960e-01	2.221620e-01	6.745338e-01	5.093115e-01	5.007558e-01	5.072336e-01	4.471143e-01	4.295335e-01	5.131149e-01	5.359897e-01	4.977112e-01	4.946056e-01	4.879847e-01	0.000000e+00	1	7.797757e-02
4.224309e-01	8.888444e-01	2.895692e-01	1.821787e-01	7.175577e-01	5.017215e-01	4.921703e-01	6.219692e-01	4.917145e-01	4.272575e-01	5.307762e-01	4.681587e-01	5.055747e-01	4.965172e-01	5.594342e-01	0.000000e+00	1	7.750528e-02
3.921229e-01	9.174355e-01	2.425457e-01	1.518171e-01	7.428618e-01	4.507708e-01	3.582596e-01	4.976624e-01	5.053763e-01	4.973557e-01	5.321083e-01	5.112024e-01	5.202655e-01	4.992385e-01	4.484555e-01	0.000000e+00	1	7.738133e-02
7.790477e-01	4.026176e-01	4.983171e-01	3.289702e-01	3.036695e-01	4.974633e-01	5.000108e-01	4.997445e-01	5.578580e-01	5.000938e-01	4.975572e-01	5.227235e-01	5.687888e-01	4.953069e-01	4.992839e-01	0.000000e+00	1	7.546387e-02
9.150438e-01	4.918671e-01	9.537326e-02	5.828172e-02	3.139949e-01	4.997798e-01	5.354634e-01	5.369141e-01	4.988733e-01	5.430018e-01	6.309327e-01	5.220303e-01	4.963590e-01	5.851433e-01	6.177734e-01	0.000000e+00	1	7.523630e-02
9.545011e-01	1.075523e-01	3.153600e-01	2.019531e-01	7.143241e-02	5.017215e-01	4.921703e-01	4.964276e-01	4.401083e-01	4.930035e-01	5.307762e-01	4.307602e-01	5.055747e-01	4.965172e-01	5.385745e-01	0.000000e+00	1	7.496982e-02
9.153011e-01	5.898834e-02	4.429024e-01	2.863913e-01	4.097153e-02	4.974945e-01	5.075449e-01	4.961442e-01	5.018320e-01	4.642845e-01	5.515502e-01	5.671545e-01	4.243582e-01	4.958622e-01	5.653787e-01	0.000000e+00	1	7.463218e-02
6.133490e-01	4.369558e-01	7.004083e-01	4.769408e-01	3.940715e-01	5.226019e-01	6.445493e-01	4.988867e-01	4.691374e-01	5.149566e-01	4.557059e-01	5.223180e-01	5.472503e-01	4.973748e-01	4.659021e-01	0.000000e+00	1	7.393123e-02
2.793371e-01	6.462559e-01	7.346674e-01	5.135492e-01	7.402679e-01	4.866639e-01	5.035023e-01	5.805717e-01	5.031298e-01	4.810898e-01	4.901886e-01	4.930729e-01	6.010204e-01	5.123538e-01	4.991497e-01	0.000000e+00	1	7.275879e-02
8.012257e-01	3.288712e-01	5.252622e-01	3.470629e-01	2.479577e-01	5.017244e-01	4.618088e-01	4.993620e-01	4.398263e-01	4.351572e-01	5.379371e-01	5.048964e-01	5.003242e-01	4.978013e-01	4.534103e-01	0.000000e+00	1	7.201474e-02
4.768469e-01	8.807654e-01	3.044568e-01	1.878699e-01	6.840985e-01	4.826105e-01	5.140878e-01	6.239341e-01	4.899437e-01	4.319696e-01	4.866286e-01	6.513801e-01	4.983005e-01	5.002646e-01	5.559369e-01	0.000000e+00	1	7.016397e-02
3.538552e-01	5.920500e-01	7.685352e-01	5.343667e-01	6.570464e-01	4.188726e-01	4.684200e-01	4.963860e-01	4.110342e-01	5.628274e-01	4.980642e-01	5.995351e-01	4.973489e-01	4.977378e-01	5.572790e-01	0.000000e+00	1	6.989436e-02
8.684766e-01	4.796871e-01	1.925605e-01	1.220411e-01	3.212584e-01	5.194848e-01	5.086842e-01	5.040784e-01	5.017942e-01	4.755238e-01	5.477926e-01	4.253436e-01	4.940062e-01	4.847286e-01	5.381810e-01	0.000000e+00	1	6.809443e-02
8.687700e-01	4.654890e-01	2.435503e-01	1.542221e-01	3.131390e-01	5.348434e-01	4.650026e-01	4.993620e-01	4.993809e-01	4.351572e-01	5.379371e-01	4.225846e-01	4.942010e-01	4.978013e-01	5.338740e-01	0.000000e+00	1	6.787965e-02
4.846197e-01	8.638661e-01	1.727218e-01	1.099059e-01	6.745338e-01	5.093115e-01	5.007558e-01	5.072490e-01	4.972278e-01	4.726487e-01	5.391097e-01	5.359897e-01	4.977617e-01	4.946056e-01	5.413210e-01	0.000000e+00	1	6.663011e-02
3.612397e-02	9.395815e-02	9.971160e-01	9.359475e-01	7.663312e-01	5.014558e-01	5.042386e-01	4.954197e-01	4.956774e-01	4.912848e-01	4.782256e-01	5.045905e-01	5.191575e-01	4.994427e-01	5.344403e-01	0.000000e+00	1	6.616294e-02
6.228288e-01	2.642690e-01	7.524495e-01	5.337698e-01	2.554636e-01	5.018330e-01	4.917484e-01	4.740692e-01	4.978952e-01	4.419085e-01	5.285086e-01	5.605364e-01	4.957266e-01	4.456020e-01	4.821506e-01	0.000000e+00	1	6.585825e-02
5.536195e-01	5.114985e-01	7.010242e-01	4.769408e-01	4.748374e-01	5.226019e-01	6.445493e-01	4.637118e-01	4.691374e-01	5.149566e-01	4.557059e-01	5.334940e-01	5.459033e-01	4.973748e-01	4.840880e-01	0.000000e+00	1	6.545774e-02
7.814963e-01	6.217614e-01	1.023084e-01	6.499213e-02	4.278432e-01	5.029121e-01	5.087532e-01	4.655076e-01	4.792045e-01	4.988673e-01	5.407856e-01	5.205045e-01	5.066014e-01	5.066170e-01	4.971711e-01	0.000000e+00	1	6.442219e-02
3.462969e-01	5.181934e-01	8.058434e-01	5.808996e-01	6.249565e-01	5.039207e-01	4.616721e-01	5.090305e-01	4.630986e-01	5.154403e-01	4.980953e-01	6.096514e-01	5.461682e-01	5.016097e-01	5.375758e-01	0.000000e+00	1	6.434288e-02
8.357556e-01	4.492470e-01	4.050819e-01	2.568735e-01	3.139949e-01	4.977353e-01	5.069167e-01	5.369141e-01	5.019277e-01	5.430018e-01	6.309327e-01	5.220303e-01	4.963590e-01	5.837171e-01	4.385228e-01	0.000000e+00	1	6.401906e-02
5.519294e-01	8.174594e-01	1.933140e-01	1.232102e-01	6.219300e-01	5.027146e-01	4.553867e-01	5.076339e-01	5.003065e-01	4.926663e-01	4.996025e-01	5.217145e-01	4.968407e-01	5.282795e-01	5.413982e-01	0.000000e+00	1	6.385786e-02
4.265584e-01	6.316200e-01	6.526727e-01	4.508308e-01	6.218584e-01	5.011712e-01	4.616721e-01	4.983925e-01	5.159281e-01	4.978147e-01	5.102398e-01	5.062695e-01	4.917063e-01	5.016354e-01	5.385454e-01	0.000000e+00	1	6.298120e-02
1.581014e-01	6.112225e-01	8.062073e-01	5.770621e-01	8.388611e-01	5.287281e-01	5.384869e-01	5.093198e-01	4.690233e-01	4.739986e-01	5.571065e-01	6.145404e-01	5.512795e-01	4.996993e-01	5.308618e-01	0.000000e+00	1	6.280752e-02
4.896419e-01	3.895609e-01	7.852162e-01	5.716685e-01	4.278432e-01	5.090122e-01	5.078281e-01	4.636902e-01	4.792045e-01	4.988673e-01	5.407856e-01	5.192363e-01	5.066014e-01	5.069182e-01	4.971711e-01	0.000000e+00	1	6.256919e-02
