1.061069e+00	7.124827e-04	2.903710e-02	1.741731e-02	4.274750e-04	5.003918e-01	3.588377e-01	4.961850e-01	5.017664e-01	4.959765e-01	2.994579e-01	5.052413e-01	5.054184e-01	4.972883e-01	5.349924e-01	0.000000e+00	1	1.000000e+14
1.424816e-02	1.036244e+00	1.772979e-01	1.078689e-01	9.912471e-01	5.011820e-01	5.069696e-01	5.365855e-01	5.019277e-01	4.906591e-01	6.309327e-01	5.021960e-01	4.963590e-01	3.225493e-01	5.356240e-01	0.000000e+00	1	1.000000e+14
2.610540e-30	1.615889e-15	1.000213e+00	1.000000e+00	1.000000e+00	5.012296e-01	5.030381e-01	4.993375e-01	5.035284e-01	4.959912e-01	4.870253e-01	5.016313e-01	4.988431e-01	4.994686e-01	4.992029e-01	0.000000e+00	1	1.000000e+14
1.624033e-15	4.965200e-28	1.005254e+00	1.000000e+00	1.946355e-13	5.004305e-01	4.618558e-01	4.961850e-01	5.017664e-01	4.959765e-01	5.486682e-01	5.052413e-01	5.054184e-01	4.972883e-01	5.365029e-01	0.000000e+00	1	1.000000e+14
1.269612e-15	1.032271e-15	1.012851e+00	1.000000e+00	4.345912e-01	5.011047e-01	5.042680e-01	4.993375e-01	4.651050e-01	4.920903e-01	4.870253e-01	6.055722e-01	5.034617e-01	4.994686e-01	4.850015e-01	0.000000e+00	1	1.000000e+14
5.628105e-02	9.984342e-01	4.359919e-17	2.775558e-17	9.641521e-01	5.012173e-01	5.008937e-01	4.983926e-01	4.997202e-01	4.976594e-01	4.980392e-01	5.016421e-01	4.987984e-01	4.996489e-01	4.992026e-01	0.000000e+00	1	1.000000e+14
1.286459e-01	7.139402e-01	6.976129e-01	4.875537e-01	8.865045e-01	5.217372e-01	5.056362e-01	5.312066e-01	4.545335e-01	5.422564e-01	5.201937e-01	4.968285e-01	4.987827e-01	4.775107e-01	4.863873e-01	0.000000e+00	1	1.271495e-01
2.440897e-01	9.728841e-01	7.630488e-02	4.833701e-02	8.435068e-01	5.165398e-01	4.408249e-01	4.634539e-01	4.832445e-01	4.810331e-01	4.949212e-01	5.019224e-01	4.885426e-01	5.020939e-01	4.956722e-01	0.000000e+00	1	1.184312e-01
8.698544e-01	1.244640e-01	5.017574e-01	3.302994e-01	9.047726e-02	5.196040e-01	5.079630e-01	4.589949e-01	4.409278e-01	4.332916e-01	5.328384e-01	5.167801e-01	4.998926e-01	4.978019e-01	4.789010e-01	0.000000e+00	1	1.143260e-01
5.351677e-01	8.423319e-01	1.242288e-01	7.884249e-02	6.396728e-01	5.193472e-01	5.066135e-01	4.967227e-01	5.022564e-01	4.427548e-01	4.771444e-01	5.057275e-01	4.963590e-01	5.069389e-01	5.365602e-01	0.000000e+00	1	1.136308e-01
2.821248e-01	6.527054e-01	7.419991e-01	5.135492e-01	7.402679e-01	4.721764e-01	5.035023e-01	5.805717e-01	5.031298e-01	4.810898e-01	4.901886e-01	4.050149e-01	6.010204e-01	4.728521e-01	4.991497e-01	0.000000e+00	1	1.089465e-01
3.294604e-01	7.964592e-02	9.801344e-01	7.880395e-01	1.510035e-01	4.722425e-01	3.711669e-01	4.857672e-01	4.601888e-01	4.812796e-01	4.856057e-01	5.581178e-01	5.459724e-01	6.077612e-01	4.835499e-01	0.000000e+00	1	1.055896e-01
8.403587e-01	4.494758e-01	3.898603e-01	2.472067e-01	3.126736e-01	5.190390e-01	5.045535e-01	4.991578e-01	4.997202e-01	4.861051e-01	5.648790e-01	6.276657e-01	5.876193e-01	4.758183e-01	4.819943e-01	0.000000e+00	1	1.001384e-01
6.968618e-01	1.658990e-02	7.236856e-01	5.119296e-01	1.515288e-02	5.216143e-01	5.492019e-01	4.990194e-01	4.774384e-01	5.106169e-01	5.202253e-01	4.915637e-01	4.771608e-01	4.950265e-01	5.160457e-01	0.000000e+00	1	9.921584e-02
4.259725e-01	6.896085e-01	5.898406e-01	4.004789e-01	6.477366e-01	4.721764e-01	5.035023e-01	5.005586e-01	5.029978e-01	4.810898e-01	4.806456e-01	4.965204e-01	4.984049e-01	4.697372e-01	4.991497e-01	0.000000e+00	1	9.863365e-02
7.146220e-01	2.656698e-01	6.656095e-01	4.569127e-01	2.265918e-01	5.224118e-01	5.282724e-01	4.874728e-01	4.586996e-01	5.219435e-01	4.556244e-01	5.016313e-01	5.803636e-01	5.010230e-01	4.992029e-01	0.000000e+00	1	9.781762e-02
9.721863e-01	2.144328e-01	3.180534e-01	1.968591e-01	1.382048e-01	6.775610e-01	5.127894e-01	4.990201e-01	5.972391e-01	4.979589e-01	4.370144e-01	5.017247e-01	4.987984e-01	4.994120e-01	4.992026e-01	0.000000e+00	1	9.770809e-02
6.692731e-01	5.998547e-01	4.590193e-01	3.006088e-01	4.652130e-01	5.226019e-01	5.283457e-01	4.641471e-01	5.134908e-01	4.916657e-01	4.557059e-01	5.334940e-01	5.459033e-01	5.337758e-01	4.994716e-01	0.000000e+00	1	9.626804e-02
7.617605e-01	1.680197e-01	6.829498e-01	4.578008e-01	1.382048e-01	6.775610e-01	5.127894e-01	4.991938e-01	4.665413e-01	4.979589e-01	4.370144e-01	5.017247e-01	4.987984e-01	4.994120e-01	4.992026e-01	0.000000e+00	1	9.395152e-02
6.384651e-01	7.866746e-01	1.261208e-01	7.884249e-02	5.659691e-01	5.190699e-01	5.854052e-01	5.832633e-01	5.022564e-01	4.413166e-01	4.606006e-01	5.057275e-01	4.963590e-01	4.975375e-01	5.365602e-01	0.000000e+00	1	9.388947e-02
2.191172e-01	9.319840e-01	4.005853e-01	2.522777e-01	8.529952e-01	5.073142e-01	5.865367e-01	5.064982e-01	6.608528e-01	4.974868e-01	4.596139e-01	5.197958e-01	5.191361e-01	5.238926e-01	4.626090e-01	0.000000e+00	1	9.283555e-02
8.838491e-01	4.920269e-01	9.853250e-02	6.181510e-02	3.233789e-01	5.223877e-01	5.047019e-01	4.865805e-01	6.061984e-01	5.240254e-01	4.688023e-01	5.216874e-01	5.485416e-01	5.010230e-01	4.992029e-01	0.000000e+00	1	9.242697e-02
9.921348e-01	3.344570e-02	1.630073e-01	1.036123e-01	2.145286e-02	5.012173e-01	5.037945e-01	4.983926e-01	4.473918e-01	4.976594e-01	4.866286e-01	5.051468e-01	4.987984e-01	4.996489e-01	5.547209e-01	0.000000e+00	1	9.201055e-02
8.242693e-01	2.890218e-01	5.356061e-01	3.501810e-01	2.146967e-01	4.721764e-01	4.917444e-01	4.857672e-01	5.597113e-01	4.813929e-01	5.303768e-01	5.704370e-01	5.464283e-01	6.077612e-01	4.985634e-01	0.000000e+00	1	9.118501e-02
8.053806e-01	4.669849e-01	4.347077e-01	2.781076e-01	3.345167e-01	5.190390e-01	5.045535e-01	4.983926e-01	4.997202e-01	4.863619e-01	5.643577e-01	6.209966e-01	5.878098e-01	4.912892e-01	4.819943e-01	0.000000e+00	1	9.061202e-02
4.557269e-01	1.951848e-01	8.883110e-01	6.759347e-01	2.576125e-01	5.196995e-01	5.266953e-01	4.869182e-01	5.285177e-01	5.026881e-01	4.811601e-01	4.938486e-01	5.199199e-01	4.936078e-01	6.198665e-01	0.000000e+00	1	8.972443e-02
6.188708e-01	5.009805e-01	6.073879e-01	4.148606e-01	4.332270e-01	4.771614e-01	5.008462e-01	5.005586e-01	5.002526e-01	4.779459e-01	4.807408e-01	4.940978e-01	4.984049e-01	5.043780e-01	4.962998e-01	0.000000e+00	1	8.929959e-02
3.583531e-01	9.702517e-02	9.456479e-01	7.618369e-01	1.683309e-01	5.006383e-01	3.750758e-01	4.983925e-01	5.147766e-01	4.954118e-01	4.980953e-01	5.050126e-01	4.941791e-01	5.016354e-01	5.000238e-01	0.000000e+00	1	8.828642e-02
5.820279e-01	6.801830e-03	8.288880e-01	6.102492e-01	7.439476e-03	5.213353e-01	5.496755e-01	4.983926e-01	4.669497e-01	5.793493e-01	5.176052e-01	4.938736e-01	5.026097e-01	4.554622e-01	5.139461e-01	0.000000e+00	1	8.448096e-02
2.216166e-01	5.230462e-01	8.576895e-01	6.275884e-01	7.448605e-01	5.093115e-01	5.007558e-01	6.235426e-01	4.471143e-01	4.992925e-01	4.771444e-01	5.001650e-01	4.977195e-01	4.133259e-01	4.493981e-01	0.000000e+00	1	8.152203e-02
3.972036e-01	8.974890e-01	2.422131e-01	1.540331e-01	7.347462e-01	4.332809e-01	5.015491e-01	5.006755e-01	4.996865e-01	4.973557e-01	5.262792e-01	5.374573e-01	4.971015e-01	4.589811e-01	4.484555e-01	0.000000e+00	1	8.082538e-02
7.442971e-01	6.670970e-01	9.810588e-02	6.228798e-02	4.652130e-01	5.212104e-01	5.228567e-01	4.926141e-01	5.112038e-01	4.916657e-01	4.640536e-01	5.334940e-01	4.989047e-01	5.257704e-01	4.994625e-01	0.000000e+00	1	8.052212e-02
9.226071e-01	4.065754e-01	9.775547e-02	6.153334e-02	2.642464e-01	5.167571e-01	5.273761e-01	4.888299e-01	5.883073e-01	5.219435e-01	4.639722e-01	5.016367e-01	5.470201e-01	5.010051e-01	4.992029e-01	0.000000e+00	1	7.747845e-02
1.033034e-01	7.734371e-01	6.428218e-01	4.386885e-01	9.154707e-01	5.433512e-01	4.665674e-01	4.984454e-01	4.288533e-01	4.886809e-01	5.344750e-01	5.164286e-01	5.005497e-01	4.973214e-01	5.365029e-01	0.000000e+00	1	7.692723e-02
1.016527e+00	5.708771e-02	7.540056e-03	4.714592e-03	3.571478e-02	4.970271e-01	3.871022e-01	4.983249e-01	5.011936e-01	5.610145e-01	4.761860e-01	5.283055e-01	4.999642e-01	4.854488e-01	5.097318e-01	0.000000e+00	1	7.685062e-02
1.750176e-01	3.721717e-01	9.259394e-01	7.338987e-01	7.201584e-01	5.232846e-01	5.436526e-01	4.172374e-01	4.992506e-01	5.019388e-01	4.749885e-01	4.971515e-01	5.128026e-01	4.948286e-01	4.448580e-01	0.000000e+00	1	7.416943e-02
2.085109e-01	4.590033e-01	8.728762e-01	6.665637e-01	7.285465e-01	5.089059e-01	5.428376e-01	5.171575e-01	5.285177e-01	5.028637e-01	5.314329e-01	4.938486e-01	5.626610e-01	4.964280e-01	5.030864e-01	0.000000e+00	1	7.176228e-02
8.304331e-01	3.748365e-01	4.826074e-01	3.101089e-01	2.699246e-01	4.766125e-01	4.917444e-01	5.414307e-01	5.597113e-01	4.654939e-01	5.303768e-01	5.934165e-01	5.517874e-01	6.077612e-01	4.983884e-01	0.000000e+00	1	7.129471e-02
6.913319e-03	5.027936e-01	9.120499e-01	6.792300e-01	9.912471e-01	5.037996e-01	5.069696e-01	5.421336e-01	5.017097e-01	4.907245e-01	6.309327e-01	5.021960e-01	5.006104e-01	3.579135e-01	4.529108e-01	0.000000e+00	1	7.127452e-02
3.114696e-01	1.370400e-01	9.447091e-01	7.798998e-01	2.638720e-01	5.140590e-01	5.052424e-01	4.873905e-01	5.120429e-01	4.779681e-01	4.711747e-01	5.231946e-01	5.417324e-01	5.003311e-01	4.992430e-01	0.000000e+00	1	7.047201e-02
5.037588e-01	2.997544e-01	8.347667e-01	6.102492e-01	3.417128e-01	5.213353e-01	5.496755e-01	4.983926e-01	4.669497e-01	5.795509e-01	5.176052e-01	4.044331e-01	4.993977e-01	4.951985e-01	5.147470e-01	0.000000e+00	1	6.953919e-02
1.693718e-01	6.119089e-01	8.107760e-01	5.770621e-01	8.280923e-01	5.242760e-01	5.374697e-01	5.097295e-01	5.607483e-01	4.363913e-01	5.571065e-01	6.145404e-01	5.512795e-01	5.027538e-01	5.308618e-01	0.000000e+00	1	6.933589e-02
4.663098e-01	8.312275e-01	3.606135e-01	2.302747e-01	6.745338e-01	5.093115e-01	5.007558e-01	5.076339e-01	4.471143e-01	4.289589e-01	4.771444e-01	5.359897e-01	4.977195e-01	4.133259e-01	5.413210e-01	0.000000e+00	1	6.874757e-02
9.340931e-01	2.766695e-01	2.706956e-01	1.725405e-01	1.833199e-01	4.749030e-01	4.071653e-01	4.979349e-01	4.832132e-01	4.919964e-01	5.312280e-01	5.134726e-01	4.814155e-01	5.028878e-01	5.023664e-01	0.000000e+00	1	6.848064e-02
5.857794e-01	2.508854e-01	7.879376e-01	5.670643e-01	2.576125e-01	5.189925e-01	5.584083e-01	4.796259e-01	5.017983e-01	4.961013e-01	5.477926e-01	4.253436e-01	4.940062e-01	4.829693e-01	5.313753e-01	0.000000e+00	1	6.714003e-02
6.492263e-01	3.696157e-01	6.794085e-01	4.698270e-01	3.294845e-01	4.994250e-01	5.322955e-01	4.973291e-01	5.191214e-01	5.896424e-01	5.004392e-01	5.185535e-01	4.977133e-01	4.981691e-01	4.994867e-01	0.000000e+00	1	6.613322e-02
7.778487e-01	5.487112e-01	4.444835e-01	2.781076e-01	3.911107e-01	5.190390e-01	5.045535e-01	4.983926e-01	4.997202e-01	4.863619e-01	5.643577e-01	6.209966e-01	6.718207e-01	4.912892e-01	4.597732e-01	0.000000e+00	1	6.502375e-02
4.896419e-01	3.895609e-01	7.852162e-01	5.716685e-01	4.278432e-01	5.090122e-01	5.078281e-01	4.636902e-01	4.792045e-01	4.988673e-01	5.407856e-01	5.192363e-01	5.066014e-01	5.069182e-01	4.971711e-01	0.000000e+00	1	6.384215e-02
2.087729e-01	9.908597e-01	2.146526e-01	1.329812e-01	8.677987e-01	5.011992e-01	5.860272e-01	4.984707e-01	6.608528e-01	4.935755e-01	4.971122e-01	5.037182e-01	5.014273e-01	5.068549e-01	4.584631e-01	0.000000e+00	1	6.337143e-02
1.262493e-01	8.644965e-01	4.988753e-01	3.302994e-01	9.076819e-01	5.012296e-01	4.871400e-01	5.006743e-01	4.478227e-01	4.849938e-01	5.321977e-01	5.374344e-01	4.998926e-01	4.993834e-01	4.773500e-01	0.000000e+00	1	6.247299e-02
3.809062e-01	5.651489e-01	7.593906e-01	5.343667e-01	6.224480e-01	4.294470e-01	5.027384e-01	4.963860e-01	5.011165e-01	5.628274e-01	4.980642e-01	6.005834e-01	4.973489e-01	5.017827e-01	5.359609e-01	0.000000e+00	1	6.172323e-02
1.122183e-01	9.692378e-01	2.233820e-01	1.432800e-01	9.266189e-01	5.012296e-01	5.010776e-01	4.993375e-01	4.998936e-01	4.986557e-01	4.973432e-01	5.016782e-01	4.984244e-01	4.693606e-01	4.992029e-01	0.000000e+00	1	6.153220e-02
4.394340e-01	5.423835e-01	7.287733e-01	5.137033e-01	5.665104e-01	4.721764e-01	5.035023e-01	5.834230e-01	5.031298e-01	4.810898e-01	4.901886e-01	4.964722e-01	4.960068e-01	4.697372e-01	4.991497e-01	0.000000e+00	1	6.087925e-02
7.837548e-01	5.909389e-02	6.420640e-01	4.360586e-01	4.790949e-02	5.332441e-01	5.516562e-01	4.986646e-01	5.011165e-01	5.607455e-01	5.281929e-01	5.725354e-01	4.958275e-01	4.922141e-01	5.359609e-01	0.000000e+00	1	6.018076e-02
9.058959e-01	3.367783e-01	3.072032e-01	1.959268e-01	2.265918e-01	5.224118e-01	5.282724e-01	4.872991e-01	5.893974e-01	5.219435e-01	4.556244e-01	5.016313e-01	5.470201e-01	5.010230e-01	4.992029e-01	0.000000e+00	1	5.997556e-02
5.088421e-01	4.252753e-01	7.564277e-01	5.417669e-01	4.431988e-01	5.093021e-01	5.003249e-01	4.636902e-01	4.796449e-01	4.988673e-01	5.407856e-01	5.438319e-01	4.977749e-01	5.233455e-01	4.971711e-01	0.000000e+00	1	5.988535e-02
