1.044549e+00	5.510046e-04	1.939733e-02	1.182070e-02	3.358199e-04	5.003918e-01	3.675776e-01	5.683049e-01	5.019122e-01	4.179147e-01	5.848259e-01	4.256993e-01	4.574682e-01	5.092983e-01	5.342767e-01	0.000000e+00	1	1.000000e+14
2.610540e-30	1.615889e-15	1.000213e+00	1.000000e+00	1.000000e+00	5.012296e-01	5.030381e-01	4.993375e-01	5.035284e-01	4.959912e-01	4.870253e-01	5.016313e-01	4.988431e-01	4.994686e-01	4.992029e-01	0.000000e+00	1	1.000000e+14
1.618472e-15	4.948199e-28	1.001812e+00	1.000000e+00	1.946355e-13	5.003938e-01	5.075573e-01	4.954197e-01	4.975669e-01	4.959765e-01	4.782256e-01	5.045905e-01	5.048110e-01	4.972883e-01	5.344403e-01	0.000000e+00	1	1.000000e+14
5.628105e-02	9.984342e-01	4.359919e-17	2.775558e-17	9.641521e-01	5.012173e-01	5.008937e-01	4.983926e-01	4.997202e-01	4.976594e-01	4.980392e-01	5.016421e-01	4.987984e-01	4.996489e-01	4.992026e-01	0.000000e+00	1	1.000000e+14
4.675731e-04	1.013954e+00	2.571640e-02	1.614281e-02	9.997064e-01	5.010391e-01	4.261872e-01	5.039082e-01	5.012732e-01	4.987163e-01	5.563194e-01	5.052124e-01	5.739522e-01	5.025913e-01	4.882864e-01	0.000000e+00	1	1.000000e+14
4.155528e-01	8.743721e-01	2.848544e-01	1.821787e-01	7.175577e-01	5.023811e-01	4.921703e-01	4.751987e-01	4.917145e-01	4.272575e-01	4.927307e-01	4.449156e-01	4.986003e-01	4.981938e-01	5.002165e-01	0.000000e+00	1	1.440595e-01
5.602822e-01	8.101970e-01	1.930624e-01	1.232102e-01	6.148295e-01	5.027146e-01	4.638037e-01	5.079147e-01	5.111840e-01	4.926663e-01	4.996025e-01	5.225820e-01	5.007309e-01	4.963231e-01	5.413982e-01	0.000000e+00	1	1.253504e-01
2.298719e-01	4.400806e-01	8.705937e-01	6.700431e-01	6.935568e-01	5.242760e-01	5.053751e-01	4.685800e-01	5.081405e-01	5.078738e-01	5.022643e-01	5.194323e-01	4.958067e-01	5.020518e-01	5.090569e-01	0.000000e+00	1	1.228856e-01
4.508499e-01	8.913162e-01	1.222995e-01	7.756153e-02	7.018731e-01	4.906092e-01	5.091477e-01	4.655076e-01	4.472689e-01	4.988673e-01	5.407856e-01	5.205045e-01	5.061905e-01	5.064157e-01	4.973596e-01	0.000000e+00	1	1.217206e-01
7.032405e-01	5.292965e-01	5.047373e-01	3.314695e-01	4.107453e-01	4.765769e-01	4.910262e-01	5.843810e-01	5.005242e-01	4.234434e-01	5.059669e-01	5.271119e-01	4.902377e-01	5.117507e-01	4.969383e-01	0.000000e+00	1	1.210637e-01
4.896419e-01	3.895609e-01	7.852162e-01	5.716685e-01	4.278432e-01	5.090122e-01	5.078281e-01	4.636902e-01	4.792045e-01	4.988673e-01	5.407856e-01	5.192363e-01	5.066014e-01	5.069182e-01	4.971711e-01	0.000000e+00	1	1.203154e-01
8.580925e-01	4.867036e-01	2.361469e-01	1.495769e-01	3.284620e-01	4.521137e-01	4.720778e-01	4.994222e-01	4.398263e-01	4.351572e-01	5.376003e-01	5.048964e-01	5.003242e-01	4.992818e-01	4.547903e-01	0.000000e+00	1	1.170536e-01
3.986690e-01	9.223343e-01	1.607377e-01	1.009836e-01	7.402679e-01	4.863196e-01	5.000430e-01	4.848213e-01	5.032214e-01	4.183932e-01	4.926757e-01	4.981985e-01	6.014781e-01	5.118089e-01	4.991497e-01	0.000000e+00	1	1.145066e-01
7.821723e-01	6.213434e-01	8.649211e-02	5.498444e-02	4.273665e-01	5.030852e-01	5.103400e-01	4.956880e-01	4.797652e-01	4.977600e-01	5.424593e-01	5.144517e-01	5.073824e-01	5.066170e-01	4.971711e-01	0.000000e+00	1	1.126501e-01
9.249621e-01	5.961096e-02	3.870331e-01	2.518190e-01	4.097153e-02	4.973773e-01	5.152042e-01	4.961442e-01	5.018320e-01	5.172855e-01	5.429778e-01	5.098585e-01	4.979088e-01	5.440045e-01	4.987782e-01	0.000000e+00	1	1.113632e-01
8.549113e-01	3.036132e-01	4.380849e-01	2.863913e-01	2.172443e-01	5.146194e-01	5.070544e-01	4.989887e-01	5.017917e-01	4.642845e-01	4.914400e-01	5.040056e-01	4.243582e-01	4.958622e-01	4.906686e-01	0.000000e+00	1	1.013985e-01
3.224729e-01	9.634577e-01	4.603306e-02	2.882457e-02	7.943824e-01	5.011941e-01	4.349271e-01	4.841086e-01	5.179583e-01	4.936257e-01	4.268666e-01	5.273444e-01	5.769763e-01	5.026756e-01	4.875942e-01	0.000000e+00	1	1.006431e-01
8.376133e-01	8.723204e-02	5.720158e-01	3.798426e-01	6.606171e-02	4.777794e-01	5.077832e-01	5.847014e-01	5.004420e-01	4.938227e-01	5.801582e-01	5.219133e-01	4.568800e-01	5.388353e-01	5.010005e-01	0.000000e+00	1	9.739237e-02
6.460787e-01	7.430658e-01	1.951315e-01	1.245456e-01	5.443754e-01	5.027146e-01	5.090974e-01	5.079147e-01	4.655390e-01	4.820767e-01	4.996025e-01	5.225820e-01	5.041654e-01	4.963231e-01	5.401319e-01	0.000000e+00	1	9.606457e-02
6.272477e-01	2.245589e-01	7.638086e-01	5.433711e-01	2.188635e-01	5.153281e-01	4.917484e-01	4.738760e-01	4.978952e-01	4.485939e-01	5.285086e-01	5.605364e-01	5.464283e-01	4.456020e-01	4.821506e-01	0.000000e+00	1	9.560575e-02
5.216235e-01	1.981480e-01	8.390503e-01	6.263893e-01	2.311131e-01	4.963934e-01	5.086842e-01	4.984069e-01	4.586079e-01	4.755238e-01	5.490484e-01	5.005924e-01	4.939871e-01	4.847286e-01	5.507097e-01	0.000000e+00	1	9.545946e-02
5.049759e-01	6.112181e-01	6.131113e-01	4.190589e-01	5.604131e-01	5.014323e-01	4.616721e-01	4.983925e-01	5.159281e-01	5.143517e-01	4.980937e-01	5.051499e-01	4.918112e-01	5.016354e-01	4.854715e-01	0.000000e+00	1	9.287830e-02
5.900254e-01	6.666802e-01	4.785875e-01	3.140135e-01	5.387836e-01	4.997800e-01	4.617650e-01	5.017431e-01	4.464857e-01	4.958587e-01	4.279073e-01	5.045749e-01	4.930738e-01	5.330668e-01	4.925357e-01	0.000000e+00	1	9.207100e-02
6.409111e-01	5.744953e-01	5.219935e-01	3.470629e-01	4.652465e-01	5.011920e-01	5.071220e-01	5.033439e-01	4.836634e-01	4.341402e-01	5.379371e-01	5.048964e-01	4.994877e-01	5.012988e-01	4.778704e-01	0.000000e+00	1	9.073706e-02
2.914589e-01	6.132639e-01	7.449788e-01	5.294762e-01	7.175577e-01	5.022224e-01	4.921703e-01	4.636619e-01	4.917145e-01	4.272575e-01	5.307762e-01	5.148400e-01	5.057759e-01	5.061350e-01	5.002165e-01	0.000000e+00	1	8.671578e-02
9.640765e-01	2.784980e-02	3.297995e-01	2.097546e-01	1.838527e-02	5.003938e-01	5.075573e-01	4.954197e-01	4.975669e-01	4.152982e-01	4.516830e-01	5.044370e-01	5.983776e-01	4.968061e-01	4.975777e-01	0.000000e+00	1	8.462784e-02
9.654142e-01	3.189241e-01	2.578678e-02	1.614281e-02	2.031216e-01	5.010391e-01	4.301025e-01	5.040500e-01	5.019126e-01	4.991693e-01	5.563194e-01	4.420260e-01	5.739522e-01	5.030189e-01	4.882864e-01	0.000000e+00	1	8.461706e-02
9.545011e-01	1.075523e-01	3.153600e-01	2.019531e-01	7.143241e-02	5.017215e-01	4.921703e-01	4.964276e-01	4.401083e-01	4.930035e-01	5.307762e-01	4.307602e-01	5.055747e-01	4.965172e-01	5.385745e-01	0.000000e+00	1	8.425639e-02
1.926130e-01	6.958751e-01	7.156898e-01	4.971881e-01	8.280923e-01	5.004323e-01	4.989781e-01	5.565389e-01	5.044755e-01	4.172826e-01	4.860026e-01	4.461681e-01	4.935024e-01	5.001813e-01	5.586719e-01	0.000000e+00	1	8.308455e-02
6.832365e-01	2.678527e-01	7.029547e-01	4.863067e-01	2.378547e-01	5.279600e-01	5.018584e-01	4.981646e-01	4.219016e-01	4.886809e-01	5.344750e-01	4.910959e-01	4.966595e-01	5.261172e-01	5.851033e-01	0.000000e+00	1	8.305377e-02
8.033762e-01	2.925364e-01	5.463346e-01	3.619854e-01	2.223142e-01	5.017244e-01	4.934275e-01	4.954719e-01	5.103248e-01	4.365134e-01	5.401965e-01	5.593340e-01	5.471265e-01	5.313949e-01	4.543649e-01	0.000000e+00	1	8.303745e-02
3.737847e-01	8.647637e-01	3.630487e-01	2.341661e-01	7.402679e-01	4.645208e-01	5.000430e-01	4.848213e-01	4.775883e-01	4.183932e-01	4.926757e-01	4.981985e-01	5.024012e-01	5.301168e-01	4.991497e-01	0.000000e+00	1	8.260077e-02
2.774775e-01	9.745327e-01	4.955042e-03	3.113154e-03	8.234091e-01	5.013357e-01	4.899383e-01	4.170579e-01	4.789006e-01	4.285704e-01	5.265932e-01	5.016901e-01	4.994877e-01	5.001139e-01	4.938411e-01	0.000000e+00	1	8.101670e-02
2.059679e-01	7.441236e-01	6.639594e-01	4.521494e-01	8.280923e-01	4.702829e-01	5.325714e-01	4.857115e-01	4.964199e-01	4.126616e-01	5.452423e-01	4.461681e-01	4.935024e-01	5.103032e-01	5.586719e-01	0.000000e+00	1	7.994576e-02
1.152889e-01	5.471039e-01	8.407471e-01	6.263893e-01	8.677822e-01	4.963934e-01	5.086842e-01	4.984069e-01	4.586079e-01	4.396059e-01	5.376963e-01	5.005924e-01	4.939871e-01	4.856016e-01	5.507097e-01	0.000000e+00	1	7.914214e-02
2.630896e-01	6.899427e-02	9.655274e-01	8.251960e-01	1.632745e-01	5.012220e-01	4.923386e-01	4.965071e-01	5.488848e-01	4.767198e-01	4.995884e-01	4.922452e-01	4.938439e-01	5.016354e-01	5.000111e-01	0.000000e+00	1	7.891425e-02
1.568793e-01	6.064979e-01	8.036332e-01	5.784710e-01	8.388611e-01	4.990584e-01	4.977825e-01	5.093198e-01	4.690233e-01	4.739986e-01	4.770028e-01	6.145404e-01	5.512795e-01	4.996993e-01	5.308618e-01	0.000000e+00	1	7.851546e-02
8.099915e-01	5.903238e-01	2.473201e-01	1.540137e-01	4.009406e-01	4.885573e-01	4.130130e-01	5.932790e-01	4.747529e-01	4.365866e-01	5.294512e-01	4.288181e-01	4.948666e-01	4.979318e-01	5.729560e-01	0.000000e+00	1	7.758703e-02
9.063846e-01	4.646943e-01	1.072904e-01	6.681189e-02	3.015973e-01	4.863196e-01	5.000430e-01	5.000438e-01	5.032214e-01	4.339619e-01	4.926757e-01	4.191396e-01	6.014781e-01	5.118089e-01	4.488938e-01	0.000000e+00	1	7.432323e-02
4.641598e-01	8.273950e-01	3.451960e-01	2.221620e-01	6.745338e-01	5.093115e-01	5.007558e-01	5.072336e-01	4.471143e-01	4.295335e-01	5.131149e-01	5.359897e-01	4.977112e-01	4.946056e-01	4.879847e-01	0.000000e+00	1	7.411885e-02
5.844434e-01	2.503132e-01	7.822769e-01	5.655299e-01	2.576125e-01	5.192440e-01	5.031644e-01	5.040784e-01	5.018714e-01	4.928816e-01	5.477926e-01	4.429519e-01	4.938977e-01	4.829893e-01	5.417737e-01	0.000000e+00	1	7.400033e-02
6.135831e-01	7.192449e-01	3.392853e-01	2.193543e-01	5.503636e-01	5.005681e-01	5.091483e-01	5.075504e-01	4.655390e-01	4.707458e-01	5.104878e-01	5.225820e-01	5.041654e-01	4.962839e-01	5.401319e-01	0.000000e+00	1	7.163018e-02
9.963083e-01	2.008610e-01	2.577727e-02	1.614281e-02	1.266482e-01	4.970884e-01	5.042634e-01	5.039082e-01	5.012732e-01	4.987183e-01	5.587521e-01	4.364727e-01	5.739522e-01	5.595146e-01	4.882864e-01	0.000000e+00	1	6.873366e-02
2.543362e-01	2.395895e-03	9.778033e-01	8.379919e-01	5.996901e-03	5.146529e-01	5.075657e-01	4.961336e-01	4.509150e-01	4.642845e-01	4.800727e-01	5.460953e-01	4.381196e-01	4.958648e-01	5.015739e-01	0.000000e+00	1	6.809445e-02
2.427944e-02	1.760010e-01	9.856813e-01	8.864692e-01	9.127287e-01	5.015521e-01	5.044981e-01	5.205833e-01	5.194060e-01	4.958550e-01	4.830637e-01	5.053884e-01	4.854219e-01	4.970732e-01	4.862714e-01	0.000000e+00	1	6.745572e-02
7.585151e-01	1.347344e-01	6.399446e-01	4.412851e-01	1.119149e-01	5.014323e-01	5.006706e-01	4.988974e-01	5.159281e-01	5.114471e-01	4.980937e-01	5.151211e-01	5.260409e-01	5.016354e-01	4.854715e-01	0.000000e+00	1	6.682033e-02
1.531653e-01	4.781671e-01	8.804116e-01	6.700431e-01	8.026537e-01	5.221046e-01	5.054303e-01	4.685800e-01	5.081405e-01	4.238884e-01	5.022643e-01	5.369758e-01	4.568712e-01	5.026804e-01	5.540215e-01	0.000000e+00	1	6.616741e-02
8.814064e-01	1.219456e-01	4.783325e-01	3.140135e-01	8.752292e-02	4.997800e-01	5.007634e-01	5.022480e-01	4.464857e-01	4.929541e-01	4.279073e-01	5.145461e-01	5.273035e-01	5.330668e-01	4.925357e-01	0.000000e+00	1	6.508960e-02
1.284981e-01	7.314109e-01	6.825516e-01	4.731866e-01	8.892851e-01	5.017244e-01	4.639065e-01	4.993354e-01	4.685992e-01	4.397002e-01	5.379371e-01	4.696975e-01	5.177570e-01	5.060272e-01	5.007174e-01	0.000000e+00	1	6.291223e-02
1.103217e-03	3.663529e-01	9.331638e-01	7.618369e-01	9.980829e-01	5.012205e-01	4.976922e-01	4.984137e-01	5.488848e-01	4.954118e-01	4.959110e-01	5.049585e-01	4.938439e-01	5.016354e-01	5.000111e-01	0.000000e+00	1	6.239613e-02
5.310802e-02	9.421442e-01	3.396892e-01	2.199749e-01	9.641521e-01	5.017497e-01	4.462027e-01	4.983926e-01	4.997202e-01	4.970085e-01	4.980392e-01	5.016421e-01	4.987984e-01	4.991438e-01	4.992026e-01	0.000000e+00	1	6.202548e-02
7.276315e-01	1.538682e-01	6.849650e-01	4.738326e-01	1.326680e-01	4.937165e-01	4.646606e-01	4.993474e-01	4.495284e-01	5.171344e-01	4.219628e-01	5.274193e-01	4.989455e-01	5.019742e-01	4.894103e-01	0.000000e+00	1	6.075032e-02
9.153011e-01	5.898834e-02	4.429024e-01	2.863913e-01	4.097153e-02	4.974945e-01	5.075449e-01	4.961442e-01	5.018320e-01	4.642845e-01	5.515502e-01	5.671545e-01	4.243582e-01	4.958622e-01	5.653787e-01	0.000000e+00	1	6.040385e-02
9.470908e-01	3.390649e-01	4.460735e-02	2.821132e-02	2.188635e-01	5.159111e-01	5.018299e-01	4.988406e-01	4.978952e-01	4.987196e-01	4.974060e-01	5.040711e-01	5.779917e-01	5.159779e-01	4.821506e-01	0.000000e+00	1	5.983520e-02
3.537151e-01	9.223585e-01	2.364689e-01	1.495769e-01	7.668743e-01	4.521137e-01	4.593412e-01	4.841996e-01	4.398263e-01	4.195884e-01	5.376003e-01	5.064515e-01	5.003242e-01	4.992818e-01	5.050462e-01	0.000000e+00	1	5.832583e-02
7.666918e-01	6.510131e-02	7.171306e-01	4.776034e-01	5.392728e-02	4.765335e-01	5.179593e-01	5.816655e-01	4.288367e-01	5.282304e-01	3.940639e-01	5.252527e-01	4.901407e-01	3.376800e-01	4.893291e-01	0.000000e+00	1	5.808381e-02
