2.610327e-30	1.615757e-15	1.000131e+00	1.000000e+00	1.000000e+00	5.012296e-01	5.003812e-01	5.080554e-01	4.965147e-01	4.959912e-01	5.024651e-01	5.050103e-01	4.979031e-01	4.994686e-01	4.992029e-01	0.000000e+00	1	1.000000e+14
5.628105e-02	9.984342e-01	4.359919e-17	2.775558e-17	9.641521e-01	5.012173e-01	5.008937e-01	4.983926e-01	4.997202e-01	4.976594e-01	4.980392e-01	5.016421e-01	4.987984e-01	4.996489e-01	4.992026e-01	0.000000e+00	1	1.000000e+14
1.627203e-15	9.254439e-29	1.007217e+00	1.000000e+00	3.620666e-14	5.004125e-01	5.074345e-01	4.954197e-01	4.967672e-01	5.299087e-01	4.782256e-01	5.687464e-01	4.986638e-01	4.976296e-01	5.320568e-01	0.000000e+00	1	1.000000e+14
2.738953e-03	1.010516e+00	2.259830e-03	1.423674e-03	9.982745e-01	4.991577e-01	5.071034e-01	4.982148e-01	5.140814e-01	5.398153e-01	5.327723e-01	4.982611e-01	4.633665e-01	4.996865e-01	5.791504e-01	0.000000e+00	1	1.000000e+14
1.029106e+00	6.582310e-05	6.015191e-04	3.721083e-04	4.071911e-05	4.990964e-01	4.995568e-01	5.056273e-01	4.078602e-01	4.090969e-01	5.004765e-01	5.016673e-01	4.079311e-01	4.820074e-01	5.593049e-01	0.000000e+00	1	1.000000e+14
2.888304e-01	9.373806e-01	2.419602e-01	1.539670e-01	8.097181e-01	4.758693e-01	4.377800e-01	4.926166e-01	5.507866e-01	4.984077e-01	4.959727e-01	5.012973e-01	4.925078e-01	5.557512e-01	5.003643e-01	0.000000e+00	1	1.279001e-01
9.847410e-01	1.162643e-01	1.699880e-01	1.080859e-01	7.481672e-02	4.848572e-01	5.008937e-01	4.986049e-01	4.999712e-01	4.976997e-01	4.980392e-01	5.028741e-01	4.984286e-01	5.759603e-01	4.951057e-01	0.000000e+00	1	1.270536e-01
9.965600e-01	8.528765e-02	1.255062e-01	7.946818e-02	5.435079e-02	5.203476e-01	4.783909e-01	5.018433e-01	5.691231e-01	4.939856e-01	4.960534e-01	4.525782e-01	4.931544e-01	4.964874e-01	5.049231e-01	0.000000e+00	1	1.159054e-01
4.980821e-01	7.730277e-01	4.014777e-01	2.620570e-01	6.356139e-01	4.670878e-01	5.094705e-01	5.117203e-01	5.260468e-01	4.942534e-01	5.275079e-01	5.050381e-01	4.913477e-01	4.933110e-01	5.221757e-01	0.000000e+00	1	1.150997e-01
3.355006e-01	8.167670e-01	4.719149e-01	3.124706e-01	7.518753e-01	5.069487e-01	5.003792e-01	4.977306e-01	4.891989e-01	4.849648e-01	5.059031e-01	5.068775e-01	4.932061e-01	4.998166e-01	4.742906e-01	0.000000e+00	1	1.105059e-01
9.077510e-01	7.768719e-02	4.279958e-01	2.795875e-01	5.435079e-02	5.199088e-01	4.997360e-01	4.857509e-01	5.218291e-01	4.910784e-01	5.366361e-01	4.525782e-01	4.931723e-01	4.936649e-01	5.419368e-01	0.000000e+00	1	1.100480e-01
1.852019e-01	2.686607e-01	9.566514e-01	7.907299e-01	6.157719e-01	5.254159e-01	4.345335e-01	5.023219e-01	4.962281e-01	4.615367e-01	5.366361e-01	4.525782e-01	4.931547e-01	4.935181e-01	5.257163e-01	0.000000e+00	1	1.093321e-01
5.135423e-01	7.449635e-01	4.377579e-01	2.868671e-01	6.157719e-01	5.240305e-01	5.012635e-01	4.862295e-01	4.966783e-01	4.943561e-01	5.366361e-01	4.525782e-01	4.931727e-01	4.936485e-01	5.257163e-01	0.000000e+00	1	1.068886e-01
4.490091e-01	9.048443e-01	1.630258e-02	1.027363e-02	7.067567e-01	4.769620e-01	5.005853e-01	5.364058e-01	4.907764e-01	5.042126e-01	5.024988e-01	4.938063e-01	4.629868e-01	5.037302e-01	5.828777e-01	0.000000e+00	1	1.065962e-01
2.015889e-01	7.846951e-01	5.942023e-01	4.028580e-01	8.399136e-01	5.218808e-01	5.033871e-01	4.948266e-01	5.303716e-01	4.958405e-01	4.796164e-01	5.013087e-01	5.236908e-01	5.463602e-01	4.883871e-01	0.000000e+00	1	1.045303e-01
1.384465e-01	6.620174e-01	7.402446e-01	5.287000e-01	8.687563e-01	5.100081e-01	5.004965e-01	4.988203e-01	5.445600e-01	4.937465e-01	5.035267e-01	5.091552e-01	5.024417e-01	5.214820e-01	4.978844e-01	0.000000e+00	1	1.034343e-01
9.309057e-02	3.623597e-01	9.345251e-01	7.575764e-01	8.399136e-01	5.218808e-01	5.033871e-01	4.990738e-01	5.508074e-01	4.952366e-01	4.796164e-01	5.013087e-01	5.273952e-01	5.472659e-01	4.883871e-01	0.000000e+00	1	1.031185e-01
3.105608e-01	5.212756e-01	8.139823e-01	5.921963e-01	6.579416e-01	4.990928e-01	5.170729e-01	4.999693e-01	4.953499e-01	4.977412e-01	5.284246e-01	6.178716e-01	5.079347e-01	5.076226e-01	4.893420e-01	0.000000e+00	1	9.928210e-02
7.078103e-02	9.791299e-01	1.943597e-01	1.244325e-01	9.540588e-01	4.850471e-01	4.886949e-01	4.925971e-01	4.922014e-01	4.961517e-01	5.037191e-01	5.028174e-01	4.898991e-01	4.884234e-01	5.007864e-01	0.000000e+00	1	9.843495e-02
8.305072e-01	4.502600e-01	3.338766e-01	2.162698e-01	3.162707e-01	5.012173e-01	5.008937e-01	4.746774e-01	4.997202e-01	4.952482e-01	5.078402e-01	5.016421e-01	4.983281e-01	4.996489e-01	4.647900e-01	0.000000e+00	1	9.560526e-02
3.980148e-01	1.742880e-01	9.165947e-01	7.181911e-01	2.627587e-01	4.305628e-01	5.053751e-01	5.042367e-01	5.296068e-01	5.070966e-01	5.352060e-01	4.520989e-01	4.513793e-01	5.516963e-01	4.997799e-01	0.000000e+00	1	9.545577e-02
9.893554e-02	8.853420e-01	4.694236e-01	3.087380e-01	9.291527e-01	5.086304e-01	4.592205e-01	4.985225e-01	5.286351e-01	4.859807e-01	5.353600e-01	4.525782e-01	4.934012e-01	4.931519e-01	4.751277e-01	0.000000e+00	1	9.332472e-02
9.644972e-01	1.866295e-01	2.004183e-01	1.281195e-01	1.216816e-01	4.819678e-01	5.008937e-01	4.986049e-01	4.999712e-01	4.985203e-01	4.980392e-01	4.537954e-01	4.984286e-01	5.113049e-01	4.951057e-01	0.000000e+00	1	8.831958e-02
8.817717e-01	4.707093e-01	4.562012e-02	2.903576e-02	3.121588e-01	4.850471e-01	5.089195e-01	4.986049e-01	4.884795e-01	4.960466e-01	4.926612e-01	5.086672e-01	4.986937e-01	5.003162e-01	5.007167e-01	0.000000e+00	1	8.820812e-02
2.435110e-01	4.366308e-01	8.690521e-01	6.676584e-01	6.761265e-01	5.012173e-01	5.002302e-01	5.028243e-01	4.997202e-01	4.977676e-01	5.020309e-01	5.192739e-01	4.531091e-01	5.022140e-01	4.992026e-01	0.000000e+00	1	8.805423e-02
2.640621e-01	4.035723e-01	8.928717e-01	6.847139e-01	6.311423e-01	4.857528e-01	4.960859e-01	4.815274e-01	4.945339e-01	4.739986e-01	5.564664e-01	5.777921e-01	5.080517e-01	5.643027e-01	4.902579e-01	0.000000e+00	1	8.651621e-02
4.463523e-01	6.927427e-01	5.749766e-01	3.878215e-01	6.356139e-01	4.680974e-01	5.094705e-01	4.919945e-01	5.452635e-01	4.916830e-01	5.275478e-01	5.050381e-01	4.913477e-01	4.929348e-01	5.254988e-01	0.000000e+00	1	8.265321e-02
5.526766e-01	6.867920e-01	5.011263e-01	3.290716e-01	5.686178e-01	5.030018e-01	5.103603e-01	5.083444e-01	4.797538e-01	3.893262e-01	5.306598e-01	5.143652e-01	4.991032e-01	4.947830e-01	5.037021e-01	0.000000e+00	1	8.194394e-02
6.268861e-01	4.817625e-01	6.346097e-01	4.305896e-01	4.171367e-01	5.170603e-01	5.164934e-01	5.065512e-01	5.061216e-01	4.078745e-01	4.986828e-01	5.029605e-01	4.835418e-01	4.337339e-01	4.973675e-01	0.000000e+00	1	8.150032e-02
2.610109e-01	4.381062e-01	8.640852e-01	6.605757e-01	6.579416e-01	5.011402e-01	4.981516e-01	5.097381e-01	4.946442e-01	4.714912e-01	5.433833e-01	5.181337e-01	5.080517e-01	4.958132e-01	4.893420e-01	0.000000e+00	1	8.110743e-02
6.540433e-01	5.559306e-01	5.900403e-01	3.833766e-01	4.484914e-01	5.013746e-01	5.027992e-01	5.007340e-01	6.643432e-01	5.059624e-01	5.177226e-01	5.021684e-01	6.163709e-01	4.970915e-01	5.264443e-01	0.000000e+00	1	8.064126e-02
1.024473e+00	1.271515e-01	1.129405e-01	6.937228e-02	7.861145e-02	5.206370e-01	4.903769e-01	5.012218e-01	5.325304e-01	4.840521e-01	6.501169e-01	5.178175e-01	6.167415e-01	4.905665e-01	5.095020e-01	0.000000e+00	1	7.836560e-02
8.307446e-02	3.233715e-01	9.476335e-01	7.843503e-01	8.399136e-01	5.019432e-01	5.033871e-01	4.992168e-01	5.381229e-01	4.952366e-01	4.801202e-01	5.028682e-01	5.039463e-01	5.516818e-01	4.878852e-01	0.000000e+00	1	7.760202e-02
1.464755e-01	7.004102e-01	7.159434e-01	5.001694e-01	8.687563e-01	5.101143e-01	5.004965e-01	4.988203e-01	5.445600e-01	4.937465e-01	5.104830e-01	5.091711e-01	5.920070e-01	5.214820e-01	5.312748e-01	0.000000e+00	1	7.673295e-02
6.181758e-01	5.025500e-01	6.180858e-01	4.200589e-01	4.345512e-01	4.869275e-01	4.971064e-01	5.065512e-01	5.441522e-01	4.587837e-01	5.054399e-01	5.010841e-01	4.942968e-01	4.337339e-01	4.978973e-01	0.000000e+00	1	7.626156e-02
4.589520e-03	6.828821e-02	9.977794e-01	9.563996e-01	9.572782e-01	5.012296e-01	5.003812e-01	5.084366e-01	4.965147e-01	4.977057e-01	5.024651e-01	5.050103e-01	4.987138e-01	4.994509e-01	4.992025e-01	0.000000e+00	1	7.621412e-02
2.452950e-02	8.550429e-01	5.369778e-01	3.568748e-01	9.817416e-01	5.012173e-01	5.037242e-01	4.746774e-01	4.997202e-01	4.971780e-01	5.026017e-01	5.015960e-01	5.897726e-01	4.996574e-01	4.647900e-01	0.000000e+00	1	7.503784e-02
7.508445e-01	6.507166e-02	6.636791e-01	4.596383e-01	5.503491e-02	5.100081e-01	5.004605e-01	4.988203e-01	5.445600e-01	4.935538e-01	5.393000e-01	5.090328e-01	5.024417e-01	5.214820e-01	4.978844e-01	0.000000e+00	1	7.169437e-02
7.804323e-01	3.904880e-01	5.083571e-01	3.358008e-01	2.953446e-01	5.201723e-01	4.720650e-01	5.027551e-01	4.983858e-01	4.298809e-01	5.393652e-01	5.117266e-01	4.984119e-01	5.462297e-01	4.991314e-01	0.000000e+00	1	7.130283e-02
8.590547e-01	4.239231e-02	5.856380e-01	3.805640e-01	3.139021e-02	4.994967e-01	5.091225e-01	5.023489e-01	6.608550e-01	5.059624e-01	5.176420e-01	5.021684e-01	6.163709e-01	5.085213e-01	5.249039e-01	0.000000e+00	1	7.070680e-02
9.624179e-01	5.263610e-02	2.795867e-01	1.797323e-01	3.478305e-02	4.918194e-01	5.059348e-01	4.849440e-01	5.424228e-01	5.078738e-01	5.303160e-01	5.187598e-01	4.956838e-01	5.031464e-01	4.901355e-01	0.000000e+00	1	6.865410e-02
8.174131e-01	4.431611e-01	3.768999e-01	2.451682e-01	3.162707e-01	5.012588e-01	5.008937e-01	4.977952e-01	4.997202e-01	4.952504e-01	4.550039e-01	5.016421e-01	4.985196e-01	4.996489e-01	4.647900e-01	0.000000e+00	1	6.830610e-02
3.774060e-01	8.446040e-01	3.860183e-01	2.516626e-01	7.324758e-01	5.208820e-01	5.014495e-01	4.959475e-01	5.234728e-01	4.952559e-01	5.144445e-01	5.017158e-01	4.956566e-01	5.011050e-01	4.662655e-01	0.000000e+00	1	6.776446e-02
1.691788e-01	3.860385e-01	9.217569e-01	7.269700e-01	7.370542e-01	5.290205e-01	4.645586e-01	5.276568e-01	5.498782e-01	4.953289e-01	5.148109e-01	4.366185e-01	5.529834e-01	5.306447e-01	5.139257e-01	0.000000e+00	1	6.775216e-02
9.406420e-01	2.853690e-01	1.879224e-01	1.202560e-01	1.875176e-01	4.850471e-01	4.886949e-01	4.986049e-01	4.884795e-01	4.960466e-01	5.056215e-01	5.028174e-01	4.898991e-01	4.884234e-01	5.011255e-01	0.000000e+00	1	6.630115e-02
2.794584e-01	6.368228e-01	7.306854e-01	5.157292e-01	7.367398e-01	5.044373e-01	5.290970e-01	4.370544e-01	5.521994e-01	4.984307e-01	5.031885e-01	5.063672e-01	4.715352e-01	5.176064e-01	5.024412e-01	0.000000e+00	1	6.614017e-02
5.271266e-01	5.459391e-01	6.753928e-01	4.629814e-01	5.111598e-01	4.979506e-01	4.981695e-01	5.094147e-01	5.419021e-01	4.568827e-01	4.707809e-01	5.026015e-01	6.011455e-01	5.068300e-01	5.325352e-01	0.000000e+00	1	6.481899e-02
8.435497e-01	5.370162e-01	4.564007e-02	2.903576e-02	3.609048e-01	4.850471e-01	5.089195e-01	4.986049e-01	4.884795e-01	4.960466e-01	4.926612e-01	5.086672e-01	4.986937e-01	5.209191e-01	5.007167e-01	0.000000e+00	1	6.404198e-02
7.898604e-01	6.464550e-01	7.094536e-02	4.417915e-02	4.366482e-01	4.724996e-01	5.029449e-01	4.913617e-01	5.465800e-01	5.200378e-01	5.155747e-01	5.025376e-01	3.604634e-01	4.968377e-01	5.006115e-01	0.000000e+00	1	6.396759e-02
7.576107e-01	4.005109e-01	5.269547e-01	3.509756e-01	3.095908e-01	5.012173e-01	5.008937e-01	4.746774e-01	4.950365e-01	4.935939e-01	5.081856e-01	5.716517e-01	4.983281e-01	5.062896e-01	4.921584e-01	0.000000e+00	1	6.333321e-02
8.694805e-01	2.204073e-01	5.399791e-01	3.449752e-01	1.580495e-01	5.030403e-01	5.091225e-01	5.023489e-01	6.643432e-01	5.051419e-01	5.176420e-01	5.029086e-01	6.163709e-01	5.731768e-01	5.249695e-01	0.000000e+00	1	6.297508e-02
1.013897e+00	1.376563e-01	1.162190e-01	7.200122e-02	8.590829e-02	5.206370e-01	5.016506e-01	5.004110e-01	5.325304e-01	4.840521e-01	6.159755e-01	5.207089e-01	6.167415e-01	5.213830e-01	5.084620e-01	0.000000e+00	1	6.289736e-02
7.067297e-01	6.048338e-02	7.158417e-01	5.029163e-01	5.435079e-02	5.234320e-01	4.997245e-01	4.857509e-01	5.514827e-01	4.844876e-01	4.968944e-01	4.525782e-01	4.931723e-01	4.936649e-01	5.419368e-01	0.000000e+00	1	6.249065e-02
3.700656e-02	1.004909e+00	2.071803e-02	1.311434e-02	9.765666e-01	5.002677e-01	5.098743e-01	4.986062e-01	5.140814e-01	5.398153e-01	5.327723e-01	5.015824e-01	4.623213e-01	4.996865e-01	4.622654e-01	0.000000e+00	1	6.243329e-02
3.542977e-01	5.541110e-01	7.703662e-01	5.501231e-01	6.378358e-01	4.857528e-01	4.960859e-01	4.362872e-01	4.992176e-01	4.739986e-01	5.561209e-01	5.077825e-01	5.080517e-01	5.576620e-01	4.628895e-01	0.000000e+00	1	6.214050e-02
8.596941e-01	2.095222e-01	5.496716e-01	3.538717e-01	1.521882e-01	5.001509e-01	5.091225e-01	5.023489e-01	6.643432e-01	5.059624e-01	5.176420e-01	5.021684e-01	6.163709e-01	5.085213e-01	5.249695e-01	0.000000e+00	1	6.038416e-02
