1.623075e-15	9.230962e-29	1.004661e+00	1.000000e+00	3.620666e-14	5.029451e-01	5.074345e-01	4.941236e-01	4.967672e-01	5.299087e-01	4.782256e-01	5.458820e-01	5.066478e-01	4.973705e-01	5.320568e-01	0.000000e+00	1	1.000000e+14
2.610327e-30	1.615757e-15	1.000131e+00	1.000000e+00	1.000000e+00	5.012296e-01	5.003812e-01	5.080554e-01	4.965147e-01	4.959912e-01	5.024651e-01	5.050103e-01	4.979031e-01	4.994686e-01	4.992029e-01	0.000000e+00	1	1.000000e+14
1.015698e+00	6.496551e-05	2.933592e-04	1.838718e-04	4.071911e-05	4.989885e-01	4.126728e-01	4.642278e-01	5.589139e-01	4.927657e-01	4.981503e-01	5.296251e-01	5.009773e-01	4.933400e-01	5.483941e-01	0.000000e+00	1	1.000000e+14
7.519324e-16	1.470326e-15	1.022220e+00	1.000000e+00	6.990507e-01	3.633764e-01	5.006922e-01	4.639601e-01	4.973332e-01	4.820567e-01	4.981764e-01	5.132095e-01	4.999754e-01	5.417911e-01	5.012001e-01	0.000000e+00	1	1.000000e+14
5.628105e-02	9.984342e-01	4.359919e-17	2.775558e-17	9.641521e-01	5.012173e-01	5.008937e-01	4.983926e-01	4.997202e-01	4.976594e-01	4.980392e-01	5.016421e-01	4.987984e-01	4.996489e-01	4.992026e-01	0.000000e+00	1	1.000000e+14
1.727447e-02	1.010405e+00	4.405845e-17	2.775558e-17	9.891170e-01	5.012173e-01	5.008937e-01	4.330970e-01	4.997202e-01	4.976594e-01	4.997620e-01	5.543849e-01	4.987984e-01	5.557618e-01	4.992026e-01	0.000000e+00	1	1.000000e+14
3.264543e-01	7.685260e-01	5.616560e-01	3.769646e-01	7.442800e-01	4.843096e-01	5.025647e-01	5.282562e-01	5.517027e-01	4.867458e-01	5.156388e-01	5.063378e-01	5.453486e-01	4.981615e-01	5.081538e-01	0.000000e+00	1	1.303115e-01
7.367478e-01	1.791333e-01	6.539572e-01	4.530858e-01	1.518417e-01	4.828107e-01	5.042203e-01	5.240957e-01	5.015332e-01	5.009798e-01	5.059031e-01	5.073705e-01	4.839796e-01	4.974737e-01	4.952200e-01	0.000000e+00	1	1.234714e-01
6.166307e-01	5.005765e-01	6.161900e-01	4.200589e-01	4.341050e-01	4.873236e-01	4.770213e-01	5.065512e-01	5.483351e-01	4.610231e-01	5.040897e-01	5.010841e-01	4.942725e-01	4.785566e-01	4.882158e-01	0.000000e+00	1	1.232847e-01
3.644090e-01	9.298996e-01	1.541602e-01	9.749458e-02	7.622310e-01	5.045732e-01	5.044539e-01	4.977792e-01	5.337227e-01	4.704518e-01	5.446777e-01	5.049308e-01	5.025360e-01	4.834787e-01	4.211042e-01	0.000000e+00	1	1.228817e-01
1.304986e-01	3.948089e-01	9.330803e-01	7.331152e-01	7.967713e-01	4.034406e-01	5.103688e-01	5.236438e-01	5.041259e-01	5.064889e-01	4.992081e-01	4.259822e-01	5.769783e-01	5.092020e-01	4.993731e-01	0.000000e+00	1	1.213600e-01
6.364493e-01	1.277134e-01	7.668184e-01	5.527889e-01	1.260733e-01	5.011077e-01	5.233834e-01	4.435122e-01	5.189033e-01	4.866878e-01	5.031885e-01	5.198590e-01	4.990646e-01	5.019356e-01	4.990917e-01	0.000000e+00	1	1.130166e-01
5.484331e-01	8.380498e-01	2.396483e-01	1.495173e-01	6.310958e-01	4.853327e-01	6.562356e-01	5.258361e-01	4.877417e-01	4.924632e-01	4.934201e-01	5.342985e-01	5.230536e-01	5.507307e-01	5.002690e-01	0.000000e+00	1	1.113107e-01
4.059678e-01	4.535763e-01	7.976433e-01	5.850106e-01	5.352252e-01	5.026671e-01	5.004039e-01	5.075996e-01	4.992854e-01	4.977676e-01	5.221303e-01	5.210634e-01	5.150144e-01	5.140346e-01	4.557736e-01	0.000000e+00	1	1.073230e-01
6.030147e-01	7.081190e-01	4.281384e-01	2.746404e-01	5.509244e-01	4.879405e-01	4.223624e-01	5.070532e-01	4.536627e-01	3.893262e-01	5.212893e-01	5.143652e-01	5.071053e-01	4.861270e-01	5.487259e-01	0.000000e+00	1	1.060717e-01
7.023823e-01	2.574456e-01	7.129408e-01	4.846928e-01	2.236611e-01	4.992655e-01	4.730504e-01	5.656822e-01	4.969857e-01	6.528829e-01	5.409464e-01	5.476129e-01	4.992034e-01	4.995509e-01	5.320394e-01	0.000000e+00	1	9.909417e-02
6.642407e-01	8.055916e-01	3.148207e-02	1.918934e-02	5.610348e-01	6.122509e-01	5.103603e-01	3.881893e-01	4.591598e-01	3.685161e-01	5.000990e-01	5.141771e-01	4.991032e-01	4.852648e-01	5.037021e-01	0.000000e+00	1	9.854606e-02
7.798952e-01	5.141785e-01	3.754823e-01	2.433103e-01	3.710727e-01	4.683994e-01	5.008304e-01	5.315665e-01	4.745082e-01	4.950912e-01	5.013991e-01	5.025065e-01	5.080039e-01	4.542470e-01	5.440819e-01	0.000000e+00	1	9.725954e-02
5.120947e-01	1.232955e-01	8.650813e-01	6.518191e-01	1.504142e-01	4.847908e-01	5.103688e-01	5.062052e-01	5.025406e-01	5.085543e-01	5.180996e-01	4.878914e-01	5.925623e-01	4.480424e-01	5.249695e-01	0.000000e+00	1	9.585717e-02
1.973878e-01	7.259984e-01	6.707871e-01	4.635525e-01	8.309981e-01	4.859666e-01	4.789712e-01	5.656822e-01	4.999245e-01	4.895806e-01	5.250530e-01	5.476129e-01	4.992034e-01	4.995509e-01	5.025252e-01	0.000000e+00	1	9.563773e-02
9.789836e-02	8.714079e-01	4.916571e-01	3.253178e-01	9.287776e-01	5.105623e-01	5.004965e-01	5.079028e-01	4.943277e-01	4.958761e-01	5.262926e-01	5.086398e-01	5.649332e-01	4.895891e-01	5.017353e-01	0.000000e+00	1	9.517898e-02
2.717424e-01	8.995721e-01	3.549690e-01	2.299279e-01	8.132389e-01	4.844552e-01	5.051953e-01	4.992012e-01	5.345670e-01	5.070025e-01	5.340874e-01	5.116457e-01	4.804900e-01	4.635455e-01	5.027994e-01	0.000000e+00	1	9.503185e-02
4.862942e-01	8.637158e-01	2.760941e-01	1.729428e-01	6.735485e-01	4.845224e-01	6.253663e-01	4.991685e-01	5.954105e-01	4.884559e-01	5.182756e-01	5.025798e-01	4.492892e-01	4.914125e-01	5.275574e-01	0.000000e+00	1	9.389070e-02
3.183144e-01	1.119175e-01	9.639576e-01	7.856480e-01	2.152376e-01	5.020978e-01	4.396864e-01	5.050838e-01	4.967672e-01	6.156129e-01	5.380583e-01	5.482726e-01	4.935897e-01	4.886514e-01	5.176540e-01	0.000000e+00	1	8.981461e-02
6.859248e-01	5.117542e-01	5.194069e-01	3.472753e-01	4.080650e-01	5.039962e-01	5.008170e-01	4.975976e-01	4.998486e-01	4.950912e-01	5.013991e-01	5.025065e-01	4.937028e-01	4.989515e-01	5.314366e-01	0.000000e+00	1	8.820864e-02
4.594510e-01	6.835451e-01	5.973824e-01	3.994921e-01	6.232514e-01	5.718711e-01	5.075545e-01	5.077959e-01	5.000213e-01	4.074268e-01	5.040189e-01	5.513920e-01	4.953725e-01	4.798020e-01	4.775169e-01	0.000000e+00	1	8.654628e-02
4.460147e-03	9.933195e-01	1.218648e-01	7.771417e-02	9.971415e-01	4.874804e-01	4.991230e-01	4.981603e-01	4.994995e-01	5.220507e-01	5.019324e-01	4.991058e-01	5.093661e-01	5.060313e-01	4.990227e-01	0.000000e+00	1	8.612695e-02
3.458664e-02	9.091573e-01	5.559585e-01	3.491973e-01	9.757930e-01	4.053542e-01	5.004831e-01	4.650701e-01	5.118693e-01	4.806049e-01	5.156063e-01	5.000620e-01	5.727211e-01	5.727927e-01	2.885592e-01	0.000000e+00	1	8.554195e-02
4.574484e-01	8.198309e-01	3.457924e-01	2.246679e-01	6.759934e-01	5.012173e-01	5.002302e-01	5.028243e-01	4.997202e-01	4.977676e-01	5.048212e-01	5.192739e-01	5.078526e-01	5.023078e-01	4.992026e-01	0.000000e+00	1	8.443030e-02
3.937375e-01	5.711701e-01	7.255005e-01	5.142477e-01	6.157719e-01	4.990073e-01	5.011932e-01	4.797327e-01	4.857866e-01	4.879516e-01	4.995535e-01	5.469450e-01	4.931700e-01	4.886805e-01	5.257163e-01	0.000000e+00	1	8.322677e-02
8.047777e-01	4.227721e-01	4.396512e-01	2.867750e-01	3.079355e-01	5.008059e-01	4.954150e-01	4.985474e-01	5.872693e-01	5.055519e-01	5.283487e-01	4.991891e-01	4.939941e-01	4.946428e-01	5.355051e-01	0.000000e+00	1	8.293276e-02
8.992006e-01	2.628176e-02	4.723725e-01	3.078222e-01	1.860177e-02	3.948009e-01	5.045029e-01	5.080309e-01	5.016955e-01	4.927703e-01	4.754620e-01	5.040505e-01	4.958572e-01	5.599382e-01	5.251013e-01	0.000000e+00	1	8.254088e-02
9.843104e-01	4.856490e-02	2.238173e-01	1.421702e-01	3.138473e-02	4.696766e-01	4.026573e-01	4.986049e-01	4.884795e-01	4.960466e-01	5.056167e-01	5.031178e-01	4.992177e-01	4.961144e-01	5.011255e-01	0.000000e+00	1	8.069551e-02
3.655478e-01	5.349142e-01	7.746406e-01	5.565760e-01	6.183580e-01	5.034242e-01	4.960859e-01	4.362872e-01	4.993021e-01	4.807450e-01	5.379404e-01	5.086156e-01	5.061058e-01	5.577050e-01	5.229375e-01	0.000000e+00	1	8.003453e-02
7.549013e-01	7.269395e-02	6.541132e-01	4.530858e-01	6.111548e-02	4.828107e-01	5.042203e-01	5.240957e-01	5.015332e-01	5.009798e-01	5.059031e-01	5.073705e-01	4.839796e-01	4.843422e-01	4.952200e-01	0.000000e+00	1	7.965175e-02
5.790926e-01	2.036057e-01	8.327676e-01	5.956179e-01	2.152376e-01	4.992655e-01	4.730504e-01	5.119194e-01	4.975053e-01	6.528829e-01	5.425623e-01	5.476129e-01	4.599183e-01	5.603322e-01	5.313409e-01	0.000000e+00	1	7.929757e-02
9.256730e-01	2.902993e-01	2.638223e-01	1.690385e-01	1.934655e-01	4.956494e-01	5.004040e-01	4.751714e-01	4.959555e-01	5.299087e-01	5.183699e-01	5.458820e-01	5.068880e-01	5.171666e-01	5.320568e-01	0.000000e+00	1	7.922991e-02
8.817171e-01	3.660878e-01	3.973574e-01	2.510859e-01	2.505351e-01	4.977541e-01	4.992746e-01	4.992012e-01	5.316281e-01	6.703037e-01	5.344801e-01	5.116457e-01	4.804900e-01	4.635455e-01	5.323137e-01	0.000000e+00	1	7.902921e-02
1.910517e-01	4.059335e-01	9.017759e-01	7.061005e-01	7.199565e-01	5.021962e-01	5.403393e-01	4.738738e-01	4.781529e-01	4.423820e-01	5.031789e-01	5.276492e-01	5.013041e-01	5.180881e-01	4.999853e-01	0.000000e+00	1	7.880438e-02
2.561617e-01	4.252680e-01	8.858374e-01	6.747996e-01	6.548577e-01	5.102252e-01	5.451528e-01	4.738752e-01	5.844229e-01	4.461791e-01	4.673455e-01	5.300871e-01	5.093465e-01	5.236799e-01	4.991661e-01	0.000000e+00	1	7.803168e-02
1.804519e-01	5.887157e-01	8.353554e-01	5.956179e-01	8.106529e-01	4.992655e-01	4.764670e-01	4.997364e-01	4.967672e-01	6.528829e-01	5.422394e-01	5.476129e-01	4.599183e-01	4.096223e-01	5.025791e-01	0.000000e+00	1	7.762493e-02
4.186526e-01	4.677487e-01	7.879957e-01	5.717569e-01	5.352252e-01	5.039643e-01	5.003956e-01	5.051985e-01	4.992854e-01	4.977676e-01	5.221303e-01	5.192739e-01	5.157434e-01	5.660053e-01	4.557736e-01	0.000000e+00	1	7.706620e-02
3.861279e-01	6.637825e-01	6.888446e-01	4.654769e-01	6.645897e-01	5.102252e-01	5.004965e-01	4.967178e-01	5.954105e-01	4.453784e-01	6.033891e-01	5.898032e-01	5.093465e-01	5.236799e-01	4.991661e-01	0.000000e+00	1	7.602238e-02
9.562714e-01	3.240611e-01	2.139136e-01	1.329096e-01	2.080054e-01	5.026443e-01	5.695478e-01	4.202104e-01	5.680343e-01	3.742553e-01	5.104830e-01	5.169103e-01	4.992739e-01	4.928077e-01	4.990878e-01	0.000000e+00	1	7.371363e-02
9.314037e-01	3.680798e-01	1.814516e-01	1.141053e-01	2.395928e-01	4.850471e-01	6.035904e-01	4.986049e-01	4.884795e-01	4.960466e-01	5.056167e-01	5.031178e-01	4.898991e-01	5.809459e-01	5.011255e-01	0.000000e+00	1	7.258453e-02
5.513084e-01	7.778127e-01	3.274579e-01	2.106231e-01	6.074582e-01	4.748700e-01	4.913378e-01	4.908328e-01	5.030391e-01	5.485433e-01	5.371845e-01	4.525782e-01	5.306228e-01	4.928160e-01	5.164795e-01	0.000000e+00	1	7.228847e-02
5.844231e-02	9.650713e-01	3.144654e-01	2.001907e-01	9.614949e-01	5.105623e-01	5.004965e-01	5.015731e-01	5.585991e-01	4.837106e-01	5.249533e-01	5.593753e-01	5.896028e-01	4.891224e-01	4.758047e-01	0.000000e+00	1	7.181848e-02
3.673675e-01	6.257640e-01	7.183131e-01	4.967739e-01	6.620452e-01	5.021962e-01	4.956830e-01	4.967165e-01	4.891405e-01	4.415814e-01	5.975135e-01	5.873654e-01	5.013041e-01	5.180881e-01	4.999853e-01	0.000000e+00	1	7.051114e-02
2.951306e-01	6.270731e-01	7.289913e-01	5.160853e-01	7.199565e-01	4.993639e-01	5.290970e-01	4.803741e-01	4.781529e-01	4.869210e-01	5.031885e-01	5.170574e-01	4.421250e-01	5.180881e-01	4.999853e-01	0.000000e+00	1	6.983724e-02
6.601138e-01	8.060650e-01	6.858161e-02	4.184548e-02	5.631644e-01	6.122509e-01	5.117146e-01	3.881893e-01	4.787514e-01	3.657235e-01	5.000990e-01	5.138919e-01	5.040217e-01	4.865831e-01	5.037136e-01	0.000000e+00	1	6.981216e-02
4.687528e-01	8.649328e-01	3.079080e-01	1.931021e-01	6.838266e-01	4.845224e-01	6.392351e-01	4.991685e-01	5.954105e-01	4.884559e-01	5.104014e-01	5.028061e-01	5.431475e-01	4.975476e-01	5.000293e-01	0.000000e+00	1	6.797868e-02
7.244765e-01	2.655438e-01	6.867928e-01	4.630180e-01	2.236611e-01	4.992655e-01	4.730504e-01	5.119194e-01	4.935095e-01	6.528829e-01	5.425623e-01	5.476129e-01	4.982845e-01	5.603322e-01	5.313409e-01	0.000000e+00	1	6.488325e-02
9.753282e-01	1.883252e-01	1.218665e-01	7.771417e-02	1.214299e-01	4.874804e-01	4.970737e-01	4.981603e-01	4.994995e-01	5.220507e-01	5.031829e-01	4.991058e-01	5.093661e-01	5.060313e-01	4.990165e-01	0.000000e+00	1	6.392025e-02
2.660544e-01	6.449822e-01	7.486688e-01	5.224241e-01	7.509323e-01	4.984989e-01	4.696660e-01	4.222493e-01	5.493346e-01	4.148451e-01	5.148109e-01	5.316706e-01	5.459060e-01	4.423480e-01	5.081538e-01	0.000000e+00	1	6.070887e-02
4.331832e-01	7.771974e-01	5.035431e-01	3.278524e-01	6.762911e-01	3.633764e-01	5.006409e-01	4.602873e-01	4.971710e-01	4.979682e-01	4.981764e-01	5.190328e-01	4.995395e-01	5.417911e-01	5.012001e-01	0.000000e+00	1	6.047444e-02
8.549041e-01	3.798104e-05	5.441525e-01	3.608560e-01	2.828327e-05	4.989885e-01	4.126728e-01	4.642278e-01	5.175617e-01	4.927657e-01	4.981503e-01	4.583887e-01	5.006245e-01	4.931365e-01	5.483941e-01	0.000000e+00	1	5.970789e-02
