1.009348e+00	6.455933e-05	2.915251e-04	1.838718e-04	4.071911e-05	4.954956e-01	4.557654e-01	4.759323e-01	5.589139e-01	4.927657e-01	4.981503e-01	5.296251e-01	5.010252e-01	4.933400e-01	5.483941e-01	0.000000e+00	1	1.000000e+14
1.623075e-15	9.230962e-29	1.004661e+00	1.000000e+00	3.620666e-14	5.029451e-01	5.074345e-01	4.941236e-01	4.967672e-01	5.299087e-01	4.782256e-01	5.458820e-01	5.066478e-01	4.973705e-01	5.320568e-01	0.000000e+00	1	1.000000e+14
1.579078e-02	1.006846e+00	4.390223e-17	2.775558e-17	9.900165e-01	5.012173e-01	5.008937e-01	4.983926e-01	5.826395e-01	4.976594e-01	4.980392e-01	5.111458e-01	4.987984e-01	4.996489e-01	4.992026e-01	0.000000e+00	1	1.000000e+14
5.628105e-02	9.984342e-01	4.359919e-17	2.775558e-17	9.641521e-01	5.012173e-01	5.008937e-01	4.983926e-01	4.997202e-01	4.976594e-01	4.980392e-01	5.016421e-01	4.987984e-01	4.996489e-01	4.992026e-01	0.000000e+00	1	1.000000e+14
6.689057e-16	1.541571e-15	1.040169e+00	1.000000e+00	7.393712e-01	4.782734e-01	5.838879e-01	4.625603e-01	5.130953e-01	5.558133e-01	4.981764e-01	6.341904e-01	4.999965e-01	5.417911e-01	5.906320e-01	0.000000e+00	1	1.000000e+14
2.610327e-30	1.615757e-15	1.000131e+00	1.000000e+00	1.000000e+00	5.012296e-01	5.003812e-01	5.080554e-01	4.965147e-01	4.959912e-01	5.024651e-01	5.050103e-01	4.979031e-01	4.994686e-01	4.992029e-01	0.000000e+00	1	1.000000e+14
1.380806e-01	3.953810e-01	9.212130e-01	7.283629e-01	7.861006e-01	5.175899e-01	5.228604e-01	5.252753e-01	5.484807e-01	5.167669e-01	4.992081e-01	4.437727e-01	4.932192e-01	5.595724e-01	5.328980e-01	0.000000e+00	1	1.374786e-01
1.961946e-01	7.216097e-01	6.667322e-01	4.635525e-01	8.309981e-01	4.859666e-01	5.020226e-01	5.157176e-01	4.777873e-01	4.894472e-01	5.222501e-01	5.015627e-01	4.992034e-01	4.995509e-01	5.178723e-01	0.000000e+00	1	1.225483e-01
2.561617e-01	4.252680e-01	8.858374e-01	6.747996e-01	6.548577e-01	5.102252e-01	5.451528e-01	4.738752e-01	5.844229e-01	4.461791e-01	4.673455e-01	5.300871e-01	5.093465e-01	5.236799e-01	4.991661e-01	0.000000e+00	1	1.218609e-01
2.396823e-01	8.088023e-01	5.433671e-01	3.642972e-01	8.165913e-01	5.039965e-01	5.263601e-01	5.282279e-01	5.003222e-01	4.934969e-01	5.221070e-01	5.094716e-01	5.156378e-01	5.078182e-01	5.314366e-01	0.000000e+00	1	1.209752e-01
6.119822e-01	1.210049e-01	8.463166e-01	5.956179e-01	1.242734e-01	4.992655e-01	4.850491e-01	5.119194e-01	4.975053e-01	6.528829e-01	5.425623e-01	6.380386e-01	4.599183e-01	5.647085e-01	5.313409e-01	0.000000e+00	1	1.182085e-01
8.062309e-02	9.742994e-01	2.168030e-01	1.389309e-01	9.474396e-01	5.099794e-01	5.078387e-01	5.072307e-01	4.692889e-01	4.961811e-01	5.056325e-01	5.082404e-01	4.996668e-01	4.895891e-01	5.011381e-01	0.000000e+00	1	1.127439e-01
9.568894e-01	2.596375e-01	1.658615e-01	1.055201e-01	1.686760e-01	5.020099e-01	4.969007e-01	5.263845e-01	4.782600e-01	4.931319e-01	4.959148e-01	5.330535e-01	4.901056e-01	4.981721e-01	4.468437e-01	0.000000e+00	1	1.102127e-01
8.659684e-01	3.595490e-01	3.965453e-01	2.547145e-01	2.505351e-01	3.842075e-01	4.992746e-01	4.992012e-01	5.294758e-01	4.603276e-01	5.160199e-01	5.097647e-01	4.804900e-01	4.635455e-01	5.116721e-01	0.000000e+00	1	1.095054e-01
9.376140e-01	2.201997e-01	3.014407e-01	1.931021e-01	1.468496e-01	4.308604e-01	4.994668e-01	5.014689e-01	5.173731e-01	4.924955e-01	5.432557e-01	4.960332e-01	5.427847e-01	4.968110e-01	5.180722e-01	0.000000e+00	1	1.053610e-01
4.236618e-01	4.652060e-01	7.898403e-01	5.717569e-01	5.297329e-01	5.039643e-01	5.003956e-01	5.035043e-01	4.992854e-01	4.977676e-01	5.221303e-01	5.192739e-01	5.157434e-01	5.803907e-01	4.528499e-01	0.000000e+00	1	1.051143e-01
2.232175e-01	6.753196e-01	7.363771e-01	5.110471e-01	7.967713e-01	4.994526e-01	5.681296e-01	5.319433e-01	5.028032e-01	5.110858e-01	4.992081e-01	4.252927e-01	5.642099e-01	5.092020e-01	4.094370e-01	0.000000e+00	1	1.014320e-01
4.023052e-01	9.480257e-01	2.195919e-02	1.357233e-02	7.445058e-01	5.483655e-01	4.571797e-01	4.762203e-01	5.571790e-01	4.727479e-01	5.469928e-01	5.047749e-01	4.304589e-01	4.011217e-01	4.329540e-01	0.000000e+00	1	9.946628e-02
4.665755e-01	8.609153e-01	3.064778e-01	1.931021e-01	6.838266e-01	4.845224e-01	6.392351e-01	5.014689e-01	5.482566e-01	4.924955e-01	5.432557e-01	5.023634e-01	5.427847e-01	4.965616e-01	5.180722e-01	0.000000e+00	1	9.779721e-02
5.581420e-01	2.119774e-01	8.099717e-01	5.956179e-01	2.310704e-01	4.993847e-01	4.732150e-01	5.119194e-01	4.975053e-01	5.001236e-01	5.425623e-01	5.448879e-01	5.181153e-01	4.855706e-01	5.317350e-01	0.000000e+00	1	9.716862e-02
9.032418e-01	3.430433e-01	3.493912e-01	2.208985e-01	2.310704e-01	4.992030e-01	4.680690e-01	5.117322e-01	4.984785e-01	6.350131e-01	5.146151e-01	4.993309e-01	4.909328e-01	4.389885e-01	5.633712e-01	0.000000e+00	1	9.192783e-02
1.118727e-01	7.375679e-02	9.948648e-01	9.147666e-01	3.710727e-01	4.656644e-01	5.008304e-01	5.315665e-01	4.745082e-01	4.950912e-01	5.013991e-01	5.031206e-01	4.994401e-01	5.033145e-01	5.312310e-01	0.000000e+00	1	9.056457e-02
1.715653e-01	9.854380e-01	1.270374e-01	8.042284e-02	8.902640e-01	5.027026e-01	5.068349e-01	4.384111e-01	4.997202e-01	4.961142e-01	4.997620e-01	4.908997e-01	4.987984e-01	5.557618e-01	4.647853e-01	0.000000e+00	1	8.951745e-02
9.183967e-01	2.880174e-01	3.019215e-01	1.935093e-01	1.934655e-01	5.683024e-01	5.055741e-01	4.752052e-01	4.957263e-01	4.847705e-01	5.182328e-01	5.515029e-01	5.068880e-01	5.122306e-01	5.003210e-01	0.000000e+00	1	8.925530e-02
3.943330e-01	9.087861e-01	2.519511e-01	1.585492e-01	7.393712e-01	4.941676e-01	5.838879e-01	4.616698e-01	5.130953e-01	5.558133e-01	4.981748e-01	5.176622e-01	5.010084e-01	5.427949e-01	5.906320e-01	0.000000e+00	1	8.892350e-02
5.783344e-01	1.800388e-01	8.092267e-01	5.909441e-01	1.921297e-01	5.102252e-01	5.529516e-01	4.738752e-01	4.952599e-01	4.461791e-01	5.413237e-01	5.300871e-01	5.157370e-01	5.271663e-01	5.264419e-01	0.000000e+00	1	8.850979e-02
7.572777e-01	1.865826e-02	6.906486e-01	4.706292e-01	1.568225e-02	4.994688e-01	5.125120e-01	5.194760e-01	5.179364e-01	3.710923e-01	4.981503e-01	5.079766e-01	5.006245e-01	4.931365e-01	4.133848e-01	0.000000e+00	1	8.721926e-02
8.627779e-01	3.246506e-01	4.103497e-01	2.666214e-01	2.291175e-01	5.012173e-01	5.344588e-01	5.042979e-01	5.360537e-01	5.001149e-01	5.067725e-01	5.118742e-01	5.064562e-01	4.205833e-01	4.987373e-01	0.000000e+00	1	8.579009e-02
3.703502e-01	4.734917e-02	9.486279e-01	7.612911e-01	8.095250e-02	4.822557e-01	5.042203e-01	5.171825e-01	5.199615e-01	5.092521e-01	6.335647e-01	5.143746e-01	4.852811e-01	4.991240e-01	5.091232e-01	0.000000e+00	1	8.448176e-02
2.933882e-01	2.312928e-01	9.492122e-01	7.612911e-01	4.250057e-01	4.921179e-01	5.005715e-01	5.171825e-01	5.088891e-01	5.093015e-01	6.335647e-01	5.143746e-01	4.871356e-01	4.991240e-01	5.367557e-01	0.000000e+00	1	8.438770e-02
8.143588e-01	6.022086e-01	1.835060e-01	1.141053e-01	4.053609e-01	4.850471e-01	6.035904e-01	3.926442e-01	4.884795e-01	4.960466e-01	5.056167e-01	5.031178e-01	4.898991e-01	5.809459e-01	5.011255e-01	0.000000e+00	1	8.308705e-02
7.787314e-01	5.134113e-01	3.749220e-01	2.433103e-01	3.710727e-01	4.683994e-01	4.777789e-01	5.314395e-01	4.950218e-01	4.952246e-01	5.013991e-01	5.222246e-01	5.080039e-01	4.542470e-01	5.097227e-01	0.000000e+00	1	8.284359e-02
5.599604e-01	5.914049e-01	6.004421e-01	4.044363e-01	5.173821e-01	5.039643e-01	4.800532e-01	5.083685e-01	4.042631e-01	4.979427e-01	4.981848e-01	5.132721e-01	4.994733e-01	5.079804e-01	4.557736e-01	0.000000e+00	1	8.250758e-02
5.318153e-01	7.365919e-01	4.595746e-01	2.981416e-01	6.018991e-01	5.105623e-01	5.130312e-01	4.228027e-01	4.945142e-01	4.937239e-01	5.267188e-01	3.951896e-01	5.040887e-01	4.895891e-01	5.017353e-01	0.000000e+00	1	8.250000e-02
5.371638e-01	8.442228e-01	2.055367e-01	1.289726e-01	6.392460e-01	3.612993e-01	5.006922e-01	4.978486e-01	4.973332e-01	4.822949e-01	5.142486e-01	4.977413e-01	4.998706e-01	5.417911e-01	5.012001e-01	0.000000e+00	1	8.188893e-02
4.826638e-01	8.795924e-01	5.110447e-02	3.239852e-02	6.804983e-01	4.987053e-01	5.040136e-01	4.674935e-01	4.999641e-01	4.807272e-01	4.990776e-01	5.458820e-01	5.066959e-01	5.053753e-01	5.315127e-01	0.000000e+00	1	8.121814e-02
6.859120e-01	5.117446e-01	5.193971e-01	3.472753e-01	4.080650e-01	5.039962e-01	5.008170e-01	4.975976e-01	4.998486e-01	5.023099e-01	5.013991e-01	5.025065e-01	4.937028e-01	4.989515e-01	5.314366e-01	0.000000e+00	1	7.911593e-02
5.748779e-01	6.611676e-01	4.957071e-01	3.277828e-01	5.443712e-01	5.098726e-01	4.585984e-01	4.741484e-01	4.962441e-01	4.937239e-01	5.267188e-01	5.301579e-01	5.040887e-01	4.895891e-01	5.487075e-01	0.000000e+00	1	7.746954e-02
4.944703e-01	1.550703e-01	9.008243e-01	6.676615e-01	1.934655e-01	4.956494e-01	4.632002e-01	4.751714e-01	4.959697e-01	5.299087e-01	6.758600e-01	5.458820e-01	5.068880e-01	4.526859e-01	5.320568e-01	0.000000e+00	1	7.734848e-02
3.513872e-01	4.194651e-02	9.628785e-01	7.757817e-01	7.563795e-02	5.102391e-01	5.042203e-01	4.213372e-01	5.199615e-01	5.092521e-01	6.358860e-01	5.143746e-01	4.852811e-01	5.091386e-01	5.091232e-01	0.000000e+00	1	7.649060e-02
4.541497e-01	4.924230e-01	7.712055e-01	5.446908e-01	5.257268e-01	5.989450e-01	5.003956e-01	5.039662e-01	5.526131e-01	4.993618e-01	5.014223e-01	5.205845e-01	5.163235e-01	5.776135e-01	4.528499e-01	0.000000e+00	1	7.645487e-02
4.954211e-01	6.225785e-01	7.254172e-01	4.706292e-01	5.720971e-01	4.994688e-01	6.522800e-01	5.194760e-01	5.488198e-01	2.963911e-01	4.981503e-01	4.583887e-01	5.006245e-01	4.928871e-01	4.133848e-01	0.000000e+00	1	7.623978e-02
7.318644e-01	5.515464e-01	4.079391e-01	2.666214e-01	4.111372e-01	4.916455e-01	5.003854e-01	5.031899e-01	4.977302e-01	4.645461e-01	5.049201e-01	4.855382e-01	5.065295e-01	4.996851e-01	5.387096e-01	0.000000e+00	1	7.621429e-02
5.017511e-02	1.006351e+00	1.000123e-01	6.298317e-02	9.682854e-01	5.012223e-01	4.254198e-01	4.977899e-01	5.369670e-01	5.157415e-01	5.060334e-01	5.705444e-01	4.987984e-01	4.812658e-01	4.979211e-01	0.000000e+00	1	7.612597e-02
3.321361e-01	7.038540e-01	6.401694e-01	4.382075e-01	7.193135e-01	4.995308e-01	5.010388e-01	4.737745e-01	4.778087e-01	5.118927e-01	5.032296e-01	5.276492e-01	5.263011e-01	4.296519e-01	4.984654e-01	0.000000e+00	1	7.513224e-02
6.568015e-01	7.701587e-01	8.103808e-03	5.096794e-03	5.504669e-01	4.632593e-01	4.223624e-01	4.980276e-01	4.585080e-01	4.993782e-01	5.190499e-01	5.143652e-01	5.071529e-01	4.870689e-01	5.483060e-01	0.000000e+00	1	7.499631e-02
2.628831e-01	6.528096e-01	7.449237e-01	5.180877e-01	7.562845e-01	3.846315e-01	5.001892e-01	4.577461e-01	5.294579e-01	4.209757e-01	5.150343e-01	5.101970e-01	5.459060e-01	4.919933e-01	5.085488e-01	0.000000e+00	1	7.410466e-02
4.461518e-01	8.548445e-01	3.486955e-01	2.208985e-01	6.937722e-01	4.741695e-01	4.680690e-01	5.117322e-01	4.990779e-01	6.285268e-01	5.146151e-01	4.725394e-01	4.908465e-01	4.556637e-01	5.633712e-01	0.000000e+00	1	7.402746e-02
3.380427e-01	7.010399e-01	6.401720e-01	4.382075e-01	7.139617e-01	5.022170e-01	5.010388e-01	4.737745e-01	4.778087e-01	5.118927e-01	5.032296e-01	5.276492e-01	5.263011e-01	4.296519e-01	4.986386e-01	0.000000e+00	1	7.295019e-02
7.461051e-01	2.357862e-02	6.805922e-01	4.706292e-01	2.011194e-02	4.994688e-01	5.125120e-01	5.194760e-01	5.179364e-01	4.951958e-01	4.981503e-01	4.583887e-01	5.006245e-01	4.931365e-01	4.133848e-01	0.000000e+00	1	7.130069e-02
9.879802e-01	6.731015e-02	1.761305e-01	1.120580e-01	4.330538e-02	5.022170e-01	4.943412e-01	4.737745e-01	4.778087e-01	5.118927e-01	4.977039e-01	5.428180e-01	4.897831e-01	4.953382e-01	5.498848e-01	0.000000e+00	1	7.054180e-02
6.027625e-01	6.413395e-01	4.979660e-01	3.277828e-01	5.197339e-01	5.098726e-01	5.130312e-01	5.011203e-01	4.945142e-01	4.937239e-01	5.267188e-01	4.114505e-01	5.040887e-01	4.895891e-01	5.471524e-01	0.000000e+00	1	7.032462e-02
8.753459e-02	2.634728e-01	9.709240e-01	8.226917e-01	7.957974e-01	5.051417e-01	4.534856e-01	5.251067e-01	4.981787e-01	4.952354e-01	4.992081e-01	4.461730e-01	4.932192e-01	5.536959e-01	5.341291e-01	0.000000e+00	1	6.974646e-02
2.946956e-01	4.892402e-01	8.560120e-01	6.254261e-01	6.548577e-01	5.087399e-01	5.451528e-01	4.685611e-01	5.191589e-01	4.477242e-01	4.217323e-01	6.268025e-01	5.093465e-01	5.236799e-01	4.991661e-01	0.000000e+00	1	6.635262e-02
1.567226e-01	6.099097e-01	8.024159e-01	5.763969e-01	8.398782e-01	4.972279e-01	5.303943e-01	4.824751e-01	5.295605e-01	4.055861e-01	5.152186e-01	5.055299e-01	4.308611e-01	4.372117e-01	5.003294e-01	0.000000e+00	1	6.504645e-02
4.301024e-01	9.129643e-01	1.275147e-01	8.001406e-02	7.197180e-01	5.222116e-01	5.075519e-01	4.798761e-01	5.339108e-01	4.306186e-01	5.471106e-01	5.049308e-01	4.787171e-01	4.441732e-01	4.329540e-01	0.000000e+00	1	6.469922e-02
