2.610148e-30	1.615646e-15	1.000063e+00	1.000000e+00	1.000000e+00	5.012175e-01	5.003812e-01	4.979575e-01	4.957513e-01	4.959912e-01	5.005826e-01	5.044955e-01	4.987691e-01	4.994617e-01	4.992029e-01	0.000000e+00	1	1.000000e+14
1.636800e-15	5.484028e-29	1.013157e+00	1.000000e+00	2.132967e-14	5.142952e-01	5.005843e-01	4.832146e-01	4.097390e-01	5.329146e-01	4.436820e-01	5.076374e-01	4.978758e-01	4.958117e-01	4.862838e-01	0.000000e+00	1	1.000000e+14
9.825886e-05	1.003694e+00	1.101393e-02	6.985598e-03	9.999377e-01	5.238291e-01	4.802196e-01	5.477550e-01	5.002072e-01	5.190040e-01	5.047012e-01	5.044452e-01	5.061680e-01	5.005645e-01	5.085594e-01	0.000000e+00	1	1.000000e+14
1.509006e-15	7.122291e-16	1.032867e+00	1.000000e+00	2.807405e-01	5.249743e-01	5.265051e-01	4.859712e-01	3.774854e-01	5.628350e-01	4.076060e-01	5.013106e-01	5.062856e-01	5.615624e-01	4.957584e-01	0.000000e+00	1	1.000000e+14
5.628096e-02	9.984325e-01	4.359912e-17	2.775558e-17	9.641521e-01	5.012173e-01	5.008937e-01	4.983926e-01	4.997202e-01	4.980361e-01	4.980392e-01	5.016421e-01	4.987984e-01	4.996489e-01	4.992026e-01	0.000000e+00	1	1.000000e+14
1.020582e+00	1.515286e-02	4.245195e-03	2.647766e-03	9.451373e-03	4.519208e-01	5.000339e-01	5.284986e-01	4.988928e-01	4.805965e-01	4.995326e-01	5.595411e-01	5.779949e-01	4.997371e-01	5.870226e-01	0.000000e+00	1	1.000000e+14
8.480485e-01	5.062214e-01	2.569516e-01	1.620344e-01	3.426004e-01	4.065843e-01	5.004221e-01	4.471334e-01	4.810164e-01	4.953170e-01	4.945009e-01	5.608579e-01	5.694868e-01	4.963321e-01	4.932936e-01	0.000000e+00	1	1.315469e-01
6.443183e-01	1.712688e-01	7.605379e-01	5.417998e-01	1.653978e-01	5.016118e-01	5.076356e-01	4.969646e-01	4.980560e-01	5.040191e-01	4.776852e-01	4.900250e-01	5.280384e-01	5.164176e-01	5.981860e-01	0.000000e+00	1	1.214207e-01
5.749555e-01	8.267866e-01	2.150523e-01	1.339363e-01	6.131652e-01	5.056992e-01	6.232346e-01	3.804824e-01	4.986853e-01	5.055955e-01	4.944931e-01	5.029380e-01	4.966933e-01	5.058776e-01	4.883865e-01	0.000000e+00	1	1.174896e-01
4.877053e-01	2.947113e-01	8.449586e-01	6.222727e-01	3.460421e-01	4.878779e-01	6.087632e-01	4.835581e-01	4.949445e-01	5.244511e-01	5.511209e-01	4.939196e-01	5.162290e-01	5.015558e-01	4.420044e-01	0.000000e+00	1	1.147364e-01
9.340167e-02	7.190125e-01	7.080154e-01	4.924314e-01	9.177619e-01	6.003910e-01	4.931475e-01	5.263196e-01	5.280062e-01	4.955802e-01	5.076753e-01	4.963359e-01	4.770411e-01	5.001685e-01	5.343959e-01	0.000000e+00	1	1.118950e-01
3.576283e-01	2.991237e-01	8.894272e-01	6.926303e-01	4.434381e-01	5.001967e-01	5.028197e-01	5.311062e-01	4.826722e-01	4.959722e-01	4.945009e-01	5.107939e-01	5.056984e-01	4.643077e-01	5.383768e-01	0.000000e+00	1	1.065290e-01
7.949048e-01	6.075152e-01	5.707241e-02	3.627689e-02	4.154366e-01	5.359837e-01	5.142203e-01	4.904324e-01	4.953086e-01	4.973067e-01	4.940741e-01	4.979044e-01	4.985225e-01	4.844980e-01	4.858292e-01	0.000000e+00	1	1.057900e-01
8.807309e-01	3.715485e-01	3.642259e-01	2.317601e-01	2.541458e-01	4.624632e-01	4.988425e-01	5.131481e-01	4.952987e-01	4.962152e-01	5.043195e-01	4.956139e-01	5.310227e-01	6.324539e-01	4.473608e-01	0.000000e+00	1	1.049829e-01
4.116094e-01	1.094115e-01	9.447913e-01	7.303845e-01	1.653978e-01	5.016118e-01	5.076356e-01	4.969646e-01	4.980560e-01	5.040191e-01	4.776852e-01	4.900250e-01	5.271279e-01	6.590197e-01	5.981860e-01	0.000000e+00	1	1.004289e-01
5.996897e-01	4.135053e-01	6.912937e-01	4.833502e-01	3.843057e-01	5.010686e-01	4.982122e-01	4.884216e-01	5.440443e-01	5.046598e-01	5.425014e-01	4.931970e-01	4.991060e-01	4.875256e-01	4.884828e-01	0.000000e+00	1	1.000004e-01
2.328513e-01	9.544336e-01	2.080711e-01	1.328681e-01	8.476610e-01	5.245885e-01	4.942606e-01	4.859447e-01	4.736495e-01	5.403788e-01	4.945009e-01	5.018106e-01	5.075535e-01	4.700251e-01	4.916021e-01	0.000000e+00	1	9.917686e-02
1.867907e-01	7.656359e-01	6.278834e-01	4.282755e-01	8.476610e-01	4.924713e-01	4.942606e-01	4.787570e-01	4.338458e-01	5.403788e-01	5.046044e-01	5.018106e-01	5.075535e-01	4.694311e-01	4.916021e-01	0.000000e+00	1	9.777135e-02
1.147225e-01	4.010112e-01	9.252607e-01	7.303845e-01	8.226119e-01	5.016118e-01	5.076356e-01	4.791214e-01	4.980560e-01	5.040191e-01	4.776852e-01	4.900250e-01	5.271279e-01	4.658003e-01	6.091241e-01	0.000000e+00	1	9.655889e-02
3.057253e-01	9.182177e-01	2.675611e-01	1.717169e-01	7.953840e-01	4.991115e-01	5.002185e-01	5.159107e-01	5.493774e-01	4.978250e-01	5.307283e-01	4.969749e-01	4.977558e-01	4.820535e-01	4.897723e-01	0.000000e+00	1	9.563659e-02
1.993404e-01	7.493787e-01	6.408068e-01	4.396626e-01	8.344872e-01	4.927290e-01	4.746558e-01	4.790322e-01	5.280058e-01	5.585561e-01	5.050756e-01	4.984782e-01	4.829476e-01	5.008038e-01	4.831492e-01	0.000000e+00	1	9.517216e-02
5.394842e-01	8.434408e-01	1.802203e-01	1.133782e-01	6.377342e-01	5.011647e-01	5.114394e-01	4.993925e-01	5.053710e-01	4.958166e-01	4.945009e-01	5.036568e-01	5.062198e-01	6.228777e-01	5.441307e-01	0.000000e+00	1	9.255441e-02
8.279207e-01	3.887718e-01	4.206462e-01	2.744165e-01	2.794848e-01	5.510118e-01	4.990962e-01	5.131481e-01	4.952987e-01	4.999227e-01	4.943065e-01	4.994007e-01	5.186607e-01	4.679271e-01	5.503909e-01	0.000000e+00	1	9.233701e-02
7.795601e-01	6.520313e-01	1.891001e-01	1.171151e-01	4.434381e-01	5.282496e-01	5.028172e-01	3.279144e-01	4.826722e-01	4.982561e-01	4.944924e-01	5.107939e-01	5.056984e-01	4.643077e-01	5.395428e-01	0.000000e+00	1	9.122380e-02
3.923755e-01	3.281865e-01	8.721021e-01	6.622914e-01	4.434381e-01	5.001967e-01	4.350698e-01	5.323212e-01	4.826722e-01	4.392716e-01	4.792292e-01	5.107939e-01	5.056984e-01	4.650784e-01	5.019029e-01	0.000000e+00	1	9.109247e-02
2.662126e-01	6.814496e-01	6.883626e-01	4.806199e-01	7.629064e-01	4.867355e-01	4.886573e-01	5.059574e-01	4.952987e-01	5.331633e-01	4.943065e-01	4.993667e-01	5.056128e-01	4.805973e-01	5.512816e-01	0.000000e+00	1	9.065198e-02
3.178615e-02	5.638909e-01	8.290870e-01	6.192971e-01	9.641521e-01	4.500798e-01	5.022128e-01	4.951190e-01	4.997202e-01	4.980361e-01	4.980392e-01	5.016421e-01	4.987984e-01	4.745856e-01	4.992026e-01	0.000000e+00	1	9.052552e-02
3.350395e-01	7.346032e-01	6.476338e-01	4.303769e-01	7.275901e-01	6.745803e-01	5.000637e-01	5.186401e-01	4.953086e-01	5.347475e-01	5.411818e-01	4.927240e-01	5.197962e-01	5.249456e-01	5.151360e-01	0.000000e+00	1	8.926420e-02
7.598986e-01	4.300798e-01	6.041660e-01	3.853381e-01	3.278728e-01	5.379487e-01	5.260610e-01	5.288298e-01	2.644837e-01	4.981986e-01	5.024296e-01	4.979709e-01	5.009837e-01	5.532646e-01	4.768516e-01	0.000000e+00	1	8.624782e-02
4.549198e-01	9.016971e-01	3.112453e-02	1.961297e-02	7.025374e-01	5.292466e-01	5.116102e-01	4.287517e-01	5.367505e-01	4.879844e-01	4.942981e-01	4.720634e-01	4.776806e-01	5.091506e-01	5.384505e-01	0.000000e+00	1	8.350465e-02
7.814697e-01	5.388485e-01	3.228300e-01	2.086984e-01	3.843057e-01	5.010686e-01	4.992266e-01	5.133049e-01	5.440443e-01	5.046598e-01	5.172898e-01	5.013572e-01	4.977557e-01	4.875256e-01	4.944643e-01	0.000000e+00	1	8.288252e-02
4.490669e-02	7.966512e-01	6.075475e-01	4.142922e-01	9.641521e-01	5.012173e-01	5.028114e-01	4.535963e-01	4.997202e-01	4.980361e-01	4.980281e-01	5.013813e-01	5.267327e-01	4.998505e-01	4.992026e-01	0.000000e+00	1	7.963631e-02
7.351018e-01	6.895280e-01	4.010213e-02	2.531684e-02	4.796415e-01	4.837181e-01	4.802196e-01	5.480123e-01	5.005689e-01	5.035788e-01	5.749376e-01	5.044452e-01	4.970052e-01	5.005645e-01	4.923315e-01	0.000000e+00	1	7.904368e-02
8.617325e-01	5.143897e-01	1.175633e-01	7.423754e-02	3.426004e-01	4.504582e-01	5.033314e-01	5.284940e-01	4.826722e-01	4.755221e-01	4.945009e-01	5.680259e-01	5.080423e-01	4.997270e-01	5.393259e-01	0.000000e+00	1	7.895312e-02
6.549550e-01	2.641359e-01	7.339821e-01	5.122744e-01	2.440407e-01	5.062007e-01	5.130715e-01	5.231400e-01	5.000927e-01	5.050684e-01	5.051603e-01	5.012791e-01	5.286598e-01	6.301009e-01	5.036336e-01	0.000000e+00	1	7.848613e-02
8.905150e-01	4.559889e-01	1.628145e-01	1.027017e-01	3.012750e-01	5.414842e-01	5.027587e-01	3.934167e-01	4.828167e-01	4.988990e-01	4.944925e-01	5.037483e-01	4.951588e-01	4.957573e-01	4.872752e-01	0.000000e+00	1	7.839239e-02
7.143464e-01	1.432439e-01	7.114460e-01	4.924314e-01	1.259869e-01	5.877549e-01	4.931475e-01	4.927803e-01	4.041474e-01	4.764848e-01	5.076753e-01	4.873892e-01	4.770411e-01	5.001685e-01	4.946195e-01	0.000000e+00	1	7.784612e-02
4.273776e-01	2.188390e-01	8.798688e-01	6.819835e-01	3.012750e-01	5.134313e-01	5.027613e-01	5.397422e-01	4.828167e-01	4.966151e-01	4.945011e-01	5.037483e-01	4.951588e-01	4.957573e-01	4.861093e-01	0.000000e+00	1	7.777990e-02
1.769540e-01	9.403034e-01	3.045238e-01	1.961636e-01	8.815806e-01	5.268654e-01	4.992266e-01	5.130476e-01	5.436826e-01	5.200849e-01	4.866932e-01	4.955001e-01	5.069186e-01	4.768298e-01	5.106922e-01	0.000000e+00	1	7.740927e-02
1.001180e+00	1.885015e-02	1.040597e-01	6.592001e-02	1.198481e-02	4.491628e-01	5.075373e-01	4.849186e-01	4.988928e-01	4.800999e-01	4.936835e-01	5.032367e-01	4.668883e-01	4.975755e-01	5.482858e-01	0.000000e+00	1	7.737738e-02
7.445704e-01	1.216387e-01	6.722824e-01	4.633804e-01	1.030923e-01	5.558888e-01	5.541155e-01	5.058357e-01	4.957968e-01	4.907322e-01	5.350253e-01	5.274900e-01	5.130947e-01	5.415104e-01	5.212201e-01	0.000000e+00	1	7.672213e-02
1.655415e-01	8.356919e-01	5.340599e-01	3.564763e-01	8.755042e-01	4.990905e-01	5.004633e-01	4.905491e-01	4.922281e-01	4.413344e-01	4.814072e-01	5.072924e-01	4.739896e-01	5.284544e-01	5.031544e-01	0.000000e+00	1	7.671233e-02
5.117810e-01	3.092598e-01	8.196704e-01	5.987619e-01	3.460421e-01	5.072001e-01	5.810443e-01	4.835581e-01	5.548520e-01	5.369986e-01	5.538443e-01	5.205321e-01	4.981390e-01	4.985695e-01	4.969003e-01	0.000000e+00	1	7.665066e-02
9.461806e-01	1.012642e-01	3.561771e-01	2.280093e-01	6.787534e-02	5.055039e-01	4.714307e-01	5.327464e-01	4.982912e-01	5.054695e-01	5.351845e-01	4.784509e-01	6.005098e-01	5.236867e-01	4.582756e-01	0.000000e+00	1	7.628890e-02
1.546299e-01	7.558650e-02	9.929792e-01	8.907388e-01	2.894489e-01	5.134313e-01	5.027613e-01	5.397422e-01	4.828167e-01	4.966151e-01	4.940778e-01	5.037483e-01	4.417197e-01	4.544747e-01	4.861093e-01	0.000000e+00	1	7.483139e-02
1.402797e-01	8.681245e-01	4.791401e-01	3.176012e-01	8.980106e-01	4.919565e-01	5.114723e-01	4.980168e-01	5.255243e-01	5.004229e-01	5.087028e-01	5.213164e-01	4.985216e-01	5.067156e-01	4.959400e-01	0.000000e+00	1	7.406429e-02
3.997935e-01	2.386468e-01	8.882278e-01	6.926303e-01	3.426004e-01	5.001967e-01	5.028197e-01	5.311062e-01	4.826722e-01	4.959722e-01	4.945009e-01	5.036568e-01	5.056984e-01	4.952177e-01	5.383768e-01	0.000000e+00	1	7.323049e-02
1.701086e-01	8.587476e-01	4.999316e-01	3.303253e-01	8.755042e-01	4.990905e-01	5.004633e-01	4.893341e-01	4.922281e-01	4.980350e-01	4.966789e-01	5.072924e-01	4.380727e-01	4.502371e-01	5.396283e-01	0.000000e+00	1	7.313593e-02
1.618989e-01	8.173033e-01	5.627418e-01	3.781725e-01	8.755042e-01	4.990905e-01	5.028787e-01	4.895904e-01	4.922281e-01	5.027393e-01	4.814072e-01	5.072924e-01	4.967154e-01	5.284544e-01	5.633859e-01	0.000000e+00	1	7.310910e-02
9.010697e-01	2.410396e-02	4.950695e-01	3.197423e-01	1.702576e-02	5.492788e-01	4.967304e-01	4.486445e-01	5.579919e-01	4.609064e-01	4.677148e-01	5.780486e-01	6.005339e-01	4.658140e-01	5.044723e-01	0.000000e+00	1	7.102731e-02
2.737844e-01	9.672584e-01	1.044651e-01	6.592001e-02	8.243970e-01	4.617987e-01	5.004546e-01	5.188420e-01	5.302879e-01	4.954604e-01	4.812704e-01	5.032367e-01	5.779949e-01	4.997371e-01	5.384162e-01	0.000000e+00	1	7.045713e-02
7.111268e-01	3.438183e-02	7.399547e-01	5.122744e-01	3.075559e-02	4.506244e-01	5.130715e-01	4.944756e-01	4.822496e-01	5.126360e-01	5.051603e-01	5.672382e-01	5.308551e-01	6.301009e-01	4.638364e-01	0.000000e+00	1	6.909014e-02
1.475526e-01	8.050438e-01	5.975943e-01	4.015005e-01	8.845979e-01	4.993163e-01	4.885989e-01	4.535752e-01	4.986960e-01	4.959305e-01	4.976551e-01	4.011385e-01	4.974811e-01	5.342514e-01	4.881378e-01	0.000000e+00	1	6.850606e-02
8.384503e-01	5.738354e-01	1.653439e-01	1.027017e-01	3.820860e-01	5.038017e-01	5.027587e-01	3.600074e-01	4.870366e-01	4.962844e-01	4.944925e-01	4.867103e-01	5.959974e-01	5.125034e-01	4.998532e-01	0.000000e+00	1	6.634727e-02
5.274134e-01	7.830651e-03	8.660253e-01	6.517287e-01	9.451373e-03	5.016593e-01	4.995223e-01	5.288362e-01	4.988928e-01	5.010466e-01	4.995326e-01	4.951719e-01	5.756510e-01	4.952278e-01	5.860734e-01	0.000000e+00	1	6.609309e-02
8.125926e-01	5.948113e-01	1.638816e-01	1.027017e-01	4.022648e-01	5.038017e-01	5.027587e-01	3.600074e-01	4.870366e-01	4.988990e-01	4.944925e-01	4.867103e-01	4.994194e-01	5.122071e-01	4.885522e-01	0.000000e+00	1	6.385567e-02
