9.825886e-05	1.003694e+00	1.101393e-02	6.985598e-03	9.999377e-01	5.238291e-01	4.802196e-01	5.477550e-01	5.002072e-01	5.190040e-01	5.047012e-01	5.044452e-01	5.061680e-01	5.005645e-01	5.085594e-01	0.000000e+00	1	1.000000e+14
1.636800e-15	5.484028e-29	1.013157e+00	1.000000e+00	2.132967e-14	5.142952e-01	5.005843e-01	4.832146e-01	4.097390e-01	5.329146e-01	4.436820e-01	5.076374e-01	4.978758e-01	4.958117e-01	4.862838e-01	0.000000e+00	1	1.000000e+14
1.020582e+00	1.515286e-02	4.245195e-03	2.647766e-03	9.451373e-03	4.519208e-01	5.000339e-01	5.284986e-01	4.988928e-01	4.805965e-01	4.995326e-01	5.595411e-01	5.779949e-01	4.997371e-01	5.870226e-01	0.000000e+00	1	1.000000e+14
5.628096e-02	9.984325e-01	4.359912e-17	2.775558e-17	9.641521e-01	5.012173e-01	5.008937e-01	4.983926e-01	4.997202e-01	4.980361e-01	4.980392e-01	5.016421e-01	4.987984e-01	4.996489e-01	4.992026e-01	0.000000e+00	1	1.000000e+14
1.509006e-15	7.122291e-16	1.032867e+00	1.000000e+00	2.807405e-01	5.249743e-01	5.265051e-01	4.859712e-01	3.774854e-01	5.628350e-01	4.076060e-01	5.013106e-01	5.062856e-01	5.615624e-01	4.957584e-01	0.000000e+00	1	1.000000e+14
2.610148e-30	1.615646e-15	1.000063e+00	1.000000e+00	1.000000e+00	5.012175e-01	5.003812e-01	4.979575e-01	4.957513e-01	4.959912e-01	5.005826e-01	5.044955e-01	4.987691e-01	4.994617e-01	4.992029e-01	0.000000e+00	1	1.000000e+14
9.461806e-01	1.012642e-01	3.561771e-01	2.280093e-01	6.787534e-02	5.055039e-01	4.714307e-01	5.327464e-01	4.982912e-01	5.054695e-01	5.351845e-01	4.784509e-01	6.005098e-01	5.236867e-01	4.582756e-01	0.000000e+00	1	1.572165e-01
2.328513e-01	9.544336e-01	2.080711e-01	1.328681e-01	8.476610e-01	5.245885e-01	4.942606e-01	4.859447e-01	4.736495e-01	5.403788e-01	4.945009e-01	5.018106e-01	5.075535e-01	4.700251e-01	4.916021e-01	0.000000e+00	1	1.285399e-01
8.480485e-01	5.062214e-01	2.569516e-01	1.620344e-01	3.426004e-01	4.065843e-01	5.004221e-01	4.471334e-01	4.810164e-01	4.953170e-01	4.945009e-01	5.608579e-01	5.694868e-01	4.963321e-01	4.932936e-01	0.000000e+00	1	1.194825e-01
8.279207e-01	3.887718e-01	4.206462e-01	2.744165e-01	2.794848e-01	5.510118e-01	4.990962e-01	5.131481e-01	4.952987e-01	4.999227e-01	4.943065e-01	4.994007e-01	5.186607e-01	4.679271e-01	5.503909e-01	0.000000e+00	1	1.170955e-01
7.826590e-01	5.396685e-01	3.233213e-01	2.086984e-01	3.843057e-01	5.010686e-01	4.992266e-01	5.133049e-01	5.440443e-01	5.046598e-01	5.425014e-01	4.955001e-01	4.977557e-01	4.875256e-01	4.944643e-01	0.000000e+00	1	1.063475e-01
1.655415e-01	8.356919e-01	5.340599e-01	3.564763e-01	8.755042e-01	4.990905e-01	5.004633e-01	4.905491e-01	4.922281e-01	4.413344e-01	4.814072e-01	5.072924e-01	4.739896e-01	5.284544e-01	5.031544e-01	0.000000e+00	1	1.062853e-01
6.443183e-01	1.712688e-01	7.605379e-01	5.417998e-01	1.653978e-01	5.016118e-01	5.076356e-01	4.969646e-01	4.980560e-01	5.040191e-01	4.776852e-01	4.900250e-01	5.280384e-01	5.164176e-01	5.981860e-01	0.000000e+00	1	1.042852e-01
8.905150e-01	4.559889e-01	1.628145e-01	1.027017e-01	3.012750e-01	5.414842e-01	5.027587e-01	3.934167e-01	4.828167e-01	4.988990e-01	4.944925e-01	5.037483e-01	4.951588e-01	4.957573e-01	4.872752e-01	0.000000e+00	1	1.028601e-01
1.628286e-01	8.219969e-01	5.659735e-01	3.781725e-01	8.755042e-01	4.990905e-01	5.030750e-01	4.898072e-01	4.922281e-01	4.413344e-01	4.814072e-01	5.072924e-01	4.739896e-01	5.284544e-01	5.754655e-01	0.000000e+00	1	1.015765e-01
3.997935e-01	2.386468e-01	8.882278e-01	6.926303e-01	3.426004e-01	5.001967e-01	5.028197e-01	5.311062e-01	4.826722e-01	4.959722e-01	4.945009e-01	5.036568e-01	5.056984e-01	4.952177e-01	5.383768e-01	0.000000e+00	1	9.932820e-02
9.697624e-01	1.037880e-01	2.730680e-01	1.737930e-01	6.787534e-02	5.013997e-01	5.023750e-01	5.037480e-01	4.980893e-01	4.989624e-01	5.351845e-01	5.398892e-01	5.874594e-01	5.236867e-01	4.582756e-01	0.000000e+00	1	9.852270e-02
3.178615e-02	5.638909e-01	8.290870e-01	6.192971e-01	9.641521e-01	4.500798e-01	5.022128e-01	4.951190e-01	4.997202e-01	4.980361e-01	4.980392e-01	5.016421e-01	4.987984e-01	4.745856e-01	4.992026e-01	0.000000e+00	1	9.665401e-02
1.004058e+00	1.890434e-02	1.043588e-01	6.592001e-02	1.198481e-02	4.491628e-01	5.004546e-01	4.853027e-01	4.988928e-01	4.800999e-01	4.812704e-01	5.032367e-01	5.779949e-01	4.997371e-01	4.986397e-01	0.000000e+00	1	9.662729e-02
1.075577e-01	6.259756e-01	7.892365e-01	5.686017e-01	8.916712e-01	4.993163e-01	4.885989e-01	4.872842e-01	4.925431e-01	4.609699e-01	4.891586e-01	4.011385e-01	4.974811e-01	5.342514e-01	4.887286e-01	0.000000e+00	1	9.591897e-02
7.111268e-01	3.438183e-02	7.399547e-01	5.122744e-01	3.075559e-02	4.506244e-01	5.130715e-01	4.944756e-01	4.822496e-01	5.126360e-01	5.051603e-01	5.672382e-01	5.308551e-01	6.301009e-01	4.638364e-01	0.000000e+00	1	9.514306e-02
8.269413e-01	4.695368e-01	4.581684e-01	2.858324e-01	3.287543e-01	5.009256e-01	5.028114e-01	4.546986e-01	5.074198e-01	4.971952e-01	4.980281e-01	6.801821e-01	3.557625e-01	4.998505e-01	4.871184e-01	0.000000e+00	1	9.485288e-02
1.867907e-01	7.656359e-01	6.278834e-01	4.282755e-01	8.476610e-01	4.924713e-01	4.942606e-01	4.787570e-01	4.338458e-01	5.403788e-01	5.046044e-01	5.018106e-01	5.075535e-01	4.694311e-01	4.916021e-01	0.000000e+00	1	9.472358e-02
4.493194e-01	9.152157e-01	3.142060e-02	1.961297e-02	7.094618e-01	5.292466e-01	5.075347e-01	3.809521e-01	5.389468e-01	4.879844e-01	4.942981e-01	4.749340e-01	4.780506e-01	5.091506e-01	5.455462e-01	0.000000e+00	1	9.383833e-02
7.795601e-01	6.520313e-01	1.891001e-01	1.171151e-01	4.434381e-01	5.282496e-01	5.028172e-01	3.279144e-01	4.826722e-01	4.982561e-01	4.944924e-01	5.107939e-01	5.056984e-01	4.643077e-01	5.395428e-01	0.000000e+00	1	9.368496e-02
6.864233e-01	1.923348e-01	7.170964e-01	5.018860e-01	1.739199e-01	5.062007e-01	5.130715e-01	4.059792e-01	4.950667e-01	5.338725e-01	5.051603e-01	4.910396e-01	5.280384e-01	4.980820e-01	5.043330e-01	0.000000e+00	1	9.348028e-02
7.949048e-01	6.075152e-01	5.707241e-02	3.627689e-02	4.154366e-01	5.359837e-01	5.142203e-01	4.904324e-01	4.953086e-01	4.973067e-01	4.940741e-01	4.979044e-01	4.985225e-01	4.844980e-01	4.858292e-01	0.000000e+00	1	8.955249e-02
9.006559e-01	5.144119e-02	4.954714e-01	3.197423e-01	3.632124e-02	5.492788e-01	4.967304e-01	4.486445e-01	5.579919e-01	4.598902e-01	5.365979e-01	5.756083e-01	6.005339e-01	4.667307e-01	5.302333e-01	0.000000e+00	1	8.608598e-02
4.877053e-01	2.947113e-01	8.449586e-01	6.222727e-01	3.460421e-01	4.878779e-01	6.087632e-01	4.835581e-01	4.949445e-01	5.244511e-01	5.511209e-01	4.939196e-01	5.162290e-01	5.015558e-01	4.420044e-01	0.000000e+00	1	8.557040e-02
3.576283e-01	2.991237e-01	8.894272e-01	6.926303e-01	4.434381e-01	5.001967e-01	5.028197e-01	5.311062e-01	4.826722e-01	4.959722e-01	4.945009e-01	5.107939e-01	5.056984e-01	4.643077e-01	5.383768e-01	0.000000e+00	1	8.383983e-02
6.549550e-01	2.641359e-01	7.339821e-01	5.122744e-01	2.440407e-01	5.062007e-01	5.130715e-01	5.231400e-01	5.000927e-01	5.050684e-01	5.051603e-01	5.012791e-01	5.286598e-01	6.301009e-01	5.036336e-01	0.000000e+00	1	8.298686e-02
9.340167e-02	7.190125e-01	7.080154e-01	4.924314e-01	9.177619e-01	6.003910e-01	4.931475e-01	5.263196e-01	5.280062e-01	4.955802e-01	5.076753e-01	4.963359e-01	4.770411e-01	5.001685e-01	5.343959e-01	0.000000e+00	1	8.160513e-02
5.996897e-01	4.135053e-01	6.912937e-01	4.833502e-01	3.843057e-01	5.010686e-01	4.982122e-01	4.884216e-01	5.440443e-01	5.046598e-01	5.425014e-01	4.931970e-01	4.991060e-01	4.875256e-01	4.884828e-01	0.000000e+00	1	8.079084e-02
8.617325e-01	5.143897e-01	1.175633e-01	7.423754e-02	3.426004e-01	4.504582e-01	5.033314e-01	5.284940e-01	4.826722e-01	4.755221e-01	4.945009e-01	5.680259e-01	5.080423e-01	4.997270e-01	5.393259e-01	0.000000e+00	1	8.028160e-02
4.273776e-01	2.188390e-01	8.798688e-01	6.819835e-01	3.012750e-01	5.134313e-01	5.027613e-01	5.397422e-01	4.828167e-01	4.966151e-01	4.945011e-01	5.037483e-01	4.951588e-01	4.957573e-01	4.861093e-01	0.000000e+00	1	7.899161e-02
1.993404e-01	7.493787e-01	6.408068e-01	4.396626e-01	8.344872e-01	4.927290e-01	4.746558e-01	4.790322e-01	5.280058e-01	5.585561e-01	5.050756e-01	4.984782e-01	4.829476e-01	5.008038e-01	4.831492e-01	0.000000e+00	1	7.634009e-02
9.010697e-01	2.410396e-02	4.950695e-01	3.197423e-01	1.702576e-02	5.492788e-01	4.967304e-01	4.486445e-01	5.579919e-01	4.609064e-01	4.677148e-01	5.780486e-01	6.005339e-01	4.658140e-01	5.044723e-01	0.000000e+00	1	7.583873e-02
1.520624e-01	9.353028e-01	4.230200e-01	2.672992e-01	8.973955e-01	5.488547e-01	5.424962e-01	4.669000e-01	3.615353e-01	5.007834e-01	5.338522e-01	4.687345e-01	5.538110e-01	5.894714e-01	5.152671e-01	0.000000e+00	1	7.520851e-02
8.815672e-01	3.513866e-01	3.552163e-01	2.280093e-01	2.414654e-01	5.055039e-01	4.705970e-01	4.978125e-01	4.982912e-01	4.961401e-01	5.368750e-01	4.784509e-01	6.005098e-01	5.217289e-01	4.988635e-01	0.000000e+00	1	7.449545e-02
6.602003e-01	3.148775e-01	6.941526e-01	4.833502e-01	2.833162e-01	5.387511e-01	4.982122e-01	5.191751e-01	4.390850e-01	4.723308e-01	5.425014e-01	4.931970e-01	4.948455e-01	4.982116e-01	4.872058e-01	0.000000e+00	1	7.203414e-02
3.350395e-01	7.346032e-01	6.476338e-01	4.303769e-01	7.275901e-01	6.745803e-01	5.000637e-01	5.186401e-01	4.953086e-01	5.347475e-01	5.411818e-01	4.927240e-01	5.197962e-01	5.249456e-01	5.151360e-01	0.000000e+00	1	7.088133e-02
4.116094e-01	1.094115e-01	9.447913e-01	7.303845e-01	1.653978e-01	5.016118e-01	5.076356e-01	4.969646e-01	4.980560e-01	5.040191e-01	4.776852e-01	4.900250e-01	5.271279e-01	6.590197e-01	5.981860e-01	0.000000e+00	1	7.053078e-02
8.125926e-01	5.948113e-01	1.638816e-01	1.027017e-01	4.022648e-01	5.038017e-01	5.027587e-01	3.600074e-01	4.870366e-01	4.988990e-01	4.944925e-01	4.867103e-01	4.994194e-01	5.122071e-01	4.885522e-01	0.000000e+00	1	7.037324e-02
5.274134e-01	7.830651e-03	8.660253e-01	6.517287e-01	9.451373e-03	5.016593e-01	4.995223e-01	5.288362e-01	4.988928e-01	5.010466e-01	4.995326e-01	4.951719e-01	5.756510e-01	4.952278e-01	5.860734e-01	0.000000e+00	1	6.949039e-02
1.482647e-01	8.876996e-01	4.629137e-01	3.024340e-01	8.946435e-01	4.919565e-01	5.925789e-01	4.519874e-01	5.255243e-01	5.006880e-01	4.984408e-01	5.213164e-01	4.985216e-01	5.000182e-01	4.959400e-01	0.000000e+00	1	6.789281e-02
1.475526e-01	8.050438e-01	5.975943e-01	4.015005e-01	8.845979e-01	4.993163e-01	4.885989e-01	4.535752e-01	4.986960e-01	4.959305e-01	4.976551e-01	4.011385e-01	4.974811e-01	5.342514e-01	4.881378e-01	0.000000e+00	1	6.761946e-02
7.389159e-01	7.251659e-02	6.776349e-01	4.709570e-01	6.227790e-02	5.135708e-01	5.103603e-01	4.843860e-01	4.485156e-01	5.363669e-01	4.916283e-01	5.154749e-01	5.192170e-01	5.001629e-01	4.953899e-01	0.000000e+00	1	6.704464e-02
5.817787e-01	8.365984e-01	2.176044e-01	1.339363e-01	6.131652e-01	5.013144e-01	4.959065e-01	3.804824e-01	5.127110e-01	4.959722e-01	4.944931e-01	5.036506e-01	4.966933e-01	6.652462e-01	4.883865e-01	0.000000e+00	1	6.682067e-02
4.490669e-02	7.966512e-01	6.075475e-01	4.142922e-01	9.641521e-01	5.012173e-01	5.028114e-01	4.535963e-01	4.997202e-01	4.980361e-01	4.980281e-01	5.013813e-01	5.267327e-01	4.998505e-01	4.992026e-01	0.000000e+00	1	6.681996e-02
3.057253e-01	9.182177e-01	2.675611e-01	1.717169e-01	7.953840e-01	4.991115e-01	5.002185e-01	5.159107e-01	5.493774e-01	4.978250e-01	5.307283e-01	4.969749e-01	4.977558e-01	4.820535e-01	4.897723e-01	0.000000e+00	1	6.671266e-02
7.445704e-01	1.216387e-01	6.722824e-01	4.633804e-01	1.030923e-01	5.558888e-01	5.541155e-01	5.058357e-01	4.957968e-01	4.907322e-01	5.350253e-01	5.274900e-01	5.130947e-01	5.415104e-01	5.212201e-01	0.000000e+00	1	6.580944e-02
2.662126e-01	6.814496e-01	6.883626e-01	4.806199e-01	7.629064e-01	4.867355e-01	4.886573e-01	5.059574e-01	4.952987e-01	5.331633e-01	4.943065e-01	4.993667e-01	5.056128e-01	4.805973e-01	5.512816e-01	0.000000e+00	1	6.518292e-02
5.117810e-01	3.092598e-01	8.196704e-01	5.987619e-01	3.460421e-01	5.072001e-01	5.810443e-01	4.835581e-01	5.548520e-01	5.369986e-01	5.538443e-01	5.205321e-01	4.981390e-01	4.985695e-01	4.969003e-01	0.000000e+00	1	6.418011e-02
5.394842e-01	8.434408e-01	1.802203e-01	1.133782e-01	6.377342e-01	5.011647e-01	5.114394e-01	4.993925e-01	5.053710e-01	4.958166e-01	4.945009e-01	5.036568e-01	5.062198e-01	6.228777e-01	5.441307e-01	0.000000e+00	1	6.267122e-02
1.402797e-01	8.681245e-01	4.791401e-01	3.176012e-01	8.980106e-01	4.919565e-01	5.114723e-01	4.980168e-01	5.255243e-01	5.004229e-01	5.087028e-01	5.213164e-01	4.985216e-01	5.067156e-01	4.959400e-01	0.000000e+00	1	6.215848e-02
7.598986e-01	4.300798e-01	6.041660e-01	3.853381e-01	3.278728e-01	5.379487e-01	5.260610e-01	5.288298e-01	2.644837e-01	4.981986e-01	5.024296e-01	4.979709e-01	5.009837e-01	5.532646e-01	4.768516e-01	0.000000e+00	1	6.214804e-02
