1.025996e+00	2.229194e-03	7.219907e-02	4.472494e-02	1.383189e-03	4.373035e-01	4.691404e-01	5.791876e-01	5.002950e-01	4.756306e-01	5.282117e-01	6.238502e-01	4.967536e-01	5.227582e-01	4.888409e-01	0.000000e+00	1	1.000000e+14
2.610148e-30	1.615646e-15	1.000063e+00	1.000000e+00	1.000000e+00	5.012175e-01	5.003812e-01	4.979575e-01	4.957513e-01	4.959912e-01	5.005826e-01	5.044955e-01	4.987691e-01	4.994617e-01	4.992029e-01	0.000000e+00	1	1.000000e+14
1.628852e-15	5.457396e-29	1.008237e+00	1.000000e+00	2.132967e-14	5.128839e-01	4.939675e-01	4.910008e-01	4.234271e-01	5.198991e-01	4.623575e-01	5.080298e-01	4.978758e-01	5.108642e-01	4.905018e-01	0.000000e+00	1	1.000000e+14
5.672458e-03	1.004139e+00	4.377950e-17	2.775558e-17	9.964037e-01	4.884515e-01	5.008937e-01	4.957895e-01	4.830205e-01	4.981842e-01	4.981637e-01	4.767394e-01	4.989144e-01	4.992886e-01	5.562610e-01	0.000000e+00	1	1.000000e+14
1.383282e-15	9.063461e-16	1.023657e+00	1.000000e+00	3.692598e-01	4.982626e-01	5.038904e-01	5.930247e-01	4.958128e-01	5.046648e-01	5.732012e-01	4.970220e-01	5.145981e-01	4.818928e-01	4.049340e-01	0.000000e+00	1	1.000000e+14
5.628096e-02	9.984325e-01	4.359912e-17	2.775558e-17	9.641521e-01	5.012173e-01	5.008937e-01	4.983926e-01	4.997202e-01	4.980361e-01	4.980392e-01	5.016421e-01	4.987984e-01	4.996489e-01	4.992026e-01	0.000000e+00	1	1.000000e+14
1.798709e-01	9.080302e-01	4.217768e-01	2.721783e-01	8.755042e-01	3.898283e-01	5.131461e-01	4.986192e-01	5.003966e-01	5.027393e-01	4.956685e-01	5.076446e-01	4.967416e-01	5.284544e-01	5.633859e-01	0.000000e+00	1	1.589512e-01
7.711076e-01	5.377853e-01	3.740777e-01	2.410876e-01	3.876963e-01	4.981383e-01	5.154109e-01	5.220248e-01	4.919232e-01	4.786477e-01	4.624199e-01	5.019304e-01	5.082038e-01	4.828583e-01	4.062825e-01	0.000000e+00	1	1.548610e-01
3.542290e-01	9.258306e-01	1.524247e-01	9.712921e-02	7.673646e-01	5.447386e-01	5.031350e-01	5.076927e-01	4.963117e-01	5.194217e-01	5.007116e-01	5.061560e-01	5.024832e-01	4.802275e-01	4.940268e-01	0.000000e+00	1	1.514381e-01
2.146822e-01	5.000152e-01	8.512165e-01	6.378954e-01	7.418185e-01	4.794481e-01	4.934821e-01	4.782364e-01	4.101861e-01	5.326692e-01	4.934347e-01	5.018851e-01	5.089528e-01	5.073303e-01	4.944482e-01	0.000000e+00	1	1.331400e-01
8.884063e-01	4.278822e-02	4.810197e-01	3.156128e-01	3.063778e-02	5.257330e-01	4.941770e-01	4.619544e-01	4.859697e-01	5.198786e-01	4.584857e-01	5.713751e-01	5.041549e-01	4.601862e-01	5.044723e-01	0.000000e+00	1	1.283064e-01
4.090052e-01	1.688431e-02	9.277535e-01	7.354605e-01	2.626565e-02	5.257330e-01	4.952522e-01	5.223756e-01	4.859697e-01	4.605748e-01	4.584857e-01	5.905395e-01	4.981037e-01	4.658140e-01	5.044723e-01	0.000000e+00	1	1.270623e-01
6.984241e-01	1.874664e-01	7.097237e-01	4.940368e-01	1.669424e-01	4.932833e-01	5.016220e-01	4.909720e-01	4.167625e-01	5.043563e-01	5.024623e-01	5.067606e-01	4.979762e-01	5.401654e-01	5.670100e-01	0.000000e+00	1	1.214269e-01
7.818958e-01	5.947016e-01	2.268781e-01	1.444951e-01	4.139581e-01	5.423057e-01	4.995962e-01	5.219759e-01	5.045738e-01	4.853569e-01	5.086986e-01	5.048819e-01	5.077185e-01	5.399711e-01	5.628777e-01	0.000000e+00	1	1.172302e-01
1.076013e-01	2.834738e-01	9.829021e-01	8.095100e-01	7.690465e-01	4.970142e-01	4.988082e-01	5.232391e-01	5.006677e-01	4.915609e-01	5.001699e-01	5.015076e-01	4.980808e-01	6.599768e-01	5.488486e-01	0.000000e+00	1	1.154955e-01
1.425392e-01	7.195710e-01	6.897231e-01	4.804015e-01	8.755042e-01	5.441099e-01	5.028787e-01	4.895904e-01	4.920444e-01	5.026501e-01	4.831485e-01	5.075995e-01	4.967416e-01	5.195550e-01	5.633859e-01	0.000000e+00	1	1.130094e-01
3.213015e-01	6.428951e-01	7.329106e-01	5.062262e-01	7.049485e-01	5.102755e-01	4.877757e-01	4.962286e-01	4.957016e-01	5.557241e-01	4.377192e-01	4.967247e-01	5.126870e-01	4.491988e-01	3.716337e-01	0.000000e+00	1	1.115584e-01
4.603907e-01	8.490828e-01	2.840542e-01	1.820910e-01	6.836946e-01	5.055611e-01	5.035009e-01	4.925928e-01	4.812744e-01	4.916048e-01	4.892673e-01	5.048994e-01	5.662303e-01	5.403189e-01	4.899700e-01	0.000000e+00	1	1.073233e-01
1.003972e+00	1.794122e-02	8.591281e-02	5.433637e-02	1.137534e-02	4.498303e-01	4.691404e-01	5.189962e-01	4.849279e-01	4.591092e-01	4.874804e-01	5.002165e-01	4.980808e-01	5.414598e-01	5.138701e-01	0.000000e+00	1	1.011844e-01
9.544857e-01	1.812114e-02	3.159947e-01	2.034967e-01	1.208493e-02	5.547874e-01	5.031849e-01	5.014923e-01	4.980012e-01	4.579087e-01	5.003549e-01	4.780767e-01	5.162175e-01	5.014140e-01	5.078004e-01	0.000000e+00	1	1.002002e-01
8.218927e-01	3.865096e-01	4.661582e-01	3.018822e-01	2.798454e-01	4.852116e-01	4.018723e-01	4.993271e-01	4.966455e-01	5.434306e-01	4.514425e-01	5.017897e-01	5.055990e-01	4.983795e-01	4.178924e-01	0.000000e+00	1	9.810583e-02
4.918713e-01	9.322573e-02	8.845547e-01	6.721290e-01	1.192459e-01	5.129321e-01	4.915433e-01	5.909259e-01	4.995752e-01	5.865143e-01	4.926373e-01	4.968257e-01	5.144075e-01	4.969006e-01	4.887921e-01	0.000000e+00	1	9.713319e-02
1.473164e-02	7.559632e-01	6.657634e-01	4.596045e-01	9.875956e-01	5.413573e-01	5.028787e-01	4.703454e-01	4.920444e-01	5.065562e-01	4.831485e-01	5.065029e-01	4.967416e-01	5.195550e-01	5.633859e-01	0.000000e+00	1	9.537512e-02
2.387055e-01	9.594033e-01	2.143317e-01	1.359107e-01	8.447572e-01	5.128839e-01	4.939832e-01	4.910008e-01	4.006350e-01	5.327940e-01	4.872492e-01	5.080298e-01	4.978758e-01	5.108642e-01	4.938852e-01	0.000000e+00	1	9.153175e-02
6.574988e-01	4.898348e-01	5.964776e-01	4.003974e-01	4.076223e-01	5.391310e-01	5.283885e-01	5.128522e-01	4.843427e-01	5.420204e-01	4.509713e-01	4.930434e-01	4.654586e-01	4.575125e-01	5.628777e-01	0.000000e+00	1	9.141504e-02
5.817650e-01	8.068458e-01	1.816400e-01	1.149835e-01	6.023003e-01	4.505291e-01	5.028156e-01	5.000182e-01	5.217106e-01	4.998817e-01	4.880958e-01	5.046158e-01	5.788298e-01	5.189924e-01	5.386660e-01	0.000000e+00	1	9.104589e-02
7.302072e-01	3.412715e-01	6.121086e-01	4.134866e-01	2.783292e-01	4.823995e-01	5.875681e-01	4.892845e-01	5.103472e-01	4.791501e-01	4.982767e-01	5.011299e-01	5.078262e-01	4.544964e-01	4.635444e-01	0.000000e+00	1	9.032138e-02
5.148992e-01	8.467497e-02	8.820312e-01	6.599020e-01	1.037631e-01	4.567442e-01	5.028780e-01	4.741705e-01	4.982974e-01	5.720234e-01	4.940843e-01	5.609493e-01	6.103628e-01	5.186558e-01	5.284999e-01	0.000000e+00	1	8.959936e-02
3.021890e-01	4.191037e-01	8.755625e-01	6.606029e-01	6.023003e-01	4.505291e-01	5.027827e-01	4.879210e-01	4.230376e-01	4.998943e-01	4.931791e-01	5.046158e-01	5.788298e-01	5.186558e-01	5.386660e-01	0.000000e+00	1	8.894417e-02
2.653936e-01	6.793530e-01	6.862447e-01	4.806199e-01	7.629064e-01	4.867355e-01	5.022690e-01	5.059574e-01	4.952063e-01	5.331633e-01	4.943065e-01	4.993667e-01	5.063408e-01	4.946226e-01	4.991783e-01	0.000000e+00	1	8.833955e-02
9.272344e-01	4.360484e-01	4.628250e-02	2.873608e-02	2.798454e-01	4.833354e-01	4.018723e-01	5.409325e-01	4.966455e-01	5.434306e-01	4.488540e-01	5.489477e-01	5.055990e-01	4.983795e-01	4.153447e-01	0.000000e+00	1	8.831907e-02
6.343441e-01	4.537843e-01	6.322532e-01	4.336620e-01	3.953156e-01	4.872205e-01	4.981216e-01	5.007346e-01	4.919745e-01	4.890615e-01	4.824658e-01	4.926982e-01	5.063288e-01	4.973399e-01	5.571048e-01	0.000000e+00	1	8.638372e-02
2.349122e-01	1.104821e-01	9.771338e-01	8.346874e-01	2.798687e-01	5.105649e-01	5.039487e-01	4.692760e-01	4.957106e-01	5.462368e-01	5.708723e-01	5.018804e-01	5.154108e-01	5.193911e-01	5.464985e-01	0.000000e+00	1	8.553725e-02
5.490225e-01	8.518112e-01	6.061626e-02	3.803340e-02	6.355199e-01	4.758870e-01	4.115405e-01	4.970385e-01	4.950307e-01	5.195207e-01	5.006384e-01	5.044857e-01	4.996243e-01	5.493267e-01	5.628526e-01	0.000000e+00	1	8.511207e-02
8.604553e-01	3.776342e-02	5.289652e-01	3.506283e-01	2.792187e-02	5.257330e-01	4.955006e-01	4.619544e-01	4.859697e-01	5.199616e-01	4.584857e-01	5.713751e-01	5.041549e-01	4.658140e-01	5.044723e-01	0.000000e+00	1	8.417083e-02
3.748069e-01	5.792430e-01	7.593759e-01	5.304816e-01	6.343841e-01	5.092387e-01	4.081966e-01	4.962286e-01	4.954380e-01	5.032217e-01	5.020021e-01	5.042359e-01	5.136577e-01	5.558656e-01	3.812508e-01	0.000000e+00	1	8.287877e-02
8.456729e-01	3.414209e-01	4.703936e-01	3.031564e-01	2.442806e-01	4.842525e-01	4.017098e-01	4.628976e-01	5.616179e-01	5.168227e-01	4.584763e-01	4.521061e-01	5.055468e-01	4.983795e-01	4.178924e-01	0.000000e+00	1	8.261507e-02
8.245974e-01	3.877816e-01	4.598330e-01	2.975210e-01	2.798454e-01	4.832319e-01	4.074383e-01	5.213515e-01	4.960579e-01	4.854902e-01	4.514425e-01	5.017913e-01	5.059213e-01	5.448173e-01	4.178924e-01	0.000000e+00	1	8.206612e-02
3.243536e-01	6.021011e-01	7.527490e-01	5.304816e-01	6.854281e-01	5.348644e-01	4.975385e-01	5.074621e-01	4.992596e-01	5.032217e-01	4.718968e-01	5.042359e-01	5.136577e-01	5.255367e-01	3.812508e-01	0.000000e+00	1	8.106055e-02
6.183570e-01	5.668809e-01	6.102823e-01	4.003974e-01	4.723683e-01	5.391310e-01	5.283885e-01	5.101780e-01	4.843375e-01	5.534993e-01	4.509713e-01	4.926472e-01	4.413310e-01	5.696597e-01	3.548017e-01	0.000000e+00	1	7.995030e-02
3.915898e-01	9.415568e-01	2.096743e-02	1.308803e-02	7.490862e-01	5.116797e-01	4.024029e-01	5.488127e-01	4.493990e-01	4.952741e-01	4.966273e-01	5.524415e-01	5.025280e-01	4.963940e-01	5.504843e-01	0.000000e+00	1	7.960599e-02
9.604667e-01	1.665281e-01	2.603634e-01	1.661593e-01	1.092922e-01	4.856360e-01	4.937968e-01	4.983562e-01	4.899089e-01	4.956416e-01	5.007171e-01	5.925985e-01	4.967875e-01	5.022870e-01	5.030686e-01	0.000000e+00	1	7.773370e-02
3.141535e-01	1.540539e-01	9.417292e-01	7.735311e-01	2.902478e-01	5.202479e-01	4.942675e-01	4.899114e-01	4.672104e-01	5.097974e-01	4.487252e-01	5.107852e-01	5.044282e-01	5.084028e-01	5.087930e-01	0.000000e+00	1	7.617139e-02
6.262274e-01	7.864511e-01	7.655643e-03	4.847854e-03	5.718972e-01	5.313802e-01	4.942575e-01	4.962286e-01	4.932005e-01	4.964366e-01	4.851702e-01	5.042359e-01	4.990509e-01	4.979659e-01	5.633587e-01	0.000000e+00	1	7.508487e-02
2.853409e-01	6.718448e-01	6.957668e-01	4.847488e-01	7.443162e-01	4.981383e-01	5.053188e-01	5.054245e-01	4.921718e-01	5.331865e-01	4.491270e-01	4.348986e-01	5.080793e-01	4.829069e-01	4.994175e-01	0.000000e+00	1	7.376937e-02
2.968656e-01	5.532939e-01	7.847279e-01	5.703864e-01	6.864951e-01	5.021378e-01	5.052131e-01	5.463262e-01	4.484233e-01	5.023795e-01	4.999838e-01	5.029332e-01	4.989062e-01	5.017829e-01	4.872982e-01	0.000000e+00	1	7.346108e-02
1.172182e-01	8.246004e-01	5.727111e-01	3.834795e-01	9.101058e-01	4.468993e-01	5.015416e-01	4.925389e-01	5.191489e-01	5.026633e-01	5.035036e-01	4.993888e-01	4.884853e-01	5.284544e-01	4.188379e-01	0.000000e+00	1	7.254883e-02
5.331433e-01	2.647298e-01	8.140407e-01	5.980512e-01	2.934054e-01	5.296789e-01	5.059967e-01	4.934850e-01	4.454346e-01	4.925813e-01	5.415413e-01	5.068570e-01	4.992222e-01	5.017829e-01	5.518559e-01	0.000000e+00	1	7.164799e-02
9.587347e-01	1.416555e-01	2.786841e-01	1.782552e-01	9.338655e-02	5.042640e-01	5.541155e-01	5.230694e-01	4.963749e-01	4.565835e-01	4.884157e-01	5.498853e-01	5.141404e-01	5.034972e-01	5.142933e-01	0.000000e+00	1	7.122710e-02
1.588628e-15	9.833388e-01	1.837030e-01	1.175752e-01	1.000000e+00	4.828740e-01	5.003812e-01	4.979575e-01	4.957513e-01	4.971660e-01	5.005826e-01	5.044955e-01	4.981830e-01	5.016103e-01	4.991313e-01	0.000000e+00	1	7.080466e-02
5.843835e-01	8.285057e-01	1.377467e-02	8.648759e-03	6.089212e-01	5.266111e-01	4.955006e-01	4.619544e-01	4.862138e-01	5.215233e-01	4.584857e-01	5.713751e-01	5.044204e-01	4.925067e-01	5.650974e-01	0.000000e+00	1	7.028873e-02
9.157472e-01	4.306464e-01	4.913804e-02	3.088848e-02	2.798454e-01	4.826792e-01	5.108801e-01	5.409325e-01	4.966455e-01	5.437989e-01	5.037351e-01	5.437878e-01	5.046430e-01	4.983795e-01	4.153447e-01	0.000000e+00	1	6.822302e-02
8.525431e-01	2.159264e-01	4.987460e-01	3.284191e-01	1.579180e-01	5.299015e-01	5.029476e-01	5.091289e-01	4.866993e-01	5.188821e-01	4.670966e-01	5.609493e-01	4.889554e-01	5.194564e-01	5.649791e-01	0.000000e+00	1	6.768895e-02
6.329820e-01	4.715698e-01	6.398631e-01	4.336620e-01	4.076223e-01	5.391310e-01	4.981216e-01	4.159988e-01	4.919745e-01	4.882848e-01	4.820254e-01	4.926982e-01	5.076416e-01	4.398629e-01	5.571048e-01	0.000000e+00	1	6.729990e-02
2.679642e-01	4.941972e-01	8.380719e-01	6.238520e-01	6.836946e-01	5.128978e-01	5.035009e-01	4.937107e-01	4.092053e-01	4.904274e-01	4.892673e-01	5.050895e-01	5.165451e-01	5.094458e-01	4.899700e-01	0.000000e+00	1	6.589706e-02
1.497396e-01	7.523300e-01	6.562958e-01	4.505475e-01	8.749252e-01	4.348805e-01	5.021587e-01	4.895904e-01	5.000888e-01	5.027393e-01	4.834882e-01	5.075966e-01	4.969352e-01	5.284472e-01	5.633859e-01	0.000000e+00	1	6.560302e-02
