1.014060e+00	8.732284e-04	1.489488e-02	9.350223e-03	5.482063e-04	5.079139e-01	4.377248e-01	4.965324e-01	4.487942e-01	4.817761e-01	5.600407e-01	4.846934e-01	5.406304e-01	4.612409e-01	5.164603e-01	0.000000e+00	1	1.000000e+14
2.610148e-30	1.615646e-15	1.000063e+00	1.000000e+00	1.000000e+00	5.012175e-01	5.003812e-01	4.979575e-01	4.957513e-01	4.959912e-01	5.005826e-01	5.044955e-01	4.987691e-01	4.994617e-01	4.992029e-01	0.000000e+00	1	1.000000e+14
9.982437e-04	1.008706e+00	1.256562e-02	7.930064e-03	9.993700e-01	5.098634e-01	4.956911e-01	4.328433e-01	4.894221e-01	5.243985e-01	4.942384e-01	4.491717e-01	4.711109e-01	4.995135e-01	5.002275e-01	0.000000e+00	1	1.000000e+14
5.628096e-02	9.984325e-01	4.359912e-17	2.775558e-17	9.641521e-01	5.012173e-01	5.008937e-01	4.983926e-01	4.997202e-01	4.980361e-01	4.980392e-01	5.016421e-01	4.987984e-01	4.996489e-01	4.992026e-01	0.000000e+00	1	1.000000e+14
8.895836e-16	1.364144e-15	1.008064e+00	1.000000e+00	6.321210e-01	5.073734e-01	4.958143e-01	4.367147e-01	5.443649e-01	4.959504e-01	4.589272e-01	4.916451e-01	4.946483e-01	5.105889e-01	4.897457e-01	0.000000e+00	1	1.000000e+14
1.621044e-15	5.431237e-29	1.003404e+00	1.000000e+00	2.132967e-14	5.126566e-01	4.943319e-01	4.922773e-01	5.334280e-01	4.970332e-01	4.589272e-01	4.916451e-01	4.940287e-01	5.113757e-01	4.897982e-01	0.000000e+00	1	1.000000e+14
5.411137e-01	7.107647e-01	4.736951e-01	3.103981e-01	5.857505e-01	5.402389e-01	5.294735e-01	4.965617e-01	4.094958e-01	5.027291e-01	4.964546e-01	5.171750e-01	5.100572e-01	4.976851e-01	5.038280e-01	0.000000e+00	1	1.283298e-01
4.246213e-01	3.120785e-01	8.588332e-01	6.496362e-01	4.034922e-01	5.122762e-01	4.799347e-01	5.157132e-01	4.956531e-01	5.064621e-01	4.411676e-01	4.589581e-01	4.655259e-01	4.803397e-01	4.941033e-01	0.000000e+00	1	1.168502e-01
6.525398e-01	4.360915e-01	6.534097e-01	4.419829e-01	3.750529e-01	5.098634e-01	5.574578e-01	5.262256e-01	4.894221e-01	5.452929e-01	6.220476e-01	5.071325e-01	4.935598e-01	4.995065e-01	5.007563e-01	0.000000e+00	1	1.164999e-01
7.493708e-01	6.671642e-01	4.704669e-02	2.982969e-02	4.630961e-01	5.069693e-01	4.959982e-01	5.147173e-01	5.559261e-01	4.964599e-01	5.295051e-01	4.960281e-01	4.941242e-01	5.079434e-01	4.951157e-01	0.000000e+00	1	1.145861e-01
1.022765e-01	5.141119e-01	8.836056e-01	6.591340e-01	8.749842e-01	5.065156e-01	4.657321e-01	5.153676e-01	4.668330e-01	6.206577e-01	5.610767e-01	5.129379e-01	4.511324e-01	4.794787e-01	5.597652e-01	0.000000e+00	1	1.115283e-01
9.926081e-01	1.644356e-01	1.414308e-01	8.890600e-02	1.045133e-01	4.148209e-01	5.015407e-01	4.255276e-01	5.297992e-01	5.255439e-01	4.955234e-01	5.046575e-01	5.186280e-01	4.641514e-01	4.969159e-01	0.000000e+00	1	1.111427e-01
8.597103e-01	4.822083e-01	2.729728e-01	1.719888e-01	3.254211e-01	4.942388e-01	5.346060e-01	5.328522e-01	5.826557e-01	5.450031e-01	4.985585e-01	4.462952e-01	5.789248e-01	5.002923e-01	5.502740e-01	0.000000e+00	1	1.100054e-01
2.738479e-01	5.829952e-01	8.250838e-01	5.780257e-01	7.204371e-01	5.009424e-01	5.330815e-01	5.342098e-01	4.958034e-01	6.022534e-01	3.733070e-01	4.946959e-01	5.652922e-01	3.834489e-01	5.079053e-01	0.000000e+00	1	1.059003e-01
4.982267e-01	8.746866e-01	7.543142e-02	4.761580e-02	6.703767e-01	5.002730e-01	5.048152e-01	5.104920e-01	4.904613e-01	5.216673e-01	5.545277e-01	4.871680e-01	5.401498e-01	4.691329e-01	5.552902e-01	0.000000e+00	1	1.053691e-01
6.969516e-01	3.635631e-01	6.534466e-01	4.415096e-01	3.060966e-01	5.275955e-01	5.554004e-01	5.118053e-01	4.971421e-01	6.238597e-01	4.985025e-01	4.912138e-01	4.602284e-01	5.004073e-01	5.350512e-01	0.000000e+00	1	1.027819e-01
7.614168e-01	1.225527e-01	6.479128e-01	4.448247e-01	1.015948e-01	5.065169e-01	5.013244e-01	4.981962e-01	5.591826e-01	5.239829e-01	5.558028e-01	5.033480e-01	4.987691e-01	4.994588e-01	4.979353e-01	0.000000e+00	1	9.729883e-02
1.564609e-01	9.280649e-01	3.562081e-01	2.303390e-01	8.936731e-01	4.948125e-01	5.048806e-01	4.930234e-01	5.303926e-01	5.438705e-01	5.166698e-01	4.462952e-01	4.870352e-01	5.002923e-01	5.060396e-01	0.000000e+00	1	9.593463e-02
6.263343e-01	7.797331e-01	1.051013e-01	6.665561e-02	5.691802e-01	5.125556e-01	4.875778e-01	5.160189e-01	5.023393e-01	5.195424e-01	5.022402e-01	4.589581e-01	4.721943e-01	4.986681e-01	5.471809e-01	0.000000e+00	1	9.527313e-02
8.490121e-01	1.925512e-01	5.345644e-01	3.505720e-01	1.419801e-01	5.069613e-01	5.049248e-01	4.979575e-01	3.639692e-01	5.045585e-01	4.879122e-01	5.047728e-01	5.531245e-01	5.000003e-01	5.014082e-01	0.000000e+00	1	9.516093e-02
1.172525e-01	8.169756e-01	5.846948e-01	3.923849e-01	9.092519e-01	5.070878e-01	5.566358e-01	4.403261e-01	4.973177e-01	4.809178e-01	4.997042e-01	5.175897e-01	4.957980e-01	4.987783e-01	5.628343e-01	0.000000e+00	1	9.409062e-02
6.251324e-02	1.655442e-01	9.896119e-01	8.873554e-01	7.701370e-01	4.642854e-01	4.973850e-01	4.985072e-01	5.037577e-01	5.248361e-01	5.558028e-01	5.031965e-01	4.987691e-01	4.836623e-01	4.999326e-01	0.000000e+00	1	9.392357e-02
4.297069e-01	9.025730e-01	3.297271e-02	2.099097e-02	7.171256e-01	5.012173e-01	5.002164e-01	4.979575e-01	4.957513e-01	4.959939e-01	4.900891e-01	5.068080e-01	4.987691e-01	4.996507e-01	4.992029e-01	0.000000e+00	1	9.303426e-02
5.224965e-01	7.648405e-01	3.872409e-01	2.520889e-01	6.184587e-01	5.078558e-01	5.045458e-01	4.927299e-01	5.297992e-01	5.263983e-01	4.872880e-01	5.395116e-01	5.168145e-01	5.026162e-01	4.848596e-01	0.000000e+00	1	9.204786e-02
4.043839e-02	2.652010e-01	9.639204e-01	8.271968e-01	9.036689e-01	5.014465e-01	5.009494e-01	4.916560e-01	4.957446e-01	4.946249e-01	4.834830e-01	5.009182e-01	4.981434e-01	4.995014e-01	5.125525e-01	0.000000e+00	1	8.868020e-02
9.628784e-01	2.867341e-01	1.605415e-01	1.008765e-01	1.842547e-01	5.086698e-01	4.377248e-01	4.965324e-01	4.487942e-01	4.817761e-01	5.594874e-01	4.846934e-01	4.317661e-01	4.607822e-01	4.771021e-01	0.000000e+00	1	8.841083e-02
8.910084e-01	4.939598e-01	4.978788e-02	3.108724e-02	3.222581e-01	5.474790e-01	4.924537e-01	4.965944e-01	5.210362e-01	5.018026e-01	4.300198e-01	4.183519e-01	4.913364e-01	5.282169e-01	5.691548e-01	0.000000e+00	1	8.613918e-02
9.184703e-01	6.778888e-02	4.111588e-01	2.673109e-01	4.690150e-02	5.310696e-01	4.885335e-01	5.070233e-01	5.038831e-01	5.345211e-01	5.545747e-01	5.096927e-01	5.167578e-01	5.192765e-01	5.500281e-01	0.000000e+00	1	8.427097e-02
5.343275e-02	9.479048e-01	3.439334e-01	2.212604e-01	9.641521e-01	5.012173e-01	5.008937e-01	4.934614e-01	5.034649e-01	4.015400e-01	4.980392e-01	5.033813e-01	4.977765e-01	4.990310e-01	4.962678e-01	0.000000e+00	1	8.369949e-02
6.069530e-01	5.545269e-01	5.975264e-01	4.001097e-01	4.712842e-01	4.161790e-01	5.064755e-01	5.132624e-01	5.184427e-01	4.983062e-01	4.884830e-01	4.316761e-01	5.299100e-01	5.079655e-01	5.546431e-01	0.000000e+00	1	8.338976e-02
3.130877e-01	3.359189e-02	9.499713e-01	7.962368e-01	6.804406e-02	5.064554e-01	5.063681e-01	5.250224e-01	4.948581e-01	5.034540e-01	4.985203e-01	5.013847e-01	4.941963e-01	4.972443e-01	4.974488e-01	0.000000e+00	1	8.311472e-02
1.469492e-02	3.848051e-01	9.230535e-01	7.483862e-01	9.757006e-01	5.012175e-01	4.972615e-01	4.979575e-01	4.957513e-01	5.026061e-01	4.901657e-01	5.044955e-01	4.981425e-01	4.994617e-01	4.992029e-01	0.000000e+00	1	8.276164e-02
2.333694e-01	5.833488e-01	8.048294e-01	5.780257e-01	7.577340e-01	5.072383e-01	5.358415e-01	5.355557e-01	5.008898e-01	6.175502e-01	5.007327e-01	4.946959e-01	5.652922e-01	4.839137e-01	5.078741e-01	0.000000e+00	1	8.219677e-02
1.362983e-01	9.770902e-01	2.199660e-01	1.396594e-01	9.117647e-01	5.082206e-01	4.864835e-01	5.619642e-01	4.926431e-01	4.925828e-01	5.778694e-01	5.225616e-01	5.007275e-01	4.991978e-01	5.017163e-01	0.000000e+00	1	8.182465e-02
1.302485e-01	9.783348e-01	2.203385e-01	1.398312e-01	9.157405e-01	5.082206e-01	4.850184e-01	5.619642e-01	4.926431e-01	4.925828e-01	5.778694e-01	5.225616e-01	5.202804e-01	4.940572e-01	5.017163e-01	0.000000e+00	1	8.181807e-02
7.977218e-01	5.782484e-01	1.938307e-01	1.236636e-01	3.993045e-01	5.121028e-01	4.799738e-01	5.366802e-01	5.023393e-01	5.215352e-01	5.021791e-01	4.589581e-01	5.039038e-01	5.064264e-01	4.941381e-01	0.000000e+00	1	8.171502e-02
3.485725e-01	7.420765e-01	6.327499e-01	4.184441e-01	7.204371e-01	5.004351e-01	5.330815e-01	5.342098e-01	4.958034e-01	6.022534e-01	4.868972e-01	4.305624e-01	5.652922e-01	3.834489e-01	5.079053e-01	0.000000e+00	1	8.146801e-02
2.178567e-01	5.979995e-01	8.152694e-01	5.780257e-01	7.775873e-01	5.069677e-01	5.358415e-01	5.342098e-01	4.958034e-01	6.175502e-01	5.007327e-01	4.946959e-01	5.652922e-01	3.834489e-01	5.078741e-01	0.000000e+00	1	7.970731e-02
1.226740e-03	8.671265e-01	4.985221e-01	3.321680e-01	9.990994e-01	5.012175e-01	5.013569e-01	4.979575e-01	4.957513e-01	4.959912e-01	4.876939e-01	5.044955e-01	4.987691e-01	4.994617e-01	5.014082e-01	0.000000e+00	1	7.882316e-02
3.151739e-01	5.571996e-01	7.772151e-01	5.613676e-01	6.722866e-01	5.063422e-01	5.039713e-01	5.494065e-01	5.081815e-01	5.457758e-01	4.821876e-01	5.134885e-01	5.231185e-01	5.346440e-01	5.041911e-01	0.000000e+00	1	7.743642e-02
1.747136e-01	2.812076e-02	9.896565e-01	8.873554e-01	1.015948e-01	4.601470e-01	5.013083e-01	4.985072e-01	5.037577e-01	5.248361e-01	5.558028e-01	5.031965e-01	4.987691e-01	4.994564e-01	4.979259e-01	0.000000e+00	1	7.718123e-02
7.959137e-01	5.849626e-01	1.943221e-01	1.236636e-01	4.034922e-01	5.122762e-01	4.799347e-01	5.157132e-01	5.023393e-01	5.198047e-01	5.021791e-01	4.589581e-01	4.655259e-01	4.803397e-01	5.471809e-01	0.000000e+00	1	7.617496e-02
5.129671e-01	4.566942e-01	7.366989e-01	5.223032e-01	4.630961e-01	5.404677e-01	5.064755e-01	5.132275e-01	5.184427e-01	4.955077e-01	4.888089e-01	4.952840e-01	4.576336e-01	5.067933e-01	5.546430e-01	0.000000e+00	1	7.512542e-02
3.667446e-01	8.397350e-01	4.362370e-01	2.828640e-01	7.378584e-01	4.956674e-01	5.048806e-01	5.355377e-01	4.770656e-01	5.438705e-01	5.188277e-01	4.263816e-01	4.465250e-01	5.002923e-01	5.497909e-01	0.000000e+00	1	7.399105e-02
9.434527e-01	1.124384e-01	3.253753e-01	2.100440e-01	7.551463e-02	5.337525e-01	5.045173e-01	4.927510e-01	5.022714e-01	5.165348e-01	5.001846e-01	5.013847e-01	5.168117e-01	4.999785e-01	5.502259e-01	0.000000e+00	1	7.279996e-02
4.031257e-01	4.804354e-02	9.143629e-01	7.339857e-01	7.551463e-02	5.065994e-01	5.045173e-01	4.927510e-01	4.955853e-01	5.031922e-01	5.002099e-01	5.013847e-01	5.168117e-01	4.999785e-01	4.971483e-01	0.000000e+00	1	7.275591e-02
4.598709e-01	2.293309e-01	8.650933e-01	6.587657e-01	2.944974e-01	5.011617e-01	5.048806e-01	4.930234e-01	5.303926e-01	5.438705e-01	5.166698e-01	4.462952e-01	4.890816e-01	5.002923e-01	5.027140e-01	0.000000e+00	1	7.172785e-02
4.467310e-01	6.506175e-01	6.209879e-01	4.244102e-01	6.169499e-01	5.059965e-01	4.886611e-01	5.070233e-01	5.039312e-01	5.334763e-01	5.061114e-01	5.015911e-01	5.184582e-01	4.974571e-01	5.500281e-01	0.000000e+00	1	7.153027e-02
5.683665e-01	8.319860e-01	1.149000e-01	7.228423e-02	6.184587e-01	4.148209e-01	4.968383e-01	5.139122e-01	5.297992e-01	5.255173e-01	4.959205e-01	5.593616e-01	5.183353e-01	4.648203e-01	4.969159e-01	0.000000e+00	1	7.126134e-02
9.280318e-01	2.715595e-01	2.767284e-01	1.774496e-01	1.812274e-01	4.971478e-01	4.694454e-01	4.940443e-01	4.578356e-01	4.994917e-01	4.482514e-01	4.953460e-01	4.992222e-01	5.141217e-01	4.894372e-01	0.000000e+00	1	7.063602e-02
5.762484e-01	8.435236e-01	1.085061e-02	6.761638e-03	6.184587e-01	5.007068e-01	4.958903e-01	5.069140e-01	6.041570e-01	5.252927e-01	5.694583e-01	5.395116e-01	5.438392e-01	4.609769e-01	5.154373e-01	0.000000e+00	1	6.999321e-02
2.918083e-01	9.876349e-01	2.869070e-04	1.773580e-04	8.171067e-01	5.002565e-01	5.473256e-01	5.029103e-01	4.905580e-01	5.253169e-01	3.501527e-01	5.069593e-01	5.411736e-01	5.477849e-01	5.195570e-01	0.000000e+00	1	6.910422e-02
7.608462e-01	5.084725e-01	5.128703e-01	3.252025e-01	3.750529e-01	5.092724e-01	5.574578e-01	5.273206e-01	4.894221e-01	5.452929e-01	6.385560e-01	5.073218e-01	6.202493e-01	5.949872e-01	5.007563e-01	0.000000e+00	1	6.483025e-02
8.192797e-01	5.479891e-01	1.939085e-01	1.236636e-01	3.753029e-01	5.120804e-01	4.799347e-01	4.914703e-01	5.024193e-01	5.015945e-01	5.021791e-01	5.075258e-01	4.655259e-01	4.803397e-01	5.477438e-01	0.000000e+00	1	6.482555e-02
6.209228e-01	4.149619e-01	6.745312e-01	4.676503e-01	3.750529e-01	5.098634e-01	5.574578e-01	5.262256e-01	4.894221e-01	5.452929e-01	4.984696e-01	5.071325e-01	4.935598e-01	4.995065e-01	5.007563e-01	0.000000e+00	1	6.436567e-02
3.829749e-01	6.463322e-01	6.670915e-01	4.622591e-01	6.594638e-01	5.089276e-01	4.922717e-01	4.367147e-01	5.064219e-01	4.907283e-01	4.963966e-01	4.917277e-01	4.946483e-01	5.105889e-01	4.855722e-01	0.000000e+00	1	6.382467e-02
