1.004997e+00	2.927343e-04	1.412833e-02	8.949059e-03	1.854337e-04	5.120456e-01	5.059761e-01	4.954278e-01	4.748541e-01	4.926411e-01	5.600407e-01	4.831040e-01	5.001238e-01	5.068790e-01	5.164603e-01	0.000000e+00	1	1.000000e+14
1.621044e-15	5.431237e-29	1.003404e+00	1.000000e+00	2.132967e-14	5.126566e-01	4.943319e-01	4.922773e-01	5.334280e-01	4.970332e-01	4.589272e-01	4.916451e-01	4.940287e-01	5.113757e-01	4.897982e-01	0.000000e+00	1	1.000000e+14
2.610148e-30	1.615646e-15	1.000063e+00	1.000000e+00	1.000000e+00	5.012175e-01	5.003812e-01	4.979575e-01	4.957513e-01	4.959912e-01	5.005826e-01	5.044955e-01	4.987691e-01	4.994617e-01	4.992029e-01	0.000000e+00	1	1.000000e+14
1.609435e-15	3.039833e-16	1.013832e+00	1.000000e+00	1.188421e-01	5.126566e-01	4.860967e-01	4.922773e-01	5.165221e-01	4.970332e-01	4.589272e-01	4.916451e-01	4.194191e-01	4.308384e-01	4.897982e-01	0.000000e+00	1	1.000000e+14
1.779587e-15	1.101540e+00	1.191102e-02	6.883542e-03	1.000000e+00	5.310541e-01	5.003812e-01	4.979575e-01	4.887249e-01	4.882914e-01	5.005660e-01	3.220864e-01	4.763676e-01	4.676618e-01	7.590636e-01	0.000000e+00	1	1.000000e+14
5.628096e-02	9.984325e-01	4.359912e-17	2.775558e-17	9.641521e-01	5.012173e-01	5.008937e-01	4.983926e-01	4.997202e-01	4.980361e-01	4.980392e-01	5.016421e-01	4.987984e-01	4.996489e-01	4.992026e-01	0.000000e+00	1	1.000000e+14
1.978865e-01	4.413750e-01	8.759952e-01	6.788164e-01	7.316817e-01	4.852069e-01	5.042357e-01	4.927510e-01	4.956027e-01	4.953164e-01	5.002099e-01	5.074325e-01	5.168117e-01	4.999785e-01	4.992950e-01	0.000000e+00	1	1.671761e-01
5.224965e-01	7.648405e-01	3.872409e-01	2.520889e-01	6.184587e-01	5.078558e-01	5.045458e-01	4.927299e-01	5.297992e-01	5.263983e-01	4.872880e-01	5.395116e-01	5.168145e-01	5.026162e-01	4.848596e-01	0.000000e+00	1	1.207705e-01
1.469492e-02	3.848051e-01	9.230535e-01	7.483862e-01	9.757006e-01	5.012175e-01	4.972615e-01	4.979575e-01	4.957513e-01	5.026061e-01	4.901657e-01	5.044955e-01	4.981425e-01	4.994617e-01	4.992029e-01	0.000000e+00	1	1.204103e-01
6.740781e-01	6.008495e-01	4.398580e-01	2.885684e-01	4.634743e-01	4.956674e-01	5.077740e-01	5.355377e-01	4.770656e-01	5.438705e-01	5.223712e-01	5.074169e-01	4.928711e-01	5.002854e-01	5.054089e-01	0.000000e+00	1	1.120954e-01
4.031257e-01	4.804354e-02	9.143629e-01	7.339857e-01	7.551463e-02	5.065994e-01	5.045173e-01	4.927510e-01	4.955853e-01	5.031922e-01	5.002099e-01	5.013847e-01	5.168117e-01	4.999785e-01	4.971483e-01	0.000000e+00	1	1.092777e-01
4.720368e-01	6.200307e-01	6.471726e-01	4.412140e-01	5.857505e-01	5.395649e-01	5.294735e-01	4.965617e-01	4.094958e-01	5.436935e-01	4.964546e-01	5.171750e-01	5.100572e-01	4.976851e-01	5.007516e-01	0.000000e+00	1	1.083143e-01
6.408984e-01	3.142911e-01	7.279329e-01	5.062344e-01	2.902549e-01	5.277462e-01	5.086459e-01	5.118053e-01	4.976515e-01	6.238597e-01	5.010572e-01	4.912138e-01	4.570796e-01	5.004073e-01	5.355839e-01	0.000000e+00	1	1.032512e-01
5.517137e-01	7.055706e-01	4.749481e-01	3.103981e-01	5.775192e-01	5.402389e-01	5.294735e-01	4.965617e-01	4.105945e-01	4.977652e-01	4.964546e-01	4.454381e-01	4.828197e-01	4.979637e-01	5.038280e-01	0.000000e+00	1	1.028685e-01
4.165354e-01	9.824811e-01	8.277742e-02	4.928390e-02	7.447207e-01	5.353243e-01	5.003812e-01	5.131504e-01	4.753399e-01	4.882914e-01	5.005660e-01	5.044955e-01	4.987691e-01	4.678183e-01	7.590636e-01	0.000000e+00	1	1.001825e-01
7.423208e-01	2.997741e-02	6.823807e-01	4.729735e-01	2.569489e-02	5.093124e-01	5.554004e-01	5.152235e-01	5.043346e-01	5.400555e-01	5.020560e-01	4.585237e-01	4.710852e-01	5.067783e-01	5.336959e-01	0.000000e+00	1	9.795614e-02
1.599959e-01	9.490332e-01	2.884013e-01	1.853491e-01	8.936731e-01	4.948128e-01	5.048806e-01	4.920946e-01	5.303926e-01	5.438705e-01	5.179611e-01	4.837528e-01	4.890937e-01	5.014247e-01	5.322307e-01	0.000000e+00	1	9.497421e-02
8.354908e-01	2.494647e-01	5.354031e-01	3.505720e-01	1.847202e-01	5.069613e-01	4.928877e-01	5.161452e-01	3.502953e-01	4.909624e-01	5.003729e-01	5.183661e-01	5.024158e-01	4.990738e-01	5.009482e-01	0.000000e+00	1	9.456431e-02
6.111671e-01	8.014745e-01	1.416930e-02	8.949059e-03	5.852505e-01	5.592779e-01	5.059761e-01	4.954278e-01	4.748541e-01	4.926411e-01	5.564872e-01	4.831040e-01	5.026781e-01	5.005080e-01	5.164603e-01	0.000000e+00	1	9.443012e-02
8.069590e-01	4.550795e-01	3.972223e-01	2.578661e-01	3.268950e-01	4.654142e-01	5.343223e-01	5.328522e-01	4.812983e-01	5.451320e-01	4.995749e-01	4.948547e-01	5.164212e-01	4.995486e-01	5.431762e-01	0.000000e+00	1	9.381139e-02
3.151464e-01	5.571509e-01	7.771473e-01	5.613676e-01	6.722866e-01	5.063422e-01	5.039713e-01	5.494065e-01	5.081815e-01	5.457758e-01	4.821876e-01	5.134885e-01	5.231185e-01	5.333507e-01	5.041911e-01	0.000000e+00	1	9.267949e-02
1.645947e-01	9.670287e-01	2.547137e-01	1.617353e-01	8.926716e-01	4.948128e-01	5.005349e-01	4.707560e-01	5.303926e-01	5.403842e-01	5.179611e-01	4.837528e-01	4.143323e-01	4.673576e-01	5.322307e-01	0.000000e+00	1	9.267641e-02
9.817448e-01	1.626360e-01	1.687367e-01	1.069303e-01	1.045133e-01	4.148209e-01	5.015407e-01	5.177447e-01	4.958284e-01	5.078075e-01	4.955234e-01	5.040490e-01	5.186280e-01	4.641514e-01	4.969159e-01	0.000000e+00	1	9.182701e-02
6.956840e-01	2.128519e-01	7.419083e-01	5.062344e-01	1.890228e-01	5.239600e-01	5.538994e-01	5.074661e-01	4.970703e-01	6.238597e-01	3.695778e-01	4.909742e-01	5.444455e-01	4.674787e-01	5.090396e-01	0.000000e+00	1	9.130788e-02
4.480688e-01	5.290258e-01	7.399485e-01	5.207232e-01	5.526268e-01	5.101561e-01	4.947122e-01	4.467529e-01	5.443649e-01	5.026578e-01	4.268897e-01	4.923885e-01	4.946483e-01	5.105889e-01	5.591238e-01	0.000000e+00	1	8.895659e-02
6.969516e-01	3.635631e-01	6.534466e-01	4.415096e-01	3.060966e-01	5.275955e-01	5.554004e-01	5.118053e-01	4.971421e-01	6.238597e-01	4.985025e-01	4.912138e-01	4.602284e-01	5.004073e-01	5.350512e-01	0.000000e+00	1	8.714028e-02
7.757517e-01	1.248600e-01	6.298228e-01	4.301627e-01	1.015948e-01	5.087142e-01	5.013244e-01	4.985254e-01	5.600169e-01	4.858175e-01	5.558028e-01	5.010827e-01	4.987691e-01	4.994588e-01	4.979353e-01	0.000000e+00	1	8.577439e-02
4.628045e-01	5.924421e-01	6.905148e-01	4.729735e-01	5.778192e-01	5.565447e-01	5.554004e-01	5.122247e-01	5.043346e-01	5.400555e-01	4.985025e-01	4.585237e-01	4.736395e-01	5.004073e-01	6.015904e-01	0.000000e+00	1	8.540807e-02
7.935180e-01	7.957001e-02	6.624955e-01	4.413002e-01	6.362436e-02	4.952968e-01	5.048035e-01	4.909542e-01	4.714359e-01	5.064624e-01	5.168184e-01	3.145528e-01	4.927973e-01	4.674532e-01	4.976230e-01	0.000000e+00	1	8.275468e-02
1.746892e-01	2.811684e-02	9.895184e-01	8.873554e-01	1.015948e-01	4.601470e-01	5.013083e-01	4.985072e-01	5.037577e-01	5.218313e-01	5.558028e-01	5.031965e-01	4.987691e-01	4.994564e-01	4.979259e-01	0.000000e+00	1	8.255610e-02
7.506495e-01	6.679064e-01	6.041582e-03	3.827865e-03	4.629086e-01	5.069440e-01	4.960211e-01	4.360918e-01	4.968921e-01	4.918998e-01	5.225517e-01	4.957111e-01	4.946855e-01	4.976701e-01	5.030547e-01	0.000000e+00	1	8.241258e-02
2.532483e-01	5.391405e-01	8.483047e-01	6.102721e-01	7.204371e-01	5.022819e-01	5.330815e-01	5.342098e-01	4.958034e-01	5.977981e-01	3.733070e-01	4.946959e-01	5.652922e-01	4.345063e-01	5.079053e-01	0.000000e+00	1	8.188813e-02
3.535249e-01	8.094659e-01	4.888025e-01	3.217714e-01	7.378584e-01	4.952968e-01	5.048035e-01	5.344032e-01	4.770656e-01	5.438705e-01	5.188277e-01	4.263816e-01	4.927973e-01	5.005880e-01	4.954929e-01	0.000000e+00	1	8.035592e-02
3.261706e-01	4.972797e-01	8.469494e-01	6.102721e-01	6.304304e-01	4.684207e-01	5.258777e-01	5.342098e-01	5.226738e-01	5.977981e-01	3.733070e-01	5.370323e-01	5.652922e-01	5.150437e-01	5.079053e-01	0.000000e+00	1	7.737433e-02
1.723798e-15	1.067008e+00	6.469156e-02	3.855040e-02	1.000000e+00	4.940314e-01	5.003812e-01	4.979575e-01	4.753399e-01	4.882914e-01	5.005660e-01	5.044955e-01	4.987691e-01	4.676618e-01	7.590636e-01	0.000000e+00	1	7.728647e-02
8.927898e-01	1.436976e-01	4.528746e-01	2.955808e-01	1.015948e-01	5.197447e-01	5.013244e-01	4.445933e-01	5.656466e-01	4.850301e-01	5.578122e-01	5.010827e-01	4.987691e-01	4.994588e-01	4.979085e-01	0.000000e+00	1	7.652901e-02
8.654800e-01	8.639087e-02	5.068265e-01	3.358845e-01	6.333660e-02	5.080129e-01	5.064755e-01	5.132624e-01	4.947812e-01	4.978861e-01	4.897729e-01	5.170201e-01	5.299100e-01	4.997919e-01	5.712121e-01	0.000000e+00	1	7.571287e-02
5.850655e-01	7.882861e-01	2.393537e-01	1.522502e-01	5.935246e-01	5.073734e-01	5.096097e-01	4.491902e-01	5.443649e-01	5.006450e-01	4.268897e-01	4.911703e-01	4.963251e-01	5.172028e-01	5.030613e-01	0.000000e+00	1	7.405920e-02
4.043839e-02	2.652010e-01	9.639204e-01	8.271968e-01	9.036689e-01	5.014465e-01	5.009494e-01	4.916560e-01	4.957446e-01	4.946249e-01	4.834830e-01	5.009182e-01	4.981434e-01	4.995014e-01	5.125525e-01	0.000000e+00	1	7.366716e-02
9.628784e-01	2.867341e-01	1.605415e-01	1.008765e-01	1.842547e-01	5.086698e-01	4.377248e-01	4.965324e-01	4.487942e-01	4.817761e-01	5.594874e-01	4.846934e-01	4.317661e-01	4.607822e-01	4.771021e-01	0.000000e+00	1	7.353821e-02
8.812378e-02	7.938929e-01	6.360512e-01	4.281104e-01	9.296220e-01	5.160582e-01	5.294735e-01	4.982826e-01	4.498353e-01	5.436935e-01	6.229490e-01	5.171750e-01	5.100572e-01	4.975286e-01	5.007516e-01	0.000000e+00	1	7.299377e-02
9.513680e-01	1.045588e-01	3.554307e-01	2.263684e-01	6.968715e-02	5.069613e-01	5.024929e-01	5.161452e-01	3.606747e-01	5.298522e-01	5.003729e-01	5.183661e-01	5.024158e-01	4.990738e-01	5.006178e-01	0.000000e+00	1	7.199204e-02
9.681286e-01	1.684930e-01	2.092464e-01	1.335633e-01	1.096985e-01	5.014465e-01	5.009494e-01	4.907654e-01	4.957446e-01	5.362995e-01	4.834830e-01	5.009182e-01	5.186867e-01	5.220696e-01	5.466736e-01	0.000000e+00	1	7.048055e-02
1.293095e-01	8.524736e-01	5.191244e-01	3.450123e-01	9.041634e-01	5.071202e-01	4.855820e-01	4.978043e-01	4.976199e-01	4.684610e-01	4.997042e-01	5.086477e-01	5.339064e-01	4.980134e-01	5.628343e-01	0.000000e+00	1	7.026350e-02
2.852681e-01	8.935638e-01	3.550097e-01	2.303390e-01	8.032716e-01	4.987431e-01	5.003477e-01	4.927061e-01	4.996337e-01	5.469436e-01	5.116028e-01	4.776762e-01	4.993092e-01	5.002696e-01	5.060396e-01	0.000000e+00	1	6.982313e-02
8.028709e-01	1.878947e-01	5.841017e-01	3.923650e-01	1.463532e-01	5.079806e-01	5.059633e-01	5.113097e-01	5.044791e-01	4.941586e-01	4.918730e-01	4.290936e-01	4.939829e-01	5.017216e-01	5.712121e-01	0.000000e+00	1	6.937565e-02
1.340514e-01	9.340249e-01	3.491144e-01	2.255958e-01	9.092519e-01	5.070878e-01	4.314548e-01	4.958515e-01	4.997248e-01	4.661800e-01	4.997042e-01	5.050099e-01	4.985529e-01	5.018285e-01	4.870584e-01	0.000000e+00	1	6.919069e-02
5.084456e-01	7.395631e-01	4.734464e-01	3.090325e-01	6.165743e-01	5.408098e-01	5.291498e-01	4.965617e-01	4.083035e-01	5.106934e-01	4.964546e-01	4.423571e-01	4.828197e-01	4.971233e-01	5.038280e-01	0.000000e+00	1	6.886900e-02
2.986891e-01	7.285881e-01	6.211060e-01	4.251702e-01	7.523169e-01	5.078558e-01	5.045458e-01	4.927299e-01	5.194201e-01	4.875085e-01	4.872880e-01	5.395116e-01	5.168145e-01	5.026162e-01	4.848596e-01	0.000000e+00	1	6.880489e-02
8.435294e-01	1.969554e-01	5.214914e-01	3.449924e-01	1.460280e-01	5.080129e-01	5.059633e-01	5.132624e-01	5.049038e-01	4.941586e-01	4.889554e-01	4.327314e-01	5.320913e-01	4.997919e-01	5.712121e-01	0.000000e+00	1	6.855332e-02
9.439709e-01	3.200513e-01	1.408147e-01	8.934632e-02	2.081013e-01	5.112937e-01	4.875778e-01	5.359314e-01	5.065865e-01	5.195424e-01	5.022402e-01	4.589581e-01	4.589776e-01	4.986681e-01	5.357346e-01	0.000000e+00	1	6.797378e-02
1.004560e-01	5.049612e-01	8.678783e-01	6.591340e-01	8.749842e-01	5.009316e-01	4.695706e-01	5.153676e-01	4.668330e-01	4.899636e-01	5.610767e-01	5.129379e-01	4.511324e-01	4.794787e-01	4.942681e-01	0.000000e+00	1	6.758381e-02
3.826523e-01	8.275705e-01	4.441243e-01	2.885684e-01	7.242790e-01	4.956674e-01	5.610049e-01	5.355377e-01	4.770656e-01	5.438705e-01	5.193387e-01	4.208631e-01	4.928711e-01	5.002854e-01	5.054089e-01	0.000000e+00	1	6.703022e-02
6.345510e-01	3.310120e-01	7.298549e-01	5.062344e-01	3.060966e-01	5.275955e-01	5.554004e-01	5.118053e-01	4.971421e-01	6.238597e-01	4.985025e-01	4.912138e-01	4.602284e-01	5.004073e-01	5.350512e-01	0.000000e+00	1	6.649573e-02
2.330429e-01	5.825325e-01	8.037031e-01	5.780257e-01	7.577340e-01	5.319301e-01	5.353085e-01	5.355557e-01	5.008898e-01	6.069987e-01	5.023039e-01	4.946959e-01	5.652922e-01	4.837126e-01	5.078741e-01	0.000000e+00	1	6.636842e-02
2.885267e-01	9.037709e-01	3.191821e-01	2.066101e-01	8.032716e-01	4.991995e-01	5.003978e-01	4.927061e-01	4.996241e-01	4.882181e-01	5.116028e-01	4.776762e-01	4.993092e-01	4.975917e-01	5.114319e-01	0.000000e+00	1	6.429137e-02
