1.023059e+00	7.537747e-03	9.080845e-03	5.650444e-03	4.690437e-03	5.014103e-01	5.008937e-01	5.627213e-01	4.997592e-01	5.006549e-01	6.383113e-01	5.016421e-01	4.925068e-01	4.996518e-01	4.992026e-01	0.000000e+00	1	1.000000e+14
1.036727e-02	1.003253e+00	9.475699e-02	5.994756e-02	9.934216e-01	5.012173e-01	5.069697e-01	4.193315e-01	5.021626e-01	4.979139e-01	4.790750e-01	5.023793e-01	5.025909e-01	5.029452e-01	5.273060e-01	0.000000e+00	1	1.000000e+14
1.630819e-15	1.311688e-29	1.009455e+00	1.000000e+00	5.120411e-15	5.078269e-01	4.989137e-01	4.867461e-01	5.352907e-01	4.977188e-01	5.004434e-01	5.616863e-01	4.521194e-01	5.415187e-01	5.120170e-01	0.000000e+00	1	1.000000e+14
2.610148e-30	1.615646e-15	1.000063e+00	1.000000e+00	1.000000e+00	5.012175e-01	5.003812e-01	4.979575e-01	4.957513e-01	4.959912e-01	5.005826e-01	5.044955e-01	4.987691e-01	4.994617e-01	4.992029e-01	0.000000e+00	1	1.000000e+14
8.663346e-16	1.409995e-15	1.024347e+00	1.000000e+00	6.492493e-01	5.078269e-01	4.987548e-01	5.019334e-01	4.973679e-01	5.001963e-01	5.004434e-01	5.616863e-01	4.479460e-01	3.673760e-01	5.130125e-01	0.000000e+00	1	1.000000e+14
5.628082e-02	9.984300e-01	4.359901e-17	2.775558e-17	9.641521e-01	5.012173e-01	5.008937e-01	5.002723e-01	4.997202e-01	4.980361e-01	4.980392e-01	5.016421e-01	4.987984e-01	4.996489e-01	4.992026e-01	0.000000e+00	1	1.000000e+14
3.978314e-01	9.039355e-01	2.298314e-01	1.455604e-01	7.360579e-01	5.029938e-01	4.905394e-01	4.923480e-01	4.178924e-01	5.597277e-01	5.004431e-01	4.966242e-01	4.572898e-01	5.409431e-01	5.044402e-01	0.000000e+00	1	1.799225e-01
1.156634e-02	9.694398e-01	3.768632e-01	2.360209e-01	9.924049e-01	5.026962e-01	5.285302e-01	5.023169e-01	4.787382e-01	5.575336e-01	3.317673e-01	4.182828e-01	4.979422e-01	4.997181e-01	5.246253e-01	0.000000e+00	1	1.410114e-01
4.558751e-01	8.834901e-01	1.375441e-01	8.752104e-02	6.967396e-01	5.098575e-01	5.018116e-01	5.203365e-01	4.501304e-01	4.801249e-01	4.897946e-01	4.999902e-01	4.898306e-01	4.956900e-01	5.043402e-01	0.000000e+00	1	1.280319e-01
2.064621e-01	5.255725e-01	8.369098e-01	6.221344e-01	7.617053e-01	5.000584e-01	4.998687e-01	4.938592e-01	5.695519e-01	4.976801e-01	4.872850e-01	5.034670e-01	4.630656e-01	4.491512e-01	4.758038e-01	0.000000e+00	1	1.268271e-01
7.204813e-01	5.588939e-01	4.333959e-01	2.824623e-01	4.200173e-01	5.062430e-01	5.018363e-01	4.917082e-01	5.108254e-01	4.933112e-01	4.893562e-01	4.952029e-01	4.058151e-01	5.001234e-01	4.821785e-01	0.000000e+00	1	1.238593e-01
9.486289e-01	5.310379e-02	3.483380e-01	2.237147e-01	3.560051e-02	5.028892e-01	5.285302e-01	5.021631e-01	4.787382e-01	5.575336e-01	4.965222e-01	4.182828e-01	4.915644e-01	4.997210e-01	5.246253e-01	0.000000e+00	1	1.188786e-01
6.743814e-01	2.508217e-01	7.115371e-01	4.964510e-01	2.266845e-01	5.272367e-01	5.495628e-01	5.220703e-01	4.272541e-01	5.161974e-01	4.890900e-01	5.032768e-01	4.788585e-01	4.541479e-01	4.981305e-01	0.000000e+00	1	1.186052e-01
9.554857e-01	2.580329e-01	1.649038e-01	1.051066e-01	1.679163e-01	5.174530e-01	4.989139e-01	4.921354e-01	5.332863e-01	5.059914e-01	5.004431e-01	4.966242e-01	4.986153e-01	5.409537e-01	5.124806e-01	0.000000e+00	1	1.148180e-01
4.142532e-01	3.213458e-01	8.745377e-01	6.561956e-01	4.200173e-01	5.699799e-01	5.462315e-01	4.917082e-01	5.628188e-01	4.890308e-01	5.041360e-01	4.899325e-01	4.086167e-01	5.002448e-01	5.031969e-01	0.000000e+00	1	1.122942e-01
8.794029e-01	4.894891e-01	4.435713e-02	2.803941e-02	3.233442e-01	5.430194e-01	5.226929e-01	4.477576e-01	4.868033e-01	4.962240e-01	5.416570e-01	4.927745e-01	4.818444e-01	5.054766e-01	5.004570e-01	0.000000e+00	1	1.096013e-01
5.841196e-01	6.273373e-01	5.187732e-01	3.464765e-01	5.227013e-01	4.975799e-01	5.008937e-01	4.929744e-01	4.826106e-01	4.886809e-01	4.980392e-01	5.013021e-01	4.993431e-01	4.621838e-01	5.035098e-01	0.000000e+00	1	1.045547e-01
2.877372e-01	5.712900e-01	7.870429e-01	5.655324e-01	7.029703e-01	5.367005e-01	5.023006e-01	4.890771e-01	5.214685e-01	3.965427e-01	5.034423e-01	4.647489e-01	4.825472e-01	5.021860e-01	5.004557e-01	0.000000e+00	1	1.029994e-01
3.811897e-01	4.813891e-01	8.011966e-01	5.837051e-01	5.736214e-01	4.857917e-01	4.431163e-01	4.811270e-01	5.278978e-01	4.884940e-01	5.599499e-01	5.334268e-01	4.969901e-01	4.993229e-01	5.029377e-01	0.000000e+00	1	1.027272e-01
5.011766e-01	7.619497e-01	4.272719e-01	2.789230e-01	6.296096e-01	5.140102e-01	4.425580e-01	5.083037e-01	4.781571e-01	5.002666e-01	4.889234e-01	5.431464e-01	5.099395e-01	4.687870e-01	4.946626e-01	0.000000e+00	1	1.024560e-01
9.898588e-01	9.564766e-02	1.375852e-01	8.752104e-02	6.132464e-02	5.098575e-01	5.018116e-01	5.203365e-01	4.532422e-01	4.801249e-01	4.897946e-01	4.975357e-01	4.898306e-01	4.965858e-01	4.750821e-01	0.000000e+00	1	9.896428e-02
6.172860e-01	7.877151e-01	7.295006e-02	4.632387e-02	5.768477e-01	5.199455e-01	5.110497e-01	5.184217e-01	5.116174e-01	4.991062e-01	4.850614e-01	4.919722e-01	4.981754e-01	5.461546e-01	4.972923e-01	0.000000e+00	1	8.937002e-02
6.018613e-01	7.152328e-01	3.913198e-01	2.523943e-01	5.546636e-01	5.389343e-01	5.282154e-01	5.241913e-01	4.086061e-01	4.884702e-01	4.998641e-01	5.397127e-01	4.803425e-01	4.960131e-01	5.033474e-01	0.000000e+00	1	8.867954e-02
3.462434e-01	8.366719e-01	4.624606e-01	3.006095e-01	7.502062e-01	5.699799e-01	5.654347e-01	4.937686e-01	5.401584e-01	4.890308e-01	5.130312e-01	4.604059e-01	4.703332e-01	5.004961e-01	4.436239e-01	0.000000e+00	1	8.805198e-02
9.543992e-01	9.393913e-02	2.884369e-01	1.859938e-01	6.245971e-02	5.111753e-01	5.244903e-01	5.105445e-01	5.148440e-01	5.050722e-01	5.035307e-01	4.952467e-01	4.826328e-01	4.954846e-01	5.030133e-01	0.000000e+00	1	8.752730e-02
6.248162e-01	3.858393e-01	6.832749e-01	4.770742e-01	3.521816e-01	5.199455e-01	5.110497e-01	5.184217e-01	5.116174e-01	4.587195e-01	4.887321e-01	4.919722e-01	4.981754e-01	5.126819e-01	4.972923e-01	0.000000e+00	1	8.522133e-02
1.057243e-01	8.439395e-01	6.811494e-01	4.298822e-01	9.206609e-01	5.919346e-01	4.801995e-01	4.520571e-01	7.402301e-01	5.037742e-01	5.013533e-01	5.039491e-01	3.599522e-01	5.339189e-01	4.956124e-01	0.000000e+00	1	8.472578e-02
3.429503e-01	7.937573e-02	9.530598e-01	7.747567e-01	1.447958e-01	5.099218e-01	6.096718e-01	4.938592e-01	5.360837e-01	4.987087e-01	5.004599e-01	4.610175e-01	4.826373e-01	4.966052e-01	4.737188e-01	0.000000e+00	1	8.451450e-02
8.191929e-01	3.180928e-02	5.885979e-01	3.964128e-01	2.470755e-02	5.668863e-01	5.290710e-01	4.548958e-01	5.136168e-01	4.953600e-01	5.099136e-01	5.131288e-01	4.943125e-01	5.348938e-01	5.120332e-01	0.000000e+00	1	8.423326e-02
7.679710e-02	6.585206e-01	7.770470e-01	5.503210e-01	9.260908e-01	5.045624e-01	5.018920e-01	4.979575e-01	4.957513e-01	5.045214e-01	5.005826e-01	5.044955e-01	3.572792e-01	5.313829e-01	4.982890e-01	0.000000e+00	1	8.381101e-02
8.622559e-01	3.348142e-02	5.262711e-01	3.486476e-01	2.470755e-02	4.721593e-01	4.908085e-01	4.526064e-01	5.608217e-01	4.942965e-01	4.988271e-01	5.495576e-01	4.945527e-01	5.353097e-01	5.124472e-01	0.000000e+00	1	8.376194e-02
7.818510e-01	6.086040e-01	1.955873e-01	1.240754e-01	4.210856e-01	5.583139e-01	4.926937e-01	5.000672e-01	5.295848e-01	5.001403e-01	4.348410e-01	4.889622e-01	4.920744e-01	5.047727e-01	4.662275e-01	0.000000e+00	1	8.282747e-02
7.432321e-01	7.518111e-02	6.690557e-01	4.649832e-01	6.417851e-02	5.229655e-01	4.726584e-01	5.208685e-01	4.697945e-01	4.956446e-01	5.021856e-01	5.043274e-01	4.898306e-01	4.990125e-01	5.081930e-01	0.000000e+00	1	8.148564e-02
1.875476e-01	8.286068e-01	5.473765e-01	3.643747e-01	8.582946e-01	5.074395e-01	4.907925e-01	5.783756e-01	4.587085e-01	4.973034e-01	4.862457e-01	5.011157e-01	4.824099e-01	5.461546e-01	5.032230e-01	0.000000e+00	1	8.076879e-02
5.378667e-01	7.085647e-01	4.751536e-01	3.123105e-01	5.866457e-01	5.232498e-01	5.294735e-01	4.916960e-01	4.202877e-01	4.884702e-01	5.023495e-01	5.101873e-01	4.800981e-01	4.929585e-01	5.033474e-01	0.000000e+00	1	8.058269e-02
9.023910e-01	1.961758e-02	4.386569e-01	2.879923e-01	1.383765e-02	5.426675e-01	5.331205e-01	5.100070e-01	5.121918e-01	5.044229e-01	5.035307e-01	4.952467e-01	4.827080e-01	5.055568e-01	5.003095e-01	0.000000e+00	1	7.862805e-02
4.264547e-02	6.964443e-01	7.342693e-01	5.162321e-01	9.610664e-01	4.861437e-01	4.431163e-01	4.997648e-01	5.278978e-01	4.877921e-01	5.861856e-01	5.334268e-01	4.969327e-01	4.993229e-01	5.029377e-01	0.000000e+00	1	7.797752e-02
8.855905e-01	4.800908e-01	5.287421e-02	3.338447e-02	3.162526e-01	5.024242e-01	4.989154e-01	4.921354e-01	4.178924e-01	5.059914e-01	5.004431e-01	4.966242e-01	4.930411e-01	5.409431e-01	5.124806e-01	0.000000e+00	1	7.630097e-02
2.804058e-01	2.285561e-01	9.356452e-01	7.651306e-01	4.353684e-01	5.067284e-01	5.019037e-01	5.265298e-01	4.752334e-01	5.045575e-01	5.021856e-01	5.043274e-01	4.898306e-01	5.309336e-01	5.259413e-01	0.000000e+00	1	7.575168e-02
1.234834e-01	3.292494e-01	9.520512e-01	7.747567e-01	7.715742e-01	5.099218e-01	6.096718e-01	4.938592e-01	5.329720e-01	4.987087e-01	5.004599e-01	4.634720e-01	4.826373e-01	4.957095e-01	5.029769e-01	0.000000e+00	1	7.236029e-02
5.724760e-01	6.803122e-01	4.749100e-01	3.123105e-01	5.546636e-01	5.059151e-01	5.294735e-01	4.916960e-01	4.202877e-01	4.884702e-01	5.062302e-01	5.100467e-01	4.800981e-01	4.972250e-01	5.033474e-01	0.000000e+00	1	7.171151e-02
9.270297e-01	1.233798e-01	3.651122e-01	2.369569e-01	8.423365e-02	5.206561e-01	4.993848e-01	4.952238e-01	5.234183e-01	4.948682e-01	4.980316e-01	4.512978e-01	4.810860e-01	4.928043e-01	4.882062e-01	0.000000e+00	1	7.059071e-02
6.745076e-01	3.575558e-01	6.743666e-01	4.606204e-01	3.103113e-01	5.036719e-01	4.841458e-01	4.467829e-01	4.878696e-01	4.957251e-01	5.124940e-01	3.849549e-01	4.929928e-01	4.563185e-01	5.020559e-01	0.000000e+00	1	7.029669e-02
1.483290e-01	4.015437e-01	9.209605e-01	7.230102e-01	7.747325e-01	5.093208e-01	5.194014e-01	4.890771e-01	5.687437e-01	4.095825e-01	5.153096e-01	4.647489e-01	4.758339e-01	4.940255e-01	5.013349e-01	0.000000e+00	1	6.993344e-02
5.335243e-01	8.111286e-01	2.698037e-01	1.725626e-01	6.296096e-01	5.140102e-01	4.425580e-01	5.083037e-01	4.781571e-01	5.102704e-01	4.765142e-01	5.431464e-01	5.099395e-01	4.687870e-01	4.952085e-01	0.000000e+00	1	6.953939e-02
9.185577e-01	1.222522e-01	3.984885e-01	2.585450e-01	8.423365e-02	5.200550e-01	5.000363e-01	4.952238e-01	5.706935e-01	5.079080e-01	4.986473e-01	4.512978e-01	4.751696e-01	4.928087e-01	4.866399e-01	0.000000e+00	1	6.943410e-02
3.209559e-02	2.943853e-01	9.646475e-01	8.103827e-01	9.308651e-01	5.066836e-01	4.448979e-01	4.979222e-01	5.321100e-01	5.008960e-01	5.452754e-01	5.056190e-01	5.506210e-01	4.828271e-01	4.953467e-01	0.000000e+00	1	6.848127e-02
2.744364e-01	7.438284e-01	6.346384e-01	4.297326e-01	7.749822e-01	5.684517e-01	4.801995e-01	4.520571e-01	5.002088e-01	4.942965e-01	4.848945e-01	5.131288e-01	4.989847e-01	5.871481e-01	5.124408e-01	0.000000e+00	1	6.765929e-02
7.766857e-01	1.998373e-01	6.109862e-01	4.144642e-01	1.603216e-01	5.017622e-01	5.014791e-01	4.861328e-01	5.017096e-01	4.683572e-01	4.984489e-01	4.356050e-01	4.474139e-01	4.905104e-01	5.000892e-01	0.000000e+00	1	6.691747e-02
8.372856e-01	6.651997e-02	5.672998e-01	3.781756e-01	5.047163e-02	5.262452e-01	4.998332e-01	4.210181e-01	5.702431e-01	5.059914e-01	4.983556e-01	5.047812e-01	4.938647e-01	5.380499e-01	5.122749e-01	0.000000e+00	1	6.615652e-02
3.332568e-03	4.553872e-01	8.980720e-01	7.012343e-01	9.953412e-01	5.099218e-01	5.010168e-01	4.387445e-01	5.214685e-01	4.945612e-01	5.146939e-01	4.647489e-01	5.027684e-01	4.842233e-01	5.296576e-01	0.000000e+00	1	6.599484e-02
7.857650e-01	6.095360e-01	1.767505e-01	1.119797e-01	4.200173e-01	5.031234e-01	5.462315e-01	4.917082e-01	4.588308e-01	4.848268e-01	5.652500e-01	4.899325e-01	4.624649e-01	4.998389e-01	4.881066e-01	0.000000e+00	1	6.554939e-02
9.430490e-01	3.459152e-01	1.170511e-01	7.385095e-02	2.238144e-01	5.042870e-01	5.010878e-01	5.099988e-01	5.352907e-01	4.986263e-01	5.004481e-01	4.096884e-01	4.594050e-01	5.056594e-01	4.908904e-01	0.000000e+00	1	6.528067e-02
2.536634e-01	4.493450e-01	8.631433e-01	6.569820e-01	6.728276e-01	5.038059e-01	5.218224e-01	5.095782e-01	4.602001e-01	4.973122e-01	5.003113e-01	4.631741e-01	4.547582e-01	4.941012e-01	5.029769e-01	0.000000e+00	1	6.481071e-02
6.311356e-01	1.372060e-02	7.838306e-01	5.683620e-01	1.383765e-02	5.426675e-01	5.009155e-01	5.100070e-01	5.641853e-01	5.044229e-01	5.034947e-01	4.927870e-01	4.827217e-01	5.032859e-01	5.005357e-01	0.000000e+00	1	6.475672e-02
1.832919e-01	4.208996e-01	9.053260e-01	7.012343e-01	7.385333e-01	5.099218e-01	5.187500e-01	4.890771e-01	5.214685e-01	3.887892e-01	5.146939e-01	4.647489e-01	4.869828e-01	4.940211e-01	5.029012e-01	0.000000e+00	1	6.414476e-02
