2.610148e-30	1.615646e-15	1.000063e+00	1.000000e+00	1.000000e+00	5.012175e-01	5.003812e-01	4.979575e-01	4.957513e-01	4.959912e-01	5.005826e-01	5.044955e-01	4.987691e-01	4.994617e-01	4.992029e-01	0.000000e+00	1	1.000000e+14
1.626591e-15	1.006837e+00	1.249922e-01	7.862984e-02	1.000000e+00	6.137857e-01	5.007460e-01	5.281823e-01	4.957513e-01	4.959912e-01	4.994550e-01	5.044955e-01	5.167426e-01	4.994617e-01	4.778851e-01	0.000000e+00	1	1.000000e+14
1.643320e-15	3.211347e-31	1.017192e+00	1.000000e+00	1.244071e-16	5.392968e-01	5.004411e-01	5.467573e-01	5.093982e-01	5.022162e-01	4.953070e-01	4.972755e-01	3.958239e-01	5.371205e-01	4.667057e-01	0.000000e+00	1	1.000000e+14
5.628082e-02	9.984300e-01	4.359901e-17	2.775558e-17	9.641521e-01	5.012173e-01	5.008937e-01	5.002723e-01	4.997202e-01	4.980361e-01	4.980392e-01	5.016421e-01	4.987984e-01	4.996489e-01	4.992026e-01	0.000000e+00	1	1.000000e+14
1.013617e+00	1.255500e-03	6.057989e-03	3.804779e-03	7.885387e-04	4.763250e-01	4.928064e-01	5.627213e-01	5.161557e-01	5.046151e-01	5.637977e-01	4.951251e-01	4.485124e-01	5.370186e-01	4.737012e-01	0.000000e+00	1	1.000000e+14
3.223951e-01	8.366843e-01	4.618617e-01	3.028099e-01	7.658566e-01	5.388949e-01	4.904202e-01	5.480452e-01	4.671427e-01	4.992762e-01	5.060317e-01	5.381796e-01	5.023390e-01	5.413697e-01	5.201646e-01	0.000000e+00	1	1.181050e-01
1.142494e-01	2.810165e-01	9.750975e-01	8.079896e-01	7.541714e-01	5.623849e-01	6.277780e-01	4.931699e-01	4.880988e-01	5.039205e-01	5.019048e-01	5.003699e-01	4.845861e-01	4.831675e-01	4.842794e-01	0.000000e+00	1	1.162575e-01
9.530638e-01	2.585331e-01	2.258117e-01	1.431143e-01	1.686347e-01	4.766121e-01	5.033725e-01	4.987658e-01	4.460911e-01	4.987406e-01	4.566748e-01	4.934203e-01	4.314723e-01	4.988947e-01	5.539508e-01	0.000000e+00	1	1.113952e-01
8.157630e-01	4.073645e-01	5.008136e-01	3.197514e-01	2.948444e-01	4.907356e-01	5.237598e-01	4.722804e-01	4.518165e-01	4.990930e-01	5.069416e-01	5.335229e-01	3.211473e-01	5.545221e-01	5.206981e-01	0.000000e+00	1	1.111085e-01
2.748453e-01	9.420426e-01	3.172916e-01	1.990855e-01	8.192794e-01	5.345881e-01	4.410023e-01	4.875346e-01	4.695455e-01	3.636925e-01	4.935957e-01	4.347290e-01	5.309926e-01	5.124760e-01	5.397605e-01	0.000000e+00	1	1.092383e-01
3.612570e-01	5.724589e-01	7.408048e-01	5.286693e-01	6.416171e-01	5.301033e-01	5.144108e-01	4.979852e-01	4.885390e-01	5.076035e-01	4.985130e-01	5.098404e-01	5.047818e-01	5.422381e-01	5.168691e-01	0.000000e+00	1	1.072110e-01
2.578701e-01	3.655259e-01	9.027331e-01	7.071129e-01	6.088657e-01	5.374851e-01	4.974389e-01	5.464778e-01	5.093963e-01	4.858192e-01	4.423347e-01	5.027825e-01	4.958788e-01	4.835096e-01	4.976960e-01	0.000000e+00	1	1.071435e-01
9.463039e-01	2.358497e-01	2.839622e-01	1.803763e-01	1.554983e-01	4.521120e-01	4.716889e-01	5.616694e-01	4.324091e-01	4.941337e-01	5.048593e-01	5.013700e-01	4.350830e-01	5.029426e-01	4.985459e-01	0.000000e+00	1	1.062764e-01
4.493678e-01	6.489609e-01	6.190522e-01	4.233926e-01	6.144405e-01	5.301033e-01	5.025385e-01	5.006511e-01	4.948750e-01	5.123431e-01	4.985112e-01	5.139802e-01	4.994267e-01	4.569259e-01	4.980944e-01	0.000000e+00	1	1.044919e-01
1.375287e-01	1.896483e-01	9.826766e-01	8.510133e-01	6.005690e-01	4.778563e-01	5.347875e-01	5.464778e-01	4.962375e-01	4.958097e-01	4.997109e-01	5.027825e-01	4.956994e-01	4.301364e-01	4.623812e-01	0.000000e+00	1	1.033301e-01
6.560994e-01	1.377123e-02	7.653244e-01	5.487539e-01	1.336040e-02	5.100572e-01	4.973160e-01	5.381185e-01	5.093963e-01	5.326489e-01	4.423347e-01	5.172462e-01	4.932500e-01	5.420709e-01	4.987354e-01	0.000000e+00	1	1.022460e-01
4.253033e-01	4.436331e-01	8.009187e-01	5.833328e-01	5.134272e-01	5.035961e-01	5.830214e-01	4.976498e-01	4.941658e-01	5.141177e-01	5.104746e-01	5.012284e-01	4.762191e-01	4.586543e-01	4.975506e-01	0.000000e+00	1	9.754249e-02
6.867467e-01	3.429381e-01	6.514006e-01	4.479796e-01	2.948444e-01	5.063484e-01	5.234125e-01	5.090550e-01	5.077914e-01	4.990930e-01	4.939625e-01	4.954042e-01	4.251180e-01	4.833427e-01	5.088366e-01	0.000000e+00	1	9.594513e-02
9.095361e-01	4.541916e-01	1.093979e-03	6.850531e-04	2.948444e-01	5.597901e-01	5.274261e-01	5.039476e-01	4.922391e-01	4.983556e-01	4.957975e-01	5.016129e-01	6.000225e-01	5.399453e-01	4.753167e-01	0.000000e+00	1	9.594276e-02
4.852203e-01	7.941937e-01	3.722380e-01	2.422157e-01	6.508528e-01	4.939758e-01	5.012267e-01	5.105589e-01	4.833930e-01	5.150917e-01	4.937499e-01	4.945273e-01	4.830455e-01	5.367557e-01	4.970566e-01	0.000000e+00	1	9.543945e-02
3.718898e-01	9.506347e-02	9.421310e-01	7.536976e-01	1.593227e-01	5.036447e-01	5.002058e-01	5.608227e-01	4.458219e-01	4.987406e-01	4.639315e-01	5.003699e-01	4.034357e-01	4.930462e-01	5.010901e-01	0.000000e+00	1	9.535788e-02
3.903038e-01	9.096008e-01	2.668050e-01	1.676192e-01	7.419572e-01	5.391785e-01	4.410023e-01	4.875346e-01	4.695455e-01	3.636925e-01	4.961987e-01	4.897208e-01	4.897870e-01	5.124760e-01	5.085796e-01	0.000000e+00	1	9.522529e-02
6.215927e-02	8.079241e-01	6.058770e-01	4.087309e-01	9.511167e-01	5.083775e-01	5.743097e-01	5.073832e-01	4.958828e-01	5.106292e-01	4.819166e-01	4.937052e-01	4.355358e-01	4.960777e-01	4.617578e-01	0.000000e+00	1	9.287826e-02
2.474905e-02	9.270396e-01	3.983149e-01	2.582669e-01	9.830083e-01	5.126721e-01	5.036106e-01	4.563526e-01	4.952689e-01	4.666955e-01	5.011217e-01	5.484956e-01	4.626725e-01	4.836058e-01	4.545444e-01	0.000000e+00	1	9.208413e-02
2.832083e-02	8.578601e-01	5.618167e-01	3.689631e-01	9.789907e-01	6.527517e-01	4.986339e-01	4.983384e-01	5.492002e-01	4.958820e-01	5.005826e-01	4.919875e-01	4.975630e-01	4.987561e-01	4.992029e-01	0.000000e+00	1	8.863917e-02
9.779964e-02	9.853035e-01	1.667574e-01	1.062209e-01	9.370164e-01	5.050847e-01	4.578164e-01	4.907608e-01	4.957513e-01	4.922746e-01	5.005826e-01	5.145246e-01	4.572464e-01	4.994617e-01	5.090374e-01	0.000000e+00	1	8.453012e-02
5.459783e-01	9.986963e-02	8.421975e-01	6.290416e-01	1.151763e-01	5.083775e-01	5.743097e-01	5.073832e-01	4.920979e-01	5.106292e-01	4.819166e-01	4.940389e-01	4.544272e-01	4.960777e-01	4.808374e-01	0.000000e+00	1	8.316590e-02
9.793135e-01	2.055534e-02	2.403404e-01	1.531770e-01	1.336040e-02	5.017913e-01	4.973160e-01	5.381185e-01	4.955768e-01	5.326489e-01	4.419971e-01	5.184023e-01	4.916921e-01	5.420709e-01	4.778022e-01	0.000000e+00	1	8.257151e-02
8.434940e-01	1.574626e-01	5.268505e-01	3.505538e-01	1.174911e-01	5.607165e-01	5.271476e-01	5.055164e-01	5.061250e-01	5.116671e-01	5.076888e-01	5.434181e-01	5.104882e-01	4.871814e-01	4.926423e-01	0.000000e+00	1	8.100399e-02
5.149603e-02	9.135472e-01	4.338376e-01	2.818615e-01	9.641521e-01	5.042056e-01	5.544710e-01	5.033012e-01	4.952809e-01	4.972728e-01	4.998204e-01	5.027870e-01	4.993719e-01	4.359029e-01	4.258663e-01	0.000000e+00	1	7.800076e-02
7.887919e-01	5.499120e-01	2.935743e-01	1.886443e-01	3.875840e-01	5.346781e-01	4.977639e-01	5.182974e-01	5.113970e-01	4.654635e-01	4.984473e-01	5.306643e-01	4.975300e-01	4.983452e-01	5.394948e-01	0.000000e+00	1	7.663082e-02
2.881757e-01	9.475818e-01	2.057875e-01	1.304183e-01	8.120511e-01	5.345881e-01	4.520163e-01	4.875346e-01	4.695455e-01	5.024162e-01	4.935957e-01	4.347328e-01	5.309926e-01	5.124760e-01	5.397605e-01	0.000000e+00	1	7.499850e-02
2.713622e-01	4.300090e-01	8.663140e-01	6.621075e-01	6.416171e-01	5.301033e-01	5.144108e-01	4.979852e-01	4.885390e-01	5.076035e-01	4.985130e-01	5.333405e-01	5.047818e-01	5.422381e-01	5.168691e-01	0.000000e+00	1	7.393557e-02
8.895368e-01	1.424661e-01	4.538086e-01	2.970707e-01	1.011009e-01	5.540142e-01	5.503973e-01	4.968899e-01	4.960695e-01	5.114488e-01	4.998434e-01	5.434181e-01	5.316550e-01	4.871814e-01	4.926423e-01	0.000000e+00	1	7.347533e-02
2.413363e-01	9.786484e-01	5.779475e-02	3.646257e-02	8.460795e-01	4.923387e-01	4.613994e-01	4.827837e-01	4.996000e-01	4.945555e-01	4.934674e-01	5.001100e-01	5.836956e-01	4.983070e-01	4.736113e-01	0.000000e+00	1	7.085805e-02
2.830203e-01	9.700627e-01	1.820050e-01	1.134470e-01	8.192794e-01	5.303123e-01	5.085459e-01	4.787160e-01	4.695455e-01	3.636925e-01	4.935957e-01	4.347290e-01	5.263217e-01	5.285380e-01	5.022577e-01	0.000000e+00	1	7.061606e-02
4.683632e-01	6.786143e-01	5.790009e-01	3.897405e-01	6.154166e-01	5.831816e-01	5.003598e-01	5.109970e-01	4.813016e-01	4.990858e-01	5.014207e-01	4.945273e-01	4.998681e-01	4.936065e-01	5.083561e-01	0.000000e+00	1	7.009141e-02
6.019730e-01	7.294186e-03	8.209014e-01	5.971681e-01	7.713628e-03	5.407770e-01	5.599032e-01	4.842877e-01	5.327720e-01	4.981702e-01	4.587755e-01	5.011834e-01	4.802846e-01	5.389567e-01	5.883600e-01	0.000000e+00	1	7.001216e-02
5.876811e-01	6.322026e-01	5.197581e-01	3.450499e-01	5.232241e-01	5.179630e-01	4.930031e-01	4.808520e-01	5.471488e-01	4.954541e-01	5.068416e-01	5.371750e-01	4.816495e-01	4.476917e-01	4.906960e-01	0.000000e+00	1	6.993128e-02
3.831354e-01	5.430871e-01	7.535010e-01	5.398422e-01	6.088657e-01	5.100572e-01	4.991270e-01	5.379110e-01	4.469049e-01	5.002476e-01	4.984429e-01	5.001007e-01	4.932500e-01	4.818058e-01	4.987743e-01	0.000000e+00	1	6.941064e-02
2.400632e-02	4.930640e-01	8.831811e-01	6.755254e-01	9.690287e-01	5.040302e-01	4.944934e-01	5.644404e-01	5.130324e-01	5.137053e-01	5.669425e-01	4.951251e-01	4.814341e-01	4.589988e-01	4.737012e-01	0.000000e+00	1	6.860940e-02
7.141781e-01	3.188751e-01	6.311469e-01	4.322445e-01	2.673378e-01	4.585038e-01	4.695836e-01	5.006032e-01	5.017734e-01	4.941337e-01	5.100438e-01	4.966134e-01	4.705993e-01	4.710097e-01	4.771048e-01	0.000000e+00	1	6.775058e-02
1.784026e-01	5.983209e-02	9.912368e-01	8.805703e-01	2.060028e-01	4.924092e-01	5.003185e-01	4.929744e-01	4.777872e-01	4.991177e-01	5.034207e-01	5.004585e-01	4.991005e-01	4.928935e-01	5.909639e-01	0.000000e+00	1	6.601461e-02
7.245945e-01	4.172187e-01	5.784548e-01	3.852945e-01	3.325908e-01	5.414018e-01	5.012174e-01	5.371398e-01	5.093682e-01	5.016810e-01	4.629841e-01	4.963817e-01	3.987731e-01	5.435606e-01	4.974956e-01	0.000000e+00	1	6.580986e-02
7.495973e-01	4.952023e-01	5.669766e-01	3.583986e-01	3.716636e-01	5.762744e-01	5.264065e-01	4.797050e-01	4.499876e-01	3.286806e-01	4.935492e-01	4.453837e-01	5.344340e-01	4.936243e-01	3.610079e-01	0.000000e+00	1	6.572820e-02
8.499249e-01	1.052746e-03	5.539332e-01	3.677114e-01	7.885387e-04	5.985471e-01	4.928064e-01	5.603305e-01	4.845085e-01	5.039174e-01	5.104765e-01	4.944840e-01	5.005354e-01	4.965282e-01	4.737012e-01	0.000000e+00	1	6.496433e-02
2.351340e-01	9.726132e-01	1.072673e-01	6.798573e-02	8.489915e-01	5.039967e-01	5.062325e-01	4.916465e-01	5.003472e-01	4.666955e-01	4.988739e-01	5.542756e-01	5.317722e-01	5.003256e-01	5.342717e-01	0.000000e+00	1	6.469102e-02
5.978464e-01	1.263871e-01	8.396304e-01	5.994879e-01	1.326312e-01	5.354588e-01	5.308095e-01	5.201378e-01	4.760946e-01	5.124543e-01	5.076888e-01	3.132481e-01	4.999309e-01	4.890760e-01	4.926423e-01	0.000000e+00	1	6.422750e-02
6.963571e-01	7.263688e-01	8.088249e-03	5.117083e-03	5.134272e-01	4.758908e-01	4.732411e-01	4.959308e-01	4.972891e-01	5.042750e-01	5.019460e-01	5.012284e-01	4.432973e-01	4.586543e-01	4.975506e-01	0.000000e+00	1	6.420017e-02
1.929936e-01	3.283343e-02	9.874381e-01	8.754013e-01	1.072791e-01	5.094679e-01	5.003965e-01	5.465442e-01	5.158253e-01	5.026694e-01	4.948212e-01	4.940346e-01	5.271063e-01	5.358917e-01	4.546349e-01	0.000000e+00	1	6.405149e-02
5.278564e-01	8.123783e-01	2.708362e-01	1.735405e-01	6.331725e-01	5.345565e-01	4.886476e-01	5.110234e-01	4.818848e-01	4.970701e-01	4.997727e-01	5.027870e-01	4.993719e-01	4.359029e-01	5.074797e-01	0.000000e+00	1	6.362167e-02
4.372531e-02	7.756935e-01	6.670009e-01	4.516283e-01	9.641521e-01	5.012173e-01	6.519957e-01	5.067662e-01	5.012985e-01	5.254875e-01	4.980392e-01	5.016421e-01	4.875269e-01	4.996489e-01	4.992026e-01	0.000000e+00	1	6.339609e-02
2.667894e-01	5.067473e-01	8.285763e-01	6.149887e-01	6.914928e-01	5.392968e-01	5.009213e-01	4.997363e-01	5.099138e-01	5.022162e-01	4.953360e-01	4.375321e-01	4.871372e-01	5.371205e-01	5.105913e-01	0.000000e+00	1	6.181674e-02
7.652568e-01	3.821434e-01	5.398186e-01	3.583986e-01	2.948444e-01	5.808648e-01	5.264065e-01	4.797050e-01	4.499876e-01	5.333126e-01	4.961522e-01	5.003756e-01	4.932285e-01	4.936243e-01	5.100716e-01	0.000000e+00	1	6.135826e-02
3.115096e-01	2.172732e-01	9.299881e-01	7.531714e-01	3.877243e-01	5.066238e-01	5.008937e-01	5.095049e-01	4.934358e-01	4.928283e-01	4.997314e-01	4.343278e-01	4.979077e-01	5.001259e-01	5.021673e-01	0.000000e+00	1	6.062236e-02
3.420957e-02	7.121668e-01	7.090768e-01	4.982491e-01	9.694429e-01	5.062156e-01	5.000678e-01	5.011542e-01	5.375163e-01	5.101450e-01	4.993617e-01	5.394903e-01	4.990853e-01	5.486987e-01	4.914689e-01	0.000000e+00	1	5.817595e-02
