2.610148e-30	1.615646e-15	1.000063e+00	1.000000e+00	1.000000e+00	5.012175e-01	5.003812e-01	4.979575e-01	4.957513e-01	4.959912e-01	5.005826e-01	5.044955e-01	4.987691e-01	4.994617e-01	4.992029e-01	0.000000e+00	1	1.000000e+14
1.637496e-15	3.199965e-31	1.013587e+00	1.000000e+00	1.244071e-16	5.392968e-01	5.004411e-01	4.997422e-01	4.984282e-01	4.929392e-01	4.953070e-01	4.972755e-01	3.958239e-01	4.998458e-01	4.667057e-01	0.000000e+00	1	1.000000e+14
1.619129e-15	1.002219e+00	6.768880e-03	4.299597e-03	1.000000e+00	5.031926e-01	4.993242e-01	4.980898e-01	5.110920e-01	5.454065e-01	4.997990e-01	4.973999e-01	4.981969e-01	5.023808e-01	4.948173e-01	0.000000e+00	1	1.000000e+14
9.766590e-16	1.330690e-15	1.021721e+00	1.000000e+00	5.969246e-01	5.392298e-01	4.072981e-01	4.995673e-01	4.984282e-01	4.929392e-01	4.953070e-01	4.961875e-01	3.980659e-01	4.998458e-01	4.667057e-01	0.000000e+00	1	1.000000e+14
1.043500e+00	5.126276e-04	6.236586e-03	3.804779e-03	3.127445e-04	4.763250e-01	5.322229e-01	6.595015e-01	5.125524e-01	5.053508e-01	5.613303e-01	4.951251e-01	4.344749e-01	5.339112e-01	4.159510e-01	0.000000e+00	1	1.000000e+14
6.103581e-02	9.981506e-01	4.359901e-17	2.775558e-17	9.611198e-01	5.012173e-01	5.008937e-01	5.002723e-01	4.997202e-01	4.980361e-01	4.980392e-01	5.016421e-01	4.987984e-01	4.996489e-01	4.992026e-01	0.000000e+00	1	1.000000e+14
2.228921e-01	2.173310e-01	9.710351e-01	8.024931e-01	4.919583e-01	5.339076e-01	4.944626e-01	4.852895e-01	4.315851e-01	5.684303e-01	4.581657e-01	4.905951e-01	4.614504e-01	5.129656e-01	5.739202e-01	0.000000e+00	1	1.285242e-01
1.624571e-01	7.650786e-01	6.266658e-01	4.300279e-01	8.667983e-01	5.035272e-01	5.412073e-01	5.003839e-01	5.008975e-01	4.814244e-01	4.980572e-01	4.962403e-01	4.942324e-01	4.996489e-01	5.106556e-01	0.000000e+00	1	1.258836e-01
2.672922e-01	8.338845e-01	5.205222e-01	3.414249e-01	8.025260e-01	4.205442e-01	4.912240e-01	4.979741e-01	4.786070e-01	4.079710e-01	5.065001e-01	4.944815e-01	5.393184e-01	5.377327e-01	5.183647e-01	0.000000e+00	1	1.215685e-01
5.052760e-01	8.507758e-01	1.526701e-01	9.745502e-02	6.588212e-01	5.056846e-01	5.008937e-01	5.002723e-01	4.684462e-01	4.980361e-01	4.977646e-01	5.021089e-01	4.868762e-01	4.999083e-01	4.992026e-01	0.000000e+00	1	1.173839e-01
8.374289e-01	5.838196e-01	2.680041e-02	1.670938e-02	3.875840e-01	6.059228e-01	5.018620e-01	5.391441e-01	5.113171e-01	4.665564e-01	5.013628e-01	5.294610e-01	5.737228e-01	5.006455e-01	5.298907e-01	0.000000e+00	1	1.139725e-01
7.860071e-01	5.626545e-01	2.915052e-01	1.864616e-01	3.955174e-01	5.346781e-01	5.018620e-01	5.004850e-01	5.113970e-01	4.665564e-01	4.908644e-01	4.288275e-01	4.782900e-01	4.998842e-01	5.394948e-01	0.000000e+00	1	1.017747e-01
5.960764e-01	9.952487e-02	8.449716e-01	6.047495e-01	1.053227e-01	4.763250e-01	5.025431e-01	6.546959e-01	5.125524e-01	5.053508e-01	5.613303e-01	4.951251e-01	4.344749e-01	5.754539e-01	4.803942e-01	0.000000e+00	1	1.009257e-01
5.120722e-01	8.622192e-01	9.124735e-02	5.776767e-02	6.588212e-01	5.056846e-01	4.636044e-01	5.655682e-01	4.684462e-01	4.994868e-01	4.905334e-01	5.025933e-01	4.868762e-01	5.060642e-01	4.988267e-01	0.000000e+00	1	9.620652e-02
1.161552e-01	2.857043e-01	9.616550e-01	8.024263e-01	7.541714e-01	5.623849e-01	4.924063e-01	4.851179e-01	5.046703e-01	4.979630e-01	4.984893e-01	5.011672e-01	4.849510e-01	5.004369e-01	5.739824e-01	0.000000e+00	1	9.532985e-02
2.723455e-01	9.677541e-01	3.938330e-02	2.492612e-02	8.253592e-01	4.686399e-01	5.362753e-01	4.872654e-01	4.563766e-01	4.900418e-01	4.673068e-01	4.971777e-01	4.835719e-01	5.173277e-01	4.975128e-01	0.000000e+00	1	9.517239e-02
6.395377e-01	7.088943e-01	4.824453e-01	2.978673e-01	5.327157e-01	5.348561e-01	5.029323e-01	5.004850e-01	5.141298e-01	4.647400e-01	4.906472e-01	4.434994e-01	4.782900e-01	7.003075e-01	3.477651e-01	0.000000e+00	1	9.466310e-02
6.863749e-01	7.290464e-01	1.544910e-01	9.745502e-02	5.191867e-01	5.068391e-01	5.008937e-01	4.992782e-01	4.660869e-01	5.873959e-01	4.977646e-01	4.905386e-01	4.918705e-01	4.986278e-01	5.644828e-01	0.000000e+00	1	9.397822e-02
9.316821e-01	3.882698e-01	6.290050e-02	3.962157e-02	2.513720e-01	4.985107e-01	4.540877e-01	5.167288e-01	5.014360e-01	4.999698e-01	5.111784e-01	5.040078e-01	5.788284e-01	4.496638e-01	4.948986e-01	0.000000e+00	1	9.352184e-02
3.862983e-01	2.299136e-03	9.457667e-01	7.531344e-01	3.788932e-03	5.394664e-01	6.161575e-01	4.967245e-01	4.936615e-01	5.076315e-01	4.925749e-01	5.540239e-01	5.527837e-01	5.182516e-01	4.808374e-01	0.000000e+00	1	9.114345e-02
1.925057e-01	6.598207e-01	7.331615e-01	5.205334e-01	8.192794e-01	5.008620e-01	5.415567e-01	4.876826e-01	4.515107e-01	4.900418e-01	5.065001e-01	4.971777e-01	4.875748e-01	5.173277e-01	5.112636e-01	0.000000e+00	1	8.999110e-02
4.314939e-02	6.661021e-01	7.564284e-01	5.397080e-01	9.588180e-01	5.012175e-01	5.312368e-01	4.979575e-01	4.195364e-01	4.959912e-01	4.638009e-01	5.044955e-01	4.987691e-01	4.972013e-01	5.042554e-01	0.000000e+00	1	8.796155e-02
9.544882e-01	1.313084e-01	4.115722e-01	2.570099e-01	8.703311e-02	5.089796e-01	6.037443e-01	6.695463e-01	5.125524e-01	4.601601e-01	5.613303e-01	4.960342e-01	5.363346e-01	5.339112e-01	5.110158e-01	0.000000e+00	1	8.759763e-02
7.157447e-01	1.675393e-01	6.945212e-01	4.819384e-01	1.463824e-01	4.973257e-01	5.868038e-01	4.769779e-01	4.516517e-01	4.862836e-01	4.933673e-01	4.975211e-01	5.150470e-01	5.171698e-01	5.112636e-01	0.000000e+00	1	8.685307e-02
3.136904e-01	9.221006e-01	2.616786e-01	1.670915e-01	7.912461e-01	4.977749e-01	5.592644e-01	4.635287e-01	5.110228e-01	4.953631e-01	4.981470e-01	5.041182e-01	5.223867e-01	4.994617e-01	5.549985e-01	0.000000e+00	1	8.548146e-02
6.391870e-01	5.184492e-01	5.764894e-01	3.889978e-01	4.338418e-01	5.040094e-01	5.008937e-01	5.095049e-01	4.934358e-01	5.159280e-01	4.997314e-01	4.343278e-01	4.977485e-01	4.952747e-01	5.094267e-01	0.000000e+00	1	8.420672e-02
2.892313e-01	9.489256e-01	1.981287e-01	1.254953e-01	8.116539e-01	4.996460e-01	5.261131e-01	5.004371e-01	5.690925e-01	4.967883e-01	4.938946e-01	4.238946e-01	4.821395e-01	5.002065e-01	5.016225e-01	0.000000e+00	1	8.276827e-02
2.450489e-01	1.571167e-01	9.640470e-01	8.133157e-01	3.629618e-01	5.066238e-01	5.008937e-01	5.200467e-01	4.934358e-01	5.378256e-01	4.956482e-01	4.343278e-01	5.260838e-01	4.976095e-01	5.098800e-01	0.000000e+00	1	8.015178e-02
9.667175e-01	6.295150e-02	3.568824e-01	2.247027e-01	4.139748e-02	5.028656e-01	5.846585e-01	5.167024e-01	4.958695e-01	4.431371e-01	5.683934e-01	4.959426e-01	5.823944e-01	4.469623e-01	4.139214e-01	0.000000e+00	1	8.012465e-02
5.724554e-01	4.633813e-01	6.919181e-01	4.801385e-01	4.332098e-01	5.035302e-01	5.240997e-01	4.853877e-01	5.143660e-01	4.970408e-01	4.936422e-01	4.381797e-01	4.977485e-01	5.177672e-01	5.729984e-01	0.000000e+00	1	7.956392e-02
8.093443e-01	5.107986e-01	2.963112e-01	1.911435e-01	3.584123e-01	5.019761e-01	4.959869e-01	5.167288e-01	4.989595e-01	4.959420e-01	4.946793e-01	5.276884e-01	5.276073e-01	4.997546e-01	5.006789e-01	0.000000e+00	1	7.901733e-02
2.059947e-01	7.060547e-01	6.948984e-01	4.819384e-01	8.192794e-01	5.008620e-01	5.868038e-01	4.662022e-01	4.515107e-01	4.862836e-01	4.933673e-01	4.971777e-01	4.875748e-01	5.171698e-01	5.112636e-01	0.000000e+00	1	7.873679e-02
8.750009e-01	4.861276e-01	1.734588e-01	1.092352e-01	3.228378e-01	5.633736e-01	5.036859e-01	4.972657e-01	4.266620e-01	5.333126e-01	4.595571e-01	5.003756e-01	4.941412e-01	4.991312e-01	5.607846e-01	0.000000e+00	1	7.866612e-02
7.635227e-01	5.606065e-02	7.192392e-01	4.801385e-01	4.665925e-02	4.731306e-01	5.438554e-01	4.853877e-01	4.962726e-01	5.227323e-01	4.947243e-01	6.586076e-01	3.547346e-01	5.261574e-01	4.913059e-01	0.000000e+00	1	7.862062e-02
7.221129e-01	6.358552e-01	3.162936e-01	2.021925e-01	4.596164e-01	5.035961e-01	5.830214e-01	4.975684e-01	4.960599e-01	5.040624e-01	4.939755e-01	5.012284e-01	4.608614e-01	4.344334e-01	4.975306e-01	0.000000e+00	1	7.825155e-02
9.192985e-01	1.835414e-02	4.600406e-01	2.953332e-01	1.270866e-02	5.370026e-01	4.957026e-01	4.805066e-01	4.706284e-01	4.922752e-01	4.955017e-01	4.417812e-01	3.913924e-01	4.633554e-01	4.056189e-01	0.000000e+00	1	7.711926e-02
3.592482e-02	6.191835e-01	7.871700e-01	5.751646e-01	9.631049e-01	5.034018e-01	5.003812e-01	4.976346e-01	4.957513e-01	4.959912e-01	5.005826e-01	5.044955e-01	4.987691e-01	5.456207e-01	4.992029e-01	0.000000e+00	1	7.687862e-02
4.370647e-01	8.264731e-01	3.657728e-01	2.374117e-01	6.903191e-01	4.939758e-01	5.012267e-01	5.105589e-01	4.635424e-01	5.156462e-01	4.937499e-01	4.955851e-01	4.832683e-01	5.360241e-01	4.761383e-01	0.000000e+00	1	7.575109e-02
8.893920e-01	4.266767e-01	2.376192e-01	1.504850e-01	2.847654e-01	4.971325e-01	5.036895e-01	4.972657e-01	4.847454e-01	4.956816e-01	4.010165e-01	5.132910e-01	4.830651e-01	5.002076e-01	5.641689e-01	0.000000e+00	1	7.568082e-02
2.870928e-01	5.366907e-01	8.039562e-01	5.874624e-01	6.872919e-01	5.007576e-01	4.330827e-01	4.983747e-01	5.027022e-01	4.424916e-01	4.898326e-01	4.899665e-01	4.867702e-01	5.058940e-01	5.125653e-01	0.000000e+00	1	7.521796e-02
2.278756e-02	8.236091e-01	6.085806e-01	4.050103e-01	9.823905e-01	5.762744e-01	5.367035e-01	5.004101e-01	4.706986e-01	4.748787e-01	5.007960e-01	4.943093e-01	5.467709e-01	4.993776e-01	3.840709e-01	0.000000e+00	1	7.519402e-02
9.331851e-02	2.791589e-01	9.617706e-01	8.109292e-01	7.946223e-01	4.797219e-01	5.081101e-01	4.862069e-01	4.518181e-01	5.101016e-01	4.986301e-01	4.923392e-01	4.793746e-01	4.990478e-01	5.471786e-01	0.000000e+00	1	7.487222e-02
1.680286e-01	7.913170e-01	5.955248e-01	4.039895e-01	8.667983e-01	5.035272e-01	5.412073e-01	5.074410e-01	5.007969e-01	4.814244e-01	4.981782e-01	4.962403e-01	4.516529e-01	4.996489e-01	5.074993e-01	0.000000e+00	1	7.481372e-02
7.580225e-01	3.725154e-01	5.551520e-01	3.701827e-01	2.907879e-01	5.635413e-01	5.036895e-01	4.972657e-01	4.499173e-01	4.791717e-01	4.957289e-01	4.950534e-01	4.890457e-01	4.991312e-01	5.596499e-01	0.000000e+00	1	7.477705e-02
7.400251e-01	1.140642e-01	7.034430e-01	4.801385e-01	9.735957e-02	5.035302e-01	5.240997e-01	4.853877e-01	4.911357e-01	5.227323e-01	4.936422e-01	6.586076e-01	4.973999e-01	5.261574e-01	4.913059e-01	0.000000e+00	1	7.403001e-02
8.943454e-01	4.395086e-01	1.726845e-01	1.092352e-01	2.907879e-01	5.633736e-01	5.036895e-01	4.972657e-01	4.499173e-01	5.333126e-01	4.953180e-01	5.003756e-01	4.890457e-01	4.991312e-01	5.596499e-01	0.000000e+00	1	7.402069e-02
7.327262e-01	5.306809e-01	4.368392e-01	2.863716e-01	3.990459e-01	5.066238e-01	5.087776e-01	5.111751e-01	5.097411e-01	4.928283e-01	4.997938e-01	5.085583e-01	4.979077e-01	4.353571e-01	5.031415e-01	0.000000e+00	1	7.342448e-02
4.836757e-01	7.987280e-01	3.653175e-01	2.374117e-01	6.533632e-01	4.939758e-01	5.012267e-01	5.105589e-01	4.833930e-01	5.152657e-01	4.937499e-01	4.945136e-01	4.832683e-01	5.360241e-01	4.806573e-01	0.000000e+00	1	7.010149e-02
9.090439e-01	3.274940e-02	4.504568e-01	2.927214e-01	2.292508e-02	5.057656e-01	5.222769e-01	4.290183e-01	5.143660e-01	4.917570e-01	4.936422e-01	4.381797e-01	4.977485e-01	5.045544e-01	5.729984e-01	0.000000e+00	1	6.840385e-02
3.018456e-01	9.334227e-01	2.179985e-01	1.392061e-01	8.008899e-01	4.971325e-01	5.036895e-01	5.010785e-01	4.648949e-01	5.014734e-01	4.903971e-01	5.036849e-01	4.888932e-01	5.002073e-01	5.587972e-01	0.000000e+00	1	6.769559e-02
4.616294e-01	6.111272e-01	6.469349e-01	4.465274e-01	5.881507e-01	4.939758e-01	4.996765e-01	5.133922e-01	4.811467e-01	5.129186e-01	4.937499e-01	4.945136e-01	4.952227e-01	5.366606e-01	4.806573e-01	0.000000e+00	1	6.762366e-02
3.726838e-01	3.284713e-01	8.974990e-01	6.781662e-01	4.599099e-01	6.267944e-01	5.033445e-01	4.993514e-01	5.194580e-01	5.666058e-01	4.939266e-01	4.905951e-01	4.554732e-01	5.129656e-01	5.513123e-01	0.000000e+00	1	6.643978e-02
3.459708e-01	3.454068e-01	8.811207e-01	6.775209e-01	4.994806e-01	5.123604e-01	5.008937e-01	5.103284e-01	5.051015e-01	5.233746e-01	4.997314e-01	4.913062e-01	4.969654e-01	5.131756e-01	5.810384e-01	0.000000e+00	1	6.449586e-02
1.943972e-01	7.425329e-01	6.607516e-01	4.524831e-01	8.369897e-01	5.774195e-01	4.660450e-01	5.011953e-01	5.008975e-01	5.263984e-01	4.938982e-01	4.315208e-01	4.890256e-01	4.996489e-01	5.097079e-01	0.000000e+00	1	6.428619e-02
5.344132e-01	3.703210e-01	7.705538e-01	5.538096e-01	3.857775e-01	4.987014e-01	5.324120e-01	4.819856e-01	4.556610e-01	5.101118e-01	5.105947e-01	5.007859e-01	4.720628e-01	4.380551e-01	5.059123e-01	0.000000e+00	1	6.407107e-02
8.634059e-01	4.776378e-01	2.376847e-01	1.504850e-01	3.216828e-01	4.971325e-01	5.036895e-01	4.972657e-01	4.648949e-01	4.960621e-01	4.010165e-01	4.956013e-01	4.830651e-01	5.002076e-01	5.596499e-01	0.000000e+00	1	6.404382e-02
