2.610038e-30	1.615578e-15	1.000021e+00	1.000000e+00	1.000000e+00	5.012145e-01	5.027358e-01	5.002385e-01	4.997694e-01	5.012756e-01	5.002065e-01	4.973534e-01	4.983457e-01	4.998495e-01	4.999774e-01	0.000000e+00	1	1.000000e+14
1.021504e+00	2.679383e-02	9.930080e-03	6.186284e-03	1.669457e-02	4.485623e-01	5.075951e-01	5.099038e-01	5.103154e-01	5.432394e-01	4.981642e-01	6.159438e-01	5.291454e-01	5.529343e-01	4.947126e-01	0.000000e+00	1	1.000000e+14
1.636180e-15	1.012773e+00	3.598239e-04	2.261819e-04	1.000000e+00	4.686901e-01	4.551726e-01	4.220271e-01	5.123037e-01	5.576893e-01	5.126682e-01	4.951032e-01	4.987715e-01	5.028001e-01	4.944851e-01	0.000000e+00	1	1.000000e+14
6.103581e-02	9.981506e-01	4.359901e-17	2.775558e-17	9.611198e-01	5.012173e-01	5.008937e-01	5.002723e-01	4.997202e-01	4.980361e-01	4.980392e-01	5.016421e-01	4.987984e-01	4.996489e-01	4.992026e-01	0.000000e+00	1	1.000000e+14
1.628662e-15	3.182702e-31	1.008119e+00	1.000000e+00	1.244071e-16	5.392968e-01	5.004411e-01	5.013272e-01	4.982711e-01	4.935943e-01	4.956832e-01	5.043863e-01	4.269902e-01	4.996364e-01	4.659312e-01	0.000000e+00	1	1.000000e+14
7.088922e-01	3.111373e-01	6.419866e-01	4.407511e-01	2.632997e-01	5.021413e-01	4.864697e-01	5.087135e-01	4.864955e-01	4.934234e-01	4.578216e-01	4.734794e-01	4.624425e-01	5.128888e-01	5.342941e-01	0.000000e+00	1	1.362074e-01
4.350233e-01	7.412054e-01	5.214735e-01	3.471977e-01	6.621195e-01	5.265786e-01	4.598529e-01	4.996689e-01	4.870676e-01	4.563912e-01	4.895216e-01	4.940882e-01	4.766547e-01	5.128559e-01	4.948570e-01	0.000000e+00	1	1.305525e-01
5.354582e-01	8.464211e-01	1.699564e-01	1.070086e-01	6.409107e-01	5.012264e-01	4.915550e-01	4.888713e-01	5.008637e-01	3.862282e-01	5.392025e-01	5.037542e-01	4.898358e-01	5.328505e-01	4.963061e-01	0.000000e+00	1	1.223375e-01
6.251941e-01	7.701592e-01	2.890521e-01	1.805070e-01	5.659029e-01	5.824238e-01	4.614868e-01	4.996689e-01	3.661894e-01	5.102603e-01	4.830352e-01	5.376763e-01	4.867571e-01	5.342171e-01	5.623604e-01	0.000000e+00	1	1.150401e-01
7.981707e-01	4.028879e-01	4.617461e-01	3.034864e-01	2.975890e-01	4.977815e-01	5.030435e-01	4.373290e-01	5.081817e-01	5.086338e-01	5.379097e-01	4.939588e-01	5.006562e-01	5.190791e-01	4.809969e-01	0.000000e+00	1	1.138137e-01
5.542700e-01	5.321079e-01	6.800289e-01	4.612294e-01	4.870148e-01	5.300712e-01	3.857405e-01	5.028268e-01	5.082980e-01	4.770767e-01	5.141150e-01	4.973524e-01	4.985901e-01	4.359569e-01	5.847681e-01	0.000000e+00	1	1.086235e-01
2.539341e-02	8.100377e-01	5.941068e-01	4.027118e-01	9.800495e-01	4.929790e-01	4.904614e-01	4.950581e-01	4.793381e-01	4.702859e-01	5.312966e-01	5.235495e-01	5.024589e-01	5.430936e-01	5.009107e-01	0.000000e+00	1	1.075212e-01
8.287870e-01	3.906370e-01	4.105963e-01	2.682089e-01	2.804020e-01	5.033808e-01	5.041895e-01	5.099038e-01	4.985096e-01	4.960489e-01	4.891454e-01	5.281282e-01	4.987211e-01	5.480935e-01	5.257024e-01	0.000000e+00	1	1.065808e-01
1.389690e-01	5.257110e-01	8.637702e-01	6.423153e-01	8.354762e-01	4.978433e-01	4.976609e-01	4.538250e-01	4.204587e-01	4.987866e-01	5.001647e-01	3.982457e-01	4.987789e-01	5.422218e-01	5.083169e-01	0.000000e+00	1	1.047338e-01
7.001380e-01	7.011701e-01	1.540661e-01	9.819847e-02	5.004689e-01	4.895895e-01	4.912118e-01	5.036295e-01	4.981384e-01	4.922933e-01	5.012598e-01	5.288549e-01	5.115925e-01	5.220686e-01	4.673899e-01	0.000000e+00	1	1.039513e-01
7.642215e-01	4.907479e-01	4.361180e-01	2.849976e-01	3.634079e-01	5.164295e-01	4.963265e-01	5.083282e-01	5.009635e-01	4.986627e-01	5.239081e-01	4.959531e-01	5.082693e-01	5.803008e-01	4.932741e-01	0.000000e+00	1	1.039099e-01
2.972722e-01	6.186628e-01	7.402828e-01	5.240427e-01	7.148373e-01	5.021881e-01	5.040901e-01	4.988202e-01	5.016855e-01	4.740126e-01	5.550718e-01	5.431649e-01	4.559503e-01	5.367232e-01	5.252003e-01	0.000000e+00	1	1.014423e-01
3.372668e-01	5.746450e-01	7.536587e-01	5.391132e-01	6.621195e-01	5.292042e-01	4.598529e-01	4.996689e-01	4.870676e-01	4.563912e-01	4.895216e-01	5.235645e-01	4.766547e-01	5.139839e-01	4.948570e-01	0.000000e+00	1	1.009562e-01
8.020825e-01	2.213216e-01	5.774456e-01	3.862282e-01	1.713997e-01	4.449194e-01	4.976609e-01	4.976346e-01	4.167605e-01	4.959379e-01	5.009592e-01	5.323898e-01	4.988240e-01	5.410939e-01	5.083169e-01	0.000000e+00	1	9.954522e-02
2.182474e-01	7.828948e-01	6.008097e-01	4.052564e-01	8.269238e-01	5.021498e-01	5.200679e-01	4.980681e-01	4.859334e-01	5.043294e-01	4.917115e-01	4.718255e-01	4.172394e-01	5.282722e-01	5.395990e-01	0.000000e+00	1	9.929839e-02
2.425039e-01	5.429914e-01	8.157181e-01	5.989648e-01	7.326013e-01	4.978918e-01	4.976609e-01	4.976346e-01	4.167605e-01	4.959379e-01	5.009592e-01	5.257351e-01	4.989274e-01	5.422218e-01	5.083169e-01	0.000000e+00	1	9.568099e-02
5.709702e-01	4.631335e-01	6.992444e-01	4.840516e-01	4.338521e-01	5.032607e-01	5.155855e-01	4.997262e-01	5.016472e-01	4.340862e-01	5.001472e-01	4.781872e-01	4.371970e-01	5.747773e-01	4.986993e-01	0.000000e+00	1	9.496007e-02
5.222576e-01	6.470512e-01	6.131698e-01	4.045036e-01	5.676865e-01	5.721563e-01	5.024809e-01	5.818423e-01	3.616803e-01	5.102107e-01	5.158137e-01	4.947644e-01	5.024589e-01	5.412866e-01	4.958067e-01	0.000000e+00	1	9.214550e-02
2.655825e-01	9.561350e-01	1.445279e-01	9.207268e-02	8.275164e-01	5.380413e-01	5.164008e-01	4.990806e-01	5.123037e-01	5.014397e-01	5.289432e-01	4.946878e-01	4.986269e-01	5.028001e-01	4.923676e-01	0.000000e+00	1	9.197482e-02
9.690384e-01	6.297253e-02	3.741696e-01	2.341363e-01	4.131236e-02	5.036315e-01	4.993673e-01	5.751124e-01	4.903228e-01	4.122652e-01	5.140784e-01	4.960351e-01	5.551649e-01	6.112649e-01	3.923373e-01	0.000000e+00	1	9.176030e-02
9.339426e-01	1.284875e-01	3.554137e-01	2.295165e-01	8.703682e-02	5.350211e-01	5.004411e-01	4.997676e-01	4.982711e-01	4.929079e-01	5.537012e-01	4.715830e-01	4.540320e-01	4.875218e-01	5.164323e-01	0.000000e+00	1	9.083687e-02
1.320848e-01	3.265914e-01	9.540744e-01	7.748159e-01	7.553322e-01	5.687589e-01	5.003660e-01	5.002754e-01	4.971657e-01	4.981998e-01	4.671576e-01	4.558101e-01	4.974122e-01	5.961491e-01	5.040017e-01	0.000000e+00	1	9.028318e-02
5.282435e-01	4.966309e-01	6.998688e-01	4.887551e-01	4.803695e-01	4.919731e-01	4.490300e-01	4.996689e-01	4.821164e-01	4.498056e-01	4.891559e-01	4.749805e-01	4.870168e-01	5.359369e-01	4.961641e-01	0.000000e+00	1	8.815281e-02
6.897417e-01	5.594731e-01	4.945530e-01	3.234607e-01	4.338521e-01	5.032607e-01	4.982118e-01	5.028860e-01	5.016472e-01	5.451862e-01	5.566960e-01	4.973669e-01	4.248326e-01	5.747773e-01	4.986993e-01	0.000000e+00	1	8.748884e-02
9.998689e-01	1.572828e-01	3.116299e-02	1.959437e-02	9.932851e-02	5.164295e-01	4.530109e-01	5.083282e-01	5.009635e-01	5.624408e-01	5.239912e-01	4.959531e-01	4.364880e-01	4.607059e-01	4.948326e-01	0.000000e+00	1	8.738421e-02
5.992797e-01	1.653615e-01	7.966498e-01	5.781428e-01	1.713997e-01	4.886321e-01	4.976609e-01	4.974322e-01	4.241607e-01	4.959379e-01	5.448935e-01	5.285505e-01	4.988240e-01	5.413674e-01	4.923897e-01	0.000000e+00	1	8.586061e-02
9.528939e-01	2.018717e-01	2.748759e-01	1.751014e-01	1.329036e-01	5.030266e-01	6.006872e-01	5.002141e-01	5.045520e-01	4.942626e-01	5.396108e-01	5.040208e-01	5.110920e-01	4.948588e-01	4.877748e-01	0.000000e+00	1	8.529138e-02
2.602004e-01	9.196290e-01	3.068514e-01	1.977776e-01	8.244626e-01	5.021088e-01	5.051592e-01	5.000250e-01	4.543166e-01	5.000176e-01	5.009550e-01	4.913583e-01	4.847451e-01	5.367232e-01	5.027636e-01	0.000000e+00	1	8.482664e-02
1.494341e-01	5.696629e-01	8.244649e-01	6.051200e-01	8.366815e-01	4.978433e-01	4.867400e-01	4.538250e-01	4.204587e-01	4.986696e-01	5.001647e-01	4.474050e-01	4.987789e-01	5.422218e-01	5.039405e-01	0.000000e+00	1	8.435018e-02
6.119798e-01	5.875102e-01	5.558630e-01	3.692683e-01	4.870148e-01	5.299151e-01	4.119772e-01	5.028268e-01	5.082980e-01	5.141120e-01	5.170601e-01	4.973524e-01	4.964478e-01	4.359569e-01	4.699464e-01	0.000000e+00	1	8.363168e-02
6.528376e-02	8.709601e-01	5.066721e-01	3.346506e-01	9.523705e-01	4.127382e-01	5.279659e-01	5.002872e-01	4.870798e-01	5.005053e-01	4.962208e-01	5.025801e-01	4.999449e-01	5.327946e-01	4.917957e-01	0.000000e+00	1	8.275820e-02
4.067199e-01	2.052976e-01	8.968638e-01	7.007773e-01	2.975890e-01	4.977815e-01	5.030435e-01	4.989203e-01	4.983736e-01	5.086338e-01	5.710770e-01	4.939588e-01	5.006562e-01	5.201546e-01	4.809969e-01	0.000000e+00	1	8.101792e-02
6.550448e-01	9.610963e-02	7.530332e-01	5.408716e-01	9.274453e-02	4.895895e-01	4.912118e-01	5.036295e-01	4.981816e-01	4.922933e-01	5.012598e-01	5.271726e-01	5.115925e-01	5.220686e-01	4.673899e-01	0.000000e+00	1	8.036456e-02
9.684758e-01	2.604146e-01	1.266257e-02	8.037696e-03	1.672261e-01	4.458737e-01	4.987276e-01	5.002723e-01	4.997202e-01	4.982176e-01	4.980392e-01	5.012377e-01	4.987984e-01	5.035969e-01	5.014351e-01	0.000000e+00	1	7.744873e-02
3.812237e-01	9.211095e-01	1.121772e-01	7.133747e-02	7.501843e-01	5.012173e-01	5.008937e-01	5.002723e-01	4.997202e-01	4.994629e-01	4.477723e-01	5.016421e-01	4.989018e-01	5.035969e-01	4.793447e-01	0.000000e+00	1	7.657428e-02
4.782541e-01	4.591314e-01	7.915526e-01	5.561327e-01	4.870148e-01	5.299151e-01	4.119772e-01	5.028268e-01	5.082980e-01	4.898830e-01	5.170601e-01	4.962807e-01	4.897894e-01	6.495030e-01	4.694868e-01	0.000000e+00	1	7.628940e-02
7.183559e-01	6.804590e-01	2.364014e-01	1.493000e-01	4.827568e-01	5.033966e-01	5.243159e-01	5.028791e-01	4.991165e-01	5.459317e-01	4.374392e-01	4.973669e-01	4.286775e-01	5.747773e-01	4.986993e-01	0.000000e+00	1	7.606230e-02
7.464996e-01	6.403762e-01	2.046657e-01	1.306113e-01	4.513807e-01	5.265786e-01	4.867393e-01	4.989398e-01	5.015359e-01	5.423170e-01	4.859131e-01	4.967181e-01	4.870168e-01	5.390327e-01	4.947795e-01	0.000000e+00	1	7.562236e-02
6.289645e-02	4.500530e-01	9.186491e-01	7.075538e-01	9.116027e-01	6.330108e-01	5.004646e-01	5.025760e-01	4.961102e-01	4.781933e-01	5.195750e-01	4.578181e-01	5.026262e-01	4.950582e-01	4.327935e-01	0.000000e+00	1	7.430593e-02
9.390390e-01	3.436883e-01	1.262572e-02	8.037696e-03	2.233625e-01	5.012173e-01	5.008937e-01	5.002723e-01	5.019756e-01	4.980361e-01	4.980392e-01	5.016421e-01	4.975597e-01	5.035969e-01	5.014351e-01	0.000000e+00	1	7.283833e-02
7.678593e-01	6.228370e-01	2.362172e-01	1.493000e-01	4.338521e-01	5.032607e-01	4.982118e-01	5.028791e-01	4.991165e-01	5.451862e-01	5.566960e-01	4.973669e-01	4.248326e-01	5.747773e-01	4.986993e-01	0.000000e+00	1	7.242348e-02
4.098428e-03	6.780444e-01	7.893588e-01	5.481947e-01	9.961520e-01	4.986472e-01	4.915550e-01	4.888713e-01	5.008637e-01	3.795628e-01	5.392025e-01	5.037542e-01	4.898358e-01	6.496669e-01	4.570729e-01	0.000000e+00	1	7.228381e-02
8.506483e-01	2.259704e-02	5.408505e-01	3.604383e-01	1.690751e-02	4.297594e-01	5.329742e-01	4.996614e-01	4.982590e-01	5.018775e-01	5.005754e-01	4.968411e-01	4.875821e-01	5.454795e-01	4.953902e-01	0.000000e+00	1	7.043028e-02
2.942273e-01	8.063135e-01	5.209858e-01	3.473009e-01	7.772528e-01	5.380413e-01	5.217602e-01	4.990806e-01	4.707761e-01	5.015079e-01	5.332260e-01	4.946878e-01	4.986269e-01	5.095035e-01	4.923676e-01	0.000000e+00	1	6.952601e-02
3.832830e-01	9.260852e-01	8.360396e-02	5.298088e-02	7.501843e-01	5.012173e-01	5.008937e-01	5.002723e-01	4.997202e-01	4.980361e-01	4.243497e-01	5.016421e-01	4.989018e-01	5.035969e-01	5.014351e-01	0.000000e+00	1	6.924244e-02
5.014505e-01	4.530947e-02	8.776131e-01	6.684086e-01	5.736716e-02	5.450523e-01	5.156869e-01	5.001444e-01	4.997641e-01	4.998664e-01	5.005750e-01	4.676681e-01	4.986509e-01	5.919904e-01	4.998459e-01	0.000000e+00	1	6.892065e-02
4.346065e-01	9.044736e-01	6.895454e-02	4.367729e-02	7.148373e-01	5.021881e-01	5.039123e-01	4.975126e-01	4.982877e-01	4.959262e-01	4.882181e-01	5.415855e-01	4.559503e-01	5.367232e-01	5.252003e-01	0.000000e+00	1	6.855390e-02
9.617131e-01	2.738741e-01	1.262562e-02	8.037696e-03	1.766194e-01	5.012173e-01	5.008937e-01	5.002723e-01	4.997202e-01	4.980361e-01	4.980392e-01	5.016421e-01	4.987984e-01	5.035969e-01	5.014351e-01	0.000000e+00	1	6.801080e-02
8.790947e-01	4.437354e-01	3.566997e-01	2.212423e-01	2.975890e-01	4.977815e-01	5.030435e-01	4.373290e-01	6.162358e-01	5.072071e-01	3.284320e-01	4.939588e-01	5.006562e-01	5.190791e-01	5.030873e-01	0.000000e+00	1	6.595555e-02
3.437489e-03	9.827786e-01	2.045093e-01	1.306113e-01	9.977733e-01	5.297967e-01	4.867393e-01	4.760875e-01	4.996612e-01	5.423170e-01	4.859131e-01	4.967181e-01	4.870168e-01	5.024765e-01	4.947795e-01	0.000000e+00	1	6.545317e-02
3.455902e-01	9.048450e-02	9.674783e-01	7.748159e-01	1.630241e-01	5.687589e-01	5.003660e-01	5.002754e-01	5.007919e-01	4.981998e-01	4.671576e-01	3.725301e-01	4.974122e-01	5.961491e-01	5.040017e-01	0.000000e+00	1	6.463133e-02
