2.610038e-30	1.615578e-15	1.000021e+00	1.000000e+00	1.000000e+00	5.012145e-01	5.027358e-01	5.002385e-01	4.997694e-01	5.012756e-01	5.002065e-01	4.973534e-01	4.983457e-01	4.998495e-01	4.999774e-01	0.000000e+00	1	1.000000e+14
1.628673e-15	3.182724e-31	1.008126e+00	1.000000e+00	1.244071e-16	5.392968e-01	5.004411e-01	4.997422e-01	4.982711e-01	4.929748e-01	4.956832e-01	5.044176e-01	4.269902e-01	4.996364e-01	4.659312e-01	0.000000e+00	1	1.000000e+14
1.009966e+00	6.550214e-02	7.053484e-04	4.436755e-04	4.123072e-02	5.164295e-01	5.077039e-01	5.083282e-01	5.009635e-01	5.454065e-01	5.289432e-01	4.959531e-01	5.386937e-01	5.851416e-01	4.948326e-01	0.000000e+00	1	1.000000e+14
6.103581e-02	9.981506e-01	4.359901e-17	2.775558e-17	9.611198e-01	5.012173e-01	5.008937e-01	5.002723e-01	4.997202e-01	4.980361e-01	4.980392e-01	5.016421e-01	4.987984e-01	4.996489e-01	4.992026e-01	0.000000e+00	1	1.000000e+14
1.531282e-15	6.789749e-16	1.036840e+00	1.000000e+00	2.656959e-01	5.011553e-01	5.027358e-01	5.000919e-01	4.996124e-01	3.931478e-01	5.011505e-01	5.044955e-01	4.983457e-01	6.593362e-01	4.987202e-01	0.000000e+00	1	1.000000e+14
1.620286e-15	1.002935e+00	6.989693e-04	4.436755e-04	1.000000e+00	5.005363e-01	4.993242e-01	5.017621e-01	5.008637e-01	5.454065e-01	5.289432e-01	4.956627e-01	4.987715e-01	5.031449e-01	4.990459e-01	0.000000e+00	1	1.000000e+14
4.657792e-01	8.448918e-01	2.811268e-01	1.805070e-01	6.792506e-01	5.032464e-01	4.560306e-01	4.996689e-01	4.838471e-01	4.703355e-01	4.830352e-01	4.940882e-01	4.867571e-01	5.360241e-01	4.955651e-01	0.000000e+00	1	1.813936e-01
7.007380e-01	7.017709e-01	1.541981e-01	9.819847e-02	5.004689e-01	5.010931e-01	4.912118e-01	5.036295e-01	4.981384e-01	4.910796e-01	5.012598e-01	5.288549e-01	5.116379e-01	5.114214e-01	5.486339e-01	0.000000e+00	1	1.659178e-01
9.460876e-01	1.489287e-01	3.516823e-01	2.240365e-01	9.939803e-02	5.036315e-01	4.560306e-01	5.040045e-01	4.903228e-01	4.093481e-01	4.854078e-01	4.564828e-01	4.529592e-01	4.996345e-01	4.246874e-01	0.000000e+00	1	1.371745e-01
5.828958e-01	1.219733e-02	8.491925e-01	6.169776e-01	1.331958e-02	5.027583e-01	5.076271e-01	3.898806e-01	5.105997e-01	5.574690e-01	5.566960e-01	4.951251e-01	4.248326e-01	5.744325e-01	4.941385e-01	0.000000e+00	1	1.307941e-01
9.862790e-01	2.367477e-01	9.425197e-02	5.898759e-02	1.499775e-01	5.097313e-01	4.531326e-01	3.982681e-01	4.804182e-01	5.090323e-01	4.646457e-01	4.970159e-01	5.072344e-01	4.349991e-01	4.951611e-01	0.000000e+00	1	1.238706e-01
7.720366e-01	4.824658e-01	4.572308e-01	2.963045e-01	3.555815e-01	5.053506e-01	5.994163e-01	5.099038e-01	4.125819e-01	5.085543e-01	4.994754e-01	5.285263e-01	5.111679e-01	5.084651e-01	4.949865e-01	0.000000e+00	1	1.178845e-01
2.776873e-01	9.431610e-01	2.184821e-01	1.392061e-01	8.177157e-01	5.021396e-01	5.039123e-01	4.995872e-01	4.543166e-01	4.987749e-01	4.871110e-01	4.913583e-01	4.862901e-01	5.367232e-01	5.573330e-01	0.000000e+00	1	1.162019e-01
3.490749e-01	9.338778e-01	1.274839e-01	8.096476e-02	7.722747e-01	4.909513e-01	5.147171e-01	4.953365e-01	4.998115e-01	5.040417e-01	4.981193e-01	4.998427e-01	4.983259e-01	4.327934e-01	4.843833e-01	0.000000e+00	1	1.128962e-01
6.457797e-01	2.863406e-01	7.650993e-01	5.253750e-01	2.656959e-01	4.964581e-01	5.025103e-01	5.929507e-01	4.996124e-01	4.147808e-01	5.011505e-01	5.044955e-01	4.985754e-01	6.593362e-01	4.965031e-01	0.000000e+00	1	1.087982e-01
5.726037e-16	3.544339e-01	9.382403e-01	7.700580e-01	1.000000e+00	4.977908e-01	4.994682e-01	4.985572e-01	5.008637e-01	5.454065e-01	5.289432e-01	4.956602e-01	4.987715e-01	5.031449e-01	4.958661e-01	0.000000e+00	1	1.068943e-01
6.287646e-01	5.983127e-01	5.111489e-01	3.388301e-01	4.842045e-01	5.147945e-01	5.022919e-01	4.993933e-01	4.665290e-01	5.001266e-01	4.428324e-01	4.811892e-01	5.388281e-01	5.232307e-01	5.160486e-01	0.000000e+00	1	1.059841e-01
4.347656e-01	2.194541e-01	8.777586e-01	6.775209e-01	2.975890e-01	4.977852e-01	5.004192e-01	4.990419e-01	4.983736e-01	4.874039e-01	5.128620e-01	4.964910e-01	5.044645e-01	4.690880e-01	5.499288e-01	0.000000e+00	1	1.029723e-01
5.368152e-01	5.578590e-01	6.420094e-01	4.407511e-01	5.122367e-01	5.021498e-01	4.864697e-01	5.087135e-01	4.863597e-01	4.934234e-01	4.582073e-01	4.735311e-01	4.624425e-01	5.152707e-01	5.342941e-01	0.000000e+00	1	1.025000e-01
6.945321e-01	6.275917e-01	4.418489e-01	2.807585e-01	4.677949e-01	5.019163e-01	4.892242e-01	5.056208e-01	4.139346e-01	4.908470e-01	3.715004e-01	4.974881e-01	4.566069e-01	5.420686e-01	5.854866e-01	0.000000e+00	1	1.024057e-01
5.222576e-01	6.470512e-01	6.131698e-01	4.045036e-01	5.676865e-01	5.721563e-01	5.024809e-01	5.818423e-01	3.616803e-01	5.102107e-01	5.158137e-01	4.947644e-01	5.024589e-01	5.412866e-01	4.958067e-01	0.000000e+00	1	1.008800e-01
2.425039e-01	5.429914e-01	8.157181e-01	5.989648e-01	7.326013e-01	4.978918e-01	4.976609e-01	4.976346e-01	4.167605e-01	4.959379e-01	5.009592e-01	5.257351e-01	4.989274e-01	5.422218e-01	5.083169e-01	0.000000e+00	1	9.882388e-02
3.411615e-02	9.074713e-01	5.005257e-01	3.206923e-01	9.760777e-01	5.721563e-01	5.011056e-01	5.950950e-01	3.696551e-01	5.509971e-01	5.006236e-01	4.968134e-01	5.044811e-01	4.695750e-01	5.460214e-01	0.000000e+00	1	9.666272e-02
9.866978e-01	1.721324e-01	8.780793e-02	5.566865e-02	1.099537e-01	5.084989e-01	5.268203e-01	4.996702e-01	4.871716e-01	4.991240e-01	5.005754e-01	4.970118e-01	4.863008e-01	4.345359e-01	5.013689e-01	0.000000e+00	1	9.429771e-02
6.770829e-01	9.190014e-02	7.392016e-01	5.250092e-01	8.588327e-02	5.031236e-01	5.073655e-01	5.106053e-01	5.125524e-01	5.087662e-01	5.566648e-01	4.623140e-01	5.334497e-01	4.803000e-01	5.090550e-01	0.000000e+00	1	9.234617e-02
8.793506e-01	7.969848e-02	4.759603e-01	3.147451e-01	5.754177e-02	5.165618e-01	5.343863e-01	4.996614e-01	5.019062e-01	4.990643e-01	5.005754e-01	4.968381e-01	4.863008e-01	4.627384e-01	4.953902e-01	0.000000e+00	1	9.104974e-02
4.091282e-01	2.065132e-01	8.973038e-01	6.993835e-01	2.975890e-01	4.981090e-01	5.004192e-01	5.006925e-01	4.983736e-01	4.983028e-01	5.710884e-01	4.963330e-01	5.044645e-01	4.690880e-01	5.388970e-01	0.000000e+00	1	9.065383e-02
6.636720e-01	3.319615e-01	6.971484e-01	4.801385e-01	2.952635e-01	4.967619e-01	5.341358e-01	5.183886e-01	5.030638e-01	5.165105e-01	4.958185e-01	6.273093e-01	4.980223e-01	5.024036e-01	4.880996e-01	0.000000e+00	1	8.822156e-02
1.227645e-01	8.718241e-01	4.852653e-01	3.206923e-01	9.109410e-01	4.962642e-01	5.019321e-01	5.435559e-01	5.014484e-01	4.991612e-01	5.006236e-01	4.968134e-01	5.124401e-01	4.700911e-01	5.482070e-01	0.000000e+00	1	8.768557e-02
2.128748e-01	9.627093e-01	2.692301e-01	1.697001e-01	8.614595e-01	5.721563e-01	5.023440e-01	5.076472e-01	4.532374e-01	4.054452e-01	5.006481e-01	4.920800e-01	4.865424e-01	5.412866e-01	5.609490e-01	0.000000e+00	1	8.369248e-02
4.272983e-01	7.290313e-01	5.586155e-01	3.718577e-01	6.624964e-01	5.276667e-01	4.077873e-01	5.008304e-01	5.011868e-01	5.158416e-01	4.836427e-01	5.026358e-01	4.872303e-01	5.328654e-01	4.559852e-01	0.000000e+00	1	8.276360e-02
4.056029e-01	4.080735e-02	9.160604e-01	7.334528e-01	6.383495e-02	5.025055e-01	5.018736e-01	5.007771e-01	4.982918e-01	4.710189e-01	4.930795e-01	4.998887e-01	4.991983e-01	5.419861e-01	4.978397e-01	0.000000e+00	1	7.853251e-02
1.001077e+00	1.179819e-01	5.808759e-02	3.664550e-02	7.468427e-02	5.035107e-01	5.200585e-01	5.703641e-01	4.975947e-01	5.057913e-01	4.948594e-01	4.930500e-01	4.983341e-01	4.358298e-01	4.912132e-01	0.000000e+00	1	7.787286e-02
3.792665e-01	7.151344e-01	6.557312e-01	4.334407e-01	6.895675e-01	5.283139e-01	3.884906e-01	5.008134e-01	4.398535e-01	4.785173e-01	4.860089e-01	6.118322e-01	4.943083e-01	5.324591e-01	6.031809e-01	0.000000e+00	1	7.686357e-02
1.795125e-01	9.453704e-01	4.015868e-01	2.516947e-01	8.805372e-01	5.025034e-01	3.819604e-01	5.031037e-01	3.364208e-01	5.229338e-01	4.958998e-01	5.016275e-01	4.943146e-01	4.996489e-01	4.623956e-01	0.000000e+00	1	7.671408e-02
5.549242e-01	5.327360e-01	6.808315e-01	4.612294e-01	4.870148e-01	5.299151e-01	3.804277e-01	5.028268e-01	5.082980e-01	4.785173e-01	5.145229e-01	4.973524e-01	4.943083e-01	4.359569e-01	5.847681e-01	0.000000e+00	1	7.332120e-02
3.109675e-01	3.113856e-01	9.018293e-01	7.109865e-01	5.004276e-01	5.021498e-01	5.057612e-01	5.103284e-01	4.846937e-01	4.934234e-01	5.008570e-01	4.735311e-01	4.676076e-01	5.111451e-01	5.342941e-01	0.000000e+00	1	7.317676e-02
6.361996e-01	7.831155e-01	1.714847e-02	1.081896e-02	5.656638e-01	5.019761e-01	4.939934e-01	4.911756e-01	5.124961e-01	4.999203e-01	4.282491e-01	4.911669e-01	5.276073e-01	4.488688e-01	4.845530e-01	0.000000e+00	1	7.271048e-02
1.255327e-01	6.809285e-02	9.901725e-01	9.088099e-01	3.164087e-01	5.011553e-01	5.027358e-01	5.000919e-01	4.994529e-01	5.029233e-01	5.008763e-01	5.044955e-01	4.983457e-01	4.806297e-01	4.987202e-01	0.000000e+00	1	7.221937e-02
1.564107e-01	7.593287e-01	6.429017e-01	4.407511e-01	8.706744e-01	5.021498e-01	4.870607e-01	5.087135e-01	4.863597e-01	4.934234e-01	4.582073e-01	4.735311e-01	4.627885e-01	5.357846e-01	5.395990e-01	0.000000e+00	1	7.210218e-02
3.113001e-01	8.111202e-01	5.300168e-01	3.487263e-01	7.667076e-01	4.071217e-01	5.022919e-01	4.506060e-01	4.675623e-01	5.001266e-01	5.330658e-01	4.456660e-01	5.379076e-01	5.096441e-01	5.038388e-01	0.000000e+00	1	7.141378e-02
8.414237e-01	5.275952e-01	1.468399e-01	9.344877e-02	3.565423e-01	5.010931e-01	4.785993e-01	5.036295e-01	4.945658e-01	5.118534e-01	4.925221e-01	5.026880e-01	4.976647e-01	4.604113e-01	4.591320e-01	0.000000e+00	1	7.045254e-02
9.185293e-01	1.263615e-01	3.832860e-01	2.495517e-01	8.703311e-02	4.616651e-01	5.014851e-01	5.014906e-01	5.120550e-01	4.910044e-01	4.913783e-01	5.039895e-01	5.050264e-01	5.362654e-01	4.877748e-01	0.000000e+00	1	6.885197e-02
2.843314e-01	9.657276e-01	1.054418e-01	6.643639e-02	8.177157e-01	5.021396e-01	5.039123e-01	4.994942e-01	5.019859e-01	4.987749e-01	4.874235e-01	4.140960e-01	4.975250e-01	5.367232e-01	5.574754e-01	0.000000e+00	1	6.778079e-02
2.699543e-01	8.239919e-01	5.289675e-01	3.487263e-01	7.984477e-01	4.071217e-01	5.022919e-01	4.611366e-01	4.665290e-01	5.001266e-01	5.157627e-01	4.530677e-01	5.388281e-01	4.784768e-01	5.038388e-01	0.000000e+00	1	6.721750e-02
9.205388e-02	4.252128e-01	9.100928e-01	7.161136e-01	8.642734e-01	5.267076e-01	4.972741e-01	5.041092e-01	4.960271e-01	4.779140e-01	5.195750e-01	4.582400e-01	5.061745e-01	4.950582e-01	4.271618e-01	0.000000e+00	1	6.655306e-02
7.950603e-01	4.968540e-01	4.142682e-01	2.648780e-01	3.555815e-01	5.053506e-01	5.994163e-01	5.100179e-01	4.125819e-01	5.161441e-01	5.516334e-01	5.647358e-01	5.111329e-01	5.084651e-01	4.953299e-01	0.000000e+00	1	6.530996e-02
8.168146e-01	4.466209e-01	4.171881e-01	2.682089e-01	3.185458e-01	5.021279e-01	5.994163e-01	5.099038e-01	4.125819e-01	5.085543e-01	4.994754e-01	5.285263e-01	5.111679e-01	5.385094e-01	4.949865e-01	0.000000e+00	1	6.402372e-02
4.098428e-03	6.780444e-01	7.893588e-01	5.481947e-01	9.961520e-01	4.986472e-01	4.915550e-01	4.888713e-01	5.008637e-01	3.795628e-01	5.392025e-01	5.037542e-01	4.898358e-01	6.496669e-01	4.570729e-01	0.000000e+00	1	6.400406e-02
3.685399e-01	6.949086e-01	6.873684e-01	4.572106e-01	6.895675e-01	4.994383e-01	3.859129e-01	5.008134e-01	4.398535e-01	4.785173e-01	4.860089e-01	6.118322e-01	4.557747e-01	4.530700e-01	6.031809e-01	0.000000e+00	1	6.251807e-02
2.310926e-01	9.794564e-01	1.054035e-01	6.643639e-02	8.524937e-01	5.053623e-01	5.039123e-01	4.994942e-01	5.302713e-01	4.987749e-01	4.874235e-01	4.140960e-01	4.975250e-01	5.066789e-01	5.574754e-01	0.000000e+00	1	6.060503e-02
9.437117e-01	1.485546e-01	3.552801e-01	2.266638e-01	9.939803e-02	5.032464e-01	4.560306e-01	5.012441e-01	4.903228e-01	4.093481e-01	4.854078e-01	5.064025e-01	4.487477e-01	4.219141e-01	4.953394e-01	0.000000e+00	1	5.992003e-02
8.976028e-01	5.821472e-02	4.486959e-01	2.945734e-01	4.123072e-02	5.164295e-01	5.012811e-01	5.083282e-01	5.009635e-01	5.454065e-01	4.828293e-01	4.959531e-01	5.386937e-01	5.287660e-01	4.877160e-01	0.000000e+00	1	5.922058e-02
7.732227e-01	3.259579e-01	5.639449e-01	3.767084e-01	2.539803e-01	5.031960e-01	5.284050e-01	5.006925e-01	5.041639e-01	4.983028e-01	5.079431e-01	4.964144e-01	5.044645e-01	4.074228e-01	5.388970e-01	0.000000e+00	1	5.779755e-02
1.265537e-01	3.846497e-01	9.338096e-01	7.395189e-01	7.976474e-01	5.687589e-01	5.156869e-01	4.977120e-01	4.533417e-01	4.998284e-01	5.006618e-01	4.471609e-01	4.974122e-01	5.886367e-01	5.038940e-01	0.000000e+00	1	5.701791e-02
6.579078e-01	2.917182e-01	7.490748e-01	5.127383e-01	2.656959e-01	4.964581e-01	5.613658e-01	5.929507e-01	5.035817e-01	5.195464e-01	5.232594e-01	5.044217e-01	4.985754e-01	6.593362e-01	4.965031e-01	0.000000e+00	1	5.556263e-02
