2.610038e-30	1.615578e-15	1.000021e+00	1.000000e+00	1.000000e+00	5.012145e-01	5.027358e-01	5.002385e-01	4.997694e-01	5.012756e-01	5.002065e-01	4.973534e-01	4.983457e-01	4.998495e-01	4.999774e-01	0.000000e+00	1	1.000000e+14
1.021504e+00	2.679383e-02	9.930080e-03	6.186284e-03	1.669457e-02	4.485623e-01	5.075951e-01	5.099038e-01	5.103154e-01	5.432394e-01	4.981642e-01	6.159438e-01	5.291454e-01	5.529343e-01	4.947126e-01	0.000000e+00	1	1.000000e+14
1.628662e-15	3.182702e-31	1.008119e+00	1.000000e+00	1.244071e-16	5.392968e-01	5.004411e-01	5.013272e-01	4.982711e-01	4.935943e-01	4.956832e-01	5.043863e-01	4.269902e-01	4.996364e-01	4.659312e-01	0.000000e+00	1	1.000000e+14
6.103581e-02	9.981506e-01	4.359901e-17	2.775558e-17	9.611198e-01	5.012173e-01	5.008937e-01	5.002723e-01	4.997202e-01	4.980361e-01	4.980392e-01	5.016421e-01	4.987984e-01	4.996489e-01	4.992026e-01	0.000000e+00	1	1.000000e+14
1.644319e-15	1.017811e+00	3.616138e-04	2.261819e-04	1.000000e+00	4.686901e-01	5.087395e-01	3.887636e-01	5.123037e-01	5.576893e-01	5.289432e-01	4.951032e-01	4.987715e-01	5.028001e-01	4.944851e-01	0.000000e+00	1	1.000000e+14
1.500836e-15	6.654750e-16	1.016225e+00	1.000000e+00	2.656959e-01	5.295562e-01	3.857621e-01	5.000919e-01	5.082193e-01	5.033024e-01	5.140486e-01	5.044955e-01	4.983457e-01	4.637525e-01	4.737581e-01	0.000000e+00	1	1.000000e+14
9.617131e-01	2.738741e-01	1.262562e-02	8.037696e-03	1.766194e-01	5.012173e-01	5.008937e-01	5.002723e-01	4.997202e-01	4.980361e-01	4.980392e-01	5.016421e-01	4.987984e-01	5.035969e-01	5.014351e-01	0.000000e+00	1	1.374211e-01
1.104470e-01	3.356948e-01	9.570725e-01	7.748159e-01	7.976474e-01	5.687589e-01	4.826797e-01	4.983065e-01	4.533417e-01	4.981998e-01	4.671576e-01	4.482517e-01	4.974122e-01	5.961491e-01	5.038940e-01	0.000000e+00	1	1.266340e-01
1.852126e-01	9.856135e-01	7.901481e-02	5.005529e-02	8.817480e-01	5.084989e-01	5.268203e-01	4.996702e-01	4.871716e-01	4.991240e-01	5.005754e-01	4.970118e-01	4.863008e-01	4.305879e-01	4.991364e-01	0.000000e+00	1	1.230606e-01
6.550448e-01	9.610963e-02	7.530332e-01	5.408716e-01	9.274453e-02	4.895895e-01	4.912118e-01	5.036295e-01	4.981816e-01	4.922933e-01	5.012598e-01	5.271726e-01	5.115925e-01	5.220686e-01	4.673899e-01	0.000000e+00	1	1.193200e-01
7.088922e-01	3.111373e-01	6.419866e-01	4.407511e-01	2.632997e-01	5.021413e-01	4.864697e-01	5.087135e-01	4.864955e-01	4.934234e-01	4.578216e-01	4.734794e-01	4.624425e-01	5.128888e-01	5.342941e-01	0.000000e+00	1	1.185614e-01
5.354582e-01	8.464211e-01	1.699564e-01	1.070086e-01	6.409107e-01	5.012264e-01	4.915550e-01	4.888713e-01	5.008637e-01	3.862282e-01	5.392025e-01	5.037542e-01	4.898358e-01	5.328505e-01	4.963061e-01	0.000000e+00	1	1.124501e-01
2.182474e-01	7.828948e-01	6.008097e-01	4.052564e-01	8.269238e-01	5.021498e-01	5.200679e-01	4.980681e-01	4.859334e-01	5.043294e-01	4.917115e-01	4.718255e-01	4.172394e-01	5.282722e-01	5.395990e-01	0.000000e+00	1	1.086699e-01
1.444514e-01	3.763809e-01	9.557045e-01	7.458704e-01	7.667076e-01	4.071217e-01	6.333806e-01	5.121973e-01	4.577541e-01	5.001266e-01	5.662332e-01	4.456660e-01	5.379076e-01	5.107196e-01	5.038388e-01	0.000000e+00	1	1.042320e-01
6.119798e-01	5.875102e-01	5.558630e-01	3.692683e-01	4.870148e-01	5.299151e-01	4.119772e-01	5.028268e-01	5.082980e-01	5.141120e-01	5.170601e-01	4.973524e-01	4.964478e-01	4.359569e-01	4.699464e-01	0.000000e+00	1	1.036813e-01
3.832830e-01	9.260852e-01	8.360396e-02	5.298088e-02	7.501843e-01	5.012173e-01	5.008937e-01	5.002723e-01	4.997202e-01	4.980361e-01	4.243497e-01	5.016421e-01	4.989018e-01	5.035969e-01	5.014351e-01	0.000000e+00	1	1.022872e-01
3.113001e-01	8.111202e-01	5.300168e-01	3.487263e-01	7.667076e-01	4.071217e-01	5.022919e-01	4.506060e-01	4.675623e-01	5.001266e-01	5.330658e-01	4.456660e-01	5.379076e-01	5.096441e-01	5.038388e-01	0.000000e+00	1	1.021020e-01
9.454177e-01	1.300662e-01	3.597806e-01	2.295165e-01	8.703682e-02	5.350211e-01	5.004411e-01	4.997422e-01	4.982711e-01	4.980838e-01	5.159716e-01	4.715830e-01	4.538833e-01	4.862108e-01	3.764027e-01	0.000000e+00	1	1.000176e-01
4.346065e-01	9.044736e-01	6.895454e-02	4.367729e-02	7.148373e-01	5.021881e-01	5.039123e-01	4.975126e-01	4.982877e-01	4.959262e-01	4.882181e-01	5.415855e-01	4.559503e-01	5.367232e-01	5.252003e-01	0.000000e+00	1	9.892865e-02
9.171099e-01	1.942909e-01	3.875373e-01	2.495517e-01	1.329036e-01	5.030266e-01	6.006872e-01	5.000117e-01	4.574423e-01	4.903849e-01	5.439280e-01	5.040208e-01	5.110920e-01	5.118133e-01	4.877748e-01	0.000000e+00	1	9.851526e-02
3.490749e-01	9.338778e-01	1.274839e-01	8.096476e-02	7.722747e-01	4.909513e-01	5.147171e-01	4.953365e-01	4.998115e-01	5.040417e-01	4.981193e-01	4.998427e-01	4.983259e-01	4.327934e-01	4.843833e-01	0.000000e+00	1	9.762833e-02
4.350233e-01	7.412054e-01	5.214735e-01	3.471977e-01	6.621195e-01	5.265786e-01	4.598529e-01	4.996689e-01	4.870676e-01	4.563912e-01	4.895216e-01	4.940882e-01	4.766547e-01	5.128559e-01	4.948570e-01	0.000000e+00	1	9.750417e-02
4.067199e-01	2.052976e-01	8.968638e-01	7.007773e-01	2.975890e-01	4.977815e-01	5.030435e-01	4.989203e-01	4.983736e-01	5.086338e-01	5.710770e-01	4.939588e-01	5.006562e-01	5.201546e-01	4.809969e-01	0.000000e+00	1	9.597201e-02
3.455902e-01	9.048450e-02	9.674783e-01	7.748159e-01	1.630241e-01	5.687589e-01	5.003660e-01	5.002754e-01	5.007919e-01	4.981998e-01	4.671576e-01	3.725301e-01	4.974122e-01	5.961491e-01	5.040017e-01	0.000000e+00	1	9.544737e-02
6.897417e-01	5.594731e-01	4.945530e-01	3.234607e-01	4.338521e-01	5.032607e-01	4.982118e-01	5.028860e-01	5.016472e-01	5.451862e-01	5.566960e-01	4.973669e-01	4.248326e-01	5.747773e-01	4.986993e-01	0.000000e+00	1	9.523580e-02
2.539384e-02	8.100512e-01	5.941167e-01	4.027118e-01	9.800495e-01	4.929790e-01	4.904614e-01	4.950581e-01	4.793381e-01	4.702859e-01	5.312966e-01	5.235495e-01	5.024589e-01	5.430936e-01	4.958067e-01	0.000000e+00	1	9.522700e-02
2.972722e-01	6.186628e-01	7.402828e-01	5.240427e-01	7.148373e-01	5.021881e-01	5.040901e-01	4.988202e-01	5.016855e-01	4.740126e-01	5.550718e-01	5.431649e-01	4.559503e-01	5.367232e-01	5.252003e-01	0.000000e+00	1	9.497131e-02
6.251941e-01	7.701592e-01	2.890521e-01	1.805070e-01	5.659029e-01	5.824238e-01	4.614868e-01	4.996689e-01	3.661894e-01	5.102603e-01	4.830352e-01	5.376763e-01	4.867571e-01	5.342171e-01	5.623604e-01	0.000000e+00	1	9.371643e-02
8.055128e-01	4.404413e-01	4.114158e-01	2.682089e-01	3.185458e-01	4.485623e-01	4.962177e-01	5.099038e-01	5.103154e-01	4.964956e-01	4.981642e-01	5.281282e-01	4.987211e-01	5.480935e-01	4.931541e-01	0.000000e+00	1	9.256230e-02
8.506483e-01	2.259704e-02	5.408505e-01	3.604383e-01	1.690751e-02	4.297594e-01	5.329742e-01	4.996614e-01	4.982590e-01	5.018775e-01	5.005754e-01	4.968411e-01	4.875821e-01	5.454795e-01	4.953902e-01	0.000000e+00	1	9.208528e-02
7.678593e-01	6.228370e-01	2.362172e-01	1.493000e-01	4.338521e-01	5.032607e-01	4.982118e-01	5.028791e-01	4.991165e-01	5.451862e-01	5.566960e-01	4.973669e-01	4.248326e-01	5.747773e-01	4.986993e-01	0.000000e+00	1	9.128740e-02
4.098428e-03	6.780444e-01	7.893588e-01	5.481947e-01	9.961520e-01	4.986472e-01	4.915550e-01	4.888713e-01	5.008637e-01	3.795628e-01	5.392025e-01	5.037542e-01	4.898358e-01	6.496669e-01	4.570729e-01	0.000000e+00	1	9.078376e-02
5.549242e-01	5.327360e-01	6.808315e-01	4.612294e-01	4.870148e-01	5.299151e-01	3.804277e-01	5.028268e-01	5.082980e-01	4.785173e-01	5.145229e-01	4.973524e-01	4.943083e-01	4.359569e-01	5.847681e-01	0.000000e+00	1	8.946464e-02
1.389690e-01	5.257110e-01	8.637702e-01	6.423153e-01	8.354762e-01	4.978433e-01	4.976609e-01	4.538250e-01	4.204587e-01	4.987866e-01	5.001647e-01	3.982457e-01	4.987789e-01	5.422218e-01	5.083169e-01	0.000000e+00	1	8.930478e-02
8.784357e-01	7.961557e-02	4.754651e-01	3.147451e-01	5.754177e-02	5.165618e-01	5.117842e-01	4.996614e-01	5.019062e-01	4.990643e-01	5.005754e-01	4.968381e-01	4.863008e-01	4.627384e-01	4.953902e-01	0.000000e+00	1	8.809996e-02
5.282435e-01	4.966309e-01	6.998688e-01	4.887551e-01	4.803695e-01	4.919731e-01	4.490300e-01	4.996689e-01	4.821164e-01	4.498056e-01	4.891559e-01	4.749805e-01	4.870168e-01	5.359369e-01	4.961641e-01	0.000000e+00	1	8.188997e-02
1.494341e-01	5.696629e-01	8.244649e-01	6.051200e-01	8.366815e-01	4.978433e-01	4.867400e-01	4.538250e-01	4.204587e-01	4.986696e-01	5.001647e-01	4.474050e-01	4.987789e-01	5.422218e-01	5.039405e-01	0.000000e+00	1	8.007541e-02
6.584087e-02	8.783925e-01	5.109959e-01	3.346506e-01	9.523705e-01	4.093346e-01	5.279659e-01	4.996614e-01	4.565770e-01	5.018395e-01	4.962208e-01	4.278713e-01	4.875821e-01	5.454795e-01	5.036797e-01	0.000000e+00	1	7.888887e-02
9.549842e-01	2.023146e-01	2.754788e-01	1.751014e-01	1.329036e-01	5.030266e-01	6.006872e-01	5.000117e-01	4.574423e-01	4.903849e-01	5.439280e-01	5.040208e-01	5.110920e-01	4.940045e-01	4.877748e-01	0.000000e+00	1	7.875786e-02
6.003868e-01	1.656669e-01	7.981214e-01	5.781428e-01	1.713997e-01	4.475450e-01	4.976609e-01	4.976346e-01	4.167605e-01	4.959379e-01	5.009592e-01	5.285505e-01	4.988240e-01	5.422218e-01	5.083169e-01	0.000000e+00	1	7.818510e-02
2.425039e-01	5.429914e-01	8.157181e-01	5.989648e-01	7.326013e-01	4.978918e-01	4.976609e-01	4.976346e-01	4.167605e-01	4.959379e-01	5.009592e-01	5.257351e-01	4.989274e-01	5.422218e-01	5.083169e-01	0.000000e+00	1	7.778569e-02
4.923723e-01	2.246386e-03	8.870184e-01	6.773963e-01	2.904477e-03	5.687589e-01	5.156869e-01	5.001444e-01	4.950237e-01	4.998664e-01	5.005750e-01	4.676681e-01	4.974122e-01	5.919904e-01	4.998459e-01	0.000000e+00	1	7.598754e-02
7.642215e-01	4.907479e-01	4.361180e-01	2.849976e-01	3.634079e-01	5.164295e-01	4.963265e-01	5.083282e-01	5.009635e-01	4.986627e-01	5.239081e-01	4.959531e-01	5.082693e-01	5.803008e-01	4.932741e-01	0.000000e+00	1	7.512321e-02
2.602004e-01	9.196290e-01	3.068514e-01	1.977776e-01	8.244626e-01	5.021088e-01	5.051592e-01	5.000250e-01	4.543166e-01	5.000176e-01	5.009550e-01	4.913583e-01	4.847451e-01	5.367232e-01	5.027636e-01	0.000000e+00	1	7.511598e-02
5.222576e-01	6.470512e-01	6.131698e-01	4.045036e-01	5.676865e-01	5.721563e-01	5.024809e-01	5.818423e-01	3.616803e-01	5.102107e-01	5.158137e-01	4.947644e-01	5.024589e-01	5.412866e-01	4.958067e-01	0.000000e+00	1	7.487898e-02
7.981707e-01	4.028879e-01	4.617461e-01	3.034864e-01	2.975890e-01	4.977815e-01	5.030435e-01	4.373290e-01	5.081817e-01	5.086338e-01	5.379097e-01	4.939588e-01	5.006562e-01	5.190791e-01	4.809969e-01	0.000000e+00	1	7.388607e-02
7.398603e-01	6.027515e-01	3.352318e-01	2.150611e-01	4.352124e-01	5.020361e-01	4.960851e-01	5.008750e-01	4.701174e-01	5.023335e-01	5.009589e-01	5.045287e-01	4.301991e-01	5.747773e-01	5.084737e-01	0.000000e+00	1	7.262968e-02
2.655825e-01	9.561350e-01	1.445279e-01	9.207268e-02	8.275164e-01	5.380413e-01	5.164008e-01	4.990806e-01	5.123037e-01	5.014397e-01	5.289432e-01	4.946878e-01	4.986269e-01	5.028001e-01	4.923676e-01	0.000000e+00	1	7.075485e-02
8.251610e-01	5.625221e-01	1.423676e-01	9.014825e-02	3.809191e-01	5.005190e-01	4.220438e-01	5.043691e-01	4.996124e-01	5.251858e-01	5.013835e-01	4.988880e-01	4.762976e-01	4.618000e-01	4.987202e-01	0.000000e+00	1	6.960894e-02
9.690384e-01	6.297253e-02	3.741696e-01	2.341363e-01	4.131236e-02	5.036315e-01	4.993673e-01	5.751124e-01	4.903228e-01	4.122652e-01	5.140784e-01	4.960351e-01	5.551649e-01	6.112649e-01	3.923373e-01	0.000000e+00	1	6.859334e-02
7.001380e-01	7.011701e-01	1.540661e-01	9.819847e-02	5.004689e-01	4.895895e-01	4.912118e-01	5.036295e-01	4.981384e-01	4.922933e-01	5.012598e-01	5.288549e-01	5.115925e-01	5.220686e-01	4.673899e-01	0.000000e+00	1	6.794462e-02
7.240932e-01	6.264701e-01	3.363477e-01	2.150611e-01	4.540629e-01	5.032607e-01	5.020364e-01	5.033340e-01	4.701174e-01	5.140404e-01	5.566960e-01	4.956845e-01	4.301991e-01	5.747773e-01	5.054506e-01	0.000000e+00	1	6.791640e-02
6.289645e-02	4.500530e-01	9.186491e-01	7.075538e-01	9.116027e-01	6.330108e-01	5.004646e-01	5.025760e-01	4.961102e-01	4.781933e-01	5.195750e-01	4.578181e-01	5.026262e-01	4.950582e-01	4.327935e-01	0.000000e+00	1	6.746689e-02
7.464996e-01	6.403762e-01	2.046657e-01	1.306113e-01	4.513807e-01	5.265786e-01	4.867393e-01	4.989398e-01	5.015359e-01	5.423170e-01	4.859131e-01	4.967181e-01	4.870168e-01	5.390327e-01	4.947795e-01	0.000000e+00	1	6.508700e-02
9.998689e-01	1.572828e-01	3.116299e-02	1.959437e-02	9.932851e-02	5.164295e-01	4.530109e-01	5.083282e-01	5.009635e-01	5.624408e-01	5.239912e-01	4.959531e-01	4.364880e-01	4.607059e-01	4.948326e-01	0.000000e+00	1	6.428766e-02
9.434241e-01	1.485094e-01	3.803735e-01	2.412931e-01	9.939803e-02	5.036315e-01	4.446743e-01	5.751124e-01	4.903228e-01	4.292995e-01	5.141614e-01	4.960351e-01	4.529592e-01	4.868293e-01	3.923373e-01	0.000000e+00	1	6.355638e-02
