1.003474e+00	2.852035e-03	1.215751e-05	7.712889e-06	1.809372e-03	5.331750e-01	5.268917e-01	4.989063e-01	4.982045e-01	4.991285e-01	5.394252e-01	4.927995e-01	5.057430e-01	5.015645e-01	5.026739e-01	0.000000e+00	1	1.000000e+14
2.610038e-30	1.615578e-15	1.000021e+00	1.000000e+00	1.000000e+00	5.012145e-01	5.027358e-01	5.002385e-01	4.997694e-01	5.012756e-01	5.002065e-01	4.973534e-01	4.983457e-01	4.998495e-01	4.999774e-01	0.000000e+00	1	1.000000e+14
1.616457e-15	3.398570e-32	1.000564e+00	1.000000e+00	1.338481e-17	4.971992e-01	5.008682e-01	5.024144e-01	4.890235e-01	4.914152e-01	4.932894e-01	5.001151e-01	5.068014e-01	4.952829e-01	4.844338e-01	0.000000e+00	1	1.000000e+14
2.747237e-02	1.031161e+00	1.249734e-05	7.712889e-06	9.830431e-01	4.881811e-01	5.022966e-01	4.866929e-01	4.982045e-01	4.875261e-01	6.468357e-01	4.028374e-01	4.949946e-01	5.005128e-01	4.955885e-01	0.000000e+00	1	1.000000e+14
1.280458e-15	1.105343e-15	1.047049e+00	1.000000e+00	4.533564e-01	5.824251e-01	5.004751e-01	4.172553e-01	5.782216e-01	5.090673e-01	4.935840e-01	3.584917e-01	5.112469e-01	5.336687e-01	5.766911e-01	0.000000e+00	1	1.000000e+14
6.103543e-02	9.981443e-01	4.359873e-17	2.775558e-17	9.611198e-01	5.012134e-01	5.008937e-01	5.002738e-01	4.997202e-01	5.011072e-01	5.001570e-01	5.016421e-01	4.987984e-01	4.996489e-01	4.991479e-01	0.000000e+00	1	1.000000e+14
5.174185e-01	8.793276e-01	1.375113e-01	8.528968e-02	6.614042e-01	5.330030e-01	4.942037e-01	4.894309e-01	5.670505e-01	4.995747e-01	4.983434e-01	6.337424e-01	5.057430e-01	5.022776e-01	5.763609e-01	0.000000e+00	1	1.546151e-01
2.819047e-01	9.672170e-01	6.222496e-02	3.927036e-02	8.194525e-01	5.296859e-01	5.016205e-01	5.002725e-01	5.629871e-01	5.465516e-01	5.265765e-01	4.913741e-01	5.051671e-01	4.992605e-01	4.605654e-01	0.000000e+00	1	1.521557e-01
4.188369e-01	5.893418e-01	7.493934e-01	5.114047e-01	6.066570e-01	5.019395e-01	5.798456e-01	4.175120e-01	5.953854e-01	4.886323e-01	4.962286e-01	6.074919e-01	4.699324e-01	5.756914e-01	5.265117e-01	0.000000e+00	1	1.441539e-01
4.855031e-01	3.433176e-01	8.196754e-01	6.004592e-01	3.918398e-01	4.879891e-01	5.151578e-01	5.017901e-01	5.035916e-01	5.198692e-01	5.406149e-01	6.000540e-01	4.862151e-01	5.029484e-01	4.997867e-01	0.000000e+00	1	1.372517e-01
3.121428e-01	1.307802e-01	9.439750e-01	7.808478e-01	2.525833e-01	5.345070e-01	4.948986e-01	4.966943e-01	4.871750e-01	4.729305e-01	4.983629e-01	5.242351e-01	4.954282e-01	4.977463e-01	4.917624e-01	0.000000e+00	1	1.276822e-01
8.038671e-01	3.503822e-01	5.047438e-01	3.324942e-01	2.616776e-01	5.114343e-01	5.048026e-01	4.977696e-01	4.899060e-01	4.877518e-01	5.459046e-01	5.914703e-01	5.300383e-01	4.967240e-01	5.008593e-01	0.000000e+00	1	1.207807e-01
6.227447e-01	4.162129e-01	6.936755e-01	4.755863e-01	3.750764e-01	4.997038e-01	5.580859e-01	5.018410e-01	5.548519e-01	4.921785e-01	5.334404e-01	5.940076e-01	5.024589e-01	5.614578e-01	5.266548e-01	0.000000e+00	1	1.148109e-01
3.977860e-01	6.372391e-01	7.083272e-01	4.813033e-01	6.447356e-01	5.021858e-01	5.930745e-01	4.977679e-01	5.730914e-01	4.879304e-01	4.962286e-01	6.074919e-01	4.818855e-01	5.756914e-01	5.265117e-01	0.000000e+00	1	1.100847e-01
5.684733e-01	3.221858e-01	7.701348e-01	5.520760e-01	3.282518e-01	4.993115e-01	5.046669e-01	4.988224e-01	4.990580e-01	5.810353e-01	5.404218e-01	4.961704e-01	4.947223e-01	4.586684e-01	5.032678e-01	0.000000e+00	1	1.099320e-01
9.061231e-01	5.506813e-02	4.226388e-01	2.773900e-01	3.864198e-02	5.066162e-01	5.030582e-01	4.928630e-01	4.976148e-01	5.086338e-01	5.332669e-01	4.939588e-01	5.003078e-01	5.045457e-01	5.029051e-01	0.000000e+00	1	1.077118e-01
5.297193e-01	8.549261e-01	5.147134e-02	3.255245e-02	6.468589e-01	5.239458e-01	5.414225e-01	5.002723e-01	4.997202e-01	4.845257e-01	4.962848e-01	5.081536e-01	4.890184e-01	5.657135e-01	5.015539e-01	0.000000e+00	1	1.057823e-01
1.436704e-01	2.399404e-01	9.681337e-01	8.209729e-01	6.565319e-01	5.239458e-01	5.489496e-01	4.993315e-01	4.951126e-01	4.857660e-01	4.962848e-01	5.081536e-01	4.890184e-01	5.657135e-01	5.015539e-01	0.000000e+00	1	1.007786e-01
9.478492e-01	2.985764e-01	1.585598e-01	1.007267e-01	1.942738e-01	4.855992e-01	4.816767e-01	5.020164e-01	4.761270e-01	4.579031e-01	4.866006e-01	4.523437e-01	4.790836e-01	4.850608e-01	4.817535e-01	0.000000e+00	1	9.907835e-02
7.443599e-01	2.886120e-01	6.229961e-01	4.218526e-01	2.354766e-01	5.027050e-01	5.515944e-01	5.233244e-01	5.707433e-01	5.069568e-01	5.020393e-01	5.618002e-01	5.064622e-01	4.990088e-01	4.768997e-01	0.000000e+00	1	9.663578e-02
5.911962e-01	7.862599e-01	2.999008e-01	1.883831e-01	5.895572e-01	5.279898e-01	6.060628e-01	4.969158e-01	5.184204e-01	5.027519e-01	4.990738e-01	5.077226e-01	3.774523e-01	5.129951e-01	5.280818e-01	0.000000e+00	1	9.536228e-02
6.998016e-01	5.179176e-01	5.348902e-01	3.507331e-01	4.056094e-01	5.043079e-01	4.973483e-01	4.925060e-01	5.527939e-01	5.069568e-01	6.053238e-01	5.882109e-01	5.007125e-01	4.983883e-01	4.985975e-01	0.000000e+00	1	9.346064e-02
7.290566e-01	6.600748e-01	3.502233e-01	2.177914e-01	4.684125e-01	5.021819e-01	7.042699e-01	5.024081e-01	4.800430e-01	4.869350e-01	4.780116e-01	5.032594e-01	5.062610e-01	5.203753e-01	5.268006e-01	0.000000e+00	1	9.279446e-02
3.773458e-01	8.545477e-02	9.255633e-01	7.479361e-01	1.417792e-01	4.971992e-01	4.960306e-01	4.967575e-01	4.886985e-01	5.068913e-01	4.929571e-01	5.247464e-01	4.958941e-01	4.664435e-01	4.659312e-01	0.000000e+00	1	9.220550e-02
7.137193e-01	4.467465e-01	5.678152e-01	3.777120e-01	3.560462e-01	5.274769e-01	5.515944e-01	5.018410e-01	5.548519e-01	5.069568e-01	5.158137e-01	5.940076e-01	5.024589e-01	4.984057e-01	4.989824e-01	0.000000e+00	1	9.207629e-02
6.620674e-01	7.086662e-01	3.066995e-01	1.949924e-01	5.216339e-01	5.808970e-01	5.092610e-01	4.695656e-01	5.143491e-01	5.411399e-01	4.311112e-01	4.994014e-01	5.007080e-01	5.542868e-01	5.027040e-01	0.000000e+00	1	9.186470e-02
4.514614e-01	6.876751e-01	6.306286e-01	4.163768e-01	6.301660e-01	5.287731e-01	6.379100e-01	5.702366e-01	5.123271e-01	5.036133e-01	4.962286e-01	6.074919e-01	4.961675e-01	5.019695e-01	4.981379e-01	0.000000e+00	1	9.152769e-02
8.919212e-01	3.929140e-01	2.243403e-01	1.440283e-01	2.641634e-01	5.008301e-01	5.030169e-01	5.002491e-01	5.016568e-01	4.968309e-01	4.912074e-01	4.969237e-01	5.005892e-01	4.978563e-01	4.984650e-01	0.000000e+00	1	8.985048e-02
4.810315e-01	1.089357e-01	8.744489e-01	6.730651e-01	1.417792e-01	4.971992e-01	5.384749e-01	4.945645e-01	4.982711e-01	4.906743e-01	4.929571e-01	5.066163e-01	5.068014e-01	4.676920e-01	4.659312e-01	0.000000e+00	1	8.965146e-02
6.827804e-01	5.543545e-01	5.160157e-01	3.377905e-01	4.341489e-01	5.239458e-01	5.485957e-01	4.993315e-01	4.984740e-01	5.080054e-01	4.962848e-01	6.106091e-01	4.890184e-01	5.657135e-01	5.015539e-01	0.000000e+00	1	8.713306e-02
1.617291e-01	9.589844e-01	2.912666e-01	1.852521e-01	8.936373e-01	4.856485e-01	5.013857e-01	4.969158e-01	5.211771e-01	6.137671e-01	4.997781e-01	5.152208e-01	5.002368e-01	5.246145e-01	5.275626e-01	0.000000e+00	1	8.642009e-02
9.558360e-01	2.380092e-01	2.011967e-01	1.282689e-01	1.553627e-01	4.855992e-01	4.684479e-01	5.020164e-01	4.984210e-01	4.579031e-01	4.866006e-01	4.752493e-01	4.671305e-01	4.850608e-01	4.831546e-01	0.000000e+00	1	8.633447e-02
1.870096e-01	9.436322e-01	2.932726e-01	1.883831e-01	8.754482e-01	4.819639e-01	4.987206e-01	4.969158e-01	5.184204e-01	5.441844e-01	4.990738e-01	5.147799e-01	4.618750e-01	5.246145e-01	5.280818e-01	0.000000e+00	1	8.503273e-02
8.620896e-01	1.074694e-01	5.197834e-01	3.432469e-01	7.895467e-02	5.274769e-01	5.033649e-01	5.024275e-01	5.548519e-01	5.069568e-01	5.160452e-01	4.524569e-01	5.024589e-01	5.767947e-01	5.115837e-01	0.000000e+00	1	8.439680e-02
4.960370e-01	8.356969e-01	4.157092e-01	2.573265e-01	6.589810e-01	5.284453e-01	5.129265e-01	4.088936e-01	5.655117e-01	5.090673e-01	4.935840e-01	3.584917e-01	5.112469e-01	6.316102e-01	5.764153e-01	0.000000e+00	1	8.359337e-02
1.603634e-01	8.937908e-01	4.246832e-01	2.784952e-01	8.869806e-01	5.066162e-01	5.030582e-01	4.988124e-01	4.976148e-01	5.086214e-01	5.332669e-01	4.939588e-01	5.341076e-01	5.042120e-01	5.022918e-01	0.000000e+00	1	8.223760e-02
4.710685e-01	7.066976e-01	5.839025e-01	3.834291e-01	6.257053e-01	5.299589e-01	6.111498e-01	4.977679e-01	5.730914e-01	5.027087e-01	4.962286e-01	6.074919e-01	4.818855e-01	5.126394e-01	4.988394e-01	0.000000e+00	1	7.843167e-02
2.204208e-01	7.348564e-01	6.454972e-01	4.452899e-01	8.144815e-01	5.020479e-01	4.788297e-01	4.818255e-01	4.884998e-01	4.923300e-01	4.890478e-01	5.003440e-01	4.947134e-01	4.618969e-01	4.925250e-01	0.000000e+00	1	7.675672e-02
8.895500e-03	7.497339e-01	6.688887e-01	4.637369e-01	9.924469e-01	5.020489e-01	4.733930e-01	4.821085e-01	4.855698e-01	5.416052e-01	4.863510e-01	4.951851e-01	4.947090e-01	4.609570e-01	4.928353e-01	0.000000e+00	1	7.446395e-02
8.216813e-01	4.955057e-01	3.608057e-01	2.289728e-01	3.454623e-01	5.035675e-01	5.513576e-01	4.981954e-01	5.035480e-01	4.884026e-01	6.045307e-01	6.066820e-01	5.023239e-01	4.984057e-01	4.987425e-01	0.000000e+00	1	7.305937e-02
3.602694e-01	8.266781e-01	4.577140e-01	2.990121e-01	7.383583e-01	4.913327e-01	4.894382e-01	4.995535e-01	5.049394e-01	4.138122e-01	5.071297e-01	5.373484e-01	5.324326e-01	5.326513e-01	4.910884e-01	0.000000e+00	1	7.065958e-02
8.519476e-02	4.257484e-01	9.038832e-01	7.149140e-01	8.742693e-01	4.595691e-01	4.788297e-01	4.819065e-01	5.131138e-01	4.988196e-01	4.890478e-01	5.003440e-01	4.945847e-01	5.023388e-01	4.955142e-01	0.000000e+00	1	6.992567e-02
8.654319e-01	3.631168e-01	3.694965e-01	2.387728e-01	2.529098e-01	5.046675e-01	5.156339e-01	5.005778e-01	5.016568e-01	4.968292e-01	4.912074e-01	4.901675e-01	5.003480e-01	5.903149e-01	4.945820e-01	0.000000e+00	1	6.765526e-02
7.696480e-01	6.469008e-01	9.916119e-03	6.278659e-03	4.449729e-01	4.881811e-01	5.022966e-01	4.867835e-01	4.982045e-01	4.961811e-01	5.356215e-01	4.383340e-01	4.949946e-01	4.998453e-01	4.955885e-01	0.000000e+00	1	6.716199e-02
3.311138e-01	6.984714e-01	6.497038e-01	4.449739e-01	7.181831e-01	5.021819e-01	5.894324e-01	4.965242e-01	4.800430e-01	4.869350e-01	4.972463e-01	5.032594e-01	5.062610e-01	5.203718e-01	5.265117e-01	0.000000e+00	1	6.591961e-02
4.830834e-02	9.992828e-01	4.361797e-17	2.775558e-17	9.692478e-01	5.012134e-01	5.008937e-01	5.210152e-01	4.997202e-01	5.008854e-01	5.001570e-01	5.016421e-01	4.987984e-01	4.996489e-01	4.991479e-01	0.000000e+00	1	6.547750e-02
9.401041e-02	6.600270e-01	7.713202e-01	5.462399e-01	9.099294e-01	4.839331e-01	5.038075e-01	4.977679e-01	5.730914e-01	5.375113e-01	4.962286e-01	6.074919e-01	4.818855e-01	5.242588e-01	4.988394e-01	0.000000e+00	1	6.539434e-02
9.988851e-01	1.481053e-01	1.282784e-02	8.086728e-03	9.370929e-02	4.860034e-01	4.784546e-01	4.981988e-01	4.893004e-01	5.091471e-01	5.942157e-01	4.943983e-01	5.101346e-01	5.038010e-01	5.001738e-01	0.000000e+00	1	6.446864e-02
2.568178e-01	8.518249e-01	5.466173e-01	3.507331e-01	8.135822e-01	5.346355e-01	5.556877e-01	4.907446e-01	5.552312e-01	5.087159e-01	6.073766e-01	5.972710e-01	6.187481e-01	4.600824e-01	5.004633e-01	0.000000e+00	1	6.430521e-02
2.342835e-01	1.741798e-01	9.758983e-01	8.149510e-01	4.069915e-01	5.330030e-01	4.656989e-01	3.854667e-01	4.829428e-01	5.013610e-01	5.394252e-01	5.367620e-01	4.957277e-01	5.022776e-01	4.951829e-01	0.000000e+00	1	6.282249e-02
9.845641e-02	4.741438e-01	8.872807e-01	6.819474e-01	8.696576e-01	4.595691e-01	4.520688e-01	4.819065e-01	5.738781e-01	4.979150e-01	4.890478e-01	5.003440e-01	4.803026e-01	5.130087e-01	4.792910e-01	0.000000e+00	1	6.262716e-02
4.186774e-01	8.073165e-01	4.428066e-01	2.884653e-01	6.954286e-01	4.987955e-01	5.046669e-01	4.997006e-01	5.066179e-01	5.832673e-01	5.408079e-01	4.492288e-01	4.949848e-01	4.852621e-01	5.034832e-01	0.000000e+00	1	6.147016e-02
2.039941e-01	9.632227e-01	2.360457e-01	1.497966e-01	8.671380e-01	4.889679e-01	5.083581e-01	5.230000e-01	4.999682e-01	5.060668e-01	5.698917e-01	5.039858e-01	5.010183e-01	5.803008e-01	4.805242e-01	0.000000e+00	1	6.107254e-02
8.157053e-01	5.391410e-01	2.458905e-01	1.568442e-01	3.718082e-01	4.809061e-01	5.041382e-01	4.998824e-01	5.053501e-01	4.996056e-01	5.666868e-01	5.041805e-01	4.622480e-01	5.416657e-01	4.863983e-01	0.000000e+00	1	6.082015e-02
2.509456e-01	9.785338e-01	1.761960e-01	1.099316e-01	8.401826e-01	5.296859e-01	5.017939e-01	5.008382e-01	5.752767e-01	4.301408e-01	5.165723e-01	4.028374e-01	5.051671e-01	5.517312e-01	4.600042e-01	0.000000e+00	1	6.034573e-02
6.590795e-01	2.254821e-01	7.332262e-01	5.163117e-01	2.098519e-01	5.373136e-01	5.175623e-01	5.024730e-01	5.268323e-01	5.725219e-01	5.415249e-01	4.597442e-01	4.863553e-01	5.019189e-01	5.117826e-01	0.000000e+00	1	5.989976e-02
