1.003474e+00	2.852035e-03	1.215751e-05	7.712889e-06	1.809372e-03	5.331750e-01	5.268917e-01	4.989063e-01	4.982045e-01	4.991285e-01	5.394252e-01	4.927995e-01	5.057430e-01	5.015645e-01	5.026739e-01	0.000000e+00	1	1.000000e+14
1.616457e-15	3.398570e-32	1.000564e+00	1.000000e+00	1.338481e-17	4.971992e-01	5.008682e-01	5.024144e-01	4.890235e-01	4.914152e-01	4.932894e-01	5.001151e-01	5.068014e-01	4.952829e-01	4.844338e-01	0.000000e+00	1	1.000000e+14
2.610038e-30	1.615578e-15	1.000021e+00	1.000000e+00	1.000000e+00	5.012145e-01	5.027358e-01	5.002385e-01	4.997694e-01	5.012756e-01	5.002065e-01	4.973534e-01	4.983457e-01	4.998495e-01	4.999774e-01	0.000000e+00	1	1.000000e+14
2.197551e-02	1.000212e+00	4.361811e-17	2.775558e-17	9.860152e-01	5.006596e-01	5.122127e-01	5.002738e-01	4.997202e-01	5.014883e-01	5.001570e-01	4.892812e-01	4.866600e-01	5.028876e-01	5.000372e-01	0.000000e+00	1	1.000000e+14
6.103543e-02	9.981443e-01	4.359873e-17	2.775558e-17	9.611198e-01	5.012134e-01	5.008937e-01	5.002738e-01	4.997202e-01	5.011072e-01	5.001570e-01	5.016421e-01	4.987984e-01	4.996489e-01	4.991479e-01	0.000000e+00	1	1.000000e+14
1.280458e-15	1.105343e-15	1.047049e+00	1.000000e+00	4.533564e-01	5.824251e-01	5.004751e-01	4.172553e-01	5.782216e-01	5.090673e-01	4.935840e-01	3.584917e-01	5.112469e-01	5.336687e-01	5.766911e-01	0.000000e+00	1	1.000000e+14
9.988851e-01	1.481053e-01	1.282784e-02	8.086728e-03	9.370929e-02	4.860034e-01	4.784546e-01	4.981988e-01	4.893004e-01	5.091471e-01	5.942157e-01	4.943983e-01	5.101346e-01	5.038010e-01	5.001738e-01	0.000000e+00	1	1.219520e-01
8.216813e-01	4.955057e-01	3.608057e-01	2.289728e-01	3.454623e-01	5.035675e-01	5.513576e-01	4.981954e-01	5.035480e-01	4.884026e-01	6.045307e-01	6.066820e-01	5.023239e-01	4.984057e-01	4.987425e-01	0.000000e+00	1	1.164086e-01
8.938879e-01	4.757955e-01	1.339950e-01	8.375345e-02	3.113925e-01	5.330177e-01	4.656989e-01	3.854667e-01	4.829428e-01	5.013610e-01	5.394252e-01	5.057907e-01	4.961060e-01	4.355908e-01	4.948439e-01	0.000000e+00	1	1.074134e-01
6.176532e-01	4.128099e-01	6.880041e-01	4.755863e-01	3.750764e-01	5.001980e-01	5.580859e-01	5.018410e-01	5.678420e-01	4.861045e-01	5.334404e-01	4.722733e-01	4.571821e-01	4.918317e-01	5.242832e-01	0.000000e+00	1	1.074039e-01
9.558360e-01	2.380092e-01	2.011967e-01	1.282689e-01	1.553627e-01	4.855992e-01	4.684479e-01	5.020164e-01	4.984210e-01	4.579031e-01	4.866006e-01	4.752493e-01	4.671305e-01	4.850608e-01	4.831546e-01	0.000000e+00	1	1.067125e-01
3.773458e-01	8.545477e-02	9.255633e-01	7.479361e-01	1.417792e-01	4.971992e-01	4.960306e-01	4.967575e-01	4.886985e-01	5.068913e-01	4.929571e-01	5.247464e-01	4.958941e-01	4.664435e-01	4.659312e-01	0.000000e+00	1	1.052003e-01
9.061231e-01	5.506813e-02	4.226388e-01	2.773900e-01	3.864198e-02	5.066162e-01	5.030582e-01	4.928630e-01	4.976148e-01	5.086338e-01	5.332669e-01	4.939588e-01	5.003078e-01	5.045457e-01	5.029051e-01	0.000000e+00	1	1.048074e-01
8.706860e-01	5.291450e-02	4.941593e-01	3.281315e-01	3.864198e-02	5.066162e-01	5.045527e-01	4.928630e-01	4.900066e-01	5.086338e-01	5.324025e-01	4.939588e-01	5.336919e-01	5.045457e-01	5.029051e-01	0.000000e+00	1	1.027135e-01
1.603634e-01	8.937908e-01	4.246832e-01	2.784952e-01	8.869806e-01	5.066162e-01	5.030582e-01	4.988124e-01	4.976148e-01	5.086214e-01	5.332669e-01	4.939588e-01	5.341076e-01	5.042120e-01	5.022918e-01	0.000000e+00	1	1.015486e-01
1.293936e-01	9.708785e-01	2.577200e-01	1.637970e-01	9.156517e-01	5.231382e-01	5.029674e-01	5.002387e-01	4.997826e-01	4.965946e-01	4.912074e-01	4.861250e-01	4.983333e-01	6.094129e-01	4.985746e-01	0.000000e+00	1	9.970911e-02
2.819047e-01	9.672170e-01	6.222496e-02	3.927036e-02	8.194525e-01	5.296859e-01	5.016205e-01	5.002725e-01	5.629871e-01	5.465516e-01	5.265765e-01	4.913741e-01	5.051671e-01	4.992605e-01	4.605654e-01	0.000000e+00	1	9.949487e-02
3.092886e-01	4.542693e-01	8.522826e-01	6.353947e-01	6.194563e-01	5.287731e-01	5.387386e-01	4.941074e-01	5.100102e-01	5.036133e-01	4.927749e-01	6.074919e-01	4.961675e-01	5.019695e-01	4.987392e-01	0.000000e+00	1	9.876637e-02
4.348884e-01	6.119276e-01	7.216338e-01	4.874245e-01	6.066570e-01	5.019395e-01	5.798456e-01	4.175120e-01	5.953854e-01	4.886323e-01	4.962286e-01	6.074919e-01	4.699324e-01	5.756914e-01	5.265117e-01	0.000000e+00	1	9.714415e-02
8.895500e-03	7.497339e-01	6.688887e-01	4.637369e-01	9.924469e-01	5.020489e-01	4.733930e-01	4.821085e-01	4.855698e-01	5.416052e-01	4.863510e-01	4.951851e-01	4.947090e-01	4.609570e-01	4.928353e-01	0.000000e+00	1	9.423513e-02
4.514614e-01	6.876751e-01	6.306286e-01	4.163768e-01	6.301660e-01	5.287731e-01	6.379100e-01	5.702366e-01	5.123271e-01	5.036133e-01	4.962286e-01	6.074919e-01	4.961675e-01	5.019695e-01	4.981379e-01	0.000000e+00	1	9.042970e-02
5.572359e-01	8.351552e-01	5.138208e-02	3.255245e-02	6.254202e-01	5.231042e-01	5.034508e-01	5.002723e-01	4.997202e-01	4.845257e-01	5.036259e-01	5.082202e-01	4.891693e-01	5.657135e-01	5.015539e-01	0.000000e+00	1	8.952653e-02
2.204208e-01	7.348564e-01	6.454972e-01	4.452899e-01	8.144815e-01	5.020479e-01	4.788297e-01	4.818255e-01	4.884998e-01	4.923300e-01	4.890478e-01	5.003440e-01	4.947134e-01	4.618969e-01	4.925250e-01	0.000000e+00	1	8.946163e-02
3.311138e-01	6.984714e-01	6.497038e-01	4.449739e-01	7.181831e-01	5.021819e-01	5.894324e-01	4.965242e-01	4.800430e-01	4.869350e-01	4.972463e-01	5.032594e-01	5.062610e-01	5.203718e-01	5.265117e-01	0.000000e+00	1	8.931876e-02
5.911962e-01	7.862599e-01	2.999008e-01	1.883831e-01	5.895572e-01	5.279898e-01	6.060628e-01	4.969158e-01	5.184204e-01	5.027519e-01	4.990738e-01	5.077226e-01	3.774523e-01	5.129951e-01	5.280818e-01	0.000000e+00	1	8.660074e-02
6.450217e-01	4.630706e-01	6.196240e-01	4.218526e-01	3.963903e-01	5.027050e-01	4.967117e-01	5.233244e-01	5.707433e-01	5.069568e-01	5.020393e-01	5.008221e-01	5.320958e-01	4.990088e-01	4.768997e-01	0.000000e+00	1	8.489149e-02
4.855031e-01	3.433176e-01	8.196754e-01	6.004592e-01	3.918398e-01	4.879891e-01	5.151578e-01	5.017901e-01	5.035916e-01	5.198692e-01	5.406149e-01	6.000540e-01	4.862151e-01	5.029484e-01	4.997867e-01	0.000000e+00	1	8.405116e-02
3.121428e-01	1.307802e-01	9.439750e-01	7.808478e-01	2.525833e-01	5.345070e-01	4.948986e-01	4.966943e-01	4.871750e-01	4.729305e-01	4.983629e-01	5.242351e-01	4.954282e-01	4.977463e-01	4.917624e-01	0.000000e+00	1	8.386444e-02
4.186774e-01	8.073165e-01	4.428066e-01	2.884653e-01	6.954286e-01	4.987955e-01	5.046669e-01	4.997006e-01	5.066179e-01	5.832673e-01	5.408079e-01	4.492288e-01	4.949848e-01	4.852621e-01	5.034832e-01	0.000000e+00	1	8.343410e-02
3.602694e-01	8.266781e-01	4.577140e-01	2.990121e-01	7.383583e-01	4.913327e-01	4.894382e-01	4.995535e-01	5.049394e-01	4.138122e-01	5.071297e-01	5.373484e-01	5.324326e-01	5.326513e-01	4.910884e-01	0.000000e+00	1	8.197491e-02
4.764826e-01	7.957620e-01	3.925840e-01	2.549038e-01	6.565319e-01	5.239458e-01	5.489496e-01	4.703301e-01	4.960988e-01	4.857660e-01	4.962848e-01	5.027669e-01	4.876086e-01	5.540997e-01	5.015539e-01	0.000000e+00	1	8.173492e-02
1.436704e-01	2.399404e-01	9.681337e-01	8.209729e-01	6.565319e-01	5.239458e-01	5.489496e-01	4.993315e-01	4.951126e-01	4.857660e-01	4.962848e-01	5.081536e-01	4.890184e-01	5.657135e-01	5.015539e-01	0.000000e+00	1	8.085835e-02
8.726563e-01	3.803654e-01	3.401041e-01	2.184484e-01	2.616776e-01	5.114343e-01	5.033081e-01	4.977696e-01	4.975141e-01	4.877518e-01	5.467689e-01	5.914703e-01	4.966542e-01	4.967240e-01	5.008593e-01	0.000000e+00	1	8.074662e-02
9.401041e-02	6.600270e-01	7.713202e-01	5.462399e-01	9.099294e-01	4.839331e-01	5.038075e-01	4.977679e-01	5.730914e-01	5.375113e-01	4.962286e-01	6.074919e-01	4.818855e-01	5.242588e-01	4.988394e-01	0.000000e+00	1	8.015633e-02
5.138834e-01	4.414985e-01	7.985007e-01	5.520760e-01	4.518582e-01	6.363491e-01	4.997875e-01	4.911677e-01	4.964070e-01	5.810353e-01	5.404218e-01	3.630282e-01	4.947223e-01	4.612135e-01	5.032678e-01	0.000000e+00	1	7.907598e-02
1.617291e-01	9.589844e-01	2.912666e-01	1.852521e-01	8.936373e-01	4.856485e-01	5.013857e-01	4.969158e-01	5.211771e-01	6.137671e-01	4.997781e-01	5.152208e-01	5.002368e-01	5.246145e-01	5.275626e-01	0.000000e+00	1	7.863235e-02
4.188369e-01	5.893418e-01	7.493934e-01	5.114047e-01	6.066570e-01	5.019395e-01	5.798456e-01	4.175120e-01	5.953854e-01	4.886323e-01	4.962286e-01	6.074919e-01	4.699324e-01	5.756914e-01	5.265117e-01	0.000000e+00	1	7.673793e-02
5.049915e-01	8.582085e-01	1.809945e-01	1.144656e-01	6.614042e-01	5.390112e-01	4.923353e-01	4.894309e-01	5.670505e-01	4.995747e-01	4.983434e-01	4.990299e-01	5.056575e-01	4.954433e-01	5.763609e-01	0.000000e+00	1	7.655569e-02
8.910856e-01	1.034130e-01	4.593971e-01	3.013052e-01	7.355249e-02	5.066162e-01	5.030582e-01	5.837521e-01	4.976148e-01	5.086937e-01	4.930395e-01	5.238152e-01	4.917258e-01	5.042120e-01	5.022918e-01	0.000000e+00	1	7.601590e-02
2.568178e-01	8.518249e-01	5.466173e-01	3.507331e-01	8.135822e-01	5.346355e-01	5.556877e-01	4.907446e-01	5.552312e-01	5.087159e-01	6.073766e-01	5.972710e-01	6.187481e-01	4.600824e-01	5.004633e-01	0.000000e+00	1	7.509686e-02
9.356497e-01	2.118898e-01	2.951420e-01	1.900059e-01	1.417792e-01	5.054421e-01	5.374888e-01	4.945645e-01	4.982711e-01	4.906743e-01	4.929571e-01	5.066163e-01	4.824418e-01	5.244826e-01	4.659312e-01	0.000000e+00	1	7.493416e-02
5.174185e-01	8.793276e-01	1.375113e-01	8.528968e-02	6.614042e-01	5.330030e-01	4.942037e-01	4.894309e-01	5.670505e-01	4.995747e-01	4.983434e-01	6.337424e-01	5.057430e-01	5.022776e-01	5.763609e-01	0.000000e+00	1	7.466131e-02
7.538284e-01	1.855897e-01	6.716322e-01	4.540447e-01	1.536771e-01	4.872354e-01	6.376462e-01	5.706937e-01	5.005881e-01	4.906743e-01	4.964108e-01	5.066163e-01	5.068014e-01	4.676920e-01	4.653300e-01	0.000000e+00	1	7.333097e-02
7.137193e-01	4.467465e-01	5.678152e-01	3.777120e-01	3.560462e-01	5.274769e-01	5.515944e-01	5.018410e-01	5.548519e-01	5.069568e-01	5.158137e-01	5.940076e-01	5.024589e-01	4.984057e-01	4.989824e-01	0.000000e+00	1	7.263894e-02
7.977218e-01	5.274171e-01	3.287380e-01	2.107861e-01	3.718983e-01	4.982001e-01	5.030169e-01	5.002491e-01	5.016568e-01	4.968309e-01	4.912074e-01	4.969237e-01	5.005892e-01	3.945442e-01	4.984531e-01	0.000000e+00	1	6.950924e-02
2.342835e-01	1.741798e-01	9.758983e-01	8.149510e-01	4.069915e-01	5.330030e-01	4.656989e-01	3.854667e-01	4.829428e-01	5.013610e-01	5.394252e-01	5.367620e-01	4.957277e-01	5.022776e-01	4.951829e-01	0.000000e+00	1	6.937571e-02
7.696480e-01	6.469008e-01	9.916119e-03	6.278659e-03	4.449729e-01	4.881811e-01	5.022966e-01	4.867835e-01	4.982045e-01	4.961811e-01	5.356215e-01	4.383340e-01	4.949946e-01	4.998453e-01	4.955885e-01	0.000000e+00	1	6.934208e-02
8.654319e-01	3.631168e-01	3.694965e-01	2.387728e-01	2.529098e-01	5.046675e-01	5.156339e-01	5.005778e-01	5.016568e-01	4.968292e-01	4.912074e-01	4.901675e-01	5.003480e-01	5.903149e-01	4.945820e-01	0.000000e+00	1	6.889388e-02
8.919212e-01	3.929140e-01	2.243403e-01	1.440283e-01	2.641634e-01	5.008301e-01	5.030169e-01	5.002491e-01	5.016568e-01	4.968309e-01	4.912074e-01	4.969237e-01	5.005892e-01	4.978563e-01	4.984650e-01	0.000000e+00	1	6.851335e-02
7.406495e-01	3.103141e-01	5.974835e-01	4.072289e-01	2.525833e-01	5.036663e-01	4.948986e-01	4.966943e-01	4.903480e-01	5.060011e-01	5.016261e-01	5.242351e-01	5.092628e-01	4.989112e-01	4.919639e-01	0.000000e+00	1	6.598409e-02
4.810315e-01	1.089357e-01	8.744489e-01	6.730651e-01	1.417792e-01	4.971992e-01	5.384749e-01	4.945645e-01	4.982711e-01	4.906743e-01	4.929571e-01	5.066163e-01	5.068014e-01	4.676920e-01	4.659312e-01	0.000000e+00	1	6.572059e-02
9.845641e-02	4.741438e-01	8.872807e-01	6.819474e-01	8.696576e-01	4.595691e-01	4.520688e-01	4.819065e-01	5.738781e-01	4.979150e-01	4.890478e-01	5.003440e-01	4.803026e-01	5.130087e-01	4.792910e-01	0.000000e+00	1	6.565156e-02
2.509456e-01	9.785338e-01	1.761960e-01	1.099316e-01	8.401826e-01	5.296859e-01	5.017939e-01	5.008382e-01	5.752767e-01	4.301408e-01	5.165723e-01	4.028374e-01	5.051671e-01	5.517312e-01	4.600042e-01	0.000000e+00	1	6.485539e-02
5.684733e-01	3.221858e-01	7.701348e-01	5.520760e-01	3.282518e-01	4.993115e-01	5.046669e-01	4.988224e-01	4.990580e-01	5.810353e-01	5.404218e-01	4.961704e-01	4.947223e-01	4.586684e-01	5.032678e-01	0.000000e+00	1	6.475400e-02
8.519476e-02	4.257484e-01	9.038832e-01	7.149140e-01	8.742693e-01	4.595691e-01	4.788297e-01	4.819065e-01	5.131138e-01	4.988196e-01	4.890478e-01	5.003440e-01	4.945847e-01	5.023388e-01	4.955142e-01	0.000000e+00	1	6.402437e-02
4.710685e-01	7.066976e-01	5.839025e-01	3.834291e-01	6.257053e-01	5.299589e-01	6.111498e-01	4.977679e-01	5.730914e-01	5.027087e-01	4.962286e-01	6.074919e-01	4.818855e-01	5.126394e-01	4.988394e-01	0.000000e+00	1	6.346232e-02
