2.469060e-03	1.002766e+00	9.117081e-05	5.788087e-05	9.984325e-01	5.026198e-01	5.400588e-01	4.999896e-01	5.034570e-01	4.999428e-01	4.672100e-01	4.970093e-01	4.987984e-01	5.068390e-01	5.036203e-01	0.000000e+00	1	1.000000e+14
1.616258e-15	3.398153e-32	1.000441e+00	1.000000e+00	1.338481e-17	4.971992e-01	5.008682e-01	5.023822e-01	4.890732e-01	4.913921e-01	4.914081e-01	5.001151e-01	4.964992e-01	4.952829e-01	4.888033e-01	0.000000e+00	1	1.000000e+14
2.610038e-30	1.615578e-15	1.000021e+00	1.000000e+00	1.000000e+00	5.012145e-01	5.027358e-01	5.002385e-01	4.997694e-01	5.012756e-01	5.002065e-01	4.973534e-01	4.983457e-01	4.998495e-01	4.999774e-01	0.000000e+00	1	1.000000e+14
6.103543e-02	9.981443e-01	4.359873e-17	2.775558e-17	9.611198e-01	5.012134e-01	5.008937e-01	5.002738e-01	4.997202e-01	5.011072e-01	5.001570e-01	5.016421e-01	4.987984e-01	4.996489e-01	4.991479e-01	0.000000e+00	1	1.000000e+14
1.559035e-15	4.918631e-16	1.011909e+00	1.000000e+00	1.945563e-01	4.908511e-01	4.993919e-01	5.524902e-01	4.342163e-01	4.850754e-01	4.395631e-01	5.002870e-01	4.781796e-01	4.803949e-01	5.025451e-01	0.000000e+00	1	1.000000e+14
1.004810e+00	8.945097e-05	1.217365e-05	7.712889e-06	5.667365e-05	5.464069e-01	5.268917e-01	5.085586e-01	4.909951e-01	4.984752e-01	5.394252e-01	4.927692e-01	5.059678e-01	4.949277e-01	4.895768e-01	0.000000e+00	1	1.000000e+14
4.438151e-01	6.606522e-01	6.133332e-01	4.179882e-01	6.234162e-01	4.893920e-01	5.582908e-01	5.216901e-01	4.919789e-01	5.173524e-01	4.924095e-01	4.989011e-01	4.833077e-01	4.961460e-01	4.902378e-01	0.000000e+00	1	1.386424e-01
7.383268e-01	5.091774e-01	4.630001e-01	3.033824e-01	3.843509e-01	4.950223e-01	5.373648e-01	5.573982e-01	5.019262e-01	5.187412e-01	5.376170e-01	4.949420e-01	4.656170e-01	4.603211e-01	4.917935e-01	0.000000e+00	1	1.265378e-01
4.728444e-01	6.982689e-01	5.399787e-01	3.625775e-01	6.210606e-01	5.032265e-01	5.181483e-01	5.015604e-01	4.804983e-01	5.020020e-01	4.998405e-01	4.989117e-01	5.252065e-01	5.019519e-01	5.011381e-01	0.000000e+00	1	1.178889e-01
6.831638e-01	3.725569e-01	6.434187e-01	4.398446e-01	3.178380e-01	5.147004e-01	4.940461e-01	4.999287e-01	4.257908e-01	5.003057e-01	5.303593e-01	4.989121e-01	4.891539e-01	4.461282e-01	5.010611e-01	0.000000e+00	1	1.174489e-01
9.996687e-01	3.496531e-02	1.009173e-01	6.401138e-02	2.225791e-02	4.915246e-01	5.195346e-01	4.617096e-01	4.839635e-01	4.861045e-01	5.345530e-01	5.291974e-01	4.696076e-01	5.020648e-01	4.963058e-01	0.000000e+00	1	1.140313e-01
2.700001e-01	6.135197e-01	7.816375e-01	5.487204e-01	7.360720e-01	4.958654e-01	5.046197e-01	4.852397e-01	4.235698e-01	4.507636e-01	5.172939e-01	4.595475e-01	6.386619e-01	5.023268e-01	5.009866e-01	0.000000e+00	1	1.093239e-01
8.145705e-01	4.710404e-01	3.653455e-01	2.357740e-01	3.337715e-01	4.983590e-01	5.195496e-01	5.060087e-01	4.297025e-01	4.948574e-01	5.180165e-01	4.545816e-01	4.605682e-01	5.003244e-01	4.919362e-01	0.000000e+00	1	1.084012e-01
3.313662e-02	9.857570e-01	1.944909e-01	1.239447e-01	9.786078e-01	4.921451e-01	5.192672e-01	5.002735e-01	4.590431e-01	5.012180e-01	5.336130e-01	4.545816e-01	4.986866e-01	4.996426e-01	4.994832e-01	0.000000e+00	1	1.079995e-01
2.531830e-01	5.568788e-01	8.089209e-01	5.878030e-01	7.283472e-01	5.108526e-01	5.358103e-01	5.001765e-01	4.215271e-01	4.920065e-01	5.391394e-01	5.088185e-01	4.898420e-01	4.318114e-01	5.141132e-01	0.000000e+00	1	1.033598e-01
5.280045e-01	7.863981e-01	3.586348e-01	2.304193e-01	6.235750e-01	4.974819e-01	6.053409e-01	5.170823e-01	4.874803e-01	5.172283e-01	5.176081e-01	5.043669e-01	5.253559e-01	4.967228e-01	5.011450e-01	0.000000e+00	1	1.023756e-01
7.852979e-01	6.366104e-01	5.624281e-02	3.538193e-02	4.336704e-01	5.343861e-01	5.018479e-01	4.977101e-01	4.635386e-01	4.991301e-01	5.868533e-01	5.159421e-01	5.134195e-01	5.104367e-01	4.566573e-01	0.000000e+00	1	1.012298e-01
6.402353e-01	7.436452e-01	2.754265e-01	1.742047e-01	5.474829e-01	5.162707e-01	4.922391e-01	4.173712e-01	4.988347e-01	5.537803e-01	4.051979e-01	5.022850e-01	4.999678e-01	4.925271e-01	4.897230e-01	0.000000e+00	1	1.010621e-01
1.731515e-01	8.663098e-01	4.892009e-01	3.219463e-01	8.744122e-01	5.154122e-01	4.313813e-01	4.999283e-01	4.593976e-01	4.999428e-01	5.034248e-01	4.970093e-01	4.987081e-01	4.432790e-01	5.036203e-01	0.000000e+00	1	9.775401e-02
3.243725e-01	7.617966e-01	5.894275e-01	3.938503e-01	7.437303e-01	4.898127e-01	4.787753e-01	5.604346e-01	4.198578e-01	5.253009e-01	4.487423e-01	4.900739e-01	4.892369e-01	5.001295e-01	5.473630e-01	0.000000e+00	1	9.771369e-02
1.814440e-01	8.320136e-01	5.424937e-01	3.611030e-01	8.633072e-01	5.090500e-01	4.313813e-01	4.999283e-01	4.594540e-01	4.999428e-01	5.034248e-01	4.970093e-01	4.987408e-01	4.432790e-01	5.036203e-01	0.000000e+00	1	9.731918e-02
9.142145e-01	7.299100e-02	4.142535e-01	2.700901e-01	5.072021e-02	4.996872e-01	5.560417e-01	4.930765e-01	5.518244e-01	5.015457e-01	4.809888e-01	4.947531e-01	4.957040e-01	5.008403e-01	5.074732e-01	0.000000e+00	1	9.589234e-02
9.691178e-02	5.009170e-01	8.906721e-01	6.688281e-01	8.783371e-01	4.894318e-01	5.054855e-01	4.798049e-01	3.813466e-01	4.871557e-01	5.412236e-01	5.146616e-01	4.947745e-01	5.822333e-01	5.543711e-01	0.000000e+00	1	9.492527e-02
1.433047e-01	6.459321e-01	7.616570e-01	5.446638e-01	8.610124e-01	4.729533e-01	5.046669e-01	4.798049e-01	5.172515e-01	5.560066e-01	4.907007e-01	5.370039e-01	4.984494e-01	4.997944e-01	5.533818e-01	0.000000e+00	1	9.335709e-02
2.804637e-01	7.308854e-01	6.495538e-01	4.409279e-01	7.667402e-01	5.204409e-01	4.942037e-01	4.999033e-01	5.680932e-01	5.564054e-01	4.185029e-01	5.088185e-01	4.986095e-01	5.019355e-01	5.473630e-01	0.000000e+00	1	9.335545e-02
4.924632e-01	1.650373e-01	8.614384e-01	6.545914e-01	2.058594e-01	5.007086e-01	4.909010e-01	4.999531e-01	5.034570e-01	4.397685e-01	5.450321e-01	5.001551e-01	4.987984e-01	4.886405e-01	5.042221e-01	0.000000e+00	1	8.534911e-02
5.610997e-01	9.835713e-02	8.380481e-01	6.199385e-01	1.104729e-01	4.207197e-01	4.288395e-01	5.168727e-01	4.912629e-01	4.993971e-01	4.607717e-01	4.932861e-01	4.961004e-01	5.039285e-01	4.986489e-01	0.000000e+00	1	8.493811e-02
3.951446e-01	5.882025e-01	7.123424e-01	5.016743e-01	6.234162e-01	4.893920e-01	5.582908e-01	5.216901e-01	4.919789e-01	5.206032e-01	4.994273e-01	4.989011e-01	4.833077e-01	4.961460e-01	4.992810e-01	0.000000e+00	1	8.354915e-02
6.708325e-01	3.546804e-01	6.603970e-01	4.559190e-01	3.096240e-01	5.279863e-01	4.940461e-01	5.023795e-01	5.468978e-01	5.124926e-01	5.394197e-01	4.999795e-01	4.651775e-01	4.979832e-01	5.010848e-01	0.000000e+00	1	8.330309e-02
8.980431e-01	2.100897e-01	3.981941e-01	2.594670e-01	1.463008e-01	5.271018e-01	5.032754e-01	5.024180e-01	5.501169e-01	5.118376e-01	4.935871e-01	4.755340e-01	4.856850e-01	4.818782e-01	5.015516e-01	0.000000e+00	1	7.975937e-02
4.136867e-01	8.962855e-01	1.865107e-01	1.188807e-01	7.247110e-01	4.998805e-01	5.056618e-01	4.977120e-01	4.520681e-01	4.983465e-01	5.284161e-01	5.366590e-01	4.985234e-01	5.108993e-01	4.977965e-01	0.000000e+00	1	7.933049e-02
7.513578e-01	4.515453e-01	4.825717e-01	3.203654e-01	3.444967e-01	5.023166e-01	5.066594e-01	4.841020e-01	5.068759e-01	4.929791e-01	4.908002e-01	5.100555e-01	4.954282e-01	4.938398e-01	5.031223e-01	0.000000e+00	1	7.871150e-02
9.355301e-01	3.362174e-01	1.529365e-01	9.717719e-02	2.196420e-01	4.893165e-01	4.901775e-01	4.886387e-01	5.084520e-01	4.419233e-01	4.964766e-01	4.557655e-01	4.958754e-01	4.985278e-01	5.059134e-01	0.000000e+00	1	7.841815e-02
5.984250e-01	4.310513e-01	6.881930e-01	4.779882e-01	3.973952e-01	4.655755e-01	5.028521e-01	5.002314e-01	5.737954e-01	4.843689e-01	5.002250e-01	4.903151e-01	4.830048e-01	5.168254e-01	5.343003e-01	0.000000e+00	1	7.788589e-02
4.078207e-01	8.835762e-01	2.473484e-01	1.584558e-01	7.247110e-01	4.998805e-01	5.027433e-01	4.977120e-01	4.575355e-01	4.990603e-01	5.284161e-01	5.366590e-01	4.983644e-01	5.108993e-01	4.977965e-01	0.000000e+00	1	7.742138e-02
7.850689e-01	2.377593e-01	5.806422e-01	3.921448e-01	1.872113e-01	5.032265e-01	5.181483e-01	5.078427e-01	4.402072e-01	4.854352e-01	4.998405e-01	4.989117e-01	5.252065e-01	5.126196e-01	5.026705e-01	0.000000e+00	1	7.717439e-02
7.689904e-01	1.583930e-01	6.375154e-01	4.341781e-01	1.293194e-01	4.921451e-01	5.166639e-01	5.000153e-01	5.766040e-01	5.012180e-01	5.024322e-01	4.486754e-01	5.006933e-01	4.498430e-01	4.994832e-01	0.000000e+00	1	7.542916e-02
7.157534e-02	9.523607e-01	3.133586e-01	2.018343e-01	9.522442e-01	4.960500e-01	5.310681e-01	4.860302e-01	4.981854e-01	5.013415e-01	5.377273e-01	4.966244e-01	4.671451e-01	4.620697e-01	5.025679e-01	0.000000e+00	1	7.398961e-02
5.543117e-01	1.983437e-01	8.148847e-01	6.017007e-01	2.187579e-01	4.888696e-01	4.991469e-01	4.947509e-01	5.032734e-01	4.412655e-01	5.394615e-01	5.001834e-01	4.961004e-01	4.892997e-01	4.976088e-01	0.000000e+00	1	7.341886e-02
9.626401e-01	2.925539e-01	2.136540e-01	1.332111e-01	1.878271e-01	5.129420e-01	5.032754e-01	3.559771e-01	5.769308e-01	5.075404e-01	5.137860e-01	5.307893e-01	4.865284e-01	4.818936e-01	4.977513e-01	0.000000e+00	1	7.321762e-02
8.467500e-01	4.411707e-01	3.202828e-01	2.060445e-01	3.057806e-01	4.960500e-01	5.310681e-01	4.859555e-01	4.981854e-01	5.013415e-01	5.227136e-01	5.134611e-01	4.671451e-01	4.620697e-01	4.482730e-01	0.000000e+00	1	7.237111e-02
9.496909e-01	2.345693e-02	3.318716e-01	2.139627e-01	1.572102e-02	5.271018e-01	5.032754e-01	5.024185e-01	5.501169e-01	4.881300e-01	4.914757e-01	4.755340e-01	4.856850e-01	4.818782e-01	4.590985e-01	0.000000e+00	1	7.206911e-02
1.317966e-01	4.715943e-02	9.947081e-01	9.109964e-01	2.187579e-01	4.955942e-01	4.992669e-01	4.949530e-01	5.032734e-01	4.481851e-01	5.394618e-01	4.937479e-01	4.961004e-01	4.877681e-01	4.973409e-01	0.000000e+00	1	7.173408e-02
6.673728e-03	3.246423e-01	9.506063e-01	7.904523e-01	9.869147e-01	5.326681e-01	4.771748e-01	4.815252e-01	4.585834e-01	4.999354e-01	4.744241e-01	5.110296e-01	5.063038e-01	4.985278e-01	4.915191e-01	0.000000e+00	1	7.148739e-02
6.189705e-01	7.420485e-01	3.096833e-01	1.974398e-01	5.574139e-01	5.012134e-01	5.008937e-01	5.002738e-01	4.997291e-01	4.952589e-01	3.792162e-01	5.016421e-01	4.985715e-01	4.937397e-01	4.918655e-01	0.000000e+00	1	7.115065e-02
1.014492e-01	2.290019e-01	9.738997e-01	8.397472e-01	7.345153e-01	4.981952e-01	5.191227e-01	4.997672e-01	4.589959e-01	5.154492e-01	5.348731e-01	4.545816e-01	4.990357e-01	5.014217e-01	5.045466e-01	0.000000e+00	1	7.085616e-02
9.521615e-01	3.190941e-01	3.220870e-02	2.041179e-02	2.058594e-01	5.026198e-01	4.909010e-01	4.999531e-01	5.034570e-01	4.505428e-01	5.450321e-01	5.001551e-01	4.987984e-01	4.886405e-01	5.042221e-01	0.000000e+00	1	7.052246e-02
5.866454e-01	1.033659e-01	8.245093e-01	6.017007e-01	1.110316e-01	4.203623e-01	4.272745e-01	4.947509e-01	5.032734e-01	4.412655e-01	4.572965e-01	4.937888e-01	4.961004e-01	4.867087e-01	4.976088e-01	0.000000e+00	1	6.993148e-02
5.427302e-01	4.239132e-01	7.369464e-01	5.215526e-01	4.221390e-01	4.921158e-01	5.678330e-01	4.912686e-01	5.009653e-01	4.837624e-01	5.372210e-01	4.531511e-01	4.935402e-01	5.001395e-01	4.967310e-01	0.000000e+00	1	6.963060e-02
9.263362e-01	3.931676e-01	1.405771e-02	8.892638e-03	2.555330e-01	5.139619e-01	5.258827e-01	4.969127e-01	4.631767e-01	4.453175e-01	5.310855e-01	4.856372e-01	5.042779e-01	5.025450e-01	4.997139e-01	0.000000e+00	1	6.866193e-02
8.636338e-01	4.218154e-01	3.224143e-01	2.060445e-01	2.892420e-01	4.960500e-01	4.338481e-01	4.858429e-01	4.984033e-01	4.395662e-01	5.232685e-01	5.134611e-01	4.671451e-01	4.397813e-01	5.100548e-01	0.000000e+00	1	6.798109e-02
3.311500e-01	5.836875e-01	7.746178e-01	5.455146e-01	6.714663e-01	4.958654e-01	5.029571e-01	4.808693e-01	4.529104e-01	5.155074e-01	5.341009e-01	4.595475e-01	6.386619e-01	5.023268e-01	5.009866e-01	0.000000e+00	1	6.779934e-02
2.385182e-01	5.444065e-01	8.205280e-01	6.009068e-01	7.371174e-01	4.899195e-01	5.066594e-01	4.837608e-01	3.883212e-01	4.959290e-01	4.908002e-01	5.132800e-01	4.954282e-01	5.007364e-01	5.001256e-01	0.000000e+00	1	6.756403e-02
2.180125e-01	5.294370e-01	8.366582e-01	6.179357e-01	7.513225e-01	5.109826e-01	5.358103e-01	4.985193e-01	4.215271e-01	4.920065e-01	5.371680e-01	5.085497e-01	4.948321e-01	4.328289e-01	5.141132e-01	0.000000e+00	1	6.721176e-02
4.337292e-01	6.456386e-01	6.666673e-01	4.511175e-01	6.234162e-01	4.894883e-01	3.597480e-01	5.035005e-01	4.919789e-01	5.081776e-01	4.924095e-01	4.989011e-01	4.809631e-01	5.182206e-01	5.610902e-01	0.000000e+00	1	6.674903e-02
3.491420e-01	4.120187e-01	8.593938e-01	6.428241e-01	5.524697e-01	4.404391e-01	5.159491e-01	4.800671e-01	4.548193e-01	5.731478e-01	5.332410e-01	5.082503e-01	4.982699e-01	5.020439e-01	5.471685e-01	0.000000e+00	1	6.472909e-02
