1.038542e-03	1.033802e+00	7.657517e-05	4.715532e-05	9.993605e-01	4.977257e-01	4.967477e-01	4.866137e-01	4.997288e-01	5.012757e-01	4.958347e-01	6.832225e-01	4.958542e-01	4.992672e-01	5.000285e-01	0.000000e+00	1	1.000000e+14
1.615770e-15	3.397127e-32	1.000140e+00	1.000000e+00	1.338481e-17	4.971992e-01	5.008682e-01	5.022721e-01	5.021691e-01	4.994282e-01	5.039626e-01	4.911077e-01	4.982367e-01	5.000011e-01	5.047845e-01	0.000000e+00	1	1.000000e+14
3.171297e-16	1.604437e-15	1.012339e+00	1.000000e+00	8.757684e-01	4.161185e-01	4.569207e-01	5.002385e-01	4.514385e-01	5.014923e-01	5.152330e-01	5.009751e-01	4.962226e-01	4.711704e-01	5.028194e-01	0.000000e+00	1	1.000000e+14
1.001362e+00	1.833941e-02	4.366505e-17	2.775558e-17	1.165805e-02	5.348951e-01	5.013687e-01	5.085345e-01	5.059374e-01	4.897873e-01	5.095087e-01	5.013571e-01	4.979019e-01	4.991152e-01	4.993131e-01	0.000000e+00	1	1.000000e+14
6.103543e-02	9.981443e-01	4.359873e-17	2.775558e-17	9.611198e-01	5.012134e-01	5.008937e-01	5.002738e-01	4.997202e-01	5.011072e-01	5.001570e-01	5.016421e-01	4.987984e-01	4.996489e-01	4.991479e-01	0.000000e+00	1	1.000000e+14
2.610038e-30	1.615578e-15	1.000021e+00	1.000000e+00	1.000000e+00	5.012145e-01	5.027358e-01	5.002385e-01	4.997694e-01	5.012756e-01	5.002065e-01	4.973534e-01	4.983457e-01	4.998495e-01	4.999774e-01	0.000000e+00	1	1.000000e+14
4.989321e-02	5.196042e-01	8.558202e-01	6.513283e-01	9.390576e-01	4.972050e-01	4.769179e-01	4.728126e-01	5.034608e-01	4.994122e-01	5.073302e-01	4.972191e-01	4.670617e-01	5.001795e-01	5.033902e-01	0.000000e+00	1	1.750502e-01
9.318038e-01	9.539912e-02	3.579239e-01	2.323661e-01	6.495154e-02	5.183283e-01	5.246423e-01	5.007018e-01	4.600221e-01	5.003679e-01	5.117069e-01	4.981330e-01	4.949174e-01	5.039283e-01	5.026081e-01	0.000000e+00	1	1.486730e-01
7.786316e-01	5.910655e-01	2.500399e-01	1.594163e-01	4.133603e-01	5.095357e-01	5.228091e-01	4.842561e-01	4.601963e-01	5.073349e-01	5.332372e-01	5.156627e-01	4.957843e-01	4.903916e-01	4.287632e-01	0.000000e+00	1	1.444560e-01
8.762938e-01	3.021075e-01	3.885723e-01	2.527119e-01	2.113549e-01	5.157017e-01	4.599623e-01	4.678424e-01	4.953096e-01	4.722798e-01	5.028173e-01	4.998345e-01	4.975468e-01	5.370315e-01	5.013841e-01	0.000000e+00	1	1.396732e-01
4.199309e-01	6.784327e-01	6.107030e-01	4.158966e-01	6.471517e-01	5.092856e-01	4.972484e-01	5.022330e-01	4.460667e-01	4.662097e-01	5.016691e-01	4.982604e-01	5.017776e-01	5.247026e-01	4.976481e-01	0.000000e+00	1	1.393478e-01
2.777259e-01	8.365946e-01	4.791108e-01	3.169463e-01	7.959476e-01	5.046615e-01	5.040279e-01	4.545543e-01	5.079045e-01	4.800876e-01	5.126081e-01	4.989057e-01	4.990846e-01	4.768081e-01	5.042619e-01	0.000000e+00	1	1.340120e-01
7.333824e-01	7.870253e-02	6.988280e-01	4.828234e-01	6.805803e-02	5.548651e-01	4.511806e-01	5.115544e-01	4.584638e-01	4.567418e-01	5.095030e-01	4.941408e-01	4.942621e-01	5.821346e-01	5.067707e-01	0.000000e+00	1	1.316283e-01
6.459570e-01	8.102506e-01	4.265619e-02	2.619161e-02	5.715229e-01	6.920139e-01	5.013687e-01	5.014668e-01	5.059374e-01	4.897873e-01	5.092410e-01	5.005905e-01	4.979160e-01	4.989342e-01	4.993131e-01	0.000000e+00	1	1.103550e-01
1.711815e-01	4.690826e-01	8.763136e-01	6.702738e-01	7.772394e-01	5.012511e-01	5.082962e-01	4.483008e-01	4.701560e-01	4.758659e-01	4.432659e-01	4.994616e-01	4.971658e-01	5.170840e-01	5.293484e-01	0.000000e+00	1	1.100301e-01
3.189856e-01	9.004798e-01	3.029912e-01	1.955249e-01	7.832649e-01	5.121674e-01	5.265901e-01	5.051946e-01	5.004907e-01	5.218398e-01	4.746457e-01	4.955229e-01	4.864178e-01	5.007736e-01	4.998483e-01	0.000000e+00	1	1.098728e-01
6.753127e-01	8.381214e-03	7.528069e-01	5.344867e-01	7.900595e-03	4.996040e-01	5.579132e-01	5.413231e-01	5.049042e-01	4.987044e-01	5.394799e-01	5.441942e-01	4.486558e-01	5.092852e-01	4.943648e-01	0.000000e+00	1	1.085269e-01
2.314246e-01	4.246121e-01	8.964674e-01	6.850684e-01	6.823164e-01	5.016624e-01	5.026990e-01	4.967972e-01	4.539678e-01	5.012713e-01	4.941379e-01	4.998504e-01	3.719460e-01	5.022092e-01	5.016353e-01	0.000000e+00	1	1.026067e-01
2.131533e-01	1.883298e-02	9.820192e-01	8.634145e-01	5.610231e-02	5.442043e-01	5.089995e-01	4.668126e-01	4.858000e-01	4.729977e-01	5.133804e-01	4.972121e-01	4.958980e-01	4.720352e-01	5.031140e-01	0.000000e+00	1	1.007672e-01
1.173953e-01	8.708538e-01	5.125004e-01	3.361326e-01	9.146949e-01	4.972308e-01	4.649000e-01	5.024404e-01	4.773790e-01	3.887450e-01	4.886912e-01	5.099394e-01	4.462576e-01	5.035247e-01	5.009710e-01	0.000000e+00	1	9.967945e-02
2.056859e-02	6.519816e-01	7.648097e-01	5.504350e-01	9.799227e-01	4.704103e-01	5.353302e-01	4.916913e-01	5.038705e-01	5.008071e-01	5.449122e-01	5.004271e-01	4.717371e-01	4.994658e-01	4.865773e-01	0.000000e+00	1	9.713044e-02
4.768357e-01	6.624038e-01	6.509678e-01	4.286121e-01	6.027948e-01	5.105073e-01	5.008682e-01	4.905299e-01	4.410045e-01	6.327385e-01	6.435493e-01	5.004839e-01	4.551189e-01	5.011797e-01	4.919716e-01	0.000000e+00	1	9.603280e-02
9.555199e-01	4.408360e-02	3.276064e-01	2.100660e-01	2.935010e-02	5.254008e-01	5.729369e-01	5.539579e-01	4.903842e-01	4.784993e-01	5.339529e-01	5.139071e-01	4.956610e-01	5.166082e-01	5.032203e-01	0.000000e+00	1	9.276370e-02
8.304510e-01	4.010855e-01	3.977072e-01	2.591973e-01	2.864366e-01	5.156080e-01	4.606591e-01	4.683894e-01	5.012123e-01	4.722798e-01	5.022909e-01	4.998345e-01	4.846387e-01	4.955508e-01	5.226679e-01	0.000000e+00	1	9.219958e-02
9.879903e-01	2.037055e-01	7.994116e-02	5.034437e-02	1.294454e-01	5.022434e-01	4.796060e-01	4.866347e-01	4.783115e-01	3.998510e-01	5.235884e-01	4.985310e-01	4.956778e-01	4.850062e-01	5.057080e-01	0.000000e+00	1	9.178030e-02
1.890569e-01	4.618688e-01	8.758280e-01	6.702738e-01	7.526581e-01	5.012511e-01	5.059450e-01	4.315278e-01	4.703780e-01	4.711202e-01	5.115930e-01	4.994693e-01	4.971493e-01	5.170840e-01	5.341498e-01	0.000000e+00	1	9.128855e-02
6.404109e-01	5.992053e-01	5.485212e-01	3.558139e-01	4.788462e-01	3.550716e-01	5.220391e-01	5.234297e-01	5.127567e-01	5.072073e-01	5.394214e-01	4.412272e-01	4.579541e-01	5.176150e-01	4.286456e-01	0.000000e+00	1	9.079501e-02
3.993470e-01	8.175255e-01	4.187461e-01	2.745958e-01	7.107255e-01	5.216009e-01	4.990833e-01	4.853402e-01	4.784883e-01	5.008437e-01	5.023383e-01	4.987621e-01	5.139327e-01	4.892984e-01	4.888450e-01	0.000000e+00	1	8.970137e-02
7.575542e-01	6.284345e-02	6.713187e-01	4.605418e-01	5.269061e-02	5.201255e-01	5.955703e-01	5.438433e-01	5.036846e-01	5.003720e-01	5.095030e-01	4.941408e-01	4.501726e-01	5.040823e-01	5.073727e-01	0.000000e+00	1	8.762660e-02
2.995619e-01	9.447143e-01	1.886414e-01	1.197424e-01	8.045174e-01	5.115459e-01	5.170112e-01	5.069182e-01	5.614842e-01	5.050587e-01	5.021692e-01	5.018698e-01	4.606272e-01	4.476821e-01	4.828918e-01	0.000000e+00	1	8.740320e-02
1.552163e-01	8.472940e-01	5.095236e-01	3.400530e-01	8.846562e-01	5.035620e-01	5.032030e-01	4.945373e-01	4.999851e-01	4.791396e-01	5.123301e-01	5.014500e-01	4.990846e-01	4.872136e-01	4.997312e-01	0.000000e+00	1	8.699685e-02
3.554778e-01	9.350690e-01	9.436931e-02	5.987860e-02	7.687232e-01	5.092856e-01	4.972484e-01	5.035889e-01	4.460667e-01	4.662097e-01	5.031101e-01	4.982604e-01	5.017776e-01	5.247026e-01	4.958592e-01	0.000000e+00	1	8.682511e-02
5.281885e-01	7.353498e-01	4.324778e-01	2.836948e-01	6.034555e-01	5.438700e-01	5.093416e-01	5.275405e-01	5.028971e-01	5.010399e-01	5.018987e-01	4.978875e-01	5.229862e-01	5.014499e-01	4.925346e-01	0.000000e+00	1	8.335232e-02
6.475944e-01	2.586718e-01	7.281278e-01	5.137457e-01	2.419277e-01	5.030002e-01	5.128661e-01	5.013396e-01	4.880944e-01	5.042882e-01	5.131605e-01	4.970791e-01	5.345281e-01	5.598223e-01	5.539179e-01	0.000000e+00	1	8.296949e-02
1.992482e-01	9.728400e-01	1.516262e-01	9.646027e-02	8.713920e-01	5.092856e-01	4.959860e-01	5.035889e-01	4.460667e-01	4.662097e-01	5.031101e-01	4.982604e-01	5.017776e-01	5.185224e-01	4.956439e-01	0.000000e+00	1	8.275953e-02
6.337291e-01	1.545789e-01	7.881160e-01	5.598452e-01	1.523098e-01	5.023615e-01	5.803437e-01	4.993040e-01	4.618046e-01	4.819179e-01	4.931623e-01	4.974505e-01	5.040064e-01	4.336832e-01	3.983285e-01	0.000000e+00	1	7.871704e-02
5.744592e-01	1.234561e-01	8.176980e-01	6.033335e-01	1.347651e-01	4.755888e-01	5.509934e-01	5.023963e-01	4.987776e-01	4.529254e-01	5.026980e-01	4.987556e-01	5.186223e-01	5.337250e-01	5.010220e-01	0.000000e+00	1	7.703765e-02
9.876859e-01	2.198269e-01	4.411514e-17	2.775558e-17	1.394185e-01	5.348951e-01	4.877331e-01	5.021774e-01	5.059374e-01	4.898602e-01	5.107562e-01	4.897454e-01	4.015782e-01	5.052034e-01	4.798099e-01	0.000000e+00	1	7.597299e-02
5.173380e-01	8.645912e-01	1.039058e-01	6.542154e-02	6.567259e-01	4.623186e-01	5.012922e-01	4.741680e-01	4.427006e-01	4.407167e-01	5.372431e-01	4.981631e-01	4.584414e-01	5.170840e-01	5.244416e-01	0.000000e+00	1	7.500470e-02
3.900183e-01	6.301064e-01	6.937798e-01	4.790362e-01	6.471517e-01	5.092856e-01	4.948245e-01	5.147235e-01	4.460667e-01	4.662097e-01	5.016691e-01	4.982604e-01	5.609364e-01	5.837716e-01	4.971855e-01	0.000000e+00	1	7.363555e-02
6.143963e-01	3.694871e-01	7.208101e-01	5.017135e-01	3.446884e-01	5.114943e-01	4.959799e-01	4.915760e-01	4.431445e-01	5.580133e-01	4.019282e-01	4.861452e-01	4.979883e-01	4.988701e-01	4.962417e-01	0.000000e+00	1	7.020072e-02
5.003129e-01	6.950176e-01	5.328988e-01	3.543684e-01	6.027948e-01	4.572477e-01	4.944780e-01	5.021104e-01	4.410045e-01	4.558057e-01	5.274069e-01	5.004839e-01	4.981391e-01	4.982530e-01	5.240908e-01	0.000000e+00	1	6.984731e-02
8.524771e-02	3.913176e-01	9.218252e-01	7.390780e-01	8.634472e-01	5.011953e-01	4.712036e-01	4.517913e-01	5.034307e-01	4.762333e-01	5.121829e-01	4.949645e-01	4.971658e-01	5.170840e-01	5.293484e-01	0.000000e+00	1	6.917017e-02
8.411429e-03	7.856891e-01	6.190182e-01	4.247977e-01	9.931847e-01	5.017373e-01	4.932232e-01	5.029471e-01	5.019875e-01	4.990819e-01	5.022434e-01	4.966873e-01	4.858173e-01	4.996758e-01	5.010430e-01	0.000000e+00	1	6.893014e-02
2.512104e-01	6.974595e-01	6.940375e-01	4.790362e-01	7.799115e-01	5.401960e-01	4.830416e-01	5.408882e-01	5.062036e-01	4.662097e-01	5.016691e-01	4.982604e-01	5.609364e-01	5.837716e-01	4.968385e-01	0.000000e+00	1	6.695706e-02
5.638715e-01	1.722055e-01	8.140317e-01	6.009467e-01	1.886954e-01	5.092856e-01	4.976957e-01	5.034901e-01	4.432461e-01	4.662097e-01	5.030826e-01	4.979807e-01	5.024811e-01	5.247026e-01	4.958592e-01	0.000000e+00	1	6.689955e-02
7.392366e-02	9.075586e-01	4.380594e-01	2.854615e-01	9.482594e-01	4.986169e-01	5.818328e-01	5.581584e-01	5.014735e-01	5.027991e-01	4.905405e-01	4.998312e-01	4.993512e-01	5.166082e-01	4.994419e-01	0.000000e+00	1	6.686923e-02
3.815373e-01	1.785187e-02	9.394582e-01	7.541651e-01	2.976530e-02	5.201050e-01	5.955703e-01	5.438433e-01	5.036846e-01	5.003972e-01	5.095030e-01	4.941408e-01	4.501726e-01	4.998741e-01	5.073727e-01	0.000000e+00	1	6.684502e-02
8.343957e-01	4.029907e-01	3.894341e-01	2.532869e-01	2.864366e-01	5.154645e-01	4.599623e-01	4.678424e-01	4.953694e-01	4.722798e-01	5.022909e-01	4.998345e-01	4.910261e-01	5.370315e-01	5.013841e-01	0.000000e+00	1	6.646377e-02
6.397928e-01	7.891867e-01	2.559804e-01	1.571333e-01	5.663151e-01	5.069501e-01	7.043248e-01	4.539546e-01	4.889779e-01	4.470325e-01	4.746457e-01	5.001773e-01	4.864178e-01	5.023006e-01	5.048760e-01	0.000000e+00	1	6.548398e-02
1.374515e-01	3.766534e-01	9.228707e-01	7.390780e-01	7.772394e-01	5.011953e-01	4.712036e-01	4.518981e-01	4.994676e-01	4.773523e-01	5.372431e-01	4.994616e-01	4.971658e-01	5.170840e-01	5.293484e-01	0.000000e+00	1	6.519645e-02
9.008247e-01	4.158950e-01	1.920274e-01	1.217053e-01	2.753550e-01	5.101043e-01	5.038077e-01	4.391028e-01	4.922425e-01	4.711771e-01	4.641953e-01	4.996129e-01	4.961390e-01	4.699077e-01	5.607398e-01	0.000000e+00	1	6.516472e-02
9.652310e-01	2.718701e-01	1.377754e-01	8.692243e-02	1.747842e-01	5.022434e-01	4.783437e-01	4.866347e-01	4.783115e-01	3.998510e-01	5.235884e-01	4.985310e-01	4.956778e-01	4.788259e-01	5.054927e-01	0.000000e+00	1	6.398288e-02
7.752704e-01	6.123076e-01	2.422459e-01	1.530854e-01	4.255737e-01	5.081475e-01	5.818328e-01	5.832438e-01	5.161838e-01	5.027378e-01	5.339529e-01	5.137875e-01	4.600570e-01	5.166082e-01	4.994419e-01	0.000000e+00	1	6.339552e-02
5.869552e-01	5.429931e-02	8.203229e-01	6.033335e-01	5.872664e-02	4.703462e-01	5.509934e-01	5.023963e-01	5.039600e-01	4.529254e-01	5.026980e-01	4.987556e-01	4.427169e-01	5.337250e-01	5.010220e-01	0.000000e+00	1	6.312854e-02
3.315185e-01	6.082621e-01	7.508587e-01	5.256167e-01	6.823164e-01	5.020289e-01	5.026990e-01	4.967972e-01	4.539678e-01	4.989129e-01	4.963932e-01	4.998504e-01	3.734290e-01	5.022092e-01	4.414785e-01	0.000000e+00	1	6.222407e-02
