1.615770e-15	3.397127e-32	1.000140e+00	1.000000e+00	1.338481e-17	4.971992e-01	5.008682e-01	5.022721e-01	5.021691e-01	4.994282e-01	5.039626e-01	4.911077e-01	4.982367e-01	5.000011e-01	5.047845e-01	0.000000e+00	1	1.000000e+14
1.613024e-04	1.016332e+00	3.635087e-05	2.276981e-05	9.998990e-01	4.201236e-01	5.022148e-01	4.533746e-01	4.937802e-01	5.554564e-01	5.002718e-01	5.199681e-01	5.649471e-01	5.064548e-01	5.000420e-01	0.000000e+00	1	1.000000e+14
2.610038e-30	1.615578e-15	1.000021e+00	1.000000e+00	1.000000e+00	5.012145e-01	5.027358e-01	5.002385e-01	4.997694e-01	5.012756e-01	5.002065e-01	4.973534e-01	4.983457e-01	4.998495e-01	4.999774e-01	0.000000e+00	1	1.000000e+14
3.162770e-16	1.600123e-15	1.009617e+00	1.000000e+00	8.757684e-01	4.456367e-01	4.569207e-01	5.002385e-01	4.531148e-01	4.973012e-01	5.152330e-01	5.009751e-01	4.962226e-01	4.711704e-01	5.390066e-01	0.000000e+00	1	1.000000e+14
6.103543e-02	9.981443e-01	4.359873e-17	2.775558e-17	9.611198e-01	5.012134e-01	5.008937e-01	5.002738e-01	4.997202e-01	5.011072e-01	5.001570e-01	5.016421e-01	4.987984e-01	4.996489e-01	4.991479e-01	0.000000e+00	1	1.000000e+14
1.001362e+00	1.833941e-02	4.366505e-17	2.775558e-17	1.165805e-02	5.348951e-01	5.013687e-01	5.085345e-01	5.059374e-01	4.897873e-01	5.095087e-01	5.013571e-01	4.979019e-01	4.991152e-01	4.993131e-01	0.000000e+00	1	1.000000e+14
9.652310e-01	2.718701e-01	1.377754e-01	8.692243e-02	1.747842e-01	5.022434e-01	4.783437e-01	4.866347e-01	4.783115e-01	3.998510e-01	5.235884e-01	4.985310e-01	4.956778e-01	4.788259e-01	5.054927e-01	0.000000e+00	1	1.525671e-01
8.927810e-01	3.991036e-01	2.574129e-01	1.638561e-01	2.676252e-01	4.503211e-01	4.763760e-01	4.910618e-01	4.313102e-01	4.991108e-01	4.634709e-01	5.012893e-01	5.373109e-01	4.872136e-01	4.771599e-01	0.000000e+00	1	1.325881e-01
6.350988e-01	6.084431e-01	5.202448e-01	3.400530e-01	4.863560e-01	5.040666e-01	5.090139e-01	3.894125e-01	4.996000e-01	4.113278e-01	5.162801e-01	5.014500e-01	4.969198e-01	5.373907e-01	4.997770e-01	0.000000e+00	1	1.303968e-01
5.605421e-01	2.037721e-01	8.077481e-01	5.950921e-01	2.219729e-01	5.088763e-01	4.976957e-01	5.516744e-01	4.947497e-01	4.667612e-01	5.030309e-01	5.006781e-01	5.024811e-01	4.871261e-01	4.958592e-01	0.000000e+00	1	1.303919e-01
3.562796e-01	9.345832e-01	8.419189e-02	5.346199e-02	7.681363e-01	5.021181e-01	5.249625e-01	5.002562e-01	4.523501e-01	4.955615e-01	5.016161e-01	5.028219e-01	4.983082e-01	5.000720e-01	5.282182e-01	0.000000e+00	1	1.097175e-01
3.607669e-01	9.333916e-02	9.346534e-01	7.584761e-01	1.611748e-01	4.697936e-01	4.955784e-01	4.941300e-01	4.456571e-01	5.033164e-01	5.378409e-01	4.999994e-01	4.885763e-01	5.264414e-01	4.968973e-01	0.000000e+00	1	1.089124e-01
1.145314e-01	9.821116e-01	1.913637e-01	1.217053e-01	9.260929e-01	4.466895e-01	5.028812e-01	4.910957e-01	4.922425e-01	4.716108e-01	5.001275e-01	4.996129e-01	4.869528e-01	5.380545e-01	5.412403e-01	0.000000e+00	1	1.067334e-01
8.907503e-03	5.224419e-01	8.566787e-01	6.513283e-01	9.891468e-01	4.697936e-01	4.949547e-01	4.940893e-01	5.168159e-01	5.033164e-01	5.378409e-01	4.999994e-01	4.927770e-01	5.264414e-01	5.024177e-01	0.000000e+00	1	1.054500e-01
8.366703e-01	5.488750e-01	3.517596e-02	2.237017e-02	3.696199e-01	5.013527e-01	4.901306e-01	4.852052e-01	4.961279e-01	4.809342e-01	4.983913e-01	5.016437e-01	4.990846e-01	4.768081e-01	5.042137e-01	0.000000e+00	1	1.049188e-01
2.845883e-01	7.479896e-01	6.589468e-01	4.385245e-01	7.685515e-01	5.093872e-01	6.092232e-01	5.344354e-01	5.044783e-01	4.706597e-01	4.704028e-01	5.370884e-01	3.574759e-01	5.047971e-01	5.005419e-01	0.000000e+00	1	1.045333e-01
4.894418e-01	8.627182e-01	1.680431e-01	1.068403e-01	6.714740e-01	4.405374e-01	5.037687e-01	4.952945e-01	5.317102e-01	4.775002e-01	4.741967e-01	4.998743e-01	5.026140e-01	5.159991e-01	4.974408e-01	0.000000e+00	1	9.705555e-02
2.152025e-01	4.477968e-01	8.892379e-01	6.756397e-01	7.147996e-01	5.105020e-01	5.026990e-01	4.690658e-01	5.040212e-01	4.872191e-01	4.690436e-01	4.998739e-01	3.719460e-01	5.021688e-01	5.009450e-01	0.000000e+00	1	9.683915e-02
3.480526e-01	9.553075e-01	1.059082e-01	6.607512e-02	7.775724e-01	5.092856e-01	4.972484e-01	4.967249e-01	4.191668e-01	4.839980e-01	3.770463e-01	4.982249e-01	4.977985e-01	5.145537e-01	4.976481e-01	0.000000e+00	1	9.542100e-02
3.831036e-01	7.029092e-01	6.338049e-01	4.263304e-01	6.823164e-01	5.085175e-01	5.026416e-01	4.967972e-01	4.539678e-01	6.297129e-01	4.904526e-01	5.004059e-01	4.560904e-01	5.011043e-01	5.016353e-01	0.000000e+00	1	9.540991e-02
7.477635e-01	1.369489e-02	6.676975e-01	4.639747e-01	1.165805e-02	5.348951e-01	5.013687e-01	5.085345e-01	5.077860e-01	4.912285e-01	4.664095e-01	5.034210e-01	4.979019e-01	4.991278e-01	4.993131e-01	0.000000e+00	1	9.394485e-02
6.641051e-01	6.361025e-01	4.351908e-01	2.813931e-01	4.862912e-01	5.092019e-01	4.979551e-01	5.344354e-01	5.044783e-01	4.708235e-01	4.683019e-01	5.001641e-01	5.365759e-01	3.864968e-01	4.980006e-01	0.000000e+00	1	9.351385e-02
5.859927e-01	3.779241e-01	7.469372e-01	5.218758e-01	3.646574e-01	4.725863e-01	5.026416e-01	4.916769e-01	4.539678e-01	6.297129e-01	4.904526e-01	5.044695e-01	4.560904e-01	4.987318e-01	4.963270e-01	0.000000e+00	1	9.308310e-02
7.505598e-01	6.746222e-01	1.961382e-01	1.222055e-01	4.661112e-01	3.993727e-01	5.002280e-01	5.364800e-01	4.402820e-01	5.003865e-01	5.448888e-01	5.155065e-01	4.953106e-01	5.064702e-01	3.964321e-01	0.000000e+00	1	9.283739e-02
6.136869e-01	3.690604e-01	7.199778e-01	5.017135e-01	3.446884e-01	5.123472e-01	4.959799e-01	4.915760e-01	4.431445e-01	5.580133e-01	4.082186e-01	4.861452e-01	4.979883e-01	4.988701e-01	4.962417e-01	0.000000e+00	1	9.201710e-02
8.432552e-01	1.435882e-01	5.325185e-01	3.544892e-01	1.073728e-01	5.042383e-01	5.288294e-01	4.545543e-01	5.324265e-01	4.800876e-01	4.887769e-01	4.692387e-01	4.644836e-01	4.711040e-01	5.087483e-01	0.000000e+00	1	9.023515e-02
1.410351e-01	7.135311e-01	7.194249e-01	4.965189e-01	8.757684e-01	4.455763e-01	4.377033e-01	5.001466e-01	4.531148e-01	6.037759e-01	4.921652e-01	5.004040e-01	5.481154e-01	4.711704e-01	5.033729e-01	0.000000e+00	1	8.949558e-02
3.869105e-02	7.962380e-01	6.181748e-01	4.199105e-01	9.690895e-01	5.042744e-01	5.013687e-01	5.611287e-01	4.460487e-01	5.007155e-01	5.108289e-01	5.445749e-01	5.018681e-01	4.989784e-01	4.991641e-01	0.000000e+00	1	8.602037e-02
2.162969e-01	2.285155e-01	9.557145e-01	7.975220e-01	5.174830e-01	5.112740e-01	4.913373e-01	5.041385e-01	5.059374e-01	5.013835e-01	4.710791e-01	4.515214e-01	5.295168e-01	5.272627e-01	5.334709e-01	0.000000e+00	1	8.431086e-02
2.934585e-01	8.793614e-01	3.781763e-01	2.465844e-01	7.949470e-01	5.112238e-01	5.024452e-01	5.018017e-01	5.007078e-01	4.898663e-01	4.693979e-01	4.955229e-01	4.978140e-01	5.023154e-01	4.998483e-01	0.000000e+00	1	8.398749e-02
7.256813e-01	5.485816e-01	4.953758e-01	3.174491e-01	4.120844e-01	4.471693e-01	4.621128e-01	5.374137e-01	4.452880e-01	4.991045e-01	5.147784e-01	3.433141e-01	5.125155e-01	4.701698e-01	5.373927e-01	0.000000e+00	1	8.360177e-02
8.082458e-01	2.217907e-01	5.905075e-01	3.907437e-01	1.704979e-01	5.089940e-01	4.439380e-01	4.656870e-01	4.489521e-01	4.662097e-01	5.033365e-01	5.003390e-01	4.977270e-01	3.693306e-01	4.958785e-01	0.000000e+00	1	8.286493e-02
4.319907e-01	7.038926e-01	5.699148e-01	3.845369e-01	6.495763e-01	5.387984e-01	5.027267e-01	4.880245e-01	4.920173e-01	4.719307e-01	4.943558e-01	5.011696e-01	5.062504e-01	5.292469e-01	4.993131e-01	0.000000e+00	1	8.003079e-02
9.218482e-01	5.055986e-03	3.975461e-01	2.591973e-01	3.491581e-03	5.060200e-01	4.606591e-01	4.647261e-01	4.922404e-01	4.722798e-01	5.031184e-01	5.005087e-01	5.038789e-01	4.955508e-01	4.849340e-01	0.000000e+00	1	7.964581e-02
7.795082e-01	5.917308e-01	2.456094e-01	1.565361e-01	4.133603e-01	5.131701e-01	4.906622e-01	4.863891e-01	4.592709e-01	4.995357e-01	5.332372e-01	4.977625e-01	4.957843e-01	5.265224e-01	4.287632e-01	0.000000e+00	1	7.845471e-02
1.554351e-01	2.852512e-01	9.867044e-01	7.975220e-01	6.823751e-01	6.920139e-01	4.762927e-01	5.014456e-01	5.059374e-01	4.897873e-01	5.081298e-01	5.000269e-01	4.953444e-01	4.952045e-01	5.334709e-01	0.000000e+00	1	7.798881e-02
5.363863e-01	3.425344e-01	7.897952e-01	5.681963e-01	3.618017e-01	5.159608e-01	5.251177e-01	4.915760e-01	4.431445e-01	4.867303e-01	4.013625e-01	4.861452e-01	4.979976e-01	4.988701e-01	4.962417e-01	0.000000e+00	1	7.680845e-02
3.188387e-01	9.000651e-01	3.028517e-01	1.955249e-01	7.832649e-01	5.112238e-01	5.286623e-01	5.051946e-01	5.004907e-01	4.898663e-01	4.746457e-01	4.955229e-01	4.978140e-01	5.007736e-01	4.998483e-01	0.000000e+00	1	7.637526e-02
1.308954e-01	6.622319e-01	7.566575e-01	5.362509e-01	8.757684e-01	4.456367e-01	4.376484e-01	5.001528e-01	4.531148e-01	4.973012e-01	4.922125e-01	5.004040e-01	5.481154e-01	4.711704e-01	5.418790e-01	0.000000e+00	1	7.537304e-02
1.756076e-01	9.162569e-01	4.225931e-01	2.707690e-01	8.794489e-01	4.496835e-01	4.887509e-01	4.107814e-01	4.458838e-01	4.113278e-01	5.162801e-01	5.008995e-01	4.969198e-01	5.373907e-01	4.668416e-01	0.000000e+00	1	7.415443e-02
4.722457e-01	8.228491e-01	3.245330e-01	2.098250e-01	6.683092e-01	5.092856e-01	4.917915e-01	5.481512e-01	5.029121e-01	4.997321e-01	5.003415e-01	4.999486e-01	4.977985e-01	5.145537e-01	4.971583e-01	0.000000e+00	1	7.367467e-02
6.847321e-01	1.216012e-01	7.734924e-01	5.337926e-01	1.118905e-01	4.468064e-01	4.351884e-01	5.004399e-01	4.531148e-01	4.631380e-01	4.909945e-01	3.433141e-01	5.485524e-01	4.711704e-01	5.418790e-01	0.000000e+00	1	7.171346e-02
1.831838e-01	9.171861e-01	3.688432e-01	2.391355e-01	8.745032e-01	4.985155e-01	4.569207e-01	5.002385e-01	4.507015e-01	4.949542e-01	5.151803e-01	5.009751e-01	4.962226e-01	4.711704e-01	4.967307e-01	0.000000e+00	1	7.120750e-02
5.446891e-01	3.275664e-01	7.887668e-01	5.681963e-01	3.446884e-01	5.168137e-01	5.251177e-01	4.915760e-01	4.431445e-01	5.053630e-01	4.076530e-01	4.861452e-01	4.979976e-01	4.988701e-01	4.962417e-01	0.000000e+00	1	7.070859e-02
7.285552e-01	1.372245e-01	7.276602e-01	4.940607e-01	1.185198e-01	4.467461e-01	4.352432e-01	5.004338e-01	4.531148e-01	4.991045e-01	4.909472e-01	3.433141e-01	5.485524e-01	4.711704e-01	5.418790e-01	0.000000e+00	1	7.038844e-02
3.149442e-01	8.890709e-01	3.379305e-01	2.190169e-01	7.832649e-01	5.112238e-01	5.286623e-01	5.018017e-01	5.004907e-01	4.898663e-01	4.822525e-01	4.955229e-01	4.978140e-01	4.771598e-01	4.998483e-01	0.000000e+00	1	7.032436e-02
9.793970e-01	2.029499e-03	2.356102e-01	1.502933e-01	1.319197e-03	5.348951e-01	5.013687e-01	5.769078e-01	5.018514e-01	4.897873e-01	5.095334e-01	5.013571e-01	4.979019e-01	4.991152e-01	4.993131e-01	0.000000e+00	1	6.864027e-02
2.777259e-01	8.365946e-01	4.791108e-01	3.169463e-01	7.959476e-01	5.046615e-01	5.040279e-01	4.545543e-01	5.079045e-01	4.800876e-01	5.126081e-01	4.989057e-01	4.990846e-01	4.768081e-01	5.042619e-01	0.000000e+00	1	6.832914e-02
4.471629e-01	8.502096e-01	3.200315e-01	2.047262e-01	6.917570e-01	4.497254e-01	4.380076e-01	5.001528e-01	4.543782e-01	4.973012e-01	4.922125e-01	5.004040e-01	5.483085e-01	5.117693e-01	5.393031e-01	0.000000e+00	1	6.703166e-02
7.928643e-01	2.928719e-01	5.427146e-01	3.633807e-01	2.252606e-01	5.009762e-01	5.029902e-01	4.544419e-01	4.903062e-01	4.662097e-01	5.052816e-01	5.017211e-01	4.981282e-01	5.332703e-01	4.989860e-01	0.000000e+00	1	6.560349e-02
2.320171e-01	4.827850e-01	8.688307e-01	6.482861e-01	7.147996e-01	4.619133e-01	5.289162e-01	4.690658e-01	5.038041e-01	4.872191e-01	4.818982e-01	4.998739e-01	3.719460e-01	4.770132e-01	5.009450e-01	0.000000e+00	1	6.497832e-02
2.492867e-01	4.492869e-01	8.668619e-01	6.593740e-01	6.775146e-01	5.155090e-01	4.763760e-01	4.910618e-01	4.313102e-01	5.007417e-01	5.177292e-01	5.014500e-01	5.320123e-01	4.872136e-01	4.756199e-01	0.000000e+00	1	6.291405e-02
5.120507e-01	7.322927e-01	4.600205e-01	3.026692e-01	6.115232e-01	5.045794e-01	4.994300e-01	4.501153e-01	4.997603e-01	5.198695e-01	5.001725e-01	5.013706e-01	4.622862e-01	5.006266e-01	4.736982e-01	0.000000e+00	1	6.271155e-02
6.326679e-02	3.115991e-01	9.500487e-01	7.943991e-01	8.724748e-01	5.066403e-01	5.008931e-01	5.019827e-01	5.001999e-01	4.868418e-01	5.081298e-01	5.005905e-01	4.979534e-01	5.206771e-01	5.335065e-01	0.000000e+00	1	6.202174e-02
8.273860e-01	2.270429e-01	5.508984e-01	3.633807e-01	1.704979e-01	5.089940e-01	5.030177e-01	4.656870e-01	4.903062e-01	4.662097e-01	5.052816e-01	5.003390e-01	4.981282e-01	3.693306e-01	4.989443e-01	0.000000e+00	1	6.194377e-02
6.806936e-02	6.519915e-02	9.967324e-01	9.399760e-01	4.862912e-01	4.987297e-01	5.047076e-01	4.998376e-01	5.044783e-01	4.708235e-01	5.004856e-01	5.155065e-01	4.987441e-01	5.064702e-01	4.999776e-01	0.000000e+00	1	6.163186e-02
