2.610038e-30	1.615578e-15	1.000021e+00	1.000000e+00	1.000000e+00	5.012145e-01	5.027358e-01	5.002385e-01	4.997694e-01	5.012756e-01	5.002065e-01	4.973534e-01	4.983457e-01	4.998495e-01	4.999774e-01	0.000000e+00	1	1.000000e+14
1.000667e+00	3.000610e-03	4.362761e-17	2.775558e-17	1.908969e-03	5.033835e-01	5.008177e-01	4.988571e-01	5.039281e-01	4.897873e-01	5.095087e-01	5.016546e-01	4.789413e-01	4.991152e-01	4.993131e-01	0.000000e+00	1	1.000000e+14
2.632336e-07	1.008061e+00	3.605504e-05	2.276981e-05	9.999998e-01	4.971347e-01	4.248789e-01	5.021751e-01	4.933800e-01	5.353933e-01	5.002718e-01	5.201801e-01	5.223385e-01	5.142005e-01	4.998229e-01	0.000000e+00	1	1.000000e+14
1.615770e-15	3.397127e-32	1.000140e+00	1.000000e+00	1.338481e-17	4.971992e-01	5.008682e-01	5.022721e-01	5.021691e-01	4.994282e-01	5.039626e-01	4.911077e-01	4.982367e-01	5.000011e-01	5.047845e-01	0.000000e+00	1	1.000000e+14
6.103543e-02	9.981443e-01	4.359873e-17	2.775558e-17	9.611198e-01	5.012134e-01	5.008937e-01	5.002738e-01	4.997202e-01	5.011072e-01	5.001570e-01	5.016421e-01	4.987984e-01	4.996489e-01	4.991479e-01	0.000000e+00	1	1.000000e+14
1.052973e-15	1.275705e-15	1.023889e+00	1.000000e+00	5.607066e-01	5.036584e-01	5.261533e-01	4.989763e-01	5.053887e-01	4.169076e-01	4.976326e-01	4.973534e-01	5.167611e-01	4.998495e-01	3.736512e-01	0.000000e+00	1	1.000000e+14
5.120507e-01	7.322927e-01	4.600205e-01	3.026692e-01	6.115232e-01	5.045794e-01	4.994300e-01	4.501153e-01	4.997603e-01	5.198695e-01	5.001725e-01	5.013706e-01	4.622862e-01	5.006266e-01	4.736982e-01	0.000000e+00	1	1.672560e-01
6.798559e-01	4.457896e-01	5.916072e-01	4.004838e-01	3.694814e-01	5.013527e-01	4.897100e-01	4.852052e-01	4.953581e-01	4.660580e-01	4.983838e-01	5.459405e-01	4.577089e-01	5.056250e-01	5.041690e-01	0.000000e+00	1	1.290268e-01
4.352688e-01	2.631922e-01	8.635662e-01	6.611249e-01	3.462214e-01	4.971851e-01	5.004138e-01	4.737017e-01	4.921903e-01	4.975201e-01	5.371197e-01	5.009658e-01	4.927004e-01	5.026151e-01	5.054389e-01	0.000000e+00	1	1.253996e-01
1.616367e-01	9.083230e-01	4.130691e-01	2.679925e-01	8.878866e-01	4.324054e-01	5.010132e-01	4.814639e-01	5.023876e-01	5.239057e-01	4.472747e-01	5.013858e-01	4.873361e-01	4.692835e-01	5.382920e-01	0.000000e+00	1	1.215001e-01
2.321185e-01	5.941783e-02	9.724481e-01	8.462058e-01	1.595366e-01	4.968694e-01	5.003459e-01	5.019790e-01	4.983092e-01	4.983274e-01	5.043322e-01	4.775531e-01	4.982367e-01	4.686379e-01	5.015648e-01	0.000000e+00	1	1.153538e-01
6.159342e-01	3.191446e-01	7.203878e-01	5.120106e-01	3.043423e-01	5.009797e-01	5.027350e-01	4.971586e-01	4.997694e-01	5.012756e-01	4.953818e-01	5.056002e-01	4.954409e-01	4.987053e-01	4.997045e-01	0.000000e+00	1	1.138126e-01
8.701433e-01	5.102777e-01	1.935221e-02	1.221190e-02	3.376513e-01	4.310533e-01	5.008300e-01	4.884870e-01	4.988995e-01	5.303794e-01	5.002783e-01	4.496445e-01	4.991050e-01	4.764237e-01	4.967676e-01	0.000000e+00	1	1.137887e-01
9.693371e-01	2.506169e-01	4.404339e-02	2.798694e-02	1.610676e-01	5.269454e-01	4.958418e-01	4.878128e-01	5.057940e-01	5.031934e-01	5.103089e-01	5.016714e-01	4.791401e-01	5.264414e-01	4.995778e-01	0.000000e+00	1	1.095602e-01
8.515345e-01	3.300859e-02	5.471755e-01	3.633807e-01	2.466536e-02	5.055643e-01	5.131561e-01	4.554114e-01	4.903062e-01	4.662097e-01	5.049728e-01	5.017211e-01	4.981282e-01	5.962261e-01	4.988540e-01	0.000000e+00	1	1.053729e-01
9.616801e-01	2.352248e-01	2.031486e-01	1.288424e-01	1.527173e-01	4.308102e-01	5.238378e-01	4.878245e-01	4.313102e-01	5.041485e-01	4.803788e-01	5.002610e-01	4.945750e-01	5.003264e-01	4.980742e-01	0.000000e+00	1	1.033527e-01
5.641042e-01	3.698898e-01	7.445784e-01	5.313842e-01	3.694814e-01	5.013527e-01	4.902884e-01	4.852052e-01	4.953581e-01	4.688863e-01	4.983913e-01	5.016437e-01	4.577089e-01	5.398404e-01	5.042137e-01	0.000000e+00	1	1.013230e-01
9.328091e-01	3.775685e-01	8.618199e-02	5.438759e-02	2.448487e-01	5.120865e-01	4.840109e-01	4.340522e-01	4.625017e-01	4.492207e-01	4.662174e-01	5.011079e-01	4.894872e-01	5.006788e-01	4.955224e-01	0.000000e+00	1	9.934780e-02
5.927348e-01	3.143093e-01	7.674419e-01	5.426598e-01	3.103961e-01	4.056432e-01	5.010793e-01	5.060051e-01	5.634185e-01	5.208935e-01	4.748037e-01	5.719489e-01	5.056130e-01	4.920602e-01	4.926735e-01	0.000000e+00	1	9.901806e-02
9.021514e-01	2.303806e-01	3.815010e-01	2.475600e-01	1.591705e-01	5.037612e-01	4.742796e-01	5.717230e-01	5.039164e-01	4.850321e-01	5.000413e-01	4.974138e-01	4.983775e-01	5.126362e-01	4.999321e-01	0.000000e+00	1	9.812771e-02
2.350926e-01	9.756522e-01	1.348254e-01	8.501757e-02	8.494700e-01	5.055226e-01	4.535423e-01	4.540382e-01	5.018659e-01	5.025544e-01	5.013741e-01	5.890063e-01	4.919099e-01	5.168435e-01	4.971583e-01	0.000000e+00	1	9.508245e-02
3.146804e-01	9.239056e-01	2.500573e-01	1.596675e-01	7.910140e-01	4.412758e-01	4.763011e-01	5.062917e-01	5.235278e-01	4.845080e-01	4.659057e-01	5.017759e-01	5.373109e-01	4.878543e-01	5.000757e-01	0.000000e+00	1	9.464546e-02
3.639272e-01	4.766357e-01	8.262681e-01	6.003188e-01	5.848562e-01	5.108374e-01	5.014868e-01	4.684850e-01	4.087871e-01	5.904143e-01	4.970862e-01	5.010981e-01	5.522749e-01	5.062577e-01	4.762643e-01	0.000000e+00	1	9.295251e-02
1.163583e-01	6.531030e-01	7.525041e-01	5.400163e-01	8.877561e-01	5.112238e-01	5.286623e-01	5.050895e-01	5.004907e-01	4.631234e-01	4.746457e-01	4.927403e-01	5.064092e-01	5.088286e-01	4.955810e-01	0.000000e+00	1	9.278331e-02
4.525185e-01	1.168930e-01	8.934014e-01	6.931580e-01	1.609315e-01	4.704553e-01	4.955784e-01	4.941300e-01	4.456571e-01	5.033164e-01	5.385096e-01	4.999994e-01	5.371875e-01	5.264414e-01	4.715174e-01	0.000000e+00	1	9.208762e-02
2.063943e-01	5.965946e-01	7.859468e-01	5.691990e-01	7.879637e-01	4.899983e-01	5.010793e-01	4.999894e-01	5.043425e-01	5.208935e-01	4.746884e-01	5.824494e-01	5.056130e-01	4.928863e-01	4.971583e-01	0.000000e+00	1	9.128591e-02
7.414347e-01	1.395908e-01	6.722457e-01	4.633549e-01	1.184704e-01	4.418082e-01	5.009178e-01	5.008937e-01	4.412647e-01	4.934139e-01	4.401805e-01	5.016846e-01	5.064858e-01	4.985795e-01	4.990021e-01	0.000000e+00	1	8.958569e-02
9.142902e-02	4.888914e-01	8.731172e-01	6.703578e-01	8.823034e-01	4.974687e-01	4.795379e-01	5.025002e-01	5.033345e-01	5.033801e-01	5.129016e-01	5.644838e-01	4.927836e-01	4.998572e-01	4.965980e-01	0.000000e+00	1	8.950734e-02
2.214539e-02	7.020983e-01	7.267990e-01	5.108457e-01	9.799266e-01	4.388880e-01	5.025477e-01	5.133139e-01	4.256910e-01	5.107464e-01	5.012055e-01	4.852204e-01	5.303377e-01	4.915089e-01	4.970890e-01	0.000000e+00	1	8.786283e-02
5.505912e-02	7.722579e-01	6.487909e-01	4.440315e-01	9.546880e-01	5.049491e-01	5.013097e-01	4.972908e-01	5.041198e-01	5.490218e-01	5.237714e-01	5.046607e-01	5.804691e-01	4.968254e-01	4.756150e-01	0.000000e+00	1	8.737354e-02
4.891435e-01	8.553646e-01	1.806069e-01	1.154066e-01	6.692973e-01	4.969559e-01	4.945836e-01	5.021603e-01	5.032187e-01	4.889176e-01	4.745513e-01	5.293897e-01	4.927770e-01	5.016028e-01	5.044999e-01	0.000000e+00	1	8.522476e-02
5.531991e-01	3.244123e-01	7.799022e-01	5.618878e-01	3.376513e-01	4.310533e-01	5.008300e-01	4.884870e-01	4.988995e-01	5.414962e-01	5.002783e-01	4.496445e-01	4.991050e-01	4.764237e-01	4.967676e-01	0.000000e+00	1	8.490545e-02
8.501500e-03	7.619746e-01	6.624948e-01	4.555933e-01	9.928974e-01	5.049491e-01	5.013097e-01	4.972908e-01	5.041198e-01	5.449975e-01	5.237714e-01	5.045470e-01	5.804691e-01	4.968254e-01	4.756150e-01	0.000000e+00	1	8.468019e-02
9.822143e-01	1.947494e-01	1.237642e-01	7.828863e-02	1.246102e-01	4.482998e-01	4.949528e-01	4.985537e-01	4.975790e-01	4.853876e-01	4.985177e-01	4.483890e-01	5.393623e-01	4.639720e-01	4.771599e-01	0.000000e+00	1	8.449722e-02
5.045296e-01	7.839216e-01	3.678968e-01	2.392879e-01	6.359421e-01	4.969559e-01	4.963184e-01	5.213192e-01	5.032187e-01	4.889176e-01	4.745513e-01	5.293897e-01	4.927770e-01	5.016028e-01	5.060409e-01	0.000000e+00	1	8.305674e-02
9.378413e-01	1.765685e-01	3.939082e-01	2.492120e-01	1.184704e-01	6.047927e-01	4.746102e-01	5.098352e-01	4.315495e-01	4.934139e-01	4.338416e-01	6.039309e-01	4.719931e-01	4.985795e-01	4.990021e-01	0.000000e+00	1	8.281658e-02
4.007105e-01	7.945122e-02	9.170452e-01	7.332080e-01	1.246102e-01	4.977962e-01	4.742026e-01	5.005254e-01	5.016793e-01	4.855563e-01	5.170635e-01	4.945475e-01	5.372848e-01	4.648387e-01	5.094612e-01	0.000000e+00	1	8.038808e-02
2.702524e-01	9.396034e-01	2.504856e-01	1.596675e-01	8.217056e-01	4.132663e-01	4.933301e-01	5.062917e-01	5.235278e-01	4.845080e-01	4.839419e-01	5.017417e-01	4.784328e-01	4.878543e-01	5.000757e-01	0.000000e+00	1	7.965646e-02
7.880471e-01	5.566178e-01	3.358744e-01	2.132715e-01	3.914949e-01	5.131701e-01	4.956551e-01	5.700979e-01	4.467582e-01	5.092064e-01	5.014393e-01	5.929737e-01	4.957722e-01	5.145506e-01	4.315006e-01	0.000000e+00	1	7.880222e-02
1.369005e-01	7.928634e-01	6.011663e-01	4.085092e-01	8.911507e-01	4.770158e-01	5.004336e-01	4.899217e-01	5.604845e-01	4.973164e-01	5.001496e-01	4.979860e-01	4.952865e-01	5.064702e-01	5.037643e-01	0.000000e+00	1	7.788968e-02
3.245556e-01	8.065121e-01	5.204029e-01	3.433861e-01	7.564357e-01	4.482998e-01	4.949528e-01	4.836389e-01	4.371870e-01	4.853786e-01	4.985177e-01	4.464151e-01	5.393623e-01	4.698438e-01	4.723666e-01	0.000000e+00	1	7.699314e-02
7.727878e-01	1.998001e-01	6.120001e-01	4.164260e-01	1.610676e-01	5.269454e-01	5.175811e-01	4.880290e-01	4.530845e-01	4.839483e-01	5.184744e-01	4.976755e-01	4.886041e-01	5.264414e-01	4.683334e-01	0.000000e+00	1	7.494949e-02
7.298686e-01	2.250443e-01	6.743068e-01	4.604443e-01	1.904042e-01	3.997633e-01	5.005102e-01	4.375286e-01	4.410254e-01	4.849034e-01	4.666053e-01	5.013010e-01	5.069223e-01	4.978857e-01	4.957173e-01	0.000000e+00	1	7.444068e-02
3.607669e-01	9.333916e-02	9.346534e-01	7.584761e-01	1.611748e-01	4.697936e-01	4.955784e-01	4.941300e-01	4.456571e-01	5.033164e-01	5.378409e-01	4.999994e-01	4.885763e-01	5.264414e-01	4.968973e-01	0.000000e+00	1	7.437336e-02
5.379398e-01	8.235683e-01	3.082145e-01	1.933010e-01	6.316463e-01	5.097498e-01	4.956551e-01	5.086540e-01	3.545049e-01	4.939507e-01	4.397540e-01	4.980362e-01	5.062517e-01	5.265136e-01	4.287632e-01	0.000000e+00	1	7.398212e-02
8.277405e-01	5.427592e-01	1.735840e-01	1.105198e-01	3.694814e-01	5.057859e-01	5.004389e-01	4.852070e-01	4.953581e-01	4.688863e-01	5.011087e-01	4.992306e-01	5.453849e-01	5.398404e-01	5.057918e-01	0.000000e+00	1	7.374187e-02
6.985433e-01	1.691332e-01	7.096722e-01	4.959644e-01	1.512298e-01	4.307699e-01	4.901372e-01	4.911047e-01	4.635963e-01	4.489127e-01	4.668861e-01	5.012893e-01	4.946028e-01	5.003264e-01	4.955960e-01	0.000000e+00	1	7.308749e-02
2.851327e-01	1.930289e-01	9.499396e-01	7.786203e-01	3.788576e-01	5.057859e-01	4.898450e-01	4.852070e-01	4.932213e-01	4.851437e-01	5.011087e-01	5.876444e-01	5.453849e-01	4.954628e-01	5.057918e-01	0.000000e+00	1	7.304780e-02
8.390166e-01	5.501531e-01	8.724353e-02	5.521920e-02	3.694814e-01	5.013527e-01	4.902884e-01	4.852052e-01	4.953581e-01	4.627755e-01	4.413709e-01	5.016437e-01	4.820596e-01	5.398404e-01	5.042137e-01	0.000000e+00	1	7.297393e-02
3.521180e-01	4.843698e-01	8.250917e-01	6.003188e-01	5.998256e-01	4.423303e-01	4.995740e-01	4.684850e-01	4.395033e-01	5.904143e-01	4.970862e-01	5.010981e-01	5.522749e-01	5.062577e-01	4.762643e-01	0.000000e+00	1	7.296742e-02
7.414159e-01	4.102089e-01	5.447212e-01	3.637294e-01	3.217198e-01	5.108601e-01	4.949528e-01	4.836389e-01	4.371870e-01	4.852857e-01	4.984064e-01	4.991957e-01	5.393623e-01	4.851426e-01	4.688256e-01	0.000000e+00	1	7.294833e-02
5.888365e-01	3.915525e-01	7.316504e-01	5.108457e-01	3.735811e-01	4.388880e-01	5.025477e-01	5.133139e-01	4.256910e-01	4.362407e-01	4.426476e-01	4.966947e-01	5.252438e-01	4.915089e-01	4.970890e-01	0.000000e+00	1	7.207048e-02
8.127866e-01	1.697092e-01	5.749803e-01	3.855777e-01	1.310430e-01	4.195818e-01	5.011835e-01	4.911839e-01	4.832974e-01	4.951210e-01	4.676224e-01	5.446459e-01	4.954585e-01	5.058946e-01	5.041563e-01	0.000000e+00	1	7.036686e-02
7.878747e-01	5.606233e-01	2.755377e-01	1.767196e-01	3.937143e-01	5.280666e-01	5.007034e-01	4.494015e-01	5.068602e-01	5.187414e-01	5.002327e-01	5.035447e-01	5.413135e-01	5.012498e-01	5.005868e-01	0.000000e+00	1	6.880048e-02
1.707988e-01	9.586698e-01	2.913434e-01	1.850754e-01	8.877561e-01	5.112358e-01	5.286623e-01	5.050895e-01	5.517436e-01	4.631234e-01	4.746457e-01	4.927403e-01	5.158219e-01	6.021736e-01	4.955810e-01	0.000000e+00	1	6.462596e-02
8.502763e-01	2.171333e-01	4.893187e-01	3.238169e-01	1.591705e-01	5.031948e-01	4.735025e-01	5.615202e-01	5.038880e-01	4.850321e-01	5.000413e-01	4.974167e-01	4.999376e-01	4.955114e-01	4.993924e-01	0.000000e+00	1	6.233059e-02
