1.639992e-15	1.015133e+00	9.216886e-02	5.764378e-02	1.000000e+00	5.012144e-01	5.027358e-01	5.002935e-01	4.997196e-01	5.012756e-01	4.088008e-01	4.973534e-01	4.983457e-01	4.998444e-01	3.952602e-01	0.000000e+00	1	1.000000e+14
1.000667e+00	3.000610e-03	4.362761e-17	2.775558e-17	1.908969e-03	5.033835e-01	5.008177e-01	4.988571e-01	5.039281e-01	4.897873e-01	5.095087e-01	5.016546e-01	4.789413e-01	4.991152e-01	4.993131e-01	0.000000e+00	1	1.000000e+14
1.615770e-15	3.397127e-32	1.000140e+00	1.000000e+00	1.338481e-17	4.971992e-01	5.008682e-01	5.022721e-01	5.021691e-01	4.994282e-01	5.039626e-01	4.911077e-01	4.982367e-01	5.000011e-01	5.047845e-01	0.000000e+00	1	1.000000e+14
2.610038e-30	1.615578e-15	1.000021e+00	1.000000e+00	1.000000e+00	5.012145e-01	5.027358e-01	5.002385e-01	4.997694e-01	5.012756e-01	5.002065e-01	4.973534e-01	4.983457e-01	4.998495e-01	4.999774e-01	0.000000e+00	1	1.000000e+14
1.048892e-15	1.270762e-15	1.019922e+00	1.000000e+00	5.607066e-01	5.036584e-01	4.678274e-01	5.183797e-01	4.542567e-01	4.856697e-01	4.987041e-01	4.964600e-01	5.161065e-01	4.998495e-01	3.736512e-01	0.000000e+00	1	1.000000e+14
6.103543e-02	9.981443e-01	4.359873e-17	2.775558e-17	9.611198e-01	5.012134e-01	5.008937e-01	5.002738e-01	4.997202e-01	5.011072e-01	5.001570e-01	5.016421e-01	4.987984e-01	4.996489e-01	4.991479e-01	0.000000e+00	1	1.000000e+14
5.888365e-01	3.915525e-01	7.316504e-01	5.108457e-01	3.735811e-01	4.388880e-01	5.025477e-01	5.133139e-01	4.256910e-01	4.362407e-01	4.426476e-01	4.966947e-01	5.252438e-01	4.915089e-01	4.970890e-01	0.000000e+00	1	1.793671e-01
3.710444e-01	6.197034e-01	7.463404e-01	5.104234e-01	6.565460e-01	5.101667e-01	5.014868e-01	5.012911e-01	3.770428e-01	5.904143e-01	4.970862e-01	5.010981e-01	5.482376e-01	5.063848e-01	3.866792e-01	0.000000e+00	1	1.537088e-01
2.320346e-01	5.939635e-02	9.720966e-01	8.462058e-01	1.595366e-01	5.073411e-01	5.003398e-01	5.019790e-01	4.983092e-01	4.983274e-01	4.998562e-01	4.775531e-01	4.982367e-01	4.756923e-01	5.027913e-01	0.000000e+00	1	1.339795e-01
4.461500e-01	2.697718e-01	8.588024e-01	6.526500e-01	3.462214e-01	4.999268e-01	4.954843e-01	4.813330e-01	4.965001e-01	5.235038e-01	5.371197e-01	4.517738e-01	4.959899e-01	5.026151e-01	5.036124e-01	0.000000e+00	1	1.217600e-01
5.045296e-01	7.839216e-01	3.678968e-01	2.392879e-01	6.359421e-01	4.969559e-01	4.963184e-01	5.213192e-01	5.032187e-01	4.889176e-01	4.745513e-01	5.293897e-01	4.927770e-01	5.016028e-01	5.060409e-01	0.000000e+00	1	1.211888e-01
1.881939e-03	6.735101e-01	7.639896e-01	5.400163e-01	9.982211e-01	4.542568e-01	5.320381e-01	5.050895e-01	5.004907e-01	4.631234e-01	4.746457e-01	4.972405e-01	4.990791e-01	5.088286e-01	3.849136e-01	0.000000e+00	1	1.165421e-01
6.798559e-01	4.457896e-01	5.916072e-01	4.004838e-01	3.694814e-01	5.013527e-01	4.897100e-01	4.852052e-01	4.953581e-01	4.660580e-01	4.983838e-01	5.459405e-01	4.577089e-01	5.056250e-01	5.041690e-01	0.000000e+00	1	1.155629e-01
1.103577e-01	6.394760e-01	7.840628e-01	5.598576e-01	8.912068e-01	5.031605e-01	5.018803e-01	5.117312e-01	5.039827e-01	5.360945e-01	5.002264e-01	5.047081e-01	3.724498e-01	4.998568e-01	4.964890e-01	0.000000e+00	1	1.153456e-01
7.226965e-01	4.711367e-01	5.511396e-01	3.619166e-01	3.677882e-01	5.018351e-01	4.897100e-01	4.852052e-01	4.982492e-01	4.660580e-01	4.983838e-01	5.459405e-01	4.577089e-01	4.703037e-01	6.321330e-01	0.000000e+00	1	1.143585e-01
6.369761e-01	7.717142e-01	1.158474e-01	7.337687e-02	5.607066e-01	5.036584e-01	5.261533e-01	4.989763e-01	5.053887e-01	4.207807e-01	4.976326e-01	4.973795e-01	5.167611e-01	4.998391e-01	5.052502e-01	0.000000e+00	1	1.085175e-01
1.482548e-01	8.586219e-01	5.303320e-01	3.480747e-01	8.911507e-01	3.769552e-01	5.001187e-01	5.041995e-01	5.598476e-01	4.845162e-01	4.841759e-01	4.819007e-01	4.794110e-01	5.059700e-01	5.037643e-01	0.000000e+00	1	1.070037e-01
6.159342e-01	3.191446e-01	7.203878e-01	5.120106e-01	3.043423e-01	5.009797e-01	5.027350e-01	4.971586e-01	4.997694e-01	5.012756e-01	4.953818e-01	5.056002e-01	4.954409e-01	4.987053e-01	4.997045e-01	0.000000e+00	1	1.058138e-01
2.050453e-01	5.926954e-01	7.808100e-01	5.691990e-01	7.879637e-01	4.899983e-01	5.010793e-01	4.999894e-01	5.043425e-01	5.208935e-01	4.746884e-01	5.144666e-01	5.056130e-01	4.928863e-01	4.971583e-01	0.000000e+00	1	1.024331e-01
1.333861e-01	9.755108e-01	2.406040e-01	1.525806e-01	9.134886e-01	5.018850e-01	5.027358e-01	4.674875e-01	4.997196e-01	5.012756e-01	4.088008e-01	4.973534e-01	4.904755e-01	4.649222e-01	4.466663e-01	0.000000e+00	1	1.023147e-01
2.702524e-01	9.396034e-01	2.504856e-01	1.596675e-01	8.217056e-01	4.132663e-01	4.933301e-01	5.062917e-01	5.235278e-01	4.845080e-01	4.839419e-01	5.017417e-01	4.784328e-01	4.878543e-01	5.000757e-01	0.000000e+00	1	9.999722e-02
1.007401e-01	9.363859e-01	3.392981e-01	2.201395e-01	9.317723e-01	5.133270e-01	4.936450e-01	4.920139e-01	5.241647e-01	4.973082e-01	4.999156e-01	4.980996e-01	4.943083e-01	4.883545e-01	5.000757e-01	0.000000e+00	1	9.628150e-02
3.701813e-01	1.271799e-01	9.301321e-01	7.464180e-01	2.106748e-01	5.120865e-01	4.837377e-01	4.313724e-01	4.581636e-01	5.462736e-01	4.966613e-01	5.011079e-01	4.894872e-01	5.006788e-01	5.006473e-01	0.000000e+00	1	9.611721e-02
4.528721e-01	7.954243e-01	4.298189e-01	2.794911e-01	6.705014e-01	4.324054e-01	4.970858e-01	4.875947e-01	4.608771e-01	5.241711e-01	4.532828e-01	5.013858e-01	4.861781e-01	4.693245e-01	5.322967e-01	0.000000e+00	1	9.479923e-02
6.664624e-01	2.876959e-01	7.043373e-01	4.903997e-01	2.594300e-01	4.472694e-01	4.901372e-01	4.911047e-01	4.618682e-01	4.489127e-01	4.668861e-01	5.012893e-01	5.470004e-01	4.667889e-01	4.955960e-01	0.000000e+00	1	9.356392e-02
9.177723e-01	8.023192e-02	4.124781e-01	2.679925e-01	5.551236e-02	4.471732e-01	4.753504e-01	4.685173e-01	5.023876e-01	5.239057e-01	4.472747e-01	5.017191e-01	4.972346e-01	5.131570e-01	5.382920e-01	0.000000e+00	1	9.259641e-02
9.693371e-01	2.506169e-01	4.404339e-02	2.798694e-02	1.610676e-01	5.269454e-01	4.958418e-01	4.878128e-01	5.057940e-01	5.031934e-01	5.103089e-01	5.016714e-01	4.791401e-01	5.264414e-01	4.995778e-01	0.000000e+00	1	9.236405e-02
8.579618e-01	5.031341e-01	1.664149e-01	1.055399e-01	3.376513e-01	4.310399e-01	5.008300e-01	4.884870e-01	5.044391e-01	5.080467e-01	4.819793e-01	4.496445e-01	4.942795e-01	4.764237e-01	4.967676e-01	0.000000e+00	1	9.099891e-02
8.423706e-02	4.881179e-01	8.695466e-01	6.703578e-01	8.912068e-01	4.974687e-01	4.792589e-01	5.025002e-01	5.033345e-01	4.860239e-01	5.003271e-01	5.044464e-01	4.927836e-01	4.998568e-01	4.965980e-01	0.000000e+00	1	9.095121e-02
7.712804e-01	1.994104e-01	6.108063e-01	4.164260e-01	1.610676e-01	5.269454e-01	5.202792e-01	4.880290e-01	4.929971e-01	4.837892e-01	5.184744e-01	4.976755e-01	4.886041e-01	5.279629e-01	4.683334e-01	0.000000e+00	1	9.077116e-02
3.240209e-01	8.051831e-01	5.195454e-01	3.433861e-01	7.564357e-01	5.295590e-01	4.949528e-01	5.005058e-01	4.371870e-01	5.005694e-01	5.039882e-01	4.427434e-01	5.393623e-01	4.698438e-01	4.691220e-01	0.000000e+00	1	9.063312e-02
2.903811e-01	8.393634e-01	4.642928e-01	3.066481e-01	7.879637e-01	4.899983e-01	4.739413e-01	4.999894e-01	5.043873e-01	5.208935e-01	4.746884e-01	5.144666e-01	5.080002e-01	4.928863e-01	4.971583e-01	0.000000e+00	1	8.695552e-02
2.211208e-02	7.010422e-01	7.257058e-01	5.108457e-01	9.799266e-01	4.525024e-01	5.027188e-01	4.971070e-01	4.256910e-01	5.122629e-01	5.096324e-01	4.852204e-01	5.303377e-01	4.915089e-01	4.970890e-01	0.000000e+00	1	8.577830e-02
6.937112e-01	3.401925e-01	6.513647e-01	4.459145e-01	2.902567e-01	5.013527e-01	5.009635e-01	5.738758e-01	4.985466e-01	4.660580e-01	4.983838e-01	5.459405e-01	4.577089e-01	5.056250e-01	5.041690e-01	0.000000e+00	1	8.442070e-02
5.346811e-01	8.185794e-01	3.063474e-01	1.933010e-01	6.316463e-01	5.097498e-01	4.956551e-01	5.086540e-01	3.545049e-01	4.939507e-01	4.439670e-01	4.980362e-01	5.062517e-01	5.006887e-01	4.952592e-01	0.000000e+00	1	8.319841e-02
2.851327e-01	1.930289e-01	9.499396e-01	7.786203e-01	3.788576e-01	5.057859e-01	4.898450e-01	4.852070e-01	4.932213e-01	4.851437e-01	5.011087e-01	5.876444e-01	5.453849e-01	4.954628e-01	5.057918e-01	0.000000e+00	1	8.126488e-02
2.879580e-01	4.408543e-01	8.844733e-01	6.581418e-01	6.316463e-01	5.056444e-01	4.889194e-01	5.086540e-01	3.598440e-01	4.939507e-01	4.397540e-01	4.980362e-01	5.072188e-01	5.261124e-01	4.287632e-01	0.000000e+00	1	8.123807e-02
7.034846e-01	2.149187e-01	6.797727e-01	4.749103e-01	1.887580e-01	4.971992e-01	5.008682e-01	5.022721e-01	5.021691e-01	4.846819e-01	5.069445e-01	4.762671e-01	4.982367e-01	4.735657e-01	5.042468e-01	0.000000e+00	1	8.026860e-02
7.878747e-01	5.606233e-01	2.755377e-01	1.767196e-01	3.937143e-01	5.280666e-01	5.007034e-01	4.494015e-01	5.068602e-01	5.187414e-01	5.002327e-01	5.035447e-01	5.413135e-01	5.012498e-01	5.005868e-01	0.000000e+00	1	7.995066e-02
1.616367e-01	9.083230e-01	4.130691e-01	2.679925e-01	8.878866e-01	4.324054e-01	5.010132e-01	4.814639e-01	5.023876e-01	5.239057e-01	4.472747e-01	5.013858e-01	4.873361e-01	4.692835e-01	5.382920e-01	0.000000e+00	1	7.889839e-02
5.347462e-01	7.647500e-01	3.928024e-01	2.536441e-01	6.115232e-01	5.045794e-01	5.087480e-01	4.501153e-01	4.997603e-01	5.198695e-01	5.928329e-01	5.013706e-01	4.953228e-01	5.123637e-01	4.736982e-01	0.000000e+00	1	7.884403e-02
9.960588e-01	1.207675e-01	4.374455e-17	2.775558e-17	7.681229e-02	5.033835e-01	5.008177e-01	4.988571e-01	5.038997e-01	4.897873e-01	5.106679e-01	4.899138e-01	5.487783e-01	4.991152e-01	5.249947e-01	0.000000e+00	1	7.784569e-02
8.157079e-01	5.755519e-01	1.825123e-01	1.151154e-01	3.911806e-01	5.016156e-01	3.935930e-01	5.081107e-01	4.900454e-01	5.235038e-01	5.194771e-01	4.509403e-01	4.959899e-01	5.026151e-01	5.036124e-01	0.000000e+00	1	7.525348e-02
8.724737e-01	2.228018e-01	4.527460e-01	2.965851e-01	1.591705e-01	5.037612e-01	4.649616e-01	5.717230e-01	5.039164e-01	4.834533e-01	5.000413e-01	4.974138e-01	4.653410e-01	5.008991e-01	4.999321e-01	0.000000e+00	1	7.260955e-02
4.299357e-02	1.014267e+00	8.597506e-02	5.378679e-02	9.730306e-01	4.970151e-01	5.008682e-01	5.006400e-01	5.020371e-01	5.011529e-01	4.000070e-01	4.911077e-01	4.983331e-01	5.000011e-01	4.066431e-01	0.000000e+00	1	7.020006e-02
8.471846e-01	3.283997e-02	5.443804e-01	3.633807e-01	2.466536e-02	5.627944e-01	5.014243e-01	4.432596e-01	4.903062e-01	4.905484e-01	5.041972e-01	5.017206e-01	5.004196e-01	4.867082e-01	4.988635e-01	0.000000e+00	1	6.926020e-02
8.277405e-01	5.427592e-01	1.735840e-01	1.105198e-01	3.694814e-01	5.057859e-01	5.004389e-01	4.852070e-01	4.953581e-01	4.688863e-01	5.011087e-01	4.992306e-01	5.453849e-01	5.398404e-01	5.057918e-01	0.000000e+00	1	6.913925e-02
5.094817e-01	3.340732e-01	8.111188e-01	5.898809e-01	3.694814e-01	4.104306e-01	4.897100e-01	4.852052e-01	4.953581e-01	4.680788e-01	4.735429e-01	5.459405e-01	4.534923e-01	5.056250e-01	4.930861e-01	0.000000e+00	1	6.912275e-02
1.707988e-01	9.586698e-01	2.913434e-01	1.850754e-01	8.877561e-01	5.112358e-01	5.286623e-01	5.050895e-01	5.517436e-01	4.631234e-01	4.746457e-01	4.927403e-01	5.158219e-01	6.021736e-01	4.955810e-01	0.000000e+00	1	6.852819e-02
7.929347e-01	4.193745e-01	4.617951e-01	3.026692e-01	3.097097e-01	4.686693e-01	4.960169e-01	4.926100e-01	5.215367e-01	5.799836e-01	4.859432e-01	5.010398e-01	5.142018e-01	5.006266e-01	5.241650e-01	0.000000e+00	1	6.539941e-02
9.788414e-01	2.935165e-03	2.103180e-01	1.347377e-01	1.908969e-03	4.976917e-01	4.781963e-01	4.988571e-01	5.032799e-01	4.768778e-01	5.096094e-01	5.013929e-01	4.920687e-01	4.991152e-01	4.994222e-01	0.000000e+00	1	6.256581e-02
3.971380e-02	5.570248e-01	8.502099e-01	6.300235e-01	9.546880e-01	4.241251e-01	5.013097e-01	4.977787e-01	5.039506e-01	5.842595e-01	5.237714e-01	5.056043e-01	5.559213e-01	4.968254e-01	4.756150e-01	0.000000e+00	1	6.244292e-02
9.021514e-01	2.303806e-01	3.815010e-01	2.475600e-01	1.591705e-01	5.037612e-01	4.742796e-01	5.717230e-01	5.039164e-01	4.850321e-01	5.000413e-01	4.974138e-01	4.983775e-01	5.126362e-01	4.999321e-01	0.000000e+00	1	6.145047e-02
5.233954e-01	7.485169e-01	4.318711e-01	2.811848e-01	6.115232e-01	5.026188e-01	4.285571e-01	4.501153e-01	4.995433e-01	5.187392e-01	5.001764e-01	5.014497e-01	5.408438e-01	5.006101e-01	4.736982e-01	0.000000e+00	1	6.053193e-02
3.495112e-01	8.530776e-01	4.127590e-01	2.679925e-01	7.524531e-01	4.324054e-01	5.010132e-01	4.875947e-01	5.023876e-01	5.239057e-01	4.532828e-01	5.013858e-01	4.861781e-01	4.693245e-01	5.382920e-01	0.000000e+00	1	5.943063e-02
9.428006e-01	7.717269e-02	3.854032e-01	2.463012e-01	5.199443e-02	6.047927e-01	4.746102e-01	4.934204e-01	4.315495e-01	4.934139e-01	4.338416e-01	4.998706e-01	4.741628e-01	4.971409e-01	4.990021e-01	0.000000e+00	1	5.874962e-02
