8.159020e-03	1.017836e+00	1.302633e-01	8.103191e-02	9.948969e-01	4.882783e-01	4.964376e-01	4.877147e-01	5.047018e-01	4.849158e-01	4.749047e-01	6.065459e-01	4.544697e-01	4.999245e-01	6.075402e-01	0.000000e+00	1	1.000000e+14
1.369353e-15	8.988431e-16	1.013900e+00	1.000000e+00	3.697876e-01	5.012206e-01	5.027358e-01	5.002385e-01	5.021473e-01	5.012756e-01	5.122862e-01	4.973534e-01	6.081641e-01	4.998495e-01	4.549732e-01	0.000000e+00	1	1.000000e+14
1.000667e+00	3.000610e-03	4.362761e-17	2.775558e-17	1.908969e-03	5.033835e-01	5.008177e-01	4.988571e-01	5.039281e-01	4.897873e-01	5.095087e-01	5.016546e-01	4.789413e-01	4.991152e-01	4.993131e-01	0.000000e+00	1	1.000000e+14
1.615770e-15	3.397127e-32	1.000140e+00	1.000000e+00	1.338481e-17	4.971992e-01	5.008682e-01	5.022721e-01	5.021691e-01	4.994282e-01	5.039626e-01	4.911077e-01	4.982367e-01	5.000011e-01	5.047845e-01	0.000000e+00	1	1.000000e+14
2.610038e-30	1.615578e-15	1.000021e+00	1.000000e+00	1.000000e+00	5.012145e-01	5.027358e-01	5.002385e-01	4.997694e-01	5.012756e-01	5.002065e-01	4.973534e-01	4.983457e-01	4.998495e-01	4.999774e-01	0.000000e+00	1	1.000000e+14
6.103543e-02	9.981443e-01	4.359873e-17	2.775558e-17	9.611198e-01	5.012134e-01	5.008937e-01	5.002738e-01	4.997202e-01	5.011072e-01	5.001570e-01	5.016421e-01	4.987984e-01	4.996489e-01	4.991479e-01	0.000000e+00	1	1.000000e+14
2.320346e-01	5.939635e-02	9.720966e-01	8.462058e-01	1.595366e-01	5.073411e-01	5.003398e-01	5.019790e-01	4.983092e-01	4.983274e-01	4.998562e-01	4.775531e-01	4.982367e-01	4.756923e-01	5.027913e-01	0.000000e+00	1	1.335964e-01
7.034846e-01	2.149187e-01	6.797727e-01	4.749103e-01	1.887580e-01	4.971992e-01	5.008682e-01	5.022721e-01	5.021691e-01	4.846819e-01	5.069445e-01	4.762671e-01	4.982367e-01	4.735657e-01	5.042468e-01	0.000000e+00	1	1.305892e-01
3.961013e-02	6.477651e-01	7.671443e-01	5.530005e-01	9.611198e-01	5.012134e-01	5.008937e-01	5.002738e-01	5.006420e-01	4.368640e-01	5.001483e-01	5.046993e-01	4.987984e-01	4.996489e-01	4.714475e-01	0.000000e+00	1	1.268964e-01
3.935232e-01	2.639805e-01	8.843133e-01	6.868353e-01	3.761581e-01	5.009797e-01	5.027350e-01	5.023401e-01	5.531349e-01	5.012756e-01	4.953818e-01	5.056002e-01	4.986318e-01	4.805266e-01	4.997045e-01	0.000000e+00	1	1.220503e-01
4.235790e-01	8.501390e-01	3.365864e-01	2.168084e-01	7.057263e-01	4.324054e-01	4.933110e-01	4.875947e-01	4.608771e-01	5.305623e-01	5.005092e-01	5.013858e-01	4.861781e-01	4.837906e-01	5.022529e-01	0.000000e+00	1	1.202577e-01
3.705018e-01	8.975887e-01	2.487825e-01	1.596675e-01	7.507823e-01	5.047495e-01	4.964376e-01	4.877147e-01	4.932668e-01	4.626088e-01	4.749668e-01	5.017417e-01	5.002263e-01	4.878543e-01	5.022660e-01	0.000000e+00	1	1.190425e-01
6.159342e-01	3.191446e-01	7.203878e-01	5.120106e-01	3.043423e-01	5.009797e-01	5.027350e-01	4.971586e-01	4.997694e-01	5.012756e-01	4.953818e-01	5.056002e-01	4.954409e-01	4.987053e-01	4.997045e-01	0.000000e+00	1	1.142825e-01
3.103185e-01	9.514015e-01	2.178069e-01	1.364312e-01	7.992804e-01	4.786662e-01	5.320381e-01	5.050895e-01	4.934897e-01	5.071070e-01	4.997912e-01	5.018109e-01	5.960872e-01	5.088286e-01	3.849136e-01	0.000000e+00	1	1.100309e-01
9.536167e-01	2.913356e-01	8.845362e-02	5.632616e-02	1.887580e-01	4.971992e-01	5.008682e-01	5.022721e-01	5.021691e-01	4.846819e-01	5.069445e-01	5.052947e-01	4.982367e-01	4.735657e-01	5.032967e-01	0.000000e+00	1	1.068468e-01
9.067536e-01	3.753082e-01	2.830526e-01	1.787685e-01	2.498313e-01	5.803089e-01	3.935930e-01	5.070469e-01	4.898682e-01	4.824551e-01	5.192391e-01	4.515256e-01	4.802719e-01	4.992303e-01	5.043080e-01	0.000000e+00	1	1.040336e-01
2.211208e-02	7.010422e-01	7.257058e-01	5.108457e-01	9.799266e-01	4.525024e-01	5.027188e-01	4.971070e-01	4.256910e-01	5.122629e-01	5.096324e-01	4.852204e-01	5.303377e-01	4.915089e-01	4.970890e-01	0.000000e+00	1	9.988450e-02
5.330047e-01	8.579978e-01	2.435443e-02	1.534687e-02	6.461184e-01	5.061291e-01	5.008260e-01	4.300064e-01	4.572274e-01	5.462736e-01	4.944074e-01	5.356450e-01	4.894780e-01	4.930145e-01	4.992979e-01	0.000000e+00	1	9.974884e-02
8.860290e-01	2.290780e-01	4.056340e-01	2.656075e-01	1.610676e-01	5.012532e-01	4.958418e-01	4.878128e-01	5.056003e-01	5.183942e-01	4.779563e-01	5.016415e-01	4.977267e-01	4.996848e-01	4.998645e-01	0.000000e+00	1	9.827267e-02
7.320372e-01	1.892643e-01	6.581506e-01	4.559753e-01	1.610676e-01	5.269454e-01	4.958418e-01	4.878128e-01	5.057940e-01	5.031934e-01	5.103089e-01	4.841439e-01	4.791401e-01	5.264414e-01	5.005278e-01	0.000000e+00	1	9.714481e-02
3.402098e-01	6.197894e-01	7.315332e-01	5.108457e-01	6.804121e-01	4.525024e-01	4.088775e-01	4.971070e-01	4.307167e-01	5.092122e-01	5.096324e-01	5.283202e-01	5.303377e-01	4.908256e-01	4.970890e-01	0.000000e+00	1	9.684847e-02
1.394123e-01	1.677190e-01	9.869372e-01	8.615438e-01	5.585086e-01	4.920134e-01	4.838092e-01	4.313724e-01	4.600538e-01	5.462736e-01	4.966613e-01	5.320660e-01	4.894872e-01	4.713737e-01	5.023526e-01	0.000000e+00	1	9.432898e-02
7.657206e-01	3.967559e-01	5.107409e-01	3.403913e-01	3.043423e-01	5.167543e-01	5.012736e-01	5.203075e-01	4.998573e-01	5.012756e-01	4.948832e-01	5.056002e-01	4.954409e-01	4.933789e-01	4.615474e-01	0.000000e+00	1	9.275176e-02
1.753812e-01	5.682951e-01	8.305411e-01	6.043771e-01	8.094365e-01	4.132663e-01	4.964376e-01	4.877147e-01	4.979394e-01	3.923881e-01	4.706916e-01	5.362180e-01	5.002263e-01	5.082327e-01	4.958753e-01	0.000000e+00	1	9.254989e-02
6.798559e-01	4.457896e-01	5.916072e-01	4.004838e-01	3.694814e-01	5.013527e-01	4.897100e-01	4.852052e-01	4.953581e-01	4.660580e-01	4.983838e-01	5.459405e-01	4.577089e-01	5.056250e-01	5.041690e-01	0.000000e+00	1	9.186470e-02
2.504330e-01	3.012817e-01	9.309768e-01	7.464180e-01	5.585086e-01	5.057620e-01	4.838092e-01	4.313724e-01	4.581636e-01	5.462736e-01	4.966613e-01	5.320660e-01	4.894872e-01	4.998213e-01	5.023526e-01	0.000000e+00	1	9.051429e-02
5.045296e-01	7.839216e-01	3.678968e-01	2.392879e-01	6.359421e-01	4.969559e-01	4.963184e-01	5.213192e-01	5.032187e-01	4.889176e-01	4.745513e-01	5.293897e-01	4.927770e-01	5.016028e-01	5.060409e-01	0.000000e+00	1	8.873118e-02
1.908389e-01	7.366413e-01	6.492421e-01	4.496714e-01	8.386212e-01	5.012134e-01	5.008680e-01	5.002738e-01	4.999165e-01	4.838925e-01	5.004365e-01	5.016421e-01	4.961034e-01	5.026440e-01	4.991305e-01	0.000000e+00	1	8.849452e-02
4.553633e-01	8.202181e-01	3.702241e-01	2.392879e-01	6.773570e-01	5.347117e-01	4.963184e-01	5.230951e-01	5.075093e-01	4.888705e-01	4.761074e-01	5.258132e-01	5.725355e-01	5.015970e-01	5.109469e-01	0.000000e+00	1	8.724345e-02
1.621386e-01	5.253845e-01	8.472641e-01	6.335371e-01	8.094365e-01	4.132663e-01	4.964376e-01	4.877147e-01	4.979394e-01	4.626088e-01	4.706916e-01	5.019072e-01	5.002263e-01	5.082327e-01	4.958096e-01	0.000000e+00	1	8.715432e-02
5.629127e-01	7.309297e-01	3.964712e-01	2.583947e-01	5.822107e-01	4.992516e-01	4.646675e-01	5.032079e-01	5.057839e-01	4.639274e-01	5.052636e-01	5.008261e-01	4.924162e-01	5.261115e-01	4.719129e-01	0.000000e+00	1	8.664446e-02
9.798771e-01	1.085014e-01	2.843536e-01	1.787685e-01	7.020666e-02	5.810433e-01	3.935930e-01	5.070469e-01	4.898682e-01	4.658321e-01	4.377379e-01	4.504851e-01	4.802719e-01	4.992303e-01	5.112509e-01	0.000000e+00	1	8.645853e-02
8.617990e-01	4.562289e-01	2.600751e-01	1.659323e-01	3.099595e-01	4.686693e-01	4.960169e-01	4.926100e-01	5.215367e-01	5.799836e-01	4.797264e-01	5.010398e-01	5.169891e-01	5.006266e-01	5.241650e-01	0.000000e+00	1	8.613433e-02
2.156156e-02	4.767780e-01	8.906625e-01	6.868353e-01	9.712294e-01	5.009736e-01	5.027350e-01	5.023401e-01	5.507571e-01	5.012756e-01	4.952320e-01	5.056002e-01	4.986318e-01	5.884771e-01	4.997045e-01	0.000000e+00	1	8.490960e-02
7.279552e-01	4.202196e-01	5.869728e-01	3.880863e-01	3.332904e-01	5.018351e-01	4.897100e-01	4.976761e-01	4.982492e-01	4.697665e-01	4.983838e-01	5.459405e-01	4.390359e-01	4.703037e-01	6.321330e-01	0.000000e+00	1	8.456949e-02
9.889045e-01	1.400961e-01	1.156319e-01	7.337687e-02	8.959247e-02	5.036584e-01	5.270031e-01	4.990005e-01	5.645152e-01	4.874102e-01	4.976326e-01	4.910105e-01	5.167611e-01	4.990930e-01	5.041919e-01	0.000000e+00	1	8.371867e-02
8.943806e-01	4.730281e-01	5.821320e-02	3.658833e-02	3.097097e-01	4.686693e-01	5.599988e-01	4.926100e-01	5.215367e-01	5.799836e-01	5.196147e-01	5.016928e-01	5.142018e-01	5.277419e-01	5.241650e-01	0.000000e+00	1	8.362481e-02
5.210119e-02	9.042356e-01	4.346848e-01	2.848611e-01	9.633591e-01	4.971992e-01	4.565204e-01	5.022721e-01	5.021691e-01	4.995149e-01	4.499389e-01	4.896217e-01	4.901110e-01	4.998222e-01	5.047845e-01	0.000000e+00	1	8.312226e-02
8.405304e-01	2.447606e-02	5.440497e-01	3.655853e-01	1.853299e-02	5.017133e-01	5.045451e-01	5.142903e-01	4.917412e-01	5.287851e-01	5.198242e-01	4.972140e-01	4.973542e-01	5.024999e-01	4.993131e-01	0.000000e+00	1	8.235201e-02
5.680846e-01	7.493425e-01	3.538232e-01	2.291105e-01	5.870427e-01	4.992516e-01	4.646675e-01	5.032079e-01	5.057839e-01	4.639274e-01	5.052636e-01	5.351369e-01	4.924162e-01	5.015980e-01	4.719787e-01	0.000000e+00	1	8.027531e-02
8.141936e-01	5.606700e-01	1.807293e-01	1.151154e-01	3.839120e-01	5.033229e-01	4.912764e-01	5.081107e-01	4.900454e-01	5.235038e-01	5.194771e-01	4.509403e-01	4.959899e-01	4.636140e-01	4.955676e-01	0.000000e+00	1	7.944960e-02
7.099651e-01	3.415724e-01	6.178201e-01	4.233631e-01	2.854749e-01	5.103822e-01	4.805249e-01	5.078239e-01	4.891491e-01	5.025591e-01	4.982349e-01	5.001722e-01	4.783566e-01	4.918176e-01	5.003528e-01	0.000000e+00	1	7.832144e-02
5.489026e-01	7.684696e-01	3.726822e-01	2.392879e-01	6.051392e-01	3.826405e-01	4.865888e-01	5.012006e-01	5.003537e-01	4.889176e-01	4.815756e-01	5.257559e-01	4.934535e-01	5.016028e-01	5.111259e-01	0.000000e+00	1	7.775396e-02
7.949198e-01	3.476248e-01	5.138209e-01	3.403913e-01	2.624461e-01	5.167543e-01	4.846755e-01	5.203075e-01	5.007934e-01	5.012756e-01	5.126886e-01	5.020212e-01	5.759439e-01	5.001857e-01	4.615474e-01	0.000000e+00	1	7.641451e-02
7.929347e-01	4.193745e-01	4.617951e-01	3.026692e-01	3.097097e-01	4.686693e-01	4.960169e-01	4.926100e-01	5.215367e-01	5.799836e-01	4.859432e-01	5.010398e-01	5.142018e-01	5.006266e-01	5.241650e-01	0.000000e+00	1	7.616849e-02
4.306590e-01	2.965046e-01	8.612560e-01	6.526500e-01	3.838560e-01	5.306253e-01	4.954843e-01	4.790154e-01	5.038360e-01	5.225996e-01	5.403733e-01	4.498035e-01	5.209706e-01	5.026151e-01	4.680130e-01	0.000000e+00	1	7.527455e-02
2.655525e-01	8.410332e-01	4.873141e-01	3.213576e-01	8.052969e-01	4.969559e-01	4.963184e-01	5.213192e-01	5.032187e-01	4.889176e-01	4.745513e-01	4.436908e-01	5.560158e-01	5.018616e-01	5.081068e-01	0.000000e+00	1	7.441477e-02
1.371720e-01	6.212525e-01	7.943964e-01	5.701052e-01	8.616546e-01	5.031605e-01	5.018803e-01	5.114237e-01	4.986562e-01	5.360945e-01	5.002264e-01	5.047081e-01	3.724498e-01	4.985005e-01	4.957131e-01	0.000000e+00	1	7.372036e-02
1.680106e-01	9.735500e-01	2.256731e-01	1.429686e-01	8.912068e-01	4.974687e-01	5.260822e-01	4.987024e-01	5.033345e-01	4.860239e-01	4.976675e-01	5.044464e-01	4.927836e-01	4.998568e-01	6.114270e-01	0.000000e+00	1	7.315023e-02
2.887136e-01	1.851037e-01	9.461586e-01	7.786203e-01	3.629474e-01	5.010057e-01	4.912621e-01	4.852070e-01	4.523846e-01	4.851437e-01	4.950422e-01	5.434028e-01	5.407723e-01	4.935105e-01	5.001915e-01	0.000000e+00	1	7.305078e-02
2.166682e-01	9.812907e-01	1.623646e-01	1.019766e-01	8.616546e-01	5.031605e-01	5.018803e-01	5.114237e-01	4.938792e-01	5.360945e-01	4.999197e-01	5.045426e-01	3.724498e-01	4.866042e-01	5.021696e-01	0.000000e+00	1	7.276169e-02
7.712663e-01	3.293596e-01	5.545391e-01	3.719321e-01	2.569366e-01	5.011496e-01	4.900063e-01	4.863862e-01	5.039281e-01	4.825941e-01	5.589279e-01	5.026951e-01	4.794087e-01	4.703309e-01	5.042363e-01	0.000000e+00	1	7.227226e-02
3.328455e-01	8.271122e-01	4.741810e-01	3.111800e-01	7.564357e-01	5.295590e-01	4.646675e-01	5.032079e-01	5.057839e-01	4.639274e-01	5.052636e-01	4.494380e-01	5.556550e-01	5.018568e-01	4.740446e-01	0.000000e+00	1	7.155247e-02
8.305243e-01	1.008648e-01	5.532030e-01	3.719321e-01	7.693884e-02	5.018840e-01	4.900063e-01	4.863862e-01	5.039281e-01	4.659712e-01	5.095087e-01	5.016546e-01	4.794087e-01	4.703309e-01	5.111792e-01	0.000000e+00	1	7.105627e-02
9.693371e-01	2.506169e-01	4.404339e-02	2.798694e-02	1.610676e-01	5.269454e-01	4.958418e-01	4.878128e-01	5.057940e-01	5.031934e-01	5.103089e-01	5.016714e-01	4.791401e-01	5.264414e-01	4.995778e-01	0.000000e+00	1	7.051774e-02
1.039901e-01	6.025784e-01	8.183042e-01	5.914525e-01	8.912068e-01	4.976990e-01	5.554665e-01	6.296971e-01	5.104674e-01	4.931319e-01	5.002264e-01	5.047081e-01	5.379721e-01	4.998568e-01	4.964890e-01	0.000000e+00	1	7.015512e-02
