1.001167e+00	7.704272e-04	4.364924e-17	2.775558e-17	4.898975e-04	5.031574e-01	5.084519e-01	4.926265e-01	5.151267e-01	4.999199e-01	4.981751e-01	4.855016e-01	5.242309e-01	4.992527e-01	5.011028e-01	0.000000e+00	1	1.000000e+14
1.584189e-15	3.823663e-16	1.008750e+00	1.000000e+00	1.507734e-01	5.012145e-01	5.027358e-01	5.002385e-01	4.910186e-01	5.025622e-01	5.074714e-01	4.973534e-01	5.648097e-01	5.662627e-01	4.997949e-01	0.000000e+00	1	1.000000e+14
2.610038e-30	1.615578e-15	1.000021e+00	1.000000e+00	1.000000e+00	5.012145e-01	5.027358e-01	5.002385e-01	4.997694e-01	5.012756e-01	5.002065e-01	4.973534e-01	4.983457e-01	4.998495e-01	4.999774e-01	0.000000e+00	1	1.000000e+14
4.694611e-02	9.989061e-01	4.359873e-17	2.775558e-17	9.701024e-01	5.012134e-01	5.008937e-01	5.002738e-01	4.997202e-01	5.011072e-01	5.001570e-01	5.016421e-01	4.987984e-01	4.996489e-01	4.991479e-01	0.000000e+00	1	1.000000e+14
1.615651e-15	3.396876e-32	1.000066e+00	1.000000e+00	1.338481e-17	4.987276e-01	4.968470e-01	5.022721e-01	5.021691e-01	4.994282e-01	5.039626e-01	5.013782e-01	5.022068e-01	5.000011e-01	5.046210e-01	0.000000e+00	1	1.000000e+14
1.293861e-02	1.006354e+00	2.434697e-03	1.540059e-03	9.918155e-01	4.966062e-01	5.002440e-01	4.904420e-01	5.645152e-01	4.669931e-01	4.682942e-01	5.011722e-01	4.913178e-01	5.001379e-01	5.019897e-01	0.000000e+00	1	1.000000e+14
3.166405e-01	9.592968e-01	7.723289e-02	4.857686e-02	7.970356e-01	5.078888e-01	5.072700e-01	4.925244e-01	5.239056e-01	4.775879e-01	3.922972e-01	5.104254e-01	5.134309e-01	4.962496e-01	5.019908e-01	0.000000e+00	1	1.718067e-01
5.460893e-01	2.079206e-01	8.319610e-01	6.101944e-01	2.316008e-01	5.386284e-01	4.889103e-01	5.072809e-01	5.041483e-01	5.682414e-01	5.177103e-01	4.043566e-01	4.979399e-01	4.707692e-01	5.008486e-01	0.000000e+00	1	1.387319e-01
9.562934e-01	2.565797e-01	1.521656e-01	9.707908e-02	1.668789e-01	4.918133e-01	5.022208e-01	5.004140e-01	5.038354e-01	4.992638e-01	4.932022e-01	5.016546e-01	4.599703e-01	4.986895e-01	4.993909e-01	0.000000e+00	1	1.370296e-01
4.288260e-01	9.109216e-01	8.663868e-03	5.478138e-03	7.198977e-01	4.966062e-01	4.665569e-01	5.048584e-01	5.568388e-01	4.605161e-01	4.714305e-01	5.075402e-01	4.975333e-01	4.952260e-01	5.019763e-01	0.000000e+00	1	1.362841e-01
8.760182e-02	7.893076e-01	6.157590e-01	4.198749e-01	9.296323e-01	4.975001e-01	4.372685e-01	5.113956e-01	5.033715e-01	5.014531e-01	4.964715e-01	5.146170e-01	5.110542e-01	4.930785e-01	4.793404e-01	0.000000e+00	1	1.278911e-01
9.409454e-01	5.078548e-02	3.407668e-01	2.209041e-01	3.432686e-02	5.008649e-01	5.008520e-01	5.269202e-01	4.870343e-01	5.291588e-01	4.995296e-01	5.157915e-01	5.002239e-01	5.001186e-01	4.934056e-01	0.000000e+00	1	1.235874e-01
7.097281e-03	8.161862e-01	5.891965e-01	3.980456e-01	9.944643e-01	4.968573e-01	4.962198e-01	5.681643e-01	5.030910e-01	4.983303e-01	4.566299e-01	5.027054e-01	4.916061e-01	4.999679e-01	5.041936e-01	0.000000e+00	1	1.190050e-01
1.440380e-01	2.479141e-02	9.907821e-01	9.067610e-01	1.085100e-01	4.970636e-01	5.010904e-01	5.002385e-01	4.910186e-01	4.737057e-01	5.000616e-01	4.950741e-01	4.971932e-01	4.737300e-01	4.999774e-01	0.000000e+00	1	1.183832e-01
4.311334e-01	8.605505e-01	3.057944e-01	1.958371e-01	7.043251e-01	4.109357e-01	4.810426e-01	5.022485e-01	5.021691e-01	4.992257e-01	5.069445e-01	4.615224e-01	4.921527e-01	4.952484e-01	4.984579e-01	0.000000e+00	1	1.107501e-01
7.261640e-01	4.777125e-01	5.009894e-01	3.328672e-01	3.704358e-01	5.312372e-01	4.956571e-01	4.947700e-01	5.193082e-01	4.669441e-01	5.118024e-01	4.952384e-01	4.776489e-01	4.900553e-01	5.019068e-01	0.000000e+00	1	1.084729e-01
2.493966e-01	3.000348e-01	9.271238e-01	7.464180e-01	5.585086e-01	5.057620e-01	5.026307e-01	4.328680e-01	4.694978e-01	5.036732e-01	4.966613e-01	5.056916e-01	4.900472e-01	5.152616e-01	5.023526e-01	0.000000e+00	1	1.068340e-01
7.992220e-01	5.380509e-01	2.924509e-01	1.876141e-01	3.772129e-01	4.850372e-01	5.012985e-01	5.021276e-01	5.611540e-01	4.507666e-01	5.088802e-01	5.037325e-01	5.012109e-01	4.805266e-01	4.997045e-01	0.000000e+00	1	1.043290e-01
1.716012e-01	6.428888e-01	7.795417e-01	5.501864e-01	8.339436e-01	4.979760e-01	5.269511e-01	4.913027e-01	3.913821e-01	4.775879e-01	3.922972e-01	5.011724e-01	4.865015e-01	4.962496e-01	5.022652e-01	0.000000e+00	1	1.039192e-01
7.679472e-01	5.019663e-01	4.175875e-01	2.719244e-01	3.685613e-01	5.367095e-01	5.008682e-01	5.022721e-01	4.379570e-01	4.846819e-01	5.157828e-01	4.762671e-01	5.332261e-01	4.747457e-01	5.047464e-01	0.000000e+00	1	1.024687e-01
5.981606e-01	7.890148e-01	1.579495e-01	1.007084e-01	5.870427e-01	4.996419e-01	4.651720e-01	5.032445e-01	5.037235e-01	4.639274e-01	5.036538e-01	5.054606e-01	4.924162e-01	4.992541e-01	5.008962e-01	0.000000e+00	1	1.022391e-01
5.595998e-01	1.903738e-01	8.415902e-01	6.101944e-01	2.087568e-01	5.403310e-01	5.256808e-01	5.685532e-01	4.224431e-01	5.729293e-01	5.177103e-01	4.043566e-01	5.136792e-01	4.785141e-01	5.007076e-01	0.000000e+00	1	1.015334e-01
4.526368e-01	1.755271e-01	8.788036e-01	6.786927e-01	2.355076e-01	4.960137e-01	5.008952e-01	4.878448e-01	5.058785e-01	4.969308e-01	5.173315e-01	5.287641e-01	4.561447e-01	4.734064e-01	5.042703e-01	0.000000e+00	1	1.009960e-01
3.888430e-01	1.038590e-01	9.176628e-01	7.368712e-01	1.661607e-01	5.328036e-01	5.006626e-01	5.060567e-01	5.256866e-01	5.011255e-01	5.113706e-01	4.963331e-01	5.008311e-01	4.896348e-01	5.042475e-01	0.000000e+00	1	9.776493e-02
7.541967e-01	4.249115e-01	5.220324e-01	3.454664e-01	3.266305e-01	5.012083e-01	4.417682e-01	5.113844e-01	4.284547e-01	4.607107e-01	4.964715e-01	5.096380e-01	5.128210e-01	5.000136e-01	4.793404e-01	0.000000e+00	1	9.365462e-02
2.734974e-01	8.563475e-01	4.558482e-01	2.987644e-01	8.031970e-01	5.182886e-01	5.049702e-01	4.928460e-01	5.746750e-01	5.327290e-01	4.990638e-01	5.284487e-01	5.077742e-01	4.992802e-01	5.020550e-01	0.000000e+00	1	9.154146e-02
4.806479e-01	6.342908e-01	6.616633e-01	4.415614e-01	5.871796e-01	5.328036e-01	5.006626e-01	3.332709e-01	4.234335e-01	5.011255e-01	5.097038e-01	4.963502e-01	5.008311e-01	4.896348e-01	5.026789e-01	0.000000e+00	1	9.057070e-02
9.193727e-01	3.329426e-01	2.494125e-01	1.589952e-01	2.211934e-01	5.376448e-01	4.889103e-01	5.072809e-01	5.041656e-01	5.105978e-01	5.051679e-01	4.143455e-01	4.979399e-01	4.965070e-01	4.972412e-01	0.000000e+00	1	9.056844e-02
6.515778e-01	4.155107e-01	6.503324e-01	4.453548e-01	3.613958e-01	5.367095e-01	5.008682e-01	5.022721e-01	4.379570e-01	5.041341e-01	5.157828e-01	4.762671e-01	5.626761e-01	4.926344e-01	5.015729e-01	0.000000e+00	1	8.860997e-02
8.813843e-01	2.385352e-01	4.281100e-01	2.791098e-01	1.682621e-01	5.717109e-01	5.006594e-01	5.216055e-01	5.057940e-01	4.816733e-01	5.111964e-01	4.595827e-01	5.068441e-01	4.742061e-01	5.046539e-01	0.000000e+00	1	8.642675e-02
9.093762e-01	2.439915e-01	3.481995e-01	2.255040e-01	1.668789e-01	4.950300e-01	5.008952e-01	5.002933e-01	5.058958e-01	4.991064e-01	5.047891e-01	5.313309e-01	4.561447e-01	4.987291e-01	4.704734e-01	0.000000e+00	1	8.519762e-02
2.255060e-02	9.086049e-01	4.208141e-01	2.760463e-01	9.842030e-01	5.158236e-01	5.026415e-01	4.995252e-01	4.917412e-01	5.347224e-01	4.977773e-01	5.011658e-01	4.964361e-01	5.000726e-01	5.051239e-01	0.000000e+00	1	8.500083e-02
9.114397e-01	3.684668e-01	2.137637e-01	1.363036e-01	2.445773e-01	4.788093e-01	5.010424e-01	5.081107e-01	5.141402e-01	4.940652e-01	4.598198e-01	4.482854e-01	4.959899e-01	4.686562e-01	5.059720e-01	0.000000e+00	1	8.419887e-02
1.484841e-01	2.752564e-01	9.725361e-01	8.019229e-01	6.850648e-01	4.987886e-01	4.640974e-01	5.056814e-01	5.021691e-01	4.997368e-01	4.481415e-01	6.156453e-01	5.078751e-01	4.904752e-01	4.364108e-01	0.000000e+00	1	8.359549e-02
2.142895e-01	6.885570e-01	7.056741e-01	4.931034e-01	8.079229e-01	5.312723e-01	4.810426e-01	5.022485e-01	5.021691e-01	4.846819e-01	5.069445e-01	4.762671e-01	5.818517e-01	4.927730e-01	5.042468e-01	0.000000e+00	1	8.287077e-02
3.331783e-01	7.244937e-01	6.186893e-01	4.200683e-01	7.255929e-01	5.353305e-01	4.836191e-01	5.022485e-01	5.021691e-01	4.846819e-01	5.069445e-01	4.753289e-01	5.818517e-01	4.997950e-01	5.132989e-01	0.000000e+00	1	8.257278e-02
5.302013e-01	1.370807e-01	8.494463e-01	6.354473e-01	1.610676e-01	5.271084e-01	5.006594e-01	5.229649e-01	5.957782e-01	5.011255e-01	5.111964e-01	5.006043e-01	5.068441e-01	4.920948e-01	5.015291e-01	0.000000e+00	1	8.226456e-02
8.694169e-01	4.154199e-01	2.871487e-01	1.843821e-01	2.837682e-01	5.000573e-01	5.008184e-01	5.269202e-01	4.876843e-01	4.823485e-01	4.994127e-01	5.019062e-01	5.002239e-01	4.348148e-01	5.005773e-01	0.000000e+00	1	8.184174e-02
9.278801e-01	3.532855e-01	1.830210e-01	1.160498e-01	2.316008e-01	5.038019e-01	4.889103e-01	5.072809e-01	5.041483e-01	5.682414e-01	5.177103e-01	4.410667e-01	4.979399e-01	4.700438e-01	5.059596e-01	0.000000e+00	1	8.161328e-02
7.008163e-01	4.928789e-01	5.449118e-01	3.606258e-01	3.902049e-01	5.370287e-01	5.203435e-01	5.022721e-01	5.725331e-01	4.846819e-01	5.157828e-01	4.762671e-01	4.858054e-01	4.747457e-01	4.197178e-01	0.000000e+00	1	8.150287e-02
7.873176e-01	5.769680e-01	2.676904e-01	1.704010e-01	4.026110e-01	3.921468e-01	5.009154e-01	5.021276e-01	5.209756e-01	5.012756e-01	5.001732e-01	5.058986e-01	5.046637e-01	4.999904e-01	4.997045e-01	0.000000e+00	1	7.993774e-02
8.852889e-01	2.704610e-01	3.822734e-01	2.493210e-01	1.887580e-01	4.971992e-01	5.008682e-01	5.022721e-01	5.021691e-01	4.846819e-01	5.053243e-01	4.762671e-01	4.982367e-01	4.747457e-01	5.047464e-01	0.000000e+00	1	7.881592e-02
6.847694e-01	4.366769e-01	6.016838e-01	4.059205e-01	3.613958e-01	5.060991e-01	5.155919e-01	5.022721e-01	4.379570e-01	5.041341e-01	4.715393e-01	4.579730e-01	5.626761e-01	4.926344e-01	4.935905e-01	0.000000e+00	1	7.763392e-02
5.302013e-01	1.370807e-01	8.494463e-01	6.354473e-01	1.610676e-01	5.271084e-01	5.006594e-01	5.229649e-01	5.957782e-01	5.011255e-01	5.111964e-01	5.006043e-01	5.068441e-01	4.920948e-01	5.015291e-01	0.000000e+00	1	7.549027e-02
7.380108e-01	4.855060e-01	4.816222e-01	3.177683e-01	3.704358e-01	5.006706e-01	4.956417e-01	4.947700e-01	4.647085e-01	4.825941e-01	4.374319e-01	5.016468e-01	4.776489e-01	4.900553e-01	4.938443e-01	0.000000e+00	1	7.393627e-02
2.609739e-01	1.119410e-01	9.638712e-01	8.176040e-01	2.579579e-01	5.649180e-01	4.968134e-01	5.022721e-01	5.025000e-01	4.994282e-01	5.013758e-01	5.013782e-01	5.022068e-01	4.762298e-01	5.046210e-01	0.000000e+00	1	7.081285e-02
3.124312e-01	8.789923e-02	9.471955e-01	7.898418e-01	1.745932e-01	4.971992e-01	5.006626e-01	5.022721e-01	4.772926e-01	4.947446e-01	5.053243e-01	5.031856e-01	4.982367e-01	4.747457e-01	5.047464e-01	0.000000e+00	1	7.069227e-02
2.424271e-03	4.503252e-01	8.986517e-01	7.042630e-01	9.965729e-01	5.012083e-01	4.372685e-01	5.113844e-01	5.232641e-01	5.014531e-01	4.964715e-01	5.014938e-01	5.110542e-01	5.000136e-01	4.793404e-01	0.000000e+00	1	6.929785e-02
8.257744e-01	1.081978e-01	5.544902e-01	3.739468e-01	8.294119e-02	5.037596e-01	5.008177e-01	5.063621e-01	5.038354e-01	4.984719e-01	5.066966e-01	5.027028e-01	4.797798e-01	4.991152e-01	4.993131e-01	0.000000e+00	1	6.899111e-02
6.381176e-01	5.500818e-01	5.483427e-01	3.673175e-01	4.529178e-01	5.006706e-01	4.956417e-01	4.947700e-01	5.259633e-01	4.818643e-01	4.409493e-01	5.023946e-01	4.777885e-01	4.900706e-01	4.908451e-01	0.000000e+00	1	6.807777e-02
2.769716e-01	9.484795e-01	1.995723e-01	1.268759e-01	8.191259e-01	5.170706e-01	5.267453e-01	5.024810e-01	5.661877e-01	4.775879e-01	5.198950e-01	4.750377e-01	4.875622e-01	4.688238e-01	5.019908e-01	0.000000e+00	1	6.714884e-02
9.374307e-01	3.782494e-01	4.038001e-03	2.543026e-03	2.441541e-01	5.057620e-01	4.849844e-01	5.078123e-01	4.729193e-01	4.994687e-01	5.104594e-01	5.056916e-01	4.977760e-01	5.152616e-01	5.971620e-01	0.000000e+00	1	6.588183e-02
6.276878e-01	2.588677e-01	7.576383e-01	5.348249e-01	2.490219e-01	5.382937e-01	4.811867e-01	5.760120e-01	5.851957e-01	5.230027e-01	5.096409e-01	5.365415e-01	4.768915e-01	5.002639e-01	4.966054e-01	0.000000e+00	1	6.503757e-02
2.222593e-01	7.061687e-01	6.869795e-01	4.762196e-01	8.058794e-01	5.037053e-01	5.270339e-01	4.988006e-01	4.164660e-01	4.671234e-01	4.928121e-01	5.022570e-01	4.744439e-01	4.789869e-01	4.988593e-01	0.000000e+00	1	6.487590e-02
1.790465e-01	6.248225e-01	7.716669e-01	5.543643e-01	8.223338e-01	5.154590e-01	4.960046e-01	4.247394e-01	5.253201e-01	4.628229e-01	4.706916e-01	5.016883e-01	4.896848e-01	5.003720e-01	4.961584e-01	0.000000e+00	1	6.422616e-02
3.639063e-01	9.505441e-02	9.286001e-01	7.550035e-01	1.626545e-01	5.008203e-01	5.251499e-01	4.988006e-01	5.187191e-01	4.982275e-01	4.944789e-01	5.022399e-01	4.744439e-01	5.135806e-01	5.042063e-01	0.000000e+00	1	6.407597e-02
