1.340422e-02	1.005543e+00	1.679478e-02	1.063101e-02	9.915142e-01	5.412369e-01	4.804751e-01	5.377132e-01	5.011377e-01	4.575502e-01	5.002065e-01	5.087432e-01	4.983457e-01	4.803461e-01	5.002211e-01	0.000000e+00	1	1.000000e+14
1.001056e+00	7.703416e-04	4.364439e-17	2.775558e-17	4.898975e-04	5.012234e-01	5.094797e-01	4.926265e-01	4.925647e-01	4.999199e-01	5.075409e-01	4.855016e-01	5.242309e-01	4.992527e-01	5.002459e-01	0.000000e+00	1	1.000000e+14
1.615651e-15	3.396876e-32	1.000066e+00	1.000000e+00	1.338481e-17	4.987276e-01	4.968470e-01	5.022721e-01	5.021691e-01	4.994282e-01	5.039626e-01	5.013782e-01	5.022068e-01	5.000011e-01	5.046210e-01	0.000000e+00	1	1.000000e+14
2.610038e-30	1.615578e-15	1.000021e+00	1.000000e+00	1.000000e+00	5.012145e-01	5.027358e-01	5.002385e-01	4.997694e-01	5.012756e-01	5.002065e-01	4.973534e-01	4.983457e-01	4.998495e-01	4.999774e-01	0.000000e+00	1	1.000000e+14
4.694611e-02	9.989061e-01	4.359873e-17	2.775558e-17	9.701024e-01	5.012134e-01	5.008937e-01	5.002738e-01	4.997202e-01	5.011072e-01	5.001570e-01	5.016421e-01	4.987984e-01	4.996489e-01	4.991479e-01	0.000000e+00	1	1.000000e+14
1.561156e-15	4.943828e-16	1.013631e+00	1.000000e+00	1.952424e-01	4.987276e-01	4.266544e-01	5.028872e-01	4.178300e-01	4.732542e-01	5.039626e-01	5.013782e-01	5.153116e-01	4.775378e-01	5.041910e-01	0.000000e+00	1	1.000000e+14
2.395216e-01	9.249954e-01	3.557932e-01	2.269269e-01	8.386944e-01	4.972066e-01	5.037391e-01	5.146245e-01	4.000067e-01	4.797521e-01	5.894790e-01	5.293688e-01	5.019299e-01	5.035679e-01	5.081323e-01	0.000000e+00	1	1.721593e-01
3.984024e-01	3.865461e-01	8.900456e-01	6.449882e-01	4.903848e-01	5.031574e-01	5.020161e-01	4.926265e-01	5.545497e-01	3.046808e-01	4.975900e-01	4.877360e-01	5.242309e-01	4.992527e-01	5.838185e-01	0.000000e+00	1	1.704843e-01
3.203152e-01	3.249160e-01	9.124952e-01	7.048264e-01	5.045392e-01	5.036798e-01	5.013497e-01	5.002605e-01	5.442873e-01	5.273599e-01	5.057823e-01	5.031856e-01	5.011429e-01	3.686422e-01	4.865623e-01	0.000000e+00	1	1.597203e-01
4.382164e-01	1.100925e-01	9.231824e-01	7.102383e-01	1.566942e-01	4.109357e-01	5.426003e-01	5.040952e-01	3.676810e-01	5.080042e-01	5.069445e-01	4.893566e-01	5.079386e-01	4.840406e-01	5.026804e-01	0.000000e+00	1	1.391539e-01
2.854540e-01	4.179589e-01	8.927902e-01	6.716718e-01	6.185338e-01	5.012145e-01	5.027358e-01	5.002385e-01	4.614367e-01	6.573931e-01	5.003842e-01	4.973534e-01	4.983457e-01	5.002796e-01	4.999774e-01	0.000000e+00	1	1.346761e-01
5.689217e-01	8.442232e-01	5.474087e-03	3.423159e-03	6.224887e-01	5.286088e-01	5.014871e-01	3.817192e-01	5.459830e-01	5.037684e-01	5.195379e-01	4.971509e-01	5.246345e-01	4.898698e-01	5.023554e-01	0.000000e+00	1	1.318347e-01
1.763622e-01	6.415806e-01	7.734779e-01	5.477385e-01	8.292196e-01	5.199583e-01	5.257610e-01	5.064616e-01	3.913821e-01	4.798599e-01	5.239080e-01	5.313063e-01	5.082646e-01	5.727973e-01	5.081323e-01	0.000000e+00	1	1.316718e-01
5.399558e-01	2.055853e-01	8.226167e-01	6.101944e-01	2.316008e-01	5.077929e-01	4.899596e-01	4.997944e-01	4.989270e-01	5.572096e-01	5.316037e-01	4.853550e-01	5.227750e-01	4.912564e-01	4.997988e-01	0.000000e+00	1	1.244417e-01
1.061012e-01	7.252577e-01	6.853436e-01	4.786273e-01	9.075220e-01	5.203276e-01	5.097618e-01	5.504596e-01	5.013861e-01	5.176359e-01	5.002051e-01	5.000273e-01	4.916061e-01	4.999606e-01	4.943543e-01	0.000000e+00	1	1.098556e-01
7.306849e-02	7.557347e-01	6.568302e-01	4.540320e-01	9.386389e-01	5.028580e-01	5.023605e-01	5.599133e-01	5.059875e-01	4.950038e-01	5.108483e-01	5.027054e-01	4.883619e-01	4.999981e-01	5.041936e-01	0.000000e+00	1	9.867162e-02
6.693989e-01	7.457440e-01	2.983706e-02	1.894923e-02	5.343116e-01	5.016020e-01	5.091355e-01	4.926265e-01	5.177539e-01	5.025538e-01	4.670713e-01	4.766516e-01	5.119727e-01	5.135575e-01	4.882678e-01	0.000000e+00	1	9.780784e-02
6.407304e-01	7.747725e-01	1.953733e-03	1.237116e-03	5.601059e-01	5.013752e-01	5.015134e-01	4.898091e-01	5.668016e-01	5.036732e-01	4.975748e-01	5.086530e-01	5.239424e-01	5.121498e-01	5.023968e-01	0.000000e+00	1	9.771939e-02
6.054377e-01	6.427535e-01	4.714305e-01	3.121959e-01	5.190267e-01	4.950939e-01	5.015820e-01	5.033697e-01	5.151244e-01	4.918337e-01	5.116484e-01	4.889790e-01	5.119727e-01	4.850394e-01	5.029434e-01	0.000000e+00	1	9.710217e-02
6.906971e-01	7.006177e-01	2.498910e-01	1.583511e-01	5.045392e-01	4.971992e-01	5.008585e-01	5.806384e-01	5.141336e-01	5.154303e-01	5.053243e-01	5.032479e-01	5.852452e-01	4.747457e-01	4.865623e-01	0.000000e+00	1	9.563096e-02
7.598703e-01	4.873370e-01	4.805515e-01	3.114231e-01	3.630419e-01	4.971992e-01	5.006626e-01	6.128546e-01	5.235439e-01	4.956699e-01	5.053243e-01	5.004359e-01	5.798112e-01	5.056713e-01	4.460527e-01	0.000000e+00	1	9.536903e-02
3.062881e-01	2.014939e-01	9.626046e-01	7.683322e-01	3.704358e-01	5.767843e-01	4.398269e-01	4.947700e-01	5.215343e-01	4.530750e-01	5.006325e-01	4.952384e-01	4.771343e-01	4.786930e-01	6.298021e-01	0.000000e+00	1	9.523380e-02
7.201043e-01	3.632548e-01	6.124119e-01	4.134415e-01	2.974283e-01	5.666158e-01	4.511019e-01	5.039653e-01	4.851605e-01	4.817649e-01	5.048369e-01	4.279987e-01	4.994296e-01	5.020348e-01	5.092979e-01	0.000000e+00	1	9.447544e-02
4.535349e-01	2.908712e-01	8.444582e-01	6.384516e-01	3.630419e-01	4.971992e-01	5.000755e-01	4.937094e-01	5.133016e-01	4.956699e-01	5.053243e-01	4.901089e-01	5.049870e-01	5.056713e-01	5.357356e-01	0.000000e+00	1	9.407216e-02
6.109920e-02	9.631428e-01	2.789022e-01	1.790999e-01	9.596686e-01	5.028985e-01	5.035578e-01	5.073157e-01	5.055955e-01	5.485684e-01	5.175876e-01	5.141980e-01	4.979399e-01	5.227365e-01	4.672212e-01	0.000000e+00	1	9.315202e-02
4.631276e-01	1.287092e-01	8.949884e-01	6.862296e-01	1.725700e-01	4.971992e-01	5.382707e-01	6.106594e-01	5.165410e-01	4.665278e-01	5.052553e-01	4.898191e-01	4.838186e-01	4.839583e-01	4.881741e-01	0.000000e+00	1	9.165141e-02
6.976146e-01	1.660805e-01	7.155147e-01	4.992904e-01	1.487898e-01	5.004826e-01	5.006852e-01	4.962148e-01	5.943902e-01	5.568530e-01	5.258196e-01	5.122215e-01	4.993021e-01	4.933218e-01	5.015705e-01	0.000000e+00	1	9.082872e-02
9.693535e-01	2.596311e-01	2.522592e-01	1.567813e-01	1.666015e-01	5.029779e-01	4.992318e-01	6.322683e-01	5.133868e-01	4.959949e-01	5.140500e-01	4.043566e-01	5.850168e-01	4.841471e-01	4.852573e-01	0.000000e+00	1	8.914811e-02
8.195606e-01	5.201510e-01	3.152441e-01	1.999099e-01	3.600233e-01	5.380635e-01	4.734929e-01	5.013098e-01	5.729464e-01	5.710335e-01	5.151468e-01	4.812573e-01	5.066129e-01	5.591875e-01	4.371676e-01	0.000000e+00	1	8.902064e-02
4.826743e-01	6.047329e-01	7.220485e-01	4.780077e-01	5.711610e-01	4.982168e-01	5.269511e-01	5.064616e-01	3.958228e-01	4.266207e-01	5.252288e-01	5.319141e-01	4.864732e-01	6.951424e-01	4.627493e-01	0.000000e+00	1	8.701696e-02
7.646456e-01	1.820385e-01	6.411485e-01	4.355991e-01	1.487898e-01	5.332990e-01	5.006588e-01	4.962148e-01	5.943902e-01	5.568530e-01	5.189973e-01	5.006043e-01	5.247409e-01	4.898894e-01	5.015291e-01	0.000000e+00	1	8.593513e-02
2.766924e-01	8.047237e-02	9.780881e-01	8.176040e-01	1.801820e-01	5.649180e-01	4.968156e-01	6.217621e-01	5.014134e-01	4.994282e-01	5.013758e-01	5.013782e-01	5.022068e-01	4.762298e-01	5.050836e-01	0.000000e+00	1	8.516060e-02
2.014449e-01	5.858760e-02	9.819667e-01	8.660042e-01	1.801820e-01	5.592646e-01	4.971752e-01	4.978457e-01	5.014134e-01	4.994282e-01	5.014939e-01	5.013782e-01	5.022068e-01	4.762298e-01	5.050836e-01	0.000000e+00	1	8.448009e-02
8.732926e-02	5.969414e-01	7.979861e-01	5.878878e-01	9.075220e-01	5.014765e-01	5.097618e-01	5.157453e-01	4.995982e-01	5.011631e-01	5.000920e-01	4.999299e-01	5.007730e-01	4.999606e-01	4.948964e-01	0.000000e+00	1	8.393956e-02
1.534523e-01	9.613430e-01	3.882206e-01	2.415697e-01	8.992310e-01	4.838165e-01	4.610393e-01	5.146245e-01	3.908476e-01	5.077776e-01	6.814628e-01	5.329643e-01	5.019299e-01	5.035679e-01	5.081323e-01	0.000000e+00	1	8.323884e-02
8.447243e-01	5.410151e-01	8.939558e-02	5.658432e-02	3.626453e-01	5.103480e-01	5.004244e-01	4.947700e-01	5.237689e-01	4.960862e-01	4.957448e-01	5.004331e-01	5.791248e-01	4.900553e-01	4.975602e-01	0.000000e+00	1	8.233447e-02
1.378260e-01	3.215525e-02	9.948051e-01	9.100342e-01	1.459154e-01	5.015107e-01	4.959199e-01	5.002659e-01	4.916831e-01	5.024184e-01	5.075578e-01	4.978946e-01	5.679663e-01	5.032434e-01	5.060341e-01	0.000000e+00	1	8.169445e-02
7.348381e-01	6.832164e-01	1.187495e-01	7.499474e-02	4.768352e-01	4.971198e-01	5.008585e-01	4.505988e-01	5.063423e-01	5.177469e-01	5.053243e-01	5.032479e-01	5.026710e-01	4.191215e-01	4.685263e-01	0.000000e+00	1	8.018152e-02
1.177169e-01	8.046571e-01	5.870347e-01	3.980456e-01	9.075220e-01	4.974282e-01	4.992477e-01	5.504596e-01	5.013861e-01	5.175501e-01	5.000309e-01	5.000273e-01	4.916061e-01	4.999606e-01	4.943543e-01	0.000000e+00	1	8.013842e-02
6.510631e-01	6.604144e-01	3.853168e-01	2.506936e-01	5.045392e-01	5.251313e-01	5.008585e-01	4.946782e-01	5.136500e-01	5.532206e-01	5.055238e-01	5.034111e-01	4.979264e-01	5.182833e-01	4.865623e-01	0.000000e+00	1	7.935692e-02
9.990595e-01	1.883919e-01	6.984533e-02	4.366737e-02	1.186536e-01	5.071432e-01	4.978238e-01	3.797845e-01	5.666673e-01	5.057034e-01	5.013758e-01	5.013782e-01	5.022068e-01	4.933614e-01	5.050836e-01	0.000000e+00	1	7.592982e-02
1.911108e-02	8.768053e-01	5.214781e-01	3.415111e-01	9.861263e-01	4.914350e-01	5.461594e-01	5.293478e-01	5.068925e-01	6.134709e-01	5.069445e-01	4.998500e-01	5.248582e-01	5.606364e-01	4.971997e-01	0.000000e+00	1	7.544652e-02
2.209265e-01	6.630900e-01	7.298888e-01	5.137938e-01	7.952567e-01	4.988449e-01	5.269511e-01	5.064616e-01	4.481667e-01	4.798599e-01	5.041393e-01	5.011537e-01	4.611609e-01	5.719201e-01	5.005239e-01	0.000000e+00	1	7.327172e-02
5.038424e-01	8.681463e-02	8.714993e-01	6.622432e-01	1.086262e-01	5.272800e-01	5.005551e-01	5.229649e-01	5.924225e-01	5.011255e-01	5.000011e-01	5.006043e-01	5.068441e-01	4.768447e-01	5.000856e-01	0.000000e+00	1	7.209847e-02
1.412561e-01	9.878927e-01	1.377848e-01	8.734531e-02	9.095843e-01	4.996530e-01	5.090913e-01	4.926265e-01	5.627717e-01	5.288600e-01	4.954332e-01	4.548902e-01	5.209529e-01	4.993646e-01	5.014083e-01	0.000000e+00	1	7.046243e-02
1.293438e-01	9.045826e-01	4.148940e-01	2.713327e-01	9.095843e-01	5.031574e-01	5.081085e-01	4.926265e-01	4.913238e-01	5.288600e-01	4.957111e-01	4.548902e-01	5.209529e-01	4.945852e-01	5.014083e-01	0.000000e+00	1	6.860874e-02
5.069908e-01	6.573804e-02	8.714447e-01	6.622432e-01	8.208815e-02	5.272800e-01	5.039107e-01	5.229649e-01	5.924225e-01	5.040090e-01	4.800917e-01	5.006043e-01	5.068441e-01	5.068155e-01	5.005291e-01	0.000000e+00	1	6.774768e-02
7.807100e-01	5.142931e-01	3.956890e-01	2.548945e-01	3.708324e-01	4.971992e-01	5.077568e-01	6.128546e-01	5.235889e-01	4.665278e-01	5.050496e-01	4.952412e-01	4.785483e-01	5.056713e-01	4.877080e-01	0.000000e+00	1	6.540547e-02
5.863001e-01	6.442588e-01	5.588448e-01	3.631303e-01	5.299623e-01	5.096375e-01	5.388965e-01	6.177017e-01	3.779234e-01	4.942455e-01	4.966719e-01	4.998682e-01	5.248582e-01	5.597947e-01	5.187566e-01	0.000000e+00	1	6.422995e-02
9.305883e-01	3.632985e-01	1.808746e-01	1.140295e-01	2.369501e-01	5.015895e-01	5.395056e-01	4.934096e-01	5.759212e-01	4.484809e-01	5.630739e-01	5.012333e-01	5.262592e-01	4.772736e-01	5.046055e-01	0.000000e+00	1	6.191782e-02
9.855976e-01	1.993088e-01	1.164793e-01	7.341670e-02	1.270251e-01	5.028985e-01	4.963427e-01	4.923962e-01	4.987721e-01	4.899414e-01	5.126636e-01	4.043566e-01	5.010961e-01	4.474600e-01	4.955557e-01	0.000000e+00	1	6.167242e-02
7.607633e-01	3.231454e-01	5.981511e-01	3.988026e-01	2.557119e-01	5.800059e-01	4.938016e-01	4.830412e-01	4.943197e-01	4.817649e-01	5.829920e-01	5.672719e-01	4.590025e-01	5.025452e-01	5.092979e-01	0.000000e+00	1	6.016472e-02
4.739985e-01	5.659897e-01	7.510853e-01	5.054846e-01	5.561655e-01	5.031624e-01	5.025593e-01	4.842009e-01	5.545497e-01	2.900341e-01	4.977215e-01	4.877360e-01	5.225302e-01	4.992527e-01	5.719007e-01	0.000000e+00	1	5.903259e-02
7.987397e-01	5.571757e-01	3.162784e-01	1.999099e-01	3.877602e-01	5.960221e-01	4.734929e-01	4.832226e-01	5.729464e-01	5.578381e-01	5.149060e-01	4.812573e-01	5.066129e-01	4.974824e-01	5.667084e-01	0.000000e+00	1	5.891150e-02
7.899911e-01	4.926668e-01	4.362639e-01	2.789675e-01	3.549905e-01	4.109357e-01	5.120863e-01	5.062903e-01	3.747290e-01	5.080042e-01	4.350210e-01	4.947788e-01	5.026683e-01	5.057535e-01	5.022143e-01	0.000000e+00	1	5.879423e-02
7.538984e-01	2.795723e-01	6.105352e-01	4.134415e-01	2.260730e-01	5.666158e-01	4.511019e-01	5.039653e-01	4.851605e-01	4.551536e-01	5.003133e-01	5.004356e-01	4.994296e-01	4.793557e-01	5.094727e-01	0.000000e+00	1	5.816139e-02
