1.021938e+00	2.265658e-04	4.594396e-03	2.862076e-03	1.411400e-04	4.851120e-01	3.771853e-01	4.984551e-01	4.741543e-01	4.467657e-01	4.599738e-01	5.187749e-01	4.917293e-01	5.131207e-01	4.692812e-01	0.000000e+00	1	1.000000e+14
4.694611e-02	9.989061e-01	4.359873e-17	2.775558e-17	9.701024e-01	5.012134e-01	5.008937e-01	5.002738e-01	4.997202e-01	5.011072e-01	5.001570e-01	5.016421e-01	4.987984e-01	4.996489e-01	4.991479e-01	0.000000e+00	1	1.000000e+14
1.615651e-15	3.396876e-32	1.000066e+00	1.000000e+00	1.338481e-17	4.987276e-01	4.968470e-01	5.022721e-01	5.021691e-01	4.994282e-01	5.039626e-01	5.013782e-01	5.022068e-01	5.000011e-01	5.046210e-01	0.000000e+00	1	1.000000e+14
6.692688e-03	9.999871e-01	4.359877e-17	2.775558e-17	9.957393e-01	5.012134e-01	5.008214e-01	5.002738e-01	4.997038e-01	5.010929e-01	5.001570e-01	5.016421e-01	4.983931e-01	4.996487e-01	4.992291e-01	0.000000e+00	1	1.000000e+14
2.610038e-30	1.615578e-15	1.000021e+00	1.000000e+00	1.000000e+00	5.012145e-01	5.027358e-01	5.002385e-01	4.997694e-01	5.012756e-01	5.002065e-01	4.973534e-01	4.983457e-01	4.998495e-01	4.999774e-01	0.000000e+00	1	1.000000e+14
1.210127e-15	1.094179e-15	1.009846e+00	1.000000e+00	4.679938e-01	5.025606e-01	5.148249e-01	4.737664e-01	4.933947e-01	4.991800e-01	5.181389e-01	5.182737e-01	5.840089e-01	4.658545e-01	5.011206e-01	0.000000e+00	1	1.000000e+14
6.089282e-01	5.768776e-01	5.813015e-01	3.858072e-01	4.827973e-01	5.084547e-01	5.472052e-01	6.019551e-01	5.836926e-01	5.165879e-01	5.054443e-01	5.013958e-01	5.162811e-01	4.837351e-01	4.998355e-01	0.000000e+00	1	1.329205e-01
8.548089e-01	4.779953e-01	2.226219e-01	1.422921e-01	3.245913e-01	4.733696e-01	4.878329e-01	4.983504e-01	4.959806e-01	4.608379e-01	5.276907e-01	5.012625e-01	5.302753e-01	4.837354e-01	4.994134e-01	0.000000e+00	1	1.156953e-01
8.978910e-01	4.456742e-01	8.300033e-02	5.259243e-02	2.933090e-01	4.815692e-01	4.969609e-01	4.988590e-01	4.917581e-01	4.851458e-01	4.416985e-01	4.733109e-01	5.028738e-01	5.100296e-01	4.686110e-01	0.000000e+00	1	1.139266e-01
1.340762e-01	5.734548e-02	9.989838e-01	9.077222e-01	2.572976e-01	4.103724e-01	5.168960e-01	5.154447e-01	4.811078e-01	4.994282e-01	5.206584e-01	5.013782e-01	5.061025e-01	5.000011e-01	5.138113e-01	0.000000e+00	1	1.131443e-01
6.232887e-01	7.953414e-01	1.538024e-02	9.689127e-03	5.768345e-01	4.605074e-01	4.281741e-01	4.984373e-01	5.080816e-01	4.895092e-01	5.533343e-01	5.016695e-01	4.928960e-01	4.996815e-01	5.282184e-01	0.000000e+00	1	1.103480e-01
9.155887e-01	3.086681e-01	3.200657e-01	2.036418e-01	2.070029e-01	4.267575e-01	4.444119e-01	5.739097e-01	5.113738e-01	4.852593e-01	5.239823e-01	4.953522e-01	4.747242e-01	4.529255e-01	4.883569e-01	0.000000e+00	1	1.085369e-01
6.759595e-01	5.019856e-01	5.396788e-01	3.628751e-01	4.066508e-01	5.012134e-01	5.081233e-01	5.026010e-01	4.997202e-01	4.992790e-01	5.001570e-01	5.016378e-01	4.987984e-01	5.015112e-01	4.991479e-01	0.000000e+00	1	1.081869e-01
3.910430e-01	8.031743e-01	4.769627e-01	3.122108e-01	7.115539e-01	4.849616e-01	4.379492e-01	4.660793e-01	5.427214e-01	5.274947e-01	4.717188e-01	5.617979e-01	4.948107e-01	4.854015e-01	5.011269e-01	0.000000e+00	1	1.063474e-01
1.652937e-01	4.173595e-01	8.946573e-01	7.039391e-01	7.599349e-01	4.977684e-01	5.007639e-01	5.003173e-01	4.891812e-01	4.953912e-01	4.922879e-01	5.220695e-01	5.004599e-01	4.835730e-01	4.994284e-01	0.000000e+00	1	1.031292e-01
4.790830e-01	8.688973e-01	1.948518e-01	1.234481e-01	6.792114e-01	5.396133e-01	4.984869e-01	4.946204e-01	4.546356e-01	5.322128e-01	4.978682e-01	5.018669e-01	4.210717e-01	4.845433e-01	5.000821e-01	0.000000e+00	1	1.006522e-01
4.478962e-01	2.201469e-01	8.698188e-01	6.683794e-01	2.908303e-01	5.097567e-01	4.924411e-01	5.011473e-01	4.552396e-01	4.947413e-01	5.034792e-01	5.188942e-01	5.007106e-01	4.835730e-01	5.014066e-01	0.000000e+00	1	9.756452e-02
3.414541e-01	8.069447e-01	5.500314e-01	3.568666e-01	7.451625e-01	4.547944e-01	4.768944e-01	3.694143e-01	5.426083e-01	4.748380e-01	3.947725e-01	5.322184e-01	5.119495e-01	4.854015e-01	4.992950e-01	0.000000e+00	1	9.436035e-02
8.361117e-01	5.074561e-01	2.220921e-01	1.421499e-01	3.472729e-01	5.016872e-01	5.267073e-01	4.982319e-01	5.236369e-01	4.624990e-01	4.973911e-01	4.993680e-01	5.029273e-01	4.844757e-01	5.037789e-01	0.000000e+00	1	9.312477e-02
8.890361e-01	3.675574e-01	3.764982e-01	2.374831e-01	2.495760e-01	4.992438e-01	4.899236e-01	3.539798e-01	5.069156e-01	4.713649e-01	5.647237e-01	5.286342e-01	4.257054e-01	4.843312e-01	5.020999e-01	0.000000e+00	1	9.308296e-02
7.932510e-01	1.303217e-01	6.084224e-01	4.124484e-01	1.036630e-01	5.042602e-01	5.004912e-01	5.043933e-01	4.912236e-01	4.713930e-01	5.194248e-01	4.860681e-01	5.572483e-01	5.052083e-01	5.579825e-01	0.000000e+00	1	9.115471e-02
5.153101e-01	8.552559e-01	1.297990e-01	8.229503e-02	6.547792e-01	5.472378e-01	5.061215e-01	4.905683e-01	4.364837e-01	4.964592e-01	5.004884e-01	5.037912e-01	5.024139e-01	4.979293e-01	4.782226e-01	0.000000e+00	1	9.083815e-02
4.187164e-01	5.422062e-01	7.430118e-01	5.258189e-01	5.813671e-01	5.536250e-01	4.339968e-01	5.038151e-01	4.900029e-01	4.957091e-01	4.709581e-01	5.468298e-01	5.082207e-01	4.878679e-01	5.040120e-01	0.000000e+00	1	9.051263e-02
1.574227e-01	2.106970e-01	9.707455e-01	8.315595e-01	5.914965e-01	5.044002e-01	5.261375e-01	5.106079e-01	4.816303e-01	4.998600e-01	4.970608e-01	5.011728e-01	5.492867e-01	4.988944e-01	5.463844e-01	0.000000e+00	1	8.729084e-02
3.062603e-01	7.196223e-01	6.377609e-01	4.355119e-01	7.438460e-01	5.435672e-01	5.565889e-01	5.103815e-01	5.041379e-01	5.195923e-01	5.041845e-01	5.084802e-01	4.576418e-01	4.605607e-01	4.897452e-01	0.000000e+00	1	8.523613e-02
6.385264e-02	7.280247e-01	6.905035e-01	4.819470e-01	9.443067e-01	4.775132e-01	5.069840e-01	4.885134e-01	4.913633e-01	4.904922e-01	5.228411e-01	5.280082e-01	4.958418e-01	5.050932e-01	5.568379e-01	0.000000e+00	1	8.394253e-02
2.925258e-01	7.770599e-01	5.754107e-01	3.858072e-01	7.707895e-01	5.396133e-01	4.967282e-01	4.991691e-01	4.587934e-01	5.322128e-01	5.054543e-01	5.013958e-01	4.251226e-01	4.845433e-01	5.000821e-01	0.000000e+00	1	8.357295e-02
7.683647e-01	5.983045e-01	2.496865e-01	1.597844e-01	4.211879e-01	5.029939e-01	4.964808e-01	5.420388e-01	5.048933e-01	5.473114e-01	5.083086e-01	4.965820e-01	5.054042e-01	5.053019e-01	5.338354e-01	0.000000e+00	1	8.259223e-02
2.154706e-01	8.963928e-01	3.900631e-01	2.548113e-01	8.498216e-01	5.080477e-01	4.873728e-01	4.937350e-01	5.155404e-01	5.068154e-01	5.013517e-01	5.052204e-01	4.980267e-01	5.065661e-01	4.794967e-01	0.000000e+00	1	8.031399e-02
2.519412e-01	9.578076e-01	1.632348e-01	1.039920e-01	8.362532e-01	5.012134e-01	5.016957e-01	4.913350e-01	4.996289e-01	5.010811e-01	4.831084e-01	5.006379e-01	5.127009e-01	4.516356e-01	5.297278e-01	0.000000e+00	1	7.977210e-02
1.189593e-01	9.897192e-01	1.118767e-01	7.115078e-02	9.238468e-01	4.733696e-01	4.878329e-01	4.938203e-01	4.959806e-01	5.011083e-01	5.276907e-01	5.013987e-01	4.660165e-01	4.837354e-01	5.004156e-01	0.000000e+00	1	7.976801e-02
7.060830e-01	1.366780e-01	7.199123e-01	5.003196e-01	1.217264e-01	4.189575e-01	5.480070e-01	4.818926e-01	4.650488e-01	4.625768e-01	4.730807e-01	4.895696e-01	5.119124e-01	5.072458e-01	5.689107e-01	0.000000e+00	1	7.935369e-02
4.145636e-03	6.194196e-01	7.922704e-01	5.775563e-01	9.957393e-01	4.586047e-01	5.008214e-01	5.240826e-01	4.657772e-01	5.010929e-01	5.463257e-01	5.016421e-01	4.998037e-01	5.072569e-01	5.033008e-01	0.000000e+00	1	7.934277e-02
2.457178e-01	3.789041e-01	9.000456e-01	7.039391e-01	6.337417e-01	4.977684e-01	5.007639e-01	5.003173e-01	4.413344e-01	4.953912e-01	4.922879e-01	5.220695e-01	5.004599e-01	5.545319e-01	4.994284e-01	0.000000e+00	1	7.925392e-02
7.465333e-01	1.700291e-01	6.574415e-01	4.516854e-01	1.425635e-01	5.044962e-01	4.948305e-01	4.836194e-01	5.012737e-01	5.448665e-01	5.102570e-01	4.942070e-01	5.576788e-01	5.050942e-01	5.579825e-01	0.000000e+00	1	7.827947e-02
3.703682e-01	9.318098e-01	7.553481e-02	4.786623e-02	7.591508e-01	5.247647e-01	4.981022e-01	5.044423e-01	4.909435e-01	5.368825e-01	4.973293e-01	5.271163e-01	5.228283e-01	4.551804e-01	5.143874e-01	0.000000e+00	1	7.812672e-02
5.343432e-01	6.909206e-01	5.231900e-01	3.435738e-01	5.809156e-01	5.056650e-01	4.114989e-01	4.911238e-01	4.402748e-01	4.436810e-01	5.166345e-01	5.562829e-01	4.988561e-01	5.041744e-01	5.008370e-01	0.000000e+00	1	7.698575e-02
9.310514e-01	2.784436e-02	4.479079e-01	2.853462e-01	1.903331e-02	5.033363e-01	5.006226e-01	5.495492e-01	4.920800e-01	5.066454e-01	5.203675e-01	4.997119e-01	4.063177e-01	5.570932e-01	3.638418e-01	0.000000e+00	1	7.693953e-02
5.028049e-01	2.512610e-01	8.474191e-01	6.271538e-01	2.950240e-01	4.718163e-01	5.335561e-01	5.243099e-01	4.995273e-01	4.809509e-01	5.527140e-01	5.089568e-01	5.065389e-01	6.053887e-01	5.025391e-01	0.000000e+00	1	7.660820e-02
7.765348e-01	9.689753e-02	6.390396e-01	4.359470e-01	7.903017e-02	5.005344e-01	4.460481e-01	5.170712e-01	4.911466e-01	4.605847e-01	5.244756e-01	5.368136e-01	4.472150e-01	4.727766e-01	5.037412e-01	0.000000e+00	1	7.604967e-02
9.754300e-01	2.836683e-02	2.601058e-01	1.658323e-01	1.850855e-02	4.825952e-01	4.329246e-01	5.073529e-01	4.914959e-01	4.990313e-01	4.649846e-01	5.608949e-01	5.042361e-01	4.951327e-01	4.972902e-01	0.000000e+00	1	7.484788e-02
1.947133e-01	4.916429e-01	8.521966e-01	6.464441e-01	7.599349e-01	5.011409e-01	5.007639e-01	5.011473e-01	4.533500e-01	4.964100e-01	5.000110e-01	5.215408e-01	5.004599e-01	4.835730e-01	5.013534e-01	0.000000e+00	1	7.339899e-02
6.953418e-01	6.587429e-01	3.374288e-01	2.156282e-01	4.827973e-01	5.396133e-01	5.472052e-01	6.048092e-01	5.072603e-01	4.968241e-01	4.965904e-01	5.013215e-01	5.177779e-01	4.811598e-01	4.999633e-01	0.000000e+00	1	7.288230e-02
9.305966e-01	2.678454e-01	3.491149e-01	2.202783e-01	1.784104e-01	5.044962e-01	5.004652e-01	5.057513e-01	4.796395e-01	4.684091e-01	3.596159e-01	5.294126e-01	5.608914e-01	5.044755e-01	5.601485e-01	0.000000e+00	1	7.185834e-02
5.691076e-01	7.425422e-01	4.345957e-01	2.768504e-01	5.836924e-01	4.950895e-01	5.006226e-01	5.032133e-01	4.922831e-01	5.085049e-01	5.203675e-01	4.972284e-01	4.063177e-01	5.604987e-01	3.638418e-01	0.000000e+00	1	7.094556e-02
5.415305e-01	2.245682e-01	8.428275e-01	6.130955e-01	2.502598e-01	5.338340e-01	5.271437e-01	3.522211e-01	4.756845e-01	4.634183e-01	5.048306e-01	5.263451e-01	5.084598e-01	4.850515e-01	5.021442e-01	0.000000e+00	1	6.918469e-02
7.224713e-01	2.904519e-01	6.410129e-01	4.384636e-01	2.433488e-01	5.035759e-01	5.148249e-01	4.737664e-01	4.933947e-01	4.991800e-01	5.181389e-01	5.288812e-01	5.726646e-01	4.658545e-01	5.011206e-01	0.000000e+00	1	6.902115e-02
8.112471e-01	3.353968e-01	5.111469e-01	3.356793e-01	2.495760e-01	5.362533e-01	4.900409e-01	4.937722e-01	4.924136e-01	4.730665e-01	5.664284e-01	5.286342e-01	4.257054e-01	4.843312e-01	5.508313e-01	0.000000e+00	1	6.738804e-02
5.386791e-01	6.965271e-01	4.985346e-01	3.279734e-01	5.809156e-01	5.011695e-01	4.114989e-01	5.004730e-01	4.802640e-01	4.790445e-01	5.033771e-01	5.562829e-01	4.994993e-01	5.041744e-01	5.010452e-01	0.000000e+00	1	6.712490e-02
2.110725e-01	2.825027e-01	9.393325e-01	7.713639e-01	5.914965e-01	5.012711e-01	4.465492e-01	5.002846e-01	5.218971e-01	4.993884e-01	5.001570e-01	5.016399e-01	5.019862e-01	4.989823e-01	4.992283e-01	0.000000e+00	1	6.642441e-02
9.120913e-01	3.926486e-01	1.516902e-01	9.650201e-02	2.587947e-01	5.092019e-01	5.061215e-01	4.905683e-01	4.383733e-01	4.947905e-01	5.039566e-01	5.011446e-01	5.026646e-01	4.979293e-01	4.782759e-01	0.000000e+00	1	6.609587e-02
9.529304e-01	3.340864e-01	8.799462e-03	5.547421e-03	2.146675e-01	5.012134e-01	4.545903e-01	5.736136e-01	4.997202e-01	5.011072e-01	5.002214e-01	4.977234e-01	4.742695e-01	4.609385e-01	4.874077e-01	0.000000e+00	1	6.586796e-02
8.141564e-02	3.443291e-01	9.424681e-01	7.713639e-01	8.521877e-01	5.012711e-01	4.389114e-01	5.002846e-01	5.165501e-01	5.078086e-01	5.001570e-01	5.016399e-01	5.019862e-01	5.509381e-01	5.051380e-01	0.000000e+00	1	6.445768e-02
2.494645e-01	6.679475e-01	7.070756e-01	4.973387e-01	7.724487e-01	5.100010e-01	4.934720e-01	4.812401e-01	5.045543e-01	4.994137e-01	4.996755e-01	5.453676e-01	5.082207e-01	4.610740e-01	5.023818e-01	0.000000e+00	1	6.444047e-02
4.742261e-01	2.074079e-01	8.606328e-01	6.552956e-01	2.624742e-01	5.382662e-01	5.226474e-01	4.951717e-01	4.756845e-01	4.634183e-01	5.048306e-01	4.941390e-01	5.084598e-01	4.850515e-01	5.025944e-01	0.000000e+00	1	6.410721e-02
5.582663e-01	7.477039e-01	4.263974e-01	2.728704e-01	5.917053e-01	5.011604e-01	5.003913e-01	4.997790e-01	4.997694e-01	5.012756e-01	5.002065e-01	4.973788e-01	5.954264e-01	4.998495e-01	3.703236e-01	0.000000e+00	1	6.236766e-02
