2.610038e-30	1.615578e-15	1.000021e+00	1.000000e+00	1.000000e+00	5.012145e-01	5.027358e-01	5.002385e-01	4.997694e-01	5.012756e-01	5.002065e-01	4.973534e-01	4.983457e-01	4.998495e-01	4.999774e-01	0.000000e+00	1	1.000000e+14
1.023531e+00	2.269190e-04	1.019477e-03	6.340983e-04	1.411400e-04	4.851120e-01	5.220871e-01	4.031981e-01	5.045920e-01	5.969784e-01	4.909940e-01	5.624836e-01	4.951005e-01	5.040136e-01	5.001706e-01	0.000000e+00	1	1.000000e+14
1.621163e-15	1.003478e+00	3.834089e-04	2.432397e-04	1.000000e+00	5.028481e-01	5.027358e-01	4.982529e-01	4.764346e-01	4.940742e-01	4.955998e-01	4.880552e-01	5.068047e-01	4.994557e-01	5.515787e-01	0.000000e+00	1	1.000000e+14
1.615619e-15	3.396809e-32	1.000046e+00	1.000000e+00	1.338481e-17	4.987276e-01	4.968470e-01	5.025833e-01	5.021691e-01	4.994282e-01	5.039626e-01	5.014302e-01	5.022068e-01	4.999416e-01	4.998127e-01	0.000000e+00	1	1.000000e+14
4.694611e-02	9.989061e-01	4.359873e-17	2.775558e-17	9.701024e-01	5.012134e-01	5.008937e-01	5.002738e-01	4.997202e-01	5.011072e-01	5.001570e-01	5.016421e-01	4.987984e-01	4.996489e-01	4.991479e-01	0.000000e+00	1	1.000000e+14
1.570047e-15	4.199239e-16	1.005997e+00	1.000000e+00	1.663758e-01	4.256905e-01	4.971096e-01	5.025833e-01	5.021691e-01	4.954999e-01	5.039626e-01	5.203602e-01	5.022068e-01	4.999416e-01	4.998127e-01	0.000000e+00	1	1.000000e+14
5.005530e-01	6.387257e-01	6.089759e-01	4.098437e-01	5.768345e-01	5.325175e-01	4.281741e-01	4.984648e-01	5.080816e-01	4.467389e-01	5.590653e-01	5.334710e-01	4.925682e-01	4.996810e-01	5.282184e-01	0.000000e+00	1	1.598847e-01
1.004288e+00	3.731947e-02	2.010343e-01	1.256891e-01	2.364599e-02	5.027532e-01	5.952741e-01	4.836194e-01	5.012737e-01	5.943970e-01	5.102570e-01	4.924762e-01	5.576788e-01	5.038096e-01	4.441221e-01	0.000000e+00	1	1.517342e-01
2.880259e-01	9.151334e-01	3.409950e-01	2.174078e-01	8.058812e-01	4.877574e-01	6.023101e-01	5.090457e-01	5.080816e-01	4.436565e-01	5.540751e-01	5.228016e-01	4.987435e-01	5.025658e-01	5.282184e-01	0.000000e+00	1	1.515442e-01
9.754300e-01	2.836683e-02	2.601058e-01	1.658323e-01	1.850855e-02	4.825952e-01	4.329246e-01	5.073529e-01	4.914959e-01	4.990313e-01	4.649846e-01	5.608949e-01	5.042361e-01	4.951327e-01	4.972902e-01	0.000000e+00	1	1.434389e-01
2.610155e-01	5.752110e-01	7.779118e-01	5.658168e-01	7.288079e-01	5.002412e-01	4.569593e-01	5.064867e-01	4.968783e-01	4.975076e-01	4.900662e-01	5.069799e-01	4.990525e-01	5.032249e-01	4.994085e-01	0.000000e+00	1	1.280453e-01
1.643714e-01	7.162306e-01	7.106868e-01	4.893595e-01	8.563858e-01	4.989984e-01	4.811104e-01	6.448705e-01	5.021965e-01	5.271815e-01	5.041566e-01	5.015930e-01	5.134934e-01	4.999416e-01	4.991788e-01	0.000000e+00	1	1.280080e-01
3.895793e-01	8.001678e-01	4.751773e-01	3.122108e-01	7.115539e-01	4.849616e-01	4.855378e-01	4.660793e-01	5.429874e-01	5.219397e-01	4.682598e-01	5.619478e-01	4.948107e-01	4.905109e-01	4.992867e-01	0.000000e+00	1	1.230499e-01
8.341291e-01	4.157832e-01	3.798806e-01	2.463934e-01	2.943844e-01	4.838590e-01	5.301048e-01	5.014879e-01	4.893551e-01	4.851458e-01	4.389297e-01	4.921275e-01	5.028738e-01	5.098632e-01	4.674858e-01	0.000000e+00	1	1.133802e-01
2.718032e-01	5.667893e-01	7.900182e-01	5.721321e-01	7.153334e-01	4.599304e-01	4.913176e-01	5.063136e-01	5.628287e-01	5.266565e-01	4.537272e-01	4.676946e-01	5.024267e-01	5.034759e-01	4.993948e-01	0.000000e+00	1	1.076392e-01
1.914886e-01	8.190124e-02	9.869588e-01	8.676027e-01	2.572976e-01	4.136052e-01	5.160803e-01	5.012360e-01	4.919061e-01	5.168735e-01	5.012382e-01	4.928238e-01	4.995087e-01	5.004910e-01	5.237914e-01	0.000000e+00	1	1.071379e-01
2.556206e-02	6.722955e-01	7.411865e-01	5.307745e-01	9.758061e-01	5.013232e-01	5.100807e-01	5.031357e-01	4.962736e-01	5.241895e-01	5.059034e-01	5.016403e-01	4.981913e-01	4.844457e-01	4.992026e-01	0.000000e+00	1	1.064899e-01
4.268242e-01	9.017203e-01	1.715410e-01	1.084050e-01	7.185526e-01	4.746579e-01	4.867955e-01	5.166505e-01	4.660512e-01	4.626124e-01	5.641054e-01	5.355763e-01	5.302753e-01	4.993689e-01	5.483806e-01	0.000000e+00	1	1.008328e-01
6.091715e-01	4.750441e-01	6.633226e-01	4.516854e-01	4.216424e-01	5.083478e-01	4.948305e-01	4.850717e-01	5.012737e-01	5.423065e-01	5.241061e-01	4.942070e-01	6.116835e-01	5.050942e-01	5.546486e-01	0.000000e+00	1	9.931084e-02
6.501473e-01	7.847447e-01	1.461155e-01	9.066092e-02	5.595427e-01	4.963690e-01	4.281741e-01	5.018591e-01	5.029004e-01	5.075445e-01	3.509465e-01	5.355033e-01	4.882928e-01	4.996815e-01	5.253407e-01	0.000000e+00	1	9.791833e-02
2.228315e-01	8.608887e-01	4.605888e-01	3.042414e-01	8.387568e-01	5.372640e-01	5.044660e-01	4.990595e-01	4.996295e-01	5.018282e-01	5.035088e-01	5.044608e-01	4.988451e-01	4.972173e-01	5.027165e-01	0.000000e+00	1	9.550358e-02
2.134816e-01	8.881184e-01	4.205099e-01	2.746662e-01	8.498216e-01	5.080477e-01	4.430686e-01	4.937350e-01	4.961847e-01	4.593299e-01	5.013517e-01	5.052204e-01	4.923899e-01	5.064748e-01	4.794967e-01	0.000000e+00	1	9.515201e-02
6.643914e-01	7.727048e-01	1.461136e-01	9.066092e-02	5.478912e-01	4.963690e-01	4.281741e-01	5.019150e-01	5.030332e-01	5.075445e-01	3.509949e-01	5.355033e-01	4.882928e-01	4.996815e-01	5.253407e-01	0.000000e+00	1	9.193978e-02
5.392855e-01	8.509496e-01	1.152072e-01	7.248634e-02	6.403967e-01	4.743411e-01	4.359160e-01	4.936237e-01	4.993528e-01	4.632335e-01	5.818432e-01	5.294126e-01	4.973558e-01	4.832303e-01	4.991988e-01	0.000000e+00	1	9.129956e-02
6.759595e-01	5.019856e-01	5.396788e-01	3.628751e-01	4.066508e-01	5.012134e-01	5.081233e-01	5.026010e-01	4.997202e-01	4.992790e-01	5.001570e-01	5.016378e-01	4.987984e-01	5.015112e-01	4.991479e-01	0.000000e+00	1	9.116968e-02
7.255314e-02	9.268510e-01	3.878373e-01	2.516048e-01	9.502673e-01	4.838590e-01	4.503427e-01	5.014879e-01	4.887609e-01	4.851458e-01	4.389297e-01	4.921275e-01	5.028738e-01	5.063117e-01	4.793810e-01	0.000000e+00	1	9.005394e-02
4.715024e-01	2.485587e-01	8.743253e-01	6.514741e-01	3.088505e-01	4.194157e-01	4.999967e-01	5.099304e-01	5.441309e-01	4.954999e-01	4.998384e-01	5.203602e-01	5.028112e-01	5.001123e-01	6.224747e-01	0.000000e+00	1	8.820060e-02
7.286159e-01	1.446882e-01	6.933353e-01	4.780632e-01	1.247962e-01	5.026859e-01	4.892602e-01	4.031981e-01	5.045920e-01	5.474479e-01	4.909940e-01	5.642144e-01	4.883205e-01	5.052981e-01	5.001706e-01	0.000000e+00	1	8.608526e-02
5.547306e-01	1.176458e-01	8.331585e-01	6.195536e-01	1.330414e-01	5.025311e-01	4.977574e-01	5.140060e-01	4.934547e-01	5.180063e-01	5.104297e-01	5.002722e-01	4.710854e-01	4.995239e-01	4.205682e-01	0.000000e+00	1	8.536600e-02
9.148253e-01	4.014408e-01	1.142449e-01	7.248634e-02	2.632520e-01	4.743411e-01	4.627158e-01	4.936237e-01	4.573681e-01	5.174454e-01	5.132562e-01	5.294126e-01	4.973558e-01	4.832303e-01	4.991988e-01	0.000000e+00	1	8.328211e-02
5.044600e-01	2.725239e-01	8.378653e-01	6.179494e-01	3.153245e-01	5.084547e-01	5.527040e-01	6.019551e-01	4.607444e-01	5.154463e-01	5.054443e-01	5.002698e-01	4.977326e-01	4.876970e-01	5.075702e-01	0.000000e+00	1	8.318049e-02
8.851499e-01	2.316929e-01	4.121822e-01	2.694547e-01	1.629822e-01	5.080477e-01	5.228307e-01	4.937350e-01	4.967789e-01	4.593299e-01	5.013517e-01	5.052204e-01	4.923899e-01	5.100263e-01	4.676015e-01	0.000000e+00	1	8.246070e-02
4.830529e-02	9.540097e-01	3.155822e-01	2.031348e-01	9.677929e-01	4.987632e-01	4.855378e-01	4.727310e-01	4.902556e-01	4.994753e-01	4.682598e-01	5.619478e-01	4.948107e-01	4.905109e-01	4.992867e-01	0.000000e+00	1	8.114387e-02
2.529823e-01	3.705543e-01	8.942123e-01	7.039391e-01	6.186459e-01	4.976793e-01	5.005013e-01	5.003173e-01	4.891812e-01	4.993196e-01	4.922879e-01	5.031395e-01	5.004599e-01	4.835730e-01	4.994284e-01	0.000000e+00	1	8.025204e-02
7.465239e-01	1.700270e-01	6.574333e-01	4.516854e-01	1.425635e-01	5.027532e-01	4.948305e-01	4.836194e-01	5.012737e-01	5.448665e-01	5.102570e-01	4.942070e-01	5.576788e-01	5.050942e-01	5.579825e-01	0.000000e+00	1	7.994551e-02
8.024896e-01	3.317761e-01	5.056290e-01	3.356793e-01	2.495760e-01	4.841087e-01	4.900409e-01	5.007988e-01	4.924136e-01	5.349971e-01	5.069525e-01	5.001520e-01	4.793469e-01	4.874440e-01	5.508313e-01	0.000000e+00	1	7.741694e-02
9.335815e-01	8.771977e-02	3.738315e-01	2.415084e-01	5.964200e-02	4.826924e-01	4.253321e-01	5.015718e-01	4.843961e-01	4.941058e-01	4.763512e-01	5.398405e-01	5.028738e-01	5.098632e-01	4.674858e-01	0.000000e+00	1	7.633235e-02
8.972124e-01	4.453374e-01	8.293760e-02	5.259243e-02	2.933090e-01	4.821306e-01	4.968436e-01	5.017263e-01	4.917581e-01	4.856273e-01	4.396489e-01	4.733109e-01	5.018511e-01	5.100296e-01	4.956609e-01	0.000000e+00	1	7.515457e-02
4.526049e-01	3.418300e-01	8.333299e-01	6.195536e-01	4.117993e-01	5.081258e-01	4.977574e-01	5.154583e-01	4.934547e-01	5.154463e-01	5.242788e-01	5.002722e-01	4.977326e-01	4.995239e-01	4.172343e-01	0.000000e+00	1	7.465893e-02
6.559854e-01	5.289215e-01	5.401217e-01	3.628751e-01	4.319917e-01	5.012115e-01	5.100541e-01	5.014182e-01	4.997202e-01	4.992766e-01	4.719212e-01	5.016378e-01	4.987984e-01	5.020640e-01	4.991479e-01	0.000000e+00	1	7.355241e-02
7.742634e-01	1.991682e-01	6.213315e-01	4.205958e-01	1.602863e-01	5.080477e-01	4.195419e-01	4.934002e-01	4.970412e-01	4.593299e-01	5.552259e-01	5.052204e-01	4.923899e-01	5.097208e-01	4.676015e-01	0.000000e+00	1	7.234703e-02
1.009401e+00	3.055549e-01	1.078304e-02	6.508849e-03	1.871282e-01	4.963690e-01	4.281741e-01	5.001861e-01	4.233791e-01	4.951836e-01	3.484865e-01	5.355033e-01	3.653007e-01	4.999639e-01	4.644599e-01	0.000000e+00	1	7.161872e-02
5.971229e-01	4.676715e-01	6.708234e-01	4.610114e-01	4.229815e-01	5.396133e-01	5.472052e-01	4.503195e-01	4.884164e-01	4.990206e-01	5.647986e-01	4.924320e-01	4.774181e-01	5.063065e-01	4.632217e-01	0.000000e+00	1	7.118225e-02
6.943117e-01	5.156145e-01	5.022533e-01	3.349567e-01	4.066508e-01	5.012134e-01	5.081233e-01	5.026010e-01	4.997202e-01	4.992790e-01	5.036142e-01	5.016378e-01	4.987984e-01	4.997892e-01	4.992027e-01	0.000000e+00	1	6.998234e-02
7.000280e-01	6.567037e-01	2.884938e-01	1.858762e-01	4.796778e-01	4.855076e-01	4.859818e-01	5.077871e-01	4.769244e-01	5.018898e-01	5.281198e-01	4.996189e-01	4.924727e-01	4.988607e-01	5.202293e-01	0.000000e+00	1	6.974241e-02
4.386341e-01	3.742185e-01	8.471266e-01	6.195536e-01	4.496554e-01	3.931892e-01	4.499109e-01	5.154583e-01	4.935342e-01	4.975261e-01	5.242788e-01	5.002722e-01	4.444897e-01	4.994445e-01	4.172343e-01	0.000000e+00	1	6.955828e-02
1.486892e-01	2.162309e-01	9.685621e-01	8.315595e-01	6.165111e-01	5.044002e-01	5.158422e-01	5.013808e-01	4.919110e-01	4.998600e-01	4.972442e-01	4.877804e-01	5.492867e-01	4.988944e-01	5.236080e-01	0.000000e+00	1	6.915725e-02
7.673341e-01	9.574946e-02	6.549208e-01	4.473597e-01	7.903017e-02	5.011860e-01	4.451555e-01	5.042271e-01	4.911466e-01	4.510685e-01	4.783659e-01	5.370367e-01	4.472150e-01	5.568325e-01	4.993338e-01	0.000000e+00	1	6.790593e-02
3.722539e-01	9.399251e-01	4.712701e-02	2.965538e-02	7.599349e-01	5.575249e-01	4.994342e-01	5.075624e-01	4.946880e-01	4.953912e-01	5.242797e-01	5.220619e-01	5.862661e-01	4.894245e-01	4.971857e-01	0.000000e+00	1	6.649890e-02
3.535313e-01	2.066586e-01	9.179121e-01	7.328580e-01	3.367627e-01	4.950745e-01	4.956676e-01	5.149369e-01	5.600934e-01	5.268348e-01	5.198111e-01	5.043845e-01	4.966916e-01	5.034842e-01	5.090605e-01	0.000000e+00	1	6.501759e-02
7.850230e-01	1.865503e-01	6.118201e-01	4.130137e-01	1.485293e-01	5.324198e-01	4.141080e-01	4.984648e-01	5.080816e-01	4.467389e-01	5.007473e-01	5.208571e-01	4.925682e-01	4.996810e-01	4.718987e-01	0.000000e+00	1	6.501343e-02
3.676543e-01	8.150976e-05	9.367799e-01	7.619075e-01	1.411400e-04	4.851120e-01	5.220871e-01	5.268291e-01	5.045920e-01	5.285085e-01	4.909940e-01	5.624836e-01	4.966690e-01	5.040136e-01	5.082067e-01	0.000000e+00	1	6.491051e-02
5.439492e-01	8.389554e-01	5.930151e-02	3.771350e-02	6.338005e-01	5.012134e-01	4.883839e-01	4.944783e-01	4.965487e-01	5.011072e-01	4.999072e-01	5.016421e-01	5.378938e-01	4.989986e-01	4.991479e-01	0.000000e+00	1	6.470036e-02
4.707079e-01	7.203201e-01	5.184852e-01	3.452354e-01	6.315174e-01	4.605174e-01	5.005013e-01	4.602646e-01	4.694376e-01	4.993196e-01	4.950878e-01	5.031395e-01	5.154776e-01	4.835730e-01	4.994284e-01	0.000000e+00	1	6.413352e-02
9.551180e-01	1.526672e-01	3.015827e-01	1.924144e-01	1.009045e-01	5.063640e-01	5.608739e-01	4.836194e-01	5.163863e-01	4.912092e-01	5.413234e-01	4.907910e-01	5.576788e-01	4.819256e-01	5.579825e-01	0.000000e+00	1	6.412617e-02
1.248512e-02	4.553356e-01	9.078252e-01	7.039391e-01	9.825485e-01	4.966102e-01	4.935073e-01	5.003422e-01	4.914261e-01	4.993196e-01	4.919971e-01	6.227828e-01	5.068466e-01	4.805391e-01	4.994284e-01	0.000000e+00	1	6.377014e-02
