1.004121e+00	2.226159e-04	2.741696e-04	1.738254e-04	1.411400e-04	5.279358e-01	5.148719e-01	5.073629e-01	5.020185e-01	5.020510e-01	5.040714e-01	5.549089e-01	4.950519e-01	4.995346e-01	4.990424e-01	0.000000e+00	1	1.000000e+14
1.389953e-15	8.315885e-16	1.002587e+00	1.000000e+00	3.432386e-01	5.011669e-01	4.769595e-01	4.927212e-01	4.933593e-01	4.918579e-01	4.708808e-01	5.058877e-01	4.797568e-01	5.030657e-01	4.757111e-01	0.000000e+00	1	1.000000e+14
4.694611e-02	9.989061e-01	4.359873e-17	2.775558e-17	9.701024e-01	5.012134e-01	5.008937e-01	5.002738e-01	4.997202e-01	5.011072e-01	5.001570e-01	5.016421e-01	4.987984e-01	4.996489e-01	4.991479e-01	0.000000e+00	1	1.000000e+14
2.610038e-30	1.615578e-15	1.000021e+00	1.000000e+00	1.000000e+00	5.012145e-01	5.027358e-01	5.002385e-01	4.997694e-01	5.012756e-01	5.002065e-01	4.973534e-01	4.983457e-01	4.998495e-01	4.999774e-01	0.000000e+00	1	1.000000e+14
1.655128e-15	1.024502e+00	1.018072e-04	6.326246e-05	1.000000e+00	4.854705e-01	4.295825e-01	4.972081e-01	4.764346e-01	4.942612e-01	5.957066e-01	5.367926e-01	4.962394e-01	4.250536e-01	5.509066e-01	0.000000e+00	1	1.000000e+14
1.615619e-15	3.396809e-32	1.000046e+00	1.000000e+00	1.338481e-17	4.987276e-01	4.968470e-01	5.025833e-01	5.021691e-01	4.994282e-01	5.039626e-01	5.014302e-01	5.022068e-01	4.999416e-01	4.998127e-01	0.000000e+00	1	1.000000e+14
5.930217e-01	7.886597e-01	1.905310e-01	1.214312e-01	5.895464e-01	4.775364e-01	5.081639e-01	5.214393e-01	4.714773e-01	4.626167e-01	4.928709e-01	4.847336e-01	5.033485e-01	4.755793e-01	5.288906e-01	0.000000e+00	1	1.357083e-01
4.384337e-01	3.157871e-01	8.453997e-01	6.379572e-01	3.973753e-01	5.012143e-01	4.698433e-01	5.011162e-01	4.991393e-01	5.011569e-01	5.435552e-01	5.188096e-01	4.902235e-01	5.048657e-01	5.057667e-01	0.000000e+00	1	1.318034e-01
8.323199e-01	7.922717e-02	5.522592e-01	3.716227e-01	6.041676e-02	4.967992e-01	5.026535e-01	5.009758e-01	4.998480e-01	5.009509e-01	4.562112e-01	5.054011e-01	4.934565e-01	4.996470e-01	4.989907e-01	0.000000e+00	1	1.297347e-01
5.282696e-01	6.032429e-01	6.196925e-01	4.188635e-01	5.421204e-01	3.887923e-01	5.124852e-01	5.001504e-01	4.997694e-01	5.012578e-01	4.934239e-01	4.945907e-01	4.988260e-01	4.995204e-01	5.283925e-01	0.000000e+00	1	1.240703e-01
4.458539e-01	4.942584e-02	9.016241e-01	7.060919e-01	7.028650e-02	4.916023e-01	5.182037e-01	5.077509e-01	4.877262e-01	4.530221e-01	4.974016e-01	5.014302e-01	5.402524e-01	4.827581e-01	5.480270e-01	0.000000e+00	1	1.219463e-01
9.753657e-01	2.337387e-01	3.590283e-02	2.277878e-02	1.497371e-01	5.012134e-01	5.008937e-01	5.003115e-01	4.997202e-01	5.012757e-01	5.001570e-01	5.015462e-01	4.441178e-01	4.996489e-01	4.777621e-01	0.000000e+00	1	1.190479e-01
2.623936e-01	1.569880e-01	9.572715e-01	8.031726e-01	3.432416e-01	4.998953e-01	5.164708e-01	5.019544e-01	4.932907e-01	5.582604e-01	4.992818e-01	4.900060e-01	4.881932e-01	5.239520e-01	4.801976e-01	0.000000e+00	1	1.133351e-01
3.906920e-01	5.793565e-01	7.196498e-01	5.093659e-01	6.222894e-01	5.017820e-01	5.162465e-01	5.072921e-01	5.100690e-01	4.915698e-01	4.976002e-01	5.386039e-01	5.023338e-01	4.993852e-01	4.668999e-01	0.000000e+00	1	1.131770e-01
1.234258e-01	7.423394e-01	6.612461e-01	4.589520e-01	8.951113e-01	4.945692e-01	4.936732e-01	4.975009e-01	4.997077e-01	5.010596e-01	5.338609e-01	5.230296e-01	4.981834e-01	5.030007e-01	4.974996e-01	0.000000e+00	1	1.103843e-01
4.746276e-01	4.295249e-01	7.734809e-01	5.598787e-01	4.682692e-01	4.989573e-01	4.501540e-01	5.028046e-01	5.021691e-01	5.066903e-01	4.926109e-01	4.966857e-01	4.969501e-01	4.993852e-01	5.373033e-01	0.000000e+00	1	1.076838e-01
5.697415e-01	2.453586e-01	7.915720e-01	5.768381e-01	2.588786e-01	5.022451e-01	5.168448e-01	5.027423e-01	4.905997e-01	4.984136e-01	4.917765e-01	5.039807e-01	5.363391e-01	4.449542e-01	4.706934e-01	0.000000e+00	1	1.058143e-01
7.249677e-01	6.927870e-01	9.258292e-02	5.861159e-02	4.855522e-01	4.536618e-01	5.014244e-01	5.011421e-01	4.770607e-01	4.882727e-01	4.853655e-01	4.850043e-01	4.955630e-01	5.355707e-01	4.501119e-01	0.000000e+00	1	1.053262e-01
1.501046e-01	1.956316e-01	9.741034e-01	8.421628e-01	5.833514e-01	4.782185e-01	5.013273e-01	5.052004e-01	4.714773e-01	5.004103e-01	4.928709e-01	4.428940e-01	4.858669e-01	4.999091e-01	4.999684e-01	0.000000e+00	1	1.040100e-01
2.818244e-01	8.329164e-01	4.916148e-01	3.245485e-01	7.922923e-01	4.585827e-01	4.967512e-01	5.197730e-01	5.002584e-01	5.068656e-01	4.422273e-01	5.435488e-01	4.989973e-01	4.995204e-01	5.017207e-01	0.000000e+00	1	1.036220e-01
8.201096e-01	5.723870e-01	2.525599e-01	1.574755e-01	3.879191e-01	4.966281e-01	5.014244e-01	5.011421e-01	3.422269e-01	4.882727e-01	4.853655e-01	4.850043e-01	4.991251e-01	5.001153e-01	4.224372e-01	0.000000e+00	1	1.032888e-01
6.083040e-01	7.762203e-01	1.904227e-01	1.214312e-01	5.768345e-01	4.775364e-01	5.013273e-01	5.234655e-01	4.714773e-01	4.626167e-01	4.928709e-01	4.847336e-01	5.031335e-01	4.996414e-01	5.288906e-01	0.000000e+00	1	1.030372e-01
8.701196e-01	3.458619e-01	3.834356e-01	2.474375e-01	2.408580e-01	4.838590e-01	5.279474e-01	4.590087e-01	4.891530e-01	4.889959e-01	4.419949e-01	5.009605e-01	5.726218e-01	4.897578e-01	5.100558e-01	0.000000e+00	1	1.009717e-01
9.328789e-01	2.224464e-01	3.927296e-01	2.474375e-01	1.490202e-01	4.817436e-01	5.279474e-01	4.590087e-01	4.913786e-01	5.245883e-01	5.015147e-01	5.009605e-01	6.168286e-01	6.382178e-01	5.100558e-01	0.000000e+00	1	9.941967e-02
6.361385e-01	2.864054e-01	7.184742e-01	5.093659e-01	2.693163e-01	4.989573e-01	5.162465e-01	5.028046e-01	4.913088e-01	4.915698e-01	4.974016e-01	5.014302e-01	5.023338e-01	4.993852e-01	4.681019e-01	0.000000e+00	1	9.564282e-02
7.339129e-01	7.090204e-01	4.574434e-02	2.851878e-02	4.890186e-01	4.952861e-01	5.149626e-01	5.073629e-01	5.025386e-01	5.028541e-01	5.040714e-01	5.549089e-01	3.740644e-01	4.996236e-01	5.477297e-01	0.000000e+00	1	9.439876e-02
2.163339e-01	7.249379e-01	6.694316e-01	4.611638e-01	8.153777e-01	4.981100e-01	4.771183e-01	4.847289e-01	4.644786e-01	4.833165e-01	5.641054e-01	5.221915e-01	5.303854e-01	4.957323e-01	5.483862e-01	0.000000e+00	1	9.322363e-02
3.317561e-01	9.367361e-01	1.490897e-01	9.480341e-02	7.833089e-01	4.748835e-01	4.819213e-01	5.029048e-01	4.660512e-01	4.850622e-01	4.941224e-01	4.932619e-01	4.966532e-01	4.996353e-01	5.493684e-01	0.000000e+00	1	9.313003e-02
7.009327e-01	5.084689e-01	5.028976e-01	3.349567e-01	3.995310e-01	5.012134e-01	5.081233e-01	5.063330e-01	5.043290e-01	4.992790e-01	5.036142e-01	5.235400e-01	5.021422e-01	4.739911e-01	4.992027e-01	0.000000e+00	1	8.604269e-02
5.154912e-01	5.863837e-01	6.271560e-01	4.308206e-01	5.409025e-01	4.987276e-01	4.784044e-01	5.025833e-01	5.032237e-01	5.062216e-01	5.039626e-01	5.298477e-01	5.022648e-01	4.999416e-01	4.962220e-01	0.000000e+00	1	8.599116e-02
3.622378e-01	9.446234e-01	1.073757e-01	6.731517e-02	7.668836e-01	4.747637e-01	4.224113e-01	4.941829e-01	4.993528e-01	4.466795e-01	5.818432e-01	5.294126e-01	4.965339e-01	4.836198e-01	4.991988e-01	0.000000e+00	1	8.420447e-02
3.157276e-01	9.605487e-01	6.213265e-02	3.907123e-02	7.978284e-01	4.981666e-01	4.869924e-01	4.996111e-01	4.653281e-01	4.836743e-01	5.649918e-01	5.355763e-01	4.782450e-01	4.996375e-01	4.264474e-01	0.000000e+00	1	8.408402e-02
3.483536e-01	1.713527e-01	9.262161e-01	7.473264e-01	2.910250e-01	5.007180e-01	5.160749e-01	5.013637e-01	5.021691e-01	4.506812e-01	4.973123e-01	5.008976e-01	4.991603e-01	5.284411e-01	4.722603e-01	0.000000e+00	1	8.326926e-02
5.833599e-01	2.512233e-01	7.747353e-01	5.628212e-01	2.588786e-01	5.022573e-01	5.168448e-01	5.027423e-01	4.909072e-01	4.981939e-01	4.917765e-01	5.039805e-01	5.363391e-01	4.990537e-01	5.054282e-01	0.000000e+00	1	8.129414e-02
7.620557e-01	4.559318e-01	4.723145e-01	3.111888e-01	3.432416e-01	4.998953e-01	4.777340e-01	5.019544e-01	4.932907e-01	5.345755e-01	4.417250e-01	4.921275e-01	4.882776e-01	5.098632e-01	4.801976e-01	0.000000e+00	1	8.127259e-02
4.930534e-01	5.355387e-01	6.931627e-01	4.844217e-01	5.262803e-01	5.018848e-01	4.767455e-01	4.859689e-01	5.095728e-01	5.075445e-01	4.891159e-01	5.378402e-01	4.967689e-01	4.545041e-01	4.744039e-01	0.000000e+00	1	7.828751e-02
1.800153e-01	6.423079e-01	7.596691e-01	5.412666e-01	8.260419e-01	4.980249e-01	4.771183e-01	4.847289e-01	4.644786e-01	4.833165e-01	5.641054e-01	5.357471e-01	5.303854e-01	4.957323e-01	5.483862e-01	0.000000e+00	1	7.659409e-02
1.821935e-01	5.655419e-01	8.087066e-01	5.966099e-01	8.015919e-01	5.043281e-01	5.168448e-01	5.027423e-01	4.916317e-01	4.984136e-01	4.912988e-01	5.039807e-01	4.987681e-01	4.449542e-01	4.972759e-01	0.000000e+00	1	7.560277e-02
3.575432e-01	8.572265e-01	4.041297e-01	2.612695e-01	7.484369e-01	5.012264e-01	5.840355e-01	4.933352e-01	4.914408e-01	5.235168e-01	5.003129e-01	4.280314e-01	4.993245e-01	5.001885e-01	4.999902e-01	0.000000e+00	1	7.556058e-02
9.852253e-02	6.607351e-01	7.554785e-01	5.390548e-01	9.057676e-01	4.944840e-01	4.936732e-01	4.975009e-01	4.997077e-01	5.010596e-01	5.338609e-01	5.365852e-01	4.981834e-01	5.030007e-01	4.231788e-01	0.000000e+00	1	7.528340e-02
9.318357e-01	4.830018e-01	1.202736e-02	7.294873e-03	3.044358e-01	4.611497e-01	5.172379e-01	4.983135e-01	4.934383e-01	4.457751e-01	5.790365e-01	6.956303e-01	4.974928e-01	5.180821e-01	4.994291e-01	0.000000e+00	1	7.387276e-02
4.519941e-01	4.892089e-01	7.468638e-01	5.363724e-01	5.251586e-01	5.014292e-01	4.972146e-01	5.005655e-01	4.955157e-01	5.012757e-01	4.999739e-01	4.972495e-01	4.970830e-01	5.131166e-01	4.777621e-01	0.000000e+00	1	7.365261e-02
2.302378e-01	7.828288e-01	5.840623e-01	3.954910e-01	8.178985e-01	4.585827e-01	4.981089e-01	5.197730e-01	5.002584e-01	5.068656e-01	4.951344e-01	5.358412e-01	4.983332e-01	4.995204e-01	5.022740e-01	0.000000e+00	1	7.365217e-02
9.318366e-01	1.092977e-01	4.262217e-01	2.714622e-01	7.433125e-02	4.852180e-01	4.149949e-01	5.014431e-01	4.970476e-01	5.011235e-01	4.764202e-01	4.216205e-01	4.907950e-01	4.326862e-01	6.082978e-01	0.000000e+00	1	7.189124e-02
8.298307e-02	5.462894e-01	8.645448e-01	6.379572e-01	9.040291e-01	5.012143e-01	4.698433e-01	5.002877e-01	4.319513e-01	4.429266e-01	3.717432e-01	5.252559e-01	4.902235e-01	5.048657e-01	5.057514e-01	0.000000e+00	1	7.164960e-02
6.699071e-01	6.141068e-01	4.541351e-01	2.950210e-01	4.723514e-01	4.988516e-01	4.972383e-01	5.032144e-01	5.077179e-01	5.011180e-01	3.861269e-01	5.014302e-01	4.911710e-01	4.597634e-01	5.346042e-01	0.000000e+00	1	6.989297e-02
8.761209e-02	1.778187e-02	9.965042e-01	9.430400e-01	1.274777e-01	5.012134e-01	5.008337e-01	5.003115e-01	4.997358e-01	5.012757e-01	5.001570e-01	4.972495e-01	5.001836e-01	4.996489e-01	4.777621e-01	0.000000e+00	1	6.968132e-02
6.786501e-01	7.360781e-01	1.318976e-01	8.338879e-02	5.258281e-01	5.018806e-01	4.281741e-01	4.840587e-01	5.088972e-01	5.075445e-01	4.891159e-01	5.378402e-01	4.967689e-01	4.545041e-01	4.744039e-01	0.000000e+00	1	6.881881e-02
7.059886e-01	3.147817e-01	6.495485e-01	4.448966e-01	2.670093e-01	4.745980e-01	4.929577e-01	5.383424e-01	4.901247e-01	5.011720e-01	4.764202e-01	4.216205e-01	4.902324e-01	5.000654e-01	5.245974e-01	0.000000e+00	1	6.802970e-02
6.925319e-01	4.523367e-01	5.662012e-01	3.821313e-01	3.683457e-01	4.998953e-01	4.790917e-01	5.019544e-01	4.932907e-01	5.345755e-01	4.946321e-01	4.921275e-01	4.876135e-01	5.098632e-01	4.807508e-01	0.000000e+00	1	6.797041e-02
2.809750e-01	3.114793e-02	9.654076e-01	8.186512e-01	7.028650e-02	4.985446e-01	4.832383e-01	4.967991e-01	5.053581e-01	5.001301e-01	4.974016e-01	5.014302e-01	4.884320e-01	4.436478e-01	5.480270e-01	0.000000e+00	1	6.683189e-02
2.284664e-01	8.958454e-01	4.361063e-01	2.805976e-01	8.410322e-01	5.054672e-01	5.840355e-01	4.933352e-01	6.072676e-01	4.879244e-01	4.414862e-01	5.013443e-01	4.993245e-01	5.002894e-01	5.009189e-01	0.000000e+00	1	6.651374e-02
7.879057e-01	5.499106e-01	3.000712e-01	1.927086e-01	3.879191e-01	4.975892e-01	5.143045e-01	5.008990e-01	4.980065e-01	4.930652e-01	4.853655e-01	5.023634e-01	4.991251e-01	4.911220e-01	4.223118e-01	0.000000e+00	1	6.564499e-02
6.466898e-01	5.326529e-01	5.534010e-01	3.716227e-01	4.386326e-01	4.687692e-01	5.050482e-01	5.009390e-01	5.317841e-01	5.024572e-01	4.597361e-01	5.054011e-01	4.934565e-01	5.192183e-01	4.990438e-01	0.000000e+00	1	6.556530e-02
4.287448e-02	9.122712e-01	4.088356e-01	2.679558e-01	9.701024e-01	5.008496e-01	5.024228e-01	5.001017e-01	4.764934e-01	5.011182e-01	5.001570e-01	5.016882e-01	4.987403e-01	4.995546e-01	4.931828e-01	0.000000e+00	1	6.551960e-02
1.113214e-02	5.468301e-01	8.557630e-01	6.379572e-01	9.870418e-01	5.012143e-01	4.693803e-01	4.996593e-01	4.991393e-01	5.033488e-01	5.535928e-01	5.189005e-01	4.867144e-01	6.059549e-01	5.057667e-01	0.000000e+00	1	6.532888e-02
