1.015465e+00	1.472606e-02	1.784286e-02	1.118380e-02	9.231475e-03	5.046509e-01	5.143045e-01	5.100013e-01	4.225578e-01	5.308539e-01	4.852108e-01	5.026697e-01	5.458929e-01	4.907448e-01	4.223118e-01	0.000000e+00	1	1.000000e+14
1.615619e-15	3.396809e-32	1.000046e+00	1.000000e+00	1.338481e-17	4.987276e-01	4.968470e-01	5.025833e-01	5.021691e-01	4.994282e-01	5.039626e-01	5.014302e-01	5.022068e-01	4.999416e-01	4.998127e-01	0.000000e+00	1	1.000000e+14
1.656441e-15	1.025314e+00	5.135542e-05	3.188669e-05	1.000000e+00	4.976032e-01	4.809512e-01	4.997846e-01	3.863985e-01	4.941005e-01	4.306434e-01	5.603676e-01	5.477423e-01	5.010702e-01	5.356431e-01	0.000000e+00	1	1.000000e+14
4.694611e-02	9.989061e-01	4.359873e-17	2.775558e-17	9.701024e-01	5.012134e-01	5.008937e-01	5.002738e-01	4.997202e-01	5.011072e-01	5.001570e-01	5.016421e-01	4.987984e-01	4.996489e-01	4.991479e-01	0.000000e+00	1	1.000000e+14
2.610008e-30	1.615560e-15	1.000009e+00	1.000000e+00	1.000000e+00	5.012134e-01	5.008938e-01	5.002385e-01	4.997716e-01	5.011216e-01	5.002065e-01	4.983317e-01	4.983328e-01	4.998495e-01	4.999774e-01	0.000000e+00	1	1.000000e+14
1.596096e-15	3.584065e-16	1.012564e+00	1.000000e+00	1.406217e-01	4.982645e-01	4.968470e-01	5.025833e-01	5.032012e-01	3.881472e-01	5.039626e-01	5.014302e-01	5.021899e-01	4.999416e-01	4.998127e-01	0.000000e+00	1	1.000000e+14
7.321041e-01	1.411729e-01	6.756268e-01	4.686854e-01	1.212720e-01	4.940579e-01	4.797027e-01	4.575467e-01	4.888601e-01	5.312119e-01	5.358328e-01	5.222931e-01	5.275319e-01	4.852899e-01	5.081655e-01	0.000000e+00	1	1.674897e-01
8.876381e-01	4.092614e-01	2.211114e-01	1.416285e-01	2.750323e-01	4.997055e-01	4.920120e-01	5.002600e-01	4.938547e-01	4.789905e-01	5.032177e-01	4.954415e-01	5.046629e-01	5.074158e-01	4.614001e-01	0.000000e+00	1	1.479402e-01
3.189425e-01	4.625236e-03	9.608611e-01	7.959493e-01	9.231475e-03	4.941300e-01	5.615472e-01	5.080293e-01	4.524208e-01	5.308539e-01	5.554887e-01	4.964441e-01	5.458929e-01	4.889464e-01	4.998577e-01	0.000000e+00	1	1.340217e-01
6.725460e-02	4.637046e-01	8.902131e-01	6.915588e-01	9.083056e-01	4.931512e-01	5.512572e-01	4.922431e-01	4.993073e-01	4.953170e-01	5.025823e-01	5.034013e-01	4.440925e-01	5.095963e-01	4.987767e-01	0.000000e+00	1	1.322222e-01
7.891037e-01	5.824120e-01	2.799207e-01	1.769933e-01	4.047760e-01	4.818530e-01	5.095310e-01	5.020759e-01	4.808698e-01	4.902867e-01	4.490273e-01	6.275759e-01	4.887466e-01	4.965591e-01	4.948587e-01	0.000000e+00	1	1.257230e-01
2.816931e-01	8.927648e-01	3.873193e-01	2.497402e-01	8.054223e-01	4.821732e-01	5.871025e-01	5.014686e-01	4.914408e-01	4.969850e-01	5.118143e-01	4.301624e-01	4.904305e-01	4.973202e-01	5.027149e-01	0.000000e+00	1	1.242571e-01
6.963851e-01	5.460109e-01	4.706579e-01	3.111888e-01	4.233193e-01	4.998953e-01	5.004027e-01	5.014868e-01	4.936472e-01	5.013297e-01	4.938203e-01	4.539040e-01	4.983149e-01	4.907101e-01	5.004044e-01	0.000000e+00	1	1.205490e-01
6.008631e-01	3.818552e-01	7.041360e-01	4.964944e-01	3.604046e-01	4.998953e-01	5.010860e-01	5.033595e-01	4.932907e-01	4.955039e-01	4.747383e-01	4.885549e-01	4.983149e-01	5.208614e-01	5.065518e-01	0.000000e+00	1	1.180084e-01
9.807625e-01	2.443269e-01	4.181938e-02	2.632520e-02	1.554305e-01	4.975892e-01	4.542015e-01	4.993221e-01	4.974455e-01	5.014078e-01	4.853655e-01	5.330896e-01	5.458929e-01	4.937167e-01	4.223118e-01	0.000000e+00	1	1.172556e-01
9.533995e-01	1.745827e-01	3.190337e-01	2.024354e-01	1.152979e-01	4.841571e-01	3.973725e-01	5.011633e-01	4.841174e-01	4.626167e-01	4.858627e-01	4.867869e-01	5.031335e-01	4.171728e-01	5.269949e-01	0.000000e+00	1	1.077920e-01
1.584424e-01	5.033633e-01	8.596803e-01	6.495168e-01	8.058633e-01	4.830773e-01	4.314834e-01	4.965165e-01	5.021380e-01	4.994683e-01	5.171222e-01	5.084323e-01	4.421485e-01	4.968872e-01	5.027752e-01	0.000000e+00	1	1.070876e-01
2.322089e-01	9.167274e-01	3.912614e-01	2.497402e-01	8.420648e-01	4.818640e-01	5.871025e-01	5.014686e-01	4.937656e-01	6.017473e-01	5.114327e-01	4.301624e-01	4.904305e-01	4.973202e-01	5.027176e-01	0.000000e+00	1	1.034852e-01
8.305144e-01	2.076676e-01	5.254248e-01	3.504408e-01	1.559864e-01	4.995734e-01	4.835372e-01	5.100939e-01	4.936472e-01	4.574739e-01	4.945627e-01	4.539040e-01	4.983149e-01	4.907101e-01	5.004121e-01	0.000000e+00	1	9.814368e-02
3.866088e-01	7.527650e-01	5.769566e-01	3.809525e-01	6.979517e-01	5.974987e-01	5.027622e-01	4.855611e-01	5.000998e-01	6.133050e-01	4.859531e-01	5.040639e-01	5.202199e-01	5.115364e-01	4.701456e-01	0.000000e+00	1	9.763507e-02
3.525127e-01	5.753606e-02	9.410771e-01	7.690688e-01	1.029989e-01	4.950876e-01	5.032490e-01	5.002320e-01	4.988362e-01	5.012483e-01	4.416091e-01	4.898332e-01	4.990167e-01	5.424366e-01	5.350266e-01	0.000000e+00	1	9.669766e-02
9.056009e-02	6.757746e-02	9.939177e-01	9.279344e-01	4.081213e-01	4.985864e-01	5.000365e-01	5.025833e-01	5.032012e-01	5.168506e-01	5.032201e-01	5.014302e-01	5.021899e-01	4.999416e-01	4.998050e-01	0.000000e+00	1	9.472764e-02
9.261513e-01	1.391417e-02	4.179856e-01	2.698659e-01	9.563629e-03	5.975555e-01	4.347099e-01	5.185309e-01	4.841254e-01	4.744515e-01	5.057067e-01	4.799916e-01	5.031371e-01	4.995613e-01	5.269949e-01	0.000000e+00	1	9.248460e-02
5.576008e-01	3.543616e-01	7.544863e-01	5.421402e-01	3.604046e-01	5.048757e-01	5.010860e-01	5.002471e-01	4.934173e-01	4.923142e-01	4.488628e-01	5.020902e-01	4.988339e-01	4.913369e-01	5.065518e-01	0.000000e+00	1	9.221030e-02
1.668454e-01	6.384236e-01	7.597217e-01	5.447074e-01	8.372657e-01	5.012119e-01	5.252624e-01	5.234535e-01	4.999624e-01	5.011142e-01	4.953220e-01	4.984651e-01	4.959965e-01	4.476674e-01	4.519381e-01	0.000000e+00	1	9.069916e-02
5.028348e-01	7.073434e-01	5.569509e-01	3.632273e-01	6.065758e-01	6.111939e-01	5.009402e-01	6.152223e-01	4.937756e-01	5.648664e-01	4.937429e-01	5.008876e-01	5.194992e-01	5.004815e-01	4.701456e-01	0.000000e+00	1	8.926155e-02
4.506889e-01	8.324118e-01	3.489949e-01	2.248697e-01	6.840862e-01	4.829208e-01	5.023941e-01	4.681778e-01	4.841172e-01	4.437650e-01	5.552601e-01	5.188950e-01	5.031468e-01	4.994950e-01	5.269949e-01	0.000000e+00	1	8.566157e-02
5.746106e-01	7.906791e-01	2.481625e-01	1.582901e-01	5.999217e-01	4.965569e-01	4.967442e-01	5.027145e-01	5.768316e-01	5.008330e-01	5.039626e-01	5.461085e-01	4.982343e-01	5.030303e-01	4.814390e-01	0.000000e+00	1	8.560222e-02
9.695121e-01	1.872627e-01	1.767734e-01	1.127752e-01	1.214682e-01	4.841571e-01	5.013273e-01	4.856854e-01	4.841174e-01	4.626167e-01	4.928709e-01	4.847336e-01	5.031335e-01	4.995765e-01	5.269949e-01	0.000000e+00	1	8.555935e-02
1.390444e-01	9.616660e-01	3.249089e-01	2.054342e-01	9.085866e-01	5.542702e-01	5.010977e-01	5.021274e-01	4.934173e-01	5.083106e-01	4.488628e-01	6.369883e-01	4.988339e-01	4.922237e-01	5.065518e-01	0.000000e+00	1	8.398487e-02
4.514027e-01	1.780395e-02	9.129802e-01	7.074804e-01	2.509616e-02	5.012662e-01	5.674800e-01	5.002738e-01	4.997202e-01	5.316834e-01	4.761616e-01	6.118204e-01	4.987984e-01	4.996489e-01	4.991479e-01	0.000000e+00	1	8.165691e-02
6.843033e-01	5.365379e-01	5.001858e-01	3.323122e-01	4.233193e-01	5.011445e-01	5.009005e-01	5.000428e-01	4.936472e-01	5.011192e-01	4.938203e-01	5.546728e-01	4.987550e-01	4.907101e-01	4.989895e-01	0.000000e+00	1	8.152559e-02
5.328223e-01	8.351349e-01	1.919536e-01	1.218472e-01	6.384647e-01	4.969440e-01	4.967442e-01	5.027145e-01	5.768316e-01	4.961630e-01	5.039626e-01	5.430534e-01	4.982410e-01	4.747586e-01	4.754562e-01	0.000000e+00	1	8.142602e-02
6.109139e-01	9.172643e-02	7.974882e-01	5.804156e-01	9.487733e-02	5.016521e-01	4.874263e-01	5.015704e-01	5.307743e-01	5.012504e-01	4.954477e-01	5.246485e-01	4.946627e-01	4.163654e-01	5.025754e-01	0.000000e+00	1	8.120476e-02
5.133493e-01	7.655857e-01	4.154775e-01	2.695897e-01	6.239656e-01	5.958562e-01	4.971863e-01	5.010233e-01	4.841174e-01	4.744515e-01	5.057067e-01	5.141530e-01	5.031335e-01	4.995765e-01	5.269949e-01	0.000000e+00	1	8.094830e-02
1.951023e-01	7.650208e-01	6.234149e-01	4.255057e-01	8.410322e-01	4.835014e-01	5.032290e-01	4.933352e-01	5.185347e-01	5.005080e-01	4.935510e-01	5.013456e-01	4.276213e-01	4.998726e-01	5.036347e-01	0.000000e+00	1	7.913021e-02
4.808335e-01	8.771670e-01	7.124523e-02	4.526557e-02	6.807770e-01	5.218451e-01	4.894983e-01	5.025009e-01	4.980065e-01	5.002112e-01	5.015585e-01	5.031354e-01	5.458929e-01	4.889202e-01	5.025093e-01	0.000000e+00	1	7.782870e-02
8.761248e-01	4.809401e-01	1.520476e-01	9.611295e-02	3.196017e-01	4.834343e-01	4.542015e-01	4.990302e-01	5.004752e-01	5.013227e-01	4.853655e-01	5.083955e-01	4.529473e-01	4.937167e-01	4.223118e-01	0.000000e+00	1	7.570266e-02
4.703174e-01	7.322977e-01	5.200078e-01	3.428654e-01	6.365494e-01	5.196447e-01	4.932512e-01	4.933684e-01	5.687977e-01	5.889475e-01	4.820920e-01	5.031843e-01	4.985554e-01	5.001566e-01	4.803953e-01	0.000000e+00	1	7.527749e-02
4.879584e-01	6.971363e-01	6.072632e-01	3.945893e-01	6.112225e-01	6.291525e-01	5.000198e-01	5.008990e-01	4.937756e-01	6.525762e-01	4.392237e-01	5.008575e-01	5.202644e-01	5.196607e-01	4.697734e-01	0.000000e+00	1	7.503106e-02
1.313114e-01	9.864935e-01	1.326668e-01	8.436869e-02	9.157553e-01	5.012134e-01	5.008937e-01	4.930495e-01	5.134348e-01	5.218963e-01	5.001570e-01	4.968939e-01	4.427991e-01	4.996786e-01	5.024591e-01	0.000000e+00	1	7.489363e-02
2.581867e-01	5.761961e-01	7.769820e-01	5.655748e-01	7.318157e-01	5.012264e-01	4.786095e-01	4.931422e-01	4.937535e-01	5.004712e-01	5.005064e-01	4.987806e-01	4.962549e-01	4.996749e-01	4.751048e-01	0.000000e+00	1	7.488958e-02
6.481271e-01	1.249795e-01	7.557785e-01	5.429702e-01	1.212720e-01	5.093128e-01	4.771596e-01	5.081960e-01	4.987104e-01	5.054954e-01	4.992112e-01	5.301586e-01	4.633696e-01	4.981673e-01	5.218231e-01	0.000000e+00	1	7.488358e-02
7.992576e-01	5.998245e-01	7.634025e-02	4.853944e-02	4.098599e-01	5.011813e-01	5.008135e-01	5.087666e-01	5.035973e-01	5.011072e-01	5.001570e-01	5.114553e-01	4.624961e-01	4.959497e-01	5.237753e-01	0.000000e+00	1	7.271027e-02
3.769368e-01	6.152248e-02	9.284139e-01	7.515450e-01	1.029989e-01	4.950876e-01	5.032490e-01	5.002320e-01	4.988362e-01	5.012483e-01	4.496918e-01	4.898332e-01	4.982959e-01	4.998798e-01	5.350266e-01	0.000000e+00	1	7.111853e-02
1.484324e-01	6.028413e-01	7.890255e-01	5.755834e-01	8.463078e-01	5.009660e-01	5.069995e-01	5.015704e-01	4.991797e-01	4.445124e-01	4.953532e-01	5.246485e-01	4.946627e-01	4.858649e-01	4.971394e-01	0.000000e+00	1	7.091210e-02
8.469337e-01	5.382359e-01	1.552075e-01	9.769033e-02	3.604046e-01	5.325208e-01	4.867826e-01	5.907023e-01	4.933909e-01	5.129457e-01	4.250672e-01	5.016048e-01	5.014612e-01	4.951323e-01	5.104511e-01	0.000000e+00	1	7.063861e-02
1.817408e-01	9.931969e-01	4.280522e-02	2.697303e-02	8.847824e-01	4.980961e-01	4.994108e-01	5.084243e-01	4.959299e-01	5.308539e-01	4.846318e-01	5.324271e-01	5.458929e-01	4.889464e-01	4.223118e-01	0.000000e+00	1	6.899349e-02
8.169842e-01	5.413855e-01	2.488383e-01	1.582901e-01	3.725664e-01	4.996813e-01	4.961623e-01	5.035214e-01	5.928163e-01	5.054924e-01	5.048368e-01	5.461085e-01	4.982343e-01	5.030303e-01	4.814390e-01	0.000000e+00	1	6.861042e-02
4.857814e-01	3.087196e-01	8.315919e-01	6.145699e-01	3.604046e-01	5.021644e-01	5.010860e-01	5.907023e-01	4.932907e-01	4.950477e-01	4.469987e-01	4.987433e-01	5.014612e-01	4.860688e-01	5.066709e-01	0.000000e+00	1	6.813206e-02
6.504595e-01	9.766405e-02	7.641748e-01	5.475592e-01	9.487733e-02	5.016521e-01	4.874263e-01	5.009915e-01	5.307743e-01	5.012504e-01	4.954477e-01	5.248404e-01	4.581466e-01	4.310162e-01	5.025754e-01	0.000000e+00	1	6.766610e-02
8.726478e-01	5.378957e-02	4.981261e-01	3.296878e-01	3.919134e-02	4.996257e-01	4.933236e-01	4.940160e-01	5.756372e-01	4.904013e-01	4.979958e-01	5.023907e-01	4.985554e-01	5.006680e-01	4.814766e-01	0.000000e+00	1	6.646473e-02
7.579494e-02	9.773680e-01	2.858447e-01	1.806229e-01	9.507287e-01	4.818851e-01	5.096113e-01	5.022737e-01	5.018071e-01	4.385300e-01	4.490273e-01	6.085105e-01	5.010327e-01	4.999432e-01	4.495453e-01	0.000000e+00	1	6.507075e-02
1.626333e-15	1.006678e+00	1.164283e-01	7.330322e-02	1.000000e+00	4.970170e-01	4.809512e-01	4.997449e-01	5.137323e-01	5.192118e-01	4.306434e-01	5.423212e-01	5.677183e-01	5.010702e-01	5.356431e-01	0.000000e+00	1	6.478727e-02
2.069539e-01	7.308550e-01	6.561422e-01	4.535641e-01	8.243293e-01	4.989653e-01	4.960433e-01	4.936933e-01	4.998349e-01	5.603048e-01	5.000944e-01	5.015712e-01	5.020579e-01	5.065447e-01	4.990029e-01	0.000000e+00	1	6.459278e-02
4.041744e-01	8.582417e-01	3.478382e-01	2.237368e-01	7.198078e-01	4.695340e-01	4.399176e-01	4.856854e-01	4.851574e-01	4.623093e-01	5.552601e-01	4.847336e-01	5.031335e-01	4.994798e-01	5.269949e-01	0.000000e+00	1	6.083723e-02
