2.610005e-30	1.615557e-15	1.000008e+00	1.000000e+00	1.000000e+00	5.012134e-01	5.008938e-01	5.002385e-01	4.995208e-01	5.011216e-01	5.000461e-01	5.011119e-01	4.983328e-01	4.998586e-01	4.999774e-01	0.000000e+00	1	1.000000e+14
1.022878e+00	7.787739e-02	3.893233e-03	2.416070e-03	4.837608e-02	5.012249e-01	4.716808e-01	5.023538e-01	3.863985e-01	5.618800e-01	4.353614e-01	5.424364e-01	5.044010e-01	5.010702e-01	4.520132e-01	0.000000e+00	1	1.000000e+14
4.440424e-16	1.558345e-15	1.002990e+00	1.000000e+00	8.232819e-01	4.987276e-01	5.457911e-01	4.990689e-01	5.021691e-01	5.016054e-01	4.965369e-01	5.013833e-01	5.022068e-01	4.706046e-01	5.004086e-01	0.000000e+00	1	1.000000e+14
4.071034e-03	1.016799e+00	4.433110e-17	2.775558e-17	9.974511e-01	5.012134e-01	5.008937e-01	5.008013e-01	4.997202e-01	5.011072e-01	4.446048e-01	5.016421e-01	3.828259e-01	4.991553e-01	4.991479e-01	0.000000e+00	1	1.000000e+14
4.694611e-02	9.989061e-01	4.359873e-17	2.775558e-17	9.701024e-01	5.012134e-01	5.008937e-01	5.002738e-01	4.997202e-01	5.011072e-01	5.001570e-01	5.016421e-01	4.987984e-01	4.996489e-01	4.991479e-01	0.000000e+00	1	1.000000e+14
1.615619e-15	3.396809e-32	1.000046e+00	1.000000e+00	1.338481e-17	4.987276e-01	4.968470e-01	5.025833e-01	5.021691e-01	4.994282e-01	5.039626e-01	5.014302e-01	5.022068e-01	4.999416e-01	4.998127e-01	0.000000e+00	1	1.000000e+14
8.138961e-01	1.501157e-01	5.797018e-01	3.889886e-01	1.161137e-01	5.016039e-01	4.839566e-01	5.002774e-01	5.552837e-01	5.012483e-01	4.416091e-01	4.883539e-01	5.486142e-01	4.998576e-01	5.350266e-01	0.000000e+00	1	1.533928e-01
4.788484e-01	9.142470e-01	4.477014e-02	2.759893e-02	6.928459e-01	5.002559e-01	4.558725e-01	4.798497e-01	5.009744e-01	5.139463e-01	4.372232e-01	5.086578e-01	4.390235e-01	6.292679e-01	4.223118e-01	0.000000e+00	1	1.342290e-01
3.792532e-01	7.240936e-01	6.289673e-01	4.175253e-01	6.928459e-01	5.002559e-01	4.556113e-01	4.798497e-01	4.974455e-01	5.397211e-01	4.416282e-01	4.858896e-01	4.390235e-01	6.185713e-01	4.223118e-01	0.000000e+00	1	1.288317e-01
8.238277e-01	6.182638e-01	9.646476e-02	5.944811e-02	4.098599e-01	3.906799e-01	4.724221e-01	5.022878e-01	3.869038e-01	5.235969e-01	4.282015e-01	5.114553e-01	5.076673e-01	4.956122e-01	5.556704e-01	0.000000e+00	1	1.251956e-01
2.363470e-01	9.578800e-01	2.414197e-01	1.527768e-01	8.459967e-01	4.961680e-01	4.528924e-01	5.002216e-01	5.037374e-01	5.032875e-01	4.915065e-01	5.042134e-01	5.161571e-01	5.251346e-01	3.883133e-01	0.000000e+00	1	1.194046e-01
2.049807e-01	4.505264e-01	8.797383e-01	6.737406e-01	7.281710e-01	5.624577e-01	4.462996e-01	4.961826e-01	5.046364e-01	4.621669e-01	5.171222e-01	4.854467e-01	5.028530e-01	4.973679e-01	5.254716e-01	0.000000e+00	1	1.151032e-01
5.345279e-01	7.921482e-01	3.122718e-01	2.010662e-01	6.221023e-01	4.959922e-01	5.268828e-01	4.817506e-01	5.035285e-01	4.702091e-01	4.897829e-01	4.960510e-01	5.056190e-01	4.436540e-01	4.926693e-01	0.000000e+00	1	1.114181e-01
7.206674e-01	5.138513e-01	4.805378e-01	3.166483e-01	3.943298e-01	4.947208e-01	5.654881e-01	5.094459e-01	4.879225e-01	5.052200e-01	5.121296e-01	5.226527e-01	4.982117e-01	4.912070e-01	5.426081e-01	0.000000e+00	1	1.067755e-01
9.153687e-01	6.309182e-03	4.471217e-01	2.892573e-01	4.387835e-03	4.111987e-01	5.052198e-01	5.017378e-01	5.629120e-01	4.689383e-01	4.397015e-01	4.965416e-01	5.054075e-01	4.532734e-01	4.926693e-01	0.000000e+00	1	1.067738e-01
7.857503e-01	7.219908e-02	6.406657e-01	4.341595e-01	5.833235e-02	4.925930e-01	4.360482e-01	4.922431e-01	4.865281e-01	4.948554e-01	5.026130e-01	3.925609e-01	4.949061e-01	4.912434e-01	4.817121e-01	0.000000e+00	1	1.063664e-01
9.243792e-02	6.682740e-01	7.475878e-01	5.326259e-01	9.124959e-01	4.983124e-01	5.520491e-01	5.234535e-01	5.328749e-01	5.012743e-01	4.920447e-01	4.984651e-01	5.027418e-01	5.289775e-01	4.584119e-01	0.000000e+00	1	1.024528e-01
2.508213e-01	1.909642e-02	9.795087e-01	8.399682e-01	4.837608e-02	5.053523e-01	5.073447e-01	5.023538e-01	5.638555e-01	5.153836e-01	4.353614e-01	5.134782e-01	5.042761e-01	4.783379e-01	4.547981e-01	0.000000e+00	1	1.004198e-01
1.408523e-01	5.457092e-01	8.403296e-01	6.238996e-01	8.391925e-01	4.814976e-01	4.572050e-01	5.022572e-01	5.454326e-01	5.139463e-01	5.109739e-01	5.330896e-01	5.053390e-01	5.254456e-01	4.258574e-01	0.000000e+00	1	9.995724e-02
1.132206e-01	7.553499e-01	6.708862e-01	4.588333e-01	9.052812e-01	4.922022e-01	4.788183e-01	4.919082e-01	4.863274e-01	4.943526e-01	5.058305e-01	5.019653e-01	3.790386e-01	5.231987e-01	4.756851e-01	0.000000e+00	1	9.951346e-02
8.392340e-01	1.060401e-03	5.497863e-01	3.692109e-01	8.043905e-04	4.998466e-01	4.963203e-01	5.132567e-01	5.047165e-01	5.015941e-01	5.043902e-01	4.451734e-01	4.935051e-01	4.993657e-01	4.983648e-01	0.000000e+00	1	9.903583e-02
6.482587e-01	5.956560e-02	7.774553e-01	5.562158e-01	5.833235e-02	4.925930e-01	4.629376e-01	4.922431e-01	4.583430e-01	4.955113e-01	5.025823e-01	3.980379e-01	4.949061e-01	4.904070e-01	5.157752e-01	0.000000e+00	1	9.887883e-02
2.259173e-01	4.965429e-01	8.536425e-01	6.379926e-01	7.281710e-01	5.010208e-01	4.462996e-01	5.003866e-01	5.046364e-01	4.502805e-01	4.503642e-01	4.349396e-01	5.024122e-01	5.182901e-01	5.254716e-01	0.000000e+00	1	9.756698e-02
4.812200e-01	2.317808e-01	8.652228e-01	6.479069e-01	2.857545e-01	4.966784e-01	5.585807e-01	6.106222e-01	4.959072e-01	5.006620e-01	4.916889e-01	5.090150e-01	5.061688e-01	5.004815e-01	4.695768e-01	0.000000e+00	1	9.593521e-02
7.959634e-01	5.973523e-01	1.203681e-01	7.662744e-02	4.098599e-01	4.859347e-01	5.002086e-01	5.087666e-01	5.036040e-01	5.018285e-01	5.004476e-01	5.114553e-01	4.621707e-01	4.956122e-01	5.237111e-01	0.000000e+00	1	9.482702e-02
5.823807e-01	3.196922e-01	7.663015e-01	5.452870e-01	3.196017e-01	4.859285e-01	4.607671e-01	4.990302e-01	4.953206e-01	4.683744e-01	5.544337e-01	5.283105e-01	4.537382e-01	4.766936e-01	4.293928e-01	0.000000e+00	1	9.462074e-02
6.972456e-01	5.305210e-01	5.139675e-01	3.377480e-01	4.140757e-01	4.998953e-01	4.991246e-01	5.014868e-01	4.913758e-01	4.992778e-01	4.503452e-01	3.942665e-01	5.076482e-01	4.907101e-01	5.434883e-01	0.000000e+00	1	9.187754e-02
7.389674e-01	1.982646e-01	6.720405e-01	4.588333e-01	1.668748e-01	4.922022e-01	4.797027e-01	4.919082e-01	5.085563e-01	4.943326e-01	5.464110e-01	5.040654e-01	3.790386e-01	4.825403e-01	4.756851e-01	0.000000e+00	1	9.025558e-02
4.361137e-01	8.674662e-01	2.758993e-01	1.762569e-01	7.034366e-01	5.019153e-01	4.932937e-01	5.000018e-01	4.845758e-01	4.961232e-01	4.268911e-01	5.006376e-01	4.982433e-01	5.166831e-01	4.413961e-01	0.000000e+00	1	8.919387e-02
3.679133e-01	6.452696e-01	6.802804e-01	4.720550e-01	6.701057e-01	5.044224e-01	5.024519e-01	4.681778e-01	4.844067e-01	4.936397e-01	4.345207e-01	5.222211e-01	4.985192e-01	5.188496e-01	5.277567e-01	0.000000e+00	1	8.858126e-02
1.673847e-01	5.699358e-01	8.178138e-01	6.000863e-01	8.181444e-01	4.814976e-01	4.646973e-01	5.018184e-01	4.545910e-01	5.020058e-01	5.051434e-01	5.394461e-01	5.061186e-01	5.242981e-01	4.299593e-01	0.000000e+00	1	8.563175e-02
8.687066e-01	4.005327e-01	2.960949e-01	1.910982e-01	2.750323e-01	4.997055e-01	5.003787e-01	5.002721e-01	4.989636e-01	4.817904e-01	5.032177e-01	5.011027e-01	5.046629e-01	4.684428e-01	5.034337e-01	0.000000e+00	1	8.359567e-02
2.601048e-01	7.054464e-01	6.686913e-01	4.627660e-01	7.751176e-01	4.987335e-01	5.024519e-01	4.838494e-01	5.018581e-01	4.936397e-01	4.345207e-01	5.222211e-01	4.985192e-01	5.188496e-01	5.275347e-01	0.000000e+00	1	8.246923e-02
5.483559e-01	7.945775e-01	2.635251e-01	1.696407e-01	6.154396e-01	4.981769e-01	5.200559e-01	5.028364e-01	5.051542e-01	5.018865e-01	4.960405e-01	5.067551e-01	4.881862e-01	4.930785e-01	4.926693e-01	0.000000e+00	1	8.110406e-02
9.998469e-01	1.585084e-01	1.912272e-01	1.188554e-01	1.000921e-01	5.028927e-01	5.239157e-01	4.971529e-01	5.133666e-01	5.006979e-01	4.145457e-01	3.575290e-01	4.946651e-01	5.411869e-01	5.119715e-01	0.000000e+00	1	8.049277e-02
5.401885e-01	8.223384e-01	1.912590e-01	1.222283e-01	6.299929e-01	4.860517e-01	5.003650e-01	5.087666e-01	5.036040e-01	5.018285e-01	5.000914e-01	4.970139e-01	4.621707e-01	4.956122e-01	5.237111e-01	0.000000e+00	1	7.920911e-02
2.628287e-02	9.775051e-01	2.778699e-01	1.762569e-01	9.828869e-01	5.027901e-01	5.834610e-01	5.015148e-01	4.845758e-01	4.961232e-01	4.268911e-01	4.831923e-01	4.982433e-01	5.166831e-01	4.413961e-01	0.000000e+00	1	7.874358e-02
4.510552e-01	2.782294e-01	8.603649e-01	6.485323e-01	3.518666e-01	5.055415e-01	5.063428e-01	5.002735e-01	5.712855e-01	5.291934e-01	4.479655e-01	5.157170e-01	4.948082e-01	4.759123e-01	4.696132e-01	0.000000e+00	1	7.837486e-02
7.361381e-01	4.637706e-01	5.076450e-01	3.362467e-01	3.579014e-01	4.996464e-01	4.818107e-01	5.095455e-01	4.559781e-01	4.992865e-01	4.491770e-01	5.227801e-01	4.925751e-01	4.907207e-01	5.413824e-01	0.000000e+00	1	7.552758e-02
2.463239e-02	9.430309e-01	3.929066e-01	2.512416e-01	9.833750e-01	5.086730e-01	5.868363e-01	5.014868e-01	4.729009e-01	4.988078e-01	5.132979e-01	3.942665e-01	5.004275e-01	4.911964e-01	4.539883e-01	0.000000e+00	1	7.479849e-02
3.873177e-01	2.739631e-01	8.921729e-01	6.888669e-01	3.919230e-01	5.624577e-01	4.492220e-01	4.961826e-01	4.924674e-01	4.606114e-01	5.171222e-01	4.854467e-01	5.028586e-01	4.973679e-01	5.429494e-01	0.000000e+00	1	7.228124e-02
9.159883e-01	9.483757e-02	4.114830e-01	2.675193e-01	6.567891e-02	5.012249e-01	4.928435e-01	5.023538e-01	4.842027e-01	5.073145e-01	4.353614e-01	5.424364e-01	5.044010e-01	5.005729e-01	4.522904e-01	0.000000e+00	1	7.217747e-02
4.022264e-01	8.464803e-01	3.619178e-01	2.346149e-01	7.176010e-01	4.769832e-01	4.932937e-01	4.990637e-01	4.845758e-01	4.967072e-01	4.936491e-01	4.929073e-01	4.986840e-01	4.953063e-01	4.391708e-01	0.000000e+00	1	7.172086e-02
3.084638e-01	3.124664e-01	9.238607e-01	7.175575e-01	5.041038e-01	4.942543e-01	5.019045e-01	5.008447e-01	4.705023e-01	5.019045e-01	4.779666e-01	4.962005e-01	3.766658e-01	4.960021e-01	4.209332e-01	0.000000e+00	1	7.164346e-02
9.637446e-01	1.680701e-01	2.538126e-01	1.616048e-01	1.099165e-01	4.987315e-01	4.715773e-01	5.002726e-01	5.045461e-01	5.684509e-01	4.344052e-01	5.227983e-01	4.938587e-01	5.170674e-01	5.034337e-01	0.000000e+00	1	7.144641e-02
1.494096e-01	5.788629e-01	8.156326e-01	5.973301e-01	8.391925e-01	4.814976e-01	4.378079e-01	5.018184e-01	4.827761e-01	5.013498e-01	5.051742e-01	5.339689e-01	5.061186e-01	5.251346e-01	4.299593e-01	0.000000e+00	1	6.881754e-02
3.373972e-01	9.386283e-01	1.268744e-01	8.054656e-02	7.803182e-01	5.607138e-01	4.991890e-01	4.961826e-01	5.043665e-01	4.621669e-01	5.171222e-01	4.984605e-01	5.028530e-01	4.973679e-01	4.989019e-01	0.000000e+00	1	6.769549e-02
9.566491e-01	1.105086e-01	2.980802e-01	1.910982e-01	7.321547e-02	4.986705e-01	4.715773e-01	5.002726e-01	5.045461e-01	5.657412e-01	4.461804e-01	5.011027e-01	5.046629e-01	4.978838e-01	5.034337e-01	0.000000e+00	1	6.737417e-02
5.257006e-01	6.665235e-02	8.602748e-01	6.485323e-01	8.028716e-02	5.061439e-01	4.435094e-01	5.002735e-01	5.522750e-01	4.952143e-01	4.479655e-01	4.885663e-01	4.953121e-01	4.751796e-01	4.696132e-01	0.000000e+00	1	6.686700e-02
1.109393e-01	3.680050e-01	9.324830e-01	7.510985e-01	8.135996e-01	5.141188e-01	5.290078e-01	4.823666e-01	5.044719e-01	5.153836e-01	4.854378e-01	5.134782e-01	4.862808e-01	5.660257e-01	4.547981e-01	0.000000e+00	1	6.629721e-02
9.871183e-01	1.646521e-01	1.555859e-01	9.818816e-02	1.052200e-01	5.801221e-01	4.997676e-01	5.093486e-01	5.034012e-01	5.012258e-01	4.520941e-01	5.399057e-01	4.883035e-01	5.410954e-01	5.233477e-01	0.000000e+00	1	6.606822e-02
6.118826e-01	3.602501e-01	7.401579e-01	5.132120e-01	3.387527e-01	4.927720e-01	4.539403e-01	4.990302e-01	5.280267e-01	5.140706e-01	4.914503e-01	5.327991e-01	3.761001e-01	4.937167e-01	4.226714e-01	0.000000e+00	1	6.580907e-02
6.837406e-01	3.179313e-01	7.121795e-01	4.818280e-01	2.770874e-01	3.553033e-01	5.585807e-01	5.890214e-01	4.994692e-01	4.993912e-01	4.916838e-01	5.095057e-01	4.879620e-01	4.378480e-01	4.728513e-01	0.000000e+00	1	6.258694e-02
3.416499e-01	8.583764e-01	4.166388e-01	2.697113e-01	7.588502e-01	5.521458e-01	4.425930e-01	5.023196e-01	4.967839e-01	5.013708e-01	4.914503e-01	5.328273e-01	4.844199e-01	4.969472e-01	4.223118e-01	0.000000e+00	1	6.226382e-02
2.926145e-01	8.419736e-01	4.595784e-01	3.030554e-01	7.870658e-01	4.984910e-01	4.974554e-01	5.067532e-01	5.007908e-01	5.004035e-01	4.904714e-01	5.130022e-01	4.597410e-01	4.693817e-01	5.004089e-01	0.000000e+00	1	6.048900e-02
9.740434e-01	2.596796e-01	1.059238e-02	6.689124e-03	1.658648e-01	4.842771e-01	4.845098e-01	4.973721e-01	5.049079e-01	5.013329e-01	4.296228e-01	5.093284e-01	4.591059e-01	5.294052e-01	5.048241e-01	0.000000e+00	1	6.048594e-02
