2.610005e-30	1.615557e-15	1.000008e+00	1.000000e+00	1.000000e+00	5.012134e-01	5.008938e-01	5.002385e-01	4.995208e-01	5.011216e-01	5.000461e-01	5.011119e-01	4.983328e-01	4.998586e-01	4.999774e-01	0.000000e+00	1	1.000000e+14
1.019976e+00	9.731167e-03	4.355906e-02	2.716971e-02	6.073540e-03	4.857138e-01	5.128387e-01	5.112605e-01	5.025614e-01	4.993412e-01	4.918074e-01	5.847086e-01	3.928874e-01	5.402315e-01	4.892693e-01	0.000000e+00	1	1.000000e+14
1.615609e-15	3.396789e-32	1.000040e+00	1.000000e+00	1.338481e-17	4.987276e-01	5.017066e-01	5.025485e-01	5.022615e-01	4.994282e-01	5.040878e-01	5.014302e-01	5.022068e-01	4.999308e-01	4.998127e-01	0.000000e+00	1	1.000000e+14
1.318413e-03	1.067545e+00	4.654324e-17	2.775558e-17	9.992138e-01	5.090846e-01	5.269438e-01	4.902292e-01	2.500439e-01	5.011072e-01	4.403069e-01	5.040456e-01	4.841538e-01	4.826157e-01	5.054452e-01	0.000000e+00	1	1.000000e+14
4.811902e-02	9.988495e-01	4.359870e-17	2.775558e-17	9.693549e-01	5.012134e-01	5.008938e-01	5.002738e-01	4.997202e-01	5.011072e-01	5.001570e-01	5.016421e-01	4.987984e-01	4.998562e-01	5.001292e-01	0.000000e+00	1	1.000000e+14
6.555850e-16	1.537742e-15	1.034734e+00	1.000000e+00	7.434446e-01	5.034297e-01	4.778356e-01	5.034331e-01	5.746524e-01	6.535110e-01	4.481658e-01	5.118425e-01	4.960102e-01	4.921173e-01	4.533595e-01	0.000000e+00	1	1.000000e+14
8.070707e-01	4.986390e-01	3.373021e-01	2.174743e-01	3.523261e-01	4.979192e-01	5.337713e-01	4.805381e-01	4.947656e-01	5.177275e-01	4.951546e-01	5.146704e-01	4.488607e-01	4.699709e-01	4.647323e-01	0.000000e+00	1	1.762203e-01
2.042881e-01	4.663969e-01	8.720415e-01	6.635535e-01	7.371771e-01	5.012134e-01	4.559578e-01	4.411295e-01	4.795625e-01	5.264070e-01	5.155546e-01	5.213472e-01	5.072243e-01	4.496765e-01	5.023852e-01	0.000000e+00	1	1.477261e-01
7.533451e-01	3.461198e-01	6.113771e-01	4.045176e-01	2.741792e-01	4.966556e-01	4.963203e-01	5.164700e-01	4.968764e-01	5.110281e-01	4.609050e-01	5.057491e-01	4.485159e-01	6.593712e-01	4.920484e-01	0.000000e+00	1	1.158153e-01
1.537869e-01	2.936195e-01	9.471331e-01	7.856907e-01	6.928459e-01	5.003447e-01	5.263716e-01	5.208912e-01	4.973066e-01	5.278054e-01	4.896279e-01	5.236707e-01	5.114734e-01	4.747487e-01	5.103190e-01	0.000000e+00	1	1.122969e-01
1.668614e-01	5.973456e-01	8.325230e-01	5.923846e-01	8.265881e-01	5.575819e-01	5.295301e-01	5.384424e-01	5.575427e-01	6.535110e-01	4.293942e-01	5.086068e-01	4.960102e-01	4.948981e-01	4.774545e-01	0.000000e+00	1	1.119825e-01
6.284884e-01	5.531301e-01	5.568578e-01	3.736523e-01	4.594542e-01	5.012621e-01	4.791672e-01	5.095455e-01	4.878203e-01	4.992865e-01	4.491770e-01	5.227801e-01	4.925751e-01	4.907207e-01	5.398333e-01	0.000000e+00	1	1.113659e-01
5.664173e-01	3.579886e-01	7.575288e-01	5.389558e-01	3.588201e-01	5.309769e-01	5.261292e-01	4.960541e-01	5.193231e-01	4.994619e-01	4.898198e-01	4.155567e-01	4.806168e-01	5.012708e-01	4.586535e-01	0.000000e+00	1	1.102235e-01
8.701850e-01	2.484831e-01	4.462750e-01	2.916636e-01	1.770756e-01	5.037963e-01	4.803778e-01	4.847688e-01	5.593675e-01	5.009134e-01	4.474068e-01	5.208606e-01	5.085355e-01	5.333007e-01	4.780202e-01	0.000000e+00	1	1.059363e-01
6.713777e-01	4.243259e-01	6.592501e-01	4.410485e-01	3.588201e-01	6.391552e-01	4.815883e-01	4.959642e-01	5.193231e-01	5.010305e-01	4.933790e-01	4.058883e-01	4.685795e-01	4.777287e-01	4.586535e-01	0.000000e+00	1	1.050880e-01
2.508351e-01	8.382183e-01	5.345505e-01	3.491443e-01	8.148922e-01	6.089655e-01	5.001207e-01	5.142828e-01	5.002352e-01	5.010881e-01	4.552478e-01	5.008409e-01	3.944727e-01	4.994574e-01	4.901367e-01	0.000000e+00	1	1.008108e-01
2.697708e-01	7.442145e-01	6.315316e-01	4.286949e-01	7.786099e-01	4.996026e-01	4.807966e-01	5.366349e-01	5.569421e-01	5.241241e-01	4.293508e-01	5.221339e-01	4.820425e-01	4.718451e-01	4.771958e-01	0.000000e+00	1	9.736980e-02
3.679444e-01	7.943620e-01	4.880438e-01	3.237665e-01	7.238519e-01	5.066802e-01	4.779789e-01	4.891328e-01	4.955393e-01	5.255887e-01	4.964950e-01	4.869981e-01	4.991486e-01	4.833622e-01	4.774938e-01	0.000000e+00	1	9.634328e-02
9.624398e-01	9.155381e-02	2.946425e-01	1.883267e-01	6.037791e-02	5.059226e-01	5.010443e-01	4.705597e-01	4.955373e-01	5.036964e-01	4.430966e-01	5.792781e-01	4.987984e-01	4.849908e-01	4.998855e-01	0.000000e+00	1	9.594446e-02
6.003366e-01	1.105625e-01	8.036911e-01	5.864667e-01	1.159455e-01	5.681272e-01	4.818107e-01	5.010568e-01	5.006269e-01	4.992900e-01	4.359991e-01	5.006671e-01	4.930040e-01	4.982895e-01	5.104194e-01	0.000000e+00	1	9.420243e-02
4.721402e-02	9.800636e-01	1.930353e-01	1.236654e-01	9.693549e-01	5.012134e-01	5.008938e-01	5.002738e-01	4.997202e-01	5.011072e-01	5.001570e-01	5.016421e-01	4.987984e-01	4.993822e-01	5.001292e-01	0.000000e+00	1	9.408648e-02
9.016342e-01	4.479589e-01	2.992265e-02	1.891545e-02	2.935507e-01	4.540432e-01	5.034971e-01	5.104466e-01	5.473790e-01	4.983012e-01	4.828257e-01	5.191556e-01	4.912463e-01	5.410954e-01	5.178571e-01	0.000000e+00	1	9.346249e-02
8.835018e-01	1.851411e-01	4.627207e-01	3.015524e-01	1.315032e-01	5.037963e-01	4.674383e-01	5.084290e-01	5.932874e-01	4.619276e-01	4.631688e-01	5.208606e-01	5.133418e-01	5.333007e-01	5.013264e-01	0.000000e+00	1	8.983170e-02
3.350932e-02	6.955829e-01	7.287648e-01	5.144596e-01	9.693549e-01	5.013595e-01	4.807264e-01	5.002738e-01	4.981768e-01	5.163805e-01	4.144797e-01	5.016421e-01	5.003328e-01	5.058912e-01	5.001292e-01	0.000000e+00	1	8.761266e-02
4.044240e-01	9.486181e-01	9.303850e-02	5.728133e-02	7.434446e-01	5.389996e-01	4.778356e-01	5.034331e-01	5.746524e-01	6.519588e-01	4.504594e-01	5.047188e-01	4.960102e-01	4.921173e-01	4.533595e-01	0.000000e+00	1	8.654594e-02
4.489458e-01	7.325622e-01	5.217188e-01	3.474129e-01	6.499804e-01	5.066802e-01	4.804733e-01	4.891328e-01	4.955393e-01	5.180331e-01	4.419459e-01	4.847378e-01	4.828475e-01	4.825658e-01	4.904490e-01	0.000000e+00	1	8.519009e-02
1.096708e-01	3.742989e-01	9.306155e-01	7.473411e-01	8.185472e-01	4.911744e-01	4.772855e-01	4.858547e-01	4.895542e-01	5.196606e-01	4.333612e-01	5.237265e-01	4.937768e-01	4.736288e-01	4.550781e-01	0.000000e+00	1	8.516648e-02
4.423211e-01	6.569936e-01	6.318626e-01	4.286949e-01	6.227731e-01	4.996026e-01	4.809311e-01	5.022908e-01	5.777430e-01	5.241241e-01	4.481224e-01	5.134761e-01	4.820425e-01	4.718451e-01	4.531008e-01	0.000000e+00	1	8.495623e-02
9.312249e-01	1.707040e-01	3.582963e-01	2.303250e-01	1.154181e-01	4.992604e-01	4.674383e-01	5.087855e-01	4.804709e-01	5.225168e-01	4.493939e-01	5.503217e-01	5.611976e-01	5.333628e-01	5.171695e-01	0.000000e+00	1	8.335861e-02
5.369633e-01	7.997093e-01	4.133614e-01	2.580618e-01	6.235632e-01	5.018929e-01	3.005200e-01	5.078115e-01	5.543710e-01	4.982488e-01	4.423844e-01	4.991683e-01	5.005818e-01	5.164147e-01	5.424038e-01	0.000000e+00	1	8.017387e-02
3.215528e-01	6.401104e-01	7.102508e-01	4.972844e-01	7.036423e-01	4.975774e-01	5.038641e-01	5.299468e-01	5.256644e-01	5.145157e-01	4.289719e-01	5.129840e-01	5.082357e-01	5.410954e-01	5.011412e-01	0.000000e+00	1	7.934876e-02
9.521096e-01	2.628696e-01	2.661061e-01	1.675349e-01	1.714932e-01	5.181878e-01	4.986034e-01	5.034386e-01	4.013373e-01	5.023785e-01	4.545307e-01	5.682027e-01	5.697925e-01	5.354081e-01	5.045945e-01	0.000000e+00	1	7.930670e-02
1.267615e-02	1.007640e+00	4.296184e-03	2.714067e-03	9.919917e-01	4.863076e-01	4.227747e-01	4.985812e-01	4.915867e-01	5.277856e-01	5.138279e-01	5.221288e-01	5.044016e-01	4.976931e-01	5.052336e-01	0.000000e+00	1	7.865486e-02
9.674859e-01	6.483522e-02	2.539527e-01	1.630681e-01	4.259882e-02	5.057218e-01	4.944940e-01	4.959378e-01	5.453673e-01	4.995470e-01	4.857245e-01	5.028606e-01	4.987637e-01	4.993683e-01	4.972361e-01	0.000000e+00	1	7.830598e-02
5.306848e-04	9.972716e-01	1.494831e-01	9.471907e-02	9.996612e-01	5.015638e-01	5.016918e-01	5.014758e-01	5.748348e-01	4.914033e-01	4.930454e-01	5.035361e-01	4.998922e-01	4.928478e-01	4.488236e-01	0.000000e+00	1	7.651879e-02
1.001285e+00	2.663492e-02	7.809713e-02	4.953660e-02	1.693056e-02	4.923206e-01	5.169703e-01	5.296165e-01	4.783503e-01	4.995646e-01	4.977652e-01	4.853927e-01	4.668128e-01	4.622779e-01	4.843990e-01	0.000000e+00	1	7.536006e-02
3.538557e-01	6.020196e-01	7.274099e-01	5.129905e-01	6.617089e-01	4.981597e-01	4.783882e-01	4.905171e-01	5.334284e-01	5.180331e-01	4.419459e-01	4.822042e-01	4.530154e-01	5.063643e-01	5.202575e-01	0.000000e+00	1	7.518387e-02
7.192558e-01	3.758973e-01	5.844788e-01	3.973462e-01	3.065829e-01	5.012134e-01	5.008938e-01	5.002385e-01	4.992971e-01	5.013345e-01	4.957846e-01	4.994608e-01	4.983328e-01	4.901955e-01	4.999774e-01	0.000000e+00	1	7.471061e-02
8.723614e-01	2.104454e-01	4.600009e-01	3.015524e-01	1.506967e-01	5.037963e-01	4.674383e-01	5.084290e-01	4.804709e-01	5.225117e-01	4.493939e-01	5.503217e-01	5.133418e-01	5.333007e-01	5.013264e-01	0.000000e+00	1	7.383586e-02
4.772938e-01	8.869146e-01	5.229118e-02	3.302238e-02	6.857006e-01	4.999639e-01	5.338003e-01	4.195040e-01	5.050487e-01	5.144715e-01	5.041025e-01	5.017635e-01	5.122378e-01	4.772532e-01	4.998127e-01	0.000000e+00	1	7.373931e-02
1.323957e-01	4.217572e-01	9.049500e-01	7.107271e-01	8.063574e-01	4.820465e-01	4.754893e-01	4.726760e-01	5.070950e-01	5.003515e-01	4.843111e-01	5.151150e-01	4.989742e-01	5.391014e-01	4.415120e-01	0.000000e+00	1	7.329493e-02
3.327022e-01	8.963736e-01	3.809196e-01	2.413588e-01	7.737428e-01	4.930312e-01	6.302800e-01	4.578643e-01	4.544847e-01	5.158711e-01	5.616115e-01	5.230285e-01	5.533354e-01	5.302516e-01	4.977834e-01	0.000000e+00	1	7.208683e-02
3.761341e-01	8.518381e-01	3.995982e-01	2.580618e-01	7.352874e-01	5.064742e-01	4.094123e-01	5.078115e-01	5.543710e-01	4.982488e-01	4.969335e-01	4.998584e-01	5.008015e-01	5.164147e-01	5.418990e-01	0.000000e+00	1	6.820774e-02
6.123672e-01	4.103725e-02	7.961982e-01	5.819284e-01	4.259882e-02	5.057218e-01	4.944940e-01	4.959378e-01	5.569977e-01	4.995470e-01	4.857245e-01	5.151509e-01	4.978099e-01	4.894917e-01	4.624031e-01	0.000000e+00	1	6.810082e-02
2.200475e-01	5.103153e-01	8.407313e-01	6.281633e-01	7.408260e-01	4.860965e-01	4.448147e-01	4.988645e-01	4.970683e-01	5.265454e-01	5.135308e-01	4.873246e-01	5.072243e-01	4.412588e-01	5.023852e-01	0.000000e+00	1	6.807521e-02
2.247153e-01	9.531273e-01	2.245141e-01	1.434778e-01	8.525983e-01	5.025454e-01	4.758130e-01	5.077294e-01	4.888905e-01	5.241055e-01	5.000979e-01	5.485331e-01	5.072535e-01	5.248372e-01	4.830886e-01	0.000000e+00	1	6.798039e-02
5.264626e-01	3.327363e-01	7.963798e-01	5.774815e-01	3.588201e-01	5.309769e-01	5.261292e-01	4.960541e-01	5.193231e-01	4.994619e-01	4.898198e-01	4.155567e-01	5.033349e-01	5.012708e-01	4.586535e-01	0.000000e+00	1	6.788840e-02
4.942549e-01	7.223372e-01	4.909277e-01	3.254236e-01	6.179816e-01	5.012659e-01	4.711808e-01	4.608236e-01	4.955393e-01	5.255887e-01	5.073531e-01	4.863080e-01	4.990194e-01	4.843758e-01	5.001312e-01	0.000000e+00	1	6.737127e-02
5.252658e-01	8.453910e-01	1.255845e-01	7.990613e-02	6.460680e-01	5.030103e-01	4.769594e-01	5.021948e-01	5.280390e-01	5.223128e-01	5.001570e-01	5.016421e-01	4.858503e-01	5.337933e-01	5.014219e-01	0.000000e+00	1	6.635758e-02
6.551417e-01	5.166260e-01	5.549329e-01	3.736523e-01	4.250922e-01	5.012621e-01	4.829968e-01	5.095455e-01	4.930447e-01	4.992865e-01	5.108392e-01	4.905101e-01	4.925751e-01	4.696306e-01	4.796510e-01	0.000000e+00	1	6.599312e-02
6.413718e-01	1.293727e-01	7.914989e-01	5.602365e-01	1.267139e-01	5.224074e-01	4.772279e-01	5.084290e-01	6.028105e-01	5.009134e-01	4.474068e-01	5.208606e-01	6.022966e-01	5.333007e-01	4.780202e-01	0.000000e+00	1	6.590764e-02
3.067187e-01	5.392976e-01	8.327975e-01	5.923846e-01	6.707944e-01	5.575819e-01	4.780878e-01	5.040983e-01	5.783436e-01	6.535110e-01	4.481658e-01	5.086068e-01	4.960102e-01	4.948981e-01	4.533595e-01	0.000000e+00	1	6.499860e-02
9.181583e-01	1.402575e-01	4.416221e-01	2.825527e-01	9.650372e-02	5.037963e-01	3.956159e-01	5.084290e-01	5.888122e-01	5.009134e-01	4.474068e-01	5.208606e-01	4.307866e-01	5.333007e-01	4.780202e-01	0.000000e+00	1	6.479821e-02
8.983742e-01	1.623494e-01	4.276503e-01	2.788915e-01	1.138181e-01	5.010829e-01	4.736132e-01	5.021054e-01	4.597717e-01	5.393727e-01	4.501470e-01	4.804497e-01	4.965754e-01	4.692782e-01	4.792007e-01	0.000000e+00	1	6.476284e-02
8.355989e-02	8.191950e-01	5.858146e-01	3.936529e-01	9.352870e-01	5.012134e-01	5.008938e-01	4.984440e-01	4.997202e-01	5.011072e-01	4.196326e-01	5.026864e-01	4.987984e-01	4.393816e-01	4.795846e-01	0.000000e+00	1	6.364654e-02
4.254506e-01	9.146960e-01	1.334047e-01	8.370160e-02	7.228394e-01	5.453460e-01	4.448147e-01	4.988645e-01	5.602177e-01	4.993700e-01	4.223055e-01	4.851053e-01	5.072243e-01	4.496765e-01	5.031463e-01	0.000000e+00	1	5.920929e-02
