1.615609e-15	3.396789e-32	1.000040e+00	1.000000e+00	1.338481e-17	4.987276e-01	5.017066e-01	5.025485e-01	5.022615e-01	4.994282e-01	5.040878e-01	5.014302e-01	5.022068e-01	4.999308e-01	4.998127e-01	0.000000e+00	1	1.000000e+14
1.063181e+00	1.185581e-02	4.635584e-17	2.775558e-17	7.098819e-03	5.090846e-01	5.216631e-01	4.902292e-01	2.765883e-01	4.990212e-01	5.379585e-01	5.040456e-01	3.968792e-01	4.831746e-01	5.176708e-01	0.000000e+00	1	1.000000e+14
2.610005e-30	1.615557e-15	1.000008e+00	1.000000e+00	1.000000e+00	5.012134e-01	5.008938e-01	5.002385e-01	4.995208e-01	5.011216e-01	5.000461e-01	5.011119e-01	4.983328e-01	4.998586e-01	4.999774e-01	0.000000e+00	1	1.000000e+14
7.066514e-16	1.525205e-15	1.040488e+00	1.000000e+00	7.237886e-01	5.545588e-01	5.266185e-01	5.034331e-01	5.746524e-01	6.535110e-01	4.295628e-01	5.118482e-01	4.960102e-01	4.921173e-01	4.502786e-01	0.000000e+00	1	1.000000e+14
4.811902e-02	9.988495e-01	4.359870e-17	2.775558e-17	9.693549e-01	5.012134e-01	5.008938e-01	5.002738e-01	4.997202e-01	5.011072e-01	5.001570e-01	5.016421e-01	4.987984e-01	4.998562e-01	5.001292e-01	0.000000e+00	1	1.000000e+14
1.302620e-03	1.054758e+00	4.598574e-17	2.775558e-17	9.992138e-01	5.090846e-01	5.236538e-01	4.902292e-01	2.765883e-01	5.011072e-01	4.403069e-01	5.040456e-01	4.853477e-01	4.831746e-01	5.054452e-01	0.000000e+00	1	1.000000e+14
2.247153e-01	9.531273e-01	2.245141e-01	1.434778e-01	8.525983e-01	5.025454e-01	4.758130e-01	5.077294e-01	4.888905e-01	5.241055e-01	5.000979e-01	5.485331e-01	5.072535e-01	5.248372e-01	4.830886e-01	0.000000e+00	1	1.283683e-01
7.809493e-01	1.438256e-01	6.147024e-01	4.193731e-01	1.159455e-01	5.056941e-01	5.044385e-01	5.009748e-01	4.992958e-01	5.069281e-01	4.359991e-01	4.995392e-01	4.981276e-01	4.982895e-01	5.004238e-01	0.000000e+00	1	1.120521e-01
1.323957e-01	4.217572e-01	9.049500e-01	7.107271e-01	8.063574e-01	4.820465e-01	4.754893e-01	4.726760e-01	5.070950e-01	5.003515e-01	4.843111e-01	5.151150e-01	4.989742e-01	5.391014e-01	4.415120e-01	0.000000e+00	1	1.119313e-01
9.016342e-01	4.479589e-01	2.992265e-02	1.891545e-02	2.935507e-01	4.540432e-01	5.034971e-01	5.104466e-01	5.473790e-01	4.983012e-01	4.828257e-01	5.191556e-01	4.912463e-01	5.410954e-01	5.178571e-01	0.000000e+00	1	1.079168e-01
4.044240e-01	9.486181e-01	9.303850e-02	5.728133e-02	7.434446e-01	5.389996e-01	4.778356e-01	5.034331e-01	5.746524e-01	6.519588e-01	4.504594e-01	5.047188e-01	4.960102e-01	4.921173e-01	4.533595e-01	0.000000e+00	1	1.062575e-01
6.925474e-01	4.155909e-01	6.733161e-01	4.424024e-01	3.440840e-01	5.101616e-01	5.216665e-01	4.960448e-01	2.818866e-01	5.010283e-01	4.933790e-01	4.820012e-01	4.685795e-01	4.829231e-01	4.586535e-01	0.000000e+00	1	1.058327e-01
2.697708e-01	7.442145e-01	6.315316e-01	4.286949e-01	7.786099e-01	4.996026e-01	4.807966e-01	5.366349e-01	5.569421e-01	5.241241e-01	4.293508e-01	5.221339e-01	4.820425e-01	4.718451e-01	4.771958e-01	0.000000e+00	1	1.056460e-01
8.281049e-01	2.364671e-01	5.230708e-01	3.474808e-01	1.770756e-01	5.037963e-01	4.803778e-01	4.954437e-01	5.593675e-01	5.011496e-01	4.910908e-01	5.113284e-01	5.140657e-01	5.333007e-01	4.536395e-01	0.000000e+00	1	1.046833e-01
7.192558e-01	3.758973e-01	5.844788e-01	3.973462e-01	3.065829e-01	5.012134e-01	5.008938e-01	5.002385e-01	4.992971e-01	5.013345e-01	4.957846e-01	4.994608e-01	4.983328e-01	4.901955e-01	4.999774e-01	0.000000e+00	1	1.044347e-01
9.415108e-01	5.926967e-02	3.570220e-01	2.303250e-01	4.002346e-02	4.986567e-01	4.781437e-01	5.087855e-01	4.804709e-01	5.257701e-01	4.493939e-01	4.845226e-01	5.611976e-01	4.848400e-01	5.171695e-01	0.000000e+00	1	1.041159e-01
7.532604e-01	3.460809e-01	5.757146e-01	3.864455e-01	2.741792e-01	4.965623e-01	4.963203e-01	5.187500e-01	4.997839e-01	5.010116e-01	4.610598e-01	4.827820e-01	4.498257e-01	4.330067e-01	4.915757e-01	0.000000e+00	1	1.029651e-01
8.058964e-01	4.979135e-01	3.368114e-01	2.174743e-01	3.523261e-01	4.642407e-01	5.364733e-01	4.809516e-01	4.947656e-01	5.177275e-01	4.951546e-01	5.146704e-01	5.048472e-01	4.688524e-01	5.292216e-01	0.000000e+00	1	1.029099e-01
6.270617e-01	5.518745e-01	5.555937e-01	3.736523e-01	4.594542e-01	5.012621e-01	4.791672e-01	5.423098e-01	4.878203e-01	4.992865e-01	4.879660e-01	5.227801e-01	4.925751e-01	4.962978e-01	4.892424e-01	0.000000e+00	1	1.018533e-01
9.624398e-01	9.155381e-02	2.946425e-01	1.883267e-01	6.037791e-02	5.059226e-01	5.010443e-01	4.705597e-01	4.955373e-01	5.036964e-01	4.430966e-01	5.792781e-01	4.987984e-01	4.849908e-01	4.998855e-01	0.000000e+00	1	9.989415e-02
5.269152e-01	4.139817e-01	7.555158e-01	5.381023e-01	4.239519e-01	4.987359e-01	5.261292e-01	4.991133e-01	5.193231e-01	4.992257e-01	4.461359e-01	4.250888e-01	5.014389e-01	5.012708e-01	4.830343e-01	0.000000e+00	1	9.786684e-02
8.701850e-01	2.484831e-01	4.462750e-01	2.916636e-01	1.770756e-01	5.037963e-01	4.803778e-01	4.847688e-01	5.593675e-01	5.009134e-01	4.474068e-01	5.208606e-01	5.085355e-01	5.333007e-01	4.780202e-01	0.000000e+00	1	9.720819e-02
8.355989e-02	8.191950e-01	5.858146e-01	3.936529e-01	9.352870e-01	5.012134e-01	5.008938e-01	4.984440e-01	4.997202e-01	5.011072e-01	4.196326e-01	5.026864e-01	4.987984e-01	4.393816e-01	4.795846e-01	0.000000e+00	1	9.688113e-02
6.551417e-01	5.166260e-01	5.549329e-01	3.736523e-01	4.250922e-01	5.012621e-01	4.829968e-01	5.095455e-01	4.930447e-01	4.992865e-01	5.108392e-01	4.905101e-01	4.925751e-01	4.696306e-01	4.796510e-01	0.000000e+00	1	9.500167e-02
3.761341e-01	8.518381e-01	3.995982e-01	2.580618e-01	7.352874e-01	5.064742e-01	4.094123e-01	5.078115e-01	5.543710e-01	4.982488e-01	4.969335e-01	4.998584e-01	5.008015e-01	5.164147e-01	5.418990e-01	0.000000e+00	1	9.382854e-02
1.782900e-01	9.863583e-01	1.383014e-01	8.728852e-02	8.861565e-01	4.923206e-01	5.169703e-01	5.296165e-01	4.783503e-01	4.995646e-01	5.773166e-01	4.853927e-01	4.497744e-01	4.622779e-01	5.029571e-01	0.000000e+00	1	9.134705e-02
4.942549e-01	7.223372e-01	4.909277e-01	3.254236e-01	6.179816e-01	5.012659e-01	4.711808e-01	4.608236e-01	4.955393e-01	5.255887e-01	5.073531e-01	4.863080e-01	4.990194e-01	4.843758e-01	5.001312e-01	0.000000e+00	1	9.103275e-02
1.001285e+00	2.663492e-02	7.809713e-02	4.953660e-02	1.693056e-02	4.923206e-01	5.169703e-01	5.296165e-01	4.783503e-01	4.995646e-01	4.977652e-01	4.853927e-01	4.668128e-01	4.622779e-01	4.843990e-01	0.000000e+00	1	8.896716e-02
9.500394e-01	2.622981e-01	2.655275e-01	1.675349e-01	1.714932e-01	5.181878e-01	5.396799e-01	4.835583e-01	4.018123e-01	5.023785e-01	4.545307e-01	5.682027e-01	4.937318e-01	4.539168e-01	5.045945e-01	0.000000e+00	1	8.883224e-02
6.003366e-01	1.105625e-01	8.036911e-01	5.864667e-01	1.159455e-01	5.681272e-01	4.818107e-01	5.010568e-01	5.006269e-01	4.992900e-01	4.359991e-01	5.006671e-01	4.930040e-01	4.982895e-01	5.104194e-01	0.000000e+00	1	8.800996e-02
4.155842e-01	7.711746e-01	5.043510e-01	3.325574e-01	6.853319e-01	5.037963e-01	4.803778e-01	4.180035e-01	5.098300e-01	5.021575e-01	5.052853e-01	5.113284e-01	5.140657e-01	5.333007e-01	4.536395e-01	0.000000e+00	1	8.619709e-02
3.199867e-01	6.369927e-01	7.067915e-01	4.972844e-01	7.036423e-01	4.975774e-01	4.756798e-01	5.198754e-01	5.256644e-01	5.016983e-01	4.837523e-01	5.129716e-01	5.082357e-01	5.411097e-01	5.011412e-01	0.000000e+00	1	8.503511e-02
8.983742e-01	1.623494e-01	4.276503e-01	2.788915e-01	1.138181e-01	5.010829e-01	4.736132e-01	5.021054e-01	4.597717e-01	5.393727e-01	4.501470e-01	4.804497e-01	4.965754e-01	4.692782e-01	4.792007e-01	0.000000e+00	1	8.363472e-02
3.311845e-01	8.922848e-01	3.791820e-01	2.413588e-01	7.737428e-01	4.930312e-01	6.302800e-01	4.989462e-01	4.525509e-01	5.338351e-01	5.480827e-01	5.228850e-01	5.184955e-01	5.302516e-01	4.977834e-01	0.000000e+00	1	8.116015e-02
4.178579e-01	9.026006e-01	1.255023e-01	7.990613e-02	7.239809e-01	5.033122e-01	4.781164e-01	5.020526e-01	5.280390e-01	5.064264e-01	4.995759e-01	4.997792e-01	4.858503e-01	5.315404e-01	5.014219e-01	0.000000e+00	1	8.005236e-02
1.002395e+00	5.596646e-03	1.659945e-01	1.044731e-01	3.554385e-03	5.453460e-01	4.724163e-01	4.988645e-01	5.602177e-01	4.993700e-01	4.223055e-01	4.851053e-01	5.242627e-01	4.496765e-01	4.845881e-01	0.000000e+00	1	7.941054e-02
1.315514e-03	5.931928e-01	8.522543e-01	6.128993e-01	9.985882e-01	5.464580e-01	5.008938e-01	5.002385e-01	5.574945e-01	6.687141e-01	4.344049e-01	5.087594e-01	5.056442e-01	4.945758e-01	5.015048e-01	0.000000e+00	1	7.867021e-02
6.672525e-01	4.217187e-01	6.551994e-01	4.410485e-01	3.588201e-01	6.454465e-01	4.815883e-01	4.959642e-01	5.195004e-01	5.010305e-01	4.933790e-01	4.820012e-01	4.685795e-01	4.701743e-01	4.586535e-01	0.000000e+00	1	7.737761e-02
1.062204e+00	5.988084e-02	4.222645e-02	2.525457e-02	3.585096e-02	5.015770e-01	5.127325e-01	5.002738e-01	4.981768e-01	5.163805e-01	4.144797e-01	5.016421e-01	2.613787e-01	5.058912e-01	5.005145e-01	0.000000e+00	1	7.589652e-02
8.723614e-01	2.104454e-01	4.600009e-01	3.015524e-01	1.506967e-01	5.037963e-01	4.674383e-01	5.084290e-01	4.804709e-01	5.225117e-01	4.493939e-01	5.503217e-01	5.133418e-01	5.333007e-01	5.013264e-01	0.000000e+00	1	7.583430e-02
6.413718e-01	1.293727e-01	7.914989e-01	5.602365e-01	1.267139e-01	5.224074e-01	4.772279e-01	5.084290e-01	6.028105e-01	5.009134e-01	4.474068e-01	5.208606e-01	6.022966e-01	5.333007e-01	4.780202e-01	0.000000e+00	1	7.516574e-02
3.469586e-01	6.255772e-01	7.111784e-01	4.981379e-01	6.776257e-01	5.298185e-01	5.038641e-01	4.872113e-01	5.256644e-01	5.145157e-01	4.303620e-01	5.129840e-01	5.082357e-01	5.410954e-01	5.011412e-01	0.000000e+00	1	7.429736e-02
5.252658e-01	8.453910e-01	1.255845e-01	7.990613e-02	6.460680e-01	5.030103e-01	4.769594e-01	5.021948e-01	5.280390e-01	5.223128e-01	5.001570e-01	5.016421e-01	4.858503e-01	5.337933e-01	5.014219e-01	0.000000e+00	1	7.396889e-02
8.835018e-01	1.851411e-01	4.627207e-01	3.015524e-01	1.315032e-01	5.037963e-01	4.674383e-01	5.084290e-01	5.932874e-01	4.619276e-01	4.631688e-01	5.208606e-01	5.133418e-01	5.333007e-01	5.013264e-01	0.000000e+00	1	7.380730e-02
3.111106e-01	9.172175e-01	4.156302e-01	2.580618e-01	7.918178e-01	5.654328e-01	3.005200e-01	5.091446e-01	5.677744e-01	4.982488e-01	4.423844e-01	4.991683e-01	5.005818e-01	4.907827e-01	5.424038e-01	0.000000e+00	1	7.293876e-02
8.010529e-02	3.178518e-01	9.844011e-01	7.953670e-01	8.428315e-01	5.575819e-01	5.295301e-01	5.384424e-01	5.578562e-01	6.491633e-01	4.311089e-01	5.266470e-01	4.973490e-01	4.751275e-01	5.140413e-01	0.000000e+00	1	7.277173e-02
3.350932e-02	6.955829e-01	7.287648e-01	5.144596e-01	9.693549e-01	5.013595e-01	4.807264e-01	5.002738e-01	4.981768e-01	5.163805e-01	4.144797e-01	5.016421e-01	5.003328e-01	5.058912e-01	5.001292e-01	0.000000e+00	1	7.260691e-02
4.772938e-01	8.869146e-01	5.229118e-02	3.302238e-02	6.857006e-01	4.999639e-01	5.338003e-01	4.195040e-01	5.050487e-01	5.144715e-01	5.041025e-01	5.017635e-01	5.122378e-01	4.772532e-01	4.998127e-01	0.000000e+00	1	7.180563e-02
5.625664e-01	2.940084e-01	7.782828e-01	5.644399e-01	3.065829e-01	5.636465e-01	5.008938e-01	5.002643e-01	5.006283e-01	5.013345e-01	4.957846e-01	4.994449e-01	4.932092e-01	4.901955e-01	5.099730e-01	0.000000e+00	1	7.107948e-02
2.890326e-01	7.281467e-01	6.354957e-01	4.338726e-01	7.594417e-01	5.012932e-01	4.711808e-01	4.608236e-01	5.169570e-01	5.255887e-01	4.291772e-01	4.863080e-01	4.990194e-01	4.843758e-01	5.001312e-01	0.000000e+00	1	7.102589e-02
4.696796e-02	9.749558e-01	2.519823e-01	1.608355e-01	9.693549e-01	5.012134e-01	5.008938e-01	4.492216e-01	4.997202e-01	5.011072e-01	5.001570e-01	4.258153e-01	4.987984e-01	4.993822e-01	5.001292e-01	0.000000e+00	1	7.052722e-02
4.129009e-02	3.242219e-01	9.815479e-01	7.953670e-01	9.193597e-01	5.575819e-01	5.295301e-01	4.344220e-01	5.578562e-01	6.279329e-01	4.293186e-01	5.223729e-01	4.979328e-01	4.748209e-01	5.140413e-01	0.000000e+00	1	6.954592e-02
4.423066e-01	6.569722e-01	6.318419e-01	4.286949e-01	6.227731e-01	4.996026e-01	4.809311e-01	5.094700e-01	5.777430e-01	4.983517e-01	4.439541e-01	5.134761e-01	4.817160e-01	4.718451e-01	4.531008e-01	0.000000e+00	1	6.888175e-02
6.123672e-01	4.103725e-02	7.961982e-01	5.819284e-01	4.259882e-02	5.057218e-01	4.944940e-01	4.959378e-01	5.569977e-01	4.995470e-01	4.857245e-01	5.151509e-01	4.978099e-01	4.894917e-01	4.624031e-01	0.000000e+00	1	6.779529e-02
1.019976e+00	9.731167e-03	4.355906e-02	2.716971e-02	6.073540e-03	4.857138e-01	5.128387e-01	5.112605e-01	5.025614e-01	4.993412e-01	4.918074e-01	5.847086e-01	3.928874e-01	5.402315e-01	4.892693e-01	0.000000e+00	1	6.526980e-02
8.061696e-01	2.352454e-01	5.569936e-01	3.728269e-01	1.807509e-01	4.704705e-01	5.034971e-01	5.578052e-01	4.875870e-01	5.240736e-01	4.870590e-01	5.225920e-01	4.915625e-01	5.410954e-01	5.178571e-01	0.000000e+00	1	6.489751e-02
