3.377112e-04	1.011918e+00	4.411796e-17	2.775558e-17	9.997875e-01	5.075869e-01	5.744765e-01	5.505935e-01	5.019941e-01	4.780981e-01	4.487711e-01	5.095268e-01	4.853477e-01	5.179647e-01	4.957802e-01	0.000000e+00	1	1.000000e+14
7.602448e-16	1.475123e-15	1.027212e+00	1.000000e+00	6.970495e-01	5.490631e-01	4.888103e-01	5.034331e-01	5.158174e-01	6.535110e-01	5.134587e-01	4.877010e-01	5.166894e-01	4.844868e-01	5.002610e-01	0.000000e+00	1	1.000000e+14
1.002040e+00	1.023213e-03	4.368733e-17	2.775558e-17	6.500711e-04	4.976999e-01	5.269196e-01	5.003915e-01	5.043968e-01	5.011164e-01	4.961311e-01	5.013245e-01	4.943651e-01	5.350299e-01	5.038222e-01	0.000000e+00	1	1.000000e+14
2.610005e-30	1.615557e-15	1.000008e+00	1.000000e+00	1.000000e+00	5.012134e-01	5.008938e-01	5.002385e-01	4.995208e-01	5.011216e-01	5.000461e-01	5.011119e-01	4.983328e-01	4.998586e-01	4.999774e-01	0.000000e+00	1	1.000000e+14
7.930595e-02	9.968582e-01	4.359870e-17	2.775558e-17	9.494596e-01	5.012134e-01	5.008938e-01	5.002738e-01	4.997202e-01	5.011072e-01	5.001570e-01	5.016421e-01	4.987984e-01	4.998562e-01	5.001292e-01	0.000000e+00	1	1.000000e+14
1.615609e-15	3.396789e-32	1.000040e+00	1.000000e+00	1.338481e-17	4.987276e-01	5.017066e-01	5.025485e-01	5.022615e-01	4.994282e-01	5.040878e-01	5.014302e-01	5.022068e-01	4.999308e-01	4.998127e-01	0.000000e+00	1	1.000000e+14
1.869751e-01	5.689264e-01	8.443004e-01	6.072432e-01	7.978570e-01	5.001740e-01	4.803887e-01	4.961192e-01	4.270328e-01	4.892688e-01	5.104733e-01	5.111997e-01	4.982067e-01	6.635635e-01	4.521167e-01	0.000000e+00	1	1.466741e-01
7.452599e-01	3.413721e-01	5.899512e-01	3.971375e-01	2.734502e-01	4.946414e-01	4.963203e-01	5.187500e-01	4.997839e-01	5.005270e-01	5.312865e-01	4.829682e-01	4.498257e-01	4.330067e-01	5.357318e-01	0.000000e+00	1	1.403235e-01
8.792776e-01	1.792105e-01	4.599849e-01	3.015524e-01	1.279999e-01	5.454953e-01	4.674383e-01	5.003082e-01	4.804709e-01	4.951727e-01	4.478090e-01	5.288662e-01	5.133418e-01	5.333007e-01	5.013264e-01	0.000000e+00	1	1.379359e-01
1.969340e-02	5.217445e-01	8.788221e-01	6.587231e-01	9.759820e-01	5.359201e-01	5.992662e-01	5.002768e-01	4.992958e-01	4.953427e-01	4.359991e-01	5.087805e-01	4.981276e-01	4.983264e-01	5.829101e-01	0.000000e+00	1	1.217628e-01
4.986304e-01	8.701913e-01	9.487998e-02	6.004740e-02	6.687418e-01	5.067457e-01	5.356024e-01	5.002718e-01	5.716219e-01	4.725723e-01	5.003093e-01	5.016421e-01	4.987984e-01	4.857003e-01	5.015693e-01	0.000000e+00	1	1.213599e-01
3.700167e-01	9.328681e-01	3.927989e-02	2.490465e-02	7.596059e-01	5.022361e-01	4.781765e-01	5.081116e-01	5.131889e-01	5.028029e-01	5.116978e-01	5.031151e-01	4.696850e-01	5.372143e-01	5.340638e-01	0.000000e+00	1	1.110486e-01
4.454337e-01	3.809869e-02	9.439883e-01	7.184266e-01	5.431895e-02	4.875548e-01	5.011760e-01	4.911952e-01	6.817616e-01	5.021049e-01	5.601545e-01	5.223468e-01	5.457201e-01	4.857553e-01	4.306341e-01	0.000000e+00	1	1.094540e-01
5.374279e-01	4.337585e-01	7.314425e-01	5.182638e-01	4.323002e-01	5.012688e-01	4.919284e-01	5.078115e-01	5.127141e-01	4.978176e-01	4.999539e-01	5.350049e-01	4.965014e-01	4.720003e-01	5.604821e-01	0.000000e+00	1	1.072913e-01
9.952459e-01	5.035580e-02	1.426041e-01	9.048736e-02	3.218319e-02	5.067457e-01	5.357183e-01	5.002718e-01	5.716219e-01	4.987817e-01	5.003093e-01	5.016423e-01	4.969515e-01	4.857003e-01	5.012837e-01	0.000000e+00	1	1.055614e-01
2.852424e-01	8.150842e-01	5.494749e-01	3.607598e-01	7.856920e-01	4.987233e-01	4.963203e-01	4.988843e-01	4.992347e-01	6.441489e-01	5.272735e-01	4.829682e-01	4.741020e-01	5.002502e-01	5.323454e-01	0.000000e+00	1	1.023731e-01
1.650288e-01	7.453949e-01	6.523938e-01	4.501689e-01	8.612912e-01	4.887236e-01	5.042517e-01	5.033880e-01	4.905989e-01	5.147579e-01	4.404362e-01	5.122678e-01	4.964599e-01	4.930104e-01	5.011412e-01	0.000000e+00	1	1.013719e-01
8.951414e-03	6.042508e-01	8.120743e-01	5.927186e-01	9.905698e-01	4.863590e-01	5.008174e-01	5.263645e-01	5.548843e-01	5.188289e-01	5.807935e-01	5.054962e-01	5.048191e-01	4.622779e-01	5.020343e-01	0.000000e+00	1	9.958501e-02
9.128868e-01	3.608101e-01	2.330041e-01	1.483690e-01	2.396217e-01	5.002012e-01	5.358254e-01	5.203006e-01	5.052984e-01	5.009327e-01	4.511174e-01	4.989454e-01	4.937318e-01	4.570584e-01	4.463275e-01	0.000000e+00	1	9.923377e-02
6.793151e-01	3.031405e-01	6.958374e-01	4.787626e-01	2.672060e-01	4.996554e-01	4.020844e-01	5.040814e-01	5.021106e-01	5.088215e-01	4.492503e-01	5.043836e-01	4.512493e-01	4.448746e-01	4.698883e-01	0.000000e+00	1	9.820570e-02
7.906901e-02	4.683662e-01	8.949875e-01	6.893770e-01	8.935305e-01	4.950314e-01	4.998382e-01	4.916935e-01	5.425313e-01	5.028749e-01	4.321138e-01	5.220065e-01	4.979328e-01	4.213146e-01	4.951131e-01	0.000000e+00	1	9.721275e-02
8.405750e-01	1.294196e-01	5.373079e-01	3.587054e-01	9.725385e-02	5.131824e-01	4.257110e-01	5.004026e-01	5.011843e-01	4.994627e-01	4.970486e-01	5.006209e-01	5.015814e-01	4.837717e-01	5.045219e-01	0.000000e+00	1	9.681862e-02
7.845261e-01	2.999822e-01	5.601317e-01	3.744301e-01	2.325061e-01	4.988135e-01	4.742192e-01	5.088136e-01	4.997839e-01	5.018119e-01	5.161893e-01	4.841665e-01	4.467616e-01	4.352518e-01	5.357318e-01	0.000000e+00	1	9.627590e-02
4.853945e-01	7.224154e-01	5.010777e-01	3.325574e-01	6.233628e-01	5.001740e-01	4.803887e-01	4.961163e-01	5.071430e-01	4.892241e-01	5.104733e-01	5.111997e-01	5.085113e-01	5.333007e-01	4.521167e-01	0.000000e+00	1	9.363788e-02
7.528692e-01	5.756825e-01	3.369681e-01	2.174743e-01	4.155932e-01	4.658162e-01	5.364733e-01	4.908774e-01	4.947656e-01	5.258764e-01	4.985217e-01	4.894406e-01	5.056583e-01	5.398636e-01	5.292216e-01	0.000000e+00	1	9.138252e-02
9.157290e-02	2.227738e-01	9.841861e-01	8.472029e-01	7.517167e-01	4.931411e-01	5.156994e-01	5.293958e-01	4.942203e-01	5.028029e-01	4.397330e-01	5.006541e-01	5.911986e-01	5.090158e-01	4.992407e-01	0.000000e+00	1	9.110375e-02
6.327012e-01	9.479591e-02	7.874105e-01	5.656276e-01	9.467876e-02	4.875548e-01	5.011760e-01	4.680875e-01	4.607519e-01	5.042854e-01	5.594747e-01	5.223468e-01	5.457201e-01	4.863476e-01	4.258139e-01	0.000000e+00	1	9.074316e-02
1.280367e-01	5.018883e-01	8.718312e-01	6.587231e-01	8.409837e-01	5.056941e-01	5.992662e-01	5.001037e-01	4.992958e-01	4.953427e-01	4.359991e-01	5.087805e-01	4.981276e-01	4.982895e-01	5.004238e-01	0.000000e+00	1	9.067746e-02
2.429965e-01	9.781613e-01	9.217534e-03	5.821952e-03	8.449878e-01	5.011493e-01	4.693077e-01	4.908451e-01	5.219373e-01	5.487621e-01	5.028246e-01	5.495473e-01	5.266246e-01	5.273923e-01	4.887681e-01	0.000000e+00	1	8.965511e-02
4.714649e-01	8.227830e-01	3.664636e-01	2.347655e-01	6.687418e-01	5.057489e-01	5.008938e-01	5.002738e-01	5.698816e-01	5.034202e-01	5.003093e-01	5.016421e-01	4.987984e-01	5.000461e-01	3.918259e-01	0.000000e+00	1	8.904248e-02
6.928674e-01	4.190249e-01	6.079359e-01	4.099903e-01	3.462695e-01	4.882854e-01	5.024957e-01	5.187500e-01	4.804314e-01	5.812198e-01	5.312865e-01	4.829682e-01	4.498257e-01	4.994739e-01	5.357318e-01	0.000000e+00	1	8.879785e-02
7.055629e-01	6.711794e-02	7.530584e-01	5.192913e-01	6.037791e-02	6.463429e-01	5.010454e-01	4.646023e-01	5.007845e-01	5.039260e-01	4.430966e-01	5.437349e-01	4.941201e-01	5.790970e-01	4.998855e-01	0.000000e+00	1	8.627823e-02
9.425084e-01	2.602188e-01	2.320942e-01	1.483690e-01	1.714932e-01	5.103828e-01	5.360801e-01	5.003890e-01	5.052984e-01	5.010248e-01	4.511174e-01	5.164944e-01	4.988331e-01	4.714271e-01	5.046321e-01	0.000000e+00	1	8.491213e-02
3.535813e-01	8.914318e-01	2.908067e-01	1.874385e-01	7.596059e-01	4.981775e-01	5.157166e-01	5.081116e-01	5.131889e-01	5.028029e-01	5.116978e-01	5.031151e-01	4.847982e-01	5.090158e-01	5.340638e-01	0.000000e+00	1	8.462130e-02
4.363323e-01	8.559143e-02	9.388948e-01	7.184266e-01	1.233143e-01	4.838633e-01	4.998029e-01	4.911952e-01	6.817616e-01	5.020184e-01	4.952855e-01	5.223468e-01	5.005280e-01	4.877676e-01	4.306341e-01	0.000000e+00	1	8.386995e-02
4.004155e-01	8.618616e-01	3.319894e-01	2.139589e-01	7.231190e-01	4.999639e-01	4.831268e-01	5.302893e-01	5.049179e-01	5.257618e-01	5.093750e-01	5.030675e-01	5.644247e-01	4.772532e-01	4.998127e-01	0.000000e+00	1	8.320026e-02
3.838709e-01	9.049696e-01	2.153537e-01	1.372976e-01	7.446029e-01	5.012659e-01	4.711808e-01	5.028924e-01	4.955393e-01	5.202381e-01	4.308416e-01	4.951920e-01	4.990194e-01	4.843758e-01	4.967005e-01	0.000000e+00	1	7.896872e-02
3.235254e-01	6.780293e-01	6.713613e-01	4.642828e-01	7.165733e-01	5.014079e-01	4.782033e-01	5.302893e-01	5.049179e-01	5.367585e-01	5.092044e-01	5.030675e-01	5.644247e-01	4.772792e-01	4.998127e-01	0.000000e+00	1	7.819856e-02
8.275210e-01	2.363003e-01	5.227020e-01	3.474808e-01	1.770756e-01	5.037963e-01	4.803778e-01	4.954437e-01	5.004818e-01	5.537468e-01	4.910908e-01	5.137734e-01	5.140657e-01	5.333007e-01	4.551196e-01	0.000000e+00	1	7.596136e-02
1.238301e-01	4.992358e-01	8.760027e-01	6.619973e-01	8.452171e-01	4.963858e-01	5.992662e-01	4.845135e-01	4.998449e-01	4.953427e-01	4.249150e-01	5.087805e-01	4.981276e-01	4.982895e-01	5.004238e-01	0.000000e+00	1	7.580510e-02
9.814229e-01	5.316429e-03	1.950040e-01	1.248652e-01	3.448575e-03	5.074085e-01	5.165423e-01	5.003104e-01	5.017066e-01	4.995333e-01	4.989886e-01	5.011965e-01	5.021601e-01	4.837717e-01	5.045219e-01	0.000000e+00	1	7.525660e-02
5.852358e-01	2.463247e-01	7.777589e-01	5.641313e-01	2.536237e-01	4.885606e-01	5.358254e-01	5.003890e-01	5.052984e-01	5.010340e-01	4.511174e-01	4.995082e-01	4.937318e-01	4.881405e-01	5.046321e-01	0.000000e+00	1	7.362581e-02
7.159989e-01	1.526098e-01	7.039678e-01	4.875381e-01	1.336902e-01	4.875548e-01	5.011760e-01	4.625247e-01	4.607519e-01	5.042854e-01	5.594747e-01	5.223468e-01	5.457201e-01	4.702471e-01	4.258139e-01	0.000000e+00	1	7.168726e-02
2.107663e-01	6.842266e-01	7.125286e-01	4.984740e-01	8.097700e-01	4.999727e-01	4.616871e-01	5.348188e-01	4.968662e-01	4.920273e-01	4.455363e-01	5.565642e-01	5.071490e-01	5.085915e-01	4.676360e-01	0.000000e+00	1	7.101234e-02
2.140434e-01	9.078626e-01	3.739787e-01	2.427539e-01	8.525983e-01	4.984868e-01	5.133717e-01	5.088259e-01	4.888905e-01	5.241055e-01	5.309445e-01	5.485331e-01	4.845968e-01	5.115184e-01	4.830886e-01	0.000000e+00	1	7.041060e-02
3.225296e-01	7.773751e-01	5.463432e-01	3.665516e-01	7.496294e-01	4.989413e-01	4.963203e-01	4.827537e-01	4.845053e-01	5.015822e-01	4.663326e-01	4.819280e-01	4.816525e-01	4.967234e-01	5.323454e-01	0.000000e+00	1	6.872106e-02
8.745429e-01	3.988360e-01	3.280223e-01	2.093665e-01	2.723933e-01	4.996554e-01	4.020844e-01	5.040814e-01	4.675430e-01	5.070001e-01	4.479937e-01	5.228925e-01	5.262381e-01	5.133564e-01	4.713176e-01	0.000000e+00	1	6.847596e-02
7.830031e-01	2.253340e-01	6.248707e-01	4.165027e-01	1.783873e-01	5.005617e-01	5.042517e-01	5.033880e-01	5.054001e-01	5.147579e-01	4.503005e-01	4.958769e-01	4.964599e-01	4.971182e-01	6.549914e-01	0.000000e+00	1	6.823239e-02
5.555904e-01	1.089852e-01	8.723628e-01	6.335080e-01	1.233143e-01	4.837653e-01	4.949863e-01	4.912838e-01	6.817616e-01	5.020184e-01	4.952855e-01	5.223468e-01	5.005280e-01	4.838843e-01	4.238389e-01	0.000000e+00	1	6.735244e-02
6.177512e-01	6.415455e-01	4.730433e-01	3.108292e-01	5.120275e-01	5.037963e-01	5.281544e-01	4.984233e-01	4.804709e-01	5.234707e-01	4.876471e-01	5.564030e-01	4.656443e-01	4.877723e-01	4.548079e-01	0.000000e+00	1	6.724127e-02
8.959297e-01	1.175947e-01	5.242240e-01	3.346644e-01	8.308420e-02	4.875548e-01	4.823888e-01	4.904204e-01	6.817616e-01	5.027444e-01	5.601545e-01	5.136995e-01	5.457201e-01	4.857553e-01	4.295301e-01	0.000000e+00	1	6.639479e-02
4.735365e-02	9.593867e-01	3.083348e-01	1.977384e-01	9.686030e-01	5.065593e-01	5.359081e-01	4.726380e-01	4.955373e-01	4.800296e-01	5.104278e-01	5.788191e-01	4.983389e-01	4.977557e-01	4.998855e-01	0.000000e+00	1	6.523545e-02
5.122408e-01	7.623708e-01	4.060163e-01	2.649779e-01	6.233628e-01	5.001740e-01	4.803887e-01	4.961163e-01	5.071430e-01	4.892241e-01	5.104733e-01	5.111997e-01	5.034531e-01	5.333007e-01	4.521167e-01	0.000000e+00	1	6.472832e-02
9.683880e-01	3.896468e-01	9.543734e-03	5.820400e-03	2.435355e-01	5.012134e-01	5.008938e-01	4.955341e-01	2.915483e-01	5.010353e-01	5.001570e-01	5.014749e-01	4.798738e-01	4.998562e-01	5.001292e-01	0.000000e+00	1	6.401357e-02
3.737374e-01	8.464103e-01	3.970520e-01	2.580618e-01	7.352874e-01	5.059349e-01	4.860528e-01	5.495739e-01	5.484709e-01	4.982488e-01	4.962568e-01	4.998584e-01	5.008015e-01	5.164147e-01	5.390221e-01	0.000000e+00	1	6.366741e-02
8.048408e-01	1.490380e-01	6.623857e-01	4.331258e-01	1.165669e-01	5.101616e-01	4.609504e-01	5.060505e-01	2.818866e-01	5.000694e-01	4.485905e-01	5.029906e-01	5.162769e-01	5.279913e-01	5.051720e-01	0.000000e+00	1	6.340690e-02
