2.610005e-30	1.615557e-15	1.000008e+00	1.000000e+00	1.000000e+00	5.012134e-01	5.008938e-01	5.002385e-01	4.995208e-01	5.011216e-01	5.000461e-01	5.011119e-01	4.983328e-01	4.998586e-01	4.999774e-01	0.000000e+00	1	1.000000e+14
1.002827e+00	1.742912e-05	4.372161e-17	2.775558e-17	1.106445e-05	4.978971e-01	5.303588e-01	4.972594e-01	5.182884e-01	4.976115e-01	5.059991e-01	5.215638e-01	4.994223e-01	5.324080e-01	4.987079e-01	0.000000e+00	1	1.000000e+14
3.338109e-04	1.000231e+00	4.360843e-17	2.775558e-17	9.997875e-01	4.987068e-01	4.997139e-01	4.996715e-01	5.018937e-01	4.998251e-01	4.985660e-01	5.017920e-01	4.853477e-01	4.998501e-01	5.023874e-01	0.000000e+00	1	1.000000e+14
7.930595e-02	9.968582e-01	4.359870e-17	2.775558e-17	9.494596e-01	5.012134e-01	5.008938e-01	5.002738e-01	4.997202e-01	5.011072e-01	5.001570e-01	5.016421e-01	4.987984e-01	4.998562e-01	5.001292e-01	0.000000e+00	1	1.000000e+14
6.514836e-16	1.505964e-15	1.015658e+00	1.000000e+00	7.400730e-01	5.598518e-01	5.011699e-01	5.011495e-01	5.505644e-01	5.111041e-01	4.452053e-01	5.013418e-01	5.152640e-01	4.299816e-01	5.353967e-01	0.000000e+00	1	1.000000e+14
1.615609e-15	3.396789e-32	1.000040e+00	1.000000e+00	1.338481e-17	4.987276e-01	5.017066e-01	5.025485e-01	5.022615e-01	4.994282e-01	5.040878e-01	5.014302e-01	5.022068e-01	4.999308e-01	4.998127e-01	0.000000e+00	1	1.000000e+14
8.158281e-01	6.393326e-02	6.070169e-01	4.063014e-01	4.978765e-02	6.132063e-01	5.303588e-01	4.946793e-01	5.182884e-01	4.976115e-01	5.059078e-01	4.780947e-01	5.492356e-01	5.429122e-01	4.987079e-01	0.000000e+00	1	1.421291e-01
4.240569e-01	7.079711e-01	5.695783e-01	3.845868e-01	6.564383e-01	5.043331e-01	5.250826e-01	5.017939e-01	4.859211e-01	5.014585e-01	5.117301e-01	4.791993e-01	4.929011e-01	4.879996e-01	4.666311e-01	0.000000e+00	1	1.270777e-01
2.217195e-01	9.782494e-01	4.214009e-02	2.672963e-02	8.581079e-01	5.033190e-01	5.017066e-01	4.979381e-01	5.022615e-01	5.139960e-01	4.407876e-01	5.014302e-01	4.854433e-01	5.011683e-01	4.977147e-01	0.000000e+00	1	1.239483e-01
6.658064e-01	5.855300e-01	4.709353e-01	3.108292e-01	4.592151e-01	5.037963e-01	5.026625e-01	4.987644e-01	5.224856e-01	5.245946e-01	4.876471e-01	5.303969e-01	4.656443e-01	4.877723e-01	4.796519e-01	0.000000e+00	1	1.174031e-01
6.260374e-01	5.688216e-01	6.465637e-01	4.154863e-01	4.695388e-01	5.036664e-01	5.057419e-01	5.033329e-01	4.793207e-01	5.158103e-01	4.799745e-01	4.826468e-01	4.926697e-01	4.971182e-01	7.513409e-01	0.000000e+00	1	1.150903e-01
4.665881e-01	1.057051e-01	8.822765e-01	6.836818e-01	1.418315e-01	4.523923e-01	5.031695e-01	4.950816e-01	5.018937e-01	5.078505e-01	4.985660e-01	4.862058e-01	5.253868e-01	4.998501e-01	4.791301e-01	0.000000e+00	1	1.141293e-01
2.487547e-01	3.281596e-01	9.189075e-01	7.317959e-01	5.870755e-01	5.396010e-01	5.062019e-01	4.719827e-01	5.171748e-01	5.340203e-01	4.848569e-01	5.213793e-01	5.457201e-01	4.857916e-01	4.884894e-01	0.000000e+00	1	1.126933e-01
7.192888e-01	6.756728e-01	2.054504e-01	1.306677e-01	4.801014e-01	5.326438e-01	5.305993e-01	5.229742e-01	4.821094e-01	5.078468e-01	5.314868e-01	5.015089e-01	4.358764e-01	4.979219e-01	5.025487e-01	0.000000e+00	1	1.104742e-01
9.886145e-01	1.345077e-01	1.031535e-01	6.558638e-02	8.608782e-02	4.922792e-01	5.015897e-01	4.733393e-01	5.017052e-01	5.274416e-01	4.974778e-01	5.017920e-01	4.853477e-01	5.038501e-01	4.643184e-01	0.000000e+00	1	1.050290e-01
3.401870e-01	7.854911e-01	5.294954e-01	3.526654e-01	7.398126e-01	5.043331e-01	5.263269e-01	5.012881e-01	4.825875e-01	5.025676e-01	5.315331e-01	4.784050e-01	4.385525e-01	4.879996e-01	5.109236e-01	0.000000e+00	1	1.024071e-01
6.315660e-01	2.958348e-01	7.255872e-01	5.126000e-01	2.788787e-01	5.042556e-01	4.685415e-01	5.028717e-01	5.054993e-01	4.874533e-01	4.407664e-01	4.890280e-01	4.663104e-01	5.196333e-01	5.078517e-01	0.000000e+00	1	1.016469e-01
3.484967e-01	9.390119e-01	7.670133e-02	4.865684e-02	7.737615e-01	5.012134e-01	5.008938e-01	4.630067e-01	5.023769e-01	5.013292e-01	5.560867e-01	5.011119e-01	4.983328e-01	4.998586e-01	4.999774e-01	0.000000e+00	1	1.002134e-01
5.033654e-01	8.403780e-01	2.454918e-01	1.563205e-01	6.564383e-01	5.040094e-01	5.680765e-01	5.053751e-01	5.215001e-01	5.025387e-01	5.116997e-01	4.747258e-01	4.928056e-01	5.625644e-01	4.993936e-01	0.000000e+00	1	9.846912e-02
3.706768e-01	9.058687e-01	2.838206e-01	1.796762e-01	7.527319e-01	4.967103e-01	5.055499e-01	5.050993e-01	5.505644e-01	4.091319e-01	4.452053e-01	5.091010e-01	5.031607e-01	4.371377e-01	5.341492e-01	0.000000e+00	1	9.735033e-02
1.507390e-01	9.742309e-01	1.930537e-01	1.231112e-01	9.022732e-01	5.035058e-01	5.042278e-01	5.229742e-01	5.116358e-01	5.076183e-01	5.009477e-01	5.015089e-01	4.384580e-01	4.996821e-01	5.025487e-01	0.000000e+00	1	9.303262e-02
5.097439e-01	2.292314e-01	8.326343e-01	6.236453e-01	2.690379e-01	5.001469e-01	5.290792e-01	5.000808e-01	4.825051e-01	4.980850e-01	5.000644e-01	5.118181e-01	5.000671e-01	4.993679e-01	4.608407e-01	0.000000e+00	1	9.248233e-02
9.784550e-01	2.141519e-01	1.492370e-01	9.416120e-02	1.371723e-01	4.904932e-01	4.985189e-01	5.351879e-01	5.200491e-01	5.191671e-01	5.006122e-01	4.960562e-01	4.990194e-01	5.652650e-01	4.206484e-01	0.000000e+00	1	9.188354e-02
6.028478e-01	2.465258e-02	8.004440e-01	5.888007e-01	2.601913e-02	4.824679e-01	5.011760e-01	5.023416e-01	5.172999e-01	4.872099e-01	5.094649e-01	4.982873e-01	5.387052e-01	4.994088e-01	5.009954e-01	0.000000e+00	1	9.118529e-02
1.783434e-01	4.040353e-02	9.853810e-01	8.831876e-01	1.418315e-01	4.631607e-01	5.053022e-01	4.950816e-01	5.018937e-01	4.997722e-01	4.985660e-01	4.881876e-01	5.253868e-01	4.998501e-01	5.023874e-01	0.000000e+00	1	8.980508e-02
1.128245e-01	4.837823e-01	8.902891e-01	6.759925e-01	8.541389e-01	5.088729e-01	4.852778e-01	4.948998e-01	5.399453e-01	4.587338e-01	4.491239e-01	5.550887e-01	4.161998e-01	5.567879e-01	5.037369e-01	0.000000e+00	1	8.976378e-02
2.661395e-01	3.510938e-01	9.071977e-01	7.121921e-01	5.870755e-01	5.396010e-01	5.062019e-01	4.911952e-01	5.164944e-01	4.885509e-01	5.606446e-01	5.213793e-01	5.457201e-01	4.857916e-01	4.987008e-01	0.000000e+00	1	8.693291e-02
2.059438e-02	8.124627e-01	5.959327e-01	4.027875e-01	9.838664e-01	5.312080e-01	5.022921e-01	5.046683e-01	4.995880e-01	5.040701e-01	4.492503e-01	4.754281e-01	4.702685e-01	4.489373e-01	4.895617e-01	0.000000e+00	1	8.677087e-02
4.018874e-02	6.444879e-01	7.746575e-01	5.576228e-01	9.603532e-01	4.815503e-01	5.011760e-01	5.021591e-01	5.176178e-01	4.881525e-01	5.094649e-01	4.218325e-01	5.387052e-01	4.994088e-01	5.023391e-01	0.000000e+00	1	8.582960e-02
1.851888e-01	2.443029e-01	9.573518e-01	8.027121e-01	5.870755e-01	5.396010e-01	5.062115e-01	5.260874e-01	5.295445e-01	5.420871e-01	4.969671e-01	5.155799e-01	4.929584e-01	4.985443e-01	4.987008e-01	0.000000e+00	1	8.509820e-02
7.757011e-01	3.513268e-01	5.400568e-01	3.598106e-01	2.707388e-01	5.052860e-01	5.008602e-01	5.004739e-01	4.655248e-01	5.022847e-01	5.032894e-01	4.993062e-01	4.167541e-01	5.045677e-01	4.864972e-01	0.000000e+00	1	8.258365e-02
6.325591e-01	8.291338e-01	3.024089e-01	1.796762e-01	5.851047e-01	4.967103e-01	5.055499e-01	5.050993e-01	7.740367e-01	4.140717e-01	4.452053e-01	5.091010e-01	5.031607e-01	4.862140e-01	5.023700e-01	0.000000e+00	1	8.207067e-02
6.805378e-01	1.659992e-01	7.359144e-01	5.156967e-01	1.523123e-01	5.042556e-01	3.920800e-01	5.003349e-01	5.060373e-01	4.874533e-01	4.405114e-01	4.890280e-01	4.965987e-01	5.196333e-01	5.092506e-01	0.000000e+00	1	8.123224e-02
8.983922e-02	5.321636e-01	8.544375e-01	6.413557e-01	8.935305e-01	4.951146e-01	5.394264e-01	4.916935e-01	5.061378e-01	5.091153e-01	4.617456e-01	5.220065e-01	4.737875e-01	4.278436e-01	5.316331e-01	0.000000e+00	1	8.081911e-02
2.017698e-01	6.169680e-01	7.712358e-01	5.545980e-01	7.987830e-01	4.889887e-01	4.597179e-01	4.987834e-01	5.171279e-01	5.323523e-01	5.606778e-01	4.932653e-01	5.300445e-01	5.035075e-01	4.820357e-01	0.000000e+00	1	8.036190e-02
1.395124e-01	9.016729e-01	4.405203e-01	2.863543e-01	9.022732e-01	5.035058e-01	5.042182e-01	5.011323e-01	5.116358e-01	5.060210e-01	6.033035e-01	4.998396e-01	5.461422e-01	4.869295e-01	5.025487e-01	0.000000e+00	1	8.006848e-02
7.420257e-01	1.835396e-01	6.530131e-01	4.500790e-01	1.543691e-01	5.042556e-01	4.685415e-01	5.003349e-01	5.060104e-01	4.874533e-01	4.405114e-01	4.890280e-01	4.965987e-01	5.196333e-01	5.092506e-01	0.000000e+00	1	7.896079e-02
2.898597e-01	8.784719e-01	3.836934e-01	2.503066e-01	7.971026e-01	5.017912e-01	5.008951e-01	5.002689e-01	5.125657e-01	5.127974e-01	4.973369e-01	5.101466e-01	4.710601e-01	5.085496e-01	4.886611e-01	0.000000e+00	1	7.703891e-02
6.729573e-01	2.568561e-01	7.536631e-01	5.144029e-01	2.321221e-01	5.193193e-01	5.018334e-01	5.510560e-01	4.653014e-01	5.023082e-01	3.500480e-01	3.816520e-01	5.416480e-01	5.098639e-01	5.026312e-01	0.000000e+00	1	7.517357e-02
7.821186e-01	3.542334e-01	5.288280e-01	3.514417e-01	2.707388e-01	5.034975e-01	5.044534e-01	5.071393e-01	4.623643e-01	5.089325e-01	4.488296e-01	4.993062e-01	4.368464e-01	5.045677e-01	4.864972e-01	0.000000e+00	1	7.444763e-02
1.165182e-01	4.996207e-01	8.701783e-01	6.608649e-01	8.541389e-01	4.839778e-01	5.282134e-01	4.918325e-01	5.407373e-01	4.850319e-01	4.617456e-01	5.215217e-01	4.985228e-01	4.278436e-01	5.037369e-01	0.000000e+00	1	7.427642e-02
4.536142e-01	7.381213e-01	5.037537e-01	3.352904e-01	6.491899e-01	5.043331e-01	5.033955e-01	5.011190e-01	4.970983e-01	5.025387e-01	5.116997e-01	4.742010e-01	4.928056e-01	4.879996e-01	4.663653e-01	0.000000e+00	1	7.385315e-02
9.172614e-01	4.084430e-01	1.246723e-01	7.864318e-02	2.666967e-01	4.523826e-01	5.668283e-01	5.046683e-01	5.332818e-01	5.024019e-01	4.492503e-01	4.754281e-01	4.729253e-01	5.032015e-01	5.027882e-01	0.000000e+00	1	7.350445e-02
2.844730e-01	8.530743e-01	4.875920e-01	3.163035e-01	7.950901e-01	4.600534e-01	4.986263e-01	4.609353e-01	6.025322e-01	5.202381e-01	5.144739e-01	4.951920e-01	4.990194e-01	4.964786e-01	5.929954e-01	0.000000e+00	1	7.082291e-02
3.117817e-01	9.349673e-01	2.159151e-01	1.372976e-01	7.950901e-01	4.597297e-01	4.986263e-01	4.647983e-01	5.200491e-01	5.202381e-01	5.144739e-01	4.951920e-01	4.990194e-01	5.710434e-01	4.993555e-01	0.000000e+00	1	6.988979e-02
9.045781e-01	4.308899e-01	1.920635e-02	1.220170e-02	2.830054e-01	5.012134e-01	5.299815e-01	4.960342e-01	5.014027e-01	4.974992e-01	5.173822e-01	5.017397e-01	4.983328e-01	5.301983e-01	4.986814e-01	0.000000e+00	1	6.807868e-02
5.541706e-01	7.536489e-01	3.547230e-01	2.307386e-01	5.963593e-01	5.061038e-01	5.017066e-01	5.016412e-01	5.031971e-01	4.994282e-01	5.040878e-01	5.018058e-01	4.844121e-01	4.880188e-01	4.998127e-01	0.000000e+00	1	6.806524e-02
5.435321e-01	7.391810e-01	4.075328e-01	2.661066e-01	5.963593e-01	4.858459e-01	5.017066e-01	4.799882e-01	5.031971e-01	4.994282e-01	4.458014e-01	5.018058e-01	4.844121e-01	4.880188e-01	4.998127e-01	0.000000e+00	1	6.767153e-02
8.309891e-01	3.763676e-01	4.193180e-01	2.742895e-01	2.707388e-01	5.052860e-01	4.808979e-01	4.948110e-01	5.242204e-01	4.871972e-01	4.488296e-01	4.993062e-01	5.044219e-01	5.035298e-01	4.864972e-01	0.000000e+00	1	6.717755e-02
6.804084e-01	3.680375e-01	6.841448e-01	4.609956e-01	3.156584e-01	4.140631e-01	5.030989e-01	5.511886e-01	4.995880e-01	5.040701e-01	4.492503e-01	4.959341e-01	4.702685e-01	4.489373e-01	6.287669e-01	0.000000e+00	1	6.648134e-02
4.106956e-01	9.120320e-01	1.958762e-01	1.231112e-01	7.306396e-01	5.035058e-01	6.210371e-01	5.229742e-01	5.133132e-01	4.959406e-01	5.292126e-01	5.013434e-01	4.945958e-01	4.455882e-01	5.025487e-01	0.000000e+00	1	6.568374e-02
4.861373e-01	8.946588e-01	1.287979e-01	8.010370e-02	6.831261e-01	4.152903e-01	4.109702e-01	4.741117e-01	5.205602e-01	5.202381e-01	4.305867e-01	4.951920e-01	4.989225e-01	5.698059e-01	5.001974e-01	0.000000e+00	1	6.545458e-02
9.435968e-01	3.011992e-02	3.305672e-01	2.144180e-01	2.031422e-02	4.987276e-01	5.017066e-01	5.025485e-01	5.022615e-01	4.994282e-01	5.040878e-01	5.014302e-01	4.844121e-01	4.996060e-01	4.998127e-01	0.000000e+00	1	6.540278e-02
8.355886e-01	4.211838e-01	3.678851e-01	2.384697e-01	2.972298e-01	5.055381e-01	5.297416e-01	4.673762e-01	5.257547e-01	4.967130e-01	4.488296e-01	4.993062e-01	5.013913e-01	5.000850e-01	4.864972e-01	0.000000e+00	1	6.446125e-02
5.493725e-01	6.034562e-01	5.832078e-01	3.950186e-01	5.298445e-01	5.043331e-01	5.297600e-01	5.007347e-01	4.853853e-01	5.025676e-01	5.116997e-01	4.784050e-01	4.928056e-01	5.338577e-01	5.109236e-01	0.000000e+00	1	6.380917e-02
5.818327e-01	3.989912e-02	8.222167e-01	6.072432e-01	4.358790e-02	5.549639e-01	4.651188e-01	4.964358e-01	4.929407e-01	4.892688e-01	5.000889e-01	4.999377e-01	5.038811e-01	5.344661e-01	4.507051e-01	0.000000e+00	1	6.345860e-02
