2.610005e-30	1.615557e-15	1.000008e+00	1.000000e+00	1.000000e+00	5.012134e-01	5.008938e-01	5.002385e-01	4.995208e-01	5.011216e-01	5.000461e-01	5.011119e-01	4.983328e-01	4.998586e-01	4.999774e-01	0.000000e+00	1	1.000000e+14
1.002827e+00	1.742912e-05	4.372161e-17	2.775558e-17	1.106445e-05	4.978971e-01	5.303588e-01	4.972594e-01	5.182884e-01	4.976115e-01	5.059991e-01	5.215638e-01	4.994223e-01	5.324080e-01	4.987079e-01	0.000000e+00	1	1.000000e+14
3.875959e-16	1.609881e-15	1.024969e+00	1.000000e+00	8.495897e-01	5.639973e-01	4.852739e-01	5.011495e-01	5.505644e-01	4.580645e-01	4.452053e-01	5.622432e-01	4.249539e-01	4.383684e-01	5.057264e-01	0.000000e+00	1	1.000000e+14
3.338109e-04	1.000231e+00	4.360843e-17	2.775558e-17	9.997875e-01	4.987068e-01	4.997139e-01	4.996715e-01	5.018937e-01	4.998251e-01	4.985660e-01	5.017920e-01	4.853477e-01	4.998501e-01	5.023874e-01	0.000000e+00	1	1.000000e+14
7.930595e-02	9.968582e-01	4.359870e-17	2.775558e-17	9.494596e-01	5.012134e-01	5.008938e-01	5.002738e-01	4.997202e-01	5.011072e-01	5.001570e-01	5.016421e-01	4.987984e-01	4.998562e-01	5.001292e-01	0.000000e+00	1	1.000000e+14
1.615609e-15	3.396789e-32	1.000040e+00	1.000000e+00	1.338481e-17	4.987276e-01	5.017066e-01	5.025485e-01	5.022615e-01	4.994282e-01	5.040878e-01	5.014302e-01	5.022068e-01	4.999308e-01	4.998127e-01	0.000000e+00	1	1.000000e+14
9.823842e-01	1.336600e-01	1.673978e-01	1.064850e-01	8.608782e-02	4.913957e-01	4.999278e-01	4.644303e-01	5.017052e-01	4.870910e-01	4.417344e-01	5.017920e-01	4.853477e-01	5.177149e-01	5.057015e-01	0.000000e+00	1	1.633557e-01
9.172614e-01	4.084430e-01	1.246723e-01	7.864318e-02	2.666967e-01	4.523826e-01	5.668283e-01	5.046683e-01	5.332818e-01	5.024019e-01	4.492503e-01	4.754281e-01	4.729253e-01	5.032015e-01	5.027882e-01	0.000000e+00	1	1.573458e-01
7.757011e-01	3.513268e-01	5.400568e-01	3.598106e-01	2.707388e-01	5.052860e-01	5.008602e-01	5.004739e-01	4.655248e-01	5.022847e-01	5.032894e-01	4.993062e-01	4.167541e-01	5.045677e-01	4.864972e-01	0.000000e+00	1	1.561007e-01
3.484967e-01	9.390119e-01	7.670133e-02	4.865684e-02	7.737615e-01	5.012134e-01	5.008938e-01	4.630067e-01	5.023769e-01	5.013292e-01	5.560867e-01	5.011119e-01	4.983328e-01	4.998586e-01	4.999774e-01	0.000000e+00	1	1.340270e-01
7.192888e-01	6.756728e-01	2.054504e-01	1.306677e-01	4.801014e-01	5.326438e-01	5.305993e-01	5.229742e-01	4.821094e-01	5.078468e-01	5.314868e-01	5.015089e-01	4.358764e-01	4.979219e-01	5.025487e-01	0.000000e+00	1	1.233781e-01
4.018874e-02	6.444879e-01	7.746575e-01	5.576228e-01	9.603532e-01	4.815503e-01	5.011760e-01	5.021591e-01	5.176178e-01	4.881525e-01	5.094649e-01	4.218325e-01	5.387052e-01	4.994088e-01	5.023391e-01	0.000000e+00	1	1.187227e-01
1.395124e-01	9.016729e-01	4.405203e-01	2.863543e-01	9.022732e-01	5.035058e-01	5.042182e-01	5.011323e-01	5.116358e-01	5.060210e-01	6.033035e-01	4.998396e-01	5.461422e-01	4.869295e-01	5.025487e-01	0.000000e+00	1	1.187119e-01
4.255102e-01	7.103973e-01	5.667665e-01	3.820995e-01	6.564383e-01	5.043331e-01	5.250826e-01	5.017694e-01	5.365960e-01	5.014712e-01	5.119466e-01	5.052826e-01	4.931296e-01	4.879996e-01	4.666311e-01	0.000000e+00	1	1.155253e-01
4.852249e-01	8.100922e-01	3.974597e-01	2.536282e-01	6.564383e-01	5.040223e-01	4.670317e-01	5.053751e-01	5.196802e-01	5.025387e-01	4.514756e-01	4.747258e-01	4.666807e-01	5.625644e-01	6.224289e-01	0.000000e+00	1	1.138620e-01
1.708550e-01	7.510941e-01	6.398959e-01	4.413047e-01	8.576080e-01	5.033180e-01	5.017066e-01	4.877495e-01	5.068841e-01	5.140949e-01	4.830171e-01	5.014302e-01	4.854433e-01	4.974157e-01	5.219124e-01	0.000000e+00	1	1.128331e-01
4.536142e-01	7.381213e-01	5.037537e-01	3.352904e-01	6.491899e-01	5.043331e-01	5.033955e-01	5.011190e-01	4.970983e-01	5.025387e-01	5.116997e-01	4.742010e-01	4.928056e-01	4.879996e-01	4.663653e-01	0.000000e+00	1	1.098622e-01
3.977410e-01	9.183833e-01	4.250027e-02	2.701831e-02	7.398126e-01	5.043331e-01	5.000385e-01	5.002939e-01	5.118365e-01	5.025676e-01	5.283148e-01	4.785429e-01	4.933483e-01	4.879996e-01	5.099294e-01	0.000000e+00	1	1.080539e-01
8.087658e-01	4.927166e-02	5.896081e-01	4.004708e-01	3.873629e-02	5.170832e-01	4.981303e-01	4.996656e-01	5.185852e-01	4.976178e-01	5.056486e-01	4.780947e-01	5.282671e-01	5.106612e-01	5.032665e-01	0.000000e+00	1	1.042074e-01
7.040990e-01	6.192057e-01	3.534351e-01	2.294829e-01	4.592151e-01	5.037963e-01	5.028740e-01	4.987644e-01	5.035522e-01	4.987732e-01	4.928409e-01	5.293709e-01	4.854484e-01	4.880200e-01	4.729055e-01	0.000000e+00	1	1.036955e-01
2.898597e-01	8.784719e-01	3.836934e-01	2.503066e-01	7.971026e-01	5.017912e-01	5.008951e-01	5.002689e-01	5.125657e-01	5.127974e-01	4.973369e-01	5.101466e-01	4.710601e-01	5.085496e-01	4.886611e-01	0.000000e+00	1	1.010555e-01
2.487547e-01	3.281596e-01	9.189075e-01	7.317959e-01	5.870755e-01	5.396010e-01	5.062019e-01	4.719827e-01	5.171748e-01	5.340203e-01	4.848569e-01	5.213793e-01	5.457201e-01	4.857916e-01	4.884894e-01	0.000000e+00	1	9.903923e-02
8.545379e-01	6.696680e-02	5.591358e-01	3.679662e-01	4.978765e-02	6.377770e-01	4.998868e-01	4.946793e-01	5.061478e-01	4.977400e-01	4.930111e-01	5.011328e-01	5.492356e-01	5.429122e-01	5.057420e-01	0.000000e+00	1	9.597250e-02
1.940586e-02	4.776179e-01	8.845706e-01	6.845968e-01	9.741480e-01	4.970287e-01	5.600447e-01	5.020533e-01	4.825051e-01	4.980850e-01	5.117586e-01	5.085520e-01	5.000671e-01	4.993679e-01	4.635944e-01	0.000000e+00	1	9.589119e-02
3.239269e-01	7.874803e-01	5.267169e-01	3.526654e-01	7.515597e-01	5.043331e-01	4.950957e-01	5.001646e-01	4.930624e-01	4.985398e-01	5.135226e-01	4.736794e-01	4.890927e-01	5.058753e-01	5.109236e-01	0.000000e+00	1	9.497031e-02
1.165182e-01	4.996207e-01	8.701783e-01	6.608649e-01	8.541389e-01	4.839778e-01	5.282134e-01	4.918325e-01	5.407373e-01	4.850319e-01	4.617456e-01	5.215217e-01	4.985228e-01	4.278436e-01	5.037369e-01	0.000000e+00	1	9.116197e-02
5.493725e-01	6.034562e-01	5.832078e-01	3.950186e-01	5.298445e-01	5.043331e-01	5.297600e-01	5.007347e-01	4.853853e-01	5.025676e-01	5.116997e-01	4.784050e-01	4.928056e-01	5.338577e-01	5.109236e-01	0.000000e+00	1	9.064065e-02
7.420257e-01	1.835396e-01	6.530131e-01	4.500790e-01	1.543691e-01	5.042556e-01	4.685415e-01	5.003349e-01	5.060104e-01	4.874533e-01	4.405114e-01	4.890280e-01	4.965987e-01	5.196333e-01	5.092506e-01	0.000000e+00	1	8.758321e-02
6.829679e-02	8.584755e-01	5.165092e-01	3.439311e-01	9.494596e-01	5.012134e-01	5.271822e-01	5.012679e-01	4.823785e-01	5.011072e-01	5.033752e-01	5.015042e-01	4.440026e-01	4.998562e-01	5.011234e-01	0.000000e+00	1	8.680250e-02
5.033654e-01	8.403780e-01	2.454918e-01	1.563205e-01	6.564383e-01	5.040094e-01	5.680765e-01	5.053751e-01	5.215001e-01	5.025387e-01	5.116997e-01	4.747258e-01	4.928056e-01	5.625644e-01	4.993936e-01	0.000000e+00	1	8.432624e-02
6.407848e-01	3.110560e-01	7.096694e-01	4.988255e-01	2.877035e-01	5.040474e-01	5.394264e-01	4.916935e-01	5.061378e-01	4.907301e-01	4.617456e-01	5.220065e-01	4.737875e-01	5.090530e-01	5.316331e-01	0.000000e+00	1	8.302292e-02
2.017698e-01	6.169680e-01	7.712358e-01	5.545980e-01	7.987830e-01	4.889887e-01	4.597179e-01	4.987834e-01	5.171279e-01	5.323523e-01	5.606778e-01	4.932653e-01	5.300445e-01	5.035075e-01	4.820357e-01	0.000000e+00	1	8.290783e-02
5.097439e-01	2.292314e-01	8.326343e-01	6.236453e-01	2.690379e-01	5.001469e-01	5.290792e-01	5.000808e-01	4.825051e-01	4.980850e-01	5.000644e-01	5.118181e-01	5.000671e-01	4.993679e-01	4.608407e-01	0.000000e+00	1	8.050251e-02
9.045781e-01	4.308899e-01	1.920635e-02	1.220170e-02	2.830054e-01	5.012134e-01	5.299815e-01	4.960342e-01	5.014027e-01	4.974992e-01	5.173822e-01	5.017397e-01	4.983328e-01	5.301983e-01	4.986814e-01	0.000000e+00	1	7.908098e-02
2.641774e-01	4.410492e-01	8.674905e-01	6.594118e-01	6.564383e-01	4.548695e-01	5.680765e-01	5.053751e-01	5.023093e-01	5.105356e-01	5.116997e-01	4.747258e-01	5.281729e-01	5.023649e-01	4.993936e-01	0.000000e+00	1	7.735863e-02
8.411210e-01	1.193419e-02	6.121226e-01	4.004708e-01	9.032029e-03	5.170832e-01	4.981303e-01	4.999897e-01	5.185852e-01	4.976115e-01	5.056486e-01	4.780947e-01	5.285736e-01	3.044238e-01	5.110433e-01	0.000000e+00	1	7.552541e-02
3.117817e-01	9.349673e-01	2.159151e-01	1.372976e-01	7.950901e-01	4.597297e-01	4.986263e-01	4.647983e-01	5.200491e-01	5.202381e-01	5.144739e-01	4.951920e-01	4.990194e-01	5.710434e-01	4.993555e-01	0.000000e+00	1	7.458547e-02
6.805378e-01	1.659992e-01	7.359144e-01	5.156967e-01	1.523123e-01	5.042556e-01	3.920800e-01	5.003349e-01	5.060373e-01	4.874533e-01	4.405114e-01	4.890280e-01	4.965987e-01	5.196333e-01	5.092506e-01	0.000000e+00	1	7.244990e-02
9.128950e-01	4.134640e-01	1.011769e-01	6.405518e-02	2.707388e-01	4.977708e-01	5.008602e-01	5.004739e-01	4.655248e-01	5.022847e-01	5.033976e-01	5.232617e-01	4.259619e-01	5.044038e-01	4.981213e-01	0.000000e+00	1	7.197614e-02
6.315660e-01	2.958348e-01	7.255872e-01	5.126000e-01	2.788787e-01	5.042556e-01	4.685415e-01	5.028717e-01	5.054993e-01	4.874533e-01	4.407664e-01	4.890280e-01	4.663104e-01	5.196333e-01	5.078517e-01	0.000000e+00	1	7.191616e-02
3.781725e-01	5.590647e-01	7.413169e-01	5.298069e-01	6.213788e-01	4.824679e-01	5.011760e-01	5.023416e-01	5.172978e-01	4.882589e-01	5.093319e-01	4.959911e-01	5.391997e-01	4.994088e-01	4.871700e-01	0.000000e+00	1	7.148388e-02
6.842411e-01	5.771474e-01	4.531852e-01	2.983525e-01	4.460794e-01	4.978971e-01	5.303588e-01	4.986943e-01	5.182884e-01	5.225698e-01	5.059991e-01	5.215638e-01	5.009005e-01	5.324080e-01	4.987079e-01	0.000000e+00	1	7.143694e-02
9.822493e-02	5.188484e-01	8.775166e-01	6.551298e-01	8.808890e-01	4.953228e-01	4.685415e-01	5.028717e-01	5.168368e-01	5.058385e-01	3.665130e-01	5.027454e-01	4.663104e-01	4.384239e-01	5.078517e-01	0.000000e+00	1	7.061348e-02
5.383975e-01	7.017889e-01	6.561171e-01	4.063014e-01	5.833928e-01	6.132063e-01	5.303588e-01	4.952026e-01	7.886761e-01	4.976115e-01	5.049739e-01	4.780947e-01	5.492356e-01	5.356479e-01	4.979999e-01	0.000000e+00	1	6.939975e-02
7.341953e-01	2.080685e-01	6.563097e-01	4.521898e-01	1.758062e-01	5.042556e-01	4.685415e-01	5.003349e-01	5.060104e-01	5.364280e-01	4.405114e-01	4.890280e-01	4.959566e-01	5.196333e-01	5.092506e-01	0.000000e+00	1	6.935259e-02
8.860867e-01	1.540018e-05	4.690544e-01	3.099415e-01	1.106445e-05	5.054123e-01	5.303588e-01	4.972594e-01	5.182884e-01	4.976115e-01	5.058909e-01	4.976083e-01	5.032745e-01	5.325719e-01	4.870838e-01	0.000000e+00	1	6.723424e-02
2.014331e-01	9.660371e-01	2.152196e-01	1.367032e-01	8.691305e-01	4.597297e-01	4.917910e-01	4.647983e-01	5.200491e-01	5.235106e-01	4.490974e-01	4.951920e-01	4.990194e-01	5.115885e-01	4.418733e-01	0.000000e+00	1	6.686334e-02
9.662094e-01	9.141913e-02	2.814283e-01	1.796762e-01	6.005580e-02	4.967103e-01	5.055499e-01	5.045760e-01	5.035759e-01	4.140717e-01	4.461392e-01	5.091010e-01	5.031607e-01	4.934783e-01	5.030780e-01	0.000000e+00	1	6.680410e-02
3.248304e-01	1.175907e-02	9.528997e-01	7.907223e-01	2.303598e-02	5.396010e-01	5.062019e-01	4.719827e-01	5.171769e-01	5.329714e-01	4.849898e-01	5.236755e-01	5.452256e-01	4.857916e-01	5.023147e-01	0.000000e+00	1	6.637266e-02
9.487770e-01	7.435195e-02	3.283686e-01	2.115158e-01	4.978765e-02	4.926478e-01	5.380919e-01	5.018547e-01	5.182884e-01	4.994714e-01	5.060300e-01	4.770777e-01	5.492356e-01	5.437498e-01	4.998050e-01	0.000000e+00	1	6.293498e-02
1.535761e-01	9.888096e-01	4.362734e-17	2.775558e-17	9.019077e-01	4.834485e-01	4.850008e-01	5.006114e-01	4.997202e-01	4.891231e-01	5.001570e-01	5.016421e-01	4.987984e-01	5.065504e-01	5.001292e-01	0.000000e+00	1	6.206826e-02
1.851888e-01	2.443029e-01	9.573518e-01	8.027121e-01	5.870755e-01	5.396010e-01	5.062115e-01	5.260874e-01	5.295445e-01	5.420871e-01	4.969671e-01	5.155799e-01	4.929584e-01	4.985443e-01	4.987008e-01	0.000000e+00	1	6.134117e-02
2.994310e-01	9.074797e-01	3.031565e-01	1.955684e-01	7.971026e-01	5.005752e-01	5.009007e-01	5.002689e-01	4.611543e-01	5.096425e-01	4.973369e-01	4.980270e-01	4.710601e-01	5.091453e-01	4.984020e-01	0.000000e+00	1	6.018977e-02
5.783289e-01	8.535821e-02	8.241836e-01	6.072432e-01	9.328811e-02	5.727288e-01	4.651188e-01	4.740806e-01	5.079942e-01	5.012529e-01	5.000889e-01	4.999377e-01	5.038811e-01	5.277719e-01	4.507051e-01	0.000000e+00	1	5.959572e-02
1.783434e-01	4.040353e-02	9.853810e-01	8.831876e-01	1.418315e-01	4.631607e-01	5.053022e-01	4.950816e-01	5.018937e-01	4.997722e-01	4.985660e-01	4.881876e-01	5.253868e-01	4.998501e-01	5.023874e-01	0.000000e+00	1	5.947528e-02
2.059438e-02	8.124627e-01	5.959327e-01	4.027875e-01	9.838664e-01	5.312080e-01	5.022921e-01	5.046683e-01	4.995880e-01	5.040701e-01	4.492503e-01	4.754281e-01	4.702685e-01	4.489373e-01	4.895617e-01	0.000000e+00	1	5.895009e-02
