1.615609e-15	3.396789e-32	1.000040e+00	1.000000e+00	1.338481e-17	4.987276e-01	5.017066e-01	5.025485e-01	5.022615e-01	4.994282e-01	5.040878e-01	5.014302e-01	5.022068e-01	4.999308e-01	4.998127e-01	0.000000e+00	1	1.000000e+14
1.002827e+00	1.742912e-05	4.372161e-17	2.775558e-17	1.106445e-05	4.978971e-01	5.303588e-01	4.972594e-01	5.182884e-01	4.976115e-01	5.059991e-01	5.215638e-01	4.994223e-01	5.324080e-01	4.987079e-01	0.000000e+00	1	1.000000e+14
2.610005e-30	1.615557e-15	1.000008e+00	1.000000e+00	1.000000e+00	5.012134e-01	5.008938e-01	5.002385e-01	4.995208e-01	5.011216e-01	5.000461e-01	5.011119e-01	4.983328e-01	4.998586e-01	4.999774e-01	0.000000e+00	1	1.000000e+14
6.514836e-16	1.505964e-15	1.015658e+00	1.000000e+00	7.400730e-01	5.598518e-01	5.011699e-01	5.011495e-01	5.505644e-01	5.111041e-01	4.452053e-01	5.013418e-01	5.152640e-01	4.299816e-01	5.353967e-01	0.000000e+00	1	1.000000e+14
7.930595e-02	9.968582e-01	4.359870e-17	2.775558e-17	9.494596e-01	5.012134e-01	5.008938e-01	5.002738e-01	4.997202e-01	5.011072e-01	5.001570e-01	5.016421e-01	4.987984e-01	4.998562e-01	5.001292e-01	0.000000e+00	1	1.000000e+14
3.338109e-04	1.000231e+00	4.360843e-17	2.775558e-17	9.997875e-01	4.987068e-01	4.997139e-01	4.996715e-01	5.018937e-01	4.998251e-01	4.985660e-01	5.017920e-01	4.853477e-01	4.998501e-01	5.023874e-01	0.000000e+00	1	1.000000e+14
6.315660e-01	2.958348e-01	7.255872e-01	5.126000e-01	2.788787e-01	5.042556e-01	4.685415e-01	5.028717e-01	5.054993e-01	4.874533e-01	4.407664e-01	4.890280e-01	4.663104e-01	5.196333e-01	5.078517e-01	0.000000e+00	1	1.432790e-01
8.983922e-02	5.321636e-01	8.544375e-01	6.413557e-01	8.935305e-01	4.951146e-01	5.394264e-01	4.916935e-01	5.061378e-01	5.091153e-01	4.617456e-01	5.220065e-01	4.737875e-01	4.278436e-01	5.316331e-01	0.000000e+00	1	1.335292e-01
4.018874e-02	6.444879e-01	7.746575e-01	5.576228e-01	9.603532e-01	4.815503e-01	5.011760e-01	5.021591e-01	5.176178e-01	4.881525e-01	5.094649e-01	4.218325e-01	5.387052e-01	4.994088e-01	5.023391e-01	0.000000e+00	1	1.327799e-01
8.411210e-01	1.193419e-02	6.121226e-01	4.004708e-01	9.032029e-03	5.170832e-01	4.981303e-01	4.999897e-01	5.185852e-01	4.976115e-01	5.056486e-01	4.780947e-01	5.285736e-01	3.044238e-01	5.110433e-01	0.000000e+00	1	1.257966e-01
9.045781e-01	4.308899e-01	1.920635e-02	1.220170e-02	2.830054e-01	5.012134e-01	5.299815e-01	4.960342e-01	5.014027e-01	4.974992e-01	5.173822e-01	5.017397e-01	4.983328e-01	5.301983e-01	4.986814e-01	0.000000e+00	1	1.198193e-01
3.484967e-01	9.390119e-01	7.670133e-02	4.865684e-02	7.737615e-01	5.012134e-01	5.008938e-01	4.630067e-01	5.023769e-01	5.013292e-01	5.560867e-01	5.011119e-01	4.983328e-01	4.998586e-01	4.999774e-01	0.000000e+00	1	1.144992e-01
2.487547e-01	3.281596e-01	9.189075e-01	7.317959e-01	5.870755e-01	5.396010e-01	5.062019e-01	4.719827e-01	5.171748e-01	5.340203e-01	4.848569e-01	5.213793e-01	5.457201e-01	4.857916e-01	4.884894e-01	0.000000e+00	1	1.135639e-01
6.676807e-01	3.127515e-01	6.818873e-01	4.751556e-01	2.788787e-01	5.051391e-01	4.702034e-01	5.117807e-01	5.054993e-01	5.278039e-01	4.965098e-01	4.890280e-01	4.663104e-01	5.057685e-01	4.664686e-01	0.000000e+00	1	1.078472e-01
8.158281e-01	6.393326e-02	6.070169e-01	4.063014e-01	4.978765e-02	6.132063e-01	5.303588e-01	4.946793e-01	5.182884e-01	4.976115e-01	5.059078e-01	4.780947e-01	5.492356e-01	5.429122e-01	4.987079e-01	0.000000e+00	1	1.069462e-01
6.028478e-01	2.465258e-02	8.004440e-01	5.888007e-01	2.601913e-02	4.824679e-01	5.011760e-01	5.023416e-01	5.172999e-01	4.872099e-01	5.094649e-01	4.982873e-01	5.387052e-01	4.994088e-01	5.009954e-01	0.000000e+00	1	1.053570e-01
1.128245e-01	4.837823e-01	8.902891e-01	6.759925e-01	8.541389e-01	5.088729e-01	4.852778e-01	4.948998e-01	5.399453e-01	4.587338e-01	4.491239e-01	5.550887e-01	4.161998e-01	5.567879e-01	5.037369e-01	0.000000e+00	1	1.050645e-01
6.729573e-01	2.568561e-01	7.536631e-01	5.144029e-01	2.321221e-01	5.193193e-01	5.018334e-01	5.510560e-01	4.653014e-01	5.023082e-01	3.500480e-01	3.816520e-01	5.416480e-01	5.098639e-01	5.026312e-01	0.000000e+00	1	9.911769e-02
5.033654e-01	8.403780e-01	2.454918e-01	1.563205e-01	6.564383e-01	5.040094e-01	5.680765e-01	5.053751e-01	5.215001e-01	5.025387e-01	5.116997e-01	4.747258e-01	4.928056e-01	5.625644e-01	4.993936e-01	0.000000e+00	1	9.784794e-02
7.192888e-01	6.756728e-01	2.054504e-01	1.306677e-01	4.801014e-01	5.326438e-01	5.305993e-01	5.229742e-01	4.821094e-01	5.078468e-01	5.314868e-01	5.015089e-01	4.358764e-01	4.979219e-01	5.025487e-01	0.000000e+00	1	9.727054e-02
7.420257e-01	1.835396e-01	6.530131e-01	4.500790e-01	1.543691e-01	5.042556e-01	4.685415e-01	5.003349e-01	5.060104e-01	4.874533e-01	4.405114e-01	4.890280e-01	4.965987e-01	5.196333e-01	5.092506e-01	0.000000e+00	1	9.652009e-02
1.851888e-01	2.443029e-01	9.573518e-01	8.027121e-01	5.870755e-01	5.396010e-01	5.062115e-01	5.260874e-01	5.295445e-01	5.420871e-01	4.969671e-01	5.155799e-01	4.929584e-01	4.985443e-01	4.987008e-01	0.000000e+00	1	9.596621e-02
9.172614e-01	4.084430e-01	1.246723e-01	7.864318e-02	2.666967e-01	4.523826e-01	5.668283e-01	5.046683e-01	5.332818e-01	5.024019e-01	4.492503e-01	4.754281e-01	4.729253e-01	5.032015e-01	5.027882e-01	0.000000e+00	1	9.305785e-02
9.435968e-01	3.011992e-02	3.305672e-01	2.144180e-01	2.031422e-02	4.987276e-01	5.017066e-01	5.025485e-01	5.022615e-01	4.994282e-01	5.040878e-01	5.014302e-01	4.844121e-01	4.996060e-01	4.998127e-01	0.000000e+00	1	9.226806e-02
3.977410e-01	9.183833e-01	4.250027e-02	2.701831e-02	7.398126e-01	5.043331e-01	5.000385e-01	5.002939e-01	5.118365e-01	5.025676e-01	5.283148e-01	4.785429e-01	4.933483e-01	4.879996e-01	5.099294e-01	0.000000e+00	1	9.108850e-02
9.662094e-01	9.141913e-02	2.814283e-01	1.796762e-01	6.005580e-02	4.967103e-01	5.055499e-01	5.045760e-01	5.035759e-01	4.140717e-01	4.461392e-01	5.091010e-01	5.031607e-01	4.934783e-01	5.030780e-01	0.000000e+00	1	8.876189e-02
1.165182e-01	4.996207e-01	8.701783e-01	6.608649e-01	8.541389e-01	4.839778e-01	5.282134e-01	4.918325e-01	5.407373e-01	4.850319e-01	4.617456e-01	5.215217e-01	4.985228e-01	4.278436e-01	5.037369e-01	0.000000e+00	1	8.851093e-02
7.040990e-01	6.192057e-01	3.534351e-01	2.294829e-01	4.592151e-01	5.037963e-01	5.028740e-01	4.987644e-01	5.035522e-01	4.987732e-01	4.928409e-01	5.293709e-01	4.854484e-01	4.880200e-01	4.729055e-01	0.000000e+00	1	8.624575e-02
5.818327e-01	3.989912e-02	8.222167e-01	6.072432e-01	4.358790e-02	5.549639e-01	4.651188e-01	4.964358e-01	4.929407e-01	4.892688e-01	5.000889e-01	4.999377e-01	5.038811e-01	5.344661e-01	4.507051e-01	0.000000e+00	1	8.545306e-02
2.641774e-01	4.410492e-01	8.674905e-01	6.594118e-01	6.564383e-01	4.548695e-01	5.680765e-01	5.053751e-01	5.023093e-01	5.105356e-01	5.116997e-01	4.747258e-01	5.281729e-01	5.023649e-01	4.993936e-01	0.000000e+00	1	8.365642e-02
5.097439e-01	2.292314e-01	8.326343e-01	6.236453e-01	2.690379e-01	5.001469e-01	5.290792e-01	5.000808e-01	4.825051e-01	4.980850e-01	5.000644e-01	5.118181e-01	5.000671e-01	4.993679e-01	4.608407e-01	0.000000e+00	1	8.363506e-02
2.059438e-02	8.124627e-01	5.959327e-01	4.027875e-01	9.838664e-01	5.312080e-01	5.022921e-01	5.046683e-01	4.995880e-01	5.040701e-01	4.492503e-01	4.754281e-01	4.702685e-01	4.489373e-01	4.895617e-01	0.000000e+00	1	8.308993e-02
3.117817e-01	9.349673e-01	2.159151e-01	1.372976e-01	7.950901e-01	4.597297e-01	4.986263e-01	4.647983e-01	5.200491e-01	5.202381e-01	5.144739e-01	4.951920e-01	4.990194e-01	5.710434e-01	4.993555e-01	0.000000e+00	1	8.292346e-02
6.658064e-01	5.855300e-01	4.709353e-01	3.108292e-01	4.592151e-01	5.037963e-01	5.026625e-01	4.987644e-01	5.224856e-01	5.245946e-01	4.876471e-01	5.303969e-01	4.656443e-01	4.877723e-01	4.796519e-01	0.000000e+00	1	8.237617e-02
2.898597e-01	8.784719e-01	3.836934e-01	2.503066e-01	7.971026e-01	5.017912e-01	5.008951e-01	5.002689e-01	5.125657e-01	5.127974e-01	4.973369e-01	5.101466e-01	4.710601e-01	5.085496e-01	4.886611e-01	0.000000e+00	1	8.145080e-02
4.665881e-01	1.057051e-01	8.822765e-01	6.836818e-01	1.418315e-01	4.523923e-01	5.031695e-01	4.950816e-01	5.018937e-01	5.078505e-01	4.985660e-01	4.862058e-01	5.253868e-01	4.998501e-01	4.791301e-01	0.000000e+00	1	8.030297e-02
3.706768e-01	9.058687e-01	2.838206e-01	1.796762e-01	7.527319e-01	4.967103e-01	5.055499e-01	5.050993e-01	5.505644e-01	4.091319e-01	4.452053e-01	5.091010e-01	5.031607e-01	4.371377e-01	5.341492e-01	0.000000e+00	1	7.962425e-02
6.315073e-01	8.277552e-01	3.019061e-01	1.796762e-01	5.851047e-01	4.967103e-01	5.076148e-01	5.050993e-01	7.740367e-01	4.074254e-01	5.099920e-01	5.091010e-01	4.923878e-01	4.944476e-01	4.992539e-01	0.000000e+00	1	7.944785e-02
7.757011e-01	3.513268e-01	5.400568e-01	3.598106e-01	2.707388e-01	5.052860e-01	5.008602e-01	5.004739e-01	4.655248e-01	5.022847e-01	5.032894e-01	4.993062e-01	4.167541e-01	5.045677e-01	4.864972e-01	0.000000e+00	1	7.884099e-02
1.395124e-01	9.016729e-01	4.405203e-01	2.863543e-01	9.022732e-01	5.035058e-01	5.042182e-01	5.011323e-01	5.116358e-01	5.060210e-01	6.033035e-01	4.998396e-01	5.461422e-01	4.869295e-01	5.025487e-01	0.000000e+00	1	7.651914e-02
5.383975e-01	7.017889e-01	6.561171e-01	4.063014e-01	5.833928e-01	6.132063e-01	5.303588e-01	4.952026e-01	7.886761e-01	4.976115e-01	5.049739e-01	4.780947e-01	5.492356e-01	5.356479e-01	4.979999e-01	0.000000e+00	1	7.567200e-02
9.823842e-01	1.336600e-01	1.673978e-01	1.064850e-01	8.608782e-02	4.913957e-01	4.999278e-01	4.644303e-01	5.017052e-01	4.870910e-01	4.417344e-01	5.017920e-01	4.853477e-01	5.177149e-01	5.057015e-01	0.000000e+00	1	7.529469e-02
6.829679e-02	8.584755e-01	5.165092e-01	3.439311e-01	9.494596e-01	5.012134e-01	5.271822e-01	5.012679e-01	4.823785e-01	5.011072e-01	5.033752e-01	5.015042e-01	4.440026e-01	4.998562e-01	5.011234e-01	0.000000e+00	1	7.386807e-02
9.483543e-01	2.148487e-01	2.665708e-01	1.703386e-01	1.418315e-01	5.257575e-01	5.031695e-01	4.950816e-01	5.210846e-01	4.923823e-01	5.522693e-01	4.862058e-01	4.900195e-01	5.600495e-01	4.791301e-01	0.000000e+00	1	7.300733e-02
2.017698e-01	6.169680e-01	7.712358e-01	5.545980e-01	7.987830e-01	4.889887e-01	4.597179e-01	4.987834e-01	5.171279e-01	5.323523e-01	5.606778e-01	4.932653e-01	5.300445e-01	5.035075e-01	4.820357e-01	0.000000e+00	1	7.284413e-02
2.844730e-01	8.530743e-01	4.875920e-01	3.163035e-01	7.950901e-01	4.600534e-01	4.986263e-01	4.609353e-01	6.025322e-01	5.202381e-01	5.144739e-01	4.951920e-01	4.990194e-01	4.964786e-01	5.929954e-01	0.000000e+00	1	7.172212e-02
2.656969e-01	3.505100e-01	9.056891e-01	7.121921e-01	5.870755e-01	5.295932e-01	5.062019e-01	4.911952e-01	5.164944e-01	4.871318e-01	5.606446e-01	4.978232e-01	5.390327e-01	4.857916e-01	4.987008e-01	0.000000e+00	1	7.157751e-02
6.842411e-01	5.771474e-01	4.531852e-01	2.983525e-01	4.460794e-01	4.978971e-01	5.303588e-01	4.986943e-01	5.182884e-01	5.225698e-01	5.059991e-01	5.215638e-01	5.009005e-01	5.324080e-01	4.987079e-01	0.000000e+00	1	7.014543e-02
6.805378e-01	1.659992e-01	7.359144e-01	5.156967e-01	1.523123e-01	5.042556e-01	3.920800e-01	5.003349e-01	5.060373e-01	4.874533e-01	4.405114e-01	4.890280e-01	4.965987e-01	5.196333e-01	5.092506e-01	0.000000e+00	1	6.999198e-02
5.493725e-01	6.034562e-01	5.832078e-01	3.950186e-01	5.298445e-01	5.043331e-01	5.297600e-01	5.007347e-01	4.853853e-01	5.025676e-01	5.116997e-01	4.784050e-01	4.928056e-01	5.338577e-01	5.109236e-01	0.000000e+00	1	6.836306e-02
1.783434e-01	4.040353e-02	9.853810e-01	8.831876e-01	1.418315e-01	4.631607e-01	5.053022e-01	4.950816e-01	5.018937e-01	4.997722e-01	4.985660e-01	4.881876e-01	5.253868e-01	4.998501e-01	5.023874e-01	0.000000e+00	1	6.822779e-02
4.536142e-01	7.381213e-01	5.037537e-01	3.352904e-01	6.491899e-01	5.043331e-01	5.033955e-01	5.011190e-01	4.970983e-01	5.025387e-01	5.116997e-01	4.742010e-01	4.928056e-01	4.879996e-01	4.663653e-01	0.000000e+00	1	6.814493e-02
3.245049e-01	7.888854e-01	5.276567e-01	3.526654e-01	7.515597e-01	5.043331e-01	5.263269e-01	5.001646e-01	4.828903e-01	4.985398e-01	5.328749e-01	4.736794e-01	4.886968e-01	5.008144e-01	5.109236e-01	0.000000e+00	1	6.741945e-02
1.708550e-01	7.510941e-01	6.398959e-01	4.413047e-01	8.576080e-01	5.033180e-01	5.017066e-01	4.877495e-01	5.068841e-01	5.140949e-01	4.830171e-01	5.014302e-01	4.854433e-01	4.974157e-01	5.219124e-01	0.000000e+00	1	6.656285e-02
6.222961e-01	5.654222e-01	6.518790e-01	4.198501e-01	4.695388e-01	5.036664e-01	5.045027e-01	4.997077e-01	4.822856e-01	5.158103e-01	4.978565e-01	5.085208e-01	4.926697e-01	4.972411e-01	7.513409e-01	0.000000e+00	1	6.612377e-02
4.255102e-01	7.103973e-01	5.667665e-01	3.820995e-01	6.564383e-01	5.043331e-01	5.250826e-01	5.017694e-01	5.365960e-01	5.014712e-01	5.119466e-01	5.052826e-01	4.931296e-01	4.879996e-01	4.666311e-01	0.000000e+00	1	6.605030e-02
