2.610005e-30	1.615557e-15	1.000008e+00	1.000000e+00	1.000000e+00	5.012134e-01	5.008938e-01	5.002385e-01	4.995208e-01	5.011216e-01	5.000461e-01	5.011119e-01	4.983328e-01	4.998586e-01	4.999774e-01	0.000000e+00	1	1.000000e+14
1.002827e+00	1.742912e-05	4.372161e-17	2.775558e-17	1.106445e-05	4.978971e-01	5.303588e-01	4.972594e-01	5.182884e-01	4.976115e-01	5.059991e-01	5.215638e-01	4.994223e-01	5.324080e-01	4.987079e-01	0.000000e+00	1	1.000000e+14
7.930595e-02	9.968582e-01	4.359870e-17	2.775558e-17	9.494596e-01	5.012134e-01	5.008938e-01	5.002738e-01	4.997202e-01	5.011072e-01	5.001570e-01	5.016421e-01	4.987984e-01	4.998562e-01	5.001292e-01	0.000000e+00	1	1.000000e+14
3.848274e-16	1.598383e-15	1.017648e+00	1.000000e+00	8.495897e-01	5.555883e-01	4.852739e-01	5.020175e-01	5.510571e-01	4.580645e-01	5.185005e-01	5.622432e-01	4.249539e-01	4.901112e-01	5.050414e-01	0.000000e+00	1	1.000000e+14
1.615609e-15	3.396789e-32	1.000040e+00	1.000000e+00	1.338481e-17	4.987276e-01	5.017066e-01	5.025485e-01	5.022615e-01	4.994282e-01	5.040878e-01	5.014302e-01	5.022068e-01	4.999308e-01	4.998127e-01	0.000000e+00	1	1.000000e+14
1.675729e-04	1.004363e+00	1.401439e-04	8.883086e-05	9.998938e-01	4.502627e-01	5.002229e-01	4.974784e-01	4.866343e-01	5.106258e-01	5.086519e-01	5.027004e-01	5.195234e-01	5.330463e-01	5.059501e-01	0.000000e+00	1	1.000000e+14
1.181814e-01	4.908670e-01	8.822628e-01	6.690973e-01	8.495897e-01	4.423804e-01	4.929406e-01	5.022184e-01	5.005901e-01	4.580645e-01	5.185005e-01	5.622432e-01	4.249539e-01	4.882505e-01	5.373618e-01	0.000000e+00	1	1.614505e-01
1.834058e-01	2.806345e-01	9.468411e-01	7.833589e-01	6.314865e-01	5.042314e-01	4.777053e-01	4.996681e-01	4.752190e-01	5.052249e-01	5.478994e-01	5.158271e-01	4.860401e-01	5.216467e-01	4.912774e-01	0.000000e+00	1	1.595690e-01
4.293114e-02	5.754572e-01	8.208101e-01	6.099058e-01	9.525937e-01	5.055761e-01	4.973623e-01	4.977445e-01	4.843486e-01	5.009242e-01	4.642205e-01	4.747258e-01	5.303177e-01	5.025344e-01	5.149180e-01	0.000000e+00	1	1.419042e-01
3.463239e-01	5.392807e-01	7.720653e-01	5.589242e-01	6.365732e-01	4.759899e-01	5.012525e-01	5.006909e-01	5.176178e-01	4.881525e-01	4.999834e-01	4.934527e-01	5.450126e-01	4.857280e-01	4.892044e-01	0.000000e+00	1	1.233647e-01
8.194626e-01	1.979283e-01	5.622860e-01	3.744742e-01	1.508758e-01	5.029669e-01	4.594101e-01	5.002681e-01	5.060071e-01	4.874533e-01	5.087066e-01	5.753601e-01	4.278428e-01	5.211260e-01	5.091220e-01	0.000000e+00	1	1.226991e-01
9.915787e-01	1.265555e-01	1.116085e-01	7.078588e-02	8.081506e-02	4.965237e-01	5.162901e-01	4.972115e-01	4.887237e-01	4.976115e-01	5.059991e-01	5.215638e-01	5.007563e-01	5.316031e-01	4.374293e-01	0.000000e+00	1	1.169612e-01
2.827482e-01	4.720534e-01	8.441496e-01	6.322428e-01	6.564383e-01	4.489958e-01	5.652015e-01	5.003657e-01	5.023093e-01	4.899002e-01	4.944688e-01	4.747258e-01	5.044756e-01	5.023649e-01	4.993936e-01	0.000000e+00	1	1.159175e-01
3.284791e-01	9.481461e-01	4.784323e-02	3.033075e-02	7.876854e-01	4.975430e-01	5.379729e-01	4.974177e-01	5.082123e-01	4.843455e-01	4.805207e-01	4.970936e-01	4.994410e-01	4.965551e-01	4.509430e-01	0.000000e+00	1	1.139278e-01
9.691167e-01	2.363905e-01	2.344943e-01	1.469845e-01	1.523123e-01	5.040198e-01	4.550917e-01	5.003349e-01	5.203566e-01	4.809465e-01	6.407976e-01	4.756926e-01	4.965987e-01	5.195022e-01	4.667601e-01	0.000000e+00	1	1.106238e-01
7.889592e-01	9.835733e-02	6.467128e-01	4.347239e-01	7.895823e-02	6.389202e-01	5.297600e-01	4.968576e-01	5.222956e-01	5.025676e-01	5.117176e-01	4.753046e-01	4.616800e-01	5.338577e-01	4.714561e-01	0.000000e+00	1	1.091355e-01
7.220433e-01	6.576034e-01	2.237426e-01	1.433745e-01	4.702867e-01	5.043514e-01	4.696528e-01	5.148264e-01	5.098934e-01	4.902368e-01	5.134496e-01	5.194486e-01	4.968607e-01	5.009147e-01	4.995363e-01	0.000000e+00	1	1.006992e-01
6.112450e-01	6.659336e-01	4.549916e-01	2.968704e-01	5.272433e-01	4.463260e-01	5.329227e-01	4.950988e-01	5.486653e-01	5.029683e-01	5.423654e-01	5.162776e-01	4.675436e-01	5.231564e-01	5.443349e-01	0.000000e+00	1	1.000265e-01
2.521309e-01	3.452399e-01	9.087343e-01	7.200647e-01	5.984345e-01	5.039637e-01	5.458980e-01	5.020533e-01	5.004658e-01	4.852893e-01	5.117586e-01	5.215032e-01	5.000671e-01	4.990188e-01	4.635944e-01	0.000000e+00	1	9.968889e-02
6.716166e-01	2.678887e-01	7.003323e-01	4.898305e-01	2.416183e-01	4.969667e-01	5.401371e-01	4.917414e-01	4.678365e-01	4.899969e-01	4.617456e-01	5.220065e-01	4.724535e-01	5.098579e-01	5.316331e-01	0.000000e+00	1	9.606917e-02
4.228670e-01	7.798861e-01	4.985064e-01	3.259156e-01	6.836970e-01	5.537188e-01	4.791259e-01	5.020175e-01	5.510571e-01	4.580645e-01	4.571212e-01	5.622432e-01	4.358443e-01	4.901112e-01	4.989885e-01	0.000000e+00	1	9.427066e-02
5.642319e-01	7.976166e-01	2.368046e-01	1.513824e-01	6.080501e-01	5.040073e-01	5.405530e-01	5.053751e-01	5.172666e-01	5.038326e-01	4.860495e-01	4.747258e-01	5.437172e-01	5.003277e-01	4.765041e-01	0.000000e+00	1	9.168220e-02
4.345561e-01	6.563021e-01	6.228749e-01	4.261718e-01	6.276704e-01	5.386270e-01	5.036911e-01	5.191120e-01	5.198331e-01	5.027175e-01	4.875309e-01	5.262733e-01	5.074826e-01	4.967822e-01	4.758868e-01	0.000000e+00	1	8.964219e-02
6.416555e-01	1.953907e-02	7.762776e-01	5.601167e-01	1.937974e-02	4.972377e-01	5.439678e-01	5.025485e-01	5.006522e-01	5.647647e-01	5.004874e-01	4.938867e-01	5.022068e-01	4.999308e-01	5.338192e-01	0.000000e+00	1	8.957281e-02
5.998398e-01	6.733047e-01	4.577387e-01	2.990329e-01	5.366945e-01	4.463260e-01	5.329227e-01	4.950988e-01	5.486653e-01	5.044952e-01	5.423654e-01	5.016350e-01	4.666807e-01	5.046630e-01	5.443349e-01	0.000000e+00	1	8.815363e-02
7.215736e-01	6.913815e-01	8.460822e-02	5.377070e-02	4.863987e-01	5.048907e-01	4.696528e-01	5.225590e-01	4.744075e-01	4.902368e-01	5.134496e-01	5.227513e-01	4.968607e-01	5.009137e-01	4.995363e-01	0.000000e+00	1	8.813237e-02
9.264595e-01	4.125388e-01	2.290919e-02	1.437840e-02	2.666967e-01	4.189361e-01	5.668283e-01	5.046683e-01	4.829503e-01	5.019769e-01	5.178733e-01	4.754281e-01	4.748921e-01	5.388272e-01	4.988710e-01	0.000000e+00	1	8.709215e-02
1.463719e-02	1.867664e-01	9.826094e-01	8.800648e-01	9.502088e-01	5.143619e-01	5.015661e-01	5.005493e-01	4.995001e-01	5.082584e-01	5.048297e-01	5.016401e-01	5.022349e-01	5.002220e-01	4.998127e-01	0.000000e+00	1	8.655970e-02
6.698945e-01	9.151702e-02	7.420238e-01	5.295651e-01	8.643614e-02	5.027240e-01	5.017843e-01	5.040452e-01	5.032046e-01	4.993938e-01	4.620801e-01	4.897698e-01	5.022068e-01	5.476580e-01	5.016894e-01	0.000000e+00	1	8.553441e-02
1.530081e-02	9.912015e-01	1.750232e-01	1.112523e-01	9.901735e-01	5.223275e-01	5.034669e-01	5.000344e-01	4.625680e-01	4.870121e-01	4.755921e-01	4.568394e-01	5.010122e-01	4.998716e-01	4.540466e-01	0.000000e+00	1	8.239277e-02
7.418289e-02	7.583644e-01	6.587380e-01	4.538170e-01	9.379236e-01	5.622790e-01	5.133582e-01	5.020533e-01	5.046997e-01	5.012134e-01	4.998087e-01	5.077895e-01	4.996272e-01	5.421935e-01	4.635944e-01	0.000000e+00	1	7.969769e-02
2.199326e-01	9.629802e-01	1.743975e-01	1.112523e-01	8.570557e-01	4.975391e-01	5.002976e-01	5.000344e-01	5.003585e-01	4.870121e-01	4.755921e-01	5.006001e-01	4.994223e-01	4.998716e-01	4.522324e-01	0.000000e+00	1	7.913009e-02
3.971606e-01	5.614392e-01	7.332532e-01	5.203955e-01	6.080501e-01	5.042661e-01	5.405530e-01	5.053751e-01	5.062299e-01	5.038326e-01	4.702735e-01	5.218279e-01	5.437172e-01	5.003277e-01	5.165775e-01	0.000000e+00	1	7.824735e-02
2.461311e-01	2.234315e-01	9.454517e-01	7.847605e-01	4.692484e-01	4.987276e-01	5.463797e-01	5.020388e-01	5.024802e-01	4.994282e-01	5.040878e-01	5.014302e-01	5.022068e-01	4.989247e-01	4.998127e-01	0.000000e+00	1	7.763674e-02
1.032745e-02	3.635006e-01	9.327152e-01	7.633352e-01	9.819178e-01	5.005752e-01	4.968232e-01	5.002963e-01	4.802948e-01	5.096425e-01	4.964756e-01	4.971495e-01	4.781934e-01	4.992869e-01	5.104659e-01	0.000000e+00	1	7.731038e-02
7.905121e-01	3.157849e-01	5.398656e-01	3.598106e-01	2.419463e-01	5.137731e-01	5.008602e-01	4.991594e-01	4.708614e-01	5.022847e-01	5.032894e-01	4.985521e-01	4.167541e-01	5.045677e-01	4.990120e-01	0.000000e+00	1	7.705433e-02
2.666915e-01	8.912004e-01	4.024582e-01	2.599445e-01	8.148911e-01	5.353643e-01	4.977159e-01	5.002662e-01	5.280645e-01	5.940782e-01	5.005645e-01	4.793101e-01	4.548369e-01	5.064051e-01	4.868832e-01	0.000000e+00	1	7.699714e-02
8.517870e-01	1.102524e-02	5.282622e-01	3.533806e-01	8.239729e-03	4.785106e-01	5.062115e-01	5.260874e-01	5.295445e-01	5.025274e-01	4.969671e-01	5.153679e-01	4.929584e-01	4.985443e-01	4.987008e-01	0.000000e+00	1	7.677098e-02
9.300972e-01	1.159526e-01	4.135242e-01	2.645166e-01	7.895823e-02	6.379815e-01	5.297600e-01	4.968576e-01	5.222956e-01	5.063035e-01	5.117815e-01	4.793805e-01	4.616800e-01	5.338577e-01	4.714561e-01	0.000000e+00	1	7.647906e-02
6.903351e-01	6.287250e-01	3.632870e-01	2.362165e-01	4.702867e-01	5.043514e-01	4.744230e-01	4.984735e-01	5.098934e-01	4.902368e-01	5.145477e-01	5.174044e-01	4.969544e-01	5.215662e-01	5.076272e-01	0.000000e+00	1	7.634530e-02
7.066741e-01	6.343651e-01	3.293006e-01	2.124975e-01	4.657066e-01	4.839456e-01	5.063280e-01	4.724211e-01	5.188349e-01	4.958480e-01	5.490118e-01	5.271845e-01	4.884326e-01	4.839602e-01	4.878562e-01	0.000000e+00	1	7.532563e-02
8.643043e-01	5.063056e-01	1.499711e-01	9.461147e-02	3.373509e-01	5.386270e-01	5.480189e-01	5.080848e-01	5.671007e-01	5.027175e-01	4.808506e-01	5.588150e-01	5.074826e-01	4.967874e-01	4.758868e-01	0.000000e+00	1	7.396085e-02
5.332446e-01	8.303456e-01	2.048086e-01	1.302764e-01	6.365732e-01	4.744790e-01	5.011760e-01	5.060098e-01	4.826095e-01	5.050537e-01	5.088904e-01	5.203457e-01	5.450126e-01	4.872616e-01	4.355323e-01	0.000000e+00	1	7.392244e-02
2.822139e-01	3.864322e-01	8.854974e-01	6.845968e-01	5.984345e-01	4.970287e-01	5.676381e-01	5.020533e-01	5.004658e-01	4.980850e-01	5.117586e-01	5.215032e-01	5.000671e-01	4.990188e-01	4.635944e-01	0.000000e+00	1	7.344228e-02
4.456061e-01	6.922553e-01	5.758280e-01	3.885590e-01	6.358949e-01	5.386270e-01	5.036911e-01	4.943365e-01	5.198331e-01	5.027175e-01	4.901075e-01	5.262733e-01	4.632139e-01	4.971953e-01	4.758868e-01	0.000000e+00	1	7.149699e-02
9.236239e-01	3.721577e-01	1.111798e-01	7.078588e-02	2.438454e-01	4.965237e-01	5.145540e-01	4.974201e-01	4.887237e-01	4.992598e-01	4.928130e-01	5.215638e-01	5.007563e-01	5.328832e-01	5.036024e-01	0.000000e+00	1	7.046792e-02
3.010642e-01	9.124294e-01	2.945774e-01	1.893896e-01	7.971026e-01	5.005505e-01	5.341492e-01	5.002689e-01	4.611543e-01	5.083080e-01	4.973369e-01	5.200649e-01	4.710601e-01	5.310618e-01	4.984020e-01	0.000000e+00	1	6.951576e-02
3.123789e-01	8.735217e-01	3.815778e-01	2.484247e-01	7.813612e-01	5.017912e-01	5.007016e-01	5.002689e-01	5.169075e-01	5.415928e-01	5.039619e-01	5.221090e-01	4.805872e-01	5.085496e-01	4.884987e-01	0.000000e+00	1	6.837224e-02
5.748278e-01	8.125953e-01	1.401566e-01	8.905704e-02	6.080501e-01	5.040756e-01	5.457539e-01	4.962275e-01	5.172666e-01	4.978476e-01	4.868823e-01	4.747258e-01	5.437172e-01	5.003277e-01	4.946673e-01	0.000000e+00	1	6.801970e-02
4.906959e-01	6.165244e-01	6.235348e-01	4.261718e-01	5.720387e-01	5.386270e-01	5.005218e-01	5.191120e-01	5.369298e-01	5.027175e-01	4.875309e-01	5.269629e-01	5.058927e-01	4.967822e-01	4.740726e-01	0.000000e+00	1	6.801038e-02
6.628579e-02	4.803294e-01	8.997921e-01	6.853398e-01	9.126975e-01	5.037486e-01	4.979344e-01	5.003349e-01	5.203566e-01	4.809465e-01	6.407976e-01	4.974228e-01	4.965987e-01	5.195022e-01	4.667601e-01	0.000000e+00	1	6.786485e-02
3.928213e-01	7.259055e-01	5.731179e-01	3.863888e-01	6.842235e-01	5.040223e-01	5.202134e-01	4.950988e-01	5.074080e-01	5.045123e-01	5.184777e-01	4.684939e-01	4.666807e-01	5.062755e-01	4.571466e-01	0.000000e+00	1	6.759130e-02
7.934489e-01	3.755118e-02	6.288029e-01	4.262821e-01	3.010654e-02	5.443118e-01	5.018348e-01	5.005145e-01	5.206808e-01	4.538531e-01	4.564961e-01	4.799565e-01	4.354245e-01	5.458795e-01	5.016507e-01	0.000000e+00	1	6.742052e-02
9.321459e-01	2.981875e-01	2.291445e-01	1.464185e-01	1.971015e-01	5.008464e-01	4.539805e-01	5.002963e-01	4.802948e-01	5.096425e-01	4.696011e-01	4.754193e-01	4.781934e-01	5.208076e-01	5.104659e-01	0.000000e+00	1	6.500565e-02
9.052960e-01	4.418002e-01	5.557931e-02	3.508924e-02	2.890353e-01	4.964242e-01	4.852739e-01	5.379436e-01	5.510571e-01	4.851346e-01	5.186287e-01	5.622432e-01	4.933076e-01	4.905673e-01	5.052030e-01	0.000000e+00	1	6.453089e-02
6.544348e-01	3.053833e-01	7.195201e-01	4.988255e-01	2.779499e-01	4.473107e-01	5.724840e-01	4.916935e-01	5.054611e-01	4.907301e-01	4.496699e-01	5.831604e-01	4.737066e-01	5.090530e-01	5.316331e-01	0.000000e+00	1	6.392143e-02
