4.682706e-16	1.552359e-15	1.003654e+00	1.000000e+00	8.134890e-01	5.012134e-01	5.008938e-01	5.002385e-01	5.450197e-01	5.402491e-01	5.000909e-01	5.011119e-01	4.983328e-01	4.998586e-01	4.988575e-01	0.000000e+00	1	1.000000e+14
5.974960e-02	1.021963e+00	4.463198e-17	2.775558e-17	9.628220e-01	5.012134e-01	4.882542e-01	5.002738e-01	5.298355e-01	4.944697e-01	5.001570e-01	3.496787e-01	4.980884e-01	4.931163e-01	5.001292e-01	0.000000e+00	1	1.000000e+14
7.930595e-02	9.968582e-01	4.359870e-17	2.775558e-17	9.494596e-01	5.012134e-01	5.008938e-01	5.002738e-01	4.997202e-01	5.011072e-01	5.001570e-01	5.016421e-01	4.987984e-01	4.998562e-01	5.001292e-01	0.000000e+00	1	1.000000e+14
2.610005e-30	1.615557e-15	1.000008e+00	1.000000e+00	1.000000e+00	5.012134e-01	5.008938e-01	5.002385e-01	4.995208e-01	5.011216e-01	5.000461e-01	5.011119e-01	4.983328e-01	4.998586e-01	4.999774e-01	0.000000e+00	1	1.000000e+14
1.615609e-15	3.396789e-32	1.000040e+00	1.000000e+00	1.338481e-17	4.987276e-01	5.017066e-01	5.025485e-01	5.022615e-01	4.994282e-01	5.040878e-01	5.014302e-01	5.022068e-01	4.999308e-01	4.998127e-01	0.000000e+00	1	1.000000e+14
1.001744e+00	1.741029e-05	4.367438e-17	2.775558e-17	1.106445e-05	5.100180e-01	5.303588e-01	4.983787e-01	5.197424e-01	5.062748e-01	5.059991e-01	5.045612e-01	4.994223e-01	5.152508e-01	4.996302e-01	0.000000e+00	1	1.000000e+14
6.765728e-01	1.354850e-01	7.383344e-01	5.215325e-01	1.258201e-01	5.886175e-01	4.907878e-01	5.006755e-01	5.318499e-01	5.016932e-01	5.035575e-01	5.376407e-01	4.879389e-01	4.940311e-01	4.995260e-01	0.000000e+00	1	1.387137e-01
6.078739e-01	7.573239e-01	2.675826e-01	1.711690e-01	5.694152e-01	4.643857e-01	4.869732e-01	5.196916e-01	5.473862e-01	5.289506e-01	5.403833e-01	5.018760e-01	4.747197e-01	4.899638e-01	5.038825e-01	0.000000e+00	1	1.370151e-01
1.000004e+00	6.701723e-02	2.214598e-02	1.406467e-02	4.260064e-02	5.100180e-01	5.303588e-01	4.999011e-01	5.197424e-01	5.115706e-01	5.263056e-01	5.045612e-01	4.994223e-01	5.152508e-01	5.003239e-01	0.000000e+00	1	1.260830e-01
8.789355e-01	3.520077e-01	3.317258e-01	2.145402e-01	2.425085e-01	5.010821e-01	5.154932e-01	5.002689e-01	5.135873e-01	5.415928e-01	5.039845e-01	5.219174e-01	4.805872e-01	5.085496e-01	4.884987e-01	0.000000e+00	1	1.166010e-01
1.363477e-01	1.059231e-01	9.863534e-01	8.896802e-01	4.204688e-01	5.051079e-01	5.018784e-01	4.933380e-01	5.104119e-01	4.820769e-01	4.977827e-01	5.185813e-01	4.786133e-01	5.061913e-01	4.988740e-01	0.000000e+00	1	1.160972e-01
4.569403e-01	3.910457e-01	8.175274e-01	5.962164e-01	4.506293e-01	4.841155e-01	4.971729e-01	4.712129e-01	5.194708e-01	6.060861e-01	4.635165e-01	5.214567e-01	4.988802e-01	4.839602e-01	4.878562e-01	0.000000e+00	1	1.099126e-01
5.749240e-01	4.898342e-01	6.626680e-01	4.584712e-01	4.492326e-01	4.953809e-01	4.875273e-01	5.216807e-01	5.298729e-01	4.939511e-01	4.886622e-01	5.299854e-01	5.118531e-01	4.839602e-01	5.422983e-01	0.000000e+00	1	1.086945e-01
2.466063e-02	7.677144e-01	6.416768e-01	4.430585e-01	9.795574e-01	4.997776e-01	5.005865e-01	4.974784e-01	4.866343e-01	5.104132e-01	4.996041e-01	4.978573e-01	5.133584e-01	4.803116e-01	4.974923e-01	0.000000e+00	1	1.086670e-01
6.497551e-01	8.163709e-01	2.296099e-01	1.378987e-01	5.720387e-01	4.986290e-01	5.005218e-01	4.689960e-01	6.316026e-01	6.500372e-01	4.610212e-01	6.361570e-01	5.058927e-01	4.855268e-01	4.148518e-01	0.000000e+00	1	1.063261e-01
2.963112e-01	8.285907e-01	4.965459e-01	3.270527e-01	7.813612e-01	5.724783e-01	5.007016e-01	5.002689e-01	5.472889e-01	5.415928e-01	5.039619e-01	5.219019e-01	4.805872e-01	5.085496e-01	4.844763e-01	0.000000e+00	1	1.033722e-01
4.331715e-01	2.511236e-01	8.754801e-01	6.692680e-01	3.344696e-01	4.285072e-01	4.971729e-01	4.712129e-01	5.194708e-01	4.747651e-01	4.635165e-01	5.089435e-01	4.988802e-01	4.952155e-01	4.878562e-01	0.000000e+00	1	9.799053e-02
3.268090e-01	1.709964e-01	9.380062e-01	7.614926e-01	3.068881e-01	4.423804e-01	4.938156e-01	4.732377e-01	4.998031e-01	4.580645e-01	5.059042e-01	4.890193e-01	4.770858e-01	4.947721e-01	5.371136e-01	0.000000e+00	1	9.650653e-02
7.380511e-01	6.707617e-01	1.276535e-01	8.104469e-02	4.696161e-01	5.050113e-01	4.907935e-01	4.409451e-01	5.094658e-01	5.036000e-01	4.977827e-01	5.399330e-01	4.883587e-01	5.003067e-01	4.957464e-01	0.000000e+00	1	9.246617e-02
7.483370e-01	5.942010e-01	3.114595e-01	2.005912e-01	4.272287e-01	5.498322e-01	5.021879e-01	4.724211e-01	5.262854e-01	4.999961e-01	5.048966e-01	4.867412e-01	4.984554e-01	4.839602e-01	5.251673e-01	0.000000e+00	1	9.007756e-02
8.220682e-01	2.287209e-01	5.383846e-01	3.583316e-01	1.727551e-01	4.966526e-01	5.003948e-01	4.316980e-01	5.094287e-01	5.018013e-01	5.184888e-01	5.581312e-01	4.806914e-01	4.909987e-01	4.997026e-01	0.000000e+00	1	8.997979e-02
1.998349e-01	1.816156e-01	9.635881e-01	8.260570e-01	4.696161e-01	5.050113e-01	4.907935e-01	4.990537e-01	5.100096e-01	5.036000e-01	4.977827e-01	5.185813e-01	4.883587e-01	5.003067e-01	4.996052e-01	0.000000e+00	1	8.988827e-02
3.123761e-01	8.735137e-01	3.815744e-01	2.484247e-01	7.813612e-01	5.017912e-01	5.007016e-01	5.002689e-01	5.169075e-01	5.415928e-01	5.039619e-01	5.219019e-01	4.805872e-01	5.085496e-01	4.884987e-01	0.000000e+00	1	8.931739e-02
7.054735e-01	7.011873e-01	1.955548e-01	1.235856e-01	4.980602e-01	5.019834e-01	4.630537e-01	5.448973e-01	5.186731e-01	4.998355e-01	5.055519e-01	5.422779e-01	4.875835e-01	4.831316e-01	4.121661e-01	0.000000e+00	1	8.797556e-02
4.958843e-01	7.879483e-01	4.494993e-01	2.863537e-01	6.424035e-01	4.546342e-01	5.145961e-01	4.995187e-01	5.206975e-01	6.172011e-01	5.281429e-01	6.132771e-01	4.973574e-01	4.438886e-01	4.751141e-01	0.000000e+00	1	8.653921e-02
2.819784e-01	5.793971e-01	7.762352e-01	5.589242e-01	7.116549e-01	4.759899e-01	5.104179e-01	4.993220e-01	5.176178e-01	4.206978e-01	5.188552e-01	4.934527e-01	4.699551e-01	4.841349e-01	4.993707e-01	0.000000e+00	1	8.647247e-02
1.280217e-01	4.521586e-01	8.959412e-01	6.924711e-01	8.243484e-01	4.423804e-01	4.938156e-01	4.732377e-01	4.998031e-01	4.580645e-01	5.177522e-01	5.622432e-01	4.832079e-01	5.022232e-01	5.373618e-01	0.000000e+00	1	8.517103e-02
9.060586e-02	3.832333e-01	9.491890e-01	7.496386e-01	8.522012e-01	4.976438e-01	5.001328e-01	5.018681e-01	5.469433e-01	4.580645e-01	5.184918e-01	6.178063e-01	5.043973e-01	5.150304e-01	4.040847e-01	0.000000e+00	1	8.509138e-02
4.128352e-01	8.482760e-01	3.919867e-01	2.507009e-01	7.116549e-01	4.759899e-01	5.104179e-01	5.003376e-01	6.242402e-01	4.316850e-01	5.039713e-01	4.934527e-01	4.808182e-01	4.841349e-01	4.885936e-01	0.000000e+00	1	8.465211e-02
1.716698e-01	7.200175e-01	6.847325e-01	4.752313e-01	8.509962e-01	4.945712e-01	4.611413e-01	5.004843e-01	5.025866e-01	5.493207e-01	5.072623e-01	5.470499e-01	4.783228e-01	5.062755e-01	4.601534e-01	0.000000e+00	1	8.435766e-02
3.899138e-01	9.247464e-01	1.441659e-01	9.082936e-02	7.459730e-01	4.958755e-01	4.573735e-01	4.565369e-01	5.021414e-01	5.585911e-01	5.715287e-01	5.393652e-01	5.012346e-01	5.062755e-01	4.952809e-01	0.000000e+00	1	8.395226e-02
5.483048e-01	3.916563e-02	8.446213e-01	6.326984e-01	4.539690e-02	5.043514e-01	4.962731e-01	4.992340e-01	5.166469e-01	5.378407e-01	5.133872e-01	5.295879e-01	4.930471e-01	4.984571e-01	4.299941e-01	0.000000e+00	1	8.350500e-02
8.261186e-01	3.625345e-01	4.560719e-01	2.979774e-01	2.632647e-01	5.493303e-01	4.943111e-01	5.016580e-01	5.124681e-01	5.038864e-01	5.146109e-01	4.766422e-01	4.788732e-01	4.493820e-01	5.669799e-01	0.000000e+00	1	8.331532e-02
1.551095e-01	9.935021e-01	4.377025e-02	2.769407e-02	9.014043e-01	4.959545e-01	5.355004e-01	5.000344e-01	4.782429e-01	5.176961e-01	5.395006e-01	5.164676e-01	4.664586e-01	4.807458e-01	4.668464e-01	0.000000e+00	1	8.321570e-02
5.158075e-01	3.317216e-01	7.951834e-01	5.817735e-01	3.638392e-01	4.852340e-01	4.971729e-01	4.712129e-01	5.194708e-01	5.163013e-01	4.635165e-01	5.215178e-01	5.167776e-01	4.839602e-01	4.871390e-01	0.000000e+00	1	8.288023e-02
7.630892e-01	5.100678e-01	4.255513e-01	2.763773e-01	3.751084e-01	5.019834e-01	4.630537e-01	4.942499e-01	5.186731e-01	4.991749e-01	5.130551e-01	5.422779e-01	5.028662e-01	4.831704e-01	4.121661e-01	0.000000e+00	1	8.274299e-02
7.437140e-01	3.183524e-01	6.253235e-01	4.189223e-01	2.574857e-01	5.658731e-01	4.941877e-01	4.956662e-01	5.102891e-01	5.026798e-01	5.146109e-01	5.415203e-01	3.789645e-01	5.054590e-01	4.629936e-01	0.000000e+00	1	8.119261e-02
4.908175e-01	6.624857e-01	5.766799e-01	3.885590e-01	5.940697e-01	5.386270e-01	5.069064e-01	4.937621e-01	4.997650e-01	5.027175e-01	5.037052e-01	4.488087e-01	4.632139e-01	5.006184e-01	4.758868e-01	0.000000e+00	1	8.017231e-02
5.052244e-02	1.662098e-01	9.924198e-01	8.896802e-01	8.121379e-01	4.340815e-01	4.958566e-01	4.796560e-01	4.997284e-01	5.034927e-01	4.997230e-01	5.257764e-01	4.957177e-01	4.985263e-01	4.548792e-01	0.000000e+00	1	7.899782e-02
8.376238e-01	2.330488e-01	5.028400e-01	3.338102e-01	1.727551e-01	4.966526e-01	4.944583e-01	5.016580e-01	5.127684e-01	5.018013e-01	5.184888e-01	5.581312e-01	4.809449e-01	4.909987e-01	4.990120e-01	0.000000e+00	1	7.853361e-02
5.368758e-01	2.995582e-01	7.971623e-01	5.817735e-01	3.240002e-01	4.852340e-01	4.970964e-01	4.681668e-01	5.193131e-01	5.163013e-01	4.395620e-01	5.215178e-01	5.167776e-01	4.839602e-01	4.872054e-01	0.000000e+00	1	7.815671e-02
2.139094e-01	9.047672e-01	3.947464e-01	2.556181e-01	8.522012e-01	4.746719e-01	4.929406e-01	5.290835e-01	5.193653e-01	5.366679e-01	5.165749e-01	5.765516e-01	4.832079e-01	5.150304e-01	4.880448e-01	0.000000e+00	1	7.643017e-02
7.205394e-01	2.004729e-01	6.749370e-01	4.673794e-01	1.727551e-01	4.490388e-01	4.891570e-01	5.179448e-01	5.094287e-01	5.018013e-01	5.184888e-01	5.581312e-01	4.816372e-01	4.845556e-01	4.997026e-01	0.000000e+00	1	7.581589e-02
7.340714e-01	1.701587e-01	6.970684e-01	4.752313e-01	1.450083e-01	5.017744e-01	4.848113e-01	4.990785e-01	5.444196e-01	6.150388e-01	5.187272e-01	5.075193e-01	5.952445e-01	4.999957e-01	4.601534e-01	0.000000e+00	1	7.536592e-02
1.155652e-01	4.888031e-01	8.776939e-01	6.690973e-01	8.522012e-01	4.423804e-01	4.929406e-01	5.018681e-01	4.998031e-01	4.580645e-01	5.184918e-01	5.622432e-01	4.832079e-01	5.150304e-01	5.373618e-01	0.000000e+00	1	7.402552e-02
8.960838e-01	2.765435e-01	3.648638e-01	2.362165e-01	1.905659e-01	5.003615e-01	4.535222e-01	4.984735e-01	4.813954e-01	5.083764e-01	4.466147e-01	5.174044e-01	4.969544e-01	5.215662e-01	5.076272e-01	0.000000e+00	1	7.328705e-02
7.847578e-01	6.395996e-01	6.167016e-02	3.873212e-02	4.353444e-01	5.288562e-01	4.878487e-01	5.225371e-01	5.298729e-01	4.939511e-01	4.886622e-01	5.299854e-01	5.977681e-01	5.355314e-01	4.997800e-01	0.000000e+00	1	7.261201e-02
3.531713e-01	9.360037e-01	8.688507e-02	5.515134e-02	7.703066e-01	4.979114e-01	5.310679e-01	5.227852e-01	5.325301e-01	4.995818e-01	4.626323e-01	4.934105e-01	5.054788e-01	5.007288e-01	4.871623e-01	0.000000e+00	1	7.175668e-02
1.738076e-01	9.785966e-01	1.813849e-01	1.149159e-01	8.880975e-01	4.959545e-01	5.355004e-01	4.985121e-01	5.513580e-01	4.596771e-01	5.395006e-01	5.164676e-01	4.574847e-01	4.998716e-01	4.661527e-01	0.000000e+00	1	7.153755e-02
2.320602e-01	9.815389e-01	5.047052e-03	3.185635e-03	8.522012e-01	4.746719e-01	4.929406e-01	5.288748e-01	5.193653e-01	5.047390e-01	5.162974e-01	5.765516e-01	4.854552e-01	5.144249e-01	4.880448e-01	0.000000e+00	1	6.838942e-02
2.593590e-01	5.213502e-03	9.702790e-01	8.336848e-01	1.279528e-02	4.966526e-01	4.912416e-01	5.021325e-01	5.098579e-01	5.018013e-01	5.184888e-01	5.581312e-01	4.809449e-01	4.909987e-01	4.995323e-01	0.000000e+00	1	6.825438e-02
6.972586e-01	4.554490e-01	5.819973e-01	3.882958e-01	3.683617e-01	5.461328e-01	4.848152e-01	4.316980e-01	5.085797e-01	5.018013e-01	5.184888e-01	5.907696e-01	4.835456e-01	4.909987e-01	4.998350e-01	0.000000e+00	1	6.632412e-02
3.647133e-01	2.943840e-01	8.935865e-01	6.924711e-01	4.323252e-01	5.134068e-01	5.018909e-01	4.940220e-01	5.104867e-01	4.580645e-01	5.177522e-01	5.622432e-01	4.832079e-01	5.022232e-01	4.501754e-01	0.000000e+00	1	6.605550e-02
9.050135e-01	4.332941e-01	4.918452e-03	3.120577e-03	2.842638e-01	4.746719e-01	4.929406e-01	4.985608e-01	5.193653e-01	5.050035e-01	5.163065e-01	5.154699e-01	4.854552e-01	5.144249e-01	4.627900e-01	0.000000e+00	1	6.566848e-02
6.591669e-01	3.398028e-02	7.636405e-01	5.462439e-01	3.278895e-02	5.043514e-01	4.962731e-01	5.230115e-01	5.173457e-01	5.509895e-01	5.086596e-01	5.295879e-01	5.063724e-01	4.984571e-01	4.299941e-01	0.000000e+00	1	6.451274e-02
4.692105e-01	1.630987e-02	8.951041e-01	6.924711e-01	2.212015e-02	4.423804e-01	4.938156e-01	4.732377e-01	4.998031e-01	4.580645e-01	5.177522e-01	5.564443e-01	4.985764e-01	4.947174e-01	5.373618e-01	0.000000e+00	1	6.431283e-02
