1.615602e-15	3.396774e-32	1.000036e+00	1.000000e+00	1.338481e-17	4.987276e-01	5.017066e-01	5.025485e-01	5.022615e-01	4.994282e-01	5.040878e-01	5.014302e-01	5.006999e-01	4.999308e-01	4.998127e-01	0.000000e+00	1	1.000000e+14
3.747281e-03	1.007256e+00	4.391502e-17	2.775558e-17	9.976316e-01	5.033044e-01	4.898345e-01	4.792252e-01	5.652932e-01	5.168296e-01	4.905307e-01	4.589141e-01	4.980959e-01	4.939773e-01	4.812020e-01	0.000000e+00	1	1.000000e+14
1.028955e+00	5.671317e-02	1.448333e-02	8.946743e-03	3.505326e-02	4.952453e-01	4.751387e-01	6.216019e-01	5.025866e-01	5.493207e-01	5.076203e-01	5.735297e-01	4.232784e-01	4.807071e-01	4.679287e-01	0.000000e+00	1	1.000000e+14
2.610003e-30	1.615556e-15	1.000007e+00	1.000000e+00	1.000000e+00	5.008190e-01	5.008938e-01	5.002385e-01	4.995208e-01	5.011216e-01	5.000461e-01	5.011119e-01	4.983328e-01	4.998586e-01	4.999774e-01	0.000000e+00	1	1.000000e+14
1.372002e-15	9.252266e-16	1.024312e+00	1.000000e+00	3.777140e-01	5.726147e-01	5.016487e-01	5.685946e-01	4.007350e-01	4.709144e-01	4.952628e-01	5.003618e-01	4.765569e-01	5.449160e-01	5.322736e-01	0.000000e+00	1	1.000000e+14
7.930595e-02	9.968582e-01	4.359870e-17	2.775558e-17	9.494596e-01	5.012134e-01	5.008938e-01	5.002738e-01	4.997202e-01	5.011072e-01	5.001570e-01	5.016421e-01	4.987984e-01	4.998562e-01	5.001292e-01	0.000000e+00	1	1.000000e+14
4.586657e-01	2.409835e-01	8.647844e-01	6.563653e-01	3.079721e-01	4.850397e-01	5.756943e-01	4.988545e-01	4.866343e-01	5.310790e-01	4.990165e-01	4.979451e-01	4.752655e-01	4.803116e-01	4.964243e-01	0.000000e+00	1	1.398433e-01
3.509554e-01	7.293926e-01	6.107103e-01	4.114912e-01	7.144994e-01	5.252545e-01	4.886680e-01	5.291472e-01	5.301265e-01	5.325686e-01	4.944995e-01	5.782609e-01	4.957767e-01	4.502432e-01	5.417704e-01	0.000000e+00	1	1.270046e-01
8.216309e-01	5.369207e-01	2.203699e-01	1.406031e-01	3.684875e-01	5.252545e-01	5.010061e-01	4.859808e-01	5.308612e-01	4.690372e-01	4.966756e-01	5.126636e-01	5.045632e-01	4.597765e-01	5.372521e-01	0.000000e+00	1	1.204788e-01
6.157106e-01	4.767141e-02	7.869261e-01	5.764040e-01	4.919217e-02	5.012134e-01	4.908090e-01	5.002738e-01	4.997202e-01	5.011072e-01	5.001570e-01	4.919893e-01	4.885300e-01	4.945896e-01	5.001067e-01	0.000000e+00	1	1.147741e-01
7.654920e-01	4.372695e-01	4.777005e-01	3.161320e-01	3.304018e-01	4.993682e-01	5.262593e-01	4.998934e-01	5.322644e-01	4.931594e-01	5.123468e-01	5.052348e-01	4.813883e-01	5.019290e-01	5.194654e-01	0.000000e+00	1	1.116147e-01
8.850452e-01	4.607982e-01	1.441740e-01	9.135257e-02	3.055968e-01	4.850397e-01	5.400144e-01	4.988545e-01	4.908158e-01	5.220615e-01	4.996041e-01	4.979451e-01	4.748322e-01	4.581356e-01	4.417603e-01	0.000000e+00	1	1.098497e-01
9.373427e-01	3.056185e-01	3.009884e-01	1.886326e-01	2.006493e-01	5.260199e-01	4.535222e-01	4.997887e-01	5.284039e-01	5.083764e-01	5.008190e-01	4.553235e-01	6.472329e-01	5.217023e-01	5.544921e-01	0.000000e+00	1	1.083874e-01
5.060554e-01	1.984066e-01	8.453850e-01	6.362230e-01	2.378712e-01	5.252545e-01	4.985297e-01	4.846465e-01	5.219060e-01	4.779870e-01	4.966756e-01	5.126636e-01	4.756329e-01	4.680048e-01	5.377459e-01	0.000000e+00	1	1.076621e-01
9.004263e-02	2.224252e-01	9.779163e-01	8.468138e-01	7.551201e-01	5.251958e-01	4.416087e-01	4.944954e-01	5.080912e-01	5.317594e-01	4.955268e-01	4.742409e-01	4.767581e-01	4.877352e-01	5.200886e-01	0.000000e+00	1	9.994179e-02
8.720707e-01	4.865409e-01	5.881757e-02	3.745314e-02	3.239753e-01	5.012134e-01	5.008938e-01	5.002738e-01	5.183531e-01	5.009767e-01	5.001570e-01	5.016421e-01	4.987984e-01	4.998562e-01	5.001292e-01	0.000000e+00	1	9.959785e-02
6.686347e-01	5.991621e-01	4.547711e-01	2.984854e-01	4.651494e-01	5.575198e-01	5.011012e-01	4.940508e-01	5.060727e-01	5.389637e-01	4.844019e-01	5.121762e-01	5.264232e-01	5.049403e-01	5.201800e-01	0.000000e+00	1	9.587950e-02
9.730052e-01	2.758739e-01	3.087582e-01	1.886326e-01	1.758834e-01	4.979461e-01	4.535222e-01	5.658388e-01	5.349151e-01	5.047727e-01	5.261430e-01	4.087050e-01	7.008190e-01	5.175826e-01	5.065031e-01	0.000000e+00	1	9.575333e-02
3.801424e-01	7.122571e-01	6.045248e-01	4.091657e-01	6.878943e-01	5.281366e-01	5.008329e-01	5.652184e-01	4.959353e-01	5.011073e-01	5.001570e-01	5.117517e-01	4.915371e-01	4.928354e-01	4.427924e-01	0.000000e+00	1	9.553348e-02
7.493519e-01	4.270869e-01	5.099555e-01	3.399266e-01	3.297847e-01	5.157249e-01	5.291453e-01	4.998934e-01	5.162926e-01	4.931594e-01	5.123468e-01	5.014758e-01	5.021879e-01	4.999225e-01	5.205588e-01	0.000000e+00	1	9.538350e-02
5.961734e-01	7.438909e-01	3.461107e-01	2.217119e-01	5.698935e-01	5.234181e-01	5.004801e-01	5.016606e-01	5.482515e-01	5.042402e-01	4.961717e-01	5.355648e-01	4.010828e-01	5.065103e-01	4.862280e-01	0.000000e+00	1	9.360746e-02
2.532711e-01	7.179483e-01	6.643591e-01	4.567732e-01	7.840962e-01	5.019484e-01	5.018909e-01	5.331633e-01	5.288489e-01	4.925301e-01	5.176589e-01	4.898279e-01	4.974789e-01	4.829376e-01	4.121246e-01	0.000000e+00	1	9.262113e-02
8.061603e-01	5.555308e-01	2.628543e-01	1.669838e-01	3.841223e-01	4.634103e-01	4.350285e-01	4.850601e-01	5.811317e-01	5.317594e-01	4.949843e-01	5.102478e-01	5.046977e-01	4.879177e-01	4.941588e-01	0.000000e+00	1	9.260863e-02
3.227604e-01	6.702190e-01	6.801441e-01	4.715225e-01	7.142858e-01	5.252545e-01	4.998514e-01	4.391869e-01	5.301659e-01	5.289018e-01	4.964532e-01	5.126636e-01	4.983962e-01	4.825151e-01	5.372521e-01	0.000000e+00	1	9.200970e-02
1.083003e-01	1.849474e-01	9.835966e-01	8.634170e-01	6.627544e-01	4.854351e-01	4.376999e-01	4.945293e-01	4.858077e-01	4.741727e-01	4.890565e-01	4.952999e-01	4.705031e-01	5.030869e-01	5.257454e-01	0.000000e+00	1	9.139999e-02
2.033264e-01	8.887168e-01	4.209342e-01	2.753709e-01	8.568143e-01	4.950244e-01	5.051548e-01	4.837600e-01	5.232729e-01	4.463950e-01	5.137010e-01	5.153727e-01	4.984135e-01	4.998879e-01	4.973582e-01	0.000000e+00	1	9.122698e-02
4.316771e-01	9.086768e-01	2.258688e-01	1.406031e-01	7.176602e-01	5.804569e-01	4.985900e-01	4.801300e-01	5.353379e-01	3.816058e-01	5.804157e-01	5.129156e-01	5.093816e-01	4.538416e-01	5.075860e-01	0.000000e+00	1	9.100494e-02
1.232353e-01	4.113173e-01	9.262270e-01	7.236491e-01	8.146800e-01	5.469011e-01	5.014761e-01	4.942636e-01	5.160539e-01	5.369945e-01	4.879090e-01	5.150756e-01	5.026187e-01	4.192117e-01	3.992737e-01	0.000000e+00	1	9.084069e-02
1.464942e-01	4.000150e-01	9.189232e-01	7.236491e-01	7.765130e-01	4.966916e-01	4.969522e-01	4.944996e-01	5.160539e-01	5.369945e-01	5.479450e-01	5.150756e-01	5.026187e-01	4.541201e-01	4.190752e-01	0.000000e+00	1	9.056876e-02
3.390917e-02	9.194507e-01	4.150526e-01	2.697830e-01	9.765322e-01	4.942199e-01	5.071667e-01	4.490544e-01	5.239410e-01	5.389009e-01	4.868076e-01	5.651042e-01	5.095614e-01	4.994249e-01	4.905567e-01	0.000000e+00	1	8.853147e-02
1.664711e-01	4.793236e-01	8.853606e-01	6.686950e-01	7.871963e-01	5.131567e-01	4.978894e-01	4.764492e-01	4.587167e-01	5.307796e-01	4.832760e-01	6.198710e-01	4.758583e-01	4.644152e-01	4.760707e-01	0.000000e+00	1	8.788784e-02
3.360675e-01	9.526516e-01	1.495526e-02	9.424076e-03	7.840962e-01	5.019484e-01	5.018909e-01	5.331633e-01	5.288489e-01	4.948952e-01	5.136640e-01	4.885868e-01	4.974789e-01	4.829376e-01	4.121246e-01	0.000000e+00	1	8.779547e-02
1.743743e-01	3.370142e-01	9.477012e-01	7.575461e-01	6.960282e-01	5.313829e-01	4.798782e-01	4.944954e-01	5.062883e-01	5.317594e-01	5.154724e-01	3.688835e-01	4.767581e-01	4.989687e-01	5.200886e-01	0.000000e+00	1	8.687508e-02
6.656350e-01	5.975593e-01	4.893104e-01	3.186593e-01	4.657246e-01	4.917459e-01	5.120733e-01	4.544733e-01	5.357301e-01	5.359918e-01	5.123468e-01	5.040521e-01	5.054788e-01	4.983655e-01	6.205558e-01	0.000000e+00	1	8.628121e-02
9.299937e-01	3.675174e-01	7.609098e-02	4.834889e-02	2.395897e-01	5.024846e-01	5.019985e-01	4.711351e-01	5.156915e-01	4.768485e-01	5.036443e-01	5.217904e-01	4.761500e-01	5.050737e-01	4.873010e-01	0.000000e+00	1	8.592420e-02
3.029403e-01	9.274112e-01	2.611156e-01	1.664809e-01	7.990032e-01	5.272495e-01	4.898958e-01	5.309435e-01	5.678581e-01	4.949043e-01	5.002242e-01	5.037094e-01	4.863100e-01	4.613548e-01	5.429613e-01	0.000000e+00	1	8.448655e-02
2.588295e-01	5.486004e-01	8.142161e-01	5.923755e-01	7.193564e-01	5.307530e-01	4.866412e-01	5.006913e-01	5.301265e-01	5.315824e-01	4.944995e-01	5.782609e-01	4.550746e-01	4.502432e-01	5.406836e-01	0.000000e+00	1	8.341996e-02
4.134870e-01	9.163041e-01	1.179298e-01	7.434247e-02	7.301386e-01	4.957026e-01	4.515038e-01	5.150949e-01	5.363183e-01	4.720276e-01	5.468163e-01	5.151649e-01	4.295314e-01	5.062755e-01	5.067328e-01	0.000000e+00	1	8.279328e-02
8.139676e-01	5.798865e-01	1.727249e-01	1.089493e-01	3.940758e-01	5.252545e-01	4.886680e-01	5.314533e-01	5.308218e-01	4.695700e-01	4.947219e-01	5.892774e-01	4.767333e-01	4.825151e-01	5.417704e-01	0.000000e+00	1	8.150585e-02
7.261546e-01	3.887439e-01	5.790793e-01	3.901027e-01	3.129132e-01	4.938813e-01	5.071776e-01	4.711351e-01	5.156915e-01	4.768485e-01	5.032165e-01	5.635726e-01	4.698190e-01	5.050737e-01	4.873010e-01	0.000000e+00	1	8.111197e-02
8.563898e-01	1.421064e-01	5.501011e-01	3.595754e-01	1.046846e-01	4.939381e-01	4.611413e-01	6.216019e-01	5.025866e-01	5.493207e-01	5.075689e-01	5.426609e-01	4.285152e-01	4.807071e-01	4.601534e-01	0.000000e+00	1	8.010028e-02
2.916256e-01	8.912379e-01	3.726471e-01	2.408041e-01	7.986797e-01	4.976778e-01	4.955652e-01	5.595800e-01	4.813954e-01	4.371521e-01	5.054434e-01	5.000312e-01	4.746365e-01	5.215662e-01	5.076272e-01	0.000000e+00	1	7.846141e-02
9.007620e-01	2.636539e-01	3.651630e-01	2.362165e-01	1.812756e-01	5.004186e-01	4.535222e-01	4.985155e-01	4.813954e-01	5.083764e-01	4.450499e-01	5.174044e-01	4.742097e-01	5.215662e-01	5.076272e-01	0.000000e+00	1	7.748378e-02
2.331183e-01	6.842031e-01	7.161514e-01	4.970470e-01	7.909472e-01	5.131567e-01	4.993685e-01	4.764492e-01	4.932476e-01	5.307796e-01	4.832760e-01	6.198710e-01	4.786646e-01	5.111475e-01	4.760707e-01	0.000000e+00	1	7.691661e-02
6.302607e-02	9.606675e-01	3.116184e-01	1.992865e-01	9.582933e-01	4.634103e-01	4.397007e-01	5.593361e-01	5.298656e-01	5.317594e-01	4.951803e-01	4.719072e-01	4.767581e-01	4.887627e-01	4.941588e-01	0.000000e+00	1	7.538523e-02
3.090908e-01	7.649703e-01	5.906118e-01	3.955198e-01	7.555393e-01	4.367436e-01	4.281838e-01	5.287297e-01	5.078830e-01	5.033527e-01	5.205808e-01	5.103563e-01	4.377639e-01	4.859040e-01	5.011934e-01	0.000000e+00	1	7.094148e-02
2.727621e-01	7.833583e-01	5.695773e-01	3.830655e-01	7.866899e-01	4.979728e-01	4.965055e-01	5.592813e-01	5.302496e-01	5.028360e-01	5.062965e-01	5.003618e-01	4.654939e-01	4.769700e-01	5.001306e-01	0.000000e+00	1	7.075026e-02
1.523150e-01	3.469816e-01	9.464205e-01	7.575461e-01	7.366655e-01	5.251958e-01	4.439631e-01	4.942595e-01	5.094882e-01	5.317594e-01	5.154724e-01	3.826240e-01	4.767581e-01	4.989629e-01	5.002870e-01	0.000000e+00	1	7.066270e-02
9.967827e-01	2.634330e-01	4.566012e-02	2.817555e-02	1.644872e-01	4.943755e-01	4.751387e-01	6.216019e-01	5.025866e-01	5.493207e-01	5.076203e-01	5.726037e-01	4.139177e-01	4.807071e-01	4.679287e-01	0.000000e+00	1	7.058943e-02
1.769060e-02	1.003454e+00	1.164071e-01	7.351202e-02	9.887777e-01	5.006190e-01	4.515038e-01	4.994003e-01	5.335200e-01	4.720276e-01	4.679486e-01	5.003502e-01	4.295314e-01	5.062755e-01	5.068542e-01	0.000000e+00	1	6.993587e-02
5.687397e-01	8.187410e-01	2.238245e-01	1.406031e-01	6.134907e-01	5.252545e-01	5.010061e-01	3.746904e-01	5.308612e-01	4.690372e-01	4.968716e-01	5.126636e-01	4.831023e-01	4.597765e-01	5.372521e-01	0.000000e+00	1	6.966572e-02
2.897817e-01	9.671925e-01	8.191032e-02	5.153342e-02	8.146800e-01	5.469011e-01	5.082069e-01	4.915642e-01	5.160539e-01	4.951334e-01	4.886242e-01	5.150756e-01	5.026187e-01	4.987290e-01	3.999855e-01	0.000000e+00	1	6.890568e-02
1.819689e-01	6.073502e-01	7.810969e-01	5.659267e-01	8.146800e-01	5.469011e-01	5.082069e-01	4.915642e-01	5.160539e-01	4.927684e-01	4.856810e-01	5.163168e-01	5.026187e-01	4.987290e-01	4.461156e-01	0.000000e+00	1	6.717143e-02
8.066604e-02	9.788210e-01	2.027582e-01	1.296065e-01	9.476535e-01	5.032102e-01	5.011644e-01	4.944954e-01	5.308888e-01	5.317594e-01	4.951803e-01	4.978144e-01	4.767581e-01	4.871775e-01	4.893786e-01	0.000000e+00	1	6.646283e-02
5.529207e-01	4.506459e-01	7.106123e-01	4.987964e-01	4.353444e-01	5.252493e-01	4.575334e-01	4.838427e-01	5.382657e-01	5.090837e-01	5.051579e-01	4.837643e-01	4.986708e-01	5.306407e-01	5.371917e-01	0.000000e+00	1	6.484578e-02
9.401932e-01	1.150274e-01	3.325882e-01	2.149725e-01	7.750174e-02	4.949947e-01	5.051548e-01	4.837600e-01	5.232729e-01	5.513329e-01	5.137010e-01	5.144177e-01	4.984135e-01	4.998879e-01	4.973582e-01	0.000000e+00	1	6.171480e-02
