1.003822e+00	2.960840e-02	3.291601e-02	2.085865e-02	1.877208e-02	4.960677e-01	5.071667e-01	4.990893e-01	5.465611e-01	4.940070e-01	5.482813e-01	4.917540e-01	5.014529e-01	5.056401e-01	4.903262e-01	0.000000e+00	1	1.000000e+14
1.615600e-15	3.396770e-32	1.000034e+00	1.000000e+00	1.338481e-17	4.987276e-01	5.017066e-01	5.025485e-01	4.993573e-01	4.994790e-01	5.040878e-01	5.011568e-01	4.978722e-01	4.999308e-01	4.998127e-01	0.000000e+00	1	1.000000e+14
7.930595e-02	9.968582e-01	4.359870e-17	2.775558e-17	9.494596e-01	5.012134e-01	5.008938e-01	5.002738e-01	4.997202e-01	5.011072e-01	5.001570e-01	5.016421e-01	4.987984e-01	4.998562e-01	5.001292e-01	0.000000e+00	1	1.000000e+14
2.610003e-30	1.615556e-15	1.000007e+00	1.000000e+00	1.000000e+00	5.008190e-01	5.008938e-01	5.002385e-01	4.995208e-01	5.011216e-01	5.000461e-01	5.011119e-01	4.983328e-01	4.998586e-01	4.999774e-01	0.000000e+00	1	1.000000e+14
5.425494e-16	1.546018e-15	1.014180e+00	1.000000e+00	7.851369e-01	5.057950e-01	4.345907e-01	5.445642e-01	4.871281e-01	5.326076e-01	5.156347e-01	5.569371e-01	4.769459e-01	5.464202e-01	5.219321e-01	0.000000e+00	1	1.000000e+14
7.953818e-04	1.001298e+00	4.365495e-17	2.775558e-17	9.994943e-01	4.955813e-01	4.898345e-01	4.999724e-01	4.981656e-01	5.325731e-01	4.928482e-01	5.019053e-01	4.969514e-01	4.939773e-01	5.032276e-01	0.000000e+00	1	1.000000e+14
2.920359e-02	9.657709e-01	2.834731e-01	1.816772e-01	9.807554e-01	4.960677e-01	5.071667e-01	4.955349e-01	5.482925e-01	4.955529e-01	5.632387e-01	4.811223e-01	5.042940e-01	5.056401e-01	4.903471e-01	0.000000e+00	1	1.838337e-01
4.664491e-01	6.036351e-01	6.562853e-01	4.522822e-01	5.811726e-01	5.003510e-01	4.893196e-01	4.981715e-01	4.547225e-01	5.413962e-01	5.446185e-01	5.013063e-01	4.972994e-01	4.938842e-01	5.197958e-01	0.000000e+00	1	1.487694e-01
5.887913e-01	7.422616e-01	3.439773e-01	2.217119e-01	5.730795e-01	5.234181e-01	5.405241e-01	5.332596e-01	5.109452e-01	5.080383e-01	4.948199e-01	5.047096e-01	4.335875e-01	4.988481e-01	5.004138e-01	0.000000e+00	1	1.115104e-01
2.071271e-01	6.245559e-01	7.638683e-01	5.473108e-01	7.961385e-01	5.094129e-01	4.993685e-01	5.009729e-01	4.932476e-01	5.307796e-01	5.818364e-01	5.114215e-01	4.941058e-01	4.855338e-01	5.067113e-01	0.000000e+00	1	1.092405e-01
1.527243e-01	9.838451e-01	1.520942e-01	9.650526e-02	9.019587e-01	5.242139e-01	5.059597e-01	5.247159e-01	5.412986e-01	4.408696e-01	5.001836e-01	4.987005e-01	4.821149e-01	4.794514e-01	5.001292e-01	0.000000e+00	1	1.092139e-01
9.795660e-01	6.123805e-02	2.203629e-01	1.406031e-01	3.974687e-02	4.834397e-01	5.010061e-01	4.832738e-01	5.046293e-01	4.785365e-01	4.397986e-01	4.999571e-01	5.045632e-01	5.050839e-01	5.347025e-01	0.000000e+00	1	1.053590e-01
3.365847e-01	2.691469e-01	9.157393e-01	7.199721e-01	4.294140e-01	5.187989e-01	4.047790e-01	4.816361e-01	5.000614e-01	4.797228e-01	5.136546e-01	5.156416e-01	4.925954e-01	4.988113e-01	5.377459e-01	0.000000e+00	1	1.052821e-01
7.108566e-01	4.667908e-01	5.513692e-01	3.661933e-01	3.699032e-01	5.389506e-01	5.007145e-01	5.307226e-01	5.160178e-01	4.909821e-01	5.978520e-01	4.863145e-01	5.293922e-01	4.904647e-01	5.011948e-01	0.000000e+00	1	1.001455e-01
6.126372e-01	4.277114e-01	6.919057e-01	4.755646e-01	3.880082e-01	4.951189e-01	4.309294e-01	4.786308e-01	5.028897e-01	5.441564e-01	4.117428e-01	5.103329e-01	4.977801e-01	4.822355e-01	4.461156e-01	0.000000e+00	1	9.874504e-02
8.983750e-02	2.219185e-01	9.756885e-01	8.468138e-01	7.551201e-01	5.080971e-01	4.965043e-01	4.935446e-01	5.080912e-01	5.329260e-01	4.748278e-01	4.699132e-01	4.767581e-01	4.864379e-01	5.331744e-01	0.000000e+00	1	9.642326e-02
3.779853e-01	3.022525e-01	8.925200e-01	6.836784e-01	4.294140e-01	5.594894e-01	4.047790e-01	4.816361e-01	5.000487e-01	4.797228e-01	5.136546e-01	5.156416e-01	4.946923e-01	4.925619e-01	5.377459e-01	0.000000e+00	1	9.468633e-02
6.976845e-01	2.026630e-01	6.945655e-01	4.856860e-01	1.799722e-01	4.965892e-01	4.977068e-01	5.016703e-01	4.978949e-01	4.435200e-01	5.143135e-01	5.156360e-01	5.048894e-01	4.917754e-01	5.368848e-01	0.000000e+00	1	9.365942e-02
5.684260e-01	8.182894e-01	1.472396e-01	9.340338e-02	6.134907e-01	5.252545e-01	5.010061e-01	5.257148e-01	5.323372e-01	4.661857e-01	4.968716e-01	5.126636e-01	4.831023e-01	4.592420e-01	5.395076e-01	0.000000e+00	1	9.208451e-02
9.971756e-03	3.315952e-01	9.475391e-01	7.856025e-01	9.808613e-01	4.883585e-01	5.013918e-01	4.944439e-01	4.871777e-01	5.506199e-01	5.016214e-01	4.945340e-01	5.011357e-01	4.809476e-01	5.253555e-01	0.000000e+00	1	9.199341e-02
4.793628e-01	1.910177e-01	8.604284e-01	6.560873e-01	2.414046e-01	5.257991e-01	4.985297e-01	4.831755e-01	5.000487e-01	4.797228e-01	5.136546e-01	5.156416e-01	4.946923e-01	4.925619e-01	5.377459e-01	0.000000e+00	1	9.041341e-02
1.111562e-01	9.879417e-01	1.083237e-01	6.909246e-02	9.286720e-01	4.991396e-01	5.017066e-01	5.025485e-01	4.978735e-01	4.983636e-01	4.940023e-01	5.011633e-01	4.978722e-01	4.999308e-01	4.998127e-01	0.000000e+00	1	8.844831e-02
8.522677e-01	5.209723e-01	5.883359e-02	3.745314e-02	3.492946e-01	5.002214e-01	5.008938e-01	5.002738e-01	5.183531e-01	5.028635e-01	5.086338e-01	4.860442e-01	4.987984e-01	4.998582e-01	5.001292e-01	0.000000e+00	1	8.825176e-02
6.530023e-01	7.621552e-01	4.925243e-03	3.124111e-03	5.490062e-01	5.022540e-01	5.015318e-01	5.012726e-01	4.907588e-01	5.259272e-01	4.990797e-01	4.847290e-01	4.997858e-01	4.721585e-01	5.433106e-01	0.000000e+00	1	8.765625e-02
2.650530e-01	6.507535e-01	7.338609e-01	5.138244e-01	7.537650e-01	4.975958e-01	4.955652e-01	5.595800e-01	4.813954e-01	4.371521e-01	5.054434e-01	5.010014e-01	4.114047e-01	5.143245e-01	5.076272e-01	0.000000e+00	1	8.699840e-02
8.158022e-01	5.568201e-01	1.922275e-01	1.223682e-01	3.812802e-01	4.794604e-01	5.010061e-01	4.838806e-01	5.046293e-01	4.785365e-01	4.397986e-01	4.999571e-01	5.045632e-01	5.050839e-01	5.375688e-01	0.000000e+00	1	8.401780e-02
9.327393e-01	2.909053e-01	2.664308e-01	1.694785e-01	1.924645e-01	4.960677e-01	5.071667e-01	4.764232e-01	5.482925e-01	4.955529e-01	5.632387e-01	5.360527e-01	5.042940e-01	4.845297e-01	5.647659e-01	0.000000e+00	1	8.399826e-02
6.326333e-01	7.893847e-01	1.717440e-02	1.080705e-02	5.698935e-01	5.018201e-01	4.975188e-01	5.016606e-01	5.130986e-01	5.442634e-01	5.189283e-01	5.833723e-01	4.522977e-01	5.052070e-01	4.998891e-01	0.000000e+00	1	8.227755e-02
9.228780e-01	1.034574e-01	3.925849e-01	2.546213e-01	7.107027e-02	4.949947e-01	5.051548e-01	4.911762e-01	5.296528e-01	4.961348e-01	5.224988e-01	5.169825e-01	4.987084e-01	4.306159e-01	5.399634e-01	0.000000e+00	1	8.195550e-02
4.311705e-01	9.060611e-01	1.168363e-01	7.379440e-02	7.172384e-01	4.959266e-01	4.515038e-01	5.003690e-01	4.980495e-01	4.708246e-01	5.452010e-01	5.607378e-01	5.033065e-01	5.062755e-01	5.345622e-01	0.000000e+00	1	8.165128e-02
6.440447e-01	6.110091e-01	5.145282e-01	3.343957e-01	4.832467e-01	5.141878e-01	5.052269e-01	4.878666e-01	5.176360e-01	5.008783e-01	5.440333e-01	5.109358e-01	6.520474e-01	5.117683e-01	4.905648e-01	0.000000e+00	1	8.103577e-02
6.178098e-01	6.124608e-03	8.086633e-01	5.846579e-01	6.310872e-03	5.022504e-01	5.018071e-01	5.002618e-01	5.157227e-01	6.008316e-01	5.451032e-01	4.728194e-01	5.029637e-01	5.635602e-01	4.792440e-01	0.000000e+00	1	7.693125e-02
6.044822e-01	7.620425e-01	2.573658e-01	1.646723e-01	5.730795e-01	5.234181e-01	5.405241e-01	5.052051e-01	5.010183e-01	5.080383e-01	4.948199e-01	5.047096e-01	4.381976e-01	4.988481e-01	5.004138e-01	0.000000e+00	1	7.629218e-02
9.952843e-01	8.820162e-02	7.454807e-02	4.740965e-02	5.626994e-02	4.949947e-01	4.875221e-01	4.911762e-01	5.298070e-01	4.961348e-01	5.224988e-01	5.169825e-01	4.978147e-01	5.006933e-01	5.003581e-01	0.000000e+00	1	7.615624e-02
8.211195e-01	1.890427e-01	5.463003e-01	3.661933e-01	1.440560e-01	5.388404e-01	5.054613e-01	5.307226e-01	5.160178e-01	5.024777e-01	5.208618e-01	5.108720e-01	5.293922e-01	4.939424e-01	5.011948e-01	0.000000e+00	1	7.507143e-02
6.127554e-01	1.339592e-01	7.839142e-01	5.703990e-01	1.370206e-01	4.880463e-01	4.985752e-01	5.287297e-01	5.151507e-01	5.024777e-01	5.428750e-01	5.028119e-01	4.981887e-01	4.819079e-01	4.759740e-01	0.000000e+00	1	7.407184e-02
7.139014e-01	6.975308e-01	1.888295e-01	1.190345e-01	4.926165e-01	5.056613e-01	4.484312e-01	6.047935e-01	5.092797e-01	5.020369e-01	4.953352e-01	5.012607e-01	4.987901e-01	5.449160e-01	4.999442e-01	0.000000e+00	1	7.396847e-02
5.401285e-01	6.810255e-01	5.037774e-01	3.343957e-01	5.731300e-01	5.142980e-01	5.004801e-01	4.878666e-01	5.176360e-01	4.893827e-01	5.510512e-01	4.863783e-01	5.304480e-01	5.082906e-01	4.905648e-01	0.000000e+00	1	7.356092e-02
7.045405e-01	4.070146e-01	6.043665e-01	4.067127e-01	3.335014e-01	5.252545e-01	4.951448e-01	5.291472e-01	5.152922e-01	5.335644e-01	4.869524e-01	5.782609e-01	4.957767e-01	4.487390e-01	5.417704e-01	0.000000e+00	1	7.233660e-02
6.509166e-01	5.110765e-01	5.728603e-01	3.854596e-01	4.237527e-01	5.530689e-01	5.016520e-01	4.942121e-01	5.062129e-01	5.395144e-01	4.844019e-01	4.670396e-01	5.264232e-01	5.028125e-01	4.954391e-01	0.000000e+00	1	7.161340e-02
8.661787e-01	3.432262e-01	3.796473e-01	2.463307e-01	2.401790e-01	4.997653e-01	4.955652e-01	5.595800e-01	4.813954e-01	5.032365e-01	5.054434e-01	4.849513e-01	4.628733e-01	5.215662e-01	5.075313e-01	0.000000e+00	1	7.000144e-02
2.771879e-01	8.434268e-01	4.845833e-01	3.180734e-01	7.978573e-01	5.061806e-01	4.411787e-01	4.877083e-01	5.097159e-01	4.800399e-01	5.095538e-01	5.154135e-01	4.643004e-01	4.313009e-01	5.313217e-01	0.000000e+00	1	6.866523e-02
9.830852e-01	6.068630e-02	2.211438e-01	1.406031e-01	3.924903e-02	5.068184e-01	5.010061e-01	4.832738e-01	5.032027e-01	4.765889e-01	5.596916e-01	4.999571e-01	5.045632e-01	5.616705e-01	5.347025e-01	0.000000e+00	1	6.852529e-02
3.509554e-01	7.293926e-01	6.107103e-01	4.114912e-01	7.144994e-01	5.252545e-01	4.886680e-01	5.291472e-01	5.301265e-01	5.325686e-01	4.944995e-01	5.782609e-01	4.957767e-01	4.502432e-01	5.417704e-01	0.000000e+00	1	6.754989e-02
7.408401e-01	2.463261e-01	6.333041e-01	4.338704e-01	2.043527e-01	5.251601e-01	5.002946e-01	5.654968e-01	4.959629e-01	4.974949e-01	5.149232e-01	5.079639e-01	4.944230e-01	4.989687e-01	5.044234e-01	0.000000e+00	1	6.710307e-02
8.534817e-01	2.949751e-01	4.525455e-01	2.957516e-01	2.118429e-01	5.074063e-01	5.071667e-01	5.407895e-01	4.662926e-01	5.360592e-01	5.021387e-01	5.360527e-01	5.039171e-01	4.813482e-01	5.647659e-01	0.000000e+00	1	6.603935e-02
7.979565e-01	1.837100e-01	5.861558e-01	3.955198e-01	1.440560e-01	4.880463e-01	4.281838e-01	5.287297e-01	4.994527e-01	5.024777e-01	5.208618e-01	5.103563e-01	4.981887e-01	4.819079e-01	5.011948e-01	0.000000e+00	1	6.561050e-02
5.639924e-01	8.297806e-01	1.930255e-01	1.210005e-01	6.199611e-01	5.022504e-01	5.729140e-01	5.002618e-01	5.157227e-01	5.945655e-01	5.395735e-01	4.714439e-01	4.890025e-01	5.667587e-01	4.846732e-01	0.000000e+00	1	6.522848e-02
9.003269e-01	2.264930e-02	4.424870e-01	2.907303e-01	1.601191e-02	4.954178e-01	4.899166e-01	5.286462e-01	4.980498e-01	5.318970e-01	4.996821e-01	5.109956e-01	5.271272e-01	4.751124e-01	5.012122e-01	0.000000e+00	1	6.517231e-02
3.145940e-01	1.662686e-01	9.429718e-01	7.702894e-01	3.095251e-01	4.911420e-01	5.002946e-01	5.654968e-01	4.959629e-01	5.513634e-01	5.149232e-01	5.079639e-01	5.004309e-01	4.989687e-01	5.237468e-01	0.000000e+00	1	6.475957e-02
3.792150e-01	9.333891e-01	9.811040e-02	6.180033e-02	7.543244e-01	5.283555e-01	5.005401e-01	5.027516e-01	4.939748e-01	5.304413e-01	5.060736e-01	5.656894e-01	5.055213e-01	5.046686e-01	4.221006e-01	0.000000e+00	1	6.336657e-02
2.282710e-01	8.571969e-01	4.849103e-01	3.184765e-01	8.343137e-01	5.061806e-01	4.397010e-01	4.883655e-01	5.097159e-01	4.803261e-01	5.091443e-01	4.993355e-01	4.570310e-01	4.313009e-01	5.038940e-01	0.000000e+00	1	6.260075e-02
5.203994e-01	1.511653e-01	8.428191e-01	6.362230e-01	1.799722e-01	4.972902e-01	4.999804e-01	5.018418e-01	4.978925e-01	5.044363e-01	5.143135e-01	5.156360e-01	5.048894e-01	4.917754e-01	5.377812e-01	0.000000e+00	1	6.228930e-02
7.914412e-01	5.349838e-01	3.616867e-01	2.304146e-01	3.784131e-01	5.454208e-01	4.913253e-01	4.767991e-01	5.143705e-01	6.296950e-01	5.096564e-01	4.597299e-01	5.039120e-01	4.986611e-01	4.940336e-01	0.000000e+00	1	6.191768e-02
5.881348e-01	3.550802e-01	7.425750e-01	5.247310e-01	3.457893e-01	5.485049e-01	5.025743e-01	4.759896e-01	4.982829e-01	5.053155e-01	4.117428e-01	5.017908e-01	5.286568e-01	4.928719e-01	5.013200e-01	0.000000e+00	1	6.164612e-02
2.181670e-01	6.665200e-01	7.242998e-01	5.102621e-01	7.986174e-01	5.094129e-01	4.993194e-01	5.009729e-01	5.082541e-01	5.307796e-01	5.818364e-01	5.114215e-01	4.941058e-01	4.865304e-01	5.067113e-01	0.000000e+00	1	6.083796e-02
